

================================================================
== Vitis HLS Report for 'dma_out_Pipeline_VITIS_LOOP_90_1'
================================================================
* Date:           Tue Mar  3 21:26:51 2026

* Version:        2023.2 (Build 4023990 on Oct 11 2023)
* Project:        hls_project
* Solution:       solution1 (Vivado IP Flow Target)
* Product family: zynquplus
* Target device:  xck26-sfvc784-2LV-c


================================================================
== Performance Estimates
================================================================
+ Timing: 
    * Summary: 
    +--------+----------+----------+------------+
    |  Clock |  Target  | Estimated| Uncertainty|
    +--------+----------+----------+------------+
    |ap_clk  |  10.00 ns|  7.300 ns|     2.70 ns|
    +--------+----------+----------+------------+

+ Latency: 
    * Summary: 
    +---------+---------+-----------+-----------+-----+------+---------+
    |  Latency (cycles) |   Latency (absolute)  |  Interval  | Pipeline|
    |   min   |   max   |    min    |    max    | min |  max |   Type  |
    +---------+---------+-----------+-----------+-----+------+---------+
    |        2|     8195|  20.000 ns|  81.950 us|    2|  8195|       no|
    +---------+---------+-----------+-----------+-----+------+---------+

    + Detail: 
        * Instance: 
        N/A

        * Loop: 
        +-------------------+---------+---------+----------+-----------+-----------+----------+----------+
        |                   |  Latency (cycles) | Iteration|  Initiation Interval  |   Trip   |          |
        |     Loop Name     |   min   |   max   |  Latency |  achieved |   target  |   Count  | Pipelined|
        +-------------------+---------+---------+----------+-----------+-----------+----------+----------+
        |- VITIS_LOOP_90_1  |        0|     8193|         3|          1|          1|  0 ~ 8192|       yes|
        +-------------------+---------+---------+----------+-----------+-----------+----------+----------+

============================================================
+ Verbose Summary: Synthesis Manager
============================================================
InlineROM: 1
ExposeGlobal: 0
============================================================
+ Verbose Summary: CDFG Model
============================================================
IsTopModel: 0
ResetActiveHigh: 1
IsCombinational: 0
IsDatapathOnly: 0
HasWiredReturn: 1
HasMFsm: 2
HasVarLatency: 1
IsPipeline: 0
IsRtlPipelined: 0
IsInstanceOverlapped: 0
IsDontTouch: 0
HasImplIP: 0
IsGatedGlobalClock: 0

+ Individual pipeline summary: 
  * Pipeline-0: initiation interval (II) = 1, depth = 3


============================================================
+ Verbose Summary: Schedule
============================================================
* Number of FSM states : 3
* Pipeline : 1
  Pipeline-0 : II = 1, D = 3, States = { 1 2 3 }
* Dataflow Pipeline: 0

* FSM state transitions: 
1 --> 2 
2 --> 3 
3 --> 

* FSM state operations: 

State 1 <SV = 0> <Delay = 1.85>
ST_1 : Operation 6 [1/1] (0.00ns)   --->   "%i = alloca i32 1"   --->   Operation 6 'alloca' 'i' <Predicate = true> <Delay = 0.00>
ST_1 : Operation 7 [1/1] (0.00ns)   --->   "%sext_ln90_read = read i61 @_ssdm_op_Read.ap_auto.i61, i61 %sext_ln90"   --->   Operation 7 'read' 'sext_ln90_read' <Predicate = true> <Delay = 0.00>
ST_1 : Operation 8 [1/1] (0.00ns)   --->   "%tmp_read = read i31 @_ssdm_op_Read.ap_auto.i31, i31 %tmp"   --->   Operation 8 'read' 'tmp_read' <Predicate = true> <Delay = 0.00>
ST_1 : Operation 9 [1/1] (0.00ns)   --->   "%sext_ln90_cast = sext i61 %sext_ln90_read"   --->   Operation 9 'sext' 'sext_ln90_cast' <Predicate = true> <Delay = 0.00>
ST_1 : Operation 10 [1/1] (0.00ns)   --->   "%specinterface_ln0 = specinterface void @_ssdm_op_SpecInterface, i64 %gmem2, void @empty_17, i32 0, i32 0, void @empty, i32 64, i32 8192, void @empty_2, void @empty_1, void @empty, i32 16, i32 16, i32 16, i32 16, void @empty, void @empty, i32 4294967295, i32 0"   --->   Operation 10 'specinterface' 'specinterface_ln0' <Predicate = true> <Delay = 0.00>
ST_1 : Operation 11 [1/1] (0.00ns)   --->   "%specinterface_ln0 = specinterface void @_ssdm_op_SpecInterface, i64 %joiner_out, void @empty_8, i32 0, i32 0, void @empty, i32 0, i32 0, void @empty, void @empty, void @empty, i32 0, i32 0, i32 0, i32 0, void @empty, void @empty, i32 4294967295, i32 0"   --->   Operation 11 'specinterface' 'specinterface_ln0' <Predicate = true> <Delay = 0.00>
ST_1 : Operation 12 [1/1] (0.42ns)   --->   "%store_ln0 = store i30 0, i30 %i"   --->   Operation 12 'store' 'store_ln0' <Predicate = true> <Delay = 0.42>
ST_1 : Operation 13 [1/1] (0.00ns)   --->   "%br_ln0 = br void %for.inc.i"   --->   Operation 13 'br' 'br_ln0' <Predicate = true> <Delay = 0.00>
ST_1 : Operation 14 [1/1] (0.00ns)   --->   "%i_load = load i30 %i" [fft_16k_ssr2_i14_c16_t18.cpp:90->fft_16k_ssr2_i14_c16_t18.cpp:353]   --->   Operation 14 'load' 'i_load' <Predicate = true> <Delay = 0.00>
ST_1 : Operation 15 [1/1] (0.00ns)   --->   "%zext_ln90 = zext i30 %i_load" [fft_16k_ssr2_i14_c16_t18.cpp:90->fft_16k_ssr2_i14_c16_t18.cpp:353]   --->   Operation 15 'zext' 'zext_ln90' <Predicate = true> <Delay = 0.00>
ST_1 : Operation 16 [1/1] (1.00ns)   --->   "%icmp_ln90 = icmp_slt  i31 %zext_ln90, i31 %tmp_read" [fft_16k_ssr2_i14_c16_t18.cpp:90->fft_16k_ssr2_i14_c16_t18.cpp:353]   --->   Operation 16 'icmp' 'icmp_ln90' <Predicate = true> <Delay = 1.00> <CoreInst = "Cmp">   --->   Core 9 'Cmp' <Latency = 0> <II = 1> <Delay = 1.00> <FuncUnit> <Opcode : 'icmp'> <InPorts = 2> <OutPorts = 1>
ST_1 : Operation 17 [1/1] (0.99ns)   --->   "%add_ln90 = add i30 %i_load, i30 1" [fft_16k_ssr2_i14_c16_t18.cpp:90->fft_16k_ssr2_i14_c16_t18.cpp:353]   --->   Operation 17 'add' 'add_ln90' <Predicate = true> <Delay = 0.99> <CoreInst = "Adder">   --->   Core 1 'Adder' <Latency = 0> <II = 1> <Delay = 0.99> <FuncUnit> <Opcode : 'add' 'sub'> <InPorts = 2> <OutPorts = 1>
ST_1 : Operation 18 [1/1] (0.00ns)   --->   "%br_ln90 = br i1 %icmp_ln90, void %dma_out.exit.exitStub, void %for.inc.split.i" [fft_16k_ssr2_i14_c16_t18.cpp:90->fft_16k_ssr2_i14_c16_t18.cpp:353]   --->   Operation 18 'br' 'br_ln90' <Predicate = true> <Delay = 0.00>
ST_1 : Operation 19 [1/1] (0.42ns)   --->   "%store_ln90 = store i30 %add_ln90, i30 %i" [fft_16k_ssr2_i14_c16_t18.cpp:90->fft_16k_ssr2_i14_c16_t18.cpp:353]   --->   Operation 19 'store' 'store_ln90' <Predicate = (icmp_ln90)> <Delay = 0.42>

State 2 <SV = 1> <Delay = 1.83>
ST_2 : Operation 20 [1/1] (1.83ns)   --->   "%temp_out = read i64 @_ssdm_op_Read.ap_fifo.volatile.i64P0A, i64 %joiner_out" [fft_16k_ssr2_i14_c16_t18.cpp:93->fft_16k_ssr2_i14_c16_t18.cpp:353]   --->   Operation 20 'read' 'temp_out' <Predicate = true> <Delay = 1.83> <CoreInst = "FIFO_SRL">   --->   Core 81 'FIFO_SRL' <Latency = 0> <II = 1> <Delay = 1.83> <Storage> <Opcode : 'read' 'write' 'nbread' 'nbwrite'> <Ports = 0> <Width = 64> <Depth = 2> <FIFO>
ST_2 : Operation 27 [1/1] (0.00ns)   --->   "%ret_ln0 = ret"   --->   Operation 27 'ret' 'ret_ln0' <Predicate = (!icmp_ln90)> <Delay = 0.00>

State 3 <SV = 2> <Delay = 7.30>
ST_3 : Operation 21 [1/1] (0.00ns)   --->   "%gmem2_addr = getelementptr i64 %gmem2, i64 %sext_ln90_cast" [fft_16k_ssr2_i14_c16_t18.cpp:90->fft_16k_ssr2_i14_c16_t18.cpp:353]   --->   Operation 21 'getelementptr' 'gmem2_addr' <Predicate = true> <Delay = 0.00>
ST_3 : Operation 22 [1/1] (0.00ns)   --->   "%specpipeline_ln90 = specpipeline void @_ssdm_op_SpecPipeline, i32 4294967295, i32 0, i32 0, i32 0, void @empty" [fft_16k_ssr2_i14_c16_t18.cpp:90->fft_16k_ssr2_i14_c16_t18.cpp:353]   --->   Operation 22 'specpipeline' 'specpipeline_ln90' <Predicate = true> <Delay = 0.00>
ST_3 : Operation 23 [1/1] (0.00ns)   --->   "%speclooptripcount_ln92 = speclooptripcount void @_ssdm_op_SpecLoopTripCount, i64 0, i64 8192, i64 4096" [fft_16k_ssr2_i14_c16_t18.cpp:92->fft_16k_ssr2_i14_c16_t18.cpp:353]   --->   Operation 23 'speclooptripcount' 'speclooptripcount_ln92' <Predicate = true> <Delay = 0.00>
ST_3 : Operation 24 [1/1] (0.00ns)   --->   "%specloopname_ln90 = specloopname void @_ssdm_op_SpecLoopName, void @empty_12" [fft_16k_ssr2_i14_c16_t18.cpp:90->fft_16k_ssr2_i14_c16_t18.cpp:353]   --->   Operation 24 'specloopname' 'specloopname_ln90' <Predicate = true> <Delay = 0.00>
ST_3 : Operation 25 [1/1] (7.30ns)   --->   "%write_ln100 = write void @_ssdm_op_Write.m_axi.p1i64, i64 %gmem2_addr, i64 %temp_out, i8 255" [fft_16k_ssr2_i14_c16_t18.cpp:100->fft_16k_ssr2_i14_c16_t18.cpp:353]   --->   Operation 25 'write' 'write_ln100' <Predicate = true> <Delay = 7.30> <CoreInst = "m_axi">   --->   Core 121 'm_axi' <Latency = 0> <II = 1> <Delay = 1.00> <Adapter> <Opcode : 'read' 'write' 'readreq' 'writereq' 'writeresp'>
ST_3 : Operation 26 [1/1] (0.00ns)   --->   "%br_ln90 = br void %for.inc.i" [fft_16k_ssr2_i14_c16_t18.cpp:90->fft_16k_ssr2_i14_c16_t18.cpp:353]   --->   Operation 26 'br' 'br_ln90' <Predicate = true> <Delay = 0.00>


============================================================
+ Verbose Summary: Timing violations
============================================================
Target clock period: 10.000ns, clock uncertainty: 2.700ns.

 <State 1>: 1.860ns
The critical path consists of the following:
	'store' operation 0 bit ('store_ln0') of constant 0 on local variable 'i' [11]  (0.427 ns)
	'load' operation 30 bit ('i_load', fft_16k_ssr2_i14_c16_t18.cpp:90->fft_16k_ssr2_i14_c16_t18.cpp:353) on local variable 'i' [14]  (0.000 ns)
	'icmp' operation 1 bit ('icmp_ln90', fft_16k_ssr2_i14_c16_t18.cpp:90->fft_16k_ssr2_i14_c16_t18.cpp:353) [16]  (1.006 ns)
	'store' operation 0 bit ('store_ln90', fft_16k_ssr2_i14_c16_t18.cpp:90->fft_16k_ssr2_i14_c16_t18.cpp:353) of variable 'add_ln90', fft_16k_ssr2_i14_c16_t18.cpp:90->fft_16k_ssr2_i14_c16_t18.cpp:353 on local variable 'i' [26]  (0.427 ns)

 <State 2>: 1.838ns
The critical path consists of the following:
	fifo read operation ('temp_out', fft_16k_ssr2_i14_c16_t18.cpp:93->fft_16k_ssr2_i14_c16_t18.cpp:353) on port 'joiner_out' (fft_16k_ssr2_i14_c16_t18.cpp:93->fft_16k_ssr2_i14_c16_t18.cpp:353) [24]  (1.838 ns)

 <State 3>: 7.300ns
The critical path consists of the following:
	'getelementptr' operation 64 bit ('gmem2_addr', fft_16k_ssr2_i14_c16_t18.cpp:90->fft_16k_ssr2_i14_c16_t18.cpp:353) [20]  (0.000 ns)
	bus write operation ('write_ln100', fft_16k_ssr2_i14_c16_t18.cpp:100->fft_16k_ssr2_i14_c16_t18.cpp:353) on port 'gmem2' (fft_16k_ssr2_i14_c16_t18.cpp:100->fft_16k_ssr2_i14_c16_t18.cpp:353) [25]  (7.300 ns)


============================================================
+ Verbose Summary: Binding
============================================================
N/A
* FSMD analyzer results:
  - Output states:
 - Input state : 
  - Chain level:
	State 1
	State 2
	State 3


============================================================
+ Verbose Summary: Datapath Resource usage 
============================================================
N/A
