

================================================================
== Vitis HLS Report for 'dma_in_Pipeline_VITIS_LOOP_61_1'
================================================================
* Date:           Tue Mar  3 21:26:49 2026

* Version:        2023.2 (Build 4023990 on Oct 11 2023)
* Project:        hls_project
* Solution:       solution1 (Vivado IP Flow Target)
* Product family: zynquplus
* Target device:  xck26-sfvc784-2LV-c


================================================================
== Performance Estimates
================================================================
+ Timing: 
    * Summary: 
    +--------+----------+----------+------------+
    |  Clock |  Target  | Estimated| Uncertainty|
    +--------+----------+----------+------------+
    |ap_clk  |  10.00 ns|  7.300 ns|     2.70 ns|
    +--------+----------+----------+------------+

+ Latency: 
    * Summary: 
    +---------+---------+-----------+-----------+-----+------+---------+
    |  Latency (cycles) |   Latency (absolute)  |  Interval  | Pipeline|
    |   min   |   max   |    min    |    max    | min |  max |   Type  |
    +---------+---------+-----------+-----------+-----+------+---------+
    |        2|     8195|  20.000 ns|  81.950 us|    2|  8195|       no|
    +---------+---------+-----------+-----------+-----+------+---------+

    + Detail: 
        * Instance: 
        N/A

        * Loop: 
        +-------------------+---------+---------+----------+-----------+-----------+----------+----------+
        |                   |  Latency (cycles) | Iteration|  Initiation Interval  |   Trip   |          |
        |     Loop Name     |   min   |   max   |  Latency |  achieved |   target  |   Count  | Pipelined|
        +-------------------+---------+---------+----------+-----------+-----------+----------+----------+
        |- VITIS_LOOP_61_1  |        0|     8193|         3|          1|          1|  0 ~ 8192|       yes|
        +-------------------+---------+---------+----------+-----------+-----------+----------+----------+

============================================================
+ Verbose Summary: Synthesis Manager
============================================================
InlineROM: 1
ExposeGlobal: 0
============================================================
+ Verbose Summary: CDFG Model
============================================================
IsTopModel: 0
ResetActiveHigh: 1
IsCombinational: 0
IsDatapathOnly: 0
HasWiredReturn: 1
HasMFsm: 2
HasVarLatency: 1
IsPipeline: 0
IsRtlPipelined: 0
IsInstanceOverlapped: 0
IsDontTouch: 0
HasImplIP: 0
IsGatedGlobalClock: 0

+ Individual pipeline summary: 
  * Pipeline-0: initiation interval (II) = 1, depth = 3


============================================================
+ Verbose Summary: Schedule
============================================================
* Number of FSM states : 3
* Pipeline : 1
  Pipeline-0 : II = 1, D = 3, States = { 1 2 3 }
* Dataflow Pipeline: 0

* FSM state transitions: 
1 --> 2 
2 --> 3 
3 --> 

* FSM state operations: 

State 1 <SV = 0> <Delay = 1.85>
ST_1 : Operation 6 [1/1] (0.00ns)   --->   "%i = alloca i32 1"   --->   Operation 6 'alloca' 'i' <Predicate = true> <Delay = 0.00>
ST_1 : Operation 7 [1/1] (0.00ns)   --->   "%sext_ln61_read = read i61 @_ssdm_op_Read.ap_auto.i61, i61 %sext_ln61"   --->   Operation 7 'read' 'sext_ln61_read' <Predicate = true> <Delay = 0.00>
ST_1 : Operation 8 [1/1] (0.00ns)   --->   "%tmp_4_read = read i31 @_ssdm_op_Read.ap_auto.i31, i31 %tmp_4"   --->   Operation 8 'read' 'tmp_4_read' <Predicate = true> <Delay = 0.00>
ST_1 : Operation 9 [1/1] (0.00ns)   --->   "%sext_ln61_cast = sext i61 %sext_ln61_read"   --->   Operation 9 'sext' 'sext_ln61_cast' <Predicate = true> <Delay = 0.00>
ST_1 : Operation 10 [1/1] (0.00ns)   --->   "%specinterface_ln0 = specinterface void @_ssdm_op_SpecInterface, i64 %gmem1, void @empty_17, i32 0, i32 0, void @empty, i32 64, i32 8192, void @empty_0, void @empty_1, void @empty, i32 16, i32 16, i32 16, i32 16, void @empty, void @empty, i32 4294967295, i32 0"   --->   Operation 10 'specinterface' 'specinterface_ln0' <Predicate = true> <Delay = 0.00>
ST_1 : Operation 11 [1/1] (0.00ns)   --->   "%specinterface_ln0 = specinterface void @_ssdm_op_SpecInterface, i64 %input_stream, void @empty_8, i32 0, i32 0, void @empty, i32 0, i32 0, void @empty, void @empty, void @empty, i32 0, i32 0, i32 0, i32 0, void @empty, void @empty, i32 4294967295, i32 0"   --->   Operation 11 'specinterface' 'specinterface_ln0' <Predicate = true> <Delay = 0.00>
ST_1 : Operation 12 [1/1] (0.42ns)   --->   "%store_ln0 = store i30 0, i30 %i"   --->   Operation 12 'store' 'store_ln0' <Predicate = true> <Delay = 0.42>
ST_1 : Operation 13 [1/1] (0.00ns)   --->   "%br_ln0 = br void %for.inc.i"   --->   Operation 13 'br' 'br_ln0' <Predicate = true> <Delay = 0.00>
ST_1 : Operation 14 [1/1] (0.00ns)   --->   "%i_load = load i30 %i" [fft_16k_ssr2_i14_c16_t18.cpp:61->fft_16k_ssr2_i14_c16_t18.cpp:336]   --->   Operation 14 'load' 'i_load' <Predicate = true> <Delay = 0.00>
ST_1 : Operation 15 [1/1] (0.00ns)   --->   "%zext_ln61 = zext i30 %i_load" [fft_16k_ssr2_i14_c16_t18.cpp:61->fft_16k_ssr2_i14_c16_t18.cpp:336]   --->   Operation 15 'zext' 'zext_ln61' <Predicate = true> <Delay = 0.00>
ST_1 : Operation 16 [1/1] (1.00ns)   --->   "%icmp_ln61 = icmp_slt  i31 %zext_ln61, i31 %tmp_4_read" [fft_16k_ssr2_i14_c16_t18.cpp:61->fft_16k_ssr2_i14_c16_t18.cpp:336]   --->   Operation 16 'icmp' 'icmp_ln61' <Predicate = true> <Delay = 1.00> <CoreInst = "Cmp">   --->   Core 9 'Cmp' <Latency = 0> <II = 1> <Delay = 1.00> <FuncUnit> <Opcode : 'icmp'> <InPorts = 2> <OutPorts = 1>
ST_1 : Operation 17 [1/1] (0.99ns)   --->   "%add_ln61 = add i30 %i_load, i30 1" [fft_16k_ssr2_i14_c16_t18.cpp:61->fft_16k_ssr2_i14_c16_t18.cpp:336]   --->   Operation 17 'add' 'add_ln61' <Predicate = true> <Delay = 0.99> <CoreInst = "Adder">   --->   Core 1 'Adder' <Latency = 0> <II = 1> <Delay = 0.99> <FuncUnit> <Opcode : 'add' 'sub'> <InPorts = 2> <OutPorts = 1>
ST_1 : Operation 18 [1/1] (0.00ns)   --->   "%br_ln61 = br i1 %icmp_ln61, void %dma_in.exit.exitStub, void %for.inc.split.i" [fft_16k_ssr2_i14_c16_t18.cpp:61->fft_16k_ssr2_i14_c16_t18.cpp:336]   --->   Operation 18 'br' 'br_ln61' <Predicate = true> <Delay = 0.00>
ST_1 : Operation 19 [1/1] (0.42ns)   --->   "%store_ln61 = store i30 %add_ln61, i30 %i" [fft_16k_ssr2_i14_c16_t18.cpp:61->fft_16k_ssr2_i14_c16_t18.cpp:336]   --->   Operation 19 'store' 'store_ln61' <Predicate = (icmp_ln61)> <Delay = 0.42>

State 2 <SV = 1> <Delay = 7.30>
ST_2 : Operation 20 [1/1] (0.00ns)   --->   "%gmem1_addr = getelementptr i64 %gmem1, i64 %sext_ln61_cast" [fft_16k_ssr2_i14_c16_t18.cpp:61->fft_16k_ssr2_i14_c16_t18.cpp:336]   --->   Operation 20 'getelementptr' 'gmem1_addr' <Predicate = true> <Delay = 0.00>
ST_2 : Operation 21 [1/1] (7.30ns)   --->   "%gmem1_addr_read = read i64 @_ssdm_op_Read.m_axi.p1i64, i64 %gmem1_addr" [fft_16k_ssr2_i14_c16_t18.cpp:66->fft_16k_ssr2_i14_c16_t18.cpp:336]   --->   Operation 21 'read' 'gmem1_addr_read' <Predicate = true> <Delay = 7.30> <CoreInst = "m_axi">   --->   Core 121 'm_axi' <Latency = 0> <II = 1> <Delay = 1.00> <Adapter> <Opcode : 'read' 'write' 'readreq' 'writereq' 'writeresp'>
ST_2 : Operation 22 [1/1] (0.00ns)   --->   "%tmp_i = partselect i14 @_ssdm_op_PartSelect.i14.i64.i32.i32, i64 %gmem1_addr_read, i32 42, i32 55" [fft_16k_ssr2_i14_c16_t18.cpp:69->fft_16k_ssr2_i14_c16_t18.cpp:336]   --->   Operation 22 'partselect' 'tmp_i' <Predicate = true> <Delay = 0.00>
ST_2 : Operation 23 [1/1] (0.00ns)   --->   "%tmp_i_58 = partselect i14 @_ssdm_op_PartSelect.i14.i64.i32.i32, i64 %gmem1_addr_read, i32 28, i32 41" [fft_16k_ssr2_i14_c16_t18.cpp:70->fft_16k_ssr2_i14_c16_t18.cpp:336]   --->   Operation 23 'partselect' 'tmp_i_58' <Predicate = true> <Delay = 0.00>
ST_2 : Operation 24 [1/1] (0.00ns)   --->   "%tmp_1_i = partselect i14 @_ssdm_op_PartSelect.i14.i64.i32.i32, i64 %gmem1_addr_read, i32 14, i32 27" [fft_16k_ssr2_i14_c16_t18.cpp:71->fft_16k_ssr2_i14_c16_t18.cpp:336]   --->   Operation 24 'partselect' 'tmp_1_i' <Predicate = true> <Delay = 0.00>
ST_2 : Operation 25 [1/1] (0.00ns)   --->   "%trunc_ln72 = trunc i64 %gmem1_addr_read" [fft_16k_ssr2_i14_c16_t18.cpp:72->fft_16k_ssr2_i14_c16_t18.cpp:336]   --->   Operation 25 'trunc' 'trunc_ln72' <Predicate = true> <Delay = 0.00>
ST_2 : Operation 32 [1/1] (0.00ns)   --->   "%ret_ln0 = ret"   --->   Operation 32 'ret' 'ret_ln0' <Predicate = (!icmp_ln61)> <Delay = 0.00>

State 3 <SV = 2> <Delay = 1.83>
ST_3 : Operation 26 [1/1] (0.00ns)   --->   "%specpipeline_ln61 = specpipeline void @_ssdm_op_SpecPipeline, i32 4294967295, i32 0, i32 0, i32 0, void @empty" [fft_16k_ssr2_i14_c16_t18.cpp:61->fft_16k_ssr2_i14_c16_t18.cpp:336]   --->   Operation 26 'specpipeline' 'specpipeline_ln61' <Predicate = true> <Delay = 0.00>
ST_3 : Operation 27 [1/1] (0.00ns)   --->   "%speclooptripcount_ln63 = speclooptripcount void @_ssdm_op_SpecLoopTripCount, i64 0, i64 8192, i64 4096" [fft_16k_ssr2_i14_c16_t18.cpp:63->fft_16k_ssr2_i14_c16_t18.cpp:336]   --->   Operation 27 'speclooptripcount' 'speclooptripcount_ln63' <Predicate = true> <Delay = 0.00>
ST_3 : Operation 28 [1/1] (0.00ns)   --->   "%specloopname_ln61 = specloopname void @_ssdm_op_SpecLoopName, void @empty_13" [fft_16k_ssr2_i14_c16_t18.cpp:61->fft_16k_ssr2_i14_c16_t18.cpp:336]   --->   Operation 28 'specloopname' 'specloopname_ln61' <Predicate = true> <Delay = 0.00>
ST_3 : Operation 29 [1/1] (0.00ns)   --->   "%p_0 = bitconcatenate i64 @_ssdm_op_BitConcatenate.i64.i14.i2.i14.i2.i14.i2.i14.i2, i14 %tmp_i, i2 0, i14 %tmp_i_58, i2 0, i14 %tmp_1_i, i2 0, i14 %trunc_ln72, i2 0" [fft_16k_ssr2_i14_c16_t18.cpp:82->fft_16k_ssr2_i14_c16_t18.cpp:336]   --->   Operation 29 'bitconcatenate' 'p_0' <Predicate = true> <Delay = 0.00>
ST_3 : Operation 30 [1/1] (1.83ns)   --->   "%write_ln82 = write void @_ssdm_op_Write.ap_fifo.volatile.i64P0A, i64 %input_stream, i64 %p_0" [fft_16k_ssr2_i14_c16_t18.cpp:82->fft_16k_ssr2_i14_c16_t18.cpp:336]   --->   Operation 30 'write' 'write_ln82' <Predicate = true> <Delay = 1.83> <CoreInst = "FIFO_SRL">   --->   Core 81 'FIFO_SRL' <Latency = 0> <II = 1> <Delay = 1.83> <Storage> <Opcode : 'read' 'write' 'nbread' 'nbwrite'> <Ports = 0> <Width = 64> <Depth = 2> <FIFO>
ST_3 : Operation 31 [1/1] (0.00ns)   --->   "%br_ln61 = br void %for.inc.i" [fft_16k_ssr2_i14_c16_t18.cpp:61->fft_16k_ssr2_i14_c16_t18.cpp:336]   --->   Operation 31 'br' 'br_ln61' <Predicate = true> <Delay = 0.00>


============================================================
+ Verbose Summary: Timing violations
============================================================
Target clock period: 10.000ns, clock uncertainty: 2.700ns.

 <State 1>: 1.860ns
The critical path consists of the following:
	'store' operation 0 bit ('store_ln0') of constant 0 on local variable 'i' [11]  (0.427 ns)
	'load' operation 30 bit ('i_load', fft_16k_ssr2_i14_c16_t18.cpp:61->fft_16k_ssr2_i14_c16_t18.cpp:336) on local variable 'i' [14]  (0.000 ns)
	'icmp' operation 1 bit ('icmp_ln61', fft_16k_ssr2_i14_c16_t18.cpp:61->fft_16k_ssr2_i14_c16_t18.cpp:336) [16]  (1.006 ns)
	'store' operation 0 bit ('store_ln61', fft_16k_ssr2_i14_c16_t18.cpp:61->fft_16k_ssr2_i14_c16_t18.cpp:336) of variable 'add_ln61', fft_16k_ssr2_i14_c16_t18.cpp:61->fft_16k_ssr2_i14_c16_t18.cpp:336 on local variable 'i' [31]  (0.427 ns)

 <State 2>: 7.300ns
The critical path consists of the following:
	'getelementptr' operation 64 bit ('gmem1_addr', fft_16k_ssr2_i14_c16_t18.cpp:61->fft_16k_ssr2_i14_c16_t18.cpp:336) [20]  (0.000 ns)
	bus read operation ('gmem1_addr_read', fft_16k_ssr2_i14_c16_t18.cpp:66->fft_16k_ssr2_i14_c16_t18.cpp:336) on port 'gmem1' (fft_16k_ssr2_i14_c16_t18.cpp:66->fft_16k_ssr2_i14_c16_t18.cpp:336) [24]  (7.300 ns)

 <State 3>: 1.838ns
The critical path consists of the following:
	fifo write operation ('write_ln82', fft_16k_ssr2_i14_c16_t18.cpp:82->fft_16k_ssr2_i14_c16_t18.cpp:336) on port 'input_stream' (fft_16k_ssr2_i14_c16_t18.cpp:82->fft_16k_ssr2_i14_c16_t18.cpp:336) [30]  (1.838 ns)


============================================================
+ Verbose Summary: Binding
============================================================
N/A
* FSMD analyzer results:
  - Output states:
 - Input state : 
  - Chain level:
	State 1
	State 2
	State 3


============================================================
+ Verbose Summary: Datapath Resource usage 
============================================================
N/A
