

================================================================
== Vitis HLS Report for 'dma_in_Pipeline_VITIS_LOOP_61_1'
================================================================
* Date:           Tue Mar  3 21:26:51 2026

* Version:        2023.2 (Build 4023990 on Oct 11 2023)
* Project:        hls_project
* Solution:       solution1 (Vivado IP Flow Target)
* Product family: zynquplus
* Target device:  xck26-sfvc784-2LV-c


================================================================
== Performance Estimates
================================================================
+ Timing: 
    * Summary: 
    +--------+----------+----------+------------+
    |  Clock |  Target  | Estimated| Uncertainty|
    +--------+----------+----------+------------+
    |ap_clk  |  10.00 ns|  7.300 ns|     2.70 ns|
    +--------+----------+----------+------------+

+ Latency: 
    * Summary: 
    +---------+---------+-----------+-----------+-----+------+---------+
    |  Latency (cycles) |   Latency (absolute)  |  Interval  | Pipeline|
    |   min   |   max   |    min    |    max    | min |  max |   Type  |
    +---------+---------+-----------+-----------+-----+------+---------+
    |        2|     8195|  20.000 ns|  81.950 us|    2|  8195|       no|
    +---------+---------+-----------+-----------+-----+------+---------+

    + Detail: 
        * Instance: 
        N/A

        * Loop: 
        +-------------------+---------+---------+----------+-----------+-----------+----------+----------+
        |                   |  Latency (cycles) | Iteration|  Initiation Interval  |   Trip   |          |
        |     Loop Name     |   min   |   max   |  Latency |  achieved |   target  |   Count  | Pipelined|
        +-------------------+---------+---------+----------+-----------+-----------+----------+----------+
        |- VITIS_LOOP_61_1  |        0|     8193|         3|          1|          1|  0 ~ 8192|       yes|
        +-------------------+---------+---------+----------+-----------+-----------+----------+----------+



================================================================
== Utilization Estimates
================================================================
* Summary: 
+-----------------+---------+------+--------+--------+-----+
|       Name      | BRAM_18K|  DSP |   FF   |   LUT  | URAM|
+-----------------+---------+------+--------+--------+-----+
|DSP              |        -|     -|       -|       -|    -|
|Expression       |        -|     -|       0|      79|    -|
|FIFO             |        -|     -|       -|       -|    -|
|Instance         |        -|     -|       -|       -|    -|
|Memory           |        -|     -|       -|       -|    -|
|Multiplexer      |        -|     -|       -|      54|    -|
|Register         |        -|     -|      91|       -|    -|
+-----------------+---------+------+--------+--------+-----+
|Total            |        0|     0|      91|     133|    0|
+-----------------+---------+------+--------+--------+-----+
|Available        |      288|  1248|  234240|  117120|   64|
+-----------------+---------+------+--------+--------+-----+
|Utilization (%)  |        0|     0|      ~0|      ~0|    0|
+-----------------+---------+------+--------+--------+-----+

+ Detail: 
    * Instance: 
    N/A

    * DSP: 
    N/A

    * Memory: 
    N/A

    * FIFO: 
    N/A

    * Expression: 
    +---------------------------+----------+----+---+----+------------+------------+
    |       Variable Name       | Operation| DSP| FF| LUT| Bitwidth P0| Bitwidth P1|
    +---------------------------+----------+----+---+----+------------+------------+
    |add_ln61_fu_126_p2         |         +|   0|  0|  37|          30|           1|
    |icmp_ln61_fu_120_p2        |      icmp|   0|  0|  38|          31|          31|
    |ap_block_pp0_stage0_01001  |        or|   0|  0|   2|           1|           1|
    |ap_enable_pp0              |       xor|   0|  0|   2|           1|           2|
    +---------------------------+----------+----+---+----+------------+------------+
    |Total                      |          |   0|  0|  79|          63|          35|
    +---------------------------+----------+----+---+----+------------+------------+

    * Multiplexer: 
    +-------------------------+----+-----------+-----+-----------+
    |           Name          | LUT| Input Size| Bits| Total Bits|
    +-------------------------+----+-----------+-----+-----------+
    |ap_done_int              |   9|          2|    1|          2|
    |ap_enable_reg_pp0_iter1  |   9|          2|    1|          2|
    |ap_sig_allocacmp_i_load  |   9|          2|   30|         60|
    |gmem1_blk_n_R            |   9|          2|    1|          2|
    |i_fu_76                  |   9|          2|   30|         60|
    |input_stream_blk_n       |   9|          2|    1|          2|
    +-------------------------+----+-----------+-----+-----------+
    |Total                    |  54|         12|   64|        128|
    +-------------------------+----+-----------+-----+-----------+

    * Register: 
    +----------------------------------+----+----+-----+-----------+
    |               Name               | FF | LUT| Bits| Const Bits|
    +----------------------------------+----+----+-----+-----------+
    |ap_CS_fsm                         |   1|   0|    1|          0|
    |ap_done_reg                       |   1|   0|    1|          0|
    |ap_enable_reg_pp0_iter1           |   1|   0|    1|          0|
    |ap_enable_reg_pp0_iter2           |   1|   0|    1|          0|
    |ap_loop_exit_ready_pp0_iter1_reg  |   1|   0|    1|          0|
    |i_fu_76                           |  30|   0|   30|          0|
    |tmp_1_i_reg_220                   |  14|   0|   14|          0|
    |tmp_i_58_reg_215                  |  14|   0|   14|          0|
    |tmp_i_reg_210                     |  14|   0|   14|          0|
    |trunc_ln72_reg_225                |  14|   0|   14|          0|
    +----------------------------------+----+----+-----+-----------+
    |Total                             |  91|   0|   91|          0|
    +----------------------------------+----+----+-----+-----------+



================================================================
== Interface
================================================================
* Summary: 
+-----------------------------+-----+-----+------------+---------------------------------+--------------+
|          RTL Ports          | Dir | Bits|  Protocol  |          Source Object          |    C Type    |
+-----------------------------+-----+-----+------------+---------------------------------+--------------+
|ap_clk                       |   in|    1|  ap_ctrl_hs|  dma_in_Pipeline_VITIS_LOOP_61_1|  return value|
|ap_rst                       |   in|    1|  ap_ctrl_hs|  dma_in_Pipeline_VITIS_LOOP_61_1|  return value|
|ap_start                     |   in|    1|  ap_ctrl_hs|  dma_in_Pipeline_VITIS_LOOP_61_1|  return value|
|ap_done                      |  out|    1|  ap_ctrl_hs|  dma_in_Pipeline_VITIS_LOOP_61_1|  return value|
|ap_idle                      |  out|    1|  ap_ctrl_hs|  dma_in_Pipeline_VITIS_LOOP_61_1|  return value|
|ap_ready                     |  out|    1|  ap_ctrl_hs|  dma_in_Pipeline_VITIS_LOOP_61_1|  return value|
|m_axi_gmem1_AWVALID          |  out|    1|       m_axi|                            gmem1|       pointer|
|m_axi_gmem1_AWREADY          |   in|    1|       m_axi|                            gmem1|       pointer|
|m_axi_gmem1_AWADDR           |  out|   64|       m_axi|                            gmem1|       pointer|
|m_axi_gmem1_AWID             |  out|    1|       m_axi|                            gmem1|       pointer|
|m_axi_gmem1_AWLEN            |  out|   32|       m_axi|                            gmem1|       pointer|
|m_axi_gmem1_AWSIZE           |  out|    3|       m_axi|                            gmem1|       pointer|
|m_axi_gmem1_AWBURST          |  out|    2|       m_axi|                            gmem1|       pointer|
|m_axi_gmem1_AWLOCK           |  out|    2|       m_axi|                            gmem1|       pointer|
|m_axi_gmem1_AWCACHE          |  out|    4|       m_axi|                            gmem1|       pointer|
|m_axi_gmem1_AWPROT           |  out|    3|       m_axi|                            gmem1|       pointer|
|m_axi_gmem1_AWQOS            |  out|    4|       m_axi|                            gmem1|       pointer|
|m_axi_gmem1_AWREGION         |  out|    4|       m_axi|                            gmem1|       pointer|
|m_axi_gmem1_AWUSER           |  out|    1|       m_axi|                            gmem1|       pointer|
|m_axi_gmem1_WVALID           |  out|    1|       m_axi|                            gmem1|       pointer|
|m_axi_gmem1_WREADY           |   in|    1|       m_axi|                            gmem1|       pointer|
|m_axi_gmem1_WDATA            |  out|   64|       m_axi|                            gmem1|       pointer|
|m_axi_gmem1_WSTRB            |  out|    8|       m_axi|                            gmem1|       pointer|
|m_axi_gmem1_WLAST            |  out|    1|       m_axi|                            gmem1|       pointer|
|m_axi_gmem1_WID              |  out|    1|       m_axi|                            gmem1|       pointer|
|m_axi_gmem1_WUSER            |  out|    1|       m_axi|                            gmem1|       pointer|
|m_axi_gmem1_ARVALID          |  out|    1|       m_axi|                            gmem1|       pointer|
|m_axi_gmem1_ARREADY          |   in|    1|       m_axi|                            gmem1|       pointer|
|m_axi_gmem1_ARADDR           |  out|   64|       m_axi|                            gmem1|       pointer|
|m_axi_gmem1_ARID             |  out|    1|       m_axi|                            gmem1|       pointer|
|m_axi_gmem1_ARLEN            |  out|   32|       m_axi|                            gmem1|       pointer|
|m_axi_gmem1_ARSIZE           |  out|    3|       m_axi|                            gmem1|       pointer|
|m_axi_gmem1_ARBURST          |  out|    2|       m_axi|                            gmem1|       pointer|
|m_axi_gmem1_ARLOCK           |  out|    2|       m_axi|                            gmem1|       pointer|
|m_axi_gmem1_ARCACHE          |  out|    4|       m_axi|                            gmem1|       pointer|
|m_axi_gmem1_ARPROT           |  out|    3|       m_axi|                            gmem1|       pointer|
|m_axi_gmem1_ARQOS            |  out|    4|       m_axi|                            gmem1|       pointer|
|m_axi_gmem1_ARREGION         |  out|    4|       m_axi|                            gmem1|       pointer|
|m_axi_gmem1_ARUSER           |  out|    1|       m_axi|                            gmem1|       pointer|
|m_axi_gmem1_RVALID           |   in|    1|       m_axi|                            gmem1|       pointer|
|m_axi_gmem1_RREADY           |  out|    1|       m_axi|                            gmem1|       pointer|
|m_axi_gmem1_RDATA            |   in|   64|       m_axi|                            gmem1|       pointer|
|m_axi_gmem1_RLAST            |   in|    1|       m_axi|                            gmem1|       pointer|
|m_axi_gmem1_RID              |   in|    1|       m_axi|                            gmem1|       pointer|
|m_axi_gmem1_RFIFONUM         |   in|    9|       m_axi|                            gmem1|       pointer|
|m_axi_gmem1_RUSER            |   in|    1|       m_axi|                            gmem1|       pointer|
|m_axi_gmem1_RRESP            |   in|    2|       m_axi|                            gmem1|       pointer|
|m_axi_gmem1_BVALID           |   in|    1|       m_axi|                            gmem1|       pointer|
|m_axi_gmem1_BREADY           |  out|    1|       m_axi|                            gmem1|       pointer|
|m_axi_gmem1_BRESP            |   in|    2|       m_axi|                            gmem1|       pointer|
|m_axi_gmem1_BID              |   in|    1|       m_axi|                            gmem1|       pointer|
|m_axi_gmem1_BUSER            |   in|    1|       m_axi|                            gmem1|       pointer|
|input_stream_din             |  out|   64|     ap_fifo|                     input_stream|       pointer|
|input_stream_num_data_valid  |   in|    3|     ap_fifo|                     input_stream|       pointer|
|input_stream_fifo_cap        |   in|    3|     ap_fifo|                     input_stream|       pointer|
|input_stream_full_n          |   in|    1|     ap_fifo|                     input_stream|       pointer|
|input_stream_write           |  out|    1|     ap_fifo|                     input_stream|       pointer|
|tmp_4                        |   in|   31|     ap_none|                            tmp_4|        scalar|
|sext_ln61                    |   in|   61|     ap_none|                        sext_ln61|        scalar|
+-----------------------------+-----+-----+------------+---------------------------------+--------------+

============================================================
+ Verbose Summary: Synthesis Manager
============================================================
InlineROM: 1
ExposeGlobal: 0
============================================================
+ Verbose Summary: CDFG Model
============================================================
IsTopModel: 0
ResetActiveHigh: 1
IsCombinational: 2
IsDatapathOnly: 2
HasWiredReturn: 1
HasMFsm: 2
HasVarLatency: 1
IsPipeline: 0
IsRtlPipelined: 0
IsInstanceOverlapped: 0
IsDontTouch: 0
HasImplIP: 0
IsGatedGlobalClock: 0

+ Individual pipeline summary: 
  * Pipeline-0: initiation interval (II) = 1, depth = 3


============================================================
+ Verbose Summary: Schedule
============================================================
* Number of FSM states : 3
* Pipeline : 1
  Pipeline-0 : II = 1, D = 3, States = { 1 2 3 }
* Dataflow Pipeline: 0

* FSM state transitions: 
1 --> 2 
2 --> 3 
3 --> 

* FSM state operations: 

State 1 <SV = 0> <Delay = 1.85>
ST_1 : Operation 6 [1/1] (0.00ns)   --->   "%i = alloca i32 1"   --->   Operation 6 'alloca' 'i' <Predicate = true> <Delay = 0.00>
ST_1 : Operation 7 [1/1] (0.00ns)   --->   "%sext_ln61_read = read i61 @_ssdm_op_Read.ap_auto.i61, i61 %sext_ln61"   --->   Operation 7 'read' 'sext_ln61_read' <Predicate = true> <Delay = 0.00>
ST_1 : Operation 8 [1/1] (0.00ns)   --->   "%tmp_4_read = read i31 @_ssdm_op_Read.ap_auto.i31, i31 %tmp_4"   --->   Operation 8 'read' 'tmp_4_read' <Predicate = true> <Delay = 0.00>
ST_1 : Operation 9 [1/1] (0.00ns)   --->   "%sext_ln61_cast = sext i61 %sext_ln61_read"   --->   Operation 9 'sext' 'sext_ln61_cast' <Predicate = true> <Delay = 0.00>
ST_1 : Operation 10 [1/1] (0.00ns)   --->   "%specinterface_ln0 = specinterface void @_ssdm_op_SpecInterface, i64 %gmem1, void @empty_17, i32 0, i32 0, void @empty, i32 64, i32 8192, void @empty_0, void @empty_1, void @empty, i32 16, i32 16, i32 16, i32 16, void @empty, void @empty, i32 4294967295, i32 0"   --->   Operation 10 'specinterface' 'specinterface_ln0' <Predicate = true> <Delay = 0.00>
ST_1 : Operation 11 [1/1] (0.00ns)   --->   "%specinterface_ln0 = specinterface void @_ssdm_op_SpecInterface, i64 %input_stream, void @empty_8, i32 0, i32 0, void @empty, i32 0, i32 0, void @empty, void @empty, void @empty, i32 0, i32 0, i32 0, i32 0, void @empty, void @empty, i32 4294967295, i32 0"   --->   Operation 11 'specinterface' 'specinterface_ln0' <Predicate = true> <Delay = 0.00>
ST_1 : Operation 12 [1/1] (0.42ns)   --->   "%store_ln0 = store i30 0, i30 %i"   --->   Operation 12 'store' 'store_ln0' <Predicate = true> <Delay = 0.42>
ST_1 : Operation 13 [1/1] (0.00ns)   --->   "%br_ln0 = br void %for.inc.i"   --->   Operation 13 'br' 'br_ln0' <Predicate = true> <Delay = 0.00>
ST_1 : Operation 14 [1/1] (0.00ns)   --->   "%i_load = load i30 %i" [fft_16k_ssr2_i14_c16_t18.cpp:61->fft_16k_ssr2_i14_c16_t18.cpp:336]   --->   Operation 14 'load' 'i_load' <Predicate = true> <Delay = 0.00>
ST_1 : Operation 15 [1/1] (0.00ns)   --->   "%zext_ln61 = zext i30 %i_load" [fft_16k_ssr2_i14_c16_t18.cpp:61->fft_16k_ssr2_i14_c16_t18.cpp:336]   --->   Operation 15 'zext' 'zext_ln61' <Predicate = true> <Delay = 0.00>
ST_1 : Operation 16 [1/1] (1.00ns)   --->   "%icmp_ln61 = icmp_slt  i31 %zext_ln61, i31 %tmp_4_read" [fft_16k_ssr2_i14_c16_t18.cpp:61->fft_16k_ssr2_i14_c16_t18.cpp:336]   --->   Operation 16 'icmp' 'icmp_ln61' <Predicate = true> <Delay = 1.00> <CoreInst = "Cmp">   --->   Core 9 'Cmp' <Latency = 0> <II = 1> <Delay = 1.00> <FuncUnit> <Opcode : 'icmp'> <InPorts = 2> <OutPorts = 1>
ST_1 : Operation 17 [1/1] (0.99ns)   --->   "%add_ln61 = add i30 %i_load, i30 1" [fft_16k_ssr2_i14_c16_t18.cpp:61->fft_16k_ssr2_i14_c16_t18.cpp:336]   --->   Operation 17 'add' 'add_ln61' <Predicate = true> <Delay = 0.99> <CoreInst = "Adder">   --->   Core 1 'Adder' <Latency = 0> <II = 1> <Delay = 0.99> <FuncUnit> <Opcode : 'add' 'sub'> <InPorts = 2> <OutPorts = 1>
ST_1 : Operation 18 [1/1] (0.00ns)   --->   "%br_ln61 = br i1 %icmp_ln61, void %dma_in.exit.exitStub, void %for.inc.split.i" [fft_16k_ssr2_i14_c16_t18.cpp:61->fft_16k_ssr2_i14_c16_t18.cpp:336]   --->   Operation 18 'br' 'br_ln61' <Predicate = true> <Delay = 0.00>
ST_1 : Operation 19 [1/1] (0.42ns)   --->   "%store_ln61 = store i30 %add_ln61, i30 %i" [fft_16k_ssr2_i14_c16_t18.cpp:61->fft_16k_ssr2_i14_c16_t18.cpp:336]   --->   Operation 19 'store' 'store_ln61' <Predicate = (icmp_ln61)> <Delay = 0.42>

State 2 <SV = 1> <Delay = 7.30>
ST_2 : Operation 20 [1/1] (0.00ns)   --->   "%gmem1_addr = getelementptr i64 %gmem1, i64 %sext_ln61_cast" [fft_16k_ssr2_i14_c16_t18.cpp:61->fft_16k_ssr2_i14_c16_t18.cpp:336]   --->   Operation 20 'getelementptr' 'gmem1_addr' <Predicate = true> <Delay = 0.00>
ST_2 : Operation 21 [1/1] (7.30ns)   --->   "%gmem1_addr_read = read i64 @_ssdm_op_Read.m_axi.p1i64, i64 %gmem1_addr" [fft_16k_ssr2_i14_c16_t18.cpp:66->fft_16k_ssr2_i14_c16_t18.cpp:336]   --->   Operation 21 'read' 'gmem1_addr_read' <Predicate = true> <Delay = 7.30> <CoreInst = "m_axi">   --->   Core 121 'm_axi' <Latency = 0> <II = 1> <Delay = 1.00> <Adapter> <Opcode : 'read' 'write' 'readreq' 'writereq' 'writeresp'>
ST_2 : Operation 22 [1/1] (0.00ns)   --->   "%tmp_i = partselect i14 @_ssdm_op_PartSelect.i14.i64.i32.i32, i64 %gmem1_addr_read, i32 42, i32 55" [fft_16k_ssr2_i14_c16_t18.cpp:69->fft_16k_ssr2_i14_c16_t18.cpp:336]   --->   Operation 22 'partselect' 'tmp_i' <Predicate = true> <Delay = 0.00>
ST_2 : Operation 23 [1/1] (0.00ns)   --->   "%tmp_i_58 = partselect i14 @_ssdm_op_PartSelect.i14.i64.i32.i32, i64 %gmem1_addr_read, i32 28, i32 41" [fft_16k_ssr2_i14_c16_t18.cpp:70->fft_16k_ssr2_i14_c16_t18.cpp:336]   --->   Operation 23 'partselect' 'tmp_i_58' <Predicate = true> <Delay = 0.00>
ST_2 : Operation 24 [1/1] (0.00ns)   --->   "%tmp_1_i = partselect i14 @_ssdm_op_PartSelect.i14.i64.i32.i32, i64 %gmem1_addr_read, i32 14, i32 27" [fft_16k_ssr2_i14_c16_t18.cpp:71->fft_16k_ssr2_i14_c16_t18.cpp:336]   --->   Operation 24 'partselect' 'tmp_1_i' <Predicate = true> <Delay = 0.00>
ST_2 : Operation 25 [1/1] (0.00ns)   --->   "%trunc_ln72 = trunc i64 %gmem1_addr_read" [fft_16k_ssr2_i14_c16_t18.cpp:72->fft_16k_ssr2_i14_c16_t18.cpp:336]   --->   Operation 25 'trunc' 'trunc_ln72' <Predicate = true> <Delay = 0.00>
ST_2 : Operation 32 [1/1] (0.00ns)   --->   "%ret_ln0 = ret"   --->   Operation 32 'ret' 'ret_ln0' <Predicate = (!icmp_ln61)> <Delay = 0.00>

State 3 <SV = 2> <Delay = 1.83>
ST_3 : Operation 26 [1/1] (0.00ns)   --->   "%specpipeline_ln61 = specpipeline void @_ssdm_op_SpecPipeline, i32 4294967295, i32 0, i32 0, i32 0, void @empty" [fft_16k_ssr2_i14_c16_t18.cpp:61->fft_16k_ssr2_i14_c16_t18.cpp:336]   --->   Operation 26 'specpipeline' 'specpipeline_ln61' <Predicate = true> <Delay = 0.00>
ST_3 : Operation 27 [1/1] (0.00ns)   --->   "%speclooptripcount_ln63 = speclooptripcount void @_ssdm_op_SpecLoopTripCount, i64 0, i64 8192, i64 4096" [fft_16k_ssr2_i14_c16_t18.cpp:63->fft_16k_ssr2_i14_c16_t18.cpp:336]   --->   Operation 27 'speclooptripcount' 'speclooptripcount_ln63' <Predicate = true> <Delay = 0.00>
ST_3 : Operation 28 [1/1] (0.00ns)   --->   "%specloopname_ln61 = specloopname void @_ssdm_op_SpecLoopName, void @empty_13" [fft_16k_ssr2_i14_c16_t18.cpp:61->fft_16k_ssr2_i14_c16_t18.cpp:336]   --->   Operation 28 'specloopname' 'specloopname_ln61' <Predicate = true> <Delay = 0.00>
ST_3 : Operation 29 [1/1] (0.00ns)   --->   "%p_0 = bitconcatenate i64 @_ssdm_op_BitConcatenate.i64.i14.i2.i14.i2.i14.i2.i14.i2, i14 %tmp_i, i2 0, i14 %tmp_i_58, i2 0, i14 %tmp_1_i, i2 0, i14 %trunc_ln72, i2 0" [fft_16k_ssr2_i14_c16_t18.cpp:82->fft_16k_ssr2_i14_c16_t18.cpp:336]   --->   Operation 29 'bitconcatenate' 'p_0' <Predicate = true> <Delay = 0.00>
ST_3 : Operation 30 [1/1] (1.83ns)   --->   "%write_ln82 = write void @_ssdm_op_Write.ap_fifo.volatile.i64P0A, i64 %input_stream, i64 %p_0" [fft_16k_ssr2_i14_c16_t18.cpp:82->fft_16k_ssr2_i14_c16_t18.cpp:336]   --->   Operation 30 'write' 'write_ln82' <Predicate = true> <Delay = 1.83> <CoreInst = "FIFO_SRL">   --->   Core 81 'FIFO_SRL' <Latency = 0> <II = 1> <Delay = 1.83> <Storage> <Opcode : 'read' 'write' 'nbread' 'nbwrite'> <Ports = 0> <Width = 64> <Depth = 2> <FIFO>
ST_3 : Operation 31 [1/1] (0.00ns)   --->   "%br_ln61 = br void %for.inc.i" [fft_16k_ssr2_i14_c16_t18.cpp:61->fft_16k_ssr2_i14_c16_t18.cpp:336]   --->   Operation 31 'br' 'br_ln61' <Predicate = true> <Delay = 0.00>


============================================================
+ Verbose Summary: Binding
============================================================
STG Binding: 
---------------- STG Properties BEGIN ----------------
- Is combinational: 0
- Is one-state seq: 0
- Is datapath-only: 0
- Is pipelined: 0
- Is top level: 0
Port [ Return ] is wired: 1; IO mode=ap_ctrl_hs:ce=0
Port [ tmp_4]:  wired=1; compound=0; hidden=0; nouse=0; global=0; static=0; extern=0; dir=0; type=0; pingpong=0; private_global=0; IO mode=ap_none:ce=0
Port [ gmem1]:  wired=1; compound=1; hidden=0; nouse=0; global=0; static=0; extern=0; dir=0; type=4; pingpong=0; private_global=0; IO mode=m_axi:ce=0
Port [ sext_ln61]:  wired=1; compound=0; hidden=0; nouse=0; global=0; static=0; extern=0; dir=0; type=0; pingpong=0; private_global=0; IO mode=ap_none:ce=0
Port [ input_stream]:  wired=1; compound=1; hidden=0; nouse=0; global=0; static=0; extern=0; dir=1; type=3; pingpong=0; private_global=0; IO mode=ap_fifo:ce=0
---------------- STG Properties END ------------------

---------------- Datapath Model BEGIN ----------------

<LifeTime>
<method=bitvector/>
i                      (alloca           ) [ 0100]
sext_ln61_read         (read             ) [ 0000]
tmp_4_read             (read             ) [ 0000]
sext_ln61_cast         (sext             ) [ 0110]
specinterface_ln0      (specinterface    ) [ 0000]
specinterface_ln0      (specinterface    ) [ 0000]
store_ln0              (store            ) [ 0000]
br_ln0                 (br               ) [ 0000]
i_load                 (load             ) [ 0000]
zext_ln61              (zext             ) [ 0000]
icmp_ln61              (icmp             ) [ 0110]
add_ln61               (add              ) [ 0000]
br_ln61                (br               ) [ 0000]
store_ln61             (store            ) [ 0000]
gmem1_addr             (getelementptr    ) [ 0000]
gmem1_addr_read        (read             ) [ 0000]
tmp_i                  (partselect       ) [ 0101]
tmp_i_58               (partselect       ) [ 0101]
tmp_1_i                (partselect       ) [ 0101]
trunc_ln72             (trunc            ) [ 0101]
specpipeline_ln61      (specpipeline     ) [ 0000]
speclooptripcount_ln63 (speclooptripcount) [ 0000]
specloopname_ln61      (specloopname     ) [ 0000]
p_0                    (bitconcatenate   ) [ 0000]
write_ln82             (write            ) [ 0000]
br_ln61                (br               ) [ 0000]
ret_ln0                (ret              ) [ 0000]
</LifeTime>

<model>

<comp_list>
<comp id="0" class="1000" name="tmp_4">
<pin_list>
<pin id="1" dir="1" index="0" bw="1" slack="0"/>
</pin_list>
<bind>
<StgValue><ssdm name="tmp_4"/></StgValue>
</bind>
</comp>

<comp id="2" class="1000" name="gmem1">
<pin_list>
<pin id="3" dir="1" index="0" bw="1" slack="0"/>
</pin_list>
<bind>
<StgValue><ssdm name="gmem1"/></StgValue>
</bind>
</comp>

<comp id="4" class="1000" name="sext_ln61">
<pin_list>
<pin id="5" dir="1" index="0" bw="1" slack="0"/>
</pin_list>
<bind>
<StgValue><ssdm name="sext_ln61"/></StgValue>
</bind>
</comp>

<comp id="6" class="1000" name="input_stream">
<pin_list>
<pin id="7" dir="1" index="0" bw="1" slack="0"/>
</pin_list>
<bind>
<StgValue><ssdm name="input_stream"/></StgValue>
</bind>
</comp>

<comp id="8" class="1001" name="const_8">
<pin_list>
<pin id="9" dir="1" index="0" bw="1" slack="0"/>
</pin_list>
<bind>
<StgValue><ssdm name=""/></StgValue>
</bind>
</comp>

<comp id="10" class="1001" name="const_10">
<pin_list>
<pin id="11" dir="1" index="0" bw="1" slack="0"/>
</pin_list>
<bind>
<StgValue><ssdm name="_ssdm_op_Read.ap_auto.i61"/></StgValue>
</bind>
</comp>

<comp id="12" class="1001" name="const_12">
<pin_list>
<pin id="13" dir="1" index="0" bw="1" slack="0"/>
</pin_list>
<bind>
<StgValue><ssdm name="_ssdm_op_Read.ap_auto.i31"/></StgValue>
</bind>
</comp>

<comp id="14" class="1001" name="const_14">
<pin_list>
<pin id="15" dir="1" index="0" bw="1" slack="2147483647"/>
</pin_list>
<bind>
<StgValue><ssdm name="_ssdm_op_SpecInterface"/></StgValue>
</bind>
</comp>

<comp id="16" class="1001" name="const_16">
<pin_list>
<pin id="17" dir="1" index="0" bw="1" slack="2147483647"/>
</pin_list>
<bind>
<StgValue><ssdm name="empty_17"/></StgValue>
</bind>
</comp>

<comp id="18" class="1001" name="const_18">
<pin_list>
<pin id="19" dir="1" index="0" bw="1" slack="2147483647"/>
</pin_list>
<bind>
<StgValue><ssdm name=""/></StgValue>
</bind>
</comp>

<comp id="20" class="1001" name="const_20">
<pin_list>
<pin id="21" dir="1" index="0" bw="1" slack="2147483647"/>
</pin_list>
<bind>
<StgValue><ssdm name="empty"/></StgValue>
</bind>
</comp>

<comp id="22" class="1001" name="const_22">
<pin_list>
<pin id="23" dir="1" index="0" bw="1" slack="2147483647"/>
</pin_list>
<bind>
<StgValue><ssdm name=""/></StgValue>
</bind>
</comp>

<comp id="24" class="1001" name="const_24">
<pin_list>
<pin id="25" dir="1" index="0" bw="1" slack="2147483647"/>
</pin_list>
<bind>
<StgValue><ssdm name=""/></StgValue>
</bind>
</comp>

<comp id="26" class="1001" name="const_26">
<pin_list>
<pin id="27" dir="1" index="0" bw="1" slack="2147483647"/>
</pin_list>
<bind>
<StgValue><ssdm name="empty_0"/></StgValue>
</bind>
</comp>

<comp id="28" class="1001" name="const_28">
<pin_list>
<pin id="29" dir="1" index="0" bw="1" slack="2147483647"/>
</pin_list>
<bind>
<StgValue><ssdm name="empty_1"/></StgValue>
</bind>
</comp>

<comp id="30" class="1001" name="const_30">
<pin_list>
<pin id="31" dir="1" index="0" bw="1" slack="2147483647"/>
</pin_list>
<bind>
<StgValue><ssdm name=""/></StgValue>
</bind>
</comp>

<comp id="32" class="1001" name="const_32">
<pin_list>
<pin id="33" dir="1" index="0" bw="1" slack="2147483647"/>
</pin_list>
<bind>
<StgValue><ssdm name=""/></StgValue>
</bind>
</comp>

<comp id="34" class="1001" name="const_34">
<pin_list>
<pin id="35" dir="1" index="0" bw="1" slack="2147483647"/>
</pin_list>
<bind>
<StgValue><ssdm name="empty_8"/></StgValue>
</bind>
</comp>

<comp id="36" class="1001" name="const_36">
<pin_list>
<pin id="37" dir="1" index="0" bw="1" slack="0"/>
</pin_list>
<bind>
<StgValue><ssdm name=""/></StgValue>
</bind>
</comp>

<comp id="38" class="1001" name="const_38">
<pin_list>
<pin id="39" dir="1" index="0" bw="1" slack="0"/>
</pin_list>
<bind>
<StgValue><ssdm name=""/></StgValue>
</bind>
</comp>

<comp id="40" class="1001" name="const_40">
<pin_list>
<pin id="41" dir="1" index="0" bw="1" slack="0"/>
</pin_list>
<bind>
<StgValue><ssdm name="_ssdm_op_Read.m_axi.p1i64"/></StgValue>
</bind>
</comp>

<comp id="42" class="1001" name="const_42">
<pin_list>
<pin id="43" dir="1" index="0" bw="1" slack="0"/>
</pin_list>
<bind>
<StgValue><ssdm name="_ssdm_op_PartSelect.i14.i64.i32.i32"/></StgValue>
</bind>
</comp>

<comp id="44" class="1001" name="const_44">
<pin_list>
<pin id="45" dir="1" index="0" bw="1" slack="0"/>
</pin_list>
<bind>
<StgValue><ssdm name=""/></StgValue>
</bind>
</comp>

<comp id="46" class="1001" name="const_46">
<pin_list>
<pin id="47" dir="1" index="0" bw="1" slack="0"/>
</pin_list>
<bind>
<StgValue><ssdm name=""/></StgValue>
</bind>
</comp>

<comp id="48" class="1001" name="const_48">
<pin_list>
<pin id="49" dir="1" index="0" bw="1" slack="0"/>
</pin_list>
<bind>
<StgValue><ssdm name=""/></StgValue>
</bind>
</comp>

<comp id="50" class="1001" name="const_50">
<pin_list>
<pin id="51" dir="1" index="0" bw="1" slack="0"/>
</pin_list>
<bind>
<StgValue><ssdm name=""/></StgValue>
</bind>
</comp>

<comp id="52" class="1001" name="const_52">
<pin_list>
<pin id="53" dir="1" index="0" bw="1" slack="0"/>
</pin_list>
<bind>
<StgValue><ssdm name=""/></StgValue>
</bind>
</comp>

<comp id="54" class="1001" name="const_54">
<pin_list>
<pin id="55" dir="1" index="0" bw="1" slack="0"/>
</pin_list>
<bind>
<StgValue><ssdm name=""/></StgValue>
</bind>
</comp>

<comp id="56" class="1001" name="const_56">
<pin_list>
<pin id="57" dir="1" index="0" bw="1" slack="2147483647"/>
</pin_list>
<bind>
<StgValue><ssdm name="_ssdm_op_SpecPipeline"/></StgValue>
</bind>
</comp>

<comp id="58" class="1001" name="const_58">
<pin_list>
<pin id="59" dir="1" index="0" bw="1" slack="2147483647"/>
</pin_list>
<bind>
<StgValue><ssdm name="_ssdm_op_SpecLoopTripCount"/></StgValue>
</bind>
</comp>

<comp id="60" class="1001" name="const_60">
<pin_list>
<pin id="61" dir="1" index="0" bw="1" slack="2147483647"/>
</pin_list>
<bind>
<StgValue><ssdm name=""/></StgValue>
</bind>
</comp>

<comp id="62" class="1001" name="const_62">
<pin_list>
<pin id="63" dir="1" index="0" bw="1" slack="2147483647"/>
</pin_list>
<bind>
<StgValue><ssdm name=""/></StgValue>
</bind>
</comp>

<comp id="64" class="1001" name="const_64">
<pin_list>
<pin id="65" dir="1" index="0" bw="1" slack="2147483647"/>
</pin_list>
<bind>
<StgValue><ssdm name=""/></StgValue>
</bind>
</comp>

<comp id="66" class="1001" name="const_66">
<pin_list>
<pin id="67" dir="1" index="0" bw="1" slack="2147483647"/>
</pin_list>
<bind>
<StgValue><ssdm name="_ssdm_op_SpecLoopName"/></StgValue>
</bind>
</comp>

<comp id="68" class="1001" name="const_68">
<pin_list>
<pin id="69" dir="1" index="0" bw="1" slack="2147483647"/>
</pin_list>
<bind>
<StgValue><ssdm name="empty_13"/></StgValue>
</bind>
</comp>

<comp id="70" class="1001" name="const_70">
<pin_list>
<pin id="71" dir="1" index="0" bw="1" slack="0"/>
</pin_list>
<bind>
<StgValue><ssdm name="_ssdm_op_BitConcatenate.i64.i14.i2.i14.i2.i14.i2.i14.i2"/></StgValue>
</bind>
</comp>

<comp id="72" class="1001" name="const_72">
<pin_list>
<pin id="73" dir="1" index="0" bw="1" slack="0"/>
</pin_list>
<bind>
<StgValue><ssdm name=""/></StgValue>
</bind>
</comp>

<comp id="74" class="1001" name="const_74">
<pin_list>
<pin id="75" dir="1" index="0" bw="1" slack="0"/>
</pin_list>
<bind>
<StgValue><ssdm name="_ssdm_op_Write.ap_fifo.volatile.i64P0A"/></StgValue>
</bind>
</comp>

<comp id="76" class="1004" name="i_fu_76">
<pin_list>
<pin id="77" dir="0" index="0" bw="1" slack="0"/>
<pin id="78" dir="1" index="1" bw="30" slack="0"/>
</pin_list>
<bind>
<opcode="alloca(26) " fcode="alloca"/>
<opset="i/1 "/>
</bind>
</comp>

<comp id="80" class="1004" name="sext_ln61_read_read_fu_80">
<pin_list>
<pin id="81" dir="0" index="0" bw="61" slack="0"/>
<pin id="82" dir="0" index="1" bw="61" slack="0"/>
<pin id="83" dir="1" index="2" bw="61" slack="0"/>
</pin_list>
<bind>
<opcode="read(1150) " fcode="read"/>
<opset="sext_ln61_read/1 "/>
</bind>
</comp>

<comp id="86" class="1004" name="tmp_4_read_read_fu_86">
<pin_list>
<pin id="87" dir="0" index="0" bw="31" slack="0"/>
<pin id="88" dir="0" index="1" bw="31" slack="0"/>
<pin id="89" dir="1" index="2" bw="31" slack="0"/>
</pin_list>
<bind>
<opcode="read(1150) " fcode="read"/>
<opset="tmp_4_read/1 "/>
</bind>
</comp>

<comp id="92" class="1004" name="gmem1_addr_read_read_fu_92">
<pin_list>
<pin id="93" dir="0" index="0" bw="64" slack="0"/>
<pin id="94" dir="0" index="1" bw="64" slack="0"/>
<pin id="95" dir="1" index="2" bw="64" slack="0"/>
</pin_list>
<bind>
<opcode="read(1150) " fcode="read"/>
<opset="gmem1_addr_read/2 "/>
</bind>
</comp>

<comp id="97" class="1004" name="write_ln82_write_fu_97">
<pin_list>
<pin id="98" dir="0" index="0" bw="0" slack="0"/>
<pin id="99" dir="0" index="1" bw="64" slack="0"/>
<pin id="100" dir="0" index="2" bw="64" slack="0"/>
<pin id="101" dir="1" index="3" bw="0" slack="2147483647"/>
</pin_list>
<bind>
<opcode="write(1151) " fcode="write"/>
<opset="write_ln82/3 "/>
</bind>
</comp>

<comp id="104" class="1004" name="sext_ln61_cast_fu_104">
<pin_list>
<pin id="105" dir="0" index="0" bw="61" slack="0"/>
<pin id="106" dir="1" index="1" bw="64" slack="1"/>
</pin_list>
<bind>
<opcode="sext(35) " fcode="sext"/>
<opset="sext_ln61_cast/1 "/>
</bind>
</comp>

<comp id="108" class="1004" name="store_ln0_store_fu_108">
<pin_list>
<pin id="109" dir="0" index="0" bw="1" slack="0"/>
<pin id="110" dir="0" index="1" bw="30" slack="0"/>
<pin id="111" dir="1" index="2" bw="0" slack="2147483647"/>
</pin_list>
<bind>
<opcode="store(28) " fcode="store"/>
<opset="store_ln0/1 "/>
</bind>
</comp>

<comp id="113" class="1004" name="i_load_load_fu_113">
<pin_list>
<pin id="114" dir="0" index="0" bw="30" slack="0"/>
<pin id="115" dir="1" index="1" bw="30" slack="0"/>
</pin_list>
<bind>
<opcode="load(27) " fcode="load"/>
<opset="i_load/1 "/>
</bind>
</comp>

<comp id="116" class="1004" name="zext_ln61_fu_116">
<pin_list>
<pin id="117" dir="0" index="0" bw="30" slack="0"/>
<pin id="118" dir="1" index="1" bw="31" slack="0"/>
</pin_list>
<bind>
<opcode="zext(34) " fcode="zext"/>
<opset="zext_ln61/1 "/>
</bind>
</comp>

<comp id="120" class="1004" name="icmp_ln61_fu_120">
<pin_list>
<pin id="121" dir="0" index="0" bw="31" slack="0"/>
<pin id="122" dir="0" index="1" bw="31" slack="0"/>
<pin id="123" dir="1" index="2" bw="1" slack="1"/>
</pin_list>
<bind>
<opcode="icmp(45) " fcode="icmp"/>
<opset="icmp_ln61/1 "/>
</bind>
</comp>

<comp id="126" class="1004" name="add_ln61_fu_126">
<pin_list>
<pin id="127" dir="0" index="0" bw="30" slack="0"/>
<pin id="128" dir="0" index="1" bw="1" slack="0"/>
<pin id="129" dir="1" index="2" bw="30" slack="0"/>
</pin_list>
<bind>
<opcode="add(8) " fcode="add"/>
<opset="add_ln61/1 "/>
</bind>
</comp>

<comp id="132" class="1004" name="store_ln61_store_fu_132">
<pin_list>
<pin id="133" dir="0" index="0" bw="30" slack="0"/>
<pin id="134" dir="0" index="1" bw="30" slack="0"/>
<pin id="135" dir="1" index="2" bw="0" slack="2147483647"/>
</pin_list>
<bind>
<opcode="store(28) " fcode="store"/>
<opset="store_ln61/1 "/>
</bind>
</comp>

<comp id="137" class="1004" name="gmem1_addr_fu_137">
<pin_list>
<pin id="138" dir="0" index="0" bw="64" slack="0"/>
<pin id="139" dir="0" index="1" bw="64" slack="1"/>
<pin id="140" dir="1" index="2" bw="64" slack="0"/>
</pin_list>
<bind>
<opcode="getelementptr(29) " fcode="getelementptr"/>
<opset="gmem1_addr/2 "/>
</bind>
</comp>

<comp id="143" class="1004" name="tmp_i_fu_143">
<pin_list>
<pin id="144" dir="0" index="0" bw="14" slack="0"/>
<pin id="145" dir="0" index="1" bw="64" slack="0"/>
<pin id="146" dir="0" index="2" bw="7" slack="0"/>
<pin id="147" dir="0" index="3" bw="7" slack="0"/>
<pin id="148" dir="1" index="4" bw="14" slack="1"/>
</pin_list>
<bind>
<opcode="partselect(1002) " fcode="partselect"/>
<opset="tmp_i/2 "/>
</bind>
</comp>

<comp id="153" class="1004" name="tmp_i_58_fu_153">
<pin_list>
<pin id="154" dir="0" index="0" bw="14" slack="0"/>
<pin id="155" dir="0" index="1" bw="64" slack="0"/>
<pin id="156" dir="0" index="2" bw="6" slack="0"/>
<pin id="157" dir="0" index="3" bw="7" slack="0"/>
<pin id="158" dir="1" index="4" bw="14" slack="1"/>
</pin_list>
<bind>
<opcode="partselect(1002) " fcode="partselect"/>
<opset="tmp_i_58/2 "/>
</bind>
</comp>

<comp id="163" class="1004" name="tmp_1_i_fu_163">
<pin_list>
<pin id="164" dir="0" index="0" bw="14" slack="0"/>
<pin id="165" dir="0" index="1" bw="64" slack="0"/>
<pin id="166" dir="0" index="2" bw="5" slack="0"/>
<pin id="167" dir="0" index="3" bw="6" slack="0"/>
<pin id="168" dir="1" index="4" bw="14" slack="1"/>
</pin_list>
<bind>
<opcode="partselect(1002) " fcode="partselect"/>
<opset="tmp_1_i/2 "/>
</bind>
</comp>

<comp id="173" class="1004" name="trunc_ln72_fu_173">
<pin_list>
<pin id="174" dir="0" index="0" bw="64" slack="0"/>
<pin id="175" dir="1" index="1" bw="14" slack="1"/>
</pin_list>
<bind>
<opcode="trunc(33) " fcode="trunc"/>
<opset="trunc_ln72/2 "/>
</bind>
</comp>

<comp id="177" class="1004" name="p_0_fu_177">
<pin_list>
<pin id="178" dir="0" index="0" bw="64" slack="0"/>
<pin id="179" dir="0" index="1" bw="14" slack="1"/>
<pin id="180" dir="0" index="2" bw="1" slack="0"/>
<pin id="181" dir="0" index="3" bw="14" slack="1"/>
<pin id="182" dir="0" index="4" bw="1" slack="0"/>
<pin id="183" dir="0" index="5" bw="14" slack="1"/>
<pin id="184" dir="0" index="6" bw="1" slack="0"/>
<pin id="185" dir="0" index="7" bw="14" slack="1"/>
<pin id="186" dir="0" index="8" bw="1" slack="0"/>
<pin id="187" dir="1" index="9" bw="64" slack="0"/>
</pin_list>
<bind>
<opcode="bitconcatenate(1004) " fcode="bitconcatenate"/>
<opset="p_0/3 "/>
</bind>
</comp>

<comp id="194" class="1005" name="i_reg_194">
<pin_list>
<pin id="195" dir="0" index="0" bw="30" slack="0"/>
<pin id="196" dir="1" index="1" bw="30" slack="0"/>
</pin_list>
<bind>
<opset="i "/>
</bind>
</comp>

<comp id="201" class="1005" name="sext_ln61_cast_reg_201">
<pin_list>
<pin id="202" dir="0" index="0" bw="64" slack="1"/>
<pin id="203" dir="1" index="1" bw="64" slack="1"/>
</pin_list>
<bind>
<opset="sext_ln61_cast "/>
</bind>
</comp>

<comp id="206" class="1005" name="icmp_ln61_reg_206">
<pin_list>
<pin id="207" dir="0" index="0" bw="1" slack="1"/>
<pin id="208" dir="1" index="1" bw="1" slack="2147483647"/>
</pin_list>
<bind>
<opset="icmp_ln61 "/>
</bind>
</comp>

<comp id="210" class="1005" name="tmp_i_reg_210">
<pin_list>
<pin id="211" dir="0" index="0" bw="14" slack="1"/>
<pin id="212" dir="1" index="1" bw="14" slack="1"/>
</pin_list>
<bind>
<opset="tmp_i "/>
</bind>
</comp>

<comp id="215" class="1005" name="tmp_i_58_reg_215">
<pin_list>
<pin id="216" dir="0" index="0" bw="14" slack="1"/>
<pin id="217" dir="1" index="1" bw="14" slack="1"/>
</pin_list>
<bind>
<opset="tmp_i_58 "/>
</bind>
</comp>

<comp id="220" class="1005" name="tmp_1_i_reg_220">
<pin_list>
<pin id="221" dir="0" index="0" bw="14" slack="1"/>
<pin id="222" dir="1" index="1" bw="14" slack="1"/>
</pin_list>
<bind>
<opset="tmp_1_i "/>
</bind>
</comp>

<comp id="225" class="1005" name="trunc_ln72_reg_225">
<pin_list>
<pin id="226" dir="0" index="0" bw="14" slack="1"/>
<pin id="227" dir="1" index="1" bw="14" slack="1"/>
</pin_list>
<bind>
<opset="trunc_ln72 "/>
</bind>
</comp>

</comp_list>

<net_list>
<net id="79"><net_src comp="8" pin="0"/><net_sink comp="76" pin=0"/></net>

<net id="84"><net_src comp="10" pin="0"/><net_sink comp="80" pin=0"/></net>

<net id="85"><net_src comp="4" pin="0"/><net_sink comp="80" pin=1"/></net>

<net id="90"><net_src comp="12" pin="0"/><net_sink comp="86" pin=0"/></net>

<net id="91"><net_src comp="0" pin="0"/><net_sink comp="86" pin=1"/></net>

<net id="96"><net_src comp="40" pin="0"/><net_sink comp="92" pin=0"/></net>

<net id="102"><net_src comp="74" pin="0"/><net_sink comp="97" pin=0"/></net>

<net id="103"><net_src comp="6" pin="0"/><net_sink comp="97" pin=1"/></net>

<net id="107"><net_src comp="80" pin="2"/><net_sink comp="104" pin=0"/></net>

<net id="112"><net_src comp="36" pin="0"/><net_sink comp="108" pin=0"/></net>

<net id="119"><net_src comp="113" pin="1"/><net_sink comp="116" pin=0"/></net>

<net id="124"><net_src comp="116" pin="1"/><net_sink comp="120" pin=0"/></net>

<net id="125"><net_src comp="86" pin="2"/><net_sink comp="120" pin=1"/></net>

<net id="130"><net_src comp="113" pin="1"/><net_sink comp="126" pin=0"/></net>

<net id="131"><net_src comp="38" pin="0"/><net_sink comp="126" pin=1"/></net>

<net id="136"><net_src comp="126" pin="2"/><net_sink comp="132" pin=0"/></net>

<net id="141"><net_src comp="2" pin="0"/><net_sink comp="137" pin=0"/></net>

<net id="142"><net_src comp="137" pin="2"/><net_sink comp="92" pin=1"/></net>

<net id="149"><net_src comp="42" pin="0"/><net_sink comp="143" pin=0"/></net>

<net id="150"><net_src comp="92" pin="2"/><net_sink comp="143" pin=1"/></net>

<net id="151"><net_src comp="44" pin="0"/><net_sink comp="143" pin=2"/></net>

<net id="152"><net_src comp="46" pin="0"/><net_sink comp="143" pin=3"/></net>

<net id="159"><net_src comp="42" pin="0"/><net_sink comp="153" pin=0"/></net>

<net id="160"><net_src comp="92" pin="2"/><net_sink comp="153" pin=1"/></net>

<net id="161"><net_src comp="48" pin="0"/><net_sink comp="153" pin=2"/></net>

<net id="162"><net_src comp="50" pin="0"/><net_sink comp="153" pin=3"/></net>

<net id="169"><net_src comp="42" pin="0"/><net_sink comp="163" pin=0"/></net>

<net id="170"><net_src comp="92" pin="2"/><net_sink comp="163" pin=1"/></net>

<net id="171"><net_src comp="52" pin="0"/><net_sink comp="163" pin=2"/></net>

<net id="172"><net_src comp="54" pin="0"/><net_sink comp="163" pin=3"/></net>

<net id="176"><net_src comp="92" pin="2"/><net_sink comp="173" pin=0"/></net>

<net id="188"><net_src comp="70" pin="0"/><net_sink comp="177" pin=0"/></net>

<net id="189"><net_src comp="72" pin="0"/><net_sink comp="177" pin=2"/></net>

<net id="190"><net_src comp="72" pin="0"/><net_sink comp="177" pin=4"/></net>

<net id="191"><net_src comp="72" pin="0"/><net_sink comp="177" pin=6"/></net>

<net id="192"><net_src comp="72" pin="0"/><net_sink comp="177" pin=8"/></net>

<net id="193"><net_src comp="177" pin="9"/><net_sink comp="97" pin=2"/></net>

<net id="197"><net_src comp="76" pin="1"/><net_sink comp="194" pin=0"/></net>

<net id="198"><net_src comp="194" pin="1"/><net_sink comp="108" pin=1"/></net>

<net id="199"><net_src comp="194" pin="1"/><net_sink comp="113" pin=0"/></net>

<net id="200"><net_src comp="194" pin="1"/><net_sink comp="132" pin=1"/></net>

<net id="204"><net_src comp="104" pin="1"/><net_sink comp="201" pin=0"/></net>

<net id="205"><net_src comp="201" pin="1"/><net_sink comp="137" pin=1"/></net>

<net id="209"><net_src comp="120" pin="2"/><net_sink comp="206" pin=0"/></net>

<net id="213"><net_src comp="143" pin="4"/><net_sink comp="210" pin=0"/></net>

<net id="214"><net_src comp="210" pin="1"/><net_sink comp="177" pin=1"/></net>

<net id="218"><net_src comp="153" pin="4"/><net_sink comp="215" pin=0"/></net>

<net id="219"><net_src comp="215" pin="1"/><net_sink comp="177" pin=3"/></net>

<net id="223"><net_src comp="163" pin="4"/><net_sink comp="220" pin=0"/></net>

<net id="224"><net_src comp="220" pin="1"/><net_sink comp="177" pin=5"/></net>

<net id="228"><net_src comp="173" pin="1"/><net_sink comp="225" pin=0"/></net>

<net id="229"><net_src comp="225" pin="1"/><net_sink comp="177" pin=7"/></net>

</net_list>

</model> 
---------------- Datapath Model END ------------------

* FSMD analyzer results:
  - Output states:
	Port: gmem1 | {}
	Port: input_stream | {3 }
 - Input state : 
	Port: dma_in_Pipeline_VITIS_LOOP_61_1 : tmp_4 | {1 }
	Port: dma_in_Pipeline_VITIS_LOOP_61_1 : gmem1 | {2 }
	Port: dma_in_Pipeline_VITIS_LOOP_61_1 : sext_ln61 | {1 }
	Port: dma_in_Pipeline_VITIS_LOOP_61_1 : input_stream | {}
  - Chain level:
	State 1
		store_ln0 : 1
		i_load : 1
		zext_ln61 : 2
		icmp_ln61 : 3
		add_ln61 : 2
		br_ln61 : 4
		store_ln61 : 3
	State 2
		gmem1_addr_read : 1
		tmp_i : 1
		tmp_i_58 : 1
		tmp_1_i : 1
		trunc_ln72 : 1
	State 3
		write_ln82 : 1


============================================================
+ Verbose Summary: Datapath Resource usage 
============================================================

* Functional unit list:
|----------|----------------------------|---------|---------|
| Operation|       Functional Unit      |    FF   |   LUT   |
|----------|----------------------------|---------|---------|
|   icmp   |      icmp_ln61_fu_120      |    0    |    38   |
|----------|----------------------------|---------|---------|
|    add   |       add_ln61_fu_126      |    0    |    37   |
|----------|----------------------------|---------|---------|
|          |  sext_ln61_read_read_fu_80 |    0    |    0    |
|   read   |    tmp_4_read_read_fu_86   |    0    |    0    |
|          | gmem1_addr_read_read_fu_92 |    0    |    0    |
|----------|----------------------------|---------|---------|
|   write  |   write_ln82_write_fu_97   |    0    |    0    |
|----------|----------------------------|---------|---------|
|   sext   |    sext_ln61_cast_fu_104   |    0    |    0    |
|----------|----------------------------|---------|---------|
|   zext   |      zext_ln61_fu_116      |    0    |    0    |
|----------|----------------------------|---------|---------|
|          |        tmp_i_fu_143        |    0    |    0    |
|partselect|       tmp_i_58_fu_153      |    0    |    0    |
|          |       tmp_1_i_fu_163       |    0    |    0    |
|----------|----------------------------|---------|---------|
|   trunc  |      trunc_ln72_fu_173     |    0    |    0    |
|----------|----------------------------|---------|---------|
|bitconcatenate|         p_0_fu_177         |    0    |    0    |
|----------|----------------------------|---------|---------|
|   Total  |                            |    0    |    75   |
|----------|----------------------------|---------|---------|

Memories:
N/A

* Register list:
+----------------------+--------+
|                      |   FF   |
+----------------------+--------+
|       i_reg_194      |   30   |
|   icmp_ln61_reg_206  |    1   |
|sext_ln61_cast_reg_201|   64   |
|    tmp_1_i_reg_220   |   14   |
|   tmp_i_58_reg_215   |   14   |
|     tmp_i_reg_210    |   14   |
|  trunc_ln72_reg_225  |   14   |
+----------------------+--------+
|         Total        |   151  |
+----------------------+--------+

* Multiplexer (MUX) list: 
|--------|------|------|------|--------|
|  Comp  |  Pin | Size |  BW  | S x BW |
|--------|------|------|------|--------|
|  Total |      |      |      |    0   |
|--------|------|------|------|--------|



* Summary:
+-----------+--------+--------+
|           |   FF   |   LUT  |
+-----------+--------+--------+
|  Function |    0   |   75   |
|   Memory  |    -   |    -   |
|Multiplexer|    -   |    -   |
|  Register |   151  |    -   |
+-----------+--------+--------+
|   Total   |   151  |   75   |
+-----------+--------+--------+
