

================================================================
== Vitis HLS Report for 'dma_out'
================================================================
* Date:           Tue Mar  3 21:26:51 2026

* Version:        2023.2 (Build 4023990 on Oct 11 2023)
* Project:        hls_project
* Solution:       solution1 (Vivado IP Flow Target)
* Product family: zynquplus
* Target device:  xck26-sfvc784-2LV-c


================================================================
== Performance Estimates
================================================================
+ Timing: 
    * Summary: 
    +--------+----------+----------+------------+
    |  Clock |  Target  | Estimated| Uncertainty|
    +--------+----------+----------+------------+
    |ap_clk  |  10.00 ns|  7.300 ns|     2.70 ns|
    +--------+----------+----------+------------+

+ Latency: 
    * Summary: 
    +---------+---------+----------+-----------+-----+------+---------+
    |  Latency (cycles) |  Latency (absolute)  |  Interval  | Pipeline|
    |   min   |   max   |    min   |    max    | min |  max |   Type  |
    +---------+---------+----------+-----------+-----+------+---------+
    |       73|     8266|  0.730 us|  82.660 us|   73|  8266|       no|
    +---------+---------+----------+-----------+-----+------+---------+

    + Detail: 
        * Instance: 
        N/A

        * Loop: 
        N/A

============================================================
+ Verbose Summary: Synthesis Manager
============================================================
InlineROM: 1
ExposeGlobal: 0
============================================================
+ Verbose Summary: CDFG Model
============================================================
IsTopModel: 0
ResetActiveHigh: 1
IsCombinational: 2
IsDatapathOnly: 0
HasWiredReturn: 1
HasMFsm: 0
HasVarLatency: 1
IsPipeline: 0
IsRtlPipelined: 0
IsInstanceOverlapped: 0
IsDontTouch: 0
HasImplIP: 0
IsGatedGlobalClock: 0


============================================================
+ Verbose Summary: Schedule
============================================================
* Number of FSM states : 72
* Pipeline : 0
* Dataflow Pipeline: 0

* FSM state transitions: 
1 --> 2 
2 --> 3 
3 --> 4 
4 --> 5 
5 --> 6 
6 --> 7 
7 --> 8 
8 --> 9 
9 --> 10 
10 --> 11 
11 --> 12 
12 --> 13 
13 --> 14 
14 --> 15 
15 --> 16 
16 --> 17 
17 --> 18 
18 --> 19 
19 --> 20 
20 --> 21 
21 --> 22 
22 --> 23 
23 --> 24 
24 --> 25 
25 --> 26 
26 --> 27 
27 --> 28 
28 --> 29 
29 --> 30 
30 --> 31 
31 --> 32 
32 --> 33 
33 --> 34 
34 --> 35 
35 --> 36 
36 --> 37 
37 --> 38 
38 --> 39 
39 --> 40 
40 --> 41 
41 --> 42 
42 --> 43 
43 --> 44 
44 --> 45 
45 --> 46 
46 --> 47 
47 --> 48 
48 --> 49 
49 --> 50 
50 --> 51 
51 --> 52 
52 --> 53 
53 --> 54 
54 --> 55 
55 --> 56 
56 --> 57 
57 --> 58 
58 --> 59 
59 --> 60 
60 --> 61 
61 --> 62 
62 --> 63 
63 --> 64 
64 --> 65 
65 --> 66 
66 --> 67 
67 --> 68 
68 --> 69 
69 --> 70 
70 --> 71 
71 --> 72 
72 --> 

* FSM state operations: 

State 1 <SV = 0> <Delay = 3.09>
ST_1 : Operation 73 [1/1] (1.83ns)   --->   "%iter_5 = read i18 @_ssdm_op_Read.ap_fifo.i18P0A, i18 %iter"   --->   Operation 73 'read' 'iter_5' <Predicate = true> <Delay = 1.83> <CoreInst = "FIFO_SRL">   --->   Core 81 'FIFO_SRL' <Latency = 0> <II = 1> <Delay = 1.83> <Storage> <Opcode : 'read' 'write' 'nbread' 'nbwrite'> <Ports = 0> <Width = 18> <Depth = 2> <FIFO>
ST_1 : Operation 74 [1/1] (1.93ns)   --->   "%dout_1 = read i64 @_ssdm_op_Read.ap_fifo.i64P0A, i64 %dout" [fft_16k_ssr2_i14_c16_t18.cpp:87->fft_16k_ssr2_i14_c16_t18.cpp:353]   --->   Operation 74 'read' 'dout_1' <Predicate = true> <Delay = 1.93> <CoreInst = "FIFO_SRL">   --->   Core 81 'FIFO_SRL' <Latency = 0> <II = 1> <Delay = 1.93> <Storage> <Opcode : 'read' 'write' 'nbread' 'nbwrite'> <Ports = 0> <Width = 64> <Depth = 8> <FIFO>
ST_1 : Operation 75 [1/1] (0.00ns)   --->   "%trunc_ln90 = trunc i18 %iter_5" [fft_16k_ssr2_i14_c16_t18.cpp:90->fft_16k_ssr2_i14_c16_t18.cpp:353]   --->   Operation 75 'trunc' 'trunc_ln90' <Predicate = true> <Delay = 0.00>
ST_1 : Operation 76 [1/1] (0.00ns)   --->   "%trunc_ln = bitconcatenate i30 @_ssdm_op_BitConcatenate.i30.i17.i13, i17 %trunc_ln90, i13 0" [fft_16k_ssr2_i14_c16_t18.cpp:90->fft_16k_ssr2_i14_c16_t18.cpp:353]   --->   Operation 76 'bitconcatenate' 'trunc_ln' <Predicate = true> <Delay = 0.00>
ST_1 : Operation 77 [1/1] (0.87ns)   --->   "%icmp_ln90 = icmp_sgt  i18 %iter_5, i18 0" [fft_16k_ssr2_i14_c16_t18.cpp:90->fft_16k_ssr2_i14_c16_t18.cpp:353]   --->   Operation 77 'icmp' 'icmp_ln90' <Predicate = true> <Delay = 0.87> <CoreInst = "Cmp">   --->   Core 9 'Cmp' <Latency = 0> <II = 1> <Delay = 0.87> <FuncUnit> <Opcode : 'icmp'> <InPorts = 2> <OutPorts = 1>
ST_1 : Operation 78 [1/1] (0.00ns)   --->   "%trunc_ln90_1 = partselect i61 @_ssdm_op_PartSelect.i61.i64.i32.i32, i64 %dout_1, i32 3, i32 63" [fft_16k_ssr2_i14_c16_t18.cpp:90->fft_16k_ssr2_i14_c16_t18.cpp:353]   --->   Operation 78 'partselect' 'trunc_ln90_1' <Predicate = true> <Delay = 0.00>
ST_1 : Operation 79 [1/1] (0.38ns)   --->   "%empty = select i1 %icmp_ln90, i30 %trunc_ln, i30 0" [fft_16k_ssr2_i14_c16_t18.cpp:90->fft_16k_ssr2_i14_c16_t18.cpp:353]   --->   Operation 79 'select' 'empty' <Predicate = true> <Delay = 0.38> <CoreInst = "Sel">   --->   Core 73 'Sel' <Latency = 0> <II = 1> <Delay = 0.38> <FuncUnit> <Opcode : 'select'> <InPorts = 3> <OutPorts = 1>

State 2 <SV = 1> <Delay = 7.30>
ST_2 : Operation 80 [1/1] (0.00ns)   --->   "%sext_ln90 = sext i61 %trunc_ln90_1" [fft_16k_ssr2_i14_c16_t18.cpp:90->fft_16k_ssr2_i14_c16_t18.cpp:353]   --->   Operation 80 'sext' 'sext_ln90' <Predicate = true> <Delay = 0.00>
ST_2 : Operation 81 [1/1] (0.00ns)   --->   "%gmem2_addr = getelementptr i64 %gmem2, i64 %sext_ln90" [fft_16k_ssr2_i14_c16_t18.cpp:90->fft_16k_ssr2_i14_c16_t18.cpp:353]   --->   Operation 81 'getelementptr' 'gmem2_addr' <Predicate = true> <Delay = 0.00>
ST_2 : Operation 82 [1/1] (0.00ns)   --->   "%zext_ln90 = zext i30 %empty" [fft_16k_ssr2_i14_c16_t18.cpp:90->fft_16k_ssr2_i14_c16_t18.cpp:353]   --->   Operation 82 'zext' 'zext_ln90' <Predicate = true> <Delay = 0.00>
ST_2 : Operation 83 [1/1] (7.30ns)   --->   "%empty_55 = writereq i1 @_ssdm_op_WriteReq.m_axi.p1i64, i64 %gmem2_addr, i32 %zext_ln90" [fft_16k_ssr2_i14_c16_t18.cpp:90->fft_16k_ssr2_i14_c16_t18.cpp:353]   --->   Operation 83 'writereq' 'empty_55' <Predicate = true> <Delay = 7.30> <CoreInst = "m_axi">   --->   Core 121 'm_axi' <Latency = 0> <II = 1> <Delay = 1.00> <Adapter> <Opcode : 'read' 'write' 'readreq' 'writereq' 'writeresp'>

State 3 <SV = 2> <Delay = 1.43>
ST_3 : Operation 84 [1/1] (0.00ns)   --->   "%tmp = bitconcatenate i31 @_ssdm_op_BitConcatenate.i31.i18.i13, i18 %iter_5, i13 0"   --->   Operation 84 'bitconcatenate' 'tmp' <Predicate = true> <Delay = 0.00>
ST_3 : Operation 85 [1/1] (0.00ns)   --->   "%empty_56 = wait i32 @_ssdm_op_Wait"   --->   Operation 85 'wait' 'empty_56' <Predicate = true> <Delay = 0.00>
ST_3 : Operation 86 [2/2] (1.43ns)   --->   "%call_ln90 = call void @dma_out_Pipeline_VITIS_LOOP_90_1, i31 %tmp, i64 %gmem2, i61 %trunc_ln90_1, i64 %joiner_out" [fft_16k_ssr2_i14_c16_t18.cpp:90->fft_16k_ssr2_i14_c16_t18.cpp:353]   --->   Operation 86 'call' 'call_ln90' <Predicate = true> <Delay = 1.43> <CoreType = "Generic">   --->   Core 0 '' <Latency = 0> <II = 1> <Delay = 1.00> <Generic> <Opcode : >

State 4 <SV = 3> <Delay = 0.00>
ST_4 : Operation 87 [1/2] (0.00ns)   --->   "%call_ln90 = call void @dma_out_Pipeline_VITIS_LOOP_90_1, i31 %tmp, i64 %gmem2, i61 %trunc_ln90_1, i64 %joiner_out" [fft_16k_ssr2_i14_c16_t18.cpp:90->fft_16k_ssr2_i14_c16_t18.cpp:353]   --->   Operation 87 'call' 'call_ln90' <Predicate = true> <Delay = 0.00> <CoreType = "Generic">   --->   Core 0 '' <Latency = 0> <II = 1> <Delay = 1.00> <Generic> <Opcode : >

State 5 <SV = 4> <Delay = 7.30>
ST_5 : Operation 88 [68/68] (7.30ns)   --->   "%empty_57 = writeresp i1 @_ssdm_op_WriteResp.m_axi.p1i64, i64 %gmem2_addr" [fft_16k_ssr2_i14_c16_t18.cpp:102->fft_16k_ssr2_i14_c16_t18.cpp:353]   --->   Operation 88 'writeresp' 'empty_57' <Predicate = true> <Delay = 7.30> <CoreInst = "m_axi">   --->   Core 121 'm_axi' <Latency = 0> <II = 1> <Delay = 1.00> <Adapter> <Opcode : 'read' 'write' 'readreq' 'writereq' 'writeresp'>

State 6 <SV = 5> <Delay = 7.30>
ST_6 : Operation 89 [67/68] (7.30ns)   --->   "%empty_57 = writeresp i1 @_ssdm_op_WriteResp.m_axi.p1i64, i64 %gmem2_addr" [fft_16k_ssr2_i14_c16_t18.cpp:102->fft_16k_ssr2_i14_c16_t18.cpp:353]   --->   Operation 89 'writeresp' 'empty_57' <Predicate = true> <Delay = 7.30> <CoreInst = "m_axi">   --->   Core 121 'm_axi' <Latency = 0> <II = 1> <Delay = 1.00> <Adapter> <Opcode : 'read' 'write' 'readreq' 'writereq' 'writeresp'>

State 7 <SV = 6> <Delay = 7.30>
ST_7 : Operation 90 [66/68] (7.30ns)   --->   "%empty_57 = writeresp i1 @_ssdm_op_WriteResp.m_axi.p1i64, i64 %gmem2_addr" [fft_16k_ssr2_i14_c16_t18.cpp:102->fft_16k_ssr2_i14_c16_t18.cpp:353]   --->   Operation 90 'writeresp' 'empty_57' <Predicate = true> <Delay = 7.30> <CoreInst = "m_axi">   --->   Core 121 'm_axi' <Latency = 0> <II = 1> <Delay = 1.00> <Adapter> <Opcode : 'read' 'write' 'readreq' 'writereq' 'writeresp'>

State 8 <SV = 7> <Delay = 7.30>
ST_8 : Operation 91 [65/68] (7.30ns)   --->   "%empty_57 = writeresp i1 @_ssdm_op_WriteResp.m_axi.p1i64, i64 %gmem2_addr" [fft_16k_ssr2_i14_c16_t18.cpp:102->fft_16k_ssr2_i14_c16_t18.cpp:353]   --->   Operation 91 'writeresp' 'empty_57' <Predicate = true> <Delay = 7.30> <CoreInst = "m_axi">   --->   Core 121 'm_axi' <Latency = 0> <II = 1> <Delay = 1.00> <Adapter> <Opcode : 'read' 'write' 'readreq' 'writereq' 'writeresp'>

State 9 <SV = 8> <Delay = 7.30>
ST_9 : Operation 92 [64/68] (7.30ns)   --->   "%empty_57 = writeresp i1 @_ssdm_op_WriteResp.m_axi.p1i64, i64 %gmem2_addr" [fft_16k_ssr2_i14_c16_t18.cpp:102->fft_16k_ssr2_i14_c16_t18.cpp:353]   --->   Operation 92 'writeresp' 'empty_57' <Predicate = true> <Delay = 7.30> <CoreInst = "m_axi">   --->   Core 121 'm_axi' <Latency = 0> <II = 1> <Delay = 1.00> <Adapter> <Opcode : 'read' 'write' 'readreq' 'writereq' 'writeresp'>

State 10 <SV = 9> <Delay = 7.30>
ST_10 : Operation 93 [63/68] (7.30ns)   --->   "%empty_57 = writeresp i1 @_ssdm_op_WriteResp.m_axi.p1i64, i64 %gmem2_addr" [fft_16k_ssr2_i14_c16_t18.cpp:102->fft_16k_ssr2_i14_c16_t18.cpp:353]   --->   Operation 93 'writeresp' 'empty_57' <Predicate = true> <Delay = 7.30> <CoreInst = "m_axi">   --->   Core 121 'm_axi' <Latency = 0> <II = 1> <Delay = 1.00> <Adapter> <Opcode : 'read' 'write' 'readreq' 'writereq' 'writeresp'>

State 11 <SV = 10> <Delay = 7.30>
ST_11 : Operation 94 [62/68] (7.30ns)   --->   "%empty_57 = writeresp i1 @_ssdm_op_WriteResp.m_axi.p1i64, i64 %gmem2_addr" [fft_16k_ssr2_i14_c16_t18.cpp:102->fft_16k_ssr2_i14_c16_t18.cpp:353]   --->   Operation 94 'writeresp' 'empty_57' <Predicate = true> <Delay = 7.30> <CoreInst = "m_axi">   --->   Core 121 'm_axi' <Latency = 0> <II = 1> <Delay = 1.00> <Adapter> <Opcode : 'read' 'write' 'readreq' 'writereq' 'writeresp'>

State 12 <SV = 11> <Delay = 7.30>
ST_12 : Operation 95 [61/68] (7.30ns)   --->   "%empty_57 = writeresp i1 @_ssdm_op_WriteResp.m_axi.p1i64, i64 %gmem2_addr" [fft_16k_ssr2_i14_c16_t18.cpp:102->fft_16k_ssr2_i14_c16_t18.cpp:353]   --->   Operation 95 'writeresp' 'empty_57' <Predicate = true> <Delay = 7.30> <CoreInst = "m_axi">   --->   Core 121 'm_axi' <Latency = 0> <II = 1> <Delay = 1.00> <Adapter> <Opcode : 'read' 'write' 'readreq' 'writereq' 'writeresp'>

State 13 <SV = 12> <Delay = 7.30>
ST_13 : Operation 96 [60/68] (7.30ns)   --->   "%empty_57 = writeresp i1 @_ssdm_op_WriteResp.m_axi.p1i64, i64 %gmem2_addr" [fft_16k_ssr2_i14_c16_t18.cpp:102->fft_16k_ssr2_i14_c16_t18.cpp:353]   --->   Operation 96 'writeresp' 'empty_57' <Predicate = true> <Delay = 7.30> <CoreInst = "m_axi">   --->   Core 121 'm_axi' <Latency = 0> <II = 1> <Delay = 1.00> <Adapter> <Opcode : 'read' 'write' 'readreq' 'writereq' 'writeresp'>

State 14 <SV = 13> <Delay = 7.30>
ST_14 : Operation 97 [59/68] (7.30ns)   --->   "%empty_57 = writeresp i1 @_ssdm_op_WriteResp.m_axi.p1i64, i64 %gmem2_addr" [fft_16k_ssr2_i14_c16_t18.cpp:102->fft_16k_ssr2_i14_c16_t18.cpp:353]   --->   Operation 97 'writeresp' 'empty_57' <Predicate = true> <Delay = 7.30> <CoreInst = "m_axi">   --->   Core 121 'm_axi' <Latency = 0> <II = 1> <Delay = 1.00> <Adapter> <Opcode : 'read' 'write' 'readreq' 'writereq' 'writeresp'>

State 15 <SV = 14> <Delay = 7.30>
ST_15 : Operation 98 [58/68] (7.30ns)   --->   "%empty_57 = writeresp i1 @_ssdm_op_WriteResp.m_axi.p1i64, i64 %gmem2_addr" [fft_16k_ssr2_i14_c16_t18.cpp:102->fft_16k_ssr2_i14_c16_t18.cpp:353]   --->   Operation 98 'writeresp' 'empty_57' <Predicate = true> <Delay = 7.30> <CoreInst = "m_axi">   --->   Core 121 'm_axi' <Latency = 0> <II = 1> <Delay = 1.00> <Adapter> <Opcode : 'read' 'write' 'readreq' 'writereq' 'writeresp'>

State 16 <SV = 15> <Delay = 7.30>
ST_16 : Operation 99 [57/68] (7.30ns)   --->   "%empty_57 = writeresp i1 @_ssdm_op_WriteResp.m_axi.p1i64, i64 %gmem2_addr" [fft_16k_ssr2_i14_c16_t18.cpp:102->fft_16k_ssr2_i14_c16_t18.cpp:353]   --->   Operation 99 'writeresp' 'empty_57' <Predicate = true> <Delay = 7.30> <CoreInst = "m_axi">   --->   Core 121 'm_axi' <Latency = 0> <II = 1> <Delay = 1.00> <Adapter> <Opcode : 'read' 'write' 'readreq' 'writereq' 'writeresp'>

State 17 <SV = 16> <Delay = 7.30>
ST_17 : Operation 100 [56/68] (7.30ns)   --->   "%empty_57 = writeresp i1 @_ssdm_op_WriteResp.m_axi.p1i64, i64 %gmem2_addr" [fft_16k_ssr2_i14_c16_t18.cpp:102->fft_16k_ssr2_i14_c16_t18.cpp:353]   --->   Operation 100 'writeresp' 'empty_57' <Predicate = true> <Delay = 7.30> <CoreInst = "m_axi">   --->   Core 121 'm_axi' <Latency = 0> <II = 1> <Delay = 1.00> <Adapter> <Opcode : 'read' 'write' 'readreq' 'writereq' 'writeresp'>

State 18 <SV = 17> <Delay = 7.30>
ST_18 : Operation 101 [55/68] (7.30ns)   --->   "%empty_57 = writeresp i1 @_ssdm_op_WriteResp.m_axi.p1i64, i64 %gmem2_addr" [fft_16k_ssr2_i14_c16_t18.cpp:102->fft_16k_ssr2_i14_c16_t18.cpp:353]   --->   Operation 101 'writeresp' 'empty_57' <Predicate = true> <Delay = 7.30> <CoreInst = "m_axi">   --->   Core 121 'm_axi' <Latency = 0> <II = 1> <Delay = 1.00> <Adapter> <Opcode : 'read' 'write' 'readreq' 'writereq' 'writeresp'>

State 19 <SV = 18> <Delay = 7.30>
ST_19 : Operation 102 [54/68] (7.30ns)   --->   "%empty_57 = writeresp i1 @_ssdm_op_WriteResp.m_axi.p1i64, i64 %gmem2_addr" [fft_16k_ssr2_i14_c16_t18.cpp:102->fft_16k_ssr2_i14_c16_t18.cpp:353]   --->   Operation 102 'writeresp' 'empty_57' <Predicate = true> <Delay = 7.30> <CoreInst = "m_axi">   --->   Core 121 'm_axi' <Latency = 0> <II = 1> <Delay = 1.00> <Adapter> <Opcode : 'read' 'write' 'readreq' 'writereq' 'writeresp'>

State 20 <SV = 19> <Delay = 7.30>
ST_20 : Operation 103 [53/68] (7.30ns)   --->   "%empty_57 = writeresp i1 @_ssdm_op_WriteResp.m_axi.p1i64, i64 %gmem2_addr" [fft_16k_ssr2_i14_c16_t18.cpp:102->fft_16k_ssr2_i14_c16_t18.cpp:353]   --->   Operation 103 'writeresp' 'empty_57' <Predicate = true> <Delay = 7.30> <CoreInst = "m_axi">   --->   Core 121 'm_axi' <Latency = 0> <II = 1> <Delay = 1.00> <Adapter> <Opcode : 'read' 'write' 'readreq' 'writereq' 'writeresp'>

State 21 <SV = 20> <Delay = 7.30>
ST_21 : Operation 104 [52/68] (7.30ns)   --->   "%empty_57 = writeresp i1 @_ssdm_op_WriteResp.m_axi.p1i64, i64 %gmem2_addr" [fft_16k_ssr2_i14_c16_t18.cpp:102->fft_16k_ssr2_i14_c16_t18.cpp:353]   --->   Operation 104 'writeresp' 'empty_57' <Predicate = true> <Delay = 7.30> <CoreInst = "m_axi">   --->   Core 121 'm_axi' <Latency = 0> <II = 1> <Delay = 1.00> <Adapter> <Opcode : 'read' 'write' 'readreq' 'writereq' 'writeresp'>

State 22 <SV = 21> <Delay = 7.30>
ST_22 : Operation 105 [51/68] (7.30ns)   --->   "%empty_57 = writeresp i1 @_ssdm_op_WriteResp.m_axi.p1i64, i64 %gmem2_addr" [fft_16k_ssr2_i14_c16_t18.cpp:102->fft_16k_ssr2_i14_c16_t18.cpp:353]   --->   Operation 105 'writeresp' 'empty_57' <Predicate = true> <Delay = 7.30> <CoreInst = "m_axi">   --->   Core 121 'm_axi' <Latency = 0> <II = 1> <Delay = 1.00> <Adapter> <Opcode : 'read' 'write' 'readreq' 'writereq' 'writeresp'>

State 23 <SV = 22> <Delay = 7.30>
ST_23 : Operation 106 [50/68] (7.30ns)   --->   "%empty_57 = writeresp i1 @_ssdm_op_WriteResp.m_axi.p1i64, i64 %gmem2_addr" [fft_16k_ssr2_i14_c16_t18.cpp:102->fft_16k_ssr2_i14_c16_t18.cpp:353]   --->   Operation 106 'writeresp' 'empty_57' <Predicate = true> <Delay = 7.30> <CoreInst = "m_axi">   --->   Core 121 'm_axi' <Latency = 0> <II = 1> <Delay = 1.00> <Adapter> <Opcode : 'read' 'write' 'readreq' 'writereq' 'writeresp'>

State 24 <SV = 23> <Delay = 7.30>
ST_24 : Operation 107 [49/68] (7.30ns)   --->   "%empty_57 = writeresp i1 @_ssdm_op_WriteResp.m_axi.p1i64, i64 %gmem2_addr" [fft_16k_ssr2_i14_c16_t18.cpp:102->fft_16k_ssr2_i14_c16_t18.cpp:353]   --->   Operation 107 'writeresp' 'empty_57' <Predicate = true> <Delay = 7.30> <CoreInst = "m_axi">   --->   Core 121 'm_axi' <Latency = 0> <II = 1> <Delay = 1.00> <Adapter> <Opcode : 'read' 'write' 'readreq' 'writereq' 'writeresp'>

State 25 <SV = 24> <Delay = 7.30>
ST_25 : Operation 108 [48/68] (7.30ns)   --->   "%empty_57 = writeresp i1 @_ssdm_op_WriteResp.m_axi.p1i64, i64 %gmem2_addr" [fft_16k_ssr2_i14_c16_t18.cpp:102->fft_16k_ssr2_i14_c16_t18.cpp:353]   --->   Operation 108 'writeresp' 'empty_57' <Predicate = true> <Delay = 7.30> <CoreInst = "m_axi">   --->   Core 121 'm_axi' <Latency = 0> <II = 1> <Delay = 1.00> <Adapter> <Opcode : 'read' 'write' 'readreq' 'writereq' 'writeresp'>

State 26 <SV = 25> <Delay = 7.30>
ST_26 : Operation 109 [47/68] (7.30ns)   --->   "%empty_57 = writeresp i1 @_ssdm_op_WriteResp.m_axi.p1i64, i64 %gmem2_addr" [fft_16k_ssr2_i14_c16_t18.cpp:102->fft_16k_ssr2_i14_c16_t18.cpp:353]   --->   Operation 109 'writeresp' 'empty_57' <Predicate = true> <Delay = 7.30> <CoreInst = "m_axi">   --->   Core 121 'm_axi' <Latency = 0> <II = 1> <Delay = 1.00> <Adapter> <Opcode : 'read' 'write' 'readreq' 'writereq' 'writeresp'>

State 27 <SV = 26> <Delay = 7.30>
ST_27 : Operation 110 [46/68] (7.30ns)   --->   "%empty_57 = writeresp i1 @_ssdm_op_WriteResp.m_axi.p1i64, i64 %gmem2_addr" [fft_16k_ssr2_i14_c16_t18.cpp:102->fft_16k_ssr2_i14_c16_t18.cpp:353]   --->   Operation 110 'writeresp' 'empty_57' <Predicate = true> <Delay = 7.30> <CoreInst = "m_axi">   --->   Core 121 'm_axi' <Latency = 0> <II = 1> <Delay = 1.00> <Adapter> <Opcode : 'read' 'write' 'readreq' 'writereq' 'writeresp'>

State 28 <SV = 27> <Delay = 7.30>
ST_28 : Operation 111 [45/68] (7.30ns)   --->   "%empty_57 = writeresp i1 @_ssdm_op_WriteResp.m_axi.p1i64, i64 %gmem2_addr" [fft_16k_ssr2_i14_c16_t18.cpp:102->fft_16k_ssr2_i14_c16_t18.cpp:353]   --->   Operation 111 'writeresp' 'empty_57' <Predicate = true> <Delay = 7.30> <CoreInst = "m_axi">   --->   Core 121 'm_axi' <Latency = 0> <II = 1> <Delay = 1.00> <Adapter> <Opcode : 'read' 'write' 'readreq' 'writereq' 'writeresp'>

State 29 <SV = 28> <Delay = 7.30>
ST_29 : Operation 112 [44/68] (7.30ns)   --->   "%empty_57 = writeresp i1 @_ssdm_op_WriteResp.m_axi.p1i64, i64 %gmem2_addr" [fft_16k_ssr2_i14_c16_t18.cpp:102->fft_16k_ssr2_i14_c16_t18.cpp:353]   --->   Operation 112 'writeresp' 'empty_57' <Predicate = true> <Delay = 7.30> <CoreInst = "m_axi">   --->   Core 121 'm_axi' <Latency = 0> <II = 1> <Delay = 1.00> <Adapter> <Opcode : 'read' 'write' 'readreq' 'writereq' 'writeresp'>

State 30 <SV = 29> <Delay = 7.30>
ST_30 : Operation 113 [43/68] (7.30ns)   --->   "%empty_57 = writeresp i1 @_ssdm_op_WriteResp.m_axi.p1i64, i64 %gmem2_addr" [fft_16k_ssr2_i14_c16_t18.cpp:102->fft_16k_ssr2_i14_c16_t18.cpp:353]   --->   Operation 113 'writeresp' 'empty_57' <Predicate = true> <Delay = 7.30> <CoreInst = "m_axi">   --->   Core 121 'm_axi' <Latency = 0> <II = 1> <Delay = 1.00> <Adapter> <Opcode : 'read' 'write' 'readreq' 'writereq' 'writeresp'>

State 31 <SV = 30> <Delay = 7.30>
ST_31 : Operation 114 [42/68] (7.30ns)   --->   "%empty_57 = writeresp i1 @_ssdm_op_WriteResp.m_axi.p1i64, i64 %gmem2_addr" [fft_16k_ssr2_i14_c16_t18.cpp:102->fft_16k_ssr2_i14_c16_t18.cpp:353]   --->   Operation 114 'writeresp' 'empty_57' <Predicate = true> <Delay = 7.30> <CoreInst = "m_axi">   --->   Core 121 'm_axi' <Latency = 0> <II = 1> <Delay = 1.00> <Adapter> <Opcode : 'read' 'write' 'readreq' 'writereq' 'writeresp'>

State 32 <SV = 31> <Delay = 7.30>
ST_32 : Operation 115 [41/68] (7.30ns)   --->   "%empty_57 = writeresp i1 @_ssdm_op_WriteResp.m_axi.p1i64, i64 %gmem2_addr" [fft_16k_ssr2_i14_c16_t18.cpp:102->fft_16k_ssr2_i14_c16_t18.cpp:353]   --->   Operation 115 'writeresp' 'empty_57' <Predicate = true> <Delay = 7.30> <CoreInst = "m_axi">   --->   Core 121 'm_axi' <Latency = 0> <II = 1> <Delay = 1.00> <Adapter> <Opcode : 'read' 'write' 'readreq' 'writereq' 'writeresp'>

State 33 <SV = 32> <Delay = 7.30>
ST_33 : Operation 116 [40/68] (7.30ns)   --->   "%empty_57 = writeresp i1 @_ssdm_op_WriteResp.m_axi.p1i64, i64 %gmem2_addr" [fft_16k_ssr2_i14_c16_t18.cpp:102->fft_16k_ssr2_i14_c16_t18.cpp:353]   --->   Operation 116 'writeresp' 'empty_57' <Predicate = true> <Delay = 7.30> <CoreInst = "m_axi">   --->   Core 121 'm_axi' <Latency = 0> <II = 1> <Delay = 1.00> <Adapter> <Opcode : 'read' 'write' 'readreq' 'writereq' 'writeresp'>

State 34 <SV = 33> <Delay = 7.30>
ST_34 : Operation 117 [39/68] (7.30ns)   --->   "%empty_57 = writeresp i1 @_ssdm_op_WriteResp.m_axi.p1i64, i64 %gmem2_addr" [fft_16k_ssr2_i14_c16_t18.cpp:102->fft_16k_ssr2_i14_c16_t18.cpp:353]   --->   Operation 117 'writeresp' 'empty_57' <Predicate = true> <Delay = 7.30> <CoreInst = "m_axi">   --->   Core 121 'm_axi' <Latency = 0> <II = 1> <Delay = 1.00> <Adapter> <Opcode : 'read' 'write' 'readreq' 'writereq' 'writeresp'>

State 35 <SV = 34> <Delay = 7.30>
ST_35 : Operation 118 [38/68] (7.30ns)   --->   "%empty_57 = writeresp i1 @_ssdm_op_WriteResp.m_axi.p1i64, i64 %gmem2_addr" [fft_16k_ssr2_i14_c16_t18.cpp:102->fft_16k_ssr2_i14_c16_t18.cpp:353]   --->   Operation 118 'writeresp' 'empty_57' <Predicate = true> <Delay = 7.30> <CoreInst = "m_axi">   --->   Core 121 'm_axi' <Latency = 0> <II = 1> <Delay = 1.00> <Adapter> <Opcode : 'read' 'write' 'readreq' 'writereq' 'writeresp'>

State 36 <SV = 35> <Delay = 7.30>
ST_36 : Operation 119 [37/68] (7.30ns)   --->   "%empty_57 = writeresp i1 @_ssdm_op_WriteResp.m_axi.p1i64, i64 %gmem2_addr" [fft_16k_ssr2_i14_c16_t18.cpp:102->fft_16k_ssr2_i14_c16_t18.cpp:353]   --->   Operation 119 'writeresp' 'empty_57' <Predicate = true> <Delay = 7.30> <CoreInst = "m_axi">   --->   Core 121 'm_axi' <Latency = 0> <II = 1> <Delay = 1.00> <Adapter> <Opcode : 'read' 'write' 'readreq' 'writereq' 'writeresp'>

State 37 <SV = 36> <Delay = 7.30>
ST_37 : Operation 120 [36/68] (7.30ns)   --->   "%empty_57 = writeresp i1 @_ssdm_op_WriteResp.m_axi.p1i64, i64 %gmem2_addr" [fft_16k_ssr2_i14_c16_t18.cpp:102->fft_16k_ssr2_i14_c16_t18.cpp:353]   --->   Operation 120 'writeresp' 'empty_57' <Predicate = true> <Delay = 7.30> <CoreInst = "m_axi">   --->   Core 121 'm_axi' <Latency = 0> <II = 1> <Delay = 1.00> <Adapter> <Opcode : 'read' 'write' 'readreq' 'writereq' 'writeresp'>

State 38 <SV = 37> <Delay = 7.30>
ST_38 : Operation 121 [35/68] (7.30ns)   --->   "%empty_57 = writeresp i1 @_ssdm_op_WriteResp.m_axi.p1i64, i64 %gmem2_addr" [fft_16k_ssr2_i14_c16_t18.cpp:102->fft_16k_ssr2_i14_c16_t18.cpp:353]   --->   Operation 121 'writeresp' 'empty_57' <Predicate = true> <Delay = 7.30> <CoreInst = "m_axi">   --->   Core 121 'm_axi' <Latency = 0> <II = 1> <Delay = 1.00> <Adapter> <Opcode : 'read' 'write' 'readreq' 'writereq' 'writeresp'>

State 39 <SV = 38> <Delay = 7.30>
ST_39 : Operation 122 [34/68] (7.30ns)   --->   "%empty_57 = writeresp i1 @_ssdm_op_WriteResp.m_axi.p1i64, i64 %gmem2_addr" [fft_16k_ssr2_i14_c16_t18.cpp:102->fft_16k_ssr2_i14_c16_t18.cpp:353]   --->   Operation 122 'writeresp' 'empty_57' <Predicate = true> <Delay = 7.30> <CoreInst = "m_axi">   --->   Core 121 'm_axi' <Latency = 0> <II = 1> <Delay = 1.00> <Adapter> <Opcode : 'read' 'write' 'readreq' 'writereq' 'writeresp'>

State 40 <SV = 39> <Delay = 7.30>
ST_40 : Operation 123 [33/68] (7.30ns)   --->   "%empty_57 = writeresp i1 @_ssdm_op_WriteResp.m_axi.p1i64, i64 %gmem2_addr" [fft_16k_ssr2_i14_c16_t18.cpp:102->fft_16k_ssr2_i14_c16_t18.cpp:353]   --->   Operation 123 'writeresp' 'empty_57' <Predicate = true> <Delay = 7.30> <CoreInst = "m_axi">   --->   Core 121 'm_axi' <Latency = 0> <II = 1> <Delay = 1.00> <Adapter> <Opcode : 'read' 'write' 'readreq' 'writereq' 'writeresp'>

State 41 <SV = 40> <Delay = 7.30>
ST_41 : Operation 124 [32/68] (7.30ns)   --->   "%empty_57 = writeresp i1 @_ssdm_op_WriteResp.m_axi.p1i64, i64 %gmem2_addr" [fft_16k_ssr2_i14_c16_t18.cpp:102->fft_16k_ssr2_i14_c16_t18.cpp:353]   --->   Operation 124 'writeresp' 'empty_57' <Predicate = true> <Delay = 7.30> <CoreInst = "m_axi">   --->   Core 121 'm_axi' <Latency = 0> <II = 1> <Delay = 1.00> <Adapter> <Opcode : 'read' 'write' 'readreq' 'writereq' 'writeresp'>

State 42 <SV = 41> <Delay = 7.30>
ST_42 : Operation 125 [31/68] (7.30ns)   --->   "%empty_57 = writeresp i1 @_ssdm_op_WriteResp.m_axi.p1i64, i64 %gmem2_addr" [fft_16k_ssr2_i14_c16_t18.cpp:102->fft_16k_ssr2_i14_c16_t18.cpp:353]   --->   Operation 125 'writeresp' 'empty_57' <Predicate = true> <Delay = 7.30> <CoreInst = "m_axi">   --->   Core 121 'm_axi' <Latency = 0> <II = 1> <Delay = 1.00> <Adapter> <Opcode : 'read' 'write' 'readreq' 'writereq' 'writeresp'>

State 43 <SV = 42> <Delay = 7.30>
ST_43 : Operation 126 [30/68] (7.30ns)   --->   "%empty_57 = writeresp i1 @_ssdm_op_WriteResp.m_axi.p1i64, i64 %gmem2_addr" [fft_16k_ssr2_i14_c16_t18.cpp:102->fft_16k_ssr2_i14_c16_t18.cpp:353]   --->   Operation 126 'writeresp' 'empty_57' <Predicate = true> <Delay = 7.30> <CoreInst = "m_axi">   --->   Core 121 'm_axi' <Latency = 0> <II = 1> <Delay = 1.00> <Adapter> <Opcode : 'read' 'write' 'readreq' 'writereq' 'writeresp'>

State 44 <SV = 43> <Delay = 7.30>
ST_44 : Operation 127 [29/68] (7.30ns)   --->   "%empty_57 = writeresp i1 @_ssdm_op_WriteResp.m_axi.p1i64, i64 %gmem2_addr" [fft_16k_ssr2_i14_c16_t18.cpp:102->fft_16k_ssr2_i14_c16_t18.cpp:353]   --->   Operation 127 'writeresp' 'empty_57' <Predicate = true> <Delay = 7.30> <CoreInst = "m_axi">   --->   Core 121 'm_axi' <Latency = 0> <II = 1> <Delay = 1.00> <Adapter> <Opcode : 'read' 'write' 'readreq' 'writereq' 'writeresp'>

State 45 <SV = 44> <Delay = 7.30>
ST_45 : Operation 128 [28/68] (7.30ns)   --->   "%empty_57 = writeresp i1 @_ssdm_op_WriteResp.m_axi.p1i64, i64 %gmem2_addr" [fft_16k_ssr2_i14_c16_t18.cpp:102->fft_16k_ssr2_i14_c16_t18.cpp:353]   --->   Operation 128 'writeresp' 'empty_57' <Predicate = true> <Delay = 7.30> <CoreInst = "m_axi">   --->   Core 121 'm_axi' <Latency = 0> <II = 1> <Delay = 1.00> <Adapter> <Opcode : 'read' 'write' 'readreq' 'writereq' 'writeresp'>

State 46 <SV = 45> <Delay = 7.30>
ST_46 : Operation 129 [27/68] (7.30ns)   --->   "%empty_57 = writeresp i1 @_ssdm_op_WriteResp.m_axi.p1i64, i64 %gmem2_addr" [fft_16k_ssr2_i14_c16_t18.cpp:102->fft_16k_ssr2_i14_c16_t18.cpp:353]   --->   Operation 129 'writeresp' 'empty_57' <Predicate = true> <Delay = 7.30> <CoreInst = "m_axi">   --->   Core 121 'm_axi' <Latency = 0> <II = 1> <Delay = 1.00> <Adapter> <Opcode : 'read' 'write' 'readreq' 'writereq' 'writeresp'>

State 47 <SV = 46> <Delay = 7.30>
ST_47 : Operation 130 [26/68] (7.30ns)   --->   "%empty_57 = writeresp i1 @_ssdm_op_WriteResp.m_axi.p1i64, i64 %gmem2_addr" [fft_16k_ssr2_i14_c16_t18.cpp:102->fft_16k_ssr2_i14_c16_t18.cpp:353]   --->   Operation 130 'writeresp' 'empty_57' <Predicate = true> <Delay = 7.30> <CoreInst = "m_axi">   --->   Core 121 'm_axi' <Latency = 0> <II = 1> <Delay = 1.00> <Adapter> <Opcode : 'read' 'write' 'readreq' 'writereq' 'writeresp'>

State 48 <SV = 47> <Delay = 7.30>
ST_48 : Operation 131 [25/68] (7.30ns)   --->   "%empty_57 = writeresp i1 @_ssdm_op_WriteResp.m_axi.p1i64, i64 %gmem2_addr" [fft_16k_ssr2_i14_c16_t18.cpp:102->fft_16k_ssr2_i14_c16_t18.cpp:353]   --->   Operation 131 'writeresp' 'empty_57' <Predicate = true> <Delay = 7.30> <CoreInst = "m_axi">   --->   Core 121 'm_axi' <Latency = 0> <II = 1> <Delay = 1.00> <Adapter> <Opcode : 'read' 'write' 'readreq' 'writereq' 'writeresp'>

State 49 <SV = 48> <Delay = 7.30>
ST_49 : Operation 132 [24/68] (7.30ns)   --->   "%empty_57 = writeresp i1 @_ssdm_op_WriteResp.m_axi.p1i64, i64 %gmem2_addr" [fft_16k_ssr2_i14_c16_t18.cpp:102->fft_16k_ssr2_i14_c16_t18.cpp:353]   --->   Operation 132 'writeresp' 'empty_57' <Predicate = true> <Delay = 7.30> <CoreInst = "m_axi">   --->   Core 121 'm_axi' <Latency = 0> <II = 1> <Delay = 1.00> <Adapter> <Opcode : 'read' 'write' 'readreq' 'writereq' 'writeresp'>

State 50 <SV = 49> <Delay = 7.30>
ST_50 : Operation 133 [23/68] (7.30ns)   --->   "%empty_57 = writeresp i1 @_ssdm_op_WriteResp.m_axi.p1i64, i64 %gmem2_addr" [fft_16k_ssr2_i14_c16_t18.cpp:102->fft_16k_ssr2_i14_c16_t18.cpp:353]   --->   Operation 133 'writeresp' 'empty_57' <Predicate = true> <Delay = 7.30> <CoreInst = "m_axi">   --->   Core 121 'm_axi' <Latency = 0> <II = 1> <Delay = 1.00> <Adapter> <Opcode : 'read' 'write' 'readreq' 'writereq' 'writeresp'>

State 51 <SV = 50> <Delay = 7.30>
ST_51 : Operation 134 [22/68] (7.30ns)   --->   "%empty_57 = writeresp i1 @_ssdm_op_WriteResp.m_axi.p1i64, i64 %gmem2_addr" [fft_16k_ssr2_i14_c16_t18.cpp:102->fft_16k_ssr2_i14_c16_t18.cpp:353]   --->   Operation 134 'writeresp' 'empty_57' <Predicate = true> <Delay = 7.30> <CoreInst = "m_axi">   --->   Core 121 'm_axi' <Latency = 0> <II = 1> <Delay = 1.00> <Adapter> <Opcode : 'read' 'write' 'readreq' 'writereq' 'writeresp'>

State 52 <SV = 51> <Delay = 7.30>
ST_52 : Operation 135 [21/68] (7.30ns)   --->   "%empty_57 = writeresp i1 @_ssdm_op_WriteResp.m_axi.p1i64, i64 %gmem2_addr" [fft_16k_ssr2_i14_c16_t18.cpp:102->fft_16k_ssr2_i14_c16_t18.cpp:353]   --->   Operation 135 'writeresp' 'empty_57' <Predicate = true> <Delay = 7.30> <CoreInst = "m_axi">   --->   Core 121 'm_axi' <Latency = 0> <II = 1> <Delay = 1.00> <Adapter> <Opcode : 'read' 'write' 'readreq' 'writereq' 'writeresp'>

State 53 <SV = 52> <Delay = 7.30>
ST_53 : Operation 136 [20/68] (7.30ns)   --->   "%empty_57 = writeresp i1 @_ssdm_op_WriteResp.m_axi.p1i64, i64 %gmem2_addr" [fft_16k_ssr2_i14_c16_t18.cpp:102->fft_16k_ssr2_i14_c16_t18.cpp:353]   --->   Operation 136 'writeresp' 'empty_57' <Predicate = true> <Delay = 7.30> <CoreInst = "m_axi">   --->   Core 121 'm_axi' <Latency = 0> <II = 1> <Delay = 1.00> <Adapter> <Opcode : 'read' 'write' 'readreq' 'writereq' 'writeresp'>

State 54 <SV = 53> <Delay = 7.30>
ST_54 : Operation 137 [19/68] (7.30ns)   --->   "%empty_57 = writeresp i1 @_ssdm_op_WriteResp.m_axi.p1i64, i64 %gmem2_addr" [fft_16k_ssr2_i14_c16_t18.cpp:102->fft_16k_ssr2_i14_c16_t18.cpp:353]   --->   Operation 137 'writeresp' 'empty_57' <Predicate = true> <Delay = 7.30> <CoreInst = "m_axi">   --->   Core 121 'm_axi' <Latency = 0> <II = 1> <Delay = 1.00> <Adapter> <Opcode : 'read' 'write' 'readreq' 'writereq' 'writeresp'>

State 55 <SV = 54> <Delay = 7.30>
ST_55 : Operation 138 [18/68] (7.30ns)   --->   "%empty_57 = writeresp i1 @_ssdm_op_WriteResp.m_axi.p1i64, i64 %gmem2_addr" [fft_16k_ssr2_i14_c16_t18.cpp:102->fft_16k_ssr2_i14_c16_t18.cpp:353]   --->   Operation 138 'writeresp' 'empty_57' <Predicate = true> <Delay = 7.30> <CoreInst = "m_axi">   --->   Core 121 'm_axi' <Latency = 0> <II = 1> <Delay = 1.00> <Adapter> <Opcode : 'read' 'write' 'readreq' 'writereq' 'writeresp'>

State 56 <SV = 55> <Delay = 7.30>
ST_56 : Operation 139 [17/68] (7.30ns)   --->   "%empty_57 = writeresp i1 @_ssdm_op_WriteResp.m_axi.p1i64, i64 %gmem2_addr" [fft_16k_ssr2_i14_c16_t18.cpp:102->fft_16k_ssr2_i14_c16_t18.cpp:353]   --->   Operation 139 'writeresp' 'empty_57' <Predicate = true> <Delay = 7.30> <CoreInst = "m_axi">   --->   Core 121 'm_axi' <Latency = 0> <II = 1> <Delay = 1.00> <Adapter> <Opcode : 'read' 'write' 'readreq' 'writereq' 'writeresp'>

State 57 <SV = 56> <Delay = 7.30>
ST_57 : Operation 140 [16/68] (7.30ns)   --->   "%empty_57 = writeresp i1 @_ssdm_op_WriteResp.m_axi.p1i64, i64 %gmem2_addr" [fft_16k_ssr2_i14_c16_t18.cpp:102->fft_16k_ssr2_i14_c16_t18.cpp:353]   --->   Operation 140 'writeresp' 'empty_57' <Predicate = true> <Delay = 7.30> <CoreInst = "m_axi">   --->   Core 121 'm_axi' <Latency = 0> <II = 1> <Delay = 1.00> <Adapter> <Opcode : 'read' 'write' 'readreq' 'writereq' 'writeresp'>

State 58 <SV = 57> <Delay = 7.30>
ST_58 : Operation 141 [15/68] (7.30ns)   --->   "%empty_57 = writeresp i1 @_ssdm_op_WriteResp.m_axi.p1i64, i64 %gmem2_addr" [fft_16k_ssr2_i14_c16_t18.cpp:102->fft_16k_ssr2_i14_c16_t18.cpp:353]   --->   Operation 141 'writeresp' 'empty_57' <Predicate = true> <Delay = 7.30> <CoreInst = "m_axi">   --->   Core 121 'm_axi' <Latency = 0> <II = 1> <Delay = 1.00> <Adapter> <Opcode : 'read' 'write' 'readreq' 'writereq' 'writeresp'>

State 59 <SV = 58> <Delay = 7.30>
ST_59 : Operation 142 [14/68] (7.30ns)   --->   "%empty_57 = writeresp i1 @_ssdm_op_WriteResp.m_axi.p1i64, i64 %gmem2_addr" [fft_16k_ssr2_i14_c16_t18.cpp:102->fft_16k_ssr2_i14_c16_t18.cpp:353]   --->   Operation 142 'writeresp' 'empty_57' <Predicate = true> <Delay = 7.30> <CoreInst = "m_axi">   --->   Core 121 'm_axi' <Latency = 0> <II = 1> <Delay = 1.00> <Adapter> <Opcode : 'read' 'write' 'readreq' 'writereq' 'writeresp'>

State 60 <SV = 59> <Delay = 7.30>
ST_60 : Operation 143 [13/68] (7.30ns)   --->   "%empty_57 = writeresp i1 @_ssdm_op_WriteResp.m_axi.p1i64, i64 %gmem2_addr" [fft_16k_ssr2_i14_c16_t18.cpp:102->fft_16k_ssr2_i14_c16_t18.cpp:353]   --->   Operation 143 'writeresp' 'empty_57' <Predicate = true> <Delay = 7.30> <CoreInst = "m_axi">   --->   Core 121 'm_axi' <Latency = 0> <II = 1> <Delay = 1.00> <Adapter> <Opcode : 'read' 'write' 'readreq' 'writereq' 'writeresp'>

State 61 <SV = 60> <Delay = 7.30>
ST_61 : Operation 144 [12/68] (7.30ns)   --->   "%empty_57 = writeresp i1 @_ssdm_op_WriteResp.m_axi.p1i64, i64 %gmem2_addr" [fft_16k_ssr2_i14_c16_t18.cpp:102->fft_16k_ssr2_i14_c16_t18.cpp:353]   --->   Operation 144 'writeresp' 'empty_57' <Predicate = true> <Delay = 7.30> <CoreInst = "m_axi">   --->   Core 121 'm_axi' <Latency = 0> <II = 1> <Delay = 1.00> <Adapter> <Opcode : 'read' 'write' 'readreq' 'writereq' 'writeresp'>

State 62 <SV = 61> <Delay = 7.30>
ST_62 : Operation 145 [11/68] (7.30ns)   --->   "%empty_57 = writeresp i1 @_ssdm_op_WriteResp.m_axi.p1i64, i64 %gmem2_addr" [fft_16k_ssr2_i14_c16_t18.cpp:102->fft_16k_ssr2_i14_c16_t18.cpp:353]   --->   Operation 145 'writeresp' 'empty_57' <Predicate = true> <Delay = 7.30> <CoreInst = "m_axi">   --->   Core 121 'm_axi' <Latency = 0> <II = 1> <Delay = 1.00> <Adapter> <Opcode : 'read' 'write' 'readreq' 'writereq' 'writeresp'>

State 63 <SV = 62> <Delay = 7.30>
ST_63 : Operation 146 [10/68] (7.30ns)   --->   "%empty_57 = writeresp i1 @_ssdm_op_WriteResp.m_axi.p1i64, i64 %gmem2_addr" [fft_16k_ssr2_i14_c16_t18.cpp:102->fft_16k_ssr2_i14_c16_t18.cpp:353]   --->   Operation 146 'writeresp' 'empty_57' <Predicate = true> <Delay = 7.30> <CoreInst = "m_axi">   --->   Core 121 'm_axi' <Latency = 0> <II = 1> <Delay = 1.00> <Adapter> <Opcode : 'read' 'write' 'readreq' 'writereq' 'writeresp'>

State 64 <SV = 63> <Delay = 7.30>
ST_64 : Operation 147 [9/68] (7.30ns)   --->   "%empty_57 = writeresp i1 @_ssdm_op_WriteResp.m_axi.p1i64, i64 %gmem2_addr" [fft_16k_ssr2_i14_c16_t18.cpp:102->fft_16k_ssr2_i14_c16_t18.cpp:353]   --->   Operation 147 'writeresp' 'empty_57' <Predicate = true> <Delay = 7.30> <CoreInst = "m_axi">   --->   Core 121 'm_axi' <Latency = 0> <II = 1> <Delay = 1.00> <Adapter> <Opcode : 'read' 'write' 'readreq' 'writereq' 'writeresp'>

State 65 <SV = 64> <Delay = 7.30>
ST_65 : Operation 148 [8/68] (7.30ns)   --->   "%empty_57 = writeresp i1 @_ssdm_op_WriteResp.m_axi.p1i64, i64 %gmem2_addr" [fft_16k_ssr2_i14_c16_t18.cpp:102->fft_16k_ssr2_i14_c16_t18.cpp:353]   --->   Operation 148 'writeresp' 'empty_57' <Predicate = true> <Delay = 7.30> <CoreInst = "m_axi">   --->   Core 121 'm_axi' <Latency = 0> <II = 1> <Delay = 1.00> <Adapter> <Opcode : 'read' 'write' 'readreq' 'writereq' 'writeresp'>

State 66 <SV = 65> <Delay = 7.30>
ST_66 : Operation 149 [7/68] (7.30ns)   --->   "%empty_57 = writeresp i1 @_ssdm_op_WriteResp.m_axi.p1i64, i64 %gmem2_addr" [fft_16k_ssr2_i14_c16_t18.cpp:102->fft_16k_ssr2_i14_c16_t18.cpp:353]   --->   Operation 149 'writeresp' 'empty_57' <Predicate = true> <Delay = 7.30> <CoreInst = "m_axi">   --->   Core 121 'm_axi' <Latency = 0> <II = 1> <Delay = 1.00> <Adapter> <Opcode : 'read' 'write' 'readreq' 'writereq' 'writeresp'>

State 67 <SV = 66> <Delay = 7.30>
ST_67 : Operation 150 [6/68] (7.30ns)   --->   "%empty_57 = writeresp i1 @_ssdm_op_WriteResp.m_axi.p1i64, i64 %gmem2_addr" [fft_16k_ssr2_i14_c16_t18.cpp:102->fft_16k_ssr2_i14_c16_t18.cpp:353]   --->   Operation 150 'writeresp' 'empty_57' <Predicate = true> <Delay = 7.30> <CoreInst = "m_axi">   --->   Core 121 'm_axi' <Latency = 0> <II = 1> <Delay = 1.00> <Adapter> <Opcode : 'read' 'write' 'readreq' 'writereq' 'writeresp'>

State 68 <SV = 67> <Delay = 7.30>
ST_68 : Operation 151 [5/68] (7.30ns)   --->   "%empty_57 = writeresp i1 @_ssdm_op_WriteResp.m_axi.p1i64, i64 %gmem2_addr" [fft_16k_ssr2_i14_c16_t18.cpp:102->fft_16k_ssr2_i14_c16_t18.cpp:353]   --->   Operation 151 'writeresp' 'empty_57' <Predicate = true> <Delay = 7.30> <CoreInst = "m_axi">   --->   Core 121 'm_axi' <Latency = 0> <II = 1> <Delay = 1.00> <Adapter> <Opcode : 'read' 'write' 'readreq' 'writereq' 'writeresp'>

State 69 <SV = 68> <Delay = 7.30>
ST_69 : Operation 152 [4/68] (7.30ns)   --->   "%empty_57 = writeresp i1 @_ssdm_op_WriteResp.m_axi.p1i64, i64 %gmem2_addr" [fft_16k_ssr2_i14_c16_t18.cpp:102->fft_16k_ssr2_i14_c16_t18.cpp:353]   --->   Operation 152 'writeresp' 'empty_57' <Predicate = true> <Delay = 7.30> <CoreInst = "m_axi">   --->   Core 121 'm_axi' <Latency = 0> <II = 1> <Delay = 1.00> <Adapter> <Opcode : 'read' 'write' 'readreq' 'writereq' 'writeresp'>

State 70 <SV = 69> <Delay = 7.30>
ST_70 : Operation 153 [3/68] (7.30ns)   --->   "%empty_57 = writeresp i1 @_ssdm_op_WriteResp.m_axi.p1i64, i64 %gmem2_addr" [fft_16k_ssr2_i14_c16_t18.cpp:102->fft_16k_ssr2_i14_c16_t18.cpp:353]   --->   Operation 153 'writeresp' 'empty_57' <Predicate = true> <Delay = 7.30> <CoreInst = "m_axi">   --->   Core 121 'm_axi' <Latency = 0> <II = 1> <Delay = 1.00> <Adapter> <Opcode : 'read' 'write' 'readreq' 'writereq' 'writeresp'>

State 71 <SV = 70> <Delay = 7.30>
ST_71 : Operation 154 [2/68] (7.30ns)   --->   "%empty_57 = writeresp i1 @_ssdm_op_WriteResp.m_axi.p1i64, i64 %gmem2_addr" [fft_16k_ssr2_i14_c16_t18.cpp:102->fft_16k_ssr2_i14_c16_t18.cpp:353]   --->   Operation 154 'writeresp' 'empty_57' <Predicate = true> <Delay = 7.30> <CoreInst = "m_axi">   --->   Core 121 'm_axi' <Latency = 0> <II = 1> <Delay = 1.00> <Adapter> <Opcode : 'read' 'write' 'readreq' 'writereq' 'writeresp'>

State 72 <SV = 71> <Delay = 7.30>
ST_72 : Operation 155 [1/1] (0.00ns)   --->   "%specinterface_ln0 = specinterface void @_ssdm_op_SpecInterface, i18 %iter, void @ap_fifo_str, i32 0, i32 0, void @p_str54, i32 0, i32 0, void @p_str55, void @p_str56, void @p_str57, i32 2, i32 2, i32 16, i32 16, void @p_str58, void @ScalarProp_str, i32 4294967295, i32 0"   --->   Operation 155 'specinterface' 'specinterface_ln0' <Predicate = true> <Delay = 0.00>
ST_72 : Operation 156 [1/1] (0.00ns)   --->   "%specinterface_ln0 = specinterface void @_ssdm_op_SpecInterface, i64 %dout, void @ap_fifo_str, i32 0, i32 0, void @p_str35, i32 0, i32 0, void @p_str36, void @p_str37, void @p_str38, i32 2, i32 2, i32 16, i32 16, void @p_str39, void @ScalarProp_str, i32 4294967295, i32 0"   --->   Operation 156 'specinterface' 'specinterface_ln0' <Predicate = true> <Delay = 0.00>
ST_72 : Operation 157 [1/1] (0.00ns)   --->   "%specinterface_ln0 = specinterface void @_ssdm_op_SpecInterface, i64 %joiner_out, void @empty_8, i32 0, i32 0, void @empty, i32 0, i32 0, void @empty, void @empty, void @empty, i32 0, i32 0, i32 0, i32 0, void @empty, void @empty, i32 4294967295, i32 0"   --->   Operation 157 'specinterface' 'specinterface_ln0' <Predicate = true> <Delay = 0.00>
ST_72 : Operation 158 [1/1] (0.00ns)   --->   "%specinterface_ln0 = specinterface void @_ssdm_op_SpecInterface, i64 %gmem2, void @empty_17, i32 0, i32 0, void @empty, i32 64, i32 8192, void @empty_2, void @empty_1, void @empty, i32 16, i32 16, i32 16, i32 16, void @empty, void @empty, i32 4294967295, i32 0"   --->   Operation 158 'specinterface' 'specinterface_ln0' <Predicate = true> <Delay = 0.00>
ST_72 : Operation 159 [1/68] (7.30ns)   --->   "%empty_57 = writeresp i1 @_ssdm_op_WriteResp.m_axi.p1i64, i64 %gmem2_addr" [fft_16k_ssr2_i14_c16_t18.cpp:102->fft_16k_ssr2_i14_c16_t18.cpp:353]   --->   Operation 159 'writeresp' 'empty_57' <Predicate = true> <Delay = 7.30> <CoreInst = "m_axi">   --->   Core 121 'm_axi' <Latency = 0> <II = 1> <Delay = 1.00> <Adapter> <Opcode : 'read' 'write' 'readreq' 'writereq' 'writeresp'>
ST_72 : Operation 160 [1/1] (0.00ns)   --->   "%ret_ln353 = ret" [fft_16k_ssr2_i14_c16_t18.cpp:353]   --->   Operation 160 'ret' 'ret_ln353' <Predicate = true> <Delay = 0.00>


============================================================
+ Verbose Summary: Timing violations
============================================================
Target clock period: 10.000ns, clock uncertainty: 2.700ns.

 <State 1>: 3.098ns
The critical path consists of the following:
	fifo read operation ('iter') on port 'iter' [6]  (1.838 ns)
	'icmp' operation 1 bit ('icmp_ln90', fft_16k_ssr2_i14_c16_t18.cpp:90->fft_16k_ssr2_i14_c16_t18.cpp:353) [14]  (0.873 ns)
	'select' operation 30 bit ('empty', fft_16k_ssr2_i14_c16_t18.cpp:90->fft_16k_ssr2_i14_c16_t18.cpp:353) [18]  (0.387 ns)

 <State 2>: 7.300ns
The critical path consists of the following:
	'getelementptr' operation 64 bit ('gmem2_addr', fft_16k_ssr2_i14_c16_t18.cpp:90->fft_16k_ssr2_i14_c16_t18.cpp:353) [17]  (0.000 ns)
	bus request operation ('empty_55', fft_16k_ssr2_i14_c16_t18.cpp:90->fft_16k_ssr2_i14_c16_t18.cpp:353) on port 'gmem2' (fft_16k_ssr2_i14_c16_t18.cpp:90->fft_16k_ssr2_i14_c16_t18.cpp:353) [20]  (7.300 ns)

 <State 3>: 1.433ns
The critical path consists of the following:
	'call' operation 0 bit ('call_ln90', fft_16k_ssr2_i14_c16_t18.cpp:90->fft_16k_ssr2_i14_c16_t18.cpp:353) to 'dma_out_Pipeline_VITIS_LOOP_90_1' [22]  (1.433 ns)

 <State 4>: 0.000ns
The critical path consists of the following:

 <State 5>: 7.300ns
The critical path consists of the following:
	bus response operation ('empty_57', fft_16k_ssr2_i14_c16_t18.cpp:102->fft_16k_ssr2_i14_c16_t18.cpp:353) on port 'gmem2' (fft_16k_ssr2_i14_c16_t18.cpp:102->fft_16k_ssr2_i14_c16_t18.cpp:353) [23]  (7.300 ns)

 <State 6>: 7.300ns
The critical path consists of the following:
	bus response operation ('empty_57', fft_16k_ssr2_i14_c16_t18.cpp:102->fft_16k_ssr2_i14_c16_t18.cpp:353) on port 'gmem2' (fft_16k_ssr2_i14_c16_t18.cpp:102->fft_16k_ssr2_i14_c16_t18.cpp:353) [23]  (7.300 ns)

 <State 7>: 7.300ns
The critical path consists of the following:
	bus response operation ('empty_57', fft_16k_ssr2_i14_c16_t18.cpp:102->fft_16k_ssr2_i14_c16_t18.cpp:353) on port 'gmem2' (fft_16k_ssr2_i14_c16_t18.cpp:102->fft_16k_ssr2_i14_c16_t18.cpp:353) [23]  (7.300 ns)

 <State 8>: 7.300ns
The critical path consists of the following:
	bus response operation ('empty_57', fft_16k_ssr2_i14_c16_t18.cpp:102->fft_16k_ssr2_i14_c16_t18.cpp:353) on port 'gmem2' (fft_16k_ssr2_i14_c16_t18.cpp:102->fft_16k_ssr2_i14_c16_t18.cpp:353) [23]  (7.300 ns)

 <State 9>: 7.300ns
The critical path consists of the following:
	bus response operation ('empty_57', fft_16k_ssr2_i14_c16_t18.cpp:102->fft_16k_ssr2_i14_c16_t18.cpp:353) on port 'gmem2' (fft_16k_ssr2_i14_c16_t18.cpp:102->fft_16k_ssr2_i14_c16_t18.cpp:353) [23]  (7.300 ns)

 <State 10>: 7.300ns
The critical path consists of the following:
	bus response operation ('empty_57', fft_16k_ssr2_i14_c16_t18.cpp:102->fft_16k_ssr2_i14_c16_t18.cpp:353) on port 'gmem2' (fft_16k_ssr2_i14_c16_t18.cpp:102->fft_16k_ssr2_i14_c16_t18.cpp:353) [23]  (7.300 ns)

 <State 11>: 7.300ns
The critical path consists of the following:
	bus response operation ('empty_57', fft_16k_ssr2_i14_c16_t18.cpp:102->fft_16k_ssr2_i14_c16_t18.cpp:353) on port 'gmem2' (fft_16k_ssr2_i14_c16_t18.cpp:102->fft_16k_ssr2_i14_c16_t18.cpp:353) [23]  (7.300 ns)

 <State 12>: 7.300ns
The critical path consists of the following:
	bus response operation ('empty_57', fft_16k_ssr2_i14_c16_t18.cpp:102->fft_16k_ssr2_i14_c16_t18.cpp:353) on port 'gmem2' (fft_16k_ssr2_i14_c16_t18.cpp:102->fft_16k_ssr2_i14_c16_t18.cpp:353) [23]  (7.300 ns)

 <State 13>: 7.300ns
The critical path consists of the following:
	bus response operation ('empty_57', fft_16k_ssr2_i14_c16_t18.cpp:102->fft_16k_ssr2_i14_c16_t18.cpp:353) on port 'gmem2' (fft_16k_ssr2_i14_c16_t18.cpp:102->fft_16k_ssr2_i14_c16_t18.cpp:353) [23]  (7.300 ns)

 <State 14>: 7.300ns
The critical path consists of the following:
	bus response operation ('empty_57', fft_16k_ssr2_i14_c16_t18.cpp:102->fft_16k_ssr2_i14_c16_t18.cpp:353) on port 'gmem2' (fft_16k_ssr2_i14_c16_t18.cpp:102->fft_16k_ssr2_i14_c16_t18.cpp:353) [23]  (7.300 ns)

 <State 15>: 7.300ns
The critical path consists of the following:
	bus response operation ('empty_57', fft_16k_ssr2_i14_c16_t18.cpp:102->fft_16k_ssr2_i14_c16_t18.cpp:353) on port 'gmem2' (fft_16k_ssr2_i14_c16_t18.cpp:102->fft_16k_ssr2_i14_c16_t18.cpp:353) [23]  (7.300 ns)

 <State 16>: 7.300ns
The critical path consists of the following:
	bus response operation ('empty_57', fft_16k_ssr2_i14_c16_t18.cpp:102->fft_16k_ssr2_i14_c16_t18.cpp:353) on port 'gmem2' (fft_16k_ssr2_i14_c16_t18.cpp:102->fft_16k_ssr2_i14_c16_t18.cpp:353) [23]  (7.300 ns)

 <State 17>: 7.300ns
The critical path consists of the following:
	bus response operation ('empty_57', fft_16k_ssr2_i14_c16_t18.cpp:102->fft_16k_ssr2_i14_c16_t18.cpp:353) on port 'gmem2' (fft_16k_ssr2_i14_c16_t18.cpp:102->fft_16k_ssr2_i14_c16_t18.cpp:353) [23]  (7.300 ns)

 <State 18>: 7.300ns
The critical path consists of the following:
	bus response operation ('empty_57', fft_16k_ssr2_i14_c16_t18.cpp:102->fft_16k_ssr2_i14_c16_t18.cpp:353) on port 'gmem2' (fft_16k_ssr2_i14_c16_t18.cpp:102->fft_16k_ssr2_i14_c16_t18.cpp:353) [23]  (7.300 ns)

 <State 19>: 7.300ns
The critical path consists of the following:
	bus response operation ('empty_57', fft_16k_ssr2_i14_c16_t18.cpp:102->fft_16k_ssr2_i14_c16_t18.cpp:353) on port 'gmem2' (fft_16k_ssr2_i14_c16_t18.cpp:102->fft_16k_ssr2_i14_c16_t18.cpp:353) [23]  (7.300 ns)

 <State 20>: 7.300ns
The critical path consists of the following:
	bus response operation ('empty_57', fft_16k_ssr2_i14_c16_t18.cpp:102->fft_16k_ssr2_i14_c16_t18.cpp:353) on port 'gmem2' (fft_16k_ssr2_i14_c16_t18.cpp:102->fft_16k_ssr2_i14_c16_t18.cpp:353) [23]  (7.300 ns)

 <State 21>: 7.300ns
The critical path consists of the following:
	bus response operation ('empty_57', fft_16k_ssr2_i14_c16_t18.cpp:102->fft_16k_ssr2_i14_c16_t18.cpp:353) on port 'gmem2' (fft_16k_ssr2_i14_c16_t18.cpp:102->fft_16k_ssr2_i14_c16_t18.cpp:353) [23]  (7.300 ns)

 <State 22>: 7.300ns
The critical path consists of the following:
	bus response operation ('empty_57', fft_16k_ssr2_i14_c16_t18.cpp:102->fft_16k_ssr2_i14_c16_t18.cpp:353) on port 'gmem2' (fft_16k_ssr2_i14_c16_t18.cpp:102->fft_16k_ssr2_i14_c16_t18.cpp:353) [23]  (7.300 ns)

 <State 23>: 7.300ns
The critical path consists of the following:
	bus response operation ('empty_57', fft_16k_ssr2_i14_c16_t18.cpp:102->fft_16k_ssr2_i14_c16_t18.cpp:353) on port 'gmem2' (fft_16k_ssr2_i14_c16_t18.cpp:102->fft_16k_ssr2_i14_c16_t18.cpp:353) [23]  (7.300 ns)

 <State 24>: 7.300ns
The critical path consists of the following:
	bus response operation ('empty_57', fft_16k_ssr2_i14_c16_t18.cpp:102->fft_16k_ssr2_i14_c16_t18.cpp:353) on port 'gmem2' (fft_16k_ssr2_i14_c16_t18.cpp:102->fft_16k_ssr2_i14_c16_t18.cpp:353) [23]  (7.300 ns)

 <State 25>: 7.300ns
The critical path consists of the following:
	bus response operation ('empty_57', fft_16k_ssr2_i14_c16_t18.cpp:102->fft_16k_ssr2_i14_c16_t18.cpp:353) on port 'gmem2' (fft_16k_ssr2_i14_c16_t18.cpp:102->fft_16k_ssr2_i14_c16_t18.cpp:353) [23]  (7.300 ns)

 <State 26>: 7.300ns
The critical path consists of the following:
	bus response operation ('empty_57', fft_16k_ssr2_i14_c16_t18.cpp:102->fft_16k_ssr2_i14_c16_t18.cpp:353) on port 'gmem2' (fft_16k_ssr2_i14_c16_t18.cpp:102->fft_16k_ssr2_i14_c16_t18.cpp:353) [23]  (7.300 ns)

 <State 27>: 7.300ns
The critical path consists of the following:
	bus response operation ('empty_57', fft_16k_ssr2_i14_c16_t18.cpp:102->fft_16k_ssr2_i14_c16_t18.cpp:353) on port 'gmem2' (fft_16k_ssr2_i14_c16_t18.cpp:102->fft_16k_ssr2_i14_c16_t18.cpp:353) [23]  (7.300 ns)

 <State 28>: 7.300ns
The critical path consists of the following:
	bus response operation ('empty_57', fft_16k_ssr2_i14_c16_t18.cpp:102->fft_16k_ssr2_i14_c16_t18.cpp:353) on port 'gmem2' (fft_16k_ssr2_i14_c16_t18.cpp:102->fft_16k_ssr2_i14_c16_t18.cpp:353) [23]  (7.300 ns)

 <State 29>: 7.300ns
The critical path consists of the following:
	bus response operation ('empty_57', fft_16k_ssr2_i14_c16_t18.cpp:102->fft_16k_ssr2_i14_c16_t18.cpp:353) on port 'gmem2' (fft_16k_ssr2_i14_c16_t18.cpp:102->fft_16k_ssr2_i14_c16_t18.cpp:353) [23]  (7.300 ns)

 <State 30>: 7.300ns
The critical path consists of the following:
	bus response operation ('empty_57', fft_16k_ssr2_i14_c16_t18.cpp:102->fft_16k_ssr2_i14_c16_t18.cpp:353) on port 'gmem2' (fft_16k_ssr2_i14_c16_t18.cpp:102->fft_16k_ssr2_i14_c16_t18.cpp:353) [23]  (7.300 ns)

 <State 31>: 7.300ns
The critical path consists of the following:
	bus response operation ('empty_57', fft_16k_ssr2_i14_c16_t18.cpp:102->fft_16k_ssr2_i14_c16_t18.cpp:353) on port 'gmem2' (fft_16k_ssr2_i14_c16_t18.cpp:102->fft_16k_ssr2_i14_c16_t18.cpp:353) [23]  (7.300 ns)

 <State 32>: 7.300ns
The critical path consists of the following:
	bus response operation ('empty_57', fft_16k_ssr2_i14_c16_t18.cpp:102->fft_16k_ssr2_i14_c16_t18.cpp:353) on port 'gmem2' (fft_16k_ssr2_i14_c16_t18.cpp:102->fft_16k_ssr2_i14_c16_t18.cpp:353) [23]  (7.300 ns)

 <State 33>: 7.300ns
The critical path consists of the following:
	bus response operation ('empty_57', fft_16k_ssr2_i14_c16_t18.cpp:102->fft_16k_ssr2_i14_c16_t18.cpp:353) on port 'gmem2' (fft_16k_ssr2_i14_c16_t18.cpp:102->fft_16k_ssr2_i14_c16_t18.cpp:353) [23]  (7.300 ns)

 <State 34>: 7.300ns
The critical path consists of the following:
	bus response operation ('empty_57', fft_16k_ssr2_i14_c16_t18.cpp:102->fft_16k_ssr2_i14_c16_t18.cpp:353) on port 'gmem2' (fft_16k_ssr2_i14_c16_t18.cpp:102->fft_16k_ssr2_i14_c16_t18.cpp:353) [23]  (7.300 ns)

 <State 35>: 7.300ns
The critical path consists of the following:
	bus response operation ('empty_57', fft_16k_ssr2_i14_c16_t18.cpp:102->fft_16k_ssr2_i14_c16_t18.cpp:353) on port 'gmem2' (fft_16k_ssr2_i14_c16_t18.cpp:102->fft_16k_ssr2_i14_c16_t18.cpp:353) [23]  (7.300 ns)

 <State 36>: 7.300ns
The critical path consists of the following:
	bus response operation ('empty_57', fft_16k_ssr2_i14_c16_t18.cpp:102->fft_16k_ssr2_i14_c16_t18.cpp:353) on port 'gmem2' (fft_16k_ssr2_i14_c16_t18.cpp:102->fft_16k_ssr2_i14_c16_t18.cpp:353) [23]  (7.300 ns)

 <State 37>: 7.300ns
The critical path consists of the following:
	bus response operation ('empty_57', fft_16k_ssr2_i14_c16_t18.cpp:102->fft_16k_ssr2_i14_c16_t18.cpp:353) on port 'gmem2' (fft_16k_ssr2_i14_c16_t18.cpp:102->fft_16k_ssr2_i14_c16_t18.cpp:353) [23]  (7.300 ns)

 <State 38>: 7.300ns
The critical path consists of the following:
	bus response operation ('empty_57', fft_16k_ssr2_i14_c16_t18.cpp:102->fft_16k_ssr2_i14_c16_t18.cpp:353) on port 'gmem2' (fft_16k_ssr2_i14_c16_t18.cpp:102->fft_16k_ssr2_i14_c16_t18.cpp:353) [23]  (7.300 ns)

 <State 39>: 7.300ns
The critical path consists of the following:
	bus response operation ('empty_57', fft_16k_ssr2_i14_c16_t18.cpp:102->fft_16k_ssr2_i14_c16_t18.cpp:353) on port 'gmem2' (fft_16k_ssr2_i14_c16_t18.cpp:102->fft_16k_ssr2_i14_c16_t18.cpp:353) [23]  (7.300 ns)

 <State 40>: 7.300ns
The critical path consists of the following:
	bus response operation ('empty_57', fft_16k_ssr2_i14_c16_t18.cpp:102->fft_16k_ssr2_i14_c16_t18.cpp:353) on port 'gmem2' (fft_16k_ssr2_i14_c16_t18.cpp:102->fft_16k_ssr2_i14_c16_t18.cpp:353) [23]  (7.300 ns)

 <State 41>: 7.300ns
The critical path consists of the following:
	bus response operation ('empty_57', fft_16k_ssr2_i14_c16_t18.cpp:102->fft_16k_ssr2_i14_c16_t18.cpp:353) on port 'gmem2' (fft_16k_ssr2_i14_c16_t18.cpp:102->fft_16k_ssr2_i14_c16_t18.cpp:353) [23]  (7.300 ns)

 <State 42>: 7.300ns
The critical path consists of the following:
	bus response operation ('empty_57', fft_16k_ssr2_i14_c16_t18.cpp:102->fft_16k_ssr2_i14_c16_t18.cpp:353) on port 'gmem2' (fft_16k_ssr2_i14_c16_t18.cpp:102->fft_16k_ssr2_i14_c16_t18.cpp:353) [23]  (7.300 ns)

 <State 43>: 7.300ns
The critical path consists of the following:
	bus response operation ('empty_57', fft_16k_ssr2_i14_c16_t18.cpp:102->fft_16k_ssr2_i14_c16_t18.cpp:353) on port 'gmem2' (fft_16k_ssr2_i14_c16_t18.cpp:102->fft_16k_ssr2_i14_c16_t18.cpp:353) [23]  (7.300 ns)

 <State 44>: 7.300ns
The critical path consists of the following:
	bus response operation ('empty_57', fft_16k_ssr2_i14_c16_t18.cpp:102->fft_16k_ssr2_i14_c16_t18.cpp:353) on port 'gmem2' (fft_16k_ssr2_i14_c16_t18.cpp:102->fft_16k_ssr2_i14_c16_t18.cpp:353) [23]  (7.300 ns)

 <State 45>: 7.300ns
The critical path consists of the following:
	bus response operation ('empty_57', fft_16k_ssr2_i14_c16_t18.cpp:102->fft_16k_ssr2_i14_c16_t18.cpp:353) on port 'gmem2' (fft_16k_ssr2_i14_c16_t18.cpp:102->fft_16k_ssr2_i14_c16_t18.cpp:353) [23]  (7.300 ns)

 <State 46>: 7.300ns
The critical path consists of the following:
	bus response operation ('empty_57', fft_16k_ssr2_i14_c16_t18.cpp:102->fft_16k_ssr2_i14_c16_t18.cpp:353) on port 'gmem2' (fft_16k_ssr2_i14_c16_t18.cpp:102->fft_16k_ssr2_i14_c16_t18.cpp:353) [23]  (7.300 ns)

 <State 47>: 7.300ns
The critical path consists of the following:
	bus response operation ('empty_57', fft_16k_ssr2_i14_c16_t18.cpp:102->fft_16k_ssr2_i14_c16_t18.cpp:353) on port 'gmem2' (fft_16k_ssr2_i14_c16_t18.cpp:102->fft_16k_ssr2_i14_c16_t18.cpp:353) [23]  (7.300 ns)

 <State 48>: 7.300ns
The critical path consists of the following:
	bus response operation ('empty_57', fft_16k_ssr2_i14_c16_t18.cpp:102->fft_16k_ssr2_i14_c16_t18.cpp:353) on port 'gmem2' (fft_16k_ssr2_i14_c16_t18.cpp:102->fft_16k_ssr2_i14_c16_t18.cpp:353) [23]  (7.300 ns)

 <State 49>: 7.300ns
The critical path consists of the following:
	bus response operation ('empty_57', fft_16k_ssr2_i14_c16_t18.cpp:102->fft_16k_ssr2_i14_c16_t18.cpp:353) on port 'gmem2' (fft_16k_ssr2_i14_c16_t18.cpp:102->fft_16k_ssr2_i14_c16_t18.cpp:353) [23]  (7.300 ns)

 <State 50>: 7.300ns
The critical path consists of the following:
	bus response operation ('empty_57', fft_16k_ssr2_i14_c16_t18.cpp:102->fft_16k_ssr2_i14_c16_t18.cpp:353) on port 'gmem2' (fft_16k_ssr2_i14_c16_t18.cpp:102->fft_16k_ssr2_i14_c16_t18.cpp:353) [23]  (7.300 ns)

 <State 51>: 7.300ns
The critical path consists of the following:
	bus response operation ('empty_57', fft_16k_ssr2_i14_c16_t18.cpp:102->fft_16k_ssr2_i14_c16_t18.cpp:353) on port 'gmem2' (fft_16k_ssr2_i14_c16_t18.cpp:102->fft_16k_ssr2_i14_c16_t18.cpp:353) [23]  (7.300 ns)

 <State 52>: 7.300ns
The critical path consists of the following:
	bus response operation ('empty_57', fft_16k_ssr2_i14_c16_t18.cpp:102->fft_16k_ssr2_i14_c16_t18.cpp:353) on port 'gmem2' (fft_16k_ssr2_i14_c16_t18.cpp:102->fft_16k_ssr2_i14_c16_t18.cpp:353) [23]  (7.300 ns)

 <State 53>: 7.300ns
The critical path consists of the following:
	bus response operation ('empty_57', fft_16k_ssr2_i14_c16_t18.cpp:102->fft_16k_ssr2_i14_c16_t18.cpp:353) on port 'gmem2' (fft_16k_ssr2_i14_c16_t18.cpp:102->fft_16k_ssr2_i14_c16_t18.cpp:353) [23]  (7.300 ns)

 <State 54>: 7.300ns
The critical path consists of the following:
	bus response operation ('empty_57', fft_16k_ssr2_i14_c16_t18.cpp:102->fft_16k_ssr2_i14_c16_t18.cpp:353) on port 'gmem2' (fft_16k_ssr2_i14_c16_t18.cpp:102->fft_16k_ssr2_i14_c16_t18.cpp:353) [23]  (7.300 ns)

 <State 55>: 7.300ns
The critical path consists of the following:
	bus response operation ('empty_57', fft_16k_ssr2_i14_c16_t18.cpp:102->fft_16k_ssr2_i14_c16_t18.cpp:353) on port 'gmem2' (fft_16k_ssr2_i14_c16_t18.cpp:102->fft_16k_ssr2_i14_c16_t18.cpp:353) [23]  (7.300 ns)

 <State 56>: 7.300ns
The critical path consists of the following:
	bus response operation ('empty_57', fft_16k_ssr2_i14_c16_t18.cpp:102->fft_16k_ssr2_i14_c16_t18.cpp:353) on port 'gmem2' (fft_16k_ssr2_i14_c16_t18.cpp:102->fft_16k_ssr2_i14_c16_t18.cpp:353) [23]  (7.300 ns)

 <State 57>: 7.300ns
The critical path consists of the following:
	bus response operation ('empty_57', fft_16k_ssr2_i14_c16_t18.cpp:102->fft_16k_ssr2_i14_c16_t18.cpp:353) on port 'gmem2' (fft_16k_ssr2_i14_c16_t18.cpp:102->fft_16k_ssr2_i14_c16_t18.cpp:353) [23]  (7.300 ns)

 <State 58>: 7.300ns
The critical path consists of the following:
	bus response operation ('empty_57', fft_16k_ssr2_i14_c16_t18.cpp:102->fft_16k_ssr2_i14_c16_t18.cpp:353) on port 'gmem2' (fft_16k_ssr2_i14_c16_t18.cpp:102->fft_16k_ssr2_i14_c16_t18.cpp:353) [23]  (7.300 ns)

 <State 59>: 7.300ns
The critical path consists of the following:
	bus response operation ('empty_57', fft_16k_ssr2_i14_c16_t18.cpp:102->fft_16k_ssr2_i14_c16_t18.cpp:353) on port 'gmem2' (fft_16k_ssr2_i14_c16_t18.cpp:102->fft_16k_ssr2_i14_c16_t18.cpp:353) [23]  (7.300 ns)

 <State 60>: 7.300ns
The critical path consists of the following:
	bus response operation ('empty_57', fft_16k_ssr2_i14_c16_t18.cpp:102->fft_16k_ssr2_i14_c16_t18.cpp:353) on port 'gmem2' (fft_16k_ssr2_i14_c16_t18.cpp:102->fft_16k_ssr2_i14_c16_t18.cpp:353) [23]  (7.300 ns)

 <State 61>: 7.300ns
The critical path consists of the following:
	bus response operation ('empty_57', fft_16k_ssr2_i14_c16_t18.cpp:102->fft_16k_ssr2_i14_c16_t18.cpp:353) on port 'gmem2' (fft_16k_ssr2_i14_c16_t18.cpp:102->fft_16k_ssr2_i14_c16_t18.cpp:353) [23]  (7.300 ns)

 <State 62>: 7.300ns
The critical path consists of the following:
	bus response operation ('empty_57', fft_16k_ssr2_i14_c16_t18.cpp:102->fft_16k_ssr2_i14_c16_t18.cpp:353) on port 'gmem2' (fft_16k_ssr2_i14_c16_t18.cpp:102->fft_16k_ssr2_i14_c16_t18.cpp:353) [23]  (7.300 ns)

 <State 63>: 7.300ns
The critical path consists of the following:
	bus response operation ('empty_57', fft_16k_ssr2_i14_c16_t18.cpp:102->fft_16k_ssr2_i14_c16_t18.cpp:353) on port 'gmem2' (fft_16k_ssr2_i14_c16_t18.cpp:102->fft_16k_ssr2_i14_c16_t18.cpp:353) [23]  (7.300 ns)

 <State 64>: 7.300ns
The critical path consists of the following:
	bus response operation ('empty_57', fft_16k_ssr2_i14_c16_t18.cpp:102->fft_16k_ssr2_i14_c16_t18.cpp:353) on port 'gmem2' (fft_16k_ssr2_i14_c16_t18.cpp:102->fft_16k_ssr2_i14_c16_t18.cpp:353) [23]  (7.300 ns)

 <State 65>: 7.300ns
The critical path consists of the following:
	bus response operation ('empty_57', fft_16k_ssr2_i14_c16_t18.cpp:102->fft_16k_ssr2_i14_c16_t18.cpp:353) on port 'gmem2' (fft_16k_ssr2_i14_c16_t18.cpp:102->fft_16k_ssr2_i14_c16_t18.cpp:353) [23]  (7.300 ns)

 <State 66>: 7.300ns
The critical path consists of the following:
	bus response operation ('empty_57', fft_16k_ssr2_i14_c16_t18.cpp:102->fft_16k_ssr2_i14_c16_t18.cpp:353) on port 'gmem2' (fft_16k_ssr2_i14_c16_t18.cpp:102->fft_16k_ssr2_i14_c16_t18.cpp:353) [23]  (7.300 ns)

 <State 67>: 7.300ns
The critical path consists of the following:
	bus response operation ('empty_57', fft_16k_ssr2_i14_c16_t18.cpp:102->fft_16k_ssr2_i14_c16_t18.cpp:353) on port 'gmem2' (fft_16k_ssr2_i14_c16_t18.cpp:102->fft_16k_ssr2_i14_c16_t18.cpp:353) [23]  (7.300 ns)

 <State 68>: 7.300ns
The critical path consists of the following:
	bus response operation ('empty_57', fft_16k_ssr2_i14_c16_t18.cpp:102->fft_16k_ssr2_i14_c16_t18.cpp:353) on port 'gmem2' (fft_16k_ssr2_i14_c16_t18.cpp:102->fft_16k_ssr2_i14_c16_t18.cpp:353) [23]  (7.300 ns)

 <State 69>: 7.300ns
The critical path consists of the following:
	bus response operation ('empty_57', fft_16k_ssr2_i14_c16_t18.cpp:102->fft_16k_ssr2_i14_c16_t18.cpp:353) on port 'gmem2' (fft_16k_ssr2_i14_c16_t18.cpp:102->fft_16k_ssr2_i14_c16_t18.cpp:353) [23]  (7.300 ns)

 <State 70>: 7.300ns
The critical path consists of the following:
	bus response operation ('empty_57', fft_16k_ssr2_i14_c16_t18.cpp:102->fft_16k_ssr2_i14_c16_t18.cpp:353) on port 'gmem2' (fft_16k_ssr2_i14_c16_t18.cpp:102->fft_16k_ssr2_i14_c16_t18.cpp:353) [23]  (7.300 ns)

 <State 71>: 7.300ns
The critical path consists of the following:
	bus response operation ('empty_57', fft_16k_ssr2_i14_c16_t18.cpp:102->fft_16k_ssr2_i14_c16_t18.cpp:353) on port 'gmem2' (fft_16k_ssr2_i14_c16_t18.cpp:102->fft_16k_ssr2_i14_c16_t18.cpp:353) [23]  (7.300 ns)

 <State 72>: 7.300ns
The critical path consists of the following:
	bus response operation ('empty_57', fft_16k_ssr2_i14_c16_t18.cpp:102->fft_16k_ssr2_i14_c16_t18.cpp:353) on port 'gmem2' (fft_16k_ssr2_i14_c16_t18.cpp:102->fft_16k_ssr2_i14_c16_t18.cpp:353) [23]  (7.300 ns)


============================================================
+ Verbose Summary: Binding
============================================================
N/A
* FSMD analyzer results:
  - Output states:
 - Input state : 
  - Chain level:
	State 1
	State 2
	State 3
	State 4
	State 5
	State 6
	State 7
	State 8
	State 9
	State 10
	State 11
	State 12
	State 13
	State 14
	State 15
	State 16
	State 17
	State 18
	State 19
	State 20
	State 21
	State 22
	State 23
	State 24
	State 25
	State 26
	State 27
	State 28
	State 29
	State 30
	State 31
	State 32
	State 33
	State 34
	State 35
	State 36
	State 37
	State 38
	State 39
	State 40
	State 41
	State 42
	State 43
	State 44
	State 45
	State 46
	State 47
	State 48
	State 49
	State 50
	State 51
	State 52
	State 53
	State 54
	State 55
	State 56
	State 57
	State 58
	State 59
	State 60
	State 61
	State 62
	State 63
	State 64
	State 65
	State 66
	State 67
	State 68
	State 69
	State 70
	State 71
	State 72


============================================================
+ Verbose Summary: Datapath Resource usage 
============================================================
N/A
