

================================================================
== Vitis HLS Report for 'fft_serial_kernel_1'
================================================================
* Date:           Tue Mar  3 21:26:52 2026

* Version:        2023.2 (Build 4023990 on Oct 11 2023)
* Project:        hls_project
* Solution:       solution1 (Vivado IP Flow Target)
* Product family: zynquplus
* Target device:  xck26-sfvc784-2LV-c


================================================================
== Performance Estimates
================================================================
+ Timing: 
    * Summary: 
    +--------+----------+----------+------------+
    |  Clock |  Target  | Estimated| Uncertainty|
    +--------+----------+----------+------------+
    |ap_clk  |  10.00 ns|  7.300 ns|     2.70 ns|
    +--------+----------+----------+------------+

+ Latency: 
    * Summary: 
    +---------+---------+-----------+----------+-----+-------+---------+
    |  Latency (cycles) |  Latency (absolute)  |   Interval  | Pipeline|
    |   min   |   max   |    min    |    max   | min |  max  |   Type  |
    +---------+---------+-----------+----------+-----+-------+---------+
    |        3|    24731|  30.000 ns|  0.247 ms|    3|  24731|       no|
    +---------+---------+-----------+----------+-----+-------+---------+

    + Detail: 
        * Instance: 
        +--------------------------------------+-----------------------------------+---------+---------+----------+----------+-------+-------+----------+
        |                                      |                                   |  Latency (cycles) |  Latency (absolute) |    Interval   | Pipeline |
        |               Instance               |               Module              |   min   |   max   |    min   |    max   |  min  |  max  |   Type   |
        +--------------------------------------+-----------------------------------+---------+---------+----------+----------+-------+-------+----------+
        |dataflow_in_loop_VITIS_LOOP_310_1_U0  |dataflow_in_loop_VITIS_LOOP_310_1  |    24729|    24729|  0.247 ms|  0.247 ms|  24728|  24728|  dataflow|
        +--------------------------------------+-----------------------------------+---------+---------+----------+----------+-------+-------+----------+

        * Loop: 
        +--------------------+---------+---------+----------+-----------+-----------+-------+----------+
        |                    |  Latency (cycles) | Iteration|  Initiation Interval  |  Trip |          |
        |      Loop Name     |   min   |   max   |  Latency |  achieved |   target  | Count | Pipelined|
        +--------------------+---------+---------+----------+-----------+-----------+-------+----------+
        |- VITIS_LOOP_310_1  |        2|    24730|     24731|          -|          -|  0 ~ 1|        no|
        +--------------------+---------+---------+----------+-----------+-----------+-------+----------+



================================================================
== Utilization Estimates
================================================================
* Summary: 
+-----------------+---------+------+--------+--------+-----+
|       Name      | BRAM_18K|  DSP |   FF   |   LUT  | URAM|
+-----------------+---------+------+--------+--------+-----+
|DSP              |        -|     -|       -|       -|    -|
|Expression       |        -|     -|     444|     102|    -|
|FIFO             |        -|     -|       -|       -|    -|
|Instance         |       33|     0|   13535|   11101|    -|
|Memory           |        -|     -|       -|       -|    -|
|Multiplexer      |        -|     -|       -|      18|    -|
|Register         |        -|     -|      64|       -|    -|
+-----------------+---------+------+--------+--------+-----+
|Total            |       33|     0|   14043|   11221|    0|
+-----------------+---------+------+--------+--------+-----+
|Available        |      288|  1248|  234240|  117120|   64|
+-----------------+---------+------+--------+--------+-----+
|Utilization (%)  |       11|     0|       5|       9|    0|
+-----------------+---------+------+--------+--------+-----+

+ Detail: 
    * Instance: 
    +--------------------------------------+-----------------------------------+---------+----+-------+-------+-----+
    |               Instance               |               Module              | BRAM_18K| DSP|   FF  |  LUT  | URAM|
    +--------------------------------------+-----------------------------------+---------+----+-------+-------+-----+
    |dataflow_in_loop_VITIS_LOOP_310_1_U0  |dataflow_in_loop_VITIS_LOOP_310_1  |       33|   0|  13535|  11101|    0|
    +--------------------------------------+-----------------------------------+---------+----+-------+-------+-----+
    |Total                                 |                                   |       33|   0|  13535|  11101|    0|
    +--------------------------------------+-----------------------------------+---------+----+-------+-------+-----+

    * DSP: 
    N/A

    * Memory: 
    N/A

    * FIFO: 
    N/A

    * Expression: 
    +----------------------------+----------+----+-----+----+------------+------------+
    |        Variable Name       | Operation| DSP|  FF | LUT| Bitwidth P0| Bitwidth P1|
    +----------------------------+----------+----+-----+----+------------+------------+
    |loop_dataflow_input_count   |         +|   0|  148|  34|          32|           1|
    |loop_dataflow_output_count  |         +|   0|  148|  34|          32|           1|
    |bound_minus_1               |         -|   0|  148|  34|          32|           1|
    +----------------------------+----------+----+-----+----+------------+------------+
    |Total                       |          |   0|  444| 102|          96|           3|
    +----------------------------+----------+----+-----+----+------------+------------+

    * Multiplexer: 
    +----------------------------+----+-----------+-----+-----------+
    |            Name            | LUT| Input Size| Bits| Total Bits|
    +----------------------------+----+-----------+-----+-----------+
    |loop_dataflow_input_count   |   9|          2|   32|         64|
    |loop_dataflow_output_count  |   9|          2|   32|         64|
    +----------------------------+----+-----------+-----+-----------+
    |Total                       |  18|          4|   64|        128|
    +----------------------------+----+-----------+-----+-----------+

    * Register: 
    +----------------------------+----+----+-----+-----------+
    |            Name            | FF | LUT| Bits| Const Bits|
    +----------------------------+----+----+-----+-----------+
    |loop_dataflow_input_count   |  32|   0|   32|          0|
    |loop_dataflow_output_count  |  32|   0|   32|          0|
    +----------------------------+----+----+-----+-----------+
    |Total                       |  64|   0|   64|          0|
    +----------------------------+----+----+-----+-----------+



================================================================
== Interface
================================================================
* Summary: 
+----------------------+-----+-----+------------+---------------------+--------------+
|       RTL Ports      | Dir | Bits|  Protocol  |    Source Object    |    C Type    |
+----------------------+-----+-----+------------+---------------------+--------------+
|twiddle_out0_dout     |   in|   32|     ap_fifo|         twiddle_out0|       pointer|
|twiddle_out0_empty_n  |   in|    1|     ap_fifo|         twiddle_out0|       pointer|
|twiddle_out0_read     |  out|    1|     ap_fifo|         twiddle_out0|       pointer|
|fft2_out0_din         |  out|   32|     ap_fifo|            fft2_out0|       pointer|
|fft2_out0_full_n      |   in|    1|     ap_fifo|            fft2_out0|       pointer|
|fft2_out0_write       |  out|    1|     ap_fifo|            fft2_out0|       pointer|
|iter                  |   in|   32|     ap_none|                 iter|       pointer|
|ap_clk                |   in|    1|  ap_ctrl_hs|  fft_serial_kernel.1|  return value|
|ap_rst                |   in|    1|  ap_ctrl_hs|  fft_serial_kernel.1|  return value|
|ap_start              |   in|    1|  ap_ctrl_hs|  fft_serial_kernel.1|  return value|
|ap_done               |  out|    1|  ap_ctrl_hs|  fft_serial_kernel.1|  return value|
|ap_ready              |  out|    1|  ap_ctrl_hs|  fft_serial_kernel.1|  return value|
|ap_idle               |  out|    1|  ap_ctrl_hs|  fft_serial_kernel.1|  return value|
|ap_continue           |   in|    1|  ap_ctrl_hs|  fft_serial_kernel.1|  return value|
+----------------------+-----+-----+------------+---------------------+--------------+

============================================================
+ Verbose Summary: Synthesis Manager
============================================================
InlineROM: 1
ExposeGlobal: 0
============================================================
+ Verbose Summary: CDFG Model
============================================================
IsTopModel: 0
ResetActiveHigh: 1
IsCombinational: 2
IsDatapathOnly: 0
HasWiredReturn: 1
HasMFsm: 0
HasVarLatency: 1
IsPipeline: 0
IsRtlPipelined: 0
IsInstanceOverlapped: 0
IsDontTouch: 0
HasImplIP: 0
IsGatedGlobalClock: 0


============================================================
+ Verbose Summary: Schedule
============================================================
* Number of FSM states : 3
* Pipeline : 0
* Dataflow Pipeline: 1
  DF-Pipeline-0: Size = 2, States = { 2 3 }

* FSM state transitions: 
1 --> 2 
2 --> 3 
3 --> 2 

* FSM state operations: 

State 1 <SV = 0> <Delay = 1.83>
ST_1 : Operation 4 [1/1] (1.83ns)   --->   "%iter_read = read i32 @_ssdm_op_Read.ap_auto.volatile.i32P0A, i32 %iter"   --->   Operation 4 'read' 'iter_read' <Predicate = true> <Delay = 1.83> <CoreInst = "FIFO_SRL">   --->   Core 81 'FIFO_SRL' <Latency = 0> <II = 1> <Delay = 1.83> <Storage> <Opcode : 'read' 'write' 'nbread' 'nbwrite'> <Ports = 0> <Width = -1> <Depth = -1> <FIFO>
ST_1 : Operation 5 [1/1] (0.00ns)   --->   "%specinterface_ln0 = specinterface void @_ssdm_op_SpecInterface, i32 %fft2_out0, void @empty_8, i32 0, i32 0, void @empty, i32 0, i32 0, void @empty, void @empty, void @empty, i32 0, i32 0, i32 0, i32 0, void @empty, void @empty, i32 4294967295, i32 0"   --->   Operation 5 'specinterface' 'specinterface_ln0' <Predicate = true> <Delay = 0.00>
ST_1 : Operation 6 [1/1] (0.00ns)   --->   "%specinterface_ln0 = specinterface void @_ssdm_op_SpecInterface, i32 %twiddle_out0, void @empty_8, i32 0, i32 0, void @empty, i32 0, i32 0, void @empty, void @empty, void @empty, i32 0, i32 0, i32 0, i32 0, void @empty, void @empty, i32 4294967295, i32 0"   --->   Operation 6 'specinterface' 'specinterface_ln0' <Predicate = true> <Delay = 0.00>
ST_1 : Operation 7 [1/1] (0.42ns)   --->   "%br_ln310 = br void %for.cond" [fft_16k_ssr2_i14_c16_t18.cpp:310]   --->   Operation 7 'br' 'br_ln310' <Predicate = true> <Delay = 0.42>

State 2 <SV = 1> <Delay = 1.01>
ST_2 : Operation 8 [1/1] (0.00ns)   --->   "%i = phi i31 0, void %entry, i31 %add_ln310, void %codeRepl" [fft_16k_ssr2_i14_c16_t18.cpp:310]   --->   Operation 8 'phi' 'i' <Predicate = true> <Delay = 0.00>
ST_2 : Operation 9 [1/1] (0.00ns)   --->   "%zext_ln310 = zext i31 %i" [fft_16k_ssr2_i14_c16_t18.cpp:310]   --->   Operation 9 'zext' 'zext_ln310' <Predicate = true> <Delay = 0.00>
ST_2 : Operation 10 [1/1] (1.01ns)   --->   "%icmp_ln310 = icmp_slt  i32 %zext_ln310, i32 %iter_read" [fft_16k_ssr2_i14_c16_t18.cpp:310]   --->   Operation 10 'icmp' 'icmp_ln310' <Predicate = true> <Delay = 1.01> <CoreInst = "Cmp">   --->   Core 9 'Cmp' <Latency = 0> <II = 1> <Delay = 1.01> <FuncUnit> <Opcode : 'icmp'> <InPorts = 2> <OutPorts = 1>
ST_2 : Operation 11 [1/1] (1.00ns)   --->   "%add_ln310 = add i31 %i, i31 1" [fft_16k_ssr2_i14_c16_t18.cpp:310]   --->   Operation 11 'add' 'add_ln310' <Predicate = true> <Delay = 1.00> <CoreInst = "Adder">   --->   Core 1 'Adder' <Latency = 0> <II = 1> <Delay = 1.00> <FuncUnit> <Opcode : 'add' 'sub'> <InPorts = 2> <OutPorts = 1>
ST_2 : Operation 12 [1/1] (0.00ns)   --->   "%specdataflowpipeline_ln310 = specdataflowpipeline void @_ssdm_op_SpecDataflowPipeline, i32 4294967295, i32 0, void @dataflow_parent_loop_str, i31 %i, i32 %iter_read, i32 0" [fft_16k_ssr2_i14_c16_t18.cpp:310]   --->   Operation 12 'specdataflowpipeline' 'specdataflowpipeline_ln310' <Predicate = true> <Delay = 0.00>
ST_2 : Operation 13 [1/1] (0.00ns)   --->   "%br_ln310 = br i1 %icmp_ln310, void %for.end, void %codeRepl" [fft_16k_ssr2_i14_c16_t18.cpp:310]   --->   Operation 13 'br' 'br_ln310' <Predicate = true> <Delay = 0.00>
ST_2 : Operation 14 [2/2] (0.00ns)   --->   "%call_ln305 = call void @dataflow_in_loop_VITIS_LOOP_310_1, i32 %twiddle_out0, i32 %fft2_out0" [fft_16k_ssr2_i14_c16_t18.cpp:305]   --->   Operation 14 'call' 'call_ln305' <Predicate = (icmp_ln310)> <Delay = 0.00> <CoreType = "Generic">   --->   Core 0 '' <Latency = 0> <II = 1> <Delay = 1.00> <Generic> <Opcode : >
ST_2 : Operation 15 [1/1] (0.00ns)   --->   "%ret_ln318 = ret" [fft_16k_ssr2_i14_c16_t18.cpp:318]   --->   Operation 15 'ret' 'ret_ln318' <Predicate = (!icmp_ln310)> <Delay = 0.00>

State 3 <SV = 2> <Delay = 0.00>
ST_3 : Operation 16 [1/1] (0.00ns)   --->   "%speclooptripcount_ln312 = speclooptripcount void @_ssdm_op_SpecLoopTripCount, i64 0, i64 1, i64 0" [fft_16k_ssr2_i14_c16_t18.cpp:312]   --->   Operation 16 'speclooptripcount' 'speclooptripcount_ln312' <Predicate = (icmp_ln310)> <Delay = 0.00>
ST_3 : Operation 17 [1/1] (0.00ns)   --->   "%specloopname_ln310 = specloopname void @_ssdm_op_SpecLoopName, void @empty_16" [fft_16k_ssr2_i14_c16_t18.cpp:310]   --->   Operation 17 'specloopname' 'specloopname_ln310' <Predicate = (icmp_ln310)> <Delay = 0.00>
ST_3 : Operation 18 [1/2] (0.00ns)   --->   "%call_ln305 = call void @dataflow_in_loop_VITIS_LOOP_310_1, i32 %twiddle_out0, i32 %fft2_out0" [fft_16k_ssr2_i14_c16_t18.cpp:305]   --->   Operation 18 'call' 'call_ln305' <Predicate = (icmp_ln310)> <Delay = 0.00> <CoreType = "Generic">   --->   Core 0 '' <Latency = 0> <II = 1> <Delay = 1.00> <Generic> <Opcode : >
ST_3 : Operation 19 [1/1] (0.00ns)   --->   "%br_ln310 = br void %for.cond" [fft_16k_ssr2_i14_c16_t18.cpp:310]   --->   Operation 19 'br' 'br_ln310' <Predicate = (icmp_ln310)> <Delay = 0.00>


============================================================
+ Verbose Summary: Binding
============================================================
STG Binding: 
---------------- STG Properties BEGIN ----------------
- Is combinational: 0
- Is one-state seq: 0
- Is datapath-only: 0
- Is pipelined: 0
- Is top level: 0
Port [ Return ] is wired: 1; IO mode=ap_ctrl_hs:ce=0
Port [ twiddle_out0]:  wired=1; compound=1; hidden=0; nouse=0; global=0; static=0; extern=0; dir=0; type=3; pingpong=0; private_global=0; IO mode=ap_fifo:ce=0
Port [ fft2_out0]:  wired=1; compound=1; hidden=0; nouse=0; global=0; static=0; extern=0; dir=1; type=3; pingpong=0; private_global=0; IO mode=ap_fifo:ce=0
Port [ iter]:  wired=1; compound=0; hidden=0; nouse=0; global=0; static=0; extern=0; dir=0; type=0; pingpong=0; private_global=0; IO mode=ap_none:ce=0
---------------- STG Properties END ------------------

---------------- Datapath Model BEGIN ----------------

<LifeTime>
<method=bitvector/>
iter_read                  (read                ) [ 0011]
specinterface_ln0          (specinterface       ) [ 0000]
specinterface_ln0          (specinterface       ) [ 0000]
br_ln310                   (br                  ) [ 0111]
i                          (phi                 ) [ 0010]
zext_ln310                 (zext                ) [ 0000]
icmp_ln310                 (icmp                ) [ 0011]
add_ln310                  (add                 ) [ 0111]
specdataflowpipeline_ln310 (specdataflowpipeline) [ 0000]
br_ln310                   (br                  ) [ 0000]
ret_ln318                  (ret                 ) [ 0000]
speclooptripcount_ln312    (speclooptripcount   ) [ 0000]
specloopname_ln310         (specloopname        ) [ 0000]
call_ln305                 (call                ) [ 0000]
br_ln310                   (br                  ) [ 0111]
</LifeTime>

<model>

<comp_list>
<comp id="0" class="1000" name="twiddle_out0">
<pin_list>
<pin id="1" dir="1" index="0" bw="1" slack="0"/>
</pin_list>
<bind>
<StgValue><ssdm name="twiddle_out0"/></StgValue>
</bind>
</comp>

<comp id="2" class="1000" name="fft2_out0">
<pin_list>
<pin id="3" dir="1" index="0" bw="1" slack="0"/>
</pin_list>
<bind>
<StgValue><ssdm name="fft2_out0"/></StgValue>
</bind>
</comp>

<comp id="4" class="1000" name="iter">
<pin_list>
<pin id="5" dir="1" index="0" bw="1" slack="0"/>
</pin_list>
<bind>
<StgValue><ssdm name="iter"/></StgValue>
</bind>
</comp>

<comp id="6" class="1001" name="const_6">
<pin_list>
<pin id="7" dir="1" index="0" bw="1" slack="0"/>
</pin_list>
<bind>
<StgValue><ssdm name="_ssdm_op_Read.ap_auto.volatile.i32P0A"/></StgValue>
</bind>
</comp>

<comp id="8" class="1001" name="const_8">
<pin_list>
<pin id="9" dir="1" index="0" bw="1" slack="2147483647"/>
</pin_list>
<bind>
<StgValue><ssdm name="_ssdm_op_SpecInterface"/></StgValue>
</bind>
</comp>

<comp id="10" class="1001" name="const_10">
<pin_list>
<pin id="11" dir="1" index="0" bw="1" slack="2147483647"/>
</pin_list>
<bind>
<StgValue><ssdm name="empty_8"/></StgValue>
</bind>
</comp>

<comp id="12" class="1001" name="const_12">
<pin_list>
<pin id="13" dir="1" index="0" bw="1" slack="2147483647"/>
</pin_list>
<bind>
<StgValue><ssdm name=""/></StgValue>
</bind>
</comp>

<comp id="14" class="1001" name="const_14">
<pin_list>
<pin id="15" dir="1" index="0" bw="1" slack="2147483647"/>
</pin_list>
<bind>
<StgValue><ssdm name="empty"/></StgValue>
</bind>
</comp>

<comp id="16" class="1001" name="const_16">
<pin_list>
<pin id="17" dir="1" index="0" bw="1" slack="2147483647"/>
</pin_list>
<bind>
<StgValue><ssdm name=""/></StgValue>
</bind>
</comp>

<comp id="18" class="1001" name="const_18">
<pin_list>
<pin id="19" dir="1" index="0" bw="1" slack="1"/>
</pin_list>
<bind>
<StgValue><ssdm name=""/></StgValue>
</bind>
</comp>

<comp id="20" class="1001" name="const_20">
<pin_list>
<pin id="21" dir="1" index="0" bw="1" slack="0"/>
</pin_list>
<bind>
<StgValue><ssdm name=""/></StgValue>
</bind>
</comp>

<comp id="22" class="1001" name="const_22">
<pin_list>
<pin id="23" dir="1" index="0" bw="1" slack="2147483647"/>
</pin_list>
<bind>
<StgValue><ssdm name="_ssdm_op_SpecDataflowPipeline"/></StgValue>
</bind>
</comp>

<comp id="24" class="1001" name="const_24">
<pin_list>
<pin id="25" dir="1" index="0" bw="1" slack="2147483647"/>
</pin_list>
<bind>
<StgValue><ssdm name="dataflow_parent_loop_str"/></StgValue>
</bind>
</comp>

<comp id="26" class="1001" name="const_26">
<pin_list>
<pin id="27" dir="1" index="0" bw="1" slack="0"/>
</pin_list>
<bind>
<StgValue><ssdm name="dataflow_in_loop_VITIS_LOOP_310_1"/></StgValue>
</bind>
</comp>

<comp id="28" class="1001" name="const_28">
<pin_list>
<pin id="29" dir="1" index="0" bw="1" slack="2147483647"/>
</pin_list>
<bind>
<StgValue><ssdm name="_ssdm_op_SpecLoopTripCount"/></StgValue>
</bind>
</comp>

<comp id="30" class="1001" name="const_30">
<pin_list>
<pin id="31" dir="1" index="0" bw="1" slack="2147483647"/>
</pin_list>
<bind>
<StgValue><ssdm name=""/></StgValue>
</bind>
</comp>

<comp id="32" class="1001" name="const_32">
<pin_list>
<pin id="33" dir="1" index="0" bw="1" slack="2147483647"/>
</pin_list>
<bind>
<StgValue><ssdm name=""/></StgValue>
</bind>
</comp>

<comp id="34" class="1001" name="const_34">
<pin_list>
<pin id="35" dir="1" index="0" bw="1" slack="2147483647"/>
</pin_list>
<bind>
<StgValue><ssdm name="_ssdm_op_SpecLoopName"/></StgValue>
</bind>
</comp>

<comp id="36" class="1001" name="const_36">
<pin_list>
<pin id="37" dir="1" index="0" bw="1" slack="2147483647"/>
</pin_list>
<bind>
<StgValue><ssdm name="empty_16"/></StgValue>
</bind>
</comp>

<comp id="38" class="1004" name="iter_read_read_fu_38">
<pin_list>
<pin id="39" dir="0" index="0" bw="32" slack="0"/>
<pin id="40" dir="0" index="1" bw="32" slack="0"/>
<pin id="41" dir="1" index="2" bw="32" slack="1"/>
</pin_list>
<bind>
<opcode="read(1150) " fcode="read"/>
<opset="iter_read/1 "/>
</bind>
</comp>

<comp id="44" class="1005" name="i_reg_44">
<pin_list>
<pin id="45" dir="0" index="0" bw="31" slack="1"/>
<pin id="46" dir="1" index="1" bw="31" slack="1"/>
</pin_list>
<bind>
<opset="i (phireg) "/>
</bind>
</comp>

<comp id="48" class="1004" name="i_phi_fu_48">
<pin_list>
<pin id="49" dir="0" index="0" bw="1" slack="1"/>
<pin id="50" dir="0" index="1" bw="0" slack="2147483647"/>
<pin id="51" dir="0" index="2" bw="31" slack="0"/>
<pin id="52" dir="0" index="3" bw="0" slack="2147483647"/>
<pin id="53" dir="1" index="4" bw="31" slack="0"/>
</pin_list>
<bind>
<opcode="phi(47) " fcode="phi"/>
<opset="i/2 "/>
</bind>
</comp>

<comp id="55" class="1004" name="grp_dataflow_in_loop_VITIS_LOOP_310_1_fu_55">
<pin_list>
<pin id="56" dir="0" index="0" bw="0" slack="0"/>
<pin id="57" dir="0" index="1" bw="32" slack="0"/>
<pin id="58" dir="0" index="2" bw="32" slack="0"/>
<pin id="59" dir="1" index="3" bw="0" slack="2147483647"/>
</pin_list>
<bind>
<opcode="call(48) " fcode="call"/>
<opset="call_ln305/2 "/>
</bind>
</comp>

<comp id="63" class="1004" name="zext_ln310_fu_63">
<pin_list>
<pin id="64" dir="0" index="0" bw="31" slack="0"/>
<pin id="65" dir="1" index="1" bw="32" slack="0"/>
</pin_list>
<bind>
<opcode="zext(34) " fcode="zext"/>
<opset="zext_ln310/2 "/>
</bind>
</comp>

<comp id="67" class="1004" name="icmp_ln310_fu_67">
<pin_list>
<pin id="68" dir="0" index="0" bw="31" slack="0"/>
<pin id="69" dir="0" index="1" bw="32" slack="1"/>
<pin id="70" dir="1" index="2" bw="1" slack="1"/>
</pin_list>
<bind>
<opcode="icmp(45) " fcode="icmp"/>
<opset="icmp_ln310/2 "/>
</bind>
</comp>

<comp id="72" class="1004" name="add_ln310_fu_72">
<pin_list>
<pin id="73" dir="0" index="0" bw="31" slack="0"/>
<pin id="74" dir="0" index="1" bw="1" slack="0"/>
<pin id="75" dir="1" index="2" bw="31" slack="0"/>
</pin_list>
<bind>
<opcode="add(8) " fcode="add"/>
<opset="add_ln310/2 "/>
</bind>
</comp>

<comp id="78" class="1005" name="iter_read_reg_78">
<pin_list>
<pin id="79" dir="0" index="0" bw="32" slack="1"/>
<pin id="80" dir="1" index="1" bw="32" slack="1"/>
</pin_list>
<bind>
<opset="iter_read "/>
</bind>
</comp>

<comp id="83" class="1005" name="icmp_ln310_reg_83">
<pin_list>
<pin id="84" dir="0" index="0" bw="1" slack="1"/>
<pin id="85" dir="1" index="1" bw="1" slack="2147483647"/>
</pin_list>
<bind>
<opset="icmp_ln310 "/>
</bind>
</comp>

<comp id="87" class="1005" name="add_ln310_reg_87">
<pin_list>
<pin id="88" dir="0" index="0" bw="31" slack="0"/>
<pin id="89" dir="1" index="1" bw="31" slack="0"/>
</pin_list>
<bind>
<opset="add_ln310 "/>
</bind>
</comp>

</comp_list>

<net_list>
<net id="42"><net_src comp="6" pin="0"/><net_sink comp="38" pin=0"/></net>

<net id="43"><net_src comp="4" pin="0"/><net_sink comp="38" pin=1"/></net>

<net id="47"><net_src comp="18" pin="0"/><net_sink comp="44" pin=0"/></net>

<net id="54"><net_src comp="44" pin="1"/><net_sink comp="48" pin=0"/></net>

<net id="60"><net_src comp="26" pin="0"/><net_sink comp="55" pin=0"/></net>

<net id="61"><net_src comp="0" pin="0"/><net_sink comp="55" pin=1"/></net>

<net id="62"><net_src comp="2" pin="0"/><net_sink comp="55" pin=2"/></net>

<net id="66"><net_src comp="48" pin="4"/><net_sink comp="63" pin=0"/></net>

<net id="71"><net_src comp="63" pin="1"/><net_sink comp="67" pin=0"/></net>

<net id="76"><net_src comp="48" pin="4"/><net_sink comp="72" pin=0"/></net>

<net id="77"><net_src comp="20" pin="0"/><net_sink comp="72" pin=1"/></net>

<net id="81"><net_src comp="38" pin="2"/><net_sink comp="78" pin=0"/></net>

<net id="82"><net_src comp="78" pin="1"/><net_sink comp="67" pin=1"/></net>

<net id="86"><net_src comp="67" pin="2"/><net_sink comp="83" pin=0"/></net>

<net id="90"><net_src comp="72" pin="2"/><net_sink comp="87" pin=0"/></net>

<net id="91"><net_src comp="87" pin="1"/><net_sink comp="48" pin=2"/></net>

</net_list>

</model> 
---------------- Datapath Model END ------------------

* FSMD analyzer results:
  - Output states:
	Port: twiddle_out0 | {}
	Port: fft2_out0 | {}
 - Input state : 
	Port: fft_serial_kernel.1 : twiddle_out0 | {}
	Port: fft_serial_kernel.1 : fft2_out0 | {}
	Port: fft_serial_kernel.1 : iter | {1 }
  - Chain level:
	State 1
	State 2
		zext_ln310 : 1
		icmp_ln310 : 2
		add_ln310 : 1
		specdataflowpipeline_ln310 : 1
		br_ln310 : 3
	State 3


============================================================
+ Verbose Summary: Datapath Resource usage 
============================================================

* Functional unit list:
|----------|---------------------------------------------|---------|---------|---------|---------|
| Operation|               Functional Unit               |   BRAM  |   DSP   |    FF   |   LUT   |
|----------|---------------------------------------------|---------|---------|---------|---------|
|   call   | grp_dataflow_in_loop_VITIS_LOOP_310_1_fu_55 |    33   |    0    |  13262  |  10829  |
|----------|---------------------------------------------|---------|---------|---------|---------|
|   icmp   |               icmp_ln310_fu_67              |    0    |    0    |    0    |    39   |
|----------|---------------------------------------------|---------|---------|---------|---------|
|    add   |               add_ln310_fu_72               |    0    |    0    |    0    |    38   |
|----------|---------------------------------------------|---------|---------|---------|---------|
|   read   |             iter_read_read_fu_38            |    0    |    0    |    0    |    0    |
|----------|---------------------------------------------|---------|---------|---------|---------|
|   zext   |               zext_ln310_fu_63              |    0    |    0    |    0    |    0    |
|----------|---------------------------------------------|---------|---------|---------|---------|
|   Total  |                                             |    33   |    0    |  13262  |  10906  |
|----------|---------------------------------------------|---------|---------|---------|---------|

Memories:
N/A

* Register list:
+-----------------+--------+
|                 |   FF   |
+-----------------+--------+
| add_ln310_reg_87|   31   |
|     i_reg_44    |   31   |
|icmp_ln310_reg_83|    1   |
| iter_read_reg_78|   32   |
+-----------------+--------+
|      Total      |   95   |
+-----------------+--------+

* Multiplexer (MUX) list: 
|--------|------|------|------|--------|
|  Comp  |  Pin | Size |  BW  | S x BW |
|--------|------|------|------|--------|
|  Total |      |      |      |    0   |
|--------|------|------|------|--------|



* Summary:
+-----------+--------+--------+--------+--------+
|           |  BRAM  |   DSP  |   FF   |   LUT  |
+-----------+--------+--------+--------+--------+
|  Function |   33   |    0   |  13262 |  10906 |
|   Memory  |    -   |    -   |    -   |    -   |
|Multiplexer|    -   |    -   |    -   |    -   |
|  Register |    -   |    -   |   95   |    -   |
+-----------+--------+--------+--------+--------+
|   Total   |   33   |    0   |  13357 |  10906 |
+-----------+--------+--------+--------+--------+
