

================================================================
== Vitis HLS Report for 'get_phase_factor'
================================================================
* Date:           Tue Mar  3 21:26:49 2026

* Version:        2023.2 (Build 4023990 on Oct 11 2023)
* Project:        hls_project
* Solution:       solution1 (Vivado IP Flow Target)
* Product family: zynquplus
* Target device:  xck26-sfvc784-2LV-c


================================================================
== Performance Estimates
================================================================
+ Timing: 
    * Summary: 
    +--------+----------+----------+------------+
    |  Clock |  Target  | Estimated| Uncertainty|
    +--------+----------+----------+------------+
    |ap_clk  |  10.00 ns|  1.237 ns|     2.70 ns|
    +--------+----------+----------+------------+

+ Latency: 
    * Summary: 
    +---------+---------+-----------+-----------+-----+-----+---------+
    |  Latency (cycles) |   Latency (absolute)  |  Interval | Pipeline|
    |   min   |   max   |    min    |    max    | min | max |   Type  |
    +---------+---------+-----------+-----------+-----+-----+---------+
    |        1|        1|  10.000 ns|  10.000 ns|    1|    1|      yes|
    +---------+---------+-----------+-----------+-----+-----+---------+

    + Detail: 
        * Instance: 
        N/A

        * Loop: 
        N/A

============================================================
+ Verbose Summary: Synthesis Manager
============================================================
InlineROM: 1
ExposeGlobal: 0
============================================================
+ Verbose Summary: CDFG Model
============================================================
IsTopModel: 0
ResetActiveHigh: 1
IsCombinational: 0
IsDatapathOnly: 0
HasWiredReturn: 1
HasMFsm: 2
HasVarLatency: 0
IsPipeline: 1
IsRtlPipelined: 1
IsInstanceOverlapped: 0
IsDontTouch: 0
HasImplIP: 0
IsGatedGlobalClock: 0

+ Individual pipeline summary: 
  * Pipeline-0: initiation interval (II) = 1, depth = 2


============================================================
+ Verbose Summary: Schedule
============================================================
* Number of FSM states : 2
* Pipeline : 1
  Pipeline-0 : II = 1, D = 2, States = { 1 2 }
* Dataflow Pipeline: 0

* FSM state transitions: 
1 --> 2 
2 --> 

* FSM state operations: 

State 1 <SV = 0> <Delay = 1.23>
ST_1 : Operation 3 [1/1] (0.00ns)   --->   "%i_read = read i13 @_ssdm_op_Read.ap_auto.i13, i13 %i" [./fft_16k_ssr2_i14_c16_t18.hpp:1093]   --->   Operation 3 'read' 'i_read' <Predicate = true> <Delay = 0.00>
ST_1 : Operation 4 [1/1] (0.00ns)   --->   "%zext_ln1098 = zext i13 %i_read" [./fft_16k_ssr2_i14_c16_t18.hpp:1098]   --->   Operation 4 'zext' 'zext_ln1098' <Predicate = true> <Delay = 0.00>
ST_1 : Operation 5 [1/1] (0.00ns)   --->   "%w_lut_addr = getelementptr i35 %w_lut, i64 0, i64 %zext_ln1098" [./fft_16k_ssr2_i14_c16_t18.hpp:1098]   --->   Operation 5 'getelementptr' 'w_lut_addr' <Predicate = true> <Delay = 0.00>
ST_1 : Operation 6 [2/2] (1.23ns)   --->   "%w_lut_load = load i13 %w_lut_addr" [./fft_16k_ssr2_i14_c16_t18.hpp:1098]   --->   Operation 6 'load' 'w_lut_load' <Predicate = true> <Delay = 1.23> <CoreInst = "ROM">   --->   Core 101 'ROM' <Latency = 1> <II = 1> <Delay = 1.23> <Storage> <Opcode : 'load'> <Ports = 0> <Width = 35> <Depth = 8192> <ROM>

State 2 <SV = 1> <Delay = 1.23>
ST_2 : Operation 7 [1/2] (1.23ns)   --->   "%w_lut_load = load i13 %w_lut_addr" [./fft_16k_ssr2_i14_c16_t18.hpp:1098]   --->   Operation 7 'load' 'w_lut_load' <Predicate = true> <Delay = 1.23> <CoreInst = "ROM">   --->   Core 101 'ROM' <Latency = 1> <II = 1> <Delay = 1.23> <Storage> <Opcode : 'load'> <Ports = 0> <Width = 35> <Depth = 8192> <ROM>
ST_2 : Operation 8 [1/1] (0.00ns)   --->   "%trunc_ln1098 = trunc i35 %w_lut_load" [./fft_16k_ssr2_i14_c16_t18.hpp:1098]   --->   Operation 8 'trunc' 'trunc_ln1098' <Predicate = true> <Delay = 0.00>
ST_2 : Operation 9 [1/1] (0.00ns)   --->   "%w_M_imag_write_assign = partselect i17 @_ssdm_op_PartSelect.i17.i35.i32.i32, i35 %w_lut_load, i32 18, i32 34" [./fft_16k_ssr2_i14_c16_t18.hpp:1098]   --->   Operation 9 'partselect' 'w_M_imag_write_assign' <Predicate = true> <Delay = 0.00>
ST_2 : Operation 10 [1/1] (0.00ns)   --->   "%sext_ln1098 = sext i17 %w_M_imag_write_assign" [./fft_16k_ssr2_i14_c16_t18.hpp:1098]   --->   Operation 10 'sext' 'sext_ln1098' <Predicate = true> <Delay = 0.00>
ST_2 : Operation 11 [1/1] (0.00ns)   --->   "%mrv = insertvalue i36 <undef>, i18 %trunc_ln1098" [./fft_16k_ssr2_i14_c16_t18.hpp:1099]   --->   Operation 11 'insertvalue' 'mrv' <Predicate = true> <Delay = 0.00>
ST_2 : Operation 12 [1/1] (0.00ns)   --->   "%mrv_1 = insertvalue i36 %mrv, i18 %sext_ln1098" [./fft_16k_ssr2_i14_c16_t18.hpp:1099]   --->   Operation 12 'insertvalue' 'mrv_1' <Predicate = true> <Delay = 0.00>
ST_2 : Operation 13 [1/1] (0.00ns)   --->   "%ret_ln1099 = ret i36 %mrv_1" [./fft_16k_ssr2_i14_c16_t18.hpp:1099]   --->   Operation 13 'ret' 'ret_ln1099' <Predicate = true> <Delay = 0.00>


============================================================
+ Verbose Summary: Binding
============================================================
STG Binding: 
---------------- STG Properties BEGIN ----------------
- Is combinational: 0
- Is one-state seq: 0
- Is datapath-only: 0
- Is pipelined: 1
- Is top level: 0
Port [ Return ] is wired: 1; IO mode=ap_ctrl_hs:ce=0
Port [ i]:  wired=1; compound=0; hidden=0; nouse=0; global=0; static=0; extern=0; dir=0; type=0; pingpong=0; private_global=0; IO mode=ap_none:ce=0
Port [ w_lut]:  wired=0; compound=1; hidden=1; nouse=0; global=1; static=1; extern=0; dir=0; type=1; pingpong=0; private_global=1; MemPort=[1]; IO mode=ap_memory:ce=0
---------------- STG Properties END ------------------

---------------- Datapath Model BEGIN ----------------

<LifeTime>
<method=bitvector/>
i_read                (read         ) [ 000]
zext_ln1098           (zext         ) [ 000]
w_lut_addr            (getelementptr) [ 011]
w_lut_load            (load         ) [ 000]
trunc_ln1098          (trunc        ) [ 000]
w_M_imag_write_assign (partselect   ) [ 000]
sext_ln1098           (sext         ) [ 000]
mrv                   (insertvalue  ) [ 000]
mrv_1                 (insertvalue  ) [ 000]
ret_ln1099            (ret          ) [ 000]
</LifeTime>

<model>

<comp_list>
<comp id="0" class="1000" name="i">
<pin_list>
<pin id="1" dir="1" index="0" bw="1" slack="0"/>
</pin_list>
<bind>
<StgValue><ssdm name="i"/></StgValue>
</bind>
</comp>

<comp id="2" class="1000" name="w_lut">
<pin_list>
<pin id="3" dir="1" index="0" bw="1" slack="0"/>
</pin_list>
<bind>
<StgValue><ssdm name="w_lut"/><MemPortTyVec>1 </MemPortTyVec>
</StgValue>
</bind>
</comp>

<comp id="4" class="1001" name="const_4">
<pin_list>
<pin id="5" dir="1" index="0" bw="1" slack="0"/>
</pin_list>
<bind>
<StgValue><ssdm name="_ssdm_op_Read.ap_auto.i13"/></StgValue>
</bind>
</comp>

<comp id="6" class="1001" name="const_6">
<pin_list>
<pin id="7" dir="1" index="0" bw="1" slack="0"/>
</pin_list>
<bind>
<StgValue><ssdm name=""/></StgValue>
</bind>
</comp>

<comp id="8" class="1001" name="const_8">
<pin_list>
<pin id="9" dir="1" index="0" bw="1" slack="0"/>
</pin_list>
<bind>
<StgValue><ssdm name="_ssdm_op_PartSelect.i17.i35.i32.i32"/></StgValue>
</bind>
</comp>

<comp id="10" class="1001" name="const_10">
<pin_list>
<pin id="11" dir="1" index="0" bw="1" slack="0"/>
</pin_list>
<bind>
<StgValue><ssdm name=""/></StgValue>
</bind>
</comp>

<comp id="12" class="1001" name="const_12">
<pin_list>
<pin id="13" dir="1" index="0" bw="1" slack="0"/>
</pin_list>
<bind>
<StgValue><ssdm name=""/></StgValue>
</bind>
</comp>

<comp id="14" class="1001" name="const_14">
<pin_list>
<pin id="15" dir="1" index="0" bw="1" slack="0"/>
</pin_list>
<bind>
<StgValue><ssdm name=""/></StgValue>
</bind>
</comp>

<comp id="16" class="1004" name="i_read_read_fu_16">
<pin_list>
<pin id="17" dir="0" index="0" bw="13" slack="0"/>
<pin id="18" dir="0" index="1" bw="13" slack="0"/>
<pin id="19" dir="1" index="2" bw="13" slack="0"/>
</pin_list>
<bind>
<opcode="read(1150) " fcode="read"/>
<opset="i_read/1 "/>
</bind>
</comp>

<comp id="22" class="1004" name="w_lut_addr_gep_fu_22">
<pin_list>
<pin id="23" dir="0" index="0" bw="35" slack="0"/>
<pin id="24" dir="0" index="1" bw="1" slack="0"/>
<pin id="25" dir="0" index="2" bw="13" slack="0"/>
<pin id="26" dir="1" index="3" bw="13" slack="0"/>
</pin_list>
<bind>
<opcode="getelementptr(29) " fcode="getelementptr"/>
<opset="w_lut_addr/1 "/>
</bind>
</comp>

<comp id="29" class="1004" name="grp_access_fu_29">
<pin_list>
<pin id="30" dir="0" index="0" bw="13" slack="0"/>
<pin id="31" dir="0" index="1" bw="35" slack="2147483647"/>
<pin id="32" dir="0" index="2" bw="0" slack="2147483647"/>
<pin id="33" dir="1" index="3" bw="35" slack="0"/>
</pin_list>
<bind>
<opcode="load(27) " fcode="load"/>
<opset="w_lut_load/1 "/>
</bind>
</comp>

<comp id="35" class="1004" name="zext_ln1098_fu_35">
<pin_list>
<pin id="36" dir="0" index="0" bw="13" slack="0"/>
<pin id="37" dir="1" index="1" bw="64" slack="0"/>
</pin_list>
<bind>
<opcode="zext(34) " fcode="zext"/>
<opset="zext_ln1098/1 "/>
</bind>
</comp>

<comp id="40" class="1004" name="trunc_ln1098_fu_40">
<pin_list>
<pin id="41" dir="0" index="0" bw="35" slack="0"/>
<pin id="42" dir="1" index="1" bw="18" slack="0"/>
</pin_list>
<bind>
<opcode="trunc(33) " fcode="trunc"/>
<opset="trunc_ln1098/2 "/>
</bind>
</comp>

<comp id="44" class="1004" name="w_M_imag_write_assign_fu_44">
<pin_list>
<pin id="45" dir="0" index="0" bw="17" slack="0"/>
<pin id="46" dir="0" index="1" bw="35" slack="0"/>
<pin id="47" dir="0" index="2" bw="6" slack="0"/>
<pin id="48" dir="0" index="3" bw="7" slack="0"/>
<pin id="49" dir="1" index="4" bw="17" slack="0"/>
</pin_list>
<bind>
<opcode="partselect(1002) " fcode="partselect"/>
<opset="w_M_imag_write_assign/2 "/>
</bind>
</comp>

<comp id="54" class="1004" name="sext_ln1098_fu_54">
<pin_list>
<pin id="55" dir="0" index="0" bw="17" slack="0"/>
<pin id="56" dir="1" index="1" bw="18" slack="0"/>
</pin_list>
<bind>
<opcode="sext(35) " fcode="sext"/>
<opset="sext_ln1098/2 "/>
</bind>
</comp>

<comp id="58" class="1004" name="mrv_fu_58">
<pin_list>
<pin id="59" dir="0" index="0" bw="36" slack="0"/>
<pin id="60" dir="0" index="1" bw="18" slack="0"/>
<pin id="61" dir="1" index="2" bw="36" slack="0"/>
</pin_list>
<bind>
<opcode="insertvalue(57) " fcode="insertvalue"/>
<opset="mrv/2 "/>
</bind>
</comp>

<comp id="64" class="1004" name="mrv_1_fu_64">
<pin_list>
<pin id="65" dir="0" index="0" bw="36" slack="0"/>
<pin id="66" dir="0" index="1" bw="17" slack="0"/>
<pin id="67" dir="1" index="2" bw="36" slack="2147483647"/>
</pin_list>
<bind>
<opcode="insertvalue(57) " fcode="insertvalue"/>
<opset="mrv_1/2 "/>
</bind>
</comp>

<comp id="70" class="1005" name="w_lut_addr_reg_70">
<pin_list>
<pin id="71" dir="0" index="0" bw="13" slack="1"/>
<pin id="72" dir="1" index="1" bw="13" slack="1"/>
</pin_list>
<bind>
<opset="w_lut_addr "/>
</bind>
</comp>

</comp_list>

<net_list>
<net id="20"><net_src comp="4" pin="0"/><net_sink comp="16" pin=0"/></net>

<net id="21"><net_src comp="0" pin="0"/><net_sink comp="16" pin=1"/></net>

<net id="27"><net_src comp="2" pin="0"/><net_sink comp="22" pin=0"/></net>

<net id="28"><net_src comp="6" pin="0"/><net_sink comp="22" pin=1"/></net>

<net id="34"><net_src comp="22" pin="3"/><net_sink comp="29" pin=0"/></net>

<net id="38"><net_src comp="16" pin="2"/><net_sink comp="35" pin=0"/></net>

<net id="39"><net_src comp="35" pin="1"/><net_sink comp="22" pin=2"/></net>

<net id="43"><net_src comp="29" pin="3"/><net_sink comp="40" pin=0"/></net>

<net id="50"><net_src comp="8" pin="0"/><net_sink comp="44" pin=0"/></net>

<net id="51"><net_src comp="29" pin="3"/><net_sink comp="44" pin=1"/></net>

<net id="52"><net_src comp="10" pin="0"/><net_sink comp="44" pin=2"/></net>

<net id="53"><net_src comp="12" pin="0"/><net_sink comp="44" pin=3"/></net>

<net id="57"><net_src comp="44" pin="4"/><net_sink comp="54" pin=0"/></net>

<net id="62"><net_src comp="14" pin="0"/><net_sink comp="58" pin=0"/></net>

<net id="63"><net_src comp="40" pin="1"/><net_sink comp="58" pin=1"/></net>

<net id="68"><net_src comp="58" pin="2"/><net_sink comp="64" pin=0"/></net>

<net id="69"><net_src comp="54" pin="1"/><net_sink comp="64" pin=1"/></net>

<net id="73"><net_src comp="22" pin="3"/><net_sink comp="70" pin=0"/></net>

<net id="74"><net_src comp="70" pin="1"/><net_sink comp="29" pin=0"/></net>

</net_list>

</model> 
---------------- Datapath Model END ------------------

* FSMD analyzer results:
  - Output states:
 - Input state : 
	Port: get_phase_factor : i | {1 }
	Port: get_phase_factor : w_lut | {1 2 }
  - Chain level:
	State 1
		w_lut_addr : 1
		w_lut_load : 2
	State 2
		trunc_ln1098 : 1
		w_M_imag_write_assign : 1
		sext_ln1098 : 2
		mrv : 2
		mrv_1 : 3
		ret_ln1099 : 4


============================================================
+ Verbose Summary: Datapath Resource usage 
============================================================

* Functional unit list:
|----------|-----------------------------|
| Operation|       Functional Unit       |
|----------|-----------------------------|
|   read   |      i_read_read_fu_16      |
|----------|-----------------------------|
|   zext   |      zext_ln1098_fu_35      |
|----------|-----------------------------|
|   trunc  |      trunc_ln1098_fu_40     |
|----------|-----------------------------|
|partselect| w_M_imag_write_assign_fu_44 |
|----------|-----------------------------|
|   sext   |      sext_ln1098_fu_54      |
|----------|-----------------------------|
|insertvalue|          mrv_fu_58          |
|          |         mrv_1_fu_64         |
|----------|-----------------------------|
|   Total  |                             |
|----------|-----------------------------|

Memories:
N/A

* Register list:
+-----------------+--------+
|                 |   FF   |
+-----------------+--------+
|w_lut_addr_reg_70|   13   |
+-----------------+--------+
|      Total      |   13   |
+-----------------+--------+

* Multiplexer (MUX) list: 
|------------------|------|------|------|--------||---------||---------|
|       Comp       |  Pin | Size |  BW  | S x BW ||  Delay  ||   LUT   |
|------------------|------|------|------|--------||---------||---------|
| grp_access_fu_29 |  p0  |   2  |  13  |   26   ||    9    |
|------------------|------|------|------|--------||---------||---------|
|       Total      |      |      |      |   26   ||  0.427  ||    9    |
|------------------|------|------|------|--------||---------||---------|



* Summary:
+-----------+--------+--------+--------+
|           |  Delay |   FF   |   LUT  |
+-----------+--------+--------+--------+
|  Function |    -   |    -   |    -   |
|   Memory  |    -   |    -   |    -   |
|Multiplexer|    0   |    -   |    9   |
|  Register |    -   |   13   |    -   |
+-----------+--------+--------+--------+
|   Total   |    0   |   13   |    9   |
+-----------+--------+--------+--------+
