

================================================================
== Vitis HLS Report for 'joiner_Pipeline_VITIS_LOOP_285_1_VITIS_LOOP_288_2'
================================================================
* Date:           Tue Mar  3 21:26:51 2026

* Version:        2023.2 (Build 4023990 on Oct 11 2023)
* Project:        hls_project
* Solution:       solution1 (Vivado IP Flow Target)
* Product family: zynquplus
* Target device:  xck26-sfvc784-2LV-c


================================================================
== Performance Estimates
================================================================
+ Timing: 
    * Summary: 
    +--------+----------+----------+------------+
    |  Clock |  Target  | Estimated| Uncertainty|
    +--------+----------+----------+------------+
    |ap_clk  |  10.00 ns|  3.676 ns|     2.70 ns|
    +--------+----------+----------+------------+

+ Latency: 
    * Summary: 
    +---------+---------+-----------+-----------+-----+------+---------+
    |  Latency (cycles) |   Latency (absolute)  |  Interval  | Pipeline|
    |   min   |   max   |    min    |    max    | min |  max |   Type  |
    +---------+---------+-----------+-----------+-----+------+---------+
    |        2|     8194|  20.000 ns|  81.940 us|    2|  8194|       no|
    +---------+---------+-----------+-----------+-----+------+---------+

    + Detail: 
        * Instance: 
        N/A

        * Loop: 
        +-------------------------------------+---------+---------+----------+-----------+-----------+----------+----------+
        |                                     |  Latency (cycles) | Iteration|  Initiation Interval  |   Trip   |          |
        |              Loop Name              |   min   |   max   |  Latency |  achieved |   target  |   Count  | Pipelined|
        +-------------------------------------+---------+---------+----------+-----------+-----------+----------+----------+
        |- VITIS_LOOP_285_1_VITIS_LOOP_288_2  |        0|     8192|         2|          1|          1|  0 ~ 8192|       yes|
        +-------------------------------------+---------+---------+----------+-----------+-----------+----------+----------+

============================================================
+ Verbose Summary: Synthesis Manager
============================================================
InlineROM: 1
ExposeGlobal: 0
============================================================
+ Verbose Summary: CDFG Model
============================================================
IsTopModel: 0
ResetActiveHigh: 1
IsCombinational: 0
IsDatapathOnly: 0
HasWiredReturn: 1
HasMFsm: 2
HasVarLatency: 1
IsPipeline: 0
IsRtlPipelined: 0
IsInstanceOverlapped: 0
IsDontTouch: 0
HasImplIP: 0
IsGatedGlobalClock: 0

+ Individual pipeline summary: 
  * Pipeline-0: initiation interval (II) = 1, depth = 3


============================================================
+ Verbose Summary: Schedule
============================================================
* Number of FSM states : 3
* Pipeline : 1
  Pipeline-0 : II = 1, D = 3, States = { 1 2 3 }
* Dataflow Pipeline: 0

* FSM state transitions: 
1 --> 2 
2 --> 3 
3 --> 

* FSM state operations: 

State 1 <SV = 0> <Delay = 0.42>
ST_1 : Operation 5 [1/1] (0.00ns)   --->   "%indvar_flatten = alloca i32 1"   --->   Operation 5 'alloca' 'indvar_flatten' <Predicate = true> <Delay = 0.00>
ST_1 : Operation 6 [1/1] (0.00ns)   --->   "%specinterface_ln0 = specinterface void @_ssdm_op_SpecInterface, i32 %fft2_out0, void @empty_8, i32 0, i32 0, void @empty, i32 0, i32 0, void @empty, void @empty, void @empty, i32 0, i32 0, i32 0, i32 0, void @empty, void @empty, i32 4294967295, i32 0"   --->   Operation 6 'specinterface' 'specinterface_ln0' <Predicate = true> <Delay = 0.00>
ST_1 : Operation 7 [1/1] (0.00ns)   --->   "%specinterface_ln0 = specinterface void @_ssdm_op_SpecInterface, i32 %fft2_out1, void @empty_8, i32 0, i32 0, void @empty, i32 0, i32 0, void @empty, void @empty, void @empty, i32 0, i32 0, i32 0, i32 0, void @empty, void @empty, i32 4294967295, i32 0"   --->   Operation 7 'specinterface' 'specinterface_ln0' <Predicate = true> <Delay = 0.00>
ST_1 : Operation 8 [1/1] (0.00ns)   --->   "%specinterface_ln0 = specinterface void @_ssdm_op_SpecInterface, i64 %joiner_out, void @empty_8, i32 0, i32 0, void @empty, i32 0, i32 0, void @empty, void @empty, void @empty, i32 0, i32 0, i32 0, i32 0, void @empty, void @empty, i32 4294967295, i32 0"   --->   Operation 8 'specinterface' 'specinterface_ln0' <Predicate = true> <Delay = 0.00>
ST_1 : Operation 9 [1/1] (0.00ns)   --->   "%bound_read = read i45 @_ssdm_op_Read.ap_auto.i45, i45 %bound" [fft_16k_ssr2_i14_c16_t18.cpp:283]   --->   Operation 9 'read' 'bound_read' <Predicate = true> <Delay = 0.00>
ST_1 : Operation 10 [1/1] (0.42ns)   --->   "%store_ln0 = store i45 0, i45 %indvar_flatten"   --->   Operation 10 'store' 'store_ln0' <Predicate = true> <Delay = 0.42>
ST_1 : Operation 11 [1/1] (0.00ns)   --->   "%br_ln0 = br void %for.inc"   --->   Operation 11 'br' 'br_ln0' <Predicate = true> <Delay = 0.00>

State 2 <SV = 1> <Delay = 1.49>
ST_2 : Operation 12 [1/1] (0.00ns)   --->   "%indvar_flatten_load = load i45 %indvar_flatten" [fft_16k_ssr2_i14_c16_t18.cpp:285]   --->   Operation 12 'load' 'indvar_flatten_load' <Predicate = true> <Delay = 0.00>
ST_2 : Operation 13 [1/1] (1.06ns)   --->   "%icmp_ln285 = icmp_eq  i45 %indvar_flatten_load, i45 %bound_read" [fft_16k_ssr2_i14_c16_t18.cpp:285]   --->   Operation 13 'icmp' 'icmp_ln285' <Predicate = true> <Delay = 1.06> <CoreInst = "Cmp">   --->   Core 9 'Cmp' <Latency = 0> <II = 1> <Delay = 1.06> <FuncUnit> <Opcode : 'icmp'> <InPorts = 2> <OutPorts = 1>
ST_2 : Operation 14 [1/1] (1.06ns)   --->   "%add_ln285 = add i45 %indvar_flatten_load, i45 1" [fft_16k_ssr2_i14_c16_t18.cpp:285]   --->   Operation 14 'add' 'add_ln285' <Predicate = true> <Delay = 1.06> <CoreInst = "Adder">   --->   Core 1 'Adder' <Latency = 0> <II = 1> <Delay = 1.06> <FuncUnit> <Opcode : 'add' 'sub'> <InPorts = 2> <OutPorts = 1>
ST_2 : Operation 15 [1/1] (0.00ns)   --->   "%br_ln285 = br i1 %icmp_ln285, void %for.inc6, void %for.end8.loopexit.exitStub" [fft_16k_ssr2_i14_c16_t18.cpp:285]   --->   Operation 15 'br' 'br_ln285' <Predicate = true> <Delay = 0.00>
ST_2 : Operation 16 [1/1] (0.42ns)   --->   "%store_ln285 = store i45 %add_ln285, i45 %indvar_flatten" [fft_16k_ssr2_i14_c16_t18.cpp:285]   --->   Operation 16 'store' 'store_ln285' <Predicate = (!icmp_ln285)> <Delay = 0.42>
ST_2 : Operation 25 [1/1] (0.00ns)   --->   "%ret_ln0 = ret"   --->   Operation 25 'ret' 'ret_ln0' <Predicate = (icmp_ln285)> <Delay = 0.00>

State 3 <SV = 2> <Delay = 3.67>
ST_3 : Operation 17 [1/1] (0.00ns)   --->   "%specloopname_ln0 = specloopname void @_ssdm_op_SpecLoopName, void @VITIS_LOOP_285_1_VITIS_LOOP_288_2_str"   --->   Operation 17 'specloopname' 'specloopname_ln0' <Predicate = true> <Delay = 0.00>
ST_3 : Operation 18 [1/1] (0.00ns)   --->   "%speclooptripcount_ln0 = speclooptripcount void @_ssdm_op_SpecLoopTripCount, i64 0, i64 8192, i64 0"   --->   Operation 18 'speclooptripcount' 'speclooptripcount_ln0' <Predicate = true> <Delay = 0.00>
ST_3 : Operation 19 [1/1] (0.00ns)   --->   "%specpipeline_ln290 = specpipeline void @_ssdm_op_SpecPipeline, i32 1, i32 0, i32 0, i32 0, void @empty" [fft_16k_ssr2_i14_c16_t18.cpp:290]   --->   Operation 19 'specpipeline' 'specpipeline_ln290' <Predicate = true> <Delay = 0.00>
ST_3 : Operation 20 [1/1] (1.83ns)   --->   "%fft2_out0_read = read i32 @_ssdm_op_Read.ap_fifo.volatile.i32P0A, i32 %fft2_out0" [fft_16k_ssr2_i14_c16_t18.cpp:292]   --->   Operation 20 'read' 'fft2_out0_read' <Predicate = true> <Delay = 1.83> <CoreInst = "FIFO_SRL">   --->   Core 81 'FIFO_SRL' <Latency = 0> <II = 1> <Delay = 1.83> <Storage> <Opcode : 'read' 'write' 'nbread' 'nbwrite'> <Ports = 0> <Width = 32> <Depth = 2> <FIFO>
ST_3 : Operation 21 [1/1] (1.83ns)   --->   "%fft2_out1_read = read i32 @_ssdm_op_Read.ap_fifo.volatile.i32P0A, i32 %fft2_out1" [fft_16k_ssr2_i14_c16_t18.cpp:293]   --->   Operation 21 'read' 'fft2_out1_read' <Predicate = true> <Delay = 1.83> <CoreInst = "FIFO_SRL">   --->   Core 81 'FIFO_SRL' <Latency = 0> <II = 1> <Delay = 1.83> <Storage> <Opcode : 'read' 'write' 'nbread' 'nbwrite'> <Ports = 0> <Width = 32> <Depth = 2> <FIFO>
ST_3 : Operation 22 [1/1] (0.00ns)   --->   "%p_0 = bitconcatenate i64 @_ssdm_op_BitConcatenate.i64.i32.i32, i32 %fft2_out1_read, i32 %fft2_out0_read" [fft_16k_ssr2_i14_c16_t18.cpp:294]   --->   Operation 22 'bitconcatenate' 'p_0' <Predicate = true> <Delay = 0.00>
ST_3 : Operation 23 [1/1] (1.83ns)   --->   "%write_ln294 = write void @_ssdm_op_Write.ap_fifo.volatile.i64P0A, i64 %joiner_out, i64 %p_0" [fft_16k_ssr2_i14_c16_t18.cpp:294]   --->   Operation 23 'write' 'write_ln294' <Predicate = true> <Delay = 1.83> <CoreInst = "FIFO_SRL">   --->   Core 81 'FIFO_SRL' <Latency = 0> <II = 1> <Delay = 1.83> <Storage> <Opcode : 'read' 'write' 'nbread' 'nbwrite'> <Ports = 0> <Width = 64> <Depth = 2> <FIFO>
ST_3 : Operation 24 [1/1] (0.00ns)   --->   "%br_ln288 = br void %for.inc" [fft_16k_ssr2_i14_c16_t18.cpp:288]   --->   Operation 24 'br' 'br_ln288' <Predicate = true> <Delay = 0.00>


============================================================
+ Verbose Summary: Timing violations
============================================================
Target clock period: 10.000ns, clock uncertainty: 2.700ns.

 <State 1>: 0.427ns
The critical path consists of the following:
	'alloca' operation 45 bit ('indvar_flatten') [5]  (0.000 ns)
	'store' operation 0 bit ('store_ln0') of constant 0 on local variable 'indvar_flatten' [10]  (0.427 ns)

 <State 2>: 1.496ns
The critical path consists of the following:
	'load' operation 45 bit ('indvar_flatten_load', fft_16k_ssr2_i14_c16_t18.cpp:285) on local variable 'indvar_flatten' [13]  (0.000 ns)
	'add' operation 45 bit ('add_ln285', fft_16k_ssr2_i14_c16_t18.cpp:285) [15]  (1.069 ns)
	'store' operation 0 bit ('store_ln285', fft_16k_ssr2_i14_c16_t18.cpp:285) of variable 'add_ln285', fft_16k_ssr2_i14_c16_t18.cpp:285 on local variable 'indvar_flatten' [25]  (0.427 ns)

 <State 3>: 3.676ns
The critical path consists of the following:
	fifo read operation ('fft2_out0_read', fft_16k_ssr2_i14_c16_t18.cpp:292) on port 'fft2_out0' (fft_16k_ssr2_i14_c16_t18.cpp:292) [21]  (1.838 ns)
	fifo write operation ('write_ln294', fft_16k_ssr2_i14_c16_t18.cpp:294) on port 'joiner_out' (fft_16k_ssr2_i14_c16_t18.cpp:294) [24]  (1.838 ns)


============================================================
+ Verbose Summary: Binding
============================================================
N/A
* FSMD analyzer results:
  - Output states:
 - Input state : 
  - Chain level:
	State 1
	State 2
	State 3


============================================================
+ Verbose Summary: Datapath Resource usage 
============================================================
N/A
