

================================================================
== Vitis HLS Report for 'joiner_Pipeline_VITIS_LOOP_285_1_VITIS_LOOP_288_2'
================================================================
* Date:           Tue Mar  3 21:26:53 2026

* Version:        2023.2 (Build 4023990 on Oct 11 2023)
* Project:        hls_project
* Solution:       solution1 (Vivado IP Flow Target)
* Product family: zynquplus
* Target device:  xck26-sfvc784-2LV-c


================================================================
== Performance Estimates
================================================================
+ Timing: 
    * Summary: 
    +--------+----------+----------+------------+
    |  Clock |  Target  | Estimated| Uncertainty|
    +--------+----------+----------+------------+
    |ap_clk  |  10.00 ns|  3.676 ns|     2.70 ns|
    +--------+----------+----------+------------+

+ Latency: 
    * Summary: 
    +---------+---------+-----------+-----------+-----+------+---------+
    |  Latency (cycles) |   Latency (absolute)  |  Interval  | Pipeline|
    |   min   |   max   |    min    |    max    | min |  max |   Type  |
    +---------+---------+-----------+-----------+-----+------+---------+
    |        2|     8194|  20.000 ns|  81.940 us|    2|  8194|       no|
    +---------+---------+-----------+-----------+-----+------+---------+

    + Detail: 
        * Instance: 
        N/A

        * Loop: 
        +-------------------------------------+---------+---------+----------+-----------+-----------+----------+----------+
        |                                     |  Latency (cycles) | Iteration|  Initiation Interval  |   Trip   |          |
        |              Loop Name              |   min   |   max   |  Latency |  achieved |   target  |   Count  | Pipelined|
        +-------------------------------------+---------+---------+----------+-----------+-----------+----------+----------+
        |- VITIS_LOOP_285_1_VITIS_LOOP_288_2  |        0|     8192|         2|          1|          1|  0 ~ 8192|       yes|
        +-------------------------------------+---------+---------+----------+-----------+-----------+----------+----------+



================================================================
== Utilization Estimates
================================================================
* Summary: 
+-----------------+---------+------+--------+--------+-----+
|       Name      | BRAM_18K|  DSP |   FF   |   LUT  | URAM|
+-----------------+---------+------+--------+--------+-----+
|DSP              |        -|     -|       -|       -|    -|
|Expression       |        -|     -|       0|     110|    -|
|FIFO             |        -|     -|       -|       -|    -|
|Instance         |        -|     -|       -|       -|    -|
|Memory           |        -|     -|       -|       -|    -|
|Multiplexer      |        -|     -|       -|      63|    -|
|Register         |        -|     -|      49|       -|    -|
+-----------------+---------+------+--------+--------+-----+
|Total            |        0|     0|      49|     173|    0|
+-----------------+---------+------+--------+--------+-----+
|Available        |      288|  1248|  234240|  117120|   64|
+-----------------+---------+------+--------+--------+-----+
|Utilization (%)  |        0|     0|      ~0|      ~0|    0|
+-----------------+---------+------+--------+--------+-----+

+ Detail: 
    * Instance: 
    N/A

    * DSP: 
    N/A

    * Memory: 
    N/A

    * FIFO: 
    N/A

    * Expression: 
    +----------------------------------+----------+----+---+----+------------+------------+
    |           Variable Name          | Operation| DSP| FF| LUT| Bitwidth P0| Bitwidth P1|
    +----------------------------------+----------+----+---+----+------------+------------+
    |add_ln285_fu_86_p2                |         +|   0|  0|  52|          45|           1|
    |ap_block_pp0_stage0_01001         |       and|   0|  0|   2|           1|           1|
    |icmp_ln285_fu_81_p2               |      icmp|   0|  0|  52|          45|          45|
    |ap_block_state3_pp0_stage0_iter2  |        or|   0|  0|   2|           1|           1|
    |ap_enable_pp0                     |       xor|   0|  0|   2|           1|           2|
    +----------------------------------+----------+----+---+----+------------+------------+
    |Total                             |          |   0|  0| 110|          93|          50|
    +----------------------------------+----------+----+---+----+------------+------------+

    * Multiplexer: 
    +-------------------------+----+-----------+-----+-----------+
    |           Name          | LUT| Input Size| Bits| Total Bits|
    +-------------------------+----+-----------+-----+-----------+
    |ap_done_int              |   9|          2|    1|          2|
    |ap_enable_reg_pp0_iter1  |   9|          2|    1|          2|
    |ap_enable_reg_pp0_iter2  |   9|          2|    1|          2|
    |fft2_out0_blk_n          |   9|          2|    1|          2|
    |fft2_out1_blk_n          |   9|          2|    1|          2|
    |indvar_flatten_fu_44     |   9|          2|   45|         90|
    |joiner_out_blk_n         |   9|          2|    1|          2|
    +-------------------------+----+-----------+-----+-----------+
    |Total                    |  63|         14|   51|        102|
    +-------------------------+----+-----------+-----+-----------+

    * Register: 
    +-------------------------+----+----+-----+-----------+
    |           Name          | FF | LUT| Bits| Const Bits|
    +-------------------------+----+----+-----+-----------+
    |ap_CS_fsm                |   1|   0|    1|          0|
    |ap_done_reg              |   1|   0|    1|          0|
    |ap_enable_reg_pp0_iter1  |   1|   0|    1|          0|
    |ap_enable_reg_pp0_iter2  |   1|   0|    1|          0|
    |indvar_flatten_fu_44     |  45|   0|   45|          0|
    +-------------------------+----+----+-----+-----------+
    |Total                    |  49|   0|   49|          0|
    +-------------------------+----+----+-----+-----------+



================================================================
== Interface
================================================================
* Summary: 
+---------------------------+-----+-----+------------+---------------------------------------------------+--------------+
|         RTL Ports         | Dir | Bits|  Protocol  |                   Source Object                   |    C Type    |
+---------------------------+-----+-----+------------+---------------------------------------------------+--------------+
|ap_clk                     |   in|    1|  ap_ctrl_hs|  joiner_Pipeline_VITIS_LOOP_285_1_VITIS_LOOP_288_2|  return value|
|ap_rst                     |   in|    1|  ap_ctrl_hs|  joiner_Pipeline_VITIS_LOOP_285_1_VITIS_LOOP_288_2|  return value|
|ap_start                   |   in|    1|  ap_ctrl_hs|  joiner_Pipeline_VITIS_LOOP_285_1_VITIS_LOOP_288_2|  return value|
|ap_done                    |  out|    1|  ap_ctrl_hs|  joiner_Pipeline_VITIS_LOOP_285_1_VITIS_LOOP_288_2|  return value|
|ap_idle                    |  out|    1|  ap_ctrl_hs|  joiner_Pipeline_VITIS_LOOP_285_1_VITIS_LOOP_288_2|  return value|
|ap_ready                   |  out|    1|  ap_ctrl_hs|  joiner_Pipeline_VITIS_LOOP_285_1_VITIS_LOOP_288_2|  return value|
|fft2_out0_dout             |   in|   32|     ap_fifo|                                          fft2_out0|       pointer|
|fft2_out0_num_data_valid   |   in|    3|     ap_fifo|                                          fft2_out0|       pointer|
|fft2_out0_fifo_cap         |   in|    3|     ap_fifo|                                          fft2_out0|       pointer|
|fft2_out0_empty_n          |   in|    1|     ap_fifo|                                          fft2_out0|       pointer|
|fft2_out0_read             |  out|    1|     ap_fifo|                                          fft2_out0|       pointer|
|fft2_out1_dout             |   in|   32|     ap_fifo|                                          fft2_out1|       pointer|
|fft2_out1_num_data_valid   |   in|    3|     ap_fifo|                                          fft2_out1|       pointer|
|fft2_out1_fifo_cap         |   in|    3|     ap_fifo|                                          fft2_out1|       pointer|
|fft2_out1_empty_n          |   in|    1|     ap_fifo|                                          fft2_out1|       pointer|
|fft2_out1_read             |  out|    1|     ap_fifo|                                          fft2_out1|       pointer|
|joiner_out_din             |  out|   64|     ap_fifo|                                         joiner_out|       pointer|
|joiner_out_num_data_valid  |   in|    3|     ap_fifo|                                         joiner_out|       pointer|
|joiner_out_fifo_cap        |   in|    3|     ap_fifo|                                         joiner_out|       pointer|
|joiner_out_full_n          |   in|    1|     ap_fifo|                                         joiner_out|       pointer|
|joiner_out_write           |  out|    1|     ap_fifo|                                         joiner_out|       pointer|
|bound                      |   in|   45|     ap_none|                                              bound|        scalar|
+---------------------------+-----+-----+------------+---------------------------------------------------+--------------+

============================================================
+ Verbose Summary: Synthesis Manager
============================================================
InlineROM: 1
ExposeGlobal: 0
============================================================
+ Verbose Summary: CDFG Model
============================================================
IsTopModel: 0
ResetActiveHigh: 1
IsCombinational: 2
IsDatapathOnly: 2
HasWiredReturn: 1
HasMFsm: 2
HasVarLatency: 1
IsPipeline: 0
IsRtlPipelined: 0
IsInstanceOverlapped: 0
IsDontTouch: 0
HasImplIP: 0
IsGatedGlobalClock: 0

+ Individual pipeline summary: 
  * Pipeline-0: initiation interval (II) = 1, depth = 3


============================================================
+ Verbose Summary: Schedule
============================================================
* Number of FSM states : 3
* Pipeline : 1
  Pipeline-0 : II = 1, D = 3, States = { 1 2 3 }
* Dataflow Pipeline: 0

* FSM state transitions: 
1 --> 2 
2 --> 3 
3 --> 

* FSM state operations: 

State 1 <SV = 0> <Delay = 0.42>
ST_1 : Operation 5 [1/1] (0.00ns)   --->   "%indvar_flatten = alloca i32 1"   --->   Operation 5 'alloca' 'indvar_flatten' <Predicate = true> <Delay = 0.00>
ST_1 : Operation 6 [1/1] (0.00ns)   --->   "%specinterface_ln0 = specinterface void @_ssdm_op_SpecInterface, i32 %fft2_out0, void @empty_8, i32 0, i32 0, void @empty, i32 0, i32 0, void @empty, void @empty, void @empty, i32 0, i32 0, i32 0, i32 0, void @empty, void @empty, i32 4294967295, i32 0"   --->   Operation 6 'specinterface' 'specinterface_ln0' <Predicate = true> <Delay = 0.00>
ST_1 : Operation 7 [1/1] (0.00ns)   --->   "%specinterface_ln0 = specinterface void @_ssdm_op_SpecInterface, i32 %fft2_out1, void @empty_8, i32 0, i32 0, void @empty, i32 0, i32 0, void @empty, void @empty, void @empty, i32 0, i32 0, i32 0, i32 0, void @empty, void @empty, i32 4294967295, i32 0"   --->   Operation 7 'specinterface' 'specinterface_ln0' <Predicate = true> <Delay = 0.00>
ST_1 : Operation 8 [1/1] (0.00ns)   --->   "%specinterface_ln0 = specinterface void @_ssdm_op_SpecInterface, i64 %joiner_out, void @empty_8, i32 0, i32 0, void @empty, i32 0, i32 0, void @empty, void @empty, void @empty, i32 0, i32 0, i32 0, i32 0, void @empty, void @empty, i32 4294967295, i32 0"   --->   Operation 8 'specinterface' 'specinterface_ln0' <Predicate = true> <Delay = 0.00>
ST_1 : Operation 9 [1/1] (0.00ns)   --->   "%bound_read = read i45 @_ssdm_op_Read.ap_auto.i45, i45 %bound" [fft_16k_ssr2_i14_c16_t18.cpp:283]   --->   Operation 9 'read' 'bound_read' <Predicate = true> <Delay = 0.00>
ST_1 : Operation 10 [1/1] (0.42ns)   --->   "%store_ln0 = store i45 0, i45 %indvar_flatten"   --->   Operation 10 'store' 'store_ln0' <Predicate = true> <Delay = 0.42>
ST_1 : Operation 11 [1/1] (0.00ns)   --->   "%br_ln0 = br void %for.inc"   --->   Operation 11 'br' 'br_ln0' <Predicate = true> <Delay = 0.00>

State 2 <SV = 1> <Delay = 1.49>
ST_2 : Operation 12 [1/1] (0.00ns)   --->   "%indvar_flatten_load = load i45 %indvar_flatten" [fft_16k_ssr2_i14_c16_t18.cpp:285]   --->   Operation 12 'load' 'indvar_flatten_load' <Predicate = true> <Delay = 0.00>
ST_2 : Operation 13 [1/1] (1.06ns)   --->   "%icmp_ln285 = icmp_eq  i45 %indvar_flatten_load, i45 %bound_read" [fft_16k_ssr2_i14_c16_t18.cpp:285]   --->   Operation 13 'icmp' 'icmp_ln285' <Predicate = true> <Delay = 1.06> <CoreInst = "Cmp">   --->   Core 9 'Cmp' <Latency = 0> <II = 1> <Delay = 1.06> <FuncUnit> <Opcode : 'icmp'> <InPorts = 2> <OutPorts = 1>
ST_2 : Operation 14 [1/1] (1.06ns)   --->   "%add_ln285 = add i45 %indvar_flatten_load, i45 1" [fft_16k_ssr2_i14_c16_t18.cpp:285]   --->   Operation 14 'add' 'add_ln285' <Predicate = true> <Delay = 1.06> <CoreInst = "Adder">   --->   Core 1 'Adder' <Latency = 0> <II = 1> <Delay = 1.06> <FuncUnit> <Opcode : 'add' 'sub'> <InPorts = 2> <OutPorts = 1>
ST_2 : Operation 15 [1/1] (0.00ns)   --->   "%br_ln285 = br i1 %icmp_ln285, void %for.inc6, void %for.end8.loopexit.exitStub" [fft_16k_ssr2_i14_c16_t18.cpp:285]   --->   Operation 15 'br' 'br_ln285' <Predicate = true> <Delay = 0.00>
ST_2 : Operation 16 [1/1] (0.42ns)   --->   "%store_ln285 = store i45 %add_ln285, i45 %indvar_flatten" [fft_16k_ssr2_i14_c16_t18.cpp:285]   --->   Operation 16 'store' 'store_ln285' <Predicate = (!icmp_ln285)> <Delay = 0.42>
ST_2 : Operation 25 [1/1] (0.00ns)   --->   "%ret_ln0 = ret"   --->   Operation 25 'ret' 'ret_ln0' <Predicate = (icmp_ln285)> <Delay = 0.00>

State 3 <SV = 2> <Delay = 3.67>
ST_3 : Operation 17 [1/1] (0.00ns)   --->   "%specloopname_ln0 = specloopname void @_ssdm_op_SpecLoopName, void @VITIS_LOOP_285_1_VITIS_LOOP_288_2_str"   --->   Operation 17 'specloopname' 'specloopname_ln0' <Predicate = true> <Delay = 0.00>
ST_3 : Operation 18 [1/1] (0.00ns)   --->   "%speclooptripcount_ln0 = speclooptripcount void @_ssdm_op_SpecLoopTripCount, i64 0, i64 8192, i64 0"   --->   Operation 18 'speclooptripcount' 'speclooptripcount_ln0' <Predicate = true> <Delay = 0.00>
ST_3 : Operation 19 [1/1] (0.00ns)   --->   "%specpipeline_ln290 = specpipeline void @_ssdm_op_SpecPipeline, i32 1, i32 0, i32 0, i32 0, void @empty" [fft_16k_ssr2_i14_c16_t18.cpp:290]   --->   Operation 19 'specpipeline' 'specpipeline_ln290' <Predicate = true> <Delay = 0.00>
ST_3 : Operation 20 [1/1] (1.83ns)   --->   "%fft2_out0_read = read i32 @_ssdm_op_Read.ap_fifo.volatile.i32P0A, i32 %fft2_out0" [fft_16k_ssr2_i14_c16_t18.cpp:292]   --->   Operation 20 'read' 'fft2_out0_read' <Predicate = true> <Delay = 1.83> <CoreInst = "FIFO_SRL">   --->   Core 81 'FIFO_SRL' <Latency = 0> <II = 1> <Delay = 1.83> <Storage> <Opcode : 'read' 'write' 'nbread' 'nbwrite'> <Ports = 0> <Width = 32> <Depth = 2> <FIFO>
ST_3 : Operation 21 [1/1] (1.83ns)   --->   "%fft2_out1_read = read i32 @_ssdm_op_Read.ap_fifo.volatile.i32P0A, i32 %fft2_out1" [fft_16k_ssr2_i14_c16_t18.cpp:293]   --->   Operation 21 'read' 'fft2_out1_read' <Predicate = true> <Delay = 1.83> <CoreInst = "FIFO_SRL">   --->   Core 81 'FIFO_SRL' <Latency = 0> <II = 1> <Delay = 1.83> <Storage> <Opcode : 'read' 'write' 'nbread' 'nbwrite'> <Ports = 0> <Width = 32> <Depth = 2> <FIFO>
ST_3 : Operation 22 [1/1] (0.00ns)   --->   "%p_0 = bitconcatenate i64 @_ssdm_op_BitConcatenate.i64.i32.i32, i32 %fft2_out1_read, i32 %fft2_out0_read" [fft_16k_ssr2_i14_c16_t18.cpp:294]   --->   Operation 22 'bitconcatenate' 'p_0' <Predicate = true> <Delay = 0.00>
ST_3 : Operation 23 [1/1] (1.83ns)   --->   "%write_ln294 = write void @_ssdm_op_Write.ap_fifo.volatile.i64P0A, i64 %joiner_out, i64 %p_0" [fft_16k_ssr2_i14_c16_t18.cpp:294]   --->   Operation 23 'write' 'write_ln294' <Predicate = true> <Delay = 1.83> <CoreInst = "FIFO_SRL">   --->   Core 81 'FIFO_SRL' <Latency = 0> <II = 1> <Delay = 1.83> <Storage> <Opcode : 'read' 'write' 'nbread' 'nbwrite'> <Ports = 0> <Width = 64> <Depth = 2> <FIFO>
ST_3 : Operation 24 [1/1] (0.00ns)   --->   "%br_ln288 = br void %for.inc" [fft_16k_ssr2_i14_c16_t18.cpp:288]   --->   Operation 24 'br' 'br_ln288' <Predicate = true> <Delay = 0.00>


============================================================
+ Verbose Summary: Binding
============================================================
STG Binding: 
---------------- STG Properties BEGIN ----------------
- Is combinational: 0
- Is one-state seq: 0
- Is datapath-only: 0
- Is pipelined: 0
- Is top level: 0
Port [ Return ] is wired: 1; IO mode=ap_ctrl_hs:ce=0
Port [ bound]:  wired=1; compound=0; hidden=0; nouse=0; global=0; static=0; extern=0; dir=0; type=0; pingpong=0; private_global=0; IO mode=ap_none:ce=0
Port [ fft2_out0]:  wired=1; compound=1; hidden=0; nouse=0; global=0; static=0; extern=0; dir=0; type=3; pingpong=0; private_global=0; IO mode=ap_fifo:ce=0
Port [ fft2_out1]:  wired=1; compound=1; hidden=0; nouse=0; global=0; static=0; extern=0; dir=0; type=3; pingpong=0; private_global=0; IO mode=ap_fifo:ce=0
Port [ joiner_out]:  wired=1; compound=1; hidden=0; nouse=0; global=0; static=0; extern=0; dir=1; type=3; pingpong=0; private_global=0; IO mode=ap_fifo:ce=0
---------------- STG Properties END ------------------

---------------- Datapath Model BEGIN ----------------

<LifeTime>
<method=bitvector/>
indvar_flatten        (alloca           ) [ 0110]
specinterface_ln0     (specinterface    ) [ 0000]
specinterface_ln0     (specinterface    ) [ 0000]
specinterface_ln0     (specinterface    ) [ 0000]
bound_read            (read             ) [ 0110]
store_ln0             (store            ) [ 0000]
br_ln0                (br               ) [ 0000]
indvar_flatten_load   (load             ) [ 0000]
icmp_ln285            (icmp             ) [ 0110]
add_ln285             (add              ) [ 0000]
br_ln285              (br               ) [ 0000]
store_ln285           (store            ) [ 0000]
specloopname_ln0      (specloopname     ) [ 0000]
speclooptripcount_ln0 (speclooptripcount) [ 0000]
specpipeline_ln290    (specpipeline     ) [ 0000]
fft2_out0_read        (read             ) [ 0000]
fft2_out1_read        (read             ) [ 0000]
p_0                   (bitconcatenate   ) [ 0000]
write_ln294           (write            ) [ 0000]
br_ln288              (br               ) [ 0000]
ret_ln0               (ret              ) [ 0000]
</LifeTime>

<model>

<comp_list>
<comp id="0" class="1000" name="bound">
<pin_list>
<pin id="1" dir="1" index="0" bw="1" slack="0"/>
</pin_list>
<bind>
<StgValue><ssdm name="bound"/></StgValue>
</bind>
</comp>

<comp id="2" class="1000" name="fft2_out0">
<pin_list>
<pin id="3" dir="1" index="0" bw="1" slack="0"/>
</pin_list>
<bind>
<StgValue><ssdm name="fft2_out0"/></StgValue>
</bind>
</comp>

<comp id="4" class="1000" name="fft2_out1">
<pin_list>
<pin id="5" dir="1" index="0" bw="1" slack="0"/>
</pin_list>
<bind>
<StgValue><ssdm name="fft2_out1"/></StgValue>
</bind>
</comp>

<comp id="6" class="1000" name="joiner_out">
<pin_list>
<pin id="7" dir="1" index="0" bw="1" slack="0"/>
</pin_list>
<bind>
<StgValue><ssdm name="joiner_out"/></StgValue>
</bind>
</comp>

<comp id="8" class="1001" name="const_8">
<pin_list>
<pin id="9" dir="1" index="0" bw="1" slack="0"/>
</pin_list>
<bind>
<StgValue><ssdm name=""/></StgValue>
</bind>
</comp>

<comp id="10" class="1001" name="const_10">
<pin_list>
<pin id="11" dir="1" index="0" bw="1" slack="2147483647"/>
</pin_list>
<bind>
<StgValue><ssdm name="_ssdm_op_SpecInterface"/></StgValue>
</bind>
</comp>

<comp id="12" class="1001" name="const_12">
<pin_list>
<pin id="13" dir="1" index="0" bw="1" slack="2147483647"/>
</pin_list>
<bind>
<StgValue><ssdm name="empty_8"/></StgValue>
</bind>
</comp>

<comp id="14" class="1001" name="const_14">
<pin_list>
<pin id="15" dir="1" index="0" bw="1" slack="2147483647"/>
</pin_list>
<bind>
<StgValue><ssdm name=""/></StgValue>
</bind>
</comp>

<comp id="16" class="1001" name="const_16">
<pin_list>
<pin id="17" dir="1" index="0" bw="1" slack="2147483647"/>
</pin_list>
<bind>
<StgValue><ssdm name="empty"/></StgValue>
</bind>
</comp>

<comp id="18" class="1001" name="const_18">
<pin_list>
<pin id="19" dir="1" index="0" bw="1" slack="2147483647"/>
</pin_list>
<bind>
<StgValue><ssdm name=""/></StgValue>
</bind>
</comp>

<comp id="20" class="1001" name="const_20">
<pin_list>
<pin id="21" dir="1" index="0" bw="1" slack="0"/>
</pin_list>
<bind>
<StgValue><ssdm name="_ssdm_op_Read.ap_auto.i45"/></StgValue>
</bind>
</comp>

<comp id="22" class="1001" name="const_22">
<pin_list>
<pin id="23" dir="1" index="0" bw="1" slack="0"/>
</pin_list>
<bind>
<StgValue><ssdm name=""/></StgValue>
</bind>
</comp>

<comp id="24" class="1001" name="const_24">
<pin_list>
<pin id="25" dir="1" index="0" bw="1" slack="0"/>
</pin_list>
<bind>
<StgValue><ssdm name=""/></StgValue>
</bind>
</comp>

<comp id="26" class="1001" name="const_26">
<pin_list>
<pin id="27" dir="1" index="0" bw="1" slack="2147483647"/>
</pin_list>
<bind>
<StgValue><ssdm name="_ssdm_op_SpecLoopName"/></StgValue>
</bind>
</comp>

<comp id="28" class="1001" name="const_28">
<pin_list>
<pin id="29" dir="1" index="0" bw="1" slack="2147483647"/>
</pin_list>
<bind>
<StgValue><ssdm name="VITIS_LOOP_285_1_VITIS_LOOP_288_2_str"/></StgValue>
</bind>
</comp>

<comp id="30" class="1001" name="const_30">
<pin_list>
<pin id="31" dir="1" index="0" bw="1" slack="2147483647"/>
</pin_list>
<bind>
<StgValue><ssdm name="_ssdm_op_SpecLoopTripCount"/></StgValue>
</bind>
</comp>

<comp id="32" class="1001" name="const_32">
<pin_list>
<pin id="33" dir="1" index="0" bw="1" slack="2147483647"/>
</pin_list>
<bind>
<StgValue><ssdm name=""/></StgValue>
</bind>
</comp>

<comp id="34" class="1001" name="const_34">
<pin_list>
<pin id="35" dir="1" index="0" bw="1" slack="2147483647"/>
</pin_list>
<bind>
<StgValue><ssdm name=""/></StgValue>
</bind>
</comp>

<comp id="36" class="1001" name="const_36">
<pin_list>
<pin id="37" dir="1" index="0" bw="1" slack="2147483647"/>
</pin_list>
<bind>
<StgValue><ssdm name="_ssdm_op_SpecPipeline"/></StgValue>
</bind>
</comp>

<comp id="38" class="1001" name="const_38">
<pin_list>
<pin id="39" dir="1" index="0" bw="1" slack="0"/>
</pin_list>
<bind>
<StgValue><ssdm name="_ssdm_op_Read.ap_fifo.volatile.i32P0A"/></StgValue>
</bind>
</comp>

<comp id="40" class="1001" name="const_40">
<pin_list>
<pin id="41" dir="1" index="0" bw="1" slack="0"/>
</pin_list>
<bind>
<StgValue><ssdm name="_ssdm_op_BitConcatenate.i64.i32.i32"/></StgValue>
</bind>
</comp>

<comp id="42" class="1001" name="const_42">
<pin_list>
<pin id="43" dir="1" index="0" bw="1" slack="0"/>
</pin_list>
<bind>
<StgValue><ssdm name="_ssdm_op_Write.ap_fifo.volatile.i64P0A"/></StgValue>
</bind>
</comp>

<comp id="44" class="1004" name="indvar_flatten_fu_44">
<pin_list>
<pin id="45" dir="0" index="0" bw="1" slack="0"/>
<pin id="46" dir="1" index="1" bw="45" slack="0"/>
</pin_list>
<bind>
<opcode="alloca(26) " fcode="alloca"/>
<opset="indvar_flatten/1 "/>
</bind>
</comp>

<comp id="48" class="1004" name="bound_read_read_fu_48">
<pin_list>
<pin id="49" dir="0" index="0" bw="45" slack="0"/>
<pin id="50" dir="0" index="1" bw="45" slack="0"/>
<pin id="51" dir="1" index="2" bw="45" slack="1"/>
</pin_list>
<bind>
<opcode="read(1150) " fcode="read"/>
<opset="bound_read/1 "/>
</bind>
</comp>

<comp id="54" class="1004" name="fft2_out0_read_read_fu_54">
<pin_list>
<pin id="55" dir="0" index="0" bw="32" slack="0"/>
<pin id="56" dir="0" index="1" bw="32" slack="0"/>
<pin id="57" dir="1" index="2" bw="32" slack="0"/>
</pin_list>
<bind>
<opcode="read(1150) " fcode="read"/>
<opset="fft2_out0_read/3 "/>
</bind>
</comp>

<comp id="60" class="1004" name="fft2_out1_read_read_fu_60">
<pin_list>
<pin id="61" dir="0" index="0" bw="32" slack="0"/>
<pin id="62" dir="0" index="1" bw="32" slack="0"/>
<pin id="63" dir="1" index="2" bw="32" slack="0"/>
</pin_list>
<bind>
<opcode="read(1150) " fcode="read"/>
<opset="fft2_out1_read/3 "/>
</bind>
</comp>

<comp id="66" class="1004" name="write_ln294_write_fu_66">
<pin_list>
<pin id="67" dir="0" index="0" bw="0" slack="0"/>
<pin id="68" dir="0" index="1" bw="64" slack="0"/>
<pin id="69" dir="0" index="2" bw="64" slack="0"/>
<pin id="70" dir="1" index="3" bw="0" slack="2147483647"/>
</pin_list>
<bind>
<opcode="write(1151) " fcode="write"/>
<opset="write_ln294/3 "/>
</bind>
</comp>

<comp id="73" class="1004" name="store_ln0_store_fu_73">
<pin_list>
<pin id="74" dir="0" index="0" bw="1" slack="0"/>
<pin id="75" dir="0" index="1" bw="45" slack="0"/>
<pin id="76" dir="1" index="2" bw="0" slack="2147483647"/>
</pin_list>
<bind>
<opcode="store(28) " fcode="store"/>
<opset="store_ln0/1 "/>
</bind>
</comp>

<comp id="78" class="1004" name="indvar_flatten_load_load_fu_78">
<pin_list>
<pin id="79" dir="0" index="0" bw="45" slack="1"/>
<pin id="80" dir="1" index="1" bw="45" slack="0"/>
</pin_list>
<bind>
<opcode="load(27) " fcode="load"/>
<opset="indvar_flatten_load/2 "/>
</bind>
</comp>

<comp id="81" class="1004" name="icmp_ln285_fu_81">
<pin_list>
<pin id="82" dir="0" index="0" bw="45" slack="0"/>
<pin id="83" dir="0" index="1" bw="45" slack="1"/>
<pin id="84" dir="1" index="2" bw="1" slack="2147483647"/>
</pin_list>
<bind>
<opcode="icmp(45) " fcode="icmp"/>
<opset="icmp_ln285/2 "/>
</bind>
</comp>

<comp id="86" class="1004" name="add_ln285_fu_86">
<pin_list>
<pin id="87" dir="0" index="0" bw="45" slack="0"/>
<pin id="88" dir="0" index="1" bw="1" slack="0"/>
<pin id="89" dir="1" index="2" bw="45" slack="0"/>
</pin_list>
<bind>
<opcode="add(8) " fcode="add"/>
<opset="add_ln285/2 "/>
</bind>
</comp>

<comp id="92" class="1004" name="store_ln285_store_fu_92">
<pin_list>
<pin id="93" dir="0" index="0" bw="45" slack="0"/>
<pin id="94" dir="0" index="1" bw="45" slack="1"/>
<pin id="95" dir="1" index="2" bw="0" slack="2147483647"/>
</pin_list>
<bind>
<opcode="store(28) " fcode="store"/>
<opset="store_ln285/2 "/>
</bind>
</comp>

<comp id="97" class="1004" name="p_0_fu_97">
<pin_list>
<pin id="98" dir="0" index="0" bw="64" slack="0"/>
<pin id="99" dir="0" index="1" bw="32" slack="0"/>
<pin id="100" dir="0" index="2" bw="32" slack="0"/>
<pin id="101" dir="1" index="3" bw="64" slack="0"/>
</pin_list>
<bind>
<opcode="bitconcatenate(1004) " fcode="bitconcatenate"/>
<opset="p_0/3 "/>
</bind>
</comp>

<comp id="106" class="1005" name="indvar_flatten_reg_106">
<pin_list>
<pin id="107" dir="0" index="0" bw="45" slack="0"/>
<pin id="108" dir="1" index="1" bw="45" slack="0"/>
</pin_list>
<bind>
<opset="indvar_flatten "/>
</bind>
</comp>

<comp id="113" class="1005" name="bound_read_reg_113">
<pin_list>
<pin id="114" dir="0" index="0" bw="45" slack="1"/>
<pin id="115" dir="1" index="1" bw="45" slack="1"/>
</pin_list>
<bind>
<opset="bound_read "/>
</bind>
</comp>

</comp_list>

<net_list>
<net id="47"><net_src comp="8" pin="0"/><net_sink comp="44" pin=0"/></net>

<net id="52"><net_src comp="20" pin="0"/><net_sink comp="48" pin=0"/></net>

<net id="53"><net_src comp="0" pin="0"/><net_sink comp="48" pin=1"/></net>

<net id="58"><net_src comp="38" pin="0"/><net_sink comp="54" pin=0"/></net>

<net id="59"><net_src comp="2" pin="0"/><net_sink comp="54" pin=1"/></net>

<net id="64"><net_src comp="38" pin="0"/><net_sink comp="60" pin=0"/></net>

<net id="65"><net_src comp="4" pin="0"/><net_sink comp="60" pin=1"/></net>

<net id="71"><net_src comp="42" pin="0"/><net_sink comp="66" pin=0"/></net>

<net id="72"><net_src comp="6" pin="0"/><net_sink comp="66" pin=1"/></net>

<net id="77"><net_src comp="22" pin="0"/><net_sink comp="73" pin=0"/></net>

<net id="85"><net_src comp="78" pin="1"/><net_sink comp="81" pin=0"/></net>

<net id="90"><net_src comp="78" pin="1"/><net_sink comp="86" pin=0"/></net>

<net id="91"><net_src comp="24" pin="0"/><net_sink comp="86" pin=1"/></net>

<net id="96"><net_src comp="86" pin="2"/><net_sink comp="92" pin=0"/></net>

<net id="102"><net_src comp="40" pin="0"/><net_sink comp="97" pin=0"/></net>

<net id="103"><net_src comp="60" pin="2"/><net_sink comp="97" pin=1"/></net>

<net id="104"><net_src comp="54" pin="2"/><net_sink comp="97" pin=2"/></net>

<net id="105"><net_src comp="97" pin="3"/><net_sink comp="66" pin=2"/></net>

<net id="109"><net_src comp="44" pin="1"/><net_sink comp="106" pin=0"/></net>

<net id="110"><net_src comp="106" pin="1"/><net_sink comp="73" pin=1"/></net>

<net id="111"><net_src comp="106" pin="1"/><net_sink comp="78" pin=0"/></net>

<net id="112"><net_src comp="106" pin="1"/><net_sink comp="92" pin=1"/></net>

<net id="116"><net_src comp="48" pin="2"/><net_sink comp="113" pin=0"/></net>

<net id="117"><net_src comp="113" pin="1"/><net_sink comp="81" pin=1"/></net>

</net_list>

</model> 
---------------- Datapath Model END ------------------

* FSMD analyzer results:
  - Output states:
	Port: fft2_out0 | {}
	Port: fft2_out1 | {}
	Port: joiner_out | {3 }
 - Input state : 
	Port: joiner_Pipeline_VITIS_LOOP_285_1_VITIS_LOOP_288_2 : bound | {1 }
	Port: joiner_Pipeline_VITIS_LOOP_285_1_VITIS_LOOP_288_2 : fft2_out0 | {3 }
	Port: joiner_Pipeline_VITIS_LOOP_285_1_VITIS_LOOP_288_2 : fft2_out1 | {3 }
	Port: joiner_Pipeline_VITIS_LOOP_285_1_VITIS_LOOP_288_2 : joiner_out | {}
  - Chain level:
	State 1
		store_ln0 : 1
	State 2
		icmp_ln285 : 1
		add_ln285 : 1
		br_ln285 : 2
		store_ln285 : 2
	State 3
		write_ln294 : 1


============================================================
+ Verbose Summary: Datapath Resource usage 
============================================================

* Functional unit list:
|----------|---------------------------|---------|---------|
| Operation|      Functional Unit      |    FF   |   LUT   |
|----------|---------------------------|---------|---------|
|   icmp   |      icmp_ln285_fu_81     |    0    |    52   |
|----------|---------------------------|---------|---------|
|    add   |      add_ln285_fu_86      |    0    |    52   |
|----------|---------------------------|---------|---------|
|          |   bound_read_read_fu_48   |    0    |    0    |
|   read   | fft2_out0_read_read_fu_54 |    0    |    0    |
|          | fft2_out1_read_read_fu_60 |    0    |    0    |
|----------|---------------------------|---------|---------|
|   write  |  write_ln294_write_fu_66  |    0    |    0    |
|----------|---------------------------|---------|---------|
|bitconcatenate|         p_0_fu_97         |    0    |    0    |
|----------|---------------------------|---------|---------|
|   Total  |                           |    0    |   104   |
|----------|---------------------------|---------|---------|

Memories:
N/A

* Register list:
+----------------------+--------+
|                      |   FF   |
+----------------------+--------+
|  bound_read_reg_113  |   45   |
|indvar_flatten_reg_106|   45   |
+----------------------+--------+
|         Total        |   90   |
+----------------------+--------+

* Multiplexer (MUX) list: 
|--------|------|------|------|--------|
|  Comp  |  Pin | Size |  BW  | S x BW |
|--------|------|------|------|--------|
|  Total |      |      |      |    0   |
|--------|------|------|------|--------|



* Summary:
+-----------+--------+--------+
|           |   FF   |   LUT  |
+-----------+--------+--------+
|  Function |    0   |   104  |
|   Memory  |    -   |    -   |
|Multiplexer|    -   |    -   |
|  Register |   90   |    -   |
+-----------+--------+--------+
|   Total   |   90   |   104  |
+-----------+--------+--------+
