

================================================================
== Vitis HLS Report for 'radix2p_Pipeline_VITIS_LOOP_172_1_VITIS_LOOP_175_2'
================================================================
* Date:           Tue Mar  3 21:26:49 2026

* Version:        2023.2 (Build 4023990 on Oct 11 2023)
* Project:        hls_project
* Solution:       solution1 (Vivado IP Flow Target)
* Product family: zynquplus
* Target device:  xck26-sfvc784-2LV-c


================================================================
== Performance Estimates
================================================================
+ Timing: 
    * Summary: 
    +--------+----------+----------+------------+
    |  Clock |  Target  | Estimated| Uncertainty|
    +--------+----------+----------+------------+
    |ap_clk  |  10.00 ns|  4.529 ns|     2.70 ns|
    +--------+----------+----------+------------+

+ Latency: 
    * Summary: 
    +---------+---------+-----------+-----------+-----+------+---------+
    |  Latency (cycles) |   Latency (absolute)  |  Interval  | Pipeline|
    |   min   |   max   |    min    |    max    | min |  max |   Type  |
    +---------+---------+-----------+-----------+-----+------+---------+
    |        2|     8194|  20.000 ns|  81.940 us|    2|  8194|       no|
    +---------+---------+-----------+-----------+-----+------+---------+

    + Detail: 
        * Instance: 
        N/A

        * Loop: 
        +-------------------------------------+---------+---------+----------+-----------+-----------+----------+----------+
        |                                     |  Latency (cycles) | Iteration|  Initiation Interval  |   Trip   |          |
        |              Loop Name              |   min   |   max   |  Latency |  achieved |   target  |   Count  | Pipelined|
        +-------------------------------------+---------+---------+----------+-----------+-----------+----------+----------+
        |- VITIS_LOOP_172_1_VITIS_LOOP_175_2  |        0|     8192|         2|          1|          1|  0 ~ 8192|       yes|
        +-------------------------------------+---------+---------+----------+-----------+-----------+----------+----------+

============================================================
+ Verbose Summary: Synthesis Manager
============================================================
InlineROM: 1
ExposeGlobal: 0
============================================================
+ Verbose Summary: CDFG Model
============================================================
IsTopModel: 0
ResetActiveHigh: 1
IsCombinational: 0
IsDatapathOnly: 0
HasWiredReturn: 1
HasMFsm: 2
HasVarLatency: 1
IsPipeline: 0
IsRtlPipelined: 0
IsInstanceOverlapped: 0
IsDontTouch: 0
HasImplIP: 0
IsGatedGlobalClock: 0

+ Individual pipeline summary: 
  * Pipeline-0: initiation interval (II) = 1, depth = 3


============================================================
+ Verbose Summary: Schedule
============================================================
* Number of FSM states : 3
* Pipeline : 1
  Pipeline-0 : II = 1, D = 3, States = { 1 2 3 }
* Dataflow Pipeline: 0

* FSM state transitions: 
1 --> 2 
2 --> 3 
3 --> 

* FSM state operations: 

State 1 <SV = 0> <Delay = 0.42>
ST_1 : Operation 5 [1/1] (0.00ns)   --->   "%indvar_flatten = alloca i32 1"   --->   Operation 5 'alloca' 'indvar_flatten' <Predicate = true> <Delay = 0.00>
ST_1 : Operation 6 [1/1] (0.00ns)   --->   "%specinterface_ln0 = specinterface void @_ssdm_op_SpecInterface, i64 %reorder_out, void @empty_8, i32 0, i32 0, void @empty, i32 0, i32 0, void @empty, void @empty, void @empty, i32 0, i32 0, i32 0, i32 0, void @empty, void @empty, i32 4294967295, i32 0"   --->   Operation 6 'specinterface' 'specinterface_ln0' <Predicate = true> <Delay = 0.00>
ST_1 : Operation 7 [1/1] (0.00ns)   --->   "%specinterface_ln0 = specinterface void @_ssdm_op_SpecInterface, i64 %fft1_out, void @empty_8, i32 0, i32 0, void @empty, i32 0, i32 0, void @empty, void @empty, void @empty, i32 0, i32 0, i32 0, i32 0, void @empty, void @empty, i32 4294967295, i32 0"   --->   Operation 7 'specinterface' 'specinterface_ln0' <Predicate = true> <Delay = 0.00>
ST_1 : Operation 8 [1/1] (0.00ns)   --->   "%bound_read = read i45 @_ssdm_op_Read.ap_auto.i45, i45 %bound" [fft_16k_ssr2_i14_c16_t18.cpp:168]   --->   Operation 8 'read' 'bound_read' <Predicate = true> <Delay = 0.00>
ST_1 : Operation 9 [1/1] (0.42ns)   --->   "%store_ln0 = store i45 0, i45 %indvar_flatten"   --->   Operation 9 'store' 'store_ln0' <Predicate = true> <Delay = 0.42>
ST_1 : Operation 10 [1/1] (0.00ns)   --->   "%br_ln0 = br void %for.body4"   --->   Operation 10 'br' 'br_ln0' <Predicate = true> <Delay = 0.00>

State 2 <SV = 1> <Delay = 1.49>
ST_2 : Operation 11 [1/1] (0.00ns)   --->   "%indvar_flatten_load = load i45 %indvar_flatten" [fft_16k_ssr2_i14_c16_t18.cpp:172]   --->   Operation 11 'load' 'indvar_flatten_load' <Predicate = true> <Delay = 0.00>
ST_2 : Operation 12 [1/1] (1.06ns)   --->   "%icmp_ln172 = icmp_eq  i45 %indvar_flatten_load, i45 %bound_read" [fft_16k_ssr2_i14_c16_t18.cpp:172]   --->   Operation 12 'icmp' 'icmp_ln172' <Predicate = true> <Delay = 1.06> <CoreInst = "Cmp">   --->   Core 9 'Cmp' <Latency = 0> <II = 1> <Delay = 1.06> <FuncUnit> <Opcode : 'icmp'> <InPorts = 2> <OutPorts = 1>
ST_2 : Operation 13 [1/1] (1.06ns)   --->   "%add_ln172 = add i45 %indvar_flatten_load, i45 1" [fft_16k_ssr2_i14_c16_t18.cpp:172]   --->   Operation 13 'add' 'add_ln172' <Predicate = true> <Delay = 1.06> <CoreInst = "Adder">   --->   Core 1 'Adder' <Latency = 0> <II = 1> <Delay = 1.06> <FuncUnit> <Opcode : 'add' 'sub'> <InPorts = 2> <OutPorts = 1>
ST_2 : Operation 14 [1/1] (0.00ns)   --->   "%br_ln172 = br i1 %icmp_ln172, void %for.inc29, void %for.end31.loopexit.exitStub" [fft_16k_ssr2_i14_c16_t18.cpp:172]   --->   Operation 14 'br' 'br_ln172' <Predicate = true> <Delay = 0.00>
ST_2 : Operation 15 [1/1] (0.42ns)   --->   "%store_ln172 = store i45 %add_ln172, i45 %indvar_flatten" [fft_16k_ssr2_i14_c16_t18.cpp:172]   --->   Operation 15 'store' 'store_ln172' <Predicate = (!icmp_ln172)> <Delay = 0.42>
ST_2 : Operation 39 [1/1] (0.00ns)   --->   "%ret_ln0 = ret"   --->   Operation 39 'ret' 'ret_ln0' <Predicate = (icmp_ln172)> <Delay = 0.00>

State 3 <SV = 2> <Delay = 4.52>
ST_3 : Operation 16 [1/1] (0.00ns)   --->   "%specloopname_ln0 = specloopname void @_ssdm_op_SpecLoopName, void @VITIS_LOOP_172_1_VITIS_LOOP_175_2_str"   --->   Operation 16 'specloopname' 'specloopname_ln0' <Predicate = true> <Delay = 0.00>
ST_3 : Operation 17 [1/1] (0.00ns)   --->   "%speclooptripcount_ln0 = speclooptripcount void @_ssdm_op_SpecLoopTripCount, i64 0, i64 8192, i64 0"   --->   Operation 17 'speclooptripcount' 'speclooptripcount_ln0' <Predicate = true> <Delay = 0.00>
ST_3 : Operation 18 [1/1] (0.00ns)   --->   "%specpipeline_ln177 = specpipeline void @_ssdm_op_SpecPipeline, i32 1, i32 0, i32 0, i32 0, void @empty" [fft_16k_ssr2_i14_c16_t18.cpp:177]   --->   Operation 18 'specpipeline' 'specpipeline_ln177' <Predicate = true> <Delay = 0.00>
ST_3 : Operation 19 [1/1] (1.83ns)   --->   "%reorder_out_read = read i64 @_ssdm_op_Read.ap_fifo.volatile.i64P0A, i64 %reorder_out" [fft_16k_ssr2_i14_c16_t18.cpp:180]   --->   Operation 19 'read' 'reorder_out_read' <Predicate = true> <Delay = 1.83> <CoreInst = "FIFO_SRL">   --->   Core 81 'FIFO_SRL' <Latency = 0> <II = 1> <Delay = 1.83> <Storage> <Opcode : 'read' 'write' 'nbread' 'nbwrite'> <Ports = 0> <Width = 64> <Depth = 2> <FIFO>
ST_3 : Operation 20 [1/1] (0.00ns)   --->   "%trunc_ln180 = trunc i64 %reorder_out_read" [fft_16k_ssr2_i14_c16_t18.cpp:180]   --->   Operation 20 'trunc' 'trunc_ln180' <Predicate = true> <Delay = 0.00>
ST_3 : Operation 21 [1/1] (0.00ns)   --->   "%trunc_ln180_2 = partselect i16 @_ssdm_op_PartSelect.i16.i64.i32.i32, i64 %reorder_out_read, i32 16, i32 31" [fft_16k_ssr2_i14_c16_t18.cpp:180]   --->   Operation 21 'partselect' 'trunc_ln180_2' <Predicate = true> <Delay = 0.00>
ST_3 : Operation 22 [1/1] (0.00ns)   --->   "%trunc_ln180_3 = partselect i16 @_ssdm_op_PartSelect.i16.i64.i32.i32, i64 %reorder_out_read, i32 32, i32 47" [fft_16k_ssr2_i14_c16_t18.cpp:180]   --->   Operation 22 'partselect' 'trunc_ln180_3' <Predicate = true> <Delay = 0.00>
ST_3 : Operation 23 [1/1] (0.00ns)   --->   "%trunc_ln180_4 = partselect i16 @_ssdm_op_PartSelect.i16.i64.i32.i32, i64 %reorder_out_read, i32 48, i32 63" [fft_16k_ssr2_i14_c16_t18.cpp:180]   --->   Operation 23 'partselect' 'trunc_ln180_4' <Predicate = true> <Delay = 0.00>
ST_3 : Operation 24 [1/1] (0.00ns)   --->   "%sext_ln181 = sext i16 %trunc_ln180" [fft_16k_ssr2_i14_c16_t18.cpp:181]   --->   Operation 24 'sext' 'sext_ln181' <Predicate = true> <Delay = 0.00>
ST_3 : Operation 25 [1/1] (0.00ns)   --->   "%sext_ln181_1 = sext i16 %trunc_ln180_3" [fft_16k_ssr2_i14_c16_t18.cpp:181]   --->   Operation 25 'sext' 'sext_ln181_1' <Predicate = true> <Delay = 0.00>
ST_3 : Operation 26 [1/1] (0.85ns)   --->   "%a = add i17 %sext_ln181_1, i17 %sext_ln181" [fft_16k_ssr2_i14_c16_t18.cpp:181]   --->   Operation 26 'add' 'a' <Predicate = true> <Delay = 0.85> <CoreInst = "Adder">   --->   Core 1 'Adder' <Latency = 0> <II = 1> <Delay = 0.85> <FuncUnit> <Opcode : 'add' 'sub'> <InPorts = 2> <OutPorts = 1>
ST_3 : Operation 27 [1/1] (0.00ns)   --->   "%sext_ln182 = sext i16 %trunc_ln180_2" [fft_16k_ssr2_i14_c16_t18.cpp:182]   --->   Operation 27 'sext' 'sext_ln182' <Predicate = true> <Delay = 0.00>
ST_3 : Operation 28 [1/1] (0.00ns)   --->   "%sext_ln182_1 = sext i16 %trunc_ln180_4" [fft_16k_ssr2_i14_c16_t18.cpp:182]   --->   Operation 28 'sext' 'sext_ln182_1' <Predicate = true> <Delay = 0.00>
ST_3 : Operation 29 [1/1] (0.85ns)   --->   "%b = add i17 %sext_ln182_1, i17 %sext_ln182" [fft_16k_ssr2_i14_c16_t18.cpp:182]   --->   Operation 29 'add' 'b' <Predicate = true> <Delay = 0.85> <CoreInst = "Adder">   --->   Core 1 'Adder' <Latency = 0> <II = 1> <Delay = 0.85> <FuncUnit> <Opcode : 'add' 'sub'> <InPorts = 2> <OutPorts = 1>
ST_3 : Operation 30 [1/1] (0.85ns)   --->   "%c = sub i17 %sext_ln181, i17 %sext_ln181_1" [fft_16k_ssr2_i14_c16_t18.cpp:183]   --->   Operation 30 'sub' 'c' <Predicate = true> <Delay = 0.85> <CoreInst = "Adder">   --->   Core 1 'Adder' <Latency = 0> <II = 1> <Delay = 0.85> <FuncUnit> <Opcode : 'add' 'sub'> <InPorts = 2> <OutPorts = 1>
ST_3 : Operation 31 [1/1] (0.85ns)   --->   "%d = sub i17 %sext_ln182, i17 %sext_ln182_1" [fft_16k_ssr2_i14_c16_t18.cpp:184]   --->   Operation 31 'sub' 'd' <Predicate = true> <Delay = 0.85> <CoreInst = "Adder">   --->   Core 1 'Adder' <Latency = 0> <II = 1> <Delay = 0.85> <FuncUnit> <Opcode : 'add' 'sub'> <InPorts = 2> <OutPorts = 1>
ST_3 : Operation 32 [1/1] (0.00ns)   --->   "%dout_temp_data0_M_real = partselect i16 @_ssdm_op_PartSelect.i16.i17.i32.i32, i17 %a, i32 1, i32 16" [fft_16k_ssr2_i14_c16_t18.cpp:187]   --->   Operation 32 'partselect' 'dout_temp_data0_M_real' <Predicate = true> <Delay = 0.00>
ST_3 : Operation 33 [1/1] (0.00ns)   --->   "%dout_temp_data0_M_imag = partselect i16 @_ssdm_op_PartSelect.i16.i17.i32.i32, i17 %b, i32 1, i32 16" [fft_16k_ssr2_i14_c16_t18.cpp:188]   --->   Operation 33 'partselect' 'dout_temp_data0_M_imag' <Predicate = true> <Delay = 0.00>
ST_3 : Operation 34 [1/1] (0.00ns)   --->   "%dout_temp_data1_M_real = partselect i16 @_ssdm_op_PartSelect.i16.i17.i32.i32, i17 %c, i32 1, i32 16" [fft_16k_ssr2_i14_c16_t18.cpp:189]   --->   Operation 34 'partselect' 'dout_temp_data1_M_real' <Predicate = true> <Delay = 0.00>
ST_3 : Operation 35 [1/1] (0.00ns)   --->   "%dout_temp_data1_M_imag = partselect i16 @_ssdm_op_PartSelect.i16.i17.i32.i32, i17 %d, i32 1, i32 16" [fft_16k_ssr2_i14_c16_t18.cpp:190]   --->   Operation 35 'partselect' 'dout_temp_data1_M_imag' <Predicate = true> <Delay = 0.00>
ST_3 : Operation 36 [1/1] (0.00ns)   --->   "%p_0 = bitconcatenate i64 @_ssdm_op_BitConcatenate.i64.i16.i16.i16.i16, i16 %dout_temp_data1_M_imag, i16 %dout_temp_data1_M_real, i16 %dout_temp_data0_M_imag, i16 %dout_temp_data0_M_real" [fft_16k_ssr2_i14_c16_t18.cpp:191]   --->   Operation 36 'bitconcatenate' 'p_0' <Predicate = true> <Delay = 0.00>
ST_3 : Operation 37 [1/1] (1.83ns)   --->   "%write_ln191 = write void @_ssdm_op_Write.ap_fifo.volatile.i64P0A, i64 %fft1_out, i64 %p_0" [fft_16k_ssr2_i14_c16_t18.cpp:191]   --->   Operation 37 'write' 'write_ln191' <Predicate = true> <Delay = 1.83> <CoreInst = "FIFO_SRL">   --->   Core 81 'FIFO_SRL' <Latency = 0> <II = 1> <Delay = 1.83> <Storage> <Opcode : 'read' 'write' 'nbread' 'nbwrite'> <Ports = 0> <Width = 64> <Depth = 2> <FIFO>
ST_3 : Operation 38 [1/1] (0.00ns)   --->   "%br_ln175 = br void %for.body4" [fft_16k_ssr2_i14_c16_t18.cpp:175]   --->   Operation 38 'br' 'br_ln175' <Predicate = true> <Delay = 0.00>


============================================================
+ Verbose Summary: Timing violations
============================================================
Target clock period: 10.000ns, clock uncertainty: 2.700ns.

 <State 1>: 0.427ns
The critical path consists of the following:
	'alloca' operation 45 bit ('indvar_flatten') [4]  (0.000 ns)
	'store' operation 0 bit ('store_ln0') of constant 0 on local variable 'indvar_flatten' [8]  (0.427 ns)

 <State 2>: 1.496ns
The critical path consists of the following:
	'load' operation 45 bit ('indvar_flatten_load', fft_16k_ssr2_i14_c16_t18.cpp:172) on local variable 'indvar_flatten' [11]  (0.000 ns)
	'add' operation 45 bit ('add_ln172', fft_16k_ssr2_i14_c16_t18.cpp:172) [13]  (1.069 ns)
	'store' operation 0 bit ('store_ln172', fft_16k_ssr2_i14_c16_t18.cpp:172) of variable 'add_ln172', fft_16k_ssr2_i14_c16_t18.cpp:172 on local variable 'indvar_flatten' [38]  (0.427 ns)

 <State 3>: 4.529ns
The critical path consists of the following:
	fifo read operation ('reorder_out_read', fft_16k_ssr2_i14_c16_t18.cpp:180) on port 'reorder_out' (fft_16k_ssr2_i14_c16_t18.cpp:180) [19]  (1.838 ns)
	'add' operation 17 bit ('a', fft_16k_ssr2_i14_c16_t18.cpp:181) [26]  (0.853 ns)
	fifo write operation ('write_ln191', fft_16k_ssr2_i14_c16_t18.cpp:191) on port 'fft1_out' (fft_16k_ssr2_i14_c16_t18.cpp:191) [37]  (1.838 ns)


============================================================
+ Verbose Summary: Binding
============================================================
N/A
* FSMD analyzer results:
  - Output states:
 - Input state : 
  - Chain level:
	State 1
	State 2
	State 3


============================================================
+ Verbose Summary: Datapath Resource usage 
============================================================
N/A
