

================================================================
== Vitis HLS Report for 'radix2p'
================================================================
* Date:           Tue Mar  3 21:26:49 2026

* Version:        2023.2 (Build 4023990 on Oct 11 2023)
* Project:        hls_project
* Solution:       solution1 (Vivado IP Flow Target)
* Product family: zynquplus
* Target device:  xck26-sfvc784-2LV-c


================================================================
== Performance Estimates
================================================================
+ Timing: 
    * Summary: 
    +--------+----------+----------+------------+
    |  Clock |  Target  | Estimated| Uncertainty|
    +--------+----------+----------+------------+
    |ap_clk  |  10.00 ns|  4.529 ns|     2.70 ns|
    +--------+----------+----------+------------+

+ Latency: 
    * Summary: 
    +---------+---------+-----------+-----------+-----+------+---------+
    |  Latency (cycles) |   Latency (absolute)  |  Interval  | Pipeline|
    |   min   |   max   |    min    |    max    | min |  max |   Type  |
    +---------+---------+-----------+-----------+-----+------+---------+
    |        4|     8196|  40.000 ns|  81.960 us|    4|  8196|       no|
    +---------+---------+-----------+-----------+-----+------+---------+

    + Detail: 
        * Instance: 
        +--------------------------------------------------------------+----------------------------------------------------+---------+---------+-----------+-----------+-----+------+---------+
        |                                                              |                                                    |  Latency (cycles) |   Latency (absolute)  |  Interval  | Pipeline|
        |                           Instance                           |                       Module                       |   min   |   max   |    min    |    max    | min |  max |   Type  |
        +--------------------------------------------------------------+----------------------------------------------------+---------+---------+-----------+-----------+-----+------+---------+
        |grp_radix2p_Pipeline_VITIS_LOOP_172_1_VITIS_LOOP_175_2_fu_72  |radix2p_Pipeline_VITIS_LOOP_172_1_VITIS_LOOP_175_2  |        2|     8194|  20.000 ns|  81.940 us|    2|  8194|       no|
        +--------------------------------------------------------------+----------------------------------------------------+---------+---------+-----------+-----------+-----+------+---------+

        * Loop: 
        N/A

============================================================
+ Verbose Summary: Synthesis Manager
============================================================
InlineROM: 1
ExposeGlobal: 0
============================================================
+ Verbose Summary: CDFG Model
============================================================
IsTopModel: 0
ResetActiveHigh: 1
IsCombinational: 2
IsDatapathOnly: 0
HasWiredReturn: 1
HasMFsm: 0
HasVarLatency: 1
IsPipeline: 0
IsRtlPipelined: 0
IsInstanceOverlapped: 0
IsDontTouch: 0
HasImplIP: 0
IsGatedGlobalClock: 0


============================================================
+ Verbose Summary: Schedule
============================================================
* Number of FSM states : 3
* Pipeline : 0
* Dataflow Pipeline: 0

* FSM state transitions: 
1 --> 2 
2 --> 3 
3 --> 

* FSM state operations: 

State 1 <SV = 0> <Delay = 3.67>
ST_1 : Operation 4 [1/1] (1.83ns)   --->   "%iter_3 = read i32 @_ssdm_op_Read.ap_fifo.i32P0A, i32 %iter"   --->   Operation 4 'read' 'iter_3' <Predicate = true> <Delay = 1.83> <CoreInst = "FIFO_SRL">   --->   Core 81 'FIFO_SRL' <Latency = 0> <II = 1> <Delay = 1.83> <Storage> <Opcode : 'read' 'write' 'nbread' 'nbwrite'> <Ports = 0> <Width = 32> <Depth = 2> <FIFO>
ST_1 : Operation 5 [1/1] (1.83ns)   --->   "%write_ln0 = write void @_ssdm_op_Write.ap_fifo.i32P0A, i32 %iter_c23, i32 %iter_3"   --->   Operation 5 'write' 'write_ln0' <Predicate = true> <Delay = 1.83> <CoreInst = "FIFO_SRL">   --->   Core 81 'FIFO_SRL' <Latency = 0> <II = 1> <Delay = 1.83> <Storage> <Opcode : 'read' 'write' 'nbread' 'nbwrite'> <Ports = 0> <Width = 32> <Depth = 2> <FIFO>

State 2 <SV = 1> <Delay = 0.00>
ST_2 : Operation 6 [1/1] (0.00ns)   --->   "%tmp = bitconcatenate i45 @_ssdm_op_BitConcatenate.i45.i32.i13, i32 %iter_3, i13 0"   --->   Operation 6 'bitconcatenate' 'tmp' <Predicate = true> <Delay = 0.00>
ST_2 : Operation 7 [1/1] (0.00ns)   --->   "%empty = wait i32 @_ssdm_op_Wait"   --->   Operation 7 'wait' 'empty' <Predicate = true> <Delay = 0.00>
ST_2 : Operation 8 [2/2] (0.00ns)   --->   "%call_ln0 = call void @radix2p_Pipeline_VITIS_LOOP_172_1_VITIS_LOOP_175_2, i45 %tmp, i64 %reorder_out, i64 %fft1_out"   --->   Operation 8 'call' 'call_ln0' <Predicate = true> <Delay = 0.00> <CoreType = "Generic">   --->   Core 0 '' <Latency = 0> <II = 1> <Delay = 1.00> <Generic> <Opcode : >

State 3 <SV = 2> <Delay = 0.00>
ST_3 : Operation 9 [1/1] (0.00ns)   --->   "%specinterface_ln0 = specinterface void @_ssdm_op_SpecInterface, i32 %iter, void @ap_fifo_str, i32 0, i32 0, void @p_str171, i32 0, i32 0, void @p_str172, void @p_str173, void @p_str174, i32 2, i32 2, i32 16, i32 16, void @p_str175, void @ScalarProp_str, i32 4294967295, i32 0"   --->   Operation 9 'specinterface' 'specinterface_ln0' <Predicate = true> <Delay = 0.00>
ST_3 : Operation 10 [1/1] (0.00ns)   --->   "%specinterface_ln0 = specinterface void @_ssdm_op_SpecInterface, i32 %iter_c23, void @ap_fifo_str, i32 0, i32 0, void @p_str146, i32 0, i32 0, void @p_str147, void @p_str148, void @p_str149, i32 2, i32 2, i32 16, i32 16, void @p_str150, void @ScalarProp_str, i32 4294967295, i32 0"   --->   Operation 10 'specinterface' 'specinterface_ln0' <Predicate = true> <Delay = 0.00>
ST_3 : Operation 11 [1/1] (0.00ns)   --->   "%specinterface_ln0 = specinterface void @_ssdm_op_SpecInterface, i64 %fft1_out, void @empty_8, i32 0, i32 0, void @empty, i32 0, i32 0, void @empty, void @empty, void @empty, i32 0, i32 0, i32 0, i32 0, void @empty, void @empty, i32 4294967295, i32 0"   --->   Operation 11 'specinterface' 'specinterface_ln0' <Predicate = true> <Delay = 0.00>
ST_3 : Operation 12 [1/1] (0.00ns)   --->   "%specinterface_ln0 = specinterface void @_ssdm_op_SpecInterface, i64 %reorder_out, void @empty_8, i32 0, i32 0, void @empty, i32 0, i32 0, void @empty, void @empty, void @empty, i32 0, i32 0, i32 0, i32 0, void @empty, void @empty, i32 4294967295, i32 0"   --->   Operation 12 'specinterface' 'specinterface_ln0' <Predicate = true> <Delay = 0.00>
ST_3 : Operation 13 [1/2] (0.00ns)   --->   "%call_ln0 = call void @radix2p_Pipeline_VITIS_LOOP_172_1_VITIS_LOOP_175_2, i45 %tmp, i64 %reorder_out, i64 %fft1_out"   --->   Operation 13 'call' 'call_ln0' <Predicate = true> <Delay = 0.00> <CoreType = "Generic">   --->   Core 0 '' <Latency = 0> <II = 1> <Delay = 1.00> <Generic> <Opcode : >
ST_3 : Operation 14 [1/1] (0.00ns)   --->   "%ret_ln194 = ret" [fft_16k_ssr2_i14_c16_t18.cpp:194]   --->   Operation 14 'ret' 'ret_ln194' <Predicate = true> <Delay = 0.00>


============================================================
+ Verbose Summary: Binding
============================================================
STG Binding: 
---------------- STG Properties BEGIN ----------------
- Is combinational: 0
- Is one-state seq: 0
- Is datapath-only: 0
- Is pipelined: 0
- Is top level: 0
Port [ Return ] is wired: 1; IO mode=ap_ctrl_hs:ce=0
Port [ reorder_out]:  wired=1; compound=1; hidden=0; nouse=0; global=0; static=0; extern=0; dir=0; type=3; pingpong=0; private_global=0; IO mode=ap_fifo:ce=0
Port [ fft1_out]:  wired=1; compound=1; hidden=0; nouse=0; global=0; static=0; extern=0; dir=1; type=3; pingpong=0; private_global=0; IO mode=ap_fifo:ce=0
Port [ iter]:  wired=1; compound=1; hidden=0; nouse=0; global=0; static=0; extern=0; dir=0; type=3; pingpong=0; private_global=0; IO mode=ap_fifo:ce=0
Port [ iter_c23]:  wired=1; compound=1; hidden=0; nouse=0; global=0; static=0; extern=0; dir=1; type=3; pingpong=0; private_global=0; IO mode=ap_fifo:ce=0
---------------- STG Properties END ------------------

---------------- Datapath Model BEGIN ----------------

<LifeTime>
<method=bitvector/>
iter_3            (read          ) [ 0010]
write_ln0         (write         ) [ 0000]
tmp               (bitconcatenate) [ 0001]
empty             (wait          ) [ 0000]
specinterface_ln0 (specinterface ) [ 0000]
specinterface_ln0 (specinterface ) [ 0000]
specinterface_ln0 (specinterface ) [ 0000]
specinterface_ln0 (specinterface ) [ 0000]
call_ln0          (call          ) [ 0000]
ret_ln194         (ret           ) [ 0000]
</LifeTime>

<model>

<comp_list>
<comp id="0" class="1000" name="reorder_out">
<pin_list>
<pin id="1" dir="1" index="0" bw="1" slack="0"/>
</pin_list>
<bind>
<StgValue><ssdm name="reorder_out"/></StgValue>
</bind>
</comp>

<comp id="2" class="1000" name="fft1_out">
<pin_list>
<pin id="3" dir="1" index="0" bw="1" slack="0"/>
</pin_list>
<bind>
<StgValue><ssdm name="fft1_out"/></StgValue>
</bind>
</comp>

<comp id="4" class="1000" name="iter">
<pin_list>
<pin id="5" dir="1" index="0" bw="1" slack="0"/>
</pin_list>
<bind>
<StgValue><ssdm name="iter"/></StgValue>
</bind>
</comp>

<comp id="6" class="1000" name="iter_c23">
<pin_list>
<pin id="7" dir="1" index="0" bw="1" slack="0"/>
</pin_list>
<bind>
<StgValue><ssdm name="iter_c23"/></StgValue>
</bind>
</comp>

<comp id="8" class="1001" name="const_8">
<pin_list>
<pin id="9" dir="1" index="0" bw="1" slack="0"/>
</pin_list>
<bind>
<StgValue><ssdm name="_ssdm_op_Read.ap_fifo.i32P0A"/></StgValue>
</bind>
</comp>

<comp id="10" class="1001" name="const_10">
<pin_list>
<pin id="11" dir="1" index="0" bw="1" slack="0"/>
</pin_list>
<bind>
<StgValue><ssdm name="_ssdm_op_Write.ap_fifo.i32P0A"/></StgValue>
</bind>
</comp>

<comp id="12" class="1001" name="const_12">
<pin_list>
<pin id="13" dir="1" index="0" bw="1" slack="0"/>
</pin_list>
<bind>
<StgValue><ssdm name="_ssdm_op_BitConcatenate.i45.i32.i13"/></StgValue>
</bind>
</comp>

<comp id="14" class="1001" name="const_14">
<pin_list>
<pin id="15" dir="1" index="0" bw="1" slack="0"/>
</pin_list>
<bind>
<StgValue><ssdm name=""/></StgValue>
</bind>
</comp>

<comp id="16" class="1001" name="const_16">
<pin_list>
<pin id="17" dir="1" index="0" bw="1" slack="2147483647"/>
</pin_list>
<bind>
<StgValue><ssdm name="_ssdm_op_Wait"/></StgValue>
</bind>
</comp>

<comp id="18" class="1001" name="const_18">
<pin_list>
<pin id="19" dir="1" index="0" bw="1" slack="0"/>
</pin_list>
<bind>
<StgValue><ssdm name="radix2p_Pipeline_VITIS_LOOP_172_1_VITIS_LOOP_175_2"/></StgValue>
</bind>
</comp>

<comp id="20" class="1001" name="const_20">
<pin_list>
<pin id="21" dir="1" index="0" bw="1" slack="2147483647"/>
</pin_list>
<bind>
<StgValue><ssdm name="_ssdm_op_SpecInterface"/></StgValue>
</bind>
</comp>

<comp id="22" class="1001" name="const_22">
<pin_list>
<pin id="23" dir="1" index="0" bw="1" slack="2147483647"/>
</pin_list>
<bind>
<StgValue><ssdm name="ap_fifo_str"/></StgValue>
</bind>
</comp>

<comp id="24" class="1001" name="const_24">
<pin_list>
<pin id="25" dir="1" index="0" bw="1" slack="2147483647"/>
</pin_list>
<bind>
<StgValue><ssdm name=""/></StgValue>
</bind>
</comp>

<comp id="26" class="1001" name="const_26">
<pin_list>
<pin id="27" dir="1" index="0" bw="1" slack="2147483647"/>
</pin_list>
<bind>
<StgValue><ssdm name="p_str171"/></StgValue>
</bind>
</comp>

<comp id="28" class="1001" name="const_28">
<pin_list>
<pin id="29" dir="1" index="0" bw="1" slack="2147483647"/>
</pin_list>
<bind>
<StgValue><ssdm name="p_str172"/></StgValue>
</bind>
</comp>

<comp id="30" class="1001" name="const_30">
<pin_list>
<pin id="31" dir="1" index="0" bw="1" slack="2147483647"/>
</pin_list>
<bind>
<StgValue><ssdm name="p_str173"/></StgValue>
</bind>
</comp>

<comp id="32" class="1001" name="const_32">
<pin_list>
<pin id="33" dir="1" index="0" bw="1" slack="2147483647"/>
</pin_list>
<bind>
<StgValue><ssdm name="p_str174"/></StgValue>
</bind>
</comp>

<comp id="34" class="1001" name="const_34">
<pin_list>
<pin id="35" dir="1" index="0" bw="1" slack="2147483647"/>
</pin_list>
<bind>
<StgValue><ssdm name=""/></StgValue>
</bind>
</comp>

<comp id="36" class="1001" name="const_36">
<pin_list>
<pin id="37" dir="1" index="0" bw="1" slack="2147483647"/>
</pin_list>
<bind>
<StgValue><ssdm name=""/></StgValue>
</bind>
</comp>

<comp id="38" class="1001" name="const_38">
<pin_list>
<pin id="39" dir="1" index="0" bw="1" slack="2147483647"/>
</pin_list>
<bind>
<StgValue><ssdm name="p_str175"/></StgValue>
</bind>
</comp>

<comp id="40" class="1001" name="const_40">
<pin_list>
<pin id="41" dir="1" index="0" bw="1" slack="2147483647"/>
</pin_list>
<bind>
<StgValue><ssdm name="ScalarProp_str"/></StgValue>
</bind>
</comp>

<comp id="42" class="1001" name="const_42">
<pin_list>
<pin id="43" dir="1" index="0" bw="1" slack="2147483647"/>
</pin_list>
<bind>
<StgValue><ssdm name=""/></StgValue>
</bind>
</comp>

<comp id="44" class="1001" name="const_44">
<pin_list>
<pin id="45" dir="1" index="0" bw="1" slack="2147483647"/>
</pin_list>
<bind>
<StgValue><ssdm name="p_str146"/></StgValue>
</bind>
</comp>

<comp id="46" class="1001" name="const_46">
<pin_list>
<pin id="47" dir="1" index="0" bw="1" slack="2147483647"/>
</pin_list>
<bind>
<StgValue><ssdm name="p_str147"/></StgValue>
</bind>
</comp>

<comp id="48" class="1001" name="const_48">
<pin_list>
<pin id="49" dir="1" index="0" bw="1" slack="2147483647"/>
</pin_list>
<bind>
<StgValue><ssdm name="p_str148"/></StgValue>
</bind>
</comp>

<comp id="50" class="1001" name="const_50">
<pin_list>
<pin id="51" dir="1" index="0" bw="1" slack="2147483647"/>
</pin_list>
<bind>
<StgValue><ssdm name="p_str149"/></StgValue>
</bind>
</comp>

<comp id="52" class="1001" name="const_52">
<pin_list>
<pin id="53" dir="1" index="0" bw="1" slack="2147483647"/>
</pin_list>
<bind>
<StgValue><ssdm name="p_str150"/></StgValue>
</bind>
</comp>

<comp id="54" class="1001" name="const_54">
<pin_list>
<pin id="55" dir="1" index="0" bw="1" slack="2147483647"/>
</pin_list>
<bind>
<StgValue><ssdm name="empty_8"/></StgValue>
</bind>
</comp>

<comp id="56" class="1001" name="const_56">
<pin_list>
<pin id="57" dir="1" index="0" bw="1" slack="2147483647"/>
</pin_list>
<bind>
<StgValue><ssdm name="empty"/></StgValue>
</bind>
</comp>

<comp id="58" class="1004" name="iter_3_read_fu_58">
<pin_list>
<pin id="59" dir="0" index="0" bw="32" slack="0"/>
<pin id="60" dir="0" index="1" bw="32" slack="0"/>
<pin id="61" dir="1" index="2" bw="32" slack="0"/>
</pin_list>
<bind>
<opcode="read(1150) " fcode="read"/>
<opset="iter_3/1 "/>
</bind>
</comp>

<comp id="64" class="1004" name="write_ln0_write_fu_64">
<pin_list>
<pin id="65" dir="0" index="0" bw="0" slack="0"/>
<pin id="66" dir="0" index="1" bw="32" slack="0"/>
<pin id="67" dir="0" index="2" bw="32" slack="0"/>
<pin id="68" dir="1" index="3" bw="0" slack="2147483647"/>
</pin_list>
<bind>
<opcode="write(1151) " fcode="write"/>
<opset="write_ln0/1 "/>
</bind>
</comp>

<comp id="72" class="1004" name="grp_radix2p_Pipeline_VITIS_LOOP_172_1_VITIS_LOOP_175_2_fu_72">
<pin_list>
<pin id="73" dir="0" index="0" bw="0" slack="0"/>
<pin id="74" dir="0" index="1" bw="45" slack="0"/>
<pin id="75" dir="0" index="2" bw="64" slack="0"/>
<pin id="76" dir="0" index="3" bw="64" slack="0"/>
<pin id="77" dir="1" index="4" bw="0" slack="2147483647"/>
</pin_list>
<bind>
<opcode="call(48) " fcode="call"/>
<opset="call_ln0/2 "/>
</bind>
</comp>

<comp id="81" class="1004" name="tmp_fu_81">
<pin_list>
<pin id="82" dir="0" index="0" bw="45" slack="0"/>
<pin id="83" dir="0" index="1" bw="32" slack="1"/>
<pin id="84" dir="0" index="2" bw="1" slack="0"/>
<pin id="85" dir="1" index="3" bw="45" slack="0"/>
</pin_list>
<bind>
<opcode="bitconcatenate(1004) " fcode="bitconcatenate"/>
<opset="tmp/2 "/>
</bind>
</comp>

<comp id="89" class="1005" name="iter_3_reg_89">
<pin_list>
<pin id="90" dir="0" index="0" bw="32" slack="1"/>
<pin id="91" dir="1" index="1" bw="32" slack="1"/>
</pin_list>
<bind>
<opset="iter_3 "/>
</bind>
</comp>

<comp id="94" class="1005" name="tmp_reg_94">
<pin_list>
<pin id="95" dir="0" index="0" bw="45" slack="1"/>
<pin id="96" dir="1" index="1" bw="45" slack="1"/>
</pin_list>
<bind>
<opset="tmp "/>
</bind>
</comp>

</comp_list>

<net_list>
<net id="62"><net_src comp="8" pin="0"/><net_sink comp="58" pin=0"/></net>

<net id="63"><net_src comp="4" pin="0"/><net_sink comp="58" pin=1"/></net>

<net id="69"><net_src comp="10" pin="0"/><net_sink comp="64" pin=0"/></net>

<net id="70"><net_src comp="6" pin="0"/><net_sink comp="64" pin=1"/></net>

<net id="71"><net_src comp="58" pin="2"/><net_sink comp="64" pin=2"/></net>

<net id="78"><net_src comp="18" pin="0"/><net_sink comp="72" pin=0"/></net>

<net id="79"><net_src comp="0" pin="0"/><net_sink comp="72" pin=2"/></net>

<net id="80"><net_src comp="2" pin="0"/><net_sink comp="72" pin=3"/></net>

<net id="86"><net_src comp="12" pin="0"/><net_sink comp="81" pin=0"/></net>

<net id="87"><net_src comp="14" pin="0"/><net_sink comp="81" pin=2"/></net>

<net id="88"><net_src comp="81" pin="3"/><net_sink comp="72" pin=1"/></net>

<net id="92"><net_src comp="58" pin="2"/><net_sink comp="89" pin=0"/></net>

<net id="93"><net_src comp="89" pin="1"/><net_sink comp="81" pin=1"/></net>

<net id="97"><net_src comp="81" pin="3"/><net_sink comp="94" pin=0"/></net>

<net id="98"><net_src comp="94" pin="1"/><net_sink comp="72" pin=1"/></net>

</net_list>

</model> 
---------------- Datapath Model END ------------------

* FSMD analyzer results:
  - Output states:
	Port: fft1_out | {2 3 }
	Port: iter_c23 | {1 }
 - Input state : 
	Port: radix2p : reorder_out | {2 3 }
	Port: radix2p : iter | {1 }
  - Chain level:
	State 1
	State 2
		call_ln0 : 1
	State 3


============================================================
+ Verbose Summary: Datapath Resource usage 
============================================================

* Functional unit list:
|----------|--------------------------------------------------------------|---------|---------|
| Operation|                        Functional Unit                       |    FF   |   LUT   |
|----------|--------------------------------------------------------------|---------|---------|
|   call   | grp_radix2p_Pipeline_VITIS_LOOP_172_1_VITIS_LOOP_175_2_fu_72 |    90   |   196   |
|----------|--------------------------------------------------------------|---------|---------|
|   read   |                       iter_3_read_fu_58                      |    0    |    0    |
|----------|--------------------------------------------------------------|---------|---------|
|   write  |                     write_ln0_write_fu_64                    |    0    |    0    |
|----------|--------------------------------------------------------------|---------|---------|
|bitconcatenate|                           tmp_fu_81                          |    0    |    0    |
|----------|--------------------------------------------------------------|---------|---------|
|   Total  |                                                              |    90   |   196   |
|----------|--------------------------------------------------------------|---------|---------|

Memories:
N/A

* Register list:
+-------------+--------+
|             |   FF   |
+-------------+--------+
|iter_3_reg_89|   32   |
|  tmp_reg_94 |   45   |
+-------------+--------+
|    Total    |   77   |
+-------------+--------+

* Multiplexer (MUX) list: 
|--------------------------------------------------------------|------|------|------|--------||---------||---------|
|                             Comp                             |  Pin | Size |  BW  | S x BW ||  Delay  ||   LUT   |
|--------------------------------------------------------------|------|------|------|--------||---------||---------|
| grp_radix2p_Pipeline_VITIS_LOOP_172_1_VITIS_LOOP_175_2_fu_72 |  p1  |   2  |  45  |   90   ||    9    |
|--------------------------------------------------------------|------|------|------|--------||---------||---------|
|                             Total                            |      |      |      |   90   ||  0.427  ||    9    |
|--------------------------------------------------------------|------|------|------|--------||---------||---------|



* Summary:
+-----------+--------+--------+--------+
|           |  Delay |   FF   |   LUT  |
+-----------+--------+--------+--------+
|  Function |    -   |   90   |   196  |
|   Memory  |    -   |    -   |    -   |
|Multiplexer|    0   |    -   |    9   |
|  Register |    -   |   77   |    -   |
+-----------+--------+--------+--------+
|   Total   |    0   |   167  |   205  |
+-----------+--------+--------+--------+
