

================================================================
== Vitis HLS Report for 'radix2p_Pipeline_VITIS_LOOP_172_1_VITIS_LOOP_175_2'
================================================================
* Date:           Tue Mar  3 21:26:51 2026

* Version:        2023.2 (Build 4023990 on Oct 11 2023)
* Project:        hls_project
* Solution:       solution1 (Vivado IP Flow Target)
* Product family: zynquplus
* Target device:  xck26-sfvc784-2LV-c


================================================================
== Performance Estimates
================================================================
+ Timing: 
    * Summary: 
    +--------+----------+----------+------------+
    |  Clock |  Target  | Estimated| Uncertainty|
    +--------+----------+----------+------------+
    |ap_clk  |  10.00 ns|  4.529 ns|     2.70 ns|
    +--------+----------+----------+------------+

+ Latency: 
    * Summary: 
    +---------+---------+-----------+-----------+-----+------+---------+
    |  Latency (cycles) |   Latency (absolute)  |  Interval  | Pipeline|
    |   min   |   max   |    min    |    max    | min |  max |   Type  |
    +---------+---------+-----------+-----------+-----+------+---------+
    |        2|     8194|  20.000 ns|  81.940 us|    2|  8194|       no|
    +---------+---------+-----------+-----------+-----+------+---------+

    + Detail: 
        * Instance: 
        N/A

        * Loop: 
        +-------------------------------------+---------+---------+----------+-----------+-----------+----------+----------+
        |                                     |  Latency (cycles) | Iteration|  Initiation Interval  |   Trip   |          |
        |              Loop Name              |   min   |   max   |  Latency |  achieved |   target  |   Count  | Pipelined|
        +-------------------------------------+---------+---------+----------+-----------+-----------+----------+----------+
        |- VITIS_LOOP_172_1_VITIS_LOOP_175_2  |        0|     8192|         2|          1|          1|  0 ~ 8192|       yes|
        +-------------------------------------+---------+---------+----------+-----------+-----------+----------+----------+



================================================================
== Utilization Estimates
================================================================
* Summary: 
+-----------------+---------+------+--------+--------+-----+
|       Name      | BRAM_18K|  DSP |   FF   |   LUT  | URAM|
+-----------------+---------+------+--------+--------+-----+
|DSP              |        -|     -|       -|       -|    -|
|Expression       |        -|     -|       0|     206|    -|
|FIFO             |        -|     -|       -|       -|    -|
|Instance         |        -|     -|       -|       -|    -|
|Memory           |        -|     -|       -|       -|    -|
|Multiplexer      |        -|     -|       -|      54|    -|
|Register         |        -|     -|      49|       -|    -|
+-----------------+---------+------+--------+--------+-----+
|Total            |        0|     0|      49|     260|    0|
+-----------------+---------+------+--------+--------+-----+
|Available        |      288|  1248|  234240|  117120|   64|
+-----------------+---------+------+--------+--------+-----+
|Utilization (%)  |        0|     0|      ~0|      ~0|    0|
+-----------------+---------+------+--------+--------+-----+

+ Detail: 
    * Instance: 
    N/A

    * DSP: 
    N/A

    * Memory: 
    N/A

    * FIFO: 
    N/A

    * Expression: 
    +----------------------------------+----------+----+---+----+------------+------------+
    |           Variable Name          | Operation| DSP| FF| LUT| Bitwidth P0| Bitwidth P1|
    +----------------------------------+----------+----+---+----+------------+------------+
    |a_fu_147_p2                       |         +|   0|  0|  24|          17|          17|
    |add_ln172_fu_94_p2                |         +|   0|  0|  52|          45|           1|
    |b_fu_161_p2                       |         +|   0|  0|  24|          17|          17|
    |c_fu_167_p2                       |         -|   0|  0|  24|          17|          17|
    |d_fu_173_p2                       |         -|   0|  0|  24|          17|          17|
    |ap_block_pp0_stage0_01001         |       and|   0|  0|   2|           1|           1|
    |icmp_ln172_fu_89_p2               |      icmp|   0|  0|  52|          45|          45|
    |ap_block_state3_pp0_stage0_iter2  |        or|   0|  0|   2|           1|           1|
    |ap_enable_pp0                     |       xor|   0|  0|   2|           1|           2|
    +----------------------------------+----------+----+---+----+------------+------------+
    |Total                             |          |   0|  0| 206|         161|         118|
    +----------------------------------+----------+----+---+----+------------+------------+

    * Multiplexer: 
    +-------------------------+----+-----------+-----+-----------+
    |           Name          | LUT| Input Size| Bits| Total Bits|
    +-------------------------+----+-----------+-----+-----------+
    |ap_done_int              |   9|          2|    1|          2|
    |ap_enable_reg_pp0_iter1  |   9|          2|    1|          2|
    |ap_enable_reg_pp0_iter2  |   9|          2|    1|          2|
    |fft1_out_blk_n           |   9|          2|    1|          2|
    |indvar_flatten_fu_58     |   9|          2|   45|         90|
    |reorder_out_blk_n        |   9|          2|    1|          2|
    +-------------------------+----+-----------+-----+-----------+
    |Total                    |  54|         12|   50|        100|
    +-------------------------+----+-----------+-----+-----------+

    * Register: 
    +-------------------------+----+----+-----+-----------+
    |           Name          | FF | LUT| Bits| Const Bits|
    +-------------------------+----+----+-----+-----------+
    |ap_CS_fsm                |   1|   0|    1|          0|
    |ap_done_reg              |   1|   0|    1|          0|
    |ap_enable_reg_pp0_iter1  |   1|   0|    1|          0|
    |ap_enable_reg_pp0_iter2  |   1|   0|    1|          0|
    |indvar_flatten_fu_58     |  45|   0|   45|          0|
    +-------------------------+----+----+-----+-----------+
    |Total                    |  49|   0|   49|          0|
    +-------------------------+----+----+-----+-----------+



================================================================
== Interface
================================================================
* Summary: 
+----------------------------+-----+-----+------------+----------------------------------------------------+--------------+
|          RTL Ports         | Dir | Bits|  Protocol  |                    Source Object                   |    C Type    |
+----------------------------+-----+-----+------------+----------------------------------------------------+--------------+
|ap_clk                      |   in|    1|  ap_ctrl_hs|  radix2p_Pipeline_VITIS_LOOP_172_1_VITIS_LOOP_175_2|  return value|
|ap_rst                      |   in|    1|  ap_ctrl_hs|  radix2p_Pipeline_VITIS_LOOP_172_1_VITIS_LOOP_175_2|  return value|
|ap_start                    |   in|    1|  ap_ctrl_hs|  radix2p_Pipeline_VITIS_LOOP_172_1_VITIS_LOOP_175_2|  return value|
|ap_done                     |  out|    1|  ap_ctrl_hs|  radix2p_Pipeline_VITIS_LOOP_172_1_VITIS_LOOP_175_2|  return value|
|ap_idle                     |  out|    1|  ap_ctrl_hs|  radix2p_Pipeline_VITIS_LOOP_172_1_VITIS_LOOP_175_2|  return value|
|ap_ready                    |  out|    1|  ap_ctrl_hs|  radix2p_Pipeline_VITIS_LOOP_172_1_VITIS_LOOP_175_2|  return value|
|reorder_out_dout            |   in|   64|     ap_fifo|                                         reorder_out|       pointer|
|reorder_out_num_data_valid  |   in|    3|     ap_fifo|                                         reorder_out|       pointer|
|reorder_out_fifo_cap        |   in|    3|     ap_fifo|                                         reorder_out|       pointer|
|reorder_out_empty_n         |   in|    1|     ap_fifo|                                         reorder_out|       pointer|
|reorder_out_read            |  out|    1|     ap_fifo|                                         reorder_out|       pointer|
|fft1_out_din                |  out|   64|     ap_fifo|                                            fft1_out|       pointer|
|fft1_out_num_data_valid     |   in|    3|     ap_fifo|                                            fft1_out|       pointer|
|fft1_out_fifo_cap           |   in|    3|     ap_fifo|                                            fft1_out|       pointer|
|fft1_out_full_n             |   in|    1|     ap_fifo|                                            fft1_out|       pointer|
|fft1_out_write              |  out|    1|     ap_fifo|                                            fft1_out|       pointer|
|bound                       |   in|   45|     ap_none|                                               bound|        scalar|
+----------------------------+-----+-----+------------+----------------------------------------------------+--------------+

============================================================
+ Verbose Summary: Synthesis Manager
============================================================
InlineROM: 1
ExposeGlobal: 0
============================================================
+ Verbose Summary: CDFG Model
============================================================
IsTopModel: 0
ResetActiveHigh: 1
IsCombinational: 2
IsDatapathOnly: 2
HasWiredReturn: 1
HasMFsm: 2
HasVarLatency: 1
IsPipeline: 0
IsRtlPipelined: 0
IsInstanceOverlapped: 0
IsDontTouch: 0
HasImplIP: 0
IsGatedGlobalClock: 0

+ Individual pipeline summary: 
  * Pipeline-0: initiation interval (II) = 1, depth = 3


============================================================
+ Verbose Summary: Schedule
============================================================
* Number of FSM states : 3
* Pipeline : 1
  Pipeline-0 : II = 1, D = 3, States = { 1 2 3 }
* Dataflow Pipeline: 0

* FSM state transitions: 
1 --> 2 
2 --> 3 
3 --> 

* FSM state operations: 

State 1 <SV = 0> <Delay = 0.42>
ST_1 : Operation 5 [1/1] (0.00ns)   --->   "%indvar_flatten = alloca i32 1"   --->   Operation 5 'alloca' 'indvar_flatten' <Predicate = true> <Delay = 0.00>
ST_1 : Operation 6 [1/1] (0.00ns)   --->   "%specinterface_ln0 = specinterface void @_ssdm_op_SpecInterface, i64 %reorder_out, void @empty_8, i32 0, i32 0, void @empty, i32 0, i32 0, void @empty, void @empty, void @empty, i32 0, i32 0, i32 0, i32 0, void @empty, void @empty, i32 4294967295, i32 0"   --->   Operation 6 'specinterface' 'specinterface_ln0' <Predicate = true> <Delay = 0.00>
ST_1 : Operation 7 [1/1] (0.00ns)   --->   "%specinterface_ln0 = specinterface void @_ssdm_op_SpecInterface, i64 %fft1_out, void @empty_8, i32 0, i32 0, void @empty, i32 0, i32 0, void @empty, void @empty, void @empty, i32 0, i32 0, i32 0, i32 0, void @empty, void @empty, i32 4294967295, i32 0"   --->   Operation 7 'specinterface' 'specinterface_ln0' <Predicate = true> <Delay = 0.00>
ST_1 : Operation 8 [1/1] (0.00ns)   --->   "%bound_read = read i45 @_ssdm_op_Read.ap_auto.i45, i45 %bound" [fft_16k_ssr2_i14_c16_t18.cpp:168]   --->   Operation 8 'read' 'bound_read' <Predicate = true> <Delay = 0.00>
ST_1 : Operation 9 [1/1] (0.42ns)   --->   "%store_ln0 = store i45 0, i45 %indvar_flatten"   --->   Operation 9 'store' 'store_ln0' <Predicate = true> <Delay = 0.42>
ST_1 : Operation 10 [1/1] (0.00ns)   --->   "%br_ln0 = br void %for.body4"   --->   Operation 10 'br' 'br_ln0' <Predicate = true> <Delay = 0.00>

State 2 <SV = 1> <Delay = 1.49>
ST_2 : Operation 11 [1/1] (0.00ns)   --->   "%indvar_flatten_load = load i45 %indvar_flatten" [fft_16k_ssr2_i14_c16_t18.cpp:172]   --->   Operation 11 'load' 'indvar_flatten_load' <Predicate = true> <Delay = 0.00>
ST_2 : Operation 12 [1/1] (1.06ns)   --->   "%icmp_ln172 = icmp_eq  i45 %indvar_flatten_load, i45 %bound_read" [fft_16k_ssr2_i14_c16_t18.cpp:172]   --->   Operation 12 'icmp' 'icmp_ln172' <Predicate = true> <Delay = 1.06> <CoreInst = "Cmp">   --->   Core 9 'Cmp' <Latency = 0> <II = 1> <Delay = 1.06> <FuncUnit> <Opcode : 'icmp'> <InPorts = 2> <OutPorts = 1>
ST_2 : Operation 13 [1/1] (1.06ns)   --->   "%add_ln172 = add i45 %indvar_flatten_load, i45 1" [fft_16k_ssr2_i14_c16_t18.cpp:172]   --->   Operation 13 'add' 'add_ln172' <Predicate = true> <Delay = 1.06> <CoreInst = "Adder">   --->   Core 1 'Adder' <Latency = 0> <II = 1> <Delay = 1.06> <FuncUnit> <Opcode : 'add' 'sub'> <InPorts = 2> <OutPorts = 1>
ST_2 : Operation 14 [1/1] (0.00ns)   --->   "%br_ln172 = br i1 %icmp_ln172, void %for.inc29, void %for.end31.loopexit.exitStub" [fft_16k_ssr2_i14_c16_t18.cpp:172]   --->   Operation 14 'br' 'br_ln172' <Predicate = true> <Delay = 0.00>
ST_2 : Operation 15 [1/1] (0.42ns)   --->   "%store_ln172 = store i45 %add_ln172, i45 %indvar_flatten" [fft_16k_ssr2_i14_c16_t18.cpp:172]   --->   Operation 15 'store' 'store_ln172' <Predicate = (!icmp_ln172)> <Delay = 0.42>
ST_2 : Operation 39 [1/1] (0.00ns)   --->   "%ret_ln0 = ret"   --->   Operation 39 'ret' 'ret_ln0' <Predicate = (icmp_ln172)> <Delay = 0.00>

State 3 <SV = 2> <Delay = 4.52>
ST_3 : Operation 16 [1/1] (0.00ns)   --->   "%specloopname_ln0 = specloopname void @_ssdm_op_SpecLoopName, void @VITIS_LOOP_172_1_VITIS_LOOP_175_2_str"   --->   Operation 16 'specloopname' 'specloopname_ln0' <Predicate = true> <Delay = 0.00>
ST_3 : Operation 17 [1/1] (0.00ns)   --->   "%speclooptripcount_ln0 = speclooptripcount void @_ssdm_op_SpecLoopTripCount, i64 0, i64 8192, i64 0"   --->   Operation 17 'speclooptripcount' 'speclooptripcount_ln0' <Predicate = true> <Delay = 0.00>
ST_3 : Operation 18 [1/1] (0.00ns)   --->   "%specpipeline_ln177 = specpipeline void @_ssdm_op_SpecPipeline, i32 1, i32 0, i32 0, i32 0, void @empty" [fft_16k_ssr2_i14_c16_t18.cpp:177]   --->   Operation 18 'specpipeline' 'specpipeline_ln177' <Predicate = true> <Delay = 0.00>
ST_3 : Operation 19 [1/1] (1.83ns)   --->   "%reorder_out_read = read i64 @_ssdm_op_Read.ap_fifo.volatile.i64P0A, i64 %reorder_out" [fft_16k_ssr2_i14_c16_t18.cpp:180]   --->   Operation 19 'read' 'reorder_out_read' <Predicate = true> <Delay = 1.83> <CoreInst = "FIFO_SRL">   --->   Core 81 'FIFO_SRL' <Latency = 0> <II = 1> <Delay = 1.83> <Storage> <Opcode : 'read' 'write' 'nbread' 'nbwrite'> <Ports = 0> <Width = 64> <Depth = 2> <FIFO>
ST_3 : Operation 20 [1/1] (0.00ns)   --->   "%trunc_ln180 = trunc i64 %reorder_out_read" [fft_16k_ssr2_i14_c16_t18.cpp:180]   --->   Operation 20 'trunc' 'trunc_ln180' <Predicate = true> <Delay = 0.00>
ST_3 : Operation 21 [1/1] (0.00ns)   --->   "%trunc_ln180_2 = partselect i16 @_ssdm_op_PartSelect.i16.i64.i32.i32, i64 %reorder_out_read, i32 16, i32 31" [fft_16k_ssr2_i14_c16_t18.cpp:180]   --->   Operation 21 'partselect' 'trunc_ln180_2' <Predicate = true> <Delay = 0.00>
ST_3 : Operation 22 [1/1] (0.00ns)   --->   "%trunc_ln180_3 = partselect i16 @_ssdm_op_PartSelect.i16.i64.i32.i32, i64 %reorder_out_read, i32 32, i32 47" [fft_16k_ssr2_i14_c16_t18.cpp:180]   --->   Operation 22 'partselect' 'trunc_ln180_3' <Predicate = true> <Delay = 0.00>
ST_3 : Operation 23 [1/1] (0.00ns)   --->   "%trunc_ln180_4 = partselect i16 @_ssdm_op_PartSelect.i16.i64.i32.i32, i64 %reorder_out_read, i32 48, i32 63" [fft_16k_ssr2_i14_c16_t18.cpp:180]   --->   Operation 23 'partselect' 'trunc_ln180_4' <Predicate = true> <Delay = 0.00>
ST_3 : Operation 24 [1/1] (0.00ns)   --->   "%sext_ln181 = sext i16 %trunc_ln180" [fft_16k_ssr2_i14_c16_t18.cpp:181]   --->   Operation 24 'sext' 'sext_ln181' <Predicate = true> <Delay = 0.00>
ST_3 : Operation 25 [1/1] (0.00ns)   --->   "%sext_ln181_1 = sext i16 %trunc_ln180_3" [fft_16k_ssr2_i14_c16_t18.cpp:181]   --->   Operation 25 'sext' 'sext_ln181_1' <Predicate = true> <Delay = 0.00>
ST_3 : Operation 26 [1/1] (0.85ns)   --->   "%a = add i17 %sext_ln181_1, i17 %sext_ln181" [fft_16k_ssr2_i14_c16_t18.cpp:181]   --->   Operation 26 'add' 'a' <Predicate = true> <Delay = 0.85> <CoreInst = "Adder">   --->   Core 1 'Adder' <Latency = 0> <II = 1> <Delay = 0.86> <FuncUnit> <Opcode : 'add' 'sub'> <InPorts = 2> <OutPorts = 1>
ST_3 : Operation 27 [1/1] (0.00ns)   --->   "%sext_ln182 = sext i16 %trunc_ln180_2" [fft_16k_ssr2_i14_c16_t18.cpp:182]   --->   Operation 27 'sext' 'sext_ln182' <Predicate = true> <Delay = 0.00>
ST_3 : Operation 28 [1/1] (0.00ns)   --->   "%sext_ln182_1 = sext i16 %trunc_ln180_4" [fft_16k_ssr2_i14_c16_t18.cpp:182]   --->   Operation 28 'sext' 'sext_ln182_1' <Predicate = true> <Delay = 0.00>
ST_3 : Operation 29 [1/1] (0.85ns)   --->   "%b = add i17 %sext_ln182_1, i17 %sext_ln182" [fft_16k_ssr2_i14_c16_t18.cpp:182]   --->   Operation 29 'add' 'b' <Predicate = true> <Delay = 0.85> <CoreInst = "Adder">   --->   Core 1 'Adder' <Latency = 0> <II = 1> <Delay = 0.86> <FuncUnit> <Opcode : 'add' 'sub'> <InPorts = 2> <OutPorts = 1>
ST_3 : Operation 30 [1/1] (0.85ns)   --->   "%c = sub i17 %sext_ln181, i17 %sext_ln181_1" [fft_16k_ssr2_i14_c16_t18.cpp:183]   --->   Operation 30 'sub' 'c' <Predicate = true> <Delay = 0.85> <CoreInst = "Adder">   --->   Core 1 'Adder' <Latency = 0> <II = 1> <Delay = 0.86> <FuncUnit> <Opcode : 'add' 'sub'> <InPorts = 2> <OutPorts = 1>
ST_3 : Operation 31 [1/1] (0.85ns)   --->   "%d = sub i17 %sext_ln182, i17 %sext_ln182_1" [fft_16k_ssr2_i14_c16_t18.cpp:184]   --->   Operation 31 'sub' 'd' <Predicate = true> <Delay = 0.85> <CoreInst = "Adder">   --->   Core 1 'Adder' <Latency = 0> <II = 1> <Delay = 0.86> <FuncUnit> <Opcode : 'add' 'sub'> <InPorts = 2> <OutPorts = 1>
ST_3 : Operation 32 [1/1] (0.00ns)   --->   "%dout_temp_data0_M_real = partselect i16 @_ssdm_op_PartSelect.i16.i17.i32.i32, i17 %a, i32 1, i32 16" [fft_16k_ssr2_i14_c16_t18.cpp:187]   --->   Operation 32 'partselect' 'dout_temp_data0_M_real' <Predicate = true> <Delay = 0.00>
ST_3 : Operation 33 [1/1] (0.00ns)   --->   "%dout_temp_data0_M_imag = partselect i16 @_ssdm_op_PartSelect.i16.i17.i32.i32, i17 %b, i32 1, i32 16" [fft_16k_ssr2_i14_c16_t18.cpp:188]   --->   Operation 33 'partselect' 'dout_temp_data0_M_imag' <Predicate = true> <Delay = 0.00>
ST_3 : Operation 34 [1/1] (0.00ns)   --->   "%dout_temp_data1_M_real = partselect i16 @_ssdm_op_PartSelect.i16.i17.i32.i32, i17 %c, i32 1, i32 16" [fft_16k_ssr2_i14_c16_t18.cpp:189]   --->   Operation 34 'partselect' 'dout_temp_data1_M_real' <Predicate = true> <Delay = 0.00>
ST_3 : Operation 35 [1/1] (0.00ns)   --->   "%dout_temp_data1_M_imag = partselect i16 @_ssdm_op_PartSelect.i16.i17.i32.i32, i17 %d, i32 1, i32 16" [fft_16k_ssr2_i14_c16_t18.cpp:190]   --->   Operation 35 'partselect' 'dout_temp_data1_M_imag' <Predicate = true> <Delay = 0.00>
ST_3 : Operation 36 [1/1] (0.00ns)   --->   "%p_0 = bitconcatenate i64 @_ssdm_op_BitConcatenate.i64.i16.i16.i16.i16, i16 %dout_temp_data1_M_imag, i16 %dout_temp_data1_M_real, i16 %dout_temp_data0_M_imag, i16 %dout_temp_data0_M_real" [fft_16k_ssr2_i14_c16_t18.cpp:191]   --->   Operation 36 'bitconcatenate' 'p_0' <Predicate = true> <Delay = 0.00>
ST_3 : Operation 37 [1/1] (1.83ns)   --->   "%write_ln191 = write void @_ssdm_op_Write.ap_fifo.volatile.i64P0A, i64 %fft1_out, i64 %p_0" [fft_16k_ssr2_i14_c16_t18.cpp:191]   --->   Operation 37 'write' 'write_ln191' <Predicate = true> <Delay = 1.83> <CoreInst = "FIFO_SRL">   --->   Core 81 'FIFO_SRL' <Latency = 0> <II = 1> <Delay = 1.83> <Storage> <Opcode : 'read' 'write' 'nbread' 'nbwrite'> <Ports = 0> <Width = 64> <Depth = 2> <FIFO>
ST_3 : Operation 38 [1/1] (0.00ns)   --->   "%br_ln175 = br void %for.body4" [fft_16k_ssr2_i14_c16_t18.cpp:175]   --->   Operation 38 'br' 'br_ln175' <Predicate = true> <Delay = 0.00>


============================================================
+ Verbose Summary: Binding
============================================================
STG Binding: 
---------------- STG Properties BEGIN ----------------
- Is combinational: 0
- Is one-state seq: 0
- Is datapath-only: 0
- Is pipelined: 0
- Is top level: 0
Port [ Return ] is wired: 1; IO mode=ap_ctrl_hs:ce=0
Port [ bound]:  wired=1; compound=0; hidden=0; nouse=0; global=0; static=0; extern=0; dir=0; type=0; pingpong=0; private_global=0; IO mode=ap_none:ce=0
Port [ reorder_out]:  wired=1; compound=1; hidden=0; nouse=0; global=0; static=0; extern=0; dir=0; type=3; pingpong=0; private_global=0; IO mode=ap_fifo:ce=0
Port [ fft1_out]:  wired=1; compound=1; hidden=0; nouse=0; global=0; static=0; extern=0; dir=1; type=3; pingpong=0; private_global=0; IO mode=ap_fifo:ce=0
---------------- STG Properties END ------------------

---------------- Datapath Model BEGIN ----------------

<LifeTime>
<method=bitvector/>
indvar_flatten         (alloca           ) [ 0110]
specinterface_ln0      (specinterface    ) [ 0000]
specinterface_ln0      (specinterface    ) [ 0000]
bound_read             (read             ) [ 0110]
store_ln0              (store            ) [ 0000]
br_ln0                 (br               ) [ 0000]
indvar_flatten_load    (load             ) [ 0000]
icmp_ln172             (icmp             ) [ 0110]
add_ln172              (add              ) [ 0000]
br_ln172               (br               ) [ 0000]
store_ln172            (store            ) [ 0000]
specloopname_ln0       (specloopname     ) [ 0000]
speclooptripcount_ln0  (speclooptripcount) [ 0000]
specpipeline_ln177     (specpipeline     ) [ 0000]
reorder_out_read       (read             ) [ 0000]
trunc_ln180            (trunc            ) [ 0000]
trunc_ln180_2          (partselect       ) [ 0000]
trunc_ln180_3          (partselect       ) [ 0000]
trunc_ln180_4          (partselect       ) [ 0000]
sext_ln181             (sext             ) [ 0000]
sext_ln181_1           (sext             ) [ 0000]
a                      (add              ) [ 0000]
sext_ln182             (sext             ) [ 0000]
sext_ln182_1           (sext             ) [ 0000]
b                      (add              ) [ 0000]
c                      (sub              ) [ 0000]
d                      (sub              ) [ 0000]
dout_temp_data0_M_real (partselect       ) [ 0000]
dout_temp_data0_M_imag (partselect       ) [ 0000]
dout_temp_data1_M_real (partselect       ) [ 0000]
dout_temp_data1_M_imag (partselect       ) [ 0000]
p_0                    (bitconcatenate   ) [ 0000]
write_ln191            (write            ) [ 0000]
br_ln175               (br               ) [ 0000]
ret_ln0                (ret              ) [ 0000]
</LifeTime>

<model>

<comp_list>
<comp id="0" class="1000" name="bound">
<pin_list>
<pin id="1" dir="1" index="0" bw="1" slack="0"/>
</pin_list>
<bind>
<StgValue><ssdm name="bound"/></StgValue>
</bind>
</comp>

<comp id="2" class="1000" name="reorder_out">
<pin_list>
<pin id="3" dir="1" index="0" bw="1" slack="0"/>
</pin_list>
<bind>
<StgValue><ssdm name="reorder_out"/></StgValue>
</bind>
</comp>

<comp id="4" class="1000" name="fft1_out">
<pin_list>
<pin id="5" dir="1" index="0" bw="1" slack="0"/>
</pin_list>
<bind>
<StgValue><ssdm name="fft1_out"/></StgValue>
</bind>
</comp>

<comp id="6" class="1001" name="const_6">
<pin_list>
<pin id="7" dir="1" index="0" bw="1" slack="0"/>
</pin_list>
<bind>
<StgValue><ssdm name=""/></StgValue>
</bind>
</comp>

<comp id="8" class="1001" name="const_8">
<pin_list>
<pin id="9" dir="1" index="0" bw="1" slack="2147483647"/>
</pin_list>
<bind>
<StgValue><ssdm name="_ssdm_op_SpecInterface"/></StgValue>
</bind>
</comp>

<comp id="10" class="1001" name="const_10">
<pin_list>
<pin id="11" dir="1" index="0" bw="1" slack="2147483647"/>
</pin_list>
<bind>
<StgValue><ssdm name="empty_8"/></StgValue>
</bind>
</comp>

<comp id="12" class="1001" name="const_12">
<pin_list>
<pin id="13" dir="1" index="0" bw="1" slack="2147483647"/>
</pin_list>
<bind>
<StgValue><ssdm name=""/></StgValue>
</bind>
</comp>

<comp id="14" class="1001" name="const_14">
<pin_list>
<pin id="15" dir="1" index="0" bw="1" slack="2147483647"/>
</pin_list>
<bind>
<StgValue><ssdm name="empty"/></StgValue>
</bind>
</comp>

<comp id="16" class="1001" name="const_16">
<pin_list>
<pin id="17" dir="1" index="0" bw="1" slack="2147483647"/>
</pin_list>
<bind>
<StgValue><ssdm name=""/></StgValue>
</bind>
</comp>

<comp id="18" class="1001" name="const_18">
<pin_list>
<pin id="19" dir="1" index="0" bw="1" slack="0"/>
</pin_list>
<bind>
<StgValue><ssdm name="_ssdm_op_Read.ap_auto.i45"/></StgValue>
</bind>
</comp>

<comp id="20" class="1001" name="const_20">
<pin_list>
<pin id="21" dir="1" index="0" bw="1" slack="0"/>
</pin_list>
<bind>
<StgValue><ssdm name=""/></StgValue>
</bind>
</comp>

<comp id="22" class="1001" name="const_22">
<pin_list>
<pin id="23" dir="1" index="0" bw="1" slack="0"/>
</pin_list>
<bind>
<StgValue><ssdm name=""/></StgValue>
</bind>
</comp>

<comp id="24" class="1001" name="const_24">
<pin_list>
<pin id="25" dir="1" index="0" bw="1" slack="2147483647"/>
</pin_list>
<bind>
<StgValue><ssdm name="_ssdm_op_SpecLoopName"/></StgValue>
</bind>
</comp>

<comp id="26" class="1001" name="const_26">
<pin_list>
<pin id="27" dir="1" index="0" bw="1" slack="2147483647"/>
</pin_list>
<bind>
<StgValue><ssdm name="VITIS_LOOP_172_1_VITIS_LOOP_175_2_str"/></StgValue>
</bind>
</comp>

<comp id="28" class="1001" name="const_28">
<pin_list>
<pin id="29" dir="1" index="0" bw="1" slack="2147483647"/>
</pin_list>
<bind>
<StgValue><ssdm name="_ssdm_op_SpecLoopTripCount"/></StgValue>
</bind>
</comp>

<comp id="30" class="1001" name="const_30">
<pin_list>
<pin id="31" dir="1" index="0" bw="1" slack="2147483647"/>
</pin_list>
<bind>
<StgValue><ssdm name=""/></StgValue>
</bind>
</comp>

<comp id="32" class="1001" name="const_32">
<pin_list>
<pin id="33" dir="1" index="0" bw="1" slack="2147483647"/>
</pin_list>
<bind>
<StgValue><ssdm name=""/></StgValue>
</bind>
</comp>

<comp id="34" class="1001" name="const_34">
<pin_list>
<pin id="35" dir="1" index="0" bw="1" slack="2147483647"/>
</pin_list>
<bind>
<StgValue><ssdm name="_ssdm_op_SpecPipeline"/></StgValue>
</bind>
</comp>

<comp id="36" class="1001" name="const_36">
<pin_list>
<pin id="37" dir="1" index="0" bw="1" slack="0"/>
</pin_list>
<bind>
<StgValue><ssdm name="_ssdm_op_Read.ap_fifo.volatile.i64P0A"/></StgValue>
</bind>
</comp>

<comp id="38" class="1001" name="const_38">
<pin_list>
<pin id="39" dir="1" index="0" bw="1" slack="0"/>
</pin_list>
<bind>
<StgValue><ssdm name="_ssdm_op_PartSelect.i16.i64.i32.i32"/></StgValue>
</bind>
</comp>

<comp id="40" class="1001" name="const_40">
<pin_list>
<pin id="41" dir="1" index="0" bw="1" slack="0"/>
</pin_list>
<bind>
<StgValue><ssdm name=""/></StgValue>
</bind>
</comp>

<comp id="42" class="1001" name="const_42">
<pin_list>
<pin id="43" dir="1" index="0" bw="1" slack="0"/>
</pin_list>
<bind>
<StgValue><ssdm name=""/></StgValue>
</bind>
</comp>

<comp id="44" class="1001" name="const_44">
<pin_list>
<pin id="45" dir="1" index="0" bw="1" slack="0"/>
</pin_list>
<bind>
<StgValue><ssdm name=""/></StgValue>
</bind>
</comp>

<comp id="46" class="1001" name="const_46">
<pin_list>
<pin id="47" dir="1" index="0" bw="1" slack="0"/>
</pin_list>
<bind>
<StgValue><ssdm name=""/></StgValue>
</bind>
</comp>

<comp id="48" class="1001" name="const_48">
<pin_list>
<pin id="49" dir="1" index="0" bw="1" slack="0"/>
</pin_list>
<bind>
<StgValue><ssdm name=""/></StgValue>
</bind>
</comp>

<comp id="50" class="1001" name="const_50">
<pin_list>
<pin id="51" dir="1" index="0" bw="1" slack="0"/>
</pin_list>
<bind>
<StgValue><ssdm name=""/></StgValue>
</bind>
</comp>

<comp id="52" class="1001" name="const_52">
<pin_list>
<pin id="53" dir="1" index="0" bw="1" slack="0"/>
</pin_list>
<bind>
<StgValue><ssdm name="_ssdm_op_PartSelect.i16.i17.i32.i32"/></StgValue>
</bind>
</comp>

<comp id="54" class="1001" name="const_54">
<pin_list>
<pin id="55" dir="1" index="0" bw="1" slack="0"/>
</pin_list>
<bind>
<StgValue><ssdm name="_ssdm_op_BitConcatenate.i64.i16.i16.i16.i16"/></StgValue>
</bind>
</comp>

<comp id="56" class="1001" name="const_56">
<pin_list>
<pin id="57" dir="1" index="0" bw="1" slack="0"/>
</pin_list>
<bind>
<StgValue><ssdm name="_ssdm_op_Write.ap_fifo.volatile.i64P0A"/></StgValue>
</bind>
</comp>

<comp id="58" class="1004" name="indvar_flatten_fu_58">
<pin_list>
<pin id="59" dir="0" index="0" bw="1" slack="0"/>
<pin id="60" dir="1" index="1" bw="45" slack="0"/>
</pin_list>
<bind>
<opcode="alloca(26) " fcode="alloca"/>
<opset="indvar_flatten/1 "/>
</bind>
</comp>

<comp id="62" class="1004" name="bound_read_read_fu_62">
<pin_list>
<pin id="63" dir="0" index="0" bw="45" slack="0"/>
<pin id="64" dir="0" index="1" bw="45" slack="0"/>
<pin id="65" dir="1" index="2" bw="45" slack="1"/>
</pin_list>
<bind>
<opcode="read(1150) " fcode="read"/>
<opset="bound_read/1 "/>
</bind>
</comp>

<comp id="68" class="1004" name="reorder_out_read_read_fu_68">
<pin_list>
<pin id="69" dir="0" index="0" bw="64" slack="0"/>
<pin id="70" dir="0" index="1" bw="64" slack="0"/>
<pin id="71" dir="1" index="2" bw="64" slack="0"/>
</pin_list>
<bind>
<opcode="read(1150) " fcode="read"/>
<opset="reorder_out_read/3 "/>
</bind>
</comp>

<comp id="74" class="1004" name="write_ln191_write_fu_74">
<pin_list>
<pin id="75" dir="0" index="0" bw="0" slack="0"/>
<pin id="76" dir="0" index="1" bw="64" slack="0"/>
<pin id="77" dir="0" index="2" bw="64" slack="0"/>
<pin id="78" dir="1" index="3" bw="0" slack="2147483647"/>
</pin_list>
<bind>
<opcode="write(1151) " fcode="write"/>
<opset="write_ln191/3 "/>
</bind>
</comp>

<comp id="81" class="1004" name="store_ln0_store_fu_81">
<pin_list>
<pin id="82" dir="0" index="0" bw="1" slack="0"/>
<pin id="83" dir="0" index="1" bw="45" slack="0"/>
<pin id="84" dir="1" index="2" bw="0" slack="2147483647"/>
</pin_list>
<bind>
<opcode="store(28) " fcode="store"/>
<opset="store_ln0/1 "/>
</bind>
</comp>

<comp id="86" class="1004" name="indvar_flatten_load_load_fu_86">
<pin_list>
<pin id="87" dir="0" index="0" bw="45" slack="1"/>
<pin id="88" dir="1" index="1" bw="45" slack="0"/>
</pin_list>
<bind>
<opcode="load(27) " fcode="load"/>
<opset="indvar_flatten_load/2 "/>
</bind>
</comp>

<comp id="89" class="1004" name="icmp_ln172_fu_89">
<pin_list>
<pin id="90" dir="0" index="0" bw="45" slack="0"/>
<pin id="91" dir="0" index="1" bw="45" slack="1"/>
<pin id="92" dir="1" index="2" bw="1" slack="2147483647"/>
</pin_list>
<bind>
<opcode="icmp(45) " fcode="icmp"/>
<opset="icmp_ln172/2 "/>
</bind>
</comp>

<comp id="94" class="1004" name="add_ln172_fu_94">
<pin_list>
<pin id="95" dir="0" index="0" bw="45" slack="0"/>
<pin id="96" dir="0" index="1" bw="1" slack="0"/>
<pin id="97" dir="1" index="2" bw="45" slack="0"/>
</pin_list>
<bind>
<opcode="add(8) " fcode="add"/>
<opset="add_ln172/2 "/>
</bind>
</comp>

<comp id="100" class="1004" name="store_ln172_store_fu_100">
<pin_list>
<pin id="101" dir="0" index="0" bw="45" slack="0"/>
<pin id="102" dir="0" index="1" bw="45" slack="1"/>
<pin id="103" dir="1" index="2" bw="0" slack="2147483647"/>
</pin_list>
<bind>
<opcode="store(28) " fcode="store"/>
<opset="store_ln172/2 "/>
</bind>
</comp>

<comp id="105" class="1004" name="trunc_ln180_fu_105">
<pin_list>
<pin id="106" dir="0" index="0" bw="64" slack="0"/>
<pin id="107" dir="1" index="1" bw="16" slack="0"/>
</pin_list>
<bind>
<opcode="trunc(33) " fcode="trunc"/>
<opset="trunc_ln180/3 "/>
</bind>
</comp>

<comp id="109" class="1004" name="trunc_ln180_2_fu_109">
<pin_list>
<pin id="110" dir="0" index="0" bw="16" slack="0"/>
<pin id="111" dir="0" index="1" bw="64" slack="0"/>
<pin id="112" dir="0" index="2" bw="6" slack="0"/>
<pin id="113" dir="0" index="3" bw="6" slack="0"/>
<pin id="114" dir="1" index="4" bw="16" slack="0"/>
</pin_list>
<bind>
<opcode="partselect(1002) " fcode="partselect"/>
<opset="trunc_ln180_2/3 "/>
</bind>
</comp>

<comp id="119" class="1004" name="trunc_ln180_3_fu_119">
<pin_list>
<pin id="120" dir="0" index="0" bw="16" slack="0"/>
<pin id="121" dir="0" index="1" bw="64" slack="0"/>
<pin id="122" dir="0" index="2" bw="7" slack="0"/>
<pin id="123" dir="0" index="3" bw="7" slack="0"/>
<pin id="124" dir="1" index="4" bw="16" slack="0"/>
</pin_list>
<bind>
<opcode="partselect(1002) " fcode="partselect"/>
<opset="trunc_ln180_3/3 "/>
</bind>
</comp>

<comp id="129" class="1004" name="trunc_ln180_4_fu_129">
<pin_list>
<pin id="130" dir="0" index="0" bw="16" slack="0"/>
<pin id="131" dir="0" index="1" bw="64" slack="0"/>
<pin id="132" dir="0" index="2" bw="7" slack="0"/>
<pin id="133" dir="0" index="3" bw="7" slack="0"/>
<pin id="134" dir="1" index="4" bw="16" slack="0"/>
</pin_list>
<bind>
<opcode="partselect(1002) " fcode="partselect"/>
<opset="trunc_ln180_4/3 "/>
</bind>
</comp>

<comp id="139" class="1004" name="sext_ln181_fu_139">
<pin_list>
<pin id="140" dir="0" index="0" bw="16" slack="0"/>
<pin id="141" dir="1" index="1" bw="17" slack="0"/>
</pin_list>
<bind>
<opcode="sext(35) " fcode="sext"/>
<opset="sext_ln181/3 "/>
</bind>
</comp>

<comp id="143" class="1004" name="sext_ln181_1_fu_143">
<pin_list>
<pin id="144" dir="0" index="0" bw="16" slack="0"/>
<pin id="145" dir="1" index="1" bw="17" slack="0"/>
</pin_list>
<bind>
<opcode="sext(35) " fcode="sext"/>
<opset="sext_ln181_1/3 "/>
</bind>
</comp>

<comp id="147" class="1004" name="a_fu_147">
<pin_list>
<pin id="148" dir="0" index="0" bw="16" slack="0"/>
<pin id="149" dir="0" index="1" bw="16" slack="0"/>
<pin id="150" dir="1" index="2" bw="17" slack="0"/>
</pin_list>
<bind>
<opcode="add(8) " fcode="add"/>
<opset="a/3 "/>
</bind>
</comp>

<comp id="153" class="1004" name="sext_ln182_fu_153">
<pin_list>
<pin id="154" dir="0" index="0" bw="16" slack="0"/>
<pin id="155" dir="1" index="1" bw="17" slack="0"/>
</pin_list>
<bind>
<opcode="sext(35) " fcode="sext"/>
<opset="sext_ln182/3 "/>
</bind>
</comp>

<comp id="157" class="1004" name="sext_ln182_1_fu_157">
<pin_list>
<pin id="158" dir="0" index="0" bw="16" slack="0"/>
<pin id="159" dir="1" index="1" bw="17" slack="0"/>
</pin_list>
<bind>
<opcode="sext(35) " fcode="sext"/>
<opset="sext_ln182_1/3 "/>
</bind>
</comp>

<comp id="161" class="1004" name="b_fu_161">
<pin_list>
<pin id="162" dir="0" index="0" bw="16" slack="0"/>
<pin id="163" dir="0" index="1" bw="16" slack="0"/>
<pin id="164" dir="1" index="2" bw="17" slack="0"/>
</pin_list>
<bind>
<opcode="add(8) " fcode="add"/>
<opset="b/3 "/>
</bind>
</comp>

<comp id="167" class="1004" name="c_fu_167">
<pin_list>
<pin id="168" dir="0" index="0" bw="16" slack="0"/>
<pin id="169" dir="0" index="1" bw="16" slack="0"/>
<pin id="170" dir="1" index="2" bw="17" slack="0"/>
</pin_list>
<bind>
<opcode="sub(10) " fcode="sub"/>
<opset="c/3 "/>
</bind>
</comp>

<comp id="173" class="1004" name="d_fu_173">
<pin_list>
<pin id="174" dir="0" index="0" bw="16" slack="0"/>
<pin id="175" dir="0" index="1" bw="16" slack="0"/>
<pin id="176" dir="1" index="2" bw="17" slack="0"/>
</pin_list>
<bind>
<opcode="sub(10) " fcode="sub"/>
<opset="d/3 "/>
</bind>
</comp>

<comp id="179" class="1004" name="dout_temp_data0_M_real_fu_179">
<pin_list>
<pin id="180" dir="0" index="0" bw="16" slack="0"/>
<pin id="181" dir="0" index="1" bw="17" slack="0"/>
<pin id="182" dir="0" index="2" bw="1" slack="0"/>
<pin id="183" dir="0" index="3" bw="6" slack="0"/>
<pin id="184" dir="1" index="4" bw="16" slack="0"/>
</pin_list>
<bind>
<opcode="partselect(1002) " fcode="partselect"/>
<opset="dout_temp_data0_M_real/3 "/>
</bind>
</comp>

<comp id="189" class="1004" name="dout_temp_data0_M_imag_fu_189">
<pin_list>
<pin id="190" dir="0" index="0" bw="16" slack="0"/>
<pin id="191" dir="0" index="1" bw="17" slack="0"/>
<pin id="192" dir="0" index="2" bw="1" slack="0"/>
<pin id="193" dir="0" index="3" bw="6" slack="0"/>
<pin id="194" dir="1" index="4" bw="16" slack="0"/>
</pin_list>
<bind>
<opcode="partselect(1002) " fcode="partselect"/>
<opset="dout_temp_data0_M_imag/3 "/>
</bind>
</comp>

<comp id="199" class="1004" name="dout_temp_data1_M_real_fu_199">
<pin_list>
<pin id="200" dir="0" index="0" bw="16" slack="0"/>
<pin id="201" dir="0" index="1" bw="17" slack="0"/>
<pin id="202" dir="0" index="2" bw="1" slack="0"/>
<pin id="203" dir="0" index="3" bw="6" slack="0"/>
<pin id="204" dir="1" index="4" bw="16" slack="0"/>
</pin_list>
<bind>
<opcode="partselect(1002) " fcode="partselect"/>
<opset="dout_temp_data1_M_real/3 "/>
</bind>
</comp>

<comp id="209" class="1004" name="dout_temp_data1_M_imag_fu_209">
<pin_list>
<pin id="210" dir="0" index="0" bw="16" slack="0"/>
<pin id="211" dir="0" index="1" bw="17" slack="0"/>
<pin id="212" dir="0" index="2" bw="1" slack="0"/>
<pin id="213" dir="0" index="3" bw="6" slack="0"/>
<pin id="214" dir="1" index="4" bw="16" slack="0"/>
</pin_list>
<bind>
<opcode="partselect(1002) " fcode="partselect"/>
<opset="dout_temp_data1_M_imag/3 "/>
</bind>
</comp>

<comp id="219" class="1004" name="p_0_fu_219">
<pin_list>
<pin id="220" dir="0" index="0" bw="64" slack="0"/>
<pin id="221" dir="0" index="1" bw="16" slack="0"/>
<pin id="222" dir="0" index="2" bw="16" slack="0"/>
<pin id="223" dir="0" index="3" bw="16" slack="0"/>
<pin id="224" dir="0" index="4" bw="16" slack="0"/>
<pin id="225" dir="1" index="5" bw="64" slack="0"/>
</pin_list>
<bind>
<opcode="bitconcatenate(1004) " fcode="bitconcatenate"/>
<opset="p_0/3 "/>
</bind>
</comp>

<comp id="232" class="1005" name="indvar_flatten_reg_232">
<pin_list>
<pin id="233" dir="0" index="0" bw="45" slack="0"/>
<pin id="234" dir="1" index="1" bw="45" slack="0"/>
</pin_list>
<bind>
<opset="indvar_flatten "/>
</bind>
</comp>

<comp id="239" class="1005" name="bound_read_reg_239">
<pin_list>
<pin id="240" dir="0" index="0" bw="45" slack="1"/>
<pin id="241" dir="1" index="1" bw="45" slack="1"/>
</pin_list>
<bind>
<opset="bound_read "/>
</bind>
</comp>

</comp_list>

<net_list>
<net id="61"><net_src comp="6" pin="0"/><net_sink comp="58" pin=0"/></net>

<net id="66"><net_src comp="18" pin="0"/><net_sink comp="62" pin=0"/></net>

<net id="67"><net_src comp="0" pin="0"/><net_sink comp="62" pin=1"/></net>

<net id="72"><net_src comp="36" pin="0"/><net_sink comp="68" pin=0"/></net>

<net id="73"><net_src comp="2" pin="0"/><net_sink comp="68" pin=1"/></net>

<net id="79"><net_src comp="56" pin="0"/><net_sink comp="74" pin=0"/></net>

<net id="80"><net_src comp="4" pin="0"/><net_sink comp="74" pin=1"/></net>

<net id="85"><net_src comp="20" pin="0"/><net_sink comp="81" pin=0"/></net>

<net id="93"><net_src comp="86" pin="1"/><net_sink comp="89" pin=0"/></net>

<net id="98"><net_src comp="86" pin="1"/><net_sink comp="94" pin=0"/></net>

<net id="99"><net_src comp="22" pin="0"/><net_sink comp="94" pin=1"/></net>

<net id="104"><net_src comp="94" pin="2"/><net_sink comp="100" pin=0"/></net>

<net id="108"><net_src comp="68" pin="2"/><net_sink comp="105" pin=0"/></net>

<net id="115"><net_src comp="38" pin="0"/><net_sink comp="109" pin=0"/></net>

<net id="116"><net_src comp="68" pin="2"/><net_sink comp="109" pin=1"/></net>

<net id="117"><net_src comp="40" pin="0"/><net_sink comp="109" pin=2"/></net>

<net id="118"><net_src comp="42" pin="0"/><net_sink comp="109" pin=3"/></net>

<net id="125"><net_src comp="38" pin="0"/><net_sink comp="119" pin=0"/></net>

<net id="126"><net_src comp="68" pin="2"/><net_sink comp="119" pin=1"/></net>

<net id="127"><net_src comp="44" pin="0"/><net_sink comp="119" pin=2"/></net>

<net id="128"><net_src comp="46" pin="0"/><net_sink comp="119" pin=3"/></net>

<net id="135"><net_src comp="38" pin="0"/><net_sink comp="129" pin=0"/></net>

<net id="136"><net_src comp="68" pin="2"/><net_sink comp="129" pin=1"/></net>

<net id="137"><net_src comp="48" pin="0"/><net_sink comp="129" pin=2"/></net>

<net id="138"><net_src comp="50" pin="0"/><net_sink comp="129" pin=3"/></net>

<net id="142"><net_src comp="105" pin="1"/><net_sink comp="139" pin=0"/></net>

<net id="146"><net_src comp="119" pin="4"/><net_sink comp="143" pin=0"/></net>

<net id="151"><net_src comp="143" pin="1"/><net_sink comp="147" pin=0"/></net>

<net id="152"><net_src comp="139" pin="1"/><net_sink comp="147" pin=1"/></net>

<net id="156"><net_src comp="109" pin="4"/><net_sink comp="153" pin=0"/></net>

<net id="160"><net_src comp="129" pin="4"/><net_sink comp="157" pin=0"/></net>

<net id="165"><net_src comp="157" pin="1"/><net_sink comp="161" pin=0"/></net>

<net id="166"><net_src comp="153" pin="1"/><net_sink comp="161" pin=1"/></net>

<net id="171"><net_src comp="139" pin="1"/><net_sink comp="167" pin=0"/></net>

<net id="172"><net_src comp="143" pin="1"/><net_sink comp="167" pin=1"/></net>

<net id="177"><net_src comp="153" pin="1"/><net_sink comp="173" pin=0"/></net>

<net id="178"><net_src comp="157" pin="1"/><net_sink comp="173" pin=1"/></net>

<net id="185"><net_src comp="52" pin="0"/><net_sink comp="179" pin=0"/></net>

<net id="186"><net_src comp="147" pin="2"/><net_sink comp="179" pin=1"/></net>

<net id="187"><net_src comp="6" pin="0"/><net_sink comp="179" pin=2"/></net>

<net id="188"><net_src comp="40" pin="0"/><net_sink comp="179" pin=3"/></net>

<net id="195"><net_src comp="52" pin="0"/><net_sink comp="189" pin=0"/></net>

<net id="196"><net_src comp="161" pin="2"/><net_sink comp="189" pin=1"/></net>

<net id="197"><net_src comp="6" pin="0"/><net_sink comp="189" pin=2"/></net>

<net id="198"><net_src comp="40" pin="0"/><net_sink comp="189" pin=3"/></net>

<net id="205"><net_src comp="52" pin="0"/><net_sink comp="199" pin=0"/></net>

<net id="206"><net_src comp="167" pin="2"/><net_sink comp="199" pin=1"/></net>

<net id="207"><net_src comp="6" pin="0"/><net_sink comp="199" pin=2"/></net>

<net id="208"><net_src comp="40" pin="0"/><net_sink comp="199" pin=3"/></net>

<net id="215"><net_src comp="52" pin="0"/><net_sink comp="209" pin=0"/></net>

<net id="216"><net_src comp="173" pin="2"/><net_sink comp="209" pin=1"/></net>

<net id="217"><net_src comp="6" pin="0"/><net_sink comp="209" pin=2"/></net>

<net id="218"><net_src comp="40" pin="0"/><net_sink comp="209" pin=3"/></net>

<net id="226"><net_src comp="54" pin="0"/><net_sink comp="219" pin=0"/></net>

<net id="227"><net_src comp="209" pin="4"/><net_sink comp="219" pin=1"/></net>

<net id="228"><net_src comp="199" pin="4"/><net_sink comp="219" pin=2"/></net>

<net id="229"><net_src comp="189" pin="4"/><net_sink comp="219" pin=3"/></net>

<net id="230"><net_src comp="179" pin="4"/><net_sink comp="219" pin=4"/></net>

<net id="231"><net_src comp="219" pin="5"/><net_sink comp="74" pin=2"/></net>

<net id="235"><net_src comp="58" pin="1"/><net_sink comp="232" pin=0"/></net>

<net id="236"><net_src comp="232" pin="1"/><net_sink comp="81" pin=1"/></net>

<net id="237"><net_src comp="232" pin="1"/><net_sink comp="86" pin=0"/></net>

<net id="238"><net_src comp="232" pin="1"/><net_sink comp="100" pin=1"/></net>

<net id="242"><net_src comp="62" pin="2"/><net_sink comp="239" pin=0"/></net>

<net id="243"><net_src comp="239" pin="1"/><net_sink comp="89" pin=1"/></net>

</net_list>

</model> 
---------------- Datapath Model END ------------------

* FSMD analyzer results:
  - Output states:
	Port: reorder_out | {}
	Port: fft1_out | {3 }
 - Input state : 
	Port: radix2p_Pipeline_VITIS_LOOP_172_1_VITIS_LOOP_175_2 : bound | {1 }
	Port: radix2p_Pipeline_VITIS_LOOP_172_1_VITIS_LOOP_175_2 : reorder_out | {3 }
	Port: radix2p_Pipeline_VITIS_LOOP_172_1_VITIS_LOOP_175_2 : fft1_out | {}
  - Chain level:
	State 1
		store_ln0 : 1
	State 2
		icmp_ln172 : 1
		add_ln172 : 1
		br_ln172 : 2
		store_ln172 : 2
	State 3
		sext_ln181 : 1
		sext_ln181_1 : 1
		a : 2
		sext_ln182 : 1
		sext_ln182_1 : 1
		b : 2
		c : 2
		d : 2
		dout_temp_data0_M_real : 3
		dout_temp_data0_M_imag : 3
		dout_temp_data1_M_real : 3
		dout_temp_data1_M_imag : 3
		p_0 : 4
		write_ln191 : 5


============================================================
+ Verbose Summary: Datapath Resource usage 
============================================================

* Functional unit list:
|----------|-------------------------------|---------|---------|
| Operation|        Functional Unit        |    FF   |   LUT   |
|----------|-------------------------------|---------|---------|
|          |        add_ln172_fu_94        |    0    |    52   |
|    add   |            a_fu_147           |    0    |    23   |
|          |            b_fu_161           |    0    |    23   |
|----------|-------------------------------|---------|---------|
|   icmp   |        icmp_ln172_fu_89       |    0    |    52   |
|----------|-------------------------------|---------|---------|
|    sub   |            c_fu_167           |    0    |    23   |
|          |            d_fu_173           |    0    |    23   |
|----------|-------------------------------|---------|---------|
|   read   |     bound_read_read_fu_62     |    0    |    0    |
|          |  reorder_out_read_read_fu_68  |    0    |    0    |
|----------|-------------------------------|---------|---------|
|   write  |    write_ln191_write_fu_74    |    0    |    0    |
|----------|-------------------------------|---------|---------|
|   trunc  |       trunc_ln180_fu_105      |    0    |    0    |
|----------|-------------------------------|---------|---------|
|          |      trunc_ln180_2_fu_109     |    0    |    0    |
|          |      trunc_ln180_3_fu_119     |    0    |    0    |
|          |      trunc_ln180_4_fu_129     |    0    |    0    |
|partselect| dout_temp_data0_M_real_fu_179 |    0    |    0    |
|          | dout_temp_data0_M_imag_fu_189 |    0    |    0    |
|          | dout_temp_data1_M_real_fu_199 |    0    |    0    |
|          | dout_temp_data1_M_imag_fu_209 |    0    |    0    |
|----------|-------------------------------|---------|---------|
|          |       sext_ln181_fu_139       |    0    |    0    |
|   sext   |      sext_ln181_1_fu_143      |    0    |    0    |
|          |       sext_ln182_fu_153       |    0    |    0    |
|          |      sext_ln182_1_fu_157      |    0    |    0    |
|----------|-------------------------------|---------|---------|
|bitconcatenate|           p_0_fu_219          |    0    |    0    |
|----------|-------------------------------|---------|---------|
|   Total  |                               |    0    |   196   |
|----------|-------------------------------|---------|---------|

Memories:
N/A

* Register list:
+----------------------+--------+
|                      |   FF   |
+----------------------+--------+
|  bound_read_reg_239  |   45   |
|indvar_flatten_reg_232|   45   |
+----------------------+--------+
|         Total        |   90   |
+----------------------+--------+

* Multiplexer (MUX) list: 
|--------|------|------|------|--------|
|  Comp  |  Pin | Size |  BW  | S x BW |
|--------|------|------|------|--------|
|  Total |      |      |      |    0   |
|--------|------|------|------|--------|



* Summary:
+-----------+--------+--------+
|           |   FF   |   LUT  |
+-----------+--------+--------+
|  Function |    0   |   196  |
|   Memory  |    -   |    -   |
|Multiplexer|    -   |    -   |
|  Register |   90   |    -   |
+-----------+--------+--------+
|   Total   |   90   |   196  |
+-----------+--------+--------+
