

================================================================
== Vitis HLS Report for 'twiddle_Pipeline_VITIS_LOOP_264_1_VITIS_LOOP_267_2'
================================================================
* Date:           Tue Mar  3 21:26:49 2026

* Version:        2023.2 (Build 4023990 on Oct 11 2023)
* Project:        hls_project
* Solution:       solution1 (Vivado IP Flow Target)
* Product family: zynquplus
* Target device:  xck26-sfvc784-2LV-c


================================================================
== Performance Estimates
================================================================
+ Timing: 
    * Summary: 
    +--------+----------+----------+------------+
    |  Clock |  Target  | Estimated| Uncertainty|
    +--------+----------+----------+------------+
    |ap_clk  |  10.00 ns|  4.291 ns|     2.70 ns|
    +--------+----------+----------+------------+

+ Latency: 
    * Summary: 
    +---------+---------+-----------+-----------+-----+------+---------+
    |  Latency (cycles) |   Latency (absolute)  |  Interval  | Pipeline|
    |   min   |   max   |    min    |    max    | min |  max |   Type  |
    +---------+---------+-----------+-----------+-----+------+---------+
    |        2|     8198|  20.000 ns|  81.980 us|    2|  8198|       no|
    +---------+---------+-----------+-----------+-----+------+---------+

    + Detail: 
        * Instance: 
        +-----------------------------+------------------+---------+---------+-----------+-----------+-----+-----+---------+
        |                             |                  |  Latency (cycles) |   Latency (absolute)  |  Interval | Pipeline|
        |           Instance          |      Module      |   min   |   max   |    min    |    max    | min | max |   Type  |
        +-----------------------------+------------------+---------+---------+-----------+-----------+-----+-----+---------+
        |grp_get_phase_factor_fu_104  |get_phase_factor  |        1|        1|  10.000 ns|  10.000 ns|    1|    1|      yes|
        +-----------------------------+------------------+---------+---------+-----------+-----------+-----+-----+---------+

        * Loop: 
        +-------------------------------------+---------+---------+----------+-----------+-----------+----------+----------+
        |                                     |  Latency (cycles) | Iteration|  Initiation Interval  |   Trip   |          |
        |              Loop Name              |   min   |   max   |  Latency |  achieved |   target  |   Count  | Pipelined|
        +-------------------------------------+---------+---------+----------+-----------+-----------+----------+----------+
        |- VITIS_LOOP_264_1_VITIS_LOOP_267_2  |        0|     8196|         6|          1|          1|  0 ~ 8192|       yes|
        +-------------------------------------+---------+---------+----------+-----------+-----------+----------+----------+

============================================================
+ Verbose Summary: Synthesis Manager
============================================================
InlineROM: 1
ExposeGlobal: 0
============================================================
+ Verbose Summary: CDFG Model
============================================================
IsTopModel: 0
ResetActiveHigh: 1
IsCombinational: 0
IsDatapathOnly: 0
HasWiredReturn: 1
HasMFsm: 2
HasVarLatency: 1
IsPipeline: 0
IsRtlPipelined: 0
IsInstanceOverlapped: 0
IsDontTouch: 0
HasImplIP: 0
IsGatedGlobalClock: 0

+ Individual pipeline summary: 
  * Pipeline-0: initiation interval (II) = 1, depth = 7


============================================================
+ Verbose Summary: Schedule
============================================================
* Number of FSM states : 7
* Pipeline : 1
  Pipeline-0 : II = 1, D = 7, States = { 1 2 3 4 5 6 7 }
* Dataflow Pipeline: 0

* FSM state transitions: 
1 --> 2 
2 --> 3 
3 --> 4 
4 --> 5 
5 --> 6 
6 --> 7 
7 --> 

* FSM state operations: 

State 1 <SV = 0> <Delay = 0.42>
ST_1 : Operation 9 [1/1] (0.00ns)   --->   "%i = alloca i32 1" [fft_16k_ssr2_i14_c16_t18.cpp:267]   --->   Operation 9 'alloca' 'i' <Predicate = true> <Delay = 0.00>
ST_1 : Operation 10 [1/1] (0.00ns)   --->   "%indvar_flatten = alloca i32 1"   --->   Operation 10 'alloca' 'indvar_flatten' <Predicate = true> <Delay = 0.00>
ST_1 : Operation 11 [1/1] (0.00ns)   --->   "%specinterface_ln0 = specinterface void @_ssdm_op_SpecInterface, i64 %fft1_out, void @empty_8, i32 0, i32 0, void @empty, i32 0, i32 0, void @empty, void @empty, void @empty, i32 0, i32 0, i32 0, i32 0, void @empty, void @empty, i32 4294967295, i32 0"   --->   Operation 11 'specinterface' 'specinterface_ln0' <Predicate = true> <Delay = 0.00>
ST_1 : Operation 12 [1/1] (0.00ns)   --->   "%specinterface_ln0 = specinterface void @_ssdm_op_SpecInterface, i32 %twiddle_out0, void @empty_8, i32 0, i32 0, void @empty, i32 0, i32 0, void @empty, void @empty, void @empty, i32 0, i32 0, i32 0, i32 0, void @empty, void @empty, i32 4294967295, i32 0"   --->   Operation 12 'specinterface' 'specinterface_ln0' <Predicate = true> <Delay = 0.00>
ST_1 : Operation 13 [1/1] (0.00ns)   --->   "%specinterface_ln0 = specinterface void @_ssdm_op_SpecInterface, i32 %twiddle_out1, void @empty_8, i32 0, i32 0, void @empty, i32 0, i32 0, void @empty, void @empty, void @empty, i32 0, i32 0, i32 0, i32 0, void @empty, void @empty, i32 4294967295, i32 0"   --->   Operation 13 'specinterface' 'specinterface_ln0' <Predicate = true> <Delay = 0.00>
ST_1 : Operation 14 [1/1] (0.00ns)   --->   "%bound_read = read i45 @_ssdm_op_Read.ap_auto.i45, i45 %bound"   --->   Operation 14 'read' 'bound_read' <Predicate = true> <Delay = 0.00>
ST_1 : Operation 15 [1/1] (0.42ns)   --->   "%store_ln0 = store i45 0, i45 %indvar_flatten"   --->   Operation 15 'store' 'store_ln0' <Predicate = true> <Delay = 0.42>
ST_1 : Operation 16 [1/1] (0.42ns)   --->   "%store_ln267 = store i14 0, i14 %i" [fft_16k_ssr2_i14_c16_t18.cpp:267]   --->   Operation 16 'store' 'store_ln267' <Predicate = true> <Delay = 0.42>
ST_1 : Operation 17 [1/1] (0.00ns)   --->   "%br_ln0 = br void %for.inc"   --->   Operation 17 'br' 'br_ln0' <Predicate = true> <Delay = 0.00>

State 2 <SV = 1> <Delay = 1.49>
ST_2 : Operation 18 [1/1] (0.00ns)   --->   "%indvar_flatten_load = load i45 %indvar_flatten" [fft_16k_ssr2_i14_c16_t18.cpp:264]   --->   Operation 18 'load' 'indvar_flatten_load' <Predicate = true> <Delay = 0.00>
ST_2 : Operation 19 [1/1] (1.06ns)   --->   "%icmp_ln264 = icmp_eq  i45 %indvar_flatten_load, i45 %bound_read" [fft_16k_ssr2_i14_c16_t18.cpp:264]   --->   Operation 19 'icmp' 'icmp_ln264' <Predicate = true> <Delay = 1.06> <CoreInst = "Cmp">   --->   Core 9 'Cmp' <Latency = 0> <II = 1> <Delay = 1.06> <FuncUnit> <Opcode : 'icmp'> <InPorts = 2> <OutPorts = 1>
ST_2 : Operation 20 [1/1] (1.06ns)   --->   "%add_ln264 = add i45 %indvar_flatten_load, i45 1" [fft_16k_ssr2_i14_c16_t18.cpp:264]   --->   Operation 20 'add' 'add_ln264' <Predicate = true> <Delay = 1.06> <CoreInst = "Adder">   --->   Core 1 'Adder' <Latency = 0> <II = 1> <Delay = 1.06> <FuncUnit> <Opcode : 'add' 'sub'> <InPorts = 2> <OutPorts = 1>
ST_2 : Operation 21 [1/1] (0.00ns)   --->   "%br_ln264 = br i1 %icmp_ln264, void %for.inc7, void %for.end9.loopexit.exitStub" [fft_16k_ssr2_i14_c16_t18.cpp:264]   --->   Operation 21 'br' 'br_ln264' <Predicate = true> <Delay = 0.00>
ST_2 : Operation 22 [1/1] (0.42ns)   --->   "%store_ln264 = store i45 %add_ln264, i45 %indvar_flatten" [fft_16k_ssr2_i14_c16_t18.cpp:264]   --->   Operation 22 'store' 'store_ln264' <Predicate = (!icmp_ln264)> <Delay = 0.42>

State 3 <SV = 2> <Delay = 2.32>
ST_3 : Operation 23 [1/1] (0.00ns)   --->   "%i_load = load i14 %i" [fft_16k_ssr2_i14_c16_t18.cpp:267]   --->   Operation 23 'load' 'i_load' <Predicate = true> <Delay = 0.00>
ST_3 : Operation 24 [1/1] (0.83ns)   --->   "%icmp_ln267 = icmp_eq  i14 %i_load, i14 8192" [fft_16k_ssr2_i14_c16_t18.cpp:267]   --->   Operation 24 'icmp' 'icmp_ln267' <Predicate = true> <Delay = 0.83> <CoreInst = "Cmp">   --->   Core 9 'Cmp' <Latency = 0> <II = 1> <Delay = 0.83> <FuncUnit> <Opcode : 'icmp'> <InPorts = 2> <OutPorts = 1>
ST_3 : Operation 25 [1/1] (0.23ns)   --->   "%select_ln264 = select i1 %icmp_ln267, i14 0, i14 %i_load" [fft_16k_ssr2_i14_c16_t18.cpp:264]   --->   Operation 25 'select' 'select_ln264' <Predicate = true> <Delay = 0.23> <CoreInst = "Sel">   --->   Core 73 'Sel' <Latency = 0> <II = 1> <Delay = 0.23> <FuncUnit> <Opcode : 'select'> <InPorts = 3> <OutPorts = 1>
ST_3 : Operation 26 [1/1] (0.00ns)   --->   "%trunc_ln267 = trunc i14 %select_ln264" [fft_16k_ssr2_i14_c16_t18.cpp:267]   --->   Operation 26 'trunc' 'trunc_ln267' <Predicate = true> <Delay = 0.00>
ST_3 : Operation 27 [2/2] (1.23ns)   --->   "%call_ret = call i36 @get_phase_factor, i13 %trunc_ln267, i35 %w_lut" [fft_16k_ssr2_i14_c16_t18.cpp:271]   --->   Operation 27 'call' 'call_ret' <Predicate = (!icmp_ln264)> <Delay = 1.23> <CoreType = "Generic">   --->   Core 0 '' <Latency = 0> <II = 1> <Delay = 1.00> <Generic> <Opcode : >
ST_3 : Operation 28 [1/1] (0.83ns)   --->   "%i_1 = add i14 %select_ln264, i14 1" [fft_16k_ssr2_i14_c16_t18.cpp:267]   --->   Operation 28 'add' 'i_1' <Predicate = true> <Delay = 0.83> <CoreInst = "Adder">   --->   Core 1 'Adder' <Latency = 0> <II = 1> <Delay = 0.83> <FuncUnit> <Opcode : 'add' 'sub'> <InPorts = 2> <OutPorts = 1>
ST_3 : Operation 29 [1/1] (0.42ns)   --->   "%store_ln267 = store i14 %i_1, i14 %i" [fft_16k_ssr2_i14_c16_t18.cpp:267]   --->   Operation 29 'store' 'store_ln267' <Predicate = true> <Delay = 0.42>

State 4 <SV = 3> <Delay = 4.29>
ST_4 : Operation 30 [1/1] (1.83ns)   --->   "%fft1_out_read = read i64 @_ssdm_op_Read.ap_fifo.volatile.i64P0A, i64 %fft1_out" [fft_16k_ssr2_i14_c16_t18.cpp:270]   --->   Operation 30 'read' 'fft1_out_read' <Predicate = true> <Delay = 1.83> <CoreInst = "FIFO_SRL">   --->   Core 81 'FIFO_SRL' <Latency = 0> <II = 1> <Delay = 1.83> <Storage> <Opcode : 'read' 'write' 'nbread' 'nbwrite'> <Ports = 0> <Width = 64> <Depth = 2> <FIFO>
ST_4 : Operation 31 [1/1] (0.00ns)   --->   "%temp_data1_M_real = partselect i16 @_ssdm_op_PartSelect.i16.i64.i32.i32, i64 %fft1_out_read, i32 32, i32 47" [fft_16k_ssr2_i14_c16_t18.cpp:270]   --->   Operation 31 'partselect' 'temp_data1_M_real' <Predicate = true> <Delay = 0.00>
ST_4 : Operation 32 [1/1] (0.00ns)   --->   "%temp_data1_M_imag = partselect i16 @_ssdm_op_PartSelect.i16.i64.i32.i32, i64 %fft1_out_read, i32 48, i32 63" [fft_16k_ssr2_i14_c16_t18.cpp:270]   --->   Operation 32 'partselect' 'temp_data1_M_imag' <Predicate = true> <Delay = 0.00>
ST_4 : Operation 33 [1/2] (1.23ns)   --->   "%call_ret = call i36 @get_phase_factor, i13 %trunc_ln267, i35 %w_lut" [fft_16k_ssr2_i14_c16_t18.cpp:271]   --->   Operation 33 'call' 'call_ret' <Predicate = (!icmp_ln264)> <Delay = 1.23> <CoreType = "Generic">   --->   Core 0 '' <Latency = 0> <II = 1> <Delay = 1.00> <Generic> <Opcode : >
ST_4 : Operation 34 [1/1] (0.00ns)   --->   "%w_M_real = extractvalue i36 %call_ret" [fft_16k_ssr2_i14_c16_t18.cpp:271]   --->   Operation 34 'extractvalue' 'w_M_real' <Predicate = true> <Delay = 0.00>
ST_4 : Operation 35 [1/1] (0.00ns)   --->   "%w_M_imag = extractvalue i36 %call_ret" [fft_16k_ssr2_i14_c16_t18.cpp:271]   --->   Operation 35 'extractvalue' 'w_M_imag' <Predicate = true> <Delay = 0.00>
ST_4 : Operation 36 [1/1] (0.00ns)   --->   "%sext_ln50 = sext i18 %w_M_real" [fft_16k_ssr2_i14_c16_t18.cpp:50->fft_16k_ssr2_i14_c16_t18.cpp:273]   --->   Operation 36 'sext' 'sext_ln50' <Predicate = true> <Delay = 0.00>
ST_4 : Operation 37 [1/1] (0.00ns)   --->   "%sext_ln50_1 = sext i16 %temp_data1_M_real" [fft_16k_ssr2_i14_c16_t18.cpp:50->fft_16k_ssr2_i14_c16_t18.cpp:273]   --->   Operation 37 'sext' 'sext_ln50_1' <Predicate = true> <Delay = 0.00>
ST_4 : Operation 38 [1/1] (0.00ns)   --->   "%sext_ln50_2 = sext i18 %w_M_imag" [fft_16k_ssr2_i14_c16_t18.cpp:50->fft_16k_ssr2_i14_c16_t18.cpp:273]   --->   Operation 38 'sext' 'sext_ln50_2' <Predicate = true> <Delay = 0.00>
ST_4 : Operation 39 [1/1] (0.00ns)   --->   "%sext_ln50_3 = sext i16 %temp_data1_M_imag" [fft_16k_ssr2_i14_c16_t18.cpp:50->fft_16k_ssr2_i14_c16_t18.cpp:273]   --->   Operation 39 'sext' 'sext_ln50_3' <Predicate = true> <Delay = 0.00>
ST_4 : Operation 40 [1/1] (2.45ns)   --->   "%mul_ln50 = mul i32 %sext_ln50, i32 %sext_ln50_1" [fft_16k_ssr2_i14_c16_t18.cpp:50->fft_16k_ssr2_i14_c16_t18.cpp:273]   --->   Operation 40 'mul' 'mul_ln50' <Predicate = true> <Delay = 2.45> <CoreInst = "Multiplier">   --->   Core 3 'Multiplier' <Latency = 0> <II = 1> <Delay = 2.45> <FuncUnit> <Opcode : 'mul'> <InPorts = 2> <OutPorts = 1>
ST_4 : Operation 41 [3/3] (0.99ns) (grouped into DSP with root node val_M_real)   --->   "%mul_ln50_1 = mul i32 %sext_ln50_2, i32 %sext_ln50_3" [fft_16k_ssr2_i14_c16_t18.cpp:50->fft_16k_ssr2_i14_c16_t18.cpp:273]   --->   Operation 41 'mul' 'mul_ln50_1' <Predicate = true> <Delay = 0.99> <CoreInst = "DSP48">   --->   Core 127 'DSP48' <Latency = 3> <II = 1> <Delay = 0.53> <IPBlock> <Opcode : '' 'add' 'sub' 'mul' 'select'> <InPorts = 0> <OutPorts = 1> <Sync> <CReg>
ST_4 : Operation 42 [1/1] (2.45ns)   --->   "%mul_ln51 = mul i32 %sext_ln50_2, i32 %sext_ln50_1" [fft_16k_ssr2_i14_c16_t18.cpp:51->fft_16k_ssr2_i14_c16_t18.cpp:273]   --->   Operation 42 'mul' 'mul_ln51' <Predicate = true> <Delay = 2.45> <CoreInst = "Multiplier">   --->   Core 3 'Multiplier' <Latency = 0> <II = 1> <Delay = 2.45> <FuncUnit> <Opcode : 'mul'> <InPorts = 2> <OutPorts = 1>
ST_4 : Operation 43 [3/3] (0.99ns) (grouped into DSP with root node val_M_imag)   --->   "%mul_ln51_1 = mul i32 %sext_ln50, i32 %sext_ln50_3" [fft_16k_ssr2_i14_c16_t18.cpp:51->fft_16k_ssr2_i14_c16_t18.cpp:273]   --->   Operation 43 'mul' 'mul_ln51_1' <Predicate = true> <Delay = 0.99> <CoreInst = "DSP48">   --->   Core 127 'DSP48' <Latency = 3> <II = 1> <Delay = 0.53> <IPBlock> <Opcode : '' 'add' 'sub' 'mul' 'select'> <InPorts = 0> <OutPorts = 1> <Sync> <CReg>
ST_4 : Operation 44 [1/1] (0.00ns)   --->   "%trunc_ln274 = trunc i64 %fft1_out_read" [fft_16k_ssr2_i14_c16_t18.cpp:274]   --->   Operation 44 'trunc' 'trunc_ln274' <Predicate = true> <Delay = 0.00>

State 5 <SV = 4> <Delay = 0.99>
ST_5 : Operation 45 [2/3] (0.99ns) (grouped into DSP with root node val_M_real)   --->   "%mul_ln50_1 = mul i32 %sext_ln50_2, i32 %sext_ln50_3" [fft_16k_ssr2_i14_c16_t18.cpp:50->fft_16k_ssr2_i14_c16_t18.cpp:273]   --->   Operation 45 'mul' 'mul_ln50_1' <Predicate = true> <Delay = 0.99> <CoreInst = "DSP48">   --->   Core 127 'DSP48' <Latency = 3> <II = 1> <Delay = 0.53> <IPBlock> <Opcode : '' 'add' 'sub' 'mul' 'select'> <InPorts = 0> <OutPorts = 1> <Sync> <CReg>
ST_5 : Operation 46 [2/3] (0.99ns) (grouped into DSP with root node val_M_imag)   --->   "%mul_ln51_1 = mul i32 %sext_ln50, i32 %sext_ln50_3" [fft_16k_ssr2_i14_c16_t18.cpp:51->fft_16k_ssr2_i14_c16_t18.cpp:273]   --->   Operation 46 'mul' 'mul_ln51_1' <Predicate = true> <Delay = 0.99> <CoreInst = "DSP48">   --->   Core 127 'DSP48' <Latency = 3> <II = 1> <Delay = 0.53> <IPBlock> <Opcode : '' 'add' 'sub' 'mul' 'select'> <InPorts = 0> <OutPorts = 1> <Sync> <CReg>

State 6 <SV = 5> <Delay = 0.64>
ST_6 : Operation 47 [1/3] (0.00ns) (grouped into DSP with root node val_M_real)   --->   "%mul_ln50_1 = mul i32 %sext_ln50_2, i32 %sext_ln50_3" [fft_16k_ssr2_i14_c16_t18.cpp:50->fft_16k_ssr2_i14_c16_t18.cpp:273]   --->   Operation 47 'mul' 'mul_ln50_1' <Predicate = true> <Delay = 0.00> <CoreInst = "DSP48">   --->   Core 127 'DSP48' <Latency = 3> <II = 1> <Delay = 0.53> <IPBlock> <Opcode : '' 'add' 'sub' 'mul' 'select'> <InPorts = 0> <OutPorts = 1> <Sync> <CReg>
ST_6 : Operation 48 [2/2] (0.64ns) (root node of the DSP)   --->   "%val_M_real = sub i32 %mul_ln50, i32 %mul_ln50_1" [fft_16k_ssr2_i14_c16_t18.cpp:50->fft_16k_ssr2_i14_c16_t18.cpp:273]   --->   Operation 48 'sub' 'val_M_real' <Predicate = true> <Delay = 0.64> <CoreInst = "DSP48">   --->   Core 127 'DSP48' <Latency = 3> <II = 1> <Delay = 0.53> <IPBlock> <Opcode : '' 'add' 'sub' 'mul' 'select'> <InPorts = 0> <OutPorts = 1> <Sync> <CReg>
ST_6 : Operation 49 [1/3] (0.00ns) (grouped into DSP with root node val_M_imag)   --->   "%mul_ln51_1 = mul i32 %sext_ln50, i32 %sext_ln50_3" [fft_16k_ssr2_i14_c16_t18.cpp:51->fft_16k_ssr2_i14_c16_t18.cpp:273]   --->   Operation 49 'mul' 'mul_ln51_1' <Predicate = true> <Delay = 0.00> <CoreInst = "DSP48">   --->   Core 127 'DSP48' <Latency = 3> <II = 1> <Delay = 0.53> <IPBlock> <Opcode : '' 'add' 'sub' 'mul' 'select'> <InPorts = 0> <OutPorts = 1> <Sync> <CReg>
ST_6 : Operation 50 [2/2] (0.64ns) (root node of the DSP)   --->   "%val_M_imag = add i32 %mul_ln51, i32 %mul_ln51_1" [fft_16k_ssr2_i14_c16_t18.cpp:51->fft_16k_ssr2_i14_c16_t18.cpp:273]   --->   Operation 50 'add' 'val_M_imag' <Predicate = true> <Delay = 0.64> <CoreInst = "DSP48">   --->   Core 127 'DSP48' <Latency = 3> <II = 1> <Delay = 0.53> <IPBlock> <Opcode : '' 'add' 'sub' 'mul' 'select'> <InPorts = 0> <OutPorts = 1> <Sync> <CReg>
ST_6 : Operation 62 [1/1] (0.00ns)   --->   "%ret_ln0 = ret"   --->   Operation 62 'ret' 'ret_ln0' <Predicate = (icmp_ln264)> <Delay = 0.00>

State 7 <SV = 6> <Delay = 2.48>
ST_7 : Operation 51 [1/1] (0.00ns)   --->   "%specloopname_ln0 = specloopname void @_ssdm_op_SpecLoopName, void @VITIS_LOOP_264_1_VITIS_LOOP_267_2_str"   --->   Operation 51 'specloopname' 'specloopname_ln0' <Predicate = true> <Delay = 0.00>
ST_7 : Operation 52 [1/1] (0.00ns)   --->   "%speclooptripcount_ln0 = speclooptripcount void @_ssdm_op_SpecLoopTripCount, i64 0, i64 8192, i64 0"   --->   Operation 52 'speclooptripcount' 'speclooptripcount_ln0' <Predicate = true> <Delay = 0.00>
ST_7 : Operation 53 [1/1] (0.00ns)   --->   "%specpipeline_ln269 = specpipeline void @_ssdm_op_SpecPipeline, i32 1, i32 0, i32 0, i32 0, void @empty" [fft_16k_ssr2_i14_c16_t18.cpp:269]   --->   Operation 53 'specpipeline' 'specpipeline_ln269' <Predicate = true> <Delay = 0.00>
ST_7 : Operation 54 [1/2] (0.64ns) (root node of the DSP)   --->   "%val_M_real = sub i32 %mul_ln50, i32 %mul_ln50_1" [fft_16k_ssr2_i14_c16_t18.cpp:50->fft_16k_ssr2_i14_c16_t18.cpp:273]   --->   Operation 54 'sub' 'val_M_real' <Predicate = true> <Delay = 0.64> <CoreInst = "DSP48">   --->   Core 127 'DSP48' <Latency = 3> <II = 1> <Delay = 0.53> <IPBlock> <Opcode : '' 'add' 'sub' 'mul' 'select'> <InPorts = 0> <OutPorts = 1> <Sync> <CReg>
ST_7 : Operation 55 [1/2] (0.64ns) (root node of the DSP)   --->   "%val_M_imag = add i32 %mul_ln51, i32 %mul_ln51_1" [fft_16k_ssr2_i14_c16_t18.cpp:51->fft_16k_ssr2_i14_c16_t18.cpp:273]   --->   Operation 55 'add' 'val_M_imag' <Predicate = true> <Delay = 0.64> <CoreInst = "DSP48">   --->   Core 127 'DSP48' <Latency = 3> <II = 1> <Delay = 0.53> <IPBlock> <Opcode : '' 'add' 'sub' 'mul' 'select'> <InPorts = 0> <OutPorts = 1> <Sync> <CReg>
ST_7 : Operation 56 [1/1] (1.83ns)   --->   "%write_ln274 = write void @_ssdm_op_Write.ap_fifo.volatile.i32P0A, i32 %twiddle_out0, i32 %trunc_ln274" [fft_16k_ssr2_i14_c16_t18.cpp:274]   --->   Operation 56 'write' 'write_ln274' <Predicate = true> <Delay = 1.83> <CoreInst = "FIFO_SRL">   --->   Core 81 'FIFO_SRL' <Latency = 0> <II = 1> <Delay = 1.83> <Storage> <Opcode : 'read' 'write' 'nbread' 'nbwrite'> <Ports = 0> <Width = 32> <Depth = 2> <FIFO>
ST_7 : Operation 57 [1/1] (0.00ns)   --->   "%trunc_ln1 = partselect i16 @_ssdm_op_PartSelect.i16.i32.i32.i32, i32 %val_M_real, i32 16, i32 31" [fft_16k_ssr2_i14_c16_t18.cpp:275]   --->   Operation 57 'partselect' 'trunc_ln1' <Predicate = true> <Delay = 0.00>
ST_7 : Operation 58 [1/1] (0.00ns)   --->   "%trunc_ln275_1 = partselect i16 @_ssdm_op_PartSelect.i16.i32.i32.i32, i32 %val_M_imag, i32 16, i32 31" [fft_16k_ssr2_i14_c16_t18.cpp:275]   --->   Operation 58 'partselect' 'trunc_ln275_1' <Predicate = true> <Delay = 0.00>
ST_7 : Operation 59 [1/1] (0.00ns)   --->   "%p_0 = bitconcatenate i32 @_ssdm_op_BitConcatenate.i32.i16.i16, i16 %trunc_ln275_1, i16 %trunc_ln1" [fft_16k_ssr2_i14_c16_t18.cpp:275]   --->   Operation 59 'bitconcatenate' 'p_0' <Predicate = true> <Delay = 0.00>
ST_7 : Operation 60 [1/1] (1.83ns)   --->   "%write_ln275 = write void @_ssdm_op_Write.ap_fifo.volatile.i32P0A, i32 %twiddle_out1, i32 %p_0" [fft_16k_ssr2_i14_c16_t18.cpp:275]   --->   Operation 60 'write' 'write_ln275' <Predicate = true> <Delay = 1.83> <CoreInst = "FIFO_SRL">   --->   Core 81 'FIFO_SRL' <Latency = 0> <II = 1> <Delay = 1.83> <Storage> <Opcode : 'read' 'write' 'nbread' 'nbwrite'> <Ports = 0> <Width = 32> <Depth = 2> <FIFO>
ST_7 : Operation 61 [1/1] (0.00ns)   --->   "%br_ln267 = br void %for.inc" [fft_16k_ssr2_i14_c16_t18.cpp:267]   --->   Operation 61 'br' 'br_ln267' <Predicate = true> <Delay = 0.00>


============================================================
+ Verbose Summary: Binding
============================================================
STG Binding: 
---------------- STG Properties BEGIN ----------------
- Is combinational: 0
- Is one-state seq: 0
- Is datapath-only: 0
- Is pipelined: 0
- Is top level: 0
Port [ Return ] is wired: 1; IO mode=ap_ctrl_hs:ce=0
Port [ bound]:  wired=1; compound=0; hidden=0; nouse=0; global=0; static=0; extern=0; dir=0; type=0; pingpong=0; private_global=0; IO mode=ap_none:ce=0
Port [ fft1_out]:  wired=1; compound=1; hidden=0; nouse=0; global=0; static=0; extern=0; dir=0; type=3; pingpong=0; private_global=0; IO mode=ap_fifo:ce=0
Port [ twiddle_out0]:  wired=1; compound=1; hidden=0; nouse=0; global=0; static=0; extern=0; dir=1; type=3; pingpong=0; private_global=0; IO mode=ap_fifo:ce=0
Port [ twiddle_out1]:  wired=1; compound=1; hidden=0; nouse=0; global=0; static=0; extern=0; dir=1; type=3; pingpong=0; private_global=0; IO mode=ap_fifo:ce=0
Port [ w_lut]:  wired=0; compound=1; hidden=1; nouse=1; global=1; static=1; extern=0; dir=0; type=1; pingpong=0; private_global=0; MemPort=[1]; IO mode=ap_memory:ce=0
---------------- STG Properties END ------------------

---------------- Datapath Model BEGIN ----------------

<LifeTime>
<method=bitvector/>
i                     (alloca           ) [ 01110000]
indvar_flatten        (alloca           ) [ 01100000]
specinterface_ln0     (specinterface    ) [ 00000000]
specinterface_ln0     (specinterface    ) [ 00000000]
specinterface_ln0     (specinterface    ) [ 00000000]
bound_read            (read             ) [ 01100000]
store_ln0             (store            ) [ 00000000]
store_ln267           (store            ) [ 00000000]
br_ln0                (br               ) [ 00000000]
indvar_flatten_load   (load             ) [ 00000000]
icmp_ln264            (icmp             ) [ 01111110]
add_ln264             (add              ) [ 00000000]
br_ln264              (br               ) [ 00000000]
store_ln264           (store            ) [ 00000000]
i_load                (load             ) [ 00000000]
icmp_ln267            (icmp             ) [ 00000000]
select_ln264          (select           ) [ 00000000]
trunc_ln267           (trunc            ) [ 00000000]
i_1                   (add              ) [ 00000000]
store_ln267           (store            ) [ 00000000]
fft1_out_read         (read             ) [ 00000000]
temp_data1_M_real     (partselect       ) [ 00000000]
temp_data1_M_imag     (partselect       ) [ 00000000]
call_ret              (call             ) [ 00000000]
w_M_real              (extractvalue     ) [ 00000000]
w_M_imag              (extractvalue     ) [ 00000000]
sext_ln50             (sext             ) [ 01000110]
sext_ln50_1           (sext             ) [ 00000000]
sext_ln50_2           (sext             ) [ 01000110]
sext_ln50_3           (sext             ) [ 01000110]
mul_ln50              (mul              ) [ 01000111]
mul_ln51              (mul              ) [ 01000111]
trunc_ln274           (trunc            ) [ 01000111]
mul_ln50_1            (mul              ) [ 01000001]
mul_ln51_1            (mul              ) [ 01000001]
specloopname_ln0      (specloopname     ) [ 00000000]
speclooptripcount_ln0 (speclooptripcount) [ 00000000]
specpipeline_ln269    (specpipeline     ) [ 00000000]
val_M_real            (sub              ) [ 00000000]
val_M_imag            (add              ) [ 00000000]
write_ln274           (write            ) [ 00000000]
trunc_ln1             (partselect       ) [ 00000000]
trunc_ln275_1         (partselect       ) [ 00000000]
p_0                   (bitconcatenate   ) [ 00000000]
write_ln275           (write            ) [ 00000000]
br_ln267              (br               ) [ 00000000]
ret_ln0               (ret              ) [ 00000000]
</LifeTime>

<model>

<comp_list>
<comp id="0" class="1000" name="bound">
<pin_list>
<pin id="1" dir="1" index="0" bw="1" slack="0"/>
</pin_list>
<bind>
<StgValue><ssdm name="bound"/></StgValue>
</bind>
</comp>

<comp id="2" class="1000" name="fft1_out">
<pin_list>
<pin id="3" dir="1" index="0" bw="1" slack="0"/>
</pin_list>
<bind>
<StgValue><ssdm name="fft1_out"/></StgValue>
</bind>
</comp>

<comp id="4" class="1000" name="twiddle_out0">
<pin_list>
<pin id="5" dir="1" index="0" bw="1" slack="0"/>
</pin_list>
<bind>
<StgValue><ssdm name="twiddle_out0"/></StgValue>
</bind>
</comp>

<comp id="6" class="1000" name="twiddle_out1">
<pin_list>
<pin id="7" dir="1" index="0" bw="1" slack="0"/>
</pin_list>
<bind>
<StgValue><ssdm name="twiddle_out1"/></StgValue>
</bind>
</comp>

<comp id="8" class="1000" name="w_lut">
<pin_list>
<pin id="9" dir="1" index="0" bw="1" slack="0"/>
</pin_list>
<bind>
<StgValue><ssdm name="w_lut"/><MemPortTyVec>1 </MemPortTyVec>
</StgValue>
</bind>
</comp>

<comp id="10" class="1001" name="const_10">
<pin_list>
<pin id="11" dir="1" index="0" bw="1" slack="0"/>
</pin_list>
<bind>
<StgValue><ssdm name=""/></StgValue>
</bind>
</comp>

<comp id="12" class="1001" name="const_12">
<pin_list>
<pin id="13" dir="1" index="0" bw="1" slack="2147483647"/>
</pin_list>
<bind>
<StgValue><ssdm name="_ssdm_op_SpecInterface"/></StgValue>
</bind>
</comp>

<comp id="14" class="1001" name="const_14">
<pin_list>
<pin id="15" dir="1" index="0" bw="1" slack="2147483647"/>
</pin_list>
<bind>
<StgValue><ssdm name="empty_8"/></StgValue>
</bind>
</comp>

<comp id="16" class="1001" name="const_16">
<pin_list>
<pin id="17" dir="1" index="0" bw="1" slack="2147483647"/>
</pin_list>
<bind>
<StgValue><ssdm name=""/></StgValue>
</bind>
</comp>

<comp id="18" class="1001" name="const_18">
<pin_list>
<pin id="19" dir="1" index="0" bw="1" slack="2147483647"/>
</pin_list>
<bind>
<StgValue><ssdm name="empty"/></StgValue>
</bind>
</comp>

<comp id="20" class="1001" name="const_20">
<pin_list>
<pin id="21" dir="1" index="0" bw="1" slack="2147483647"/>
</pin_list>
<bind>
<StgValue><ssdm name=""/></StgValue>
</bind>
</comp>

<comp id="22" class="1001" name="const_22">
<pin_list>
<pin id="23" dir="1" index="0" bw="1" slack="0"/>
</pin_list>
<bind>
<StgValue><ssdm name="_ssdm_op_Read.ap_auto.i45"/></StgValue>
</bind>
</comp>

<comp id="24" class="1001" name="const_24">
<pin_list>
<pin id="25" dir="1" index="0" bw="1" slack="0"/>
</pin_list>
<bind>
<StgValue><ssdm name=""/></StgValue>
</bind>
</comp>

<comp id="26" class="1001" name="const_26">
<pin_list>
<pin id="27" dir="1" index="0" bw="1" slack="0"/>
</pin_list>
<bind>
<StgValue><ssdm name=""/></StgValue>
</bind>
</comp>

<comp id="28" class="1001" name="const_28">
<pin_list>
<pin id="29" dir="1" index="0" bw="1" slack="0"/>
</pin_list>
<bind>
<StgValue><ssdm name=""/></StgValue>
</bind>
</comp>

<comp id="30" class="1001" name="const_30">
<pin_list>
<pin id="31" dir="1" index="0" bw="1" slack="0"/>
</pin_list>
<bind>
<StgValue><ssdm name=""/></StgValue>
</bind>
</comp>

<comp id="32" class="1001" name="const_32">
<pin_list>
<pin id="33" dir="1" index="0" bw="1" slack="0"/>
</pin_list>
<bind>
<StgValue><ssdm name="get_phase_factor"/></StgValue>
</bind>
</comp>

<comp id="34" class="1001" name="const_34">
<pin_list>
<pin id="35" dir="1" index="0" bw="1" slack="0"/>
</pin_list>
<bind>
<StgValue><ssdm name=""/></StgValue>
</bind>
</comp>

<comp id="36" class="1001" name="const_36">
<pin_list>
<pin id="37" dir="1" index="0" bw="1" slack="0"/>
</pin_list>
<bind>
<StgValue><ssdm name="_ssdm_op_Read.ap_fifo.volatile.i64P0A"/></StgValue>
</bind>
</comp>

<comp id="38" class="1001" name="const_38">
<pin_list>
<pin id="39" dir="1" index="0" bw="1" slack="0"/>
</pin_list>
<bind>
<StgValue><ssdm name="_ssdm_op_PartSelect.i16.i64.i32.i32"/></StgValue>
</bind>
</comp>

<comp id="40" class="1001" name="const_40">
<pin_list>
<pin id="41" dir="1" index="0" bw="1" slack="0"/>
</pin_list>
<bind>
<StgValue><ssdm name=""/></StgValue>
</bind>
</comp>

<comp id="42" class="1001" name="const_42">
<pin_list>
<pin id="43" dir="1" index="0" bw="1" slack="0"/>
</pin_list>
<bind>
<StgValue><ssdm name=""/></StgValue>
</bind>
</comp>

<comp id="44" class="1001" name="const_44">
<pin_list>
<pin id="45" dir="1" index="0" bw="1" slack="0"/>
</pin_list>
<bind>
<StgValue><ssdm name=""/></StgValue>
</bind>
</comp>

<comp id="46" class="1001" name="const_46">
<pin_list>
<pin id="47" dir="1" index="0" bw="1" slack="0"/>
</pin_list>
<bind>
<StgValue><ssdm name=""/></StgValue>
</bind>
</comp>

<comp id="48" class="1001" name="const_48">
<pin_list>
<pin id="49" dir="1" index="0" bw="1" slack="2147483647"/>
</pin_list>
<bind>
<StgValue><ssdm name="_ssdm_op_SpecLoopName"/></StgValue>
</bind>
</comp>

<comp id="50" class="1001" name="const_50">
<pin_list>
<pin id="51" dir="1" index="0" bw="1" slack="2147483647"/>
</pin_list>
<bind>
<StgValue><ssdm name="VITIS_LOOP_264_1_VITIS_LOOP_267_2_str"/></StgValue>
</bind>
</comp>

<comp id="52" class="1001" name="const_52">
<pin_list>
<pin id="53" dir="1" index="0" bw="1" slack="2147483647"/>
</pin_list>
<bind>
<StgValue><ssdm name="_ssdm_op_SpecLoopTripCount"/></StgValue>
</bind>
</comp>

<comp id="54" class="1001" name="const_54">
<pin_list>
<pin id="55" dir="1" index="0" bw="1" slack="2147483647"/>
</pin_list>
<bind>
<StgValue><ssdm name=""/></StgValue>
</bind>
</comp>

<comp id="56" class="1001" name="const_56">
<pin_list>
<pin id="57" dir="1" index="0" bw="1" slack="2147483647"/>
</pin_list>
<bind>
<StgValue><ssdm name=""/></StgValue>
</bind>
</comp>

<comp id="58" class="1001" name="const_58">
<pin_list>
<pin id="59" dir="1" index="0" bw="1" slack="2147483647"/>
</pin_list>
<bind>
<StgValue><ssdm name="_ssdm_op_SpecPipeline"/></StgValue>
</bind>
</comp>

<comp id="60" class="1001" name="const_60">
<pin_list>
<pin id="61" dir="1" index="0" bw="1" slack="0"/>
</pin_list>
<bind>
<StgValue><ssdm name="_ssdm_op_Write.ap_fifo.volatile.i32P0A"/></StgValue>
</bind>
</comp>

<comp id="62" class="1001" name="const_62">
<pin_list>
<pin id="63" dir="1" index="0" bw="1" slack="0"/>
</pin_list>
<bind>
<StgValue><ssdm name="_ssdm_op_PartSelect.i16.i32.i32.i32"/></StgValue>
</bind>
</comp>

<comp id="64" class="1001" name="const_64">
<pin_list>
<pin id="65" dir="1" index="0" bw="1" slack="0"/>
</pin_list>
<bind>
<StgValue><ssdm name=""/></StgValue>
</bind>
</comp>

<comp id="66" class="1001" name="const_66">
<pin_list>
<pin id="67" dir="1" index="0" bw="1" slack="0"/>
</pin_list>
<bind>
<StgValue><ssdm name=""/></StgValue>
</bind>
</comp>

<comp id="68" class="1001" name="const_68">
<pin_list>
<pin id="69" dir="1" index="0" bw="1" slack="0"/>
</pin_list>
<bind>
<StgValue><ssdm name="_ssdm_op_BitConcatenate.i32.i16.i16"/></StgValue>
</bind>
</comp>

<comp id="70" class="1004" name="i_fu_70">
<pin_list>
<pin id="71" dir="0" index="0" bw="1" slack="0"/>
<pin id="72" dir="1" index="1" bw="14" slack="0"/>
</pin_list>
<bind>
<opcode="alloca(26) " fcode="alloca"/>
<opset="i/1 "/>
</bind>
</comp>

<comp id="74" class="1004" name="indvar_flatten_fu_74">
<pin_list>
<pin id="75" dir="0" index="0" bw="1" slack="0"/>
<pin id="76" dir="1" index="1" bw="45" slack="0"/>
</pin_list>
<bind>
<opcode="alloca(26) " fcode="alloca"/>
<opset="indvar_flatten/1 "/>
</bind>
</comp>

<comp id="78" class="1004" name="bound_read_read_fu_78">
<pin_list>
<pin id="79" dir="0" index="0" bw="45" slack="0"/>
<pin id="80" dir="0" index="1" bw="45" slack="0"/>
<pin id="81" dir="1" index="2" bw="45" slack="1"/>
</pin_list>
<bind>
<opcode="read(1150) " fcode="read"/>
<opset="bound_read/1 "/>
</bind>
</comp>

<comp id="84" class="1004" name="fft1_out_read_read_fu_84">
<pin_list>
<pin id="85" dir="0" index="0" bw="64" slack="0"/>
<pin id="86" dir="0" index="1" bw="64" slack="0"/>
<pin id="87" dir="1" index="2" bw="64" slack="0"/>
</pin_list>
<bind>
<opcode="read(1150) " fcode="read"/>
<opset="fft1_out_read/4 "/>
</bind>
</comp>

<comp id="90" class="1004" name="write_ln274_write_fu_90">
<pin_list>
<pin id="91" dir="0" index="0" bw="0" slack="0"/>
<pin id="92" dir="0" index="1" bw="32" slack="0"/>
<pin id="93" dir="0" index="2" bw="32" slack="3"/>
<pin id="94" dir="1" index="3" bw="0" slack="2147483647"/>
</pin_list>
<bind>
<opcode="write(1151) " fcode="write"/>
<opset="write_ln274/7 "/>
</bind>
</comp>

<comp id="97" class="1004" name="write_ln275_write_fu_97">
<pin_list>
<pin id="98" dir="0" index="0" bw="0" slack="0"/>
<pin id="99" dir="0" index="1" bw="32" slack="0"/>
<pin id="100" dir="0" index="2" bw="32" slack="0"/>
<pin id="101" dir="1" index="3" bw="0" slack="2147483647"/>
</pin_list>
<bind>
<opcode="write(1151) " fcode="write"/>
<opset="write_ln275/7 "/>
</bind>
</comp>

<comp id="104" class="1004" name="grp_get_phase_factor_fu_104">
<pin_list>
<pin id="105" dir="0" index="0" bw="36" slack="0"/>
<pin id="106" dir="0" index="1" bw="13" slack="0"/>
<pin id="107" dir="0" index="2" bw="35" slack="0"/>
<pin id="108" dir="1" index="3" bw="36" slack="0"/>
</pin_list>
<bind>
<opcode="call(48) " fcode="call"/>
<opset="call_ret/3 "/>
</bind>
</comp>

<comp id="111" class="1004" name="store_ln0_store_fu_111">
<pin_list>
<pin id="112" dir="0" index="0" bw="1" slack="0"/>
<pin id="113" dir="0" index="1" bw="45" slack="0"/>
<pin id="114" dir="1" index="2" bw="0" slack="2147483647"/>
</pin_list>
<bind>
<opcode="store(28) " fcode="store"/>
<opset="store_ln0/1 "/>
</bind>
</comp>

<comp id="116" class="1004" name="store_ln267_store_fu_116">
<pin_list>
<pin id="117" dir="0" index="0" bw="1" slack="0"/>
<pin id="118" dir="0" index="1" bw="14" slack="0"/>
<pin id="119" dir="1" index="2" bw="0" slack="2147483647"/>
</pin_list>
<bind>
<opcode="store(28) " fcode="store"/>
<opset="store_ln267/1 "/>
</bind>
</comp>

<comp id="121" class="1004" name="indvar_flatten_load_load_fu_121">
<pin_list>
<pin id="122" dir="0" index="0" bw="45" slack="1"/>
<pin id="123" dir="1" index="1" bw="45" slack="0"/>
</pin_list>
<bind>
<opcode="load(27) " fcode="load"/>
<opset="indvar_flatten_load/2 "/>
</bind>
</comp>

<comp id="124" class="1004" name="icmp_ln264_fu_124">
<pin_list>
<pin id="125" dir="0" index="0" bw="45" slack="0"/>
<pin id="126" dir="0" index="1" bw="45" slack="1"/>
<pin id="127" dir="1" index="2" bw="1" slack="1"/>
</pin_list>
<bind>
<opcode="icmp(45) " fcode="icmp"/>
<opset="icmp_ln264/2 "/>
</bind>
</comp>

<comp id="129" class="1004" name="add_ln264_fu_129">
<pin_list>
<pin id="130" dir="0" index="0" bw="45" slack="0"/>
<pin id="131" dir="0" index="1" bw="1" slack="0"/>
<pin id="132" dir="1" index="2" bw="45" slack="0"/>
</pin_list>
<bind>
<opcode="add(8) " fcode="add"/>
<opset="add_ln264/2 "/>
</bind>
</comp>

<comp id="135" class="1004" name="store_ln264_store_fu_135">
<pin_list>
<pin id="136" dir="0" index="0" bw="45" slack="0"/>
<pin id="137" dir="0" index="1" bw="45" slack="1"/>
<pin id="138" dir="1" index="2" bw="0" slack="2147483647"/>
</pin_list>
<bind>
<opcode="store(28) " fcode="store"/>
<opset="store_ln264/2 "/>
</bind>
</comp>

<comp id="140" class="1004" name="i_load_load_fu_140">
<pin_list>
<pin id="141" dir="0" index="0" bw="14" slack="2"/>
<pin id="142" dir="1" index="1" bw="14" slack="0"/>
</pin_list>
<bind>
<opcode="load(27) " fcode="load"/>
<opset="i_load/3 "/>
</bind>
</comp>

<comp id="143" class="1004" name="icmp_ln267_fu_143">
<pin_list>
<pin id="144" dir="0" index="0" bw="14" slack="0"/>
<pin id="145" dir="0" index="1" bw="14" slack="0"/>
<pin id="146" dir="1" index="2" bw="1" slack="0"/>
</pin_list>
<bind>
<opcode="icmp(45) " fcode="icmp"/>
<opset="icmp_ln267/3 "/>
</bind>
</comp>

<comp id="149" class="1004" name="select_ln264_fu_149">
<pin_list>
<pin id="150" dir="0" index="0" bw="1" slack="0"/>
<pin id="151" dir="0" index="1" bw="1" slack="0"/>
<pin id="152" dir="0" index="2" bw="14" slack="0"/>
<pin id="153" dir="1" index="3" bw="14" slack="0"/>
</pin_list>
<bind>
<opcode="select(49) " fcode="select"/>
<opset="select_ln264/3 "/>
</bind>
</comp>

<comp id="157" class="1004" name="trunc_ln267_fu_157">
<pin_list>
<pin id="158" dir="0" index="0" bw="14" slack="0"/>
<pin id="159" dir="1" index="1" bw="13" slack="0"/>
</pin_list>
<bind>
<opcode="trunc(33) " fcode="trunc"/>
<opset="trunc_ln267/3 "/>
</bind>
</comp>

<comp id="162" class="1004" name="i_1_fu_162">
<pin_list>
<pin id="163" dir="0" index="0" bw="14" slack="0"/>
<pin id="164" dir="0" index="1" bw="1" slack="0"/>
<pin id="165" dir="1" index="2" bw="14" slack="0"/>
</pin_list>
<bind>
<opcode="add(8) " fcode="add"/>
<opset="i_1/3 "/>
</bind>
</comp>

<comp id="168" class="1004" name="store_ln267_store_fu_168">
<pin_list>
<pin id="169" dir="0" index="0" bw="14" slack="0"/>
<pin id="170" dir="0" index="1" bw="14" slack="2"/>
<pin id="171" dir="1" index="2" bw="0" slack="2147483647"/>
</pin_list>
<bind>
<opcode="store(28) " fcode="store"/>
<opset="store_ln267/3 "/>
</bind>
</comp>

<comp id="173" class="1004" name="temp_data1_M_real_fu_173">
<pin_list>
<pin id="174" dir="0" index="0" bw="16" slack="0"/>
<pin id="175" dir="0" index="1" bw="64" slack="0"/>
<pin id="176" dir="0" index="2" bw="7" slack="0"/>
<pin id="177" dir="0" index="3" bw="7" slack="0"/>
<pin id="178" dir="1" index="4" bw="16" slack="0"/>
</pin_list>
<bind>
<opcode="partselect(1002) " fcode="partselect"/>
<opset="temp_data1_M_real/4 "/>
</bind>
</comp>

<comp id="183" class="1004" name="temp_data1_M_imag_fu_183">
<pin_list>
<pin id="184" dir="0" index="0" bw="16" slack="0"/>
<pin id="185" dir="0" index="1" bw="64" slack="0"/>
<pin id="186" dir="0" index="2" bw="7" slack="0"/>
<pin id="187" dir="0" index="3" bw="7" slack="0"/>
<pin id="188" dir="1" index="4" bw="16" slack="0"/>
</pin_list>
<bind>
<opcode="partselect(1002) " fcode="partselect"/>
<opset="temp_data1_M_imag/4 "/>
</bind>
</comp>

<comp id="193" class="1004" name="w_M_real_fu_193">
<pin_list>
<pin id="194" dir="0" index="0" bw="36" slack="0"/>
<pin id="195" dir="1" index="1" bw="18" slack="0"/>
</pin_list>
<bind>
<opcode="extractvalue(56) " fcode="extractvalue"/>
<opset="w_M_real/4 "/>
</bind>
</comp>

<comp id="197" class="1004" name="w_M_imag_fu_197">
<pin_list>
<pin id="198" dir="0" index="0" bw="36" slack="0"/>
<pin id="199" dir="1" index="1" bw="18" slack="0"/>
</pin_list>
<bind>
<opcode="extractvalue(56) " fcode="extractvalue"/>
<opset="w_M_imag/4 "/>
</bind>
</comp>

<comp id="201" class="1004" name="sext_ln50_fu_201">
<pin_list>
<pin id="202" dir="0" index="0" bw="18" slack="0"/>
<pin id="203" dir="1" index="1" bw="32" slack="0"/>
</pin_list>
<bind>
<opcode="sext(35) " fcode="sext"/>
<opset="sext_ln50/4 "/>
</bind>
</comp>

<comp id="205" class="1004" name="sext_ln50_1_fu_205">
<pin_list>
<pin id="206" dir="0" index="0" bw="16" slack="0"/>
<pin id="207" dir="1" index="1" bw="32" slack="0"/>
</pin_list>
<bind>
<opcode="sext(35) " fcode="sext"/>
<opset="sext_ln50_1/4 "/>
</bind>
</comp>

<comp id="209" class="1004" name="sext_ln50_2_fu_209">
<pin_list>
<pin id="210" dir="0" index="0" bw="18" slack="0"/>
<pin id="211" dir="1" index="1" bw="32" slack="0"/>
</pin_list>
<bind>
<opcode="sext(35) " fcode="sext"/>
<opset="sext_ln50_2/4 "/>
</bind>
</comp>

<comp id="213" class="1004" name="sext_ln50_3_fu_213">
<pin_list>
<pin id="214" dir="0" index="0" bw="16" slack="0"/>
<pin id="215" dir="1" index="1" bw="32" slack="0"/>
</pin_list>
<bind>
<opcode="sext(35) " fcode="sext"/>
<opset="sext_ln50_3/4 "/>
</bind>
</comp>

<comp id="217" class="1004" name="mul_ln50_fu_217">
<pin_list>
<pin id="218" dir="0" index="0" bw="18" slack="0"/>
<pin id="219" dir="0" index="1" bw="16" slack="0"/>
<pin id="220" dir="1" index="2" bw="32" slack="2"/>
</pin_list>
<bind>
<opcode="mul(12) " fcode="mul"/>
<opset="mul_ln50/4 "/>
</bind>
</comp>

<comp id="223" class="1004" name="mul_ln51_fu_223">
<pin_list>
<pin id="224" dir="0" index="0" bw="18" slack="0"/>
<pin id="225" dir="0" index="1" bw="16" slack="0"/>
<pin id="226" dir="1" index="2" bw="32" slack="2"/>
</pin_list>
<bind>
<opcode="mul(12) " fcode="mul"/>
<opset="mul_ln51/4 "/>
</bind>
</comp>

<comp id="229" class="1004" name="trunc_ln274_fu_229">
<pin_list>
<pin id="230" dir="0" index="0" bw="64" slack="0"/>
<pin id="231" dir="1" index="1" bw="32" slack="3"/>
</pin_list>
<bind>
<opcode="trunc(33) " fcode="trunc"/>
<opset="trunc_ln274/4 "/>
</bind>
</comp>

<comp id="233" class="1004" name="trunc_ln1_fu_233">
<pin_list>
<pin id="234" dir="0" index="0" bw="16" slack="0"/>
<pin id="235" dir="0" index="1" bw="32" slack="0"/>
<pin id="236" dir="0" index="2" bw="6" slack="0"/>
<pin id="237" dir="0" index="3" bw="6" slack="0"/>
<pin id="238" dir="1" index="4" bw="16" slack="0"/>
</pin_list>
<bind>
<opcode="partselect(1002) " fcode="partselect"/>
<opset="trunc_ln1/7 "/>
</bind>
</comp>

<comp id="242" class="1004" name="trunc_ln275_1_fu_242">
<pin_list>
<pin id="243" dir="0" index="0" bw="16" slack="0"/>
<pin id="244" dir="0" index="1" bw="32" slack="0"/>
<pin id="245" dir="0" index="2" bw="6" slack="0"/>
<pin id="246" dir="0" index="3" bw="6" slack="0"/>
<pin id="247" dir="1" index="4" bw="16" slack="0"/>
</pin_list>
<bind>
<opcode="partselect(1002) " fcode="partselect"/>
<opset="trunc_ln275_1/7 "/>
</bind>
</comp>

<comp id="251" class="1004" name="p_0_fu_251">
<pin_list>
<pin id="252" dir="0" index="0" bw="32" slack="0"/>
<pin id="253" dir="0" index="1" bw="16" slack="0"/>
<pin id="254" dir="0" index="2" bw="16" slack="0"/>
<pin id="255" dir="1" index="3" bw="32" slack="0"/>
</pin_list>
<bind>
<opcode="bitconcatenate(1004) " fcode="bitconcatenate"/>
<opset="p_0/7 "/>
</bind>
</comp>

<comp id="260" class="1007" name="grp_fu_260">
<pin_list>
<pin id="261" dir="0" index="0" bw="18" slack="0"/>
<pin id="262" dir="0" index="1" bw="16" slack="0"/>
<pin id="263" dir="0" index="2" bw="32" slack="2147483647"/>
<pin id="264" dir="1" index="3" bw="32" slack="0"/>
</pin_list>
<bind>
<opcode="mulsub(1173) " fcode="mulsub"/>
<opset="mul_ln50_1/4 val_M_real/6 "/>
</bind>
</comp>

<comp id="268" class="1007" name="grp_fu_268">
<pin_list>
<pin id="269" dir="0" index="0" bw="18" slack="0"/>
<pin id="270" dir="0" index="1" bw="16" slack="0"/>
<pin id="271" dir="0" index="2" bw="32" slack="2147483647"/>
<pin id="272" dir="1" index="3" bw="32" slack="0"/>
</pin_list>
<bind>
<opcode="muladd(1172) " fcode="muladd"/>
<opset="mul_ln51_1/4 val_M_imag/6 "/>
</bind>
</comp>

<comp id="276" class="1005" name="i_reg_276">
<pin_list>
<pin id="277" dir="0" index="0" bw="14" slack="0"/>
<pin id="278" dir="1" index="1" bw="14" slack="0"/>
</pin_list>
<bind>
<opset="i "/>
</bind>
</comp>

<comp id="283" class="1005" name="indvar_flatten_reg_283">
<pin_list>
<pin id="284" dir="0" index="0" bw="45" slack="0"/>
<pin id="285" dir="1" index="1" bw="45" slack="0"/>
</pin_list>
<bind>
<opset="indvar_flatten "/>
</bind>
</comp>

<comp id="290" class="1005" name="bound_read_reg_290">
<pin_list>
<pin id="291" dir="0" index="0" bw="45" slack="1"/>
<pin id="292" dir="1" index="1" bw="45" slack="1"/>
</pin_list>
<bind>
<opset="bound_read "/>
</bind>
</comp>

<comp id="295" class="1005" name="icmp_ln264_reg_295">
<pin_list>
<pin id="296" dir="0" index="0" bw="1" slack="1"/>
<pin id="297" dir="1" index="1" bw="1" slack="2147483647"/>
</pin_list>
<bind>
<opset="icmp_ln264 "/>
</bind>
</comp>

<comp id="299" class="1005" name="sext_ln50_reg_299">
<pin_list>
<pin id="300" dir="0" index="0" bw="32" slack="1"/>
<pin id="301" dir="1" index="1" bw="32" slack="1"/>
</pin_list>
<bind>
<opset="sext_ln50 "/>
</bind>
</comp>

<comp id="304" class="1005" name="sext_ln50_2_reg_304">
<pin_list>
<pin id="305" dir="0" index="0" bw="32" slack="1"/>
<pin id="306" dir="1" index="1" bw="32" slack="1"/>
</pin_list>
<bind>
<opset="sext_ln50_2 "/>
</bind>
</comp>

<comp id="309" class="1005" name="sext_ln50_3_reg_309">
<pin_list>
<pin id="310" dir="0" index="0" bw="32" slack="1"/>
<pin id="311" dir="1" index="1" bw="32" slack="1"/>
</pin_list>
<bind>
<opset="sext_ln50_3 "/>
</bind>
</comp>

<comp id="315" class="1005" name="mul_ln50_reg_315">
<pin_list>
<pin id="316" dir="0" index="0" bw="32" slack="2"/>
<pin id="317" dir="1" index="1" bw="32" slack="2"/>
</pin_list>
<bind>
<opset="mul_ln50 "/>
</bind>
</comp>

<comp id="320" class="1005" name="mul_ln51_reg_320">
<pin_list>
<pin id="321" dir="0" index="0" bw="32" slack="2"/>
<pin id="322" dir="1" index="1" bw="32" slack="2"/>
</pin_list>
<bind>
<opset="mul_ln51 "/>
</bind>
</comp>

<comp id="325" class="1005" name="trunc_ln274_reg_325">
<pin_list>
<pin id="326" dir="0" index="0" bw="32" slack="3"/>
<pin id="327" dir="1" index="1" bw="32" slack="3"/>
</pin_list>
<bind>
<opset="trunc_ln274 "/>
</bind>
</comp>

</comp_list>

<net_list>
<net id="73"><net_src comp="10" pin="0"/><net_sink comp="70" pin=0"/></net>

<net id="77"><net_src comp="10" pin="0"/><net_sink comp="74" pin=0"/></net>

<net id="82"><net_src comp="22" pin="0"/><net_sink comp="78" pin=0"/></net>

<net id="83"><net_src comp="0" pin="0"/><net_sink comp="78" pin=1"/></net>

<net id="88"><net_src comp="36" pin="0"/><net_sink comp="84" pin=0"/></net>

<net id="89"><net_src comp="2" pin="0"/><net_sink comp="84" pin=1"/></net>

<net id="95"><net_src comp="60" pin="0"/><net_sink comp="90" pin=0"/></net>

<net id="96"><net_src comp="4" pin="0"/><net_sink comp="90" pin=1"/></net>

<net id="102"><net_src comp="60" pin="0"/><net_sink comp="97" pin=0"/></net>

<net id="103"><net_src comp="6" pin="0"/><net_sink comp="97" pin=1"/></net>

<net id="109"><net_src comp="32" pin="0"/><net_sink comp="104" pin=0"/></net>

<net id="110"><net_src comp="8" pin="0"/><net_sink comp="104" pin=2"/></net>

<net id="115"><net_src comp="24" pin="0"/><net_sink comp="111" pin=0"/></net>

<net id="120"><net_src comp="26" pin="0"/><net_sink comp="116" pin=0"/></net>

<net id="128"><net_src comp="121" pin="1"/><net_sink comp="124" pin=0"/></net>

<net id="133"><net_src comp="121" pin="1"/><net_sink comp="129" pin=0"/></net>

<net id="134"><net_src comp="28" pin="0"/><net_sink comp="129" pin=1"/></net>

<net id="139"><net_src comp="129" pin="2"/><net_sink comp="135" pin=0"/></net>

<net id="147"><net_src comp="140" pin="1"/><net_sink comp="143" pin=0"/></net>

<net id="148"><net_src comp="30" pin="0"/><net_sink comp="143" pin=1"/></net>

<net id="154"><net_src comp="143" pin="2"/><net_sink comp="149" pin=0"/></net>

<net id="155"><net_src comp="26" pin="0"/><net_sink comp="149" pin=1"/></net>

<net id="156"><net_src comp="140" pin="1"/><net_sink comp="149" pin=2"/></net>

<net id="160"><net_src comp="149" pin="3"/><net_sink comp="157" pin=0"/></net>

<net id="161"><net_src comp="157" pin="1"/><net_sink comp="104" pin=1"/></net>

<net id="166"><net_src comp="149" pin="3"/><net_sink comp="162" pin=0"/></net>

<net id="167"><net_src comp="34" pin="0"/><net_sink comp="162" pin=1"/></net>

<net id="172"><net_src comp="162" pin="2"/><net_sink comp="168" pin=0"/></net>

<net id="179"><net_src comp="38" pin="0"/><net_sink comp="173" pin=0"/></net>

<net id="180"><net_src comp="84" pin="2"/><net_sink comp="173" pin=1"/></net>

<net id="181"><net_src comp="40" pin="0"/><net_sink comp="173" pin=2"/></net>

<net id="182"><net_src comp="42" pin="0"/><net_sink comp="173" pin=3"/></net>

<net id="189"><net_src comp="38" pin="0"/><net_sink comp="183" pin=0"/></net>

<net id="190"><net_src comp="84" pin="2"/><net_sink comp="183" pin=1"/></net>

<net id="191"><net_src comp="44" pin="0"/><net_sink comp="183" pin=2"/></net>

<net id="192"><net_src comp="46" pin="0"/><net_sink comp="183" pin=3"/></net>

<net id="196"><net_src comp="104" pin="3"/><net_sink comp="193" pin=0"/></net>

<net id="200"><net_src comp="104" pin="3"/><net_sink comp="197" pin=0"/></net>

<net id="204"><net_src comp="193" pin="1"/><net_sink comp="201" pin=0"/></net>

<net id="208"><net_src comp="173" pin="4"/><net_sink comp="205" pin=0"/></net>

<net id="212"><net_src comp="197" pin="1"/><net_sink comp="209" pin=0"/></net>

<net id="216"><net_src comp="183" pin="4"/><net_sink comp="213" pin=0"/></net>

<net id="221"><net_src comp="201" pin="1"/><net_sink comp="217" pin=0"/></net>

<net id="222"><net_src comp="205" pin="1"/><net_sink comp="217" pin=1"/></net>

<net id="227"><net_src comp="209" pin="1"/><net_sink comp="223" pin=0"/></net>

<net id="228"><net_src comp="205" pin="1"/><net_sink comp="223" pin=1"/></net>

<net id="232"><net_src comp="84" pin="2"/><net_sink comp="229" pin=0"/></net>

<net id="239"><net_src comp="62" pin="0"/><net_sink comp="233" pin=0"/></net>

<net id="240"><net_src comp="64" pin="0"/><net_sink comp="233" pin=2"/></net>

<net id="241"><net_src comp="66" pin="0"/><net_sink comp="233" pin=3"/></net>

<net id="248"><net_src comp="62" pin="0"/><net_sink comp="242" pin=0"/></net>

<net id="249"><net_src comp="64" pin="0"/><net_sink comp="242" pin=2"/></net>

<net id="250"><net_src comp="66" pin="0"/><net_sink comp="242" pin=3"/></net>

<net id="256"><net_src comp="68" pin="0"/><net_sink comp="251" pin=0"/></net>

<net id="257"><net_src comp="242" pin="4"/><net_sink comp="251" pin=1"/></net>

<net id="258"><net_src comp="233" pin="4"/><net_sink comp="251" pin=2"/></net>

<net id="259"><net_src comp="251" pin="3"/><net_sink comp="97" pin=2"/></net>

<net id="265"><net_src comp="209" pin="1"/><net_sink comp="260" pin=0"/></net>

<net id="266"><net_src comp="213" pin="1"/><net_sink comp="260" pin=1"/></net>

<net id="267"><net_src comp="260" pin="3"/><net_sink comp="233" pin=1"/></net>

<net id="273"><net_src comp="201" pin="1"/><net_sink comp="268" pin=0"/></net>

<net id="274"><net_src comp="213" pin="1"/><net_sink comp="268" pin=1"/></net>

<net id="275"><net_src comp="268" pin="3"/><net_sink comp="242" pin=1"/></net>

<net id="279"><net_src comp="70" pin="1"/><net_sink comp="276" pin=0"/></net>

<net id="280"><net_src comp="276" pin="1"/><net_sink comp="116" pin=1"/></net>

<net id="281"><net_src comp="276" pin="1"/><net_sink comp="140" pin=0"/></net>

<net id="282"><net_src comp="276" pin="1"/><net_sink comp="168" pin=1"/></net>

<net id="286"><net_src comp="74" pin="1"/><net_sink comp="283" pin=0"/></net>

<net id="287"><net_src comp="283" pin="1"/><net_sink comp="111" pin=1"/></net>

<net id="288"><net_src comp="283" pin="1"/><net_sink comp="121" pin=0"/></net>

<net id="289"><net_src comp="283" pin="1"/><net_sink comp="135" pin=1"/></net>

<net id="293"><net_src comp="78" pin="2"/><net_sink comp="290" pin=0"/></net>

<net id="294"><net_src comp="290" pin="1"/><net_sink comp="124" pin=1"/></net>

<net id="298"><net_src comp="124" pin="2"/><net_sink comp="295" pin=0"/></net>

<net id="302"><net_src comp="201" pin="1"/><net_sink comp="299" pin=0"/></net>

<net id="303"><net_src comp="299" pin="1"/><net_sink comp="268" pin=0"/></net>

<net id="307"><net_src comp="209" pin="1"/><net_sink comp="304" pin=0"/></net>

<net id="308"><net_src comp="304" pin="1"/><net_sink comp="260" pin=0"/></net>

<net id="312"><net_src comp="213" pin="1"/><net_sink comp="309" pin=0"/></net>

<net id="313"><net_src comp="309" pin="1"/><net_sink comp="260" pin=1"/></net>

<net id="314"><net_src comp="309" pin="1"/><net_sink comp="268" pin=1"/></net>

<net id="318"><net_src comp="217" pin="2"/><net_sink comp="315" pin=0"/></net>

<net id="319"><net_src comp="315" pin="1"/><net_sink comp="260" pin=0"/></net>

<net id="323"><net_src comp="223" pin="2"/><net_sink comp="320" pin=0"/></net>

<net id="324"><net_src comp="320" pin="1"/><net_sink comp="268" pin=0"/></net>

<net id="328"><net_src comp="229" pin="1"/><net_sink comp="325" pin=0"/></net>

<net id="329"><net_src comp="325" pin="1"/><net_sink comp="90" pin=2"/></net>

</net_list>

</model> 
---------------- Datapath Model END ------------------

* FSMD analyzer results:
  - Output states:
	Port: twiddle_out0 | {7 }
	Port: twiddle_out1 | {7 }
 - Input state : 
	Port: twiddle_Pipeline_VITIS_LOOP_264_1_VITIS_LOOP_267_2 : bound | {1 }
	Port: twiddle_Pipeline_VITIS_LOOP_264_1_VITIS_LOOP_267_2 : fft1_out | {4 }
	Port: twiddle_Pipeline_VITIS_LOOP_264_1_VITIS_LOOP_267_2 : w_lut | {3 4 }
  - Chain level:
	State 1
		store_ln0 : 1
		store_ln267 : 1
	State 2
		icmp_ln264 : 1
		add_ln264 : 1
		br_ln264 : 2
		store_ln264 : 2
	State 3
		icmp_ln267 : 1
		select_ln264 : 2
		trunc_ln267 : 3
		call_ret : 4
		i_1 : 3
		store_ln267 : 4
	State 4
		w_M_real : 1
		w_M_imag : 1
		sext_ln50 : 2
		sext_ln50_1 : 1
		sext_ln50_2 : 2
		sext_ln50_3 : 1
		mul_ln50 : 3
		mul_ln50_1 : 3
		mul_ln51 : 3
		mul_ln51_1 : 3
	State 5
	State 6
		val_M_real : 1
		val_M_imag : 1
	State 7
		trunc_ln1 : 1
		trunc_ln275_1 : 1
		p_0 : 2
		write_ln275 : 3


============================================================
+ Verbose Summary: Datapath Resource usage 
============================================================

* Functional unit list:
|----------|-----------------------------|---------|---------|---------|---------|
| Operation|       Functional Unit       |   DSP   |  Delay  |    FF   |   LUT   |
|----------|-----------------------------|---------|---------|---------|---------|
|   icmp   |      icmp_ln264_fu_124      |    0    |    0    |    0    |    52   |
|          |      icmp_ln267_fu_143      |    0    |    0    |    0    |    21   |
|----------|-----------------------------|---------|---------|---------|---------|
|    add   |       add_ln264_fu_129      |    0    |    0    |    0    |    52   |
|          |          i_1_fu_162         |    0    |    0    |    0    |    21   |
|----------|-----------------------------|---------|---------|---------|---------|
|   call   | grp_get_phase_factor_fu_104 |    0    |  0.427  |    13   |    9    |
|----------|-----------------------------|---------|---------|---------|---------|
|  select  |     select_ln264_fu_149     |    0    |    0    |    0    |    14   |
|----------|-----------------------------|---------|---------|---------|---------|
|    mul   |       mul_ln50_fu_217       |    1    |    0    |    0    |    5    |
|          |       mul_ln51_fu_223       |    1    |    0    |    0    |    5    |
|----------|-----------------------------|---------|---------|---------|---------|
|  mulsub  |          grp_fu_260         |    1    |    0    |    0    |    0    |
|----------|-----------------------------|---------|---------|---------|---------|
|  muladd  |          grp_fu_268         |    1    |    0    |    0    |    0    |
|----------|-----------------------------|---------|---------|---------|---------|
|   read   |    bound_read_read_fu_78    |    0    |    0    |    0    |    0    |
|          |   fft1_out_read_read_fu_84  |    0    |    0    |    0    |    0    |
|----------|-----------------------------|---------|---------|---------|---------|
|   write  |   write_ln274_write_fu_90   |    0    |    0    |    0    |    0    |
|          |   write_ln275_write_fu_97   |    0    |    0    |    0    |    0    |
|----------|-----------------------------|---------|---------|---------|---------|
|   trunc  |      trunc_ln267_fu_157     |    0    |    0    |    0    |    0    |
|          |      trunc_ln274_fu_229     |    0    |    0    |    0    |    0    |
|----------|-----------------------------|---------|---------|---------|---------|
|          |   temp_data1_M_real_fu_173  |    0    |    0    |    0    |    0    |
|partselect|   temp_data1_M_imag_fu_183  |    0    |    0    |    0    |    0    |
|          |       trunc_ln1_fu_233      |    0    |    0    |    0    |    0    |
|          |     trunc_ln275_1_fu_242    |    0    |    0    |    0    |    0    |
|----------|-----------------------------|---------|---------|---------|---------|
|extractvalue|       w_M_real_fu_193       |    0    |    0    |    0    |    0    |
|          |       w_M_imag_fu_197       |    0    |    0    |    0    |    0    |
|----------|-----------------------------|---------|---------|---------|---------|
|          |       sext_ln50_fu_201      |    0    |    0    |    0    |    0    |
|   sext   |      sext_ln50_1_fu_205     |    0    |    0    |    0    |    0    |
|          |      sext_ln50_2_fu_209     |    0    |    0    |    0    |    0    |
|          |      sext_ln50_3_fu_213     |    0    |    0    |    0    |    0    |
|----------|-----------------------------|---------|---------|---------|---------|
|bitconcatenate|          p_0_fu_251         |    0    |    0    |    0    |    0    |
|----------|-----------------------------|---------|---------|---------|---------|
|   Total  |                             |    4    |  0.427  |    13   |   179   |
|----------|-----------------------------|---------|---------|---------|---------|

Memories:
N/A

* Register list:
+----------------------+--------+
|                      |   FF   |
+----------------------+--------+
|  bound_read_reg_290  |   45   |
|       i_reg_276      |   14   |
|  icmp_ln264_reg_295  |    1   |
|indvar_flatten_reg_283|   45   |
|   mul_ln50_reg_315   |   32   |
|   mul_ln51_reg_320   |   32   |
|  sext_ln50_2_reg_304 |   32   |
|  sext_ln50_3_reg_309 |   32   |
|   sext_ln50_reg_299  |   32   |
|  trunc_ln274_reg_325 |   32   |
+----------------------+--------+
|         Total        |   297  |
+----------------------+--------+

* Multiplexer (MUX) list: 
|------------|------|------|------|--------||---------||---------|
|    Comp    |  Pin | Size |  BW  | S x BW ||  Delay  ||   LUT   |
|------------|------|------|------|--------||---------||---------|
| grp_fu_260 |  p0  |   3  |  18  |   54   ||    14   |
| grp_fu_260 |  p1  |   2  |  16  |   32   ||    9    |
| grp_fu_268 |  p0  |   3  |  18  |   54   ||    14   |
| grp_fu_268 |  p1  |   2  |  16  |   32   ||    9    |
|------------|------|------|------|--------||---------||---------|
|    Total   |      |      |      |   172  ||  1.806  ||    46   |
|------------|------|------|------|--------||---------||---------|



* Summary:
+-----------+--------+--------+--------+--------+
|           |   DSP  |  Delay |   FF   |   LUT  |
+-----------+--------+--------+--------+--------+
|  Function |    4   |    0   |   13   |   179  |
|   Memory  |    -   |    -   |    -   |    -   |
|Multiplexer|    -   |    1   |    -   |   46   |
|  Register |    -   |    -   |   297  |    -   |
+-----------+--------+--------+--------+--------+
|   Total   |    4   |    2   |   310  |   225  |
+-----------+--------+--------+--------+--------+
