

================================================================
== Vitis HLS Report for 'twiddle'
================================================================
* Date:           Tue Mar  3 21:26:52 2026

* Version:        2023.2 (Build 4023990 on Oct 11 2023)
* Project:        hls_project
* Solution:       solution1 (Vivado IP Flow Target)
* Product family: zynquplus
* Target device:  xck26-sfvc784-2LV-c


================================================================
== Performance Estimates
================================================================
+ Timing: 
    * Summary: 
    +--------+----------+----------+------------+
    |  Clock |  Target  | Estimated| Uncertainty|
    +--------+----------+----------+------------+
    |ap_clk  |  10.00 ns|  4.291 ns|     2.70 ns|
    +--------+----------+----------+------------+

+ Latency: 
    * Summary: 
    +---------+---------+-----------+-----------+-----+------+---------+
    |  Latency (cycles) |   Latency (absolute)  |  Interval  | Pipeline|
    |   min   |   max   |    min    |    max    | min |  max |   Type  |
    +---------+---------+-----------+-----------+-----+------+---------+
    |        4|     8200|  40.000 ns|  82.000 us|    4|  8200|       no|
    +---------+---------+-----------+-----------+-----+------+---------+

    + Detail: 
        * Instance: 
        +--------------------------------------------------------------+----------------------------------------------------+---------+---------+-----------+-----------+-----+------+---------+
        |                                                              |                                                    |  Latency (cycles) |   Latency (absolute)  |  Interval  | Pipeline|
        |                           Instance                           |                       Module                       |   min   |   max   |    min    |    max    | min |  max |   Type  |
        +--------------------------------------------------------------+----------------------------------------------------+---------+---------+-----------+-----------+-----+------+---------+
        |grp_twiddle_Pipeline_VITIS_LOOP_264_1_VITIS_LOOP_267_2_fu_96  |twiddle_Pipeline_VITIS_LOOP_264_1_VITIS_LOOP_267_2  |        2|     8198|  20.000 ns|  81.980 us|    2|  8198|       no|
        +--------------------------------------------------------------+----------------------------------------------------+---------+---------+-----------+-----------+-----+------+---------+

        * Loop: 
        N/A



================================================================
== Utilization Estimates
================================================================
* Summary: 
+-----------------+---------+------+--------+--------+-----+
|       Name      | BRAM_18K|  DSP |   FF   |   LUT  | URAM|
+-----------------+---------+------+--------+--------+-----+
|DSP              |        -|     -|       -|       -|    -|
|Expression       |        -|     -|       0|       2|    -|
|FIFO             |        -|     -|       -|       -|    -|
|Instance         |       16|     4|     299|     285|    -|
|Memory           |        -|     -|       -|       -|    -|
|Multiplexer      |        -|     -|       -|      92|    -|
|Register         |        -|     -|      70|       -|    -|
+-----------------+---------+------+--------+--------+-----+
|Total            |       16|     4|     369|     379|    0|
+-----------------+---------+------+--------+--------+-----+
|Available        |      288|  1248|  234240|  117120|   64|
+-----------------+---------+------+--------+--------+-----+
|Utilization (%)  |        5|    ~0|      ~0|      ~0|    0|
+-----------------+---------+------+--------+--------+-----+

+ Detail: 
    * Instance: 
    +--------------------------------------------------------------+----------------------------------------------------+---------+----+-----+-----+-----+
    |                           Instance                           |                       Module                       | BRAM_18K| DSP|  FF | LUT | URAM|
    +--------------------------------------------------------------+----------------------------------------------------+---------+----+-----+-----+-----+
    |grp_twiddle_Pipeline_VITIS_LOOP_264_1_VITIS_LOOP_267_2_fu_96  |twiddle_Pipeline_VITIS_LOOP_264_1_VITIS_LOOP_267_2  |       16|   4|  299|  285|    0|
    +--------------------------------------------------------------+----------------------------------------------------+---------+----+-----+-----+-----+
    |Total                                                         |                                                    |       16|   4|  299|  285|    0|
    +--------------------------------------------------------------+----------------------------------------------------+---------+----+-----+-----+-----+

    * DSP: 
    N/A

    * Memory: 
    N/A

    * FIFO: 
    N/A

    * Expression: 
    +-----------------+----------+----+---+----+------------+------------+
    |  Variable Name  | Operation| DSP| FF| LUT| Bitwidth P0| Bitwidth P1|
    +-----------------+----------+----+---+----+------------+------------+
    |ap_block_state1  |        or|   0|  0|   2|           1|           1|
    +-----------------+----------+----+---+----+------------+------------+
    |Total            |          |   0|  0|   2|           1|           1|
    +-----------------+----------+----+---+----+------------+------------+

    * Multiplexer: 
    +--------------------+----+-----------+-----+-----------+
    |        Name        | LUT| Input Size| Bits| Total Bits|
    +--------------------+----+-----------+-----+-----------+
    |ap_NS_fsm           |  20|          4|    1|          4|
    |ap_done             |   9|          2|    1|          2|
    |fft1_out_read       |   9|          2|    1|          2|
    |iter_blk_n          |   9|          2|    1|          2|
    |iter_c21_blk_n      |   9|          2|    1|          2|
    |iter_c22_blk_n      |   9|          2|    1|          2|
    |real_start          |   9|          2|    1|          2|
    |twiddle_out0_write  |   9|          2|    1|          2|
    |twiddle_out1_write  |   9|          2|    1|          2|
    +--------------------+----+-----------+-----+-----------+
    |Total               |  92|         20|    9|         20|
    +--------------------+----+-----------+-----+-----------+

    * Register: 
    +---------------------------------------------------------------------------+----+----+-----+-----------+
    |                                    Name                                   | FF | LUT| Bits| Const Bits|
    +---------------------------------------------------------------------------+----+----+-----+-----------+
    |ap_CS_fsm                                                                  |   3|   0|    3|          0|
    |ap_done_reg                                                                |   1|   0|    1|          0|
    |grp_twiddle_Pipeline_VITIS_LOOP_264_1_VITIS_LOOP_267_2_fu_96_ap_start_reg  |   1|   0|    1|          0|
    |iter_1_reg_117                                                             |  32|   0|   32|          0|
    |start_once_reg                                                             |   1|   0|    1|          0|
    |tmp_reg_122                                                                |  32|   0|   45|         13|
    +---------------------------------------------------------------------------+----+----+-----+-----------+
    |Total                                                                      |  70|   0|   83|         13|
    +---------------------------------------------------------------------------+----+----+-----+-----------+



================================================================
== Interface
================================================================
* Summary: 
+-----------------------------+-----+-----+------------+--------------+--------------+
|          RTL Ports          | Dir | Bits|  Protocol  | Source Object|    C Type    |
+-----------------------------+-----+-----+------------+--------------+--------------+
|ap_clk                       |   in|    1|  ap_ctrl_hs|       twiddle|  return value|
|ap_rst                       |   in|    1|  ap_ctrl_hs|       twiddle|  return value|
|ap_start                     |   in|    1|  ap_ctrl_hs|       twiddle|  return value|
|start_full_n                 |   in|    1|  ap_ctrl_hs|       twiddle|  return value|
|ap_done                      |  out|    1|  ap_ctrl_hs|       twiddle|  return value|
|ap_continue                  |   in|    1|  ap_ctrl_hs|       twiddle|  return value|
|ap_idle                      |  out|    1|  ap_ctrl_hs|       twiddle|  return value|
|ap_ready                     |  out|    1|  ap_ctrl_hs|       twiddle|  return value|
|start_out                    |  out|    1|  ap_ctrl_hs|       twiddle|  return value|
|start_write                  |  out|    1|  ap_ctrl_hs|       twiddle|  return value|
|fft1_out_dout                |   in|   64|     ap_fifo|      fft1_out|       pointer|
|fft1_out_num_data_valid      |   in|    3|     ap_fifo|      fft1_out|       pointer|
|fft1_out_fifo_cap            |   in|    3|     ap_fifo|      fft1_out|       pointer|
|fft1_out_empty_n             |   in|    1|     ap_fifo|      fft1_out|       pointer|
|fft1_out_read                |  out|    1|     ap_fifo|      fft1_out|       pointer|
|twiddle_out0_din             |  out|   32|     ap_fifo|  twiddle_out0|       pointer|
|twiddle_out0_num_data_valid  |   in|    3|     ap_fifo|  twiddle_out0|       pointer|
|twiddle_out0_fifo_cap        |   in|    3|     ap_fifo|  twiddle_out0|       pointer|
|twiddle_out0_full_n          |   in|    1|     ap_fifo|  twiddle_out0|       pointer|
|twiddle_out0_write           |  out|    1|     ap_fifo|  twiddle_out0|       pointer|
|twiddle_out1_din             |  out|   32|     ap_fifo|  twiddle_out1|       pointer|
|twiddle_out1_num_data_valid  |   in|    3|     ap_fifo|  twiddle_out1|       pointer|
|twiddle_out1_fifo_cap        |   in|    3|     ap_fifo|  twiddle_out1|       pointer|
|twiddle_out1_full_n          |   in|    1|     ap_fifo|  twiddle_out1|       pointer|
|twiddle_out1_write           |  out|    1|     ap_fifo|  twiddle_out1|       pointer|
|iter_dout                    |   in|   32|     ap_fifo|          iter|       pointer|
|iter_num_data_valid          |   in|    3|     ap_fifo|          iter|       pointer|
|iter_fifo_cap                |   in|    3|     ap_fifo|          iter|       pointer|
|iter_empty_n                 |   in|    1|     ap_fifo|          iter|       pointer|
|iter_read                    |  out|    1|     ap_fifo|          iter|       pointer|
|iter_c21_din                 |  out|   32|     ap_fifo|      iter_c21|       pointer|
|iter_c21_num_data_valid      |   in|    3|     ap_fifo|      iter_c21|       pointer|
|iter_c21_fifo_cap            |   in|    3|     ap_fifo|      iter_c21|       pointer|
|iter_c21_full_n              |   in|    1|     ap_fifo|      iter_c21|       pointer|
|iter_c21_write               |  out|    1|     ap_fifo|      iter_c21|       pointer|
|iter_c22_din                 |  out|   32|     ap_fifo|      iter_c22|       pointer|
|iter_c22_num_data_valid      |   in|    3|     ap_fifo|      iter_c22|       pointer|
|iter_c22_fifo_cap            |   in|    3|     ap_fifo|      iter_c22|       pointer|
|iter_c22_full_n              |   in|    1|     ap_fifo|      iter_c22|       pointer|
|iter_c22_write               |  out|    1|     ap_fifo|      iter_c22|       pointer|
+-----------------------------+-----+-----+------------+--------------+--------------+

============================================================
+ Verbose Summary: Synthesis Manager
============================================================
InlineROM: 1
ExposeGlobal: 0
============================================================
+ Verbose Summary: CDFG Model
============================================================
IsTopModel: 0
ResetActiveHigh: 1
IsCombinational: 2
IsDatapathOnly: 0
HasWiredReturn: 1
HasMFsm: 0
HasVarLatency: 1
IsPipeline: 0
IsRtlPipelined: 0
IsInstanceOverlapped: 0
IsDontTouch: 0
HasImplIP: 0
IsGatedGlobalClock: 0


============================================================
+ Verbose Summary: Schedule
============================================================
* Number of FSM states : 3
* Pipeline : 0
* Dataflow Pipeline: 0

* FSM state transitions: 
1 --> 2 
2 --> 3 
3 --> 

* FSM state operations: 

State 1 <SV = 0> <Delay = 3.67>
ST_1 : Operation 4 [1/1] (1.83ns)   --->   "%iter_1 = read i32 @_ssdm_op_Read.ap_fifo.i32P0A, i32 %iter"   --->   Operation 4 'read' 'iter_1' <Predicate = true> <Delay = 1.83> <CoreInst = "FIFO_SRL">   --->   Core 81 'FIFO_SRL' <Latency = 0> <II = 1> <Delay = 1.83> <Storage> <Opcode : 'read' 'write' 'nbread' 'nbwrite'> <Ports = 0> <Width = 32> <Depth = 2> <FIFO>
ST_1 : Operation 5 [1/1] (1.83ns)   --->   "%write_ln0 = write void @_ssdm_op_Write.ap_fifo.i32P0A, i32 %iter_c22, i32 %iter_1"   --->   Operation 5 'write' 'write_ln0' <Predicate = true> <Delay = 1.83> <CoreInst = "FIFO_SRL">   --->   Core 81 'FIFO_SRL' <Latency = 0> <II = 1> <Delay = 1.83> <Storage> <Opcode : 'read' 'write' 'nbread' 'nbwrite'> <Ports = 0> <Width = 32> <Depth = 2> <FIFO>
ST_1 : Operation 6 [1/1] (1.83ns)   --->   "%write_ln0 = write void @_ssdm_op_Write.ap_fifo.i32P0A, i32 %iter_c21, i32 %iter_1"   --->   Operation 6 'write' 'write_ln0' <Predicate = true> <Delay = 1.83> <CoreInst = "FIFO_SRL">   --->   Core 81 'FIFO_SRL' <Latency = 0> <II = 1> <Delay = 1.83> <Storage> <Opcode : 'read' 'write' 'nbread' 'nbwrite'> <Ports = 0> <Width = 32> <Depth = 2> <FIFO>

State 2 <SV = 1> <Delay = 0.00>
ST_2 : Operation 7 [1/1] (0.00ns)   --->   "%tmp = bitconcatenate i45 @_ssdm_op_BitConcatenate.i45.i32.i13, i32 %iter_1, i13 0"   --->   Operation 7 'bitconcatenate' 'tmp' <Predicate = true> <Delay = 0.00>
ST_2 : Operation 8 [1/1] (0.00ns)   --->   "%empty = wait i32 @_ssdm_op_Wait"   --->   Operation 8 'wait' 'empty' <Predicate = true> <Delay = 0.00>
ST_2 : Operation 9 [2/2] (0.00ns)   --->   "%call_ln0 = call void @twiddle_Pipeline_VITIS_LOOP_264_1_VITIS_LOOP_267_2, i45 %tmp, i64 %fft1_out, i32 %twiddle_out0, i32 %twiddle_out1, i35 %w_lut"   --->   Operation 9 'call' 'call_ln0' <Predicate = true> <Delay = 0.00> <CoreType = "Generic">   --->   Core 0 '' <Latency = 0> <II = 1> <Delay = 1.00> <Generic> <Opcode : >

State 3 <SV = 2> <Delay = 0.00>
ST_3 : Operation 10 [1/1] (0.00ns)   --->   "%specinterface_ln0 = specinterface void @_ssdm_op_SpecInterface, i32 %iter, void @ap_fifo_str, i32 0, i32 0, void @p_str152, i32 0, i32 0, void @p_str153, void @p_str154, void @p_str155, i32 2, i32 2, i32 16, i32 16, void @p_str156, void @ScalarProp_str, i32 4294967295, i32 0"   --->   Operation 10 'specinterface' 'specinterface_ln0' <Predicate = true> <Delay = 0.00>
ST_3 : Operation 11 [1/1] (0.00ns)   --->   "%specinterface_ln0 = specinterface void @_ssdm_op_SpecInterface, i32 %iter_c22, void @ap_fifo_str, i32 0, i32 0, void @p_str121, i32 0, i32 0, void @p_str122, void @p_str123, void @p_str124, i32 2, i32 2, i32 16, i32 16, void @p_str125, void @ScalarProp_str, i32 4294967295, i32 0"   --->   Operation 11 'specinterface' 'specinterface_ln0' <Predicate = true> <Delay = 0.00>
ST_3 : Operation 12 [1/1] (0.00ns)   --->   "%specinterface_ln0 = specinterface void @_ssdm_op_SpecInterface, i32 %iter_c21, void @ap_fifo_str, i32 0, i32 0, void @p_str94, i32 0, i32 0, void @p_str95, void @p_str96, void @p_str97, i32 2, i32 2, i32 16, i32 16, void @p_str98, void @ScalarProp_str, i32 4294967295, i32 0"   --->   Operation 12 'specinterface' 'specinterface_ln0' <Predicate = true> <Delay = 0.00>
ST_3 : Operation 13 [1/1] (0.00ns)   --->   "%specinterface_ln0 = specinterface void @_ssdm_op_SpecInterface, i32 %twiddle_out1, void @empty_8, i32 0, i32 0, void @empty, i32 0, i32 0, void @empty, void @empty, void @empty, i32 0, i32 0, i32 0, i32 0, void @empty, void @empty, i32 4294967295, i32 0"   --->   Operation 13 'specinterface' 'specinterface_ln0' <Predicate = true> <Delay = 0.00>
ST_3 : Operation 14 [1/1] (0.00ns)   --->   "%specinterface_ln0 = specinterface void @_ssdm_op_SpecInterface, i32 %twiddle_out0, void @empty_8, i32 0, i32 0, void @empty, i32 0, i32 0, void @empty, void @empty, void @empty, i32 0, i32 0, i32 0, i32 0, void @empty, void @empty, i32 4294967295, i32 0"   --->   Operation 14 'specinterface' 'specinterface_ln0' <Predicate = true> <Delay = 0.00>
ST_3 : Operation 15 [1/1] (0.00ns)   --->   "%specinterface_ln0 = specinterface void @_ssdm_op_SpecInterface, i64 %fft1_out, void @empty_8, i32 0, i32 0, void @empty, i32 0, i32 0, void @empty, void @empty, void @empty, i32 0, i32 0, i32 0, i32 0, void @empty, void @empty, i32 4294967295, i32 0"   --->   Operation 15 'specinterface' 'specinterface_ln0' <Predicate = true> <Delay = 0.00>
ST_3 : Operation 16 [1/2] (0.00ns)   --->   "%call_ln0 = call void @twiddle_Pipeline_VITIS_LOOP_264_1_VITIS_LOOP_267_2, i45 %tmp, i64 %fft1_out, i32 %twiddle_out0, i32 %twiddle_out1, i35 %w_lut"   --->   Operation 16 'call' 'call_ln0' <Predicate = true> <Delay = 0.00> <CoreType = "Generic">   --->   Core 0 '' <Latency = 0> <II = 1> <Delay = 1.00> <Generic> <Opcode : >
ST_3 : Operation 17 [1/1] (0.00ns)   --->   "%ret_ln278 = ret" [fft_16k_ssr2_i14_c16_t18.cpp:278]   --->   Operation 17 'ret' 'ret_ln278' <Predicate = true> <Delay = 0.00>


============================================================
+ Verbose Summary: Binding
============================================================
STG Binding: 
---------------- STG Properties BEGIN ----------------
- Is combinational: 0
- Is one-state seq: 0
- Is datapath-only: 0
- Is pipelined: 0
- Is top level: 0
Port [ Return ] is wired: 1; IO mode=ap_ctrl_hs:ce=0
Port [ fft1_out]:  wired=1; compound=1; hidden=0; nouse=0; global=0; static=0; extern=0; dir=0; type=3; pingpong=0; private_global=0; IO mode=ap_fifo:ce=0
Port [ twiddle_out0]:  wired=1; compound=1; hidden=0; nouse=0; global=0; static=0; extern=0; dir=1; type=3; pingpong=0; private_global=0; IO mode=ap_fifo:ce=0
Port [ twiddle_out1]:  wired=1; compound=1; hidden=0; nouse=0; global=0; static=0; extern=0; dir=1; type=3; pingpong=0; private_global=0; IO mode=ap_fifo:ce=0
Port [ iter]:  wired=1; compound=1; hidden=0; nouse=0; global=0; static=0; extern=0; dir=0; type=3; pingpong=0; private_global=0; IO mode=ap_fifo:ce=0
Port [ iter_c21]:  wired=1; compound=1; hidden=0; nouse=0; global=0; static=0; extern=0; dir=1; type=3; pingpong=0; private_global=0; IO mode=ap_fifo:ce=0
Port [ iter_c22]:  wired=1; compound=1; hidden=0; nouse=0; global=0; static=0; extern=0; dir=1; type=3; pingpong=0; private_global=0; IO mode=ap_fifo:ce=0
Port [ w_lut]:  wired=0; compound=1; hidden=1; nouse=1; global=1; static=1; extern=0; dir=0; type=1; pingpong=0; private_global=0; MemPort=[1]; IO mode=ap_memory:ce=0
---------------- STG Properties END ------------------

---------------- Datapath Model BEGIN ----------------

<LifeTime>
<method=bitvector/>
iter_1            (read          ) [ 0010]
write_ln0         (write         ) [ 0000]
write_ln0         (write         ) [ 0000]
tmp               (bitconcatenate) [ 0001]
empty             (wait          ) [ 0000]
specinterface_ln0 (specinterface ) [ 0000]
specinterface_ln0 (specinterface ) [ 0000]
specinterface_ln0 (specinterface ) [ 0000]
specinterface_ln0 (specinterface ) [ 0000]
specinterface_ln0 (specinterface ) [ 0000]
specinterface_ln0 (specinterface ) [ 0000]
call_ln0          (call          ) [ 0000]
ret_ln278         (ret           ) [ 0000]
</LifeTime>

<model>

<comp_list>
<comp id="0" class="1000" name="fft1_out">
<pin_list>
<pin id="1" dir="1" index="0" bw="1" slack="0"/>
</pin_list>
<bind>
<StgValue><ssdm name="fft1_out"/></StgValue>
</bind>
</comp>

<comp id="2" class="1000" name="twiddle_out0">
<pin_list>
<pin id="3" dir="1" index="0" bw="1" slack="0"/>
</pin_list>
<bind>
<StgValue><ssdm name="twiddle_out0"/></StgValue>
</bind>
</comp>

<comp id="4" class="1000" name="twiddle_out1">
<pin_list>
<pin id="5" dir="1" index="0" bw="1" slack="0"/>
</pin_list>
<bind>
<StgValue><ssdm name="twiddle_out1"/></StgValue>
</bind>
</comp>

<comp id="6" class="1000" name="iter">
<pin_list>
<pin id="7" dir="1" index="0" bw="1" slack="0"/>
</pin_list>
<bind>
<StgValue><ssdm name="iter"/></StgValue>
</bind>
</comp>

<comp id="8" class="1000" name="iter_c21">
<pin_list>
<pin id="9" dir="1" index="0" bw="1" slack="0"/>
</pin_list>
<bind>
<StgValue><ssdm name="iter_c21"/></StgValue>
</bind>
</comp>

<comp id="10" class="1000" name="iter_c22">
<pin_list>
<pin id="11" dir="1" index="0" bw="1" slack="0"/>
</pin_list>
<bind>
<StgValue><ssdm name="iter_c22"/></StgValue>
</bind>
</comp>

<comp id="12" class="1000" name="w_lut">
<pin_list>
<pin id="13" dir="1" index="0" bw="1" slack="0"/>
</pin_list>
<bind>
<StgValue><ssdm name="w_lut"/><MemPortTyVec>1 </MemPortTyVec>
</StgValue>
</bind>
</comp>

<comp id="14" class="1001" name="const_14">
<pin_list>
<pin id="15" dir="1" index="0" bw="1" slack="0"/>
</pin_list>
<bind>
<StgValue><ssdm name="_ssdm_op_Read.ap_fifo.i32P0A"/></StgValue>
</bind>
</comp>

<comp id="16" class="1001" name="const_16">
<pin_list>
<pin id="17" dir="1" index="0" bw="1" slack="0"/>
</pin_list>
<bind>
<StgValue><ssdm name="_ssdm_op_Write.ap_fifo.i32P0A"/></StgValue>
</bind>
</comp>

<comp id="18" class="1001" name="const_18">
<pin_list>
<pin id="19" dir="1" index="0" bw="1" slack="0"/>
</pin_list>
<bind>
<StgValue><ssdm name="_ssdm_op_BitConcatenate.i45.i32.i13"/></StgValue>
</bind>
</comp>

<comp id="20" class="1001" name="const_20">
<pin_list>
<pin id="21" dir="1" index="0" bw="1" slack="0"/>
</pin_list>
<bind>
<StgValue><ssdm name=""/></StgValue>
</bind>
</comp>

<comp id="22" class="1001" name="const_22">
<pin_list>
<pin id="23" dir="1" index="0" bw="1" slack="2147483647"/>
</pin_list>
<bind>
<StgValue><ssdm name="_ssdm_op_Wait"/></StgValue>
</bind>
</comp>

<comp id="24" class="1001" name="const_24">
<pin_list>
<pin id="25" dir="1" index="0" bw="1" slack="0"/>
</pin_list>
<bind>
<StgValue><ssdm name="twiddle_Pipeline_VITIS_LOOP_264_1_VITIS_LOOP_267_2"/></StgValue>
</bind>
</comp>

<comp id="26" class="1001" name="const_26">
<pin_list>
<pin id="27" dir="1" index="0" bw="1" slack="2147483647"/>
</pin_list>
<bind>
<StgValue><ssdm name="_ssdm_op_SpecInterface"/></StgValue>
</bind>
</comp>

<comp id="28" class="1001" name="const_28">
<pin_list>
<pin id="29" dir="1" index="0" bw="1" slack="2147483647"/>
</pin_list>
<bind>
<StgValue><ssdm name="ap_fifo_str"/></StgValue>
</bind>
</comp>

<comp id="30" class="1001" name="const_30">
<pin_list>
<pin id="31" dir="1" index="0" bw="1" slack="2147483647"/>
</pin_list>
<bind>
<StgValue><ssdm name=""/></StgValue>
</bind>
</comp>

<comp id="32" class="1001" name="const_32">
<pin_list>
<pin id="33" dir="1" index="0" bw="1" slack="2147483647"/>
</pin_list>
<bind>
<StgValue><ssdm name="p_str152"/></StgValue>
</bind>
</comp>

<comp id="34" class="1001" name="const_34">
<pin_list>
<pin id="35" dir="1" index="0" bw="1" slack="2147483647"/>
</pin_list>
<bind>
<StgValue><ssdm name="p_str153"/></StgValue>
</bind>
</comp>

<comp id="36" class="1001" name="const_36">
<pin_list>
<pin id="37" dir="1" index="0" bw="1" slack="2147483647"/>
</pin_list>
<bind>
<StgValue><ssdm name="p_str154"/></StgValue>
</bind>
</comp>

<comp id="38" class="1001" name="const_38">
<pin_list>
<pin id="39" dir="1" index="0" bw="1" slack="2147483647"/>
</pin_list>
<bind>
<StgValue><ssdm name="p_str155"/></StgValue>
</bind>
</comp>

<comp id="40" class="1001" name="const_40">
<pin_list>
<pin id="41" dir="1" index="0" bw="1" slack="2147483647"/>
</pin_list>
<bind>
<StgValue><ssdm name=""/></StgValue>
</bind>
</comp>

<comp id="42" class="1001" name="const_42">
<pin_list>
<pin id="43" dir="1" index="0" bw="1" slack="2147483647"/>
</pin_list>
<bind>
<StgValue><ssdm name=""/></StgValue>
</bind>
</comp>

<comp id="44" class="1001" name="const_44">
<pin_list>
<pin id="45" dir="1" index="0" bw="1" slack="2147483647"/>
</pin_list>
<bind>
<StgValue><ssdm name="p_str156"/></StgValue>
</bind>
</comp>

<comp id="46" class="1001" name="const_46">
<pin_list>
<pin id="47" dir="1" index="0" bw="1" slack="2147483647"/>
</pin_list>
<bind>
<StgValue><ssdm name="ScalarProp_str"/></StgValue>
</bind>
</comp>

<comp id="48" class="1001" name="const_48">
<pin_list>
<pin id="49" dir="1" index="0" bw="1" slack="2147483647"/>
</pin_list>
<bind>
<StgValue><ssdm name=""/></StgValue>
</bind>
</comp>

<comp id="50" class="1001" name="const_50">
<pin_list>
<pin id="51" dir="1" index="0" bw="1" slack="2147483647"/>
</pin_list>
<bind>
<StgValue><ssdm name="p_str121"/></StgValue>
</bind>
</comp>

<comp id="52" class="1001" name="const_52">
<pin_list>
<pin id="53" dir="1" index="0" bw="1" slack="2147483647"/>
</pin_list>
<bind>
<StgValue><ssdm name="p_str122"/></StgValue>
</bind>
</comp>

<comp id="54" class="1001" name="const_54">
<pin_list>
<pin id="55" dir="1" index="0" bw="1" slack="2147483647"/>
</pin_list>
<bind>
<StgValue><ssdm name="p_str123"/></StgValue>
</bind>
</comp>

<comp id="56" class="1001" name="const_56">
<pin_list>
<pin id="57" dir="1" index="0" bw="1" slack="2147483647"/>
</pin_list>
<bind>
<StgValue><ssdm name="p_str124"/></StgValue>
</bind>
</comp>

<comp id="58" class="1001" name="const_58">
<pin_list>
<pin id="59" dir="1" index="0" bw="1" slack="2147483647"/>
</pin_list>
<bind>
<StgValue><ssdm name="p_str125"/></StgValue>
</bind>
</comp>

<comp id="60" class="1001" name="const_60">
<pin_list>
<pin id="61" dir="1" index="0" bw="1" slack="2147483647"/>
</pin_list>
<bind>
<StgValue><ssdm name="p_str94"/></StgValue>
</bind>
</comp>

<comp id="62" class="1001" name="const_62">
<pin_list>
<pin id="63" dir="1" index="0" bw="1" slack="2147483647"/>
</pin_list>
<bind>
<StgValue><ssdm name="p_str95"/></StgValue>
</bind>
</comp>

<comp id="64" class="1001" name="const_64">
<pin_list>
<pin id="65" dir="1" index="0" bw="1" slack="2147483647"/>
</pin_list>
<bind>
<StgValue><ssdm name="p_str96"/></StgValue>
</bind>
</comp>

<comp id="66" class="1001" name="const_66">
<pin_list>
<pin id="67" dir="1" index="0" bw="1" slack="2147483647"/>
</pin_list>
<bind>
<StgValue><ssdm name="p_str97"/></StgValue>
</bind>
</comp>

<comp id="68" class="1001" name="const_68">
<pin_list>
<pin id="69" dir="1" index="0" bw="1" slack="2147483647"/>
</pin_list>
<bind>
<StgValue><ssdm name="p_str98"/></StgValue>
</bind>
</comp>

<comp id="70" class="1001" name="const_70">
<pin_list>
<pin id="71" dir="1" index="0" bw="1" slack="2147483647"/>
</pin_list>
<bind>
<StgValue><ssdm name="empty_8"/></StgValue>
</bind>
</comp>

<comp id="72" class="1001" name="const_72">
<pin_list>
<pin id="73" dir="1" index="0" bw="1" slack="2147483647"/>
</pin_list>
<bind>
<StgValue><ssdm name="empty"/></StgValue>
</bind>
</comp>

<comp id="74" class="1004" name="iter_1_read_fu_74">
<pin_list>
<pin id="75" dir="0" index="0" bw="32" slack="0"/>
<pin id="76" dir="0" index="1" bw="32" slack="0"/>
<pin id="77" dir="1" index="2" bw="32" slack="0"/>
</pin_list>
<bind>
<opcode="read(1150) " fcode="read"/>
<opset="iter_1/1 "/>
</bind>
</comp>

<comp id="80" class="1004" name="write_ln0_write_fu_80">
<pin_list>
<pin id="81" dir="0" index="0" bw="0" slack="0"/>
<pin id="82" dir="0" index="1" bw="32" slack="0"/>
<pin id="83" dir="0" index="2" bw="32" slack="0"/>
<pin id="84" dir="1" index="3" bw="0" slack="2147483647"/>
</pin_list>
<bind>
<opcode="write(1151) " fcode="write"/>
<opset="write_ln0/1 "/>
</bind>
</comp>

<comp id="88" class="1004" name="write_ln0_write_fu_88">
<pin_list>
<pin id="89" dir="0" index="0" bw="0" slack="0"/>
<pin id="90" dir="0" index="1" bw="32" slack="0"/>
<pin id="91" dir="0" index="2" bw="32" slack="0"/>
<pin id="92" dir="1" index="3" bw="0" slack="2147483647"/>
</pin_list>
<bind>
<opcode="write(1151) " fcode="write"/>
<opset="write_ln0/1 "/>
</bind>
</comp>

<comp id="96" class="1004" name="grp_twiddle_Pipeline_VITIS_LOOP_264_1_VITIS_LOOP_267_2_fu_96">
<pin_list>
<pin id="97" dir="0" index="0" bw="0" slack="0"/>
<pin id="98" dir="0" index="1" bw="45" slack="0"/>
<pin id="99" dir="0" index="2" bw="64" slack="0"/>
<pin id="100" dir="0" index="3" bw="32" slack="0"/>
<pin id="101" dir="0" index="4" bw="32" slack="0"/>
<pin id="102" dir="0" index="5" bw="35" slack="0"/>
<pin id="103" dir="1" index="6" bw="0" slack="2147483647"/>
</pin_list>
<bind>
<opcode="call(48) " fcode="call"/>
<opset="call_ln0/2 "/>
</bind>
</comp>

<comp id="109" class="1004" name="tmp_fu_109">
<pin_list>
<pin id="110" dir="0" index="0" bw="45" slack="0"/>
<pin id="111" dir="0" index="1" bw="32" slack="1"/>
<pin id="112" dir="0" index="2" bw="1" slack="0"/>
<pin id="113" dir="1" index="3" bw="45" slack="0"/>
</pin_list>
<bind>
<opcode="bitconcatenate(1004) " fcode="bitconcatenate"/>
<opset="tmp/2 "/>
</bind>
</comp>

<comp id="117" class="1005" name="iter_1_reg_117">
<pin_list>
<pin id="118" dir="0" index="0" bw="32" slack="1"/>
<pin id="119" dir="1" index="1" bw="32" slack="1"/>
</pin_list>
<bind>
<opset="iter_1 "/>
</bind>
</comp>

<comp id="122" class="1005" name="tmp_reg_122">
<pin_list>
<pin id="123" dir="0" index="0" bw="45" slack="1"/>
<pin id="124" dir="1" index="1" bw="45" slack="1"/>
</pin_list>
<bind>
<opset="tmp "/>
</bind>
</comp>

</comp_list>

<net_list>
<net id="78"><net_src comp="14" pin="0"/><net_sink comp="74" pin=0"/></net>

<net id="79"><net_src comp="6" pin="0"/><net_sink comp="74" pin=1"/></net>

<net id="85"><net_src comp="16" pin="0"/><net_sink comp="80" pin=0"/></net>

<net id="86"><net_src comp="10" pin="0"/><net_sink comp="80" pin=1"/></net>

<net id="87"><net_src comp="74" pin="2"/><net_sink comp="80" pin=2"/></net>

<net id="93"><net_src comp="16" pin="0"/><net_sink comp="88" pin=0"/></net>

<net id="94"><net_src comp="8" pin="0"/><net_sink comp="88" pin=1"/></net>

<net id="95"><net_src comp="74" pin="2"/><net_sink comp="88" pin=2"/></net>

<net id="104"><net_src comp="24" pin="0"/><net_sink comp="96" pin=0"/></net>

<net id="105"><net_src comp="0" pin="0"/><net_sink comp="96" pin=2"/></net>

<net id="106"><net_src comp="2" pin="0"/><net_sink comp="96" pin=3"/></net>

<net id="107"><net_src comp="4" pin="0"/><net_sink comp="96" pin=4"/></net>

<net id="108"><net_src comp="12" pin="0"/><net_sink comp="96" pin=5"/></net>

<net id="114"><net_src comp="18" pin="0"/><net_sink comp="109" pin=0"/></net>

<net id="115"><net_src comp="20" pin="0"/><net_sink comp="109" pin=2"/></net>

<net id="116"><net_src comp="109" pin="3"/><net_sink comp="96" pin=1"/></net>

<net id="120"><net_src comp="74" pin="2"/><net_sink comp="117" pin=0"/></net>

<net id="121"><net_src comp="117" pin="1"/><net_sink comp="109" pin=1"/></net>

<net id="125"><net_src comp="109" pin="3"/><net_sink comp="122" pin=0"/></net>

<net id="126"><net_src comp="122" pin="1"/><net_sink comp="96" pin=1"/></net>

</net_list>

</model> 
---------------- Datapath Model END ------------------

* FSMD analyzer results:
  - Output states:
	Port: twiddle_out0 | {2 3 }
	Port: twiddle_out1 | {2 3 }
	Port: iter_c21 | {1 }
	Port: iter_c22 | {1 }
	Port: w_lut | {}
 - Input state : 
	Port: twiddle : fft1_out | {2 3 }
	Port: twiddle : iter | {1 }
	Port: twiddle : w_lut | {2 3 }
  - Chain level:
	State 1
	State 2
		call_ln0 : 1
	State 3


============================================================
+ Verbose Summary: Datapath Resource usage 
============================================================

* Functional unit list:
|----------|--------------------------------------------------------------|---------|---------|---------|---------|
| Operation|                        Functional Unit                       |   DSP   |  Delay  |    FF   |   LUT   |
|----------|--------------------------------------------------------------|---------|---------|---------|---------|
|   call   | grp_twiddle_Pipeline_VITIS_LOOP_264_1_VITIS_LOOP_267_2_fu_96 |    4    |  2.233  |   310   |   225   |
|----------|--------------------------------------------------------------|---------|---------|---------|---------|
|   read   |                       iter_1_read_fu_74                      |    0    |    0    |    0    |    0    |
|----------|--------------------------------------------------------------|---------|---------|---------|---------|
|   write  |                     write_ln0_write_fu_80                    |    0    |    0    |    0    |    0    |
|          |                     write_ln0_write_fu_88                    |    0    |    0    |    0    |    0    |
|----------|--------------------------------------------------------------|---------|---------|---------|---------|
|bitconcatenate|                          tmp_fu_109                          |    0    |    0    |    0    |    0    |
|----------|--------------------------------------------------------------|---------|---------|---------|---------|
|   Total  |                                                              |    4    |  2.233  |   310   |   225   |
|----------|--------------------------------------------------------------|---------|---------|---------|---------|

Memories:
N/A

* Register list:
+--------------+--------+
|              |   FF   |
+--------------+--------+
|iter_1_reg_117|   32   |
|  tmp_reg_122 |   45   |
+--------------+--------+
|     Total    |   77   |
+--------------+--------+

* Multiplexer (MUX) list: 
|--------------------------------------------------------------|------|------|------|--------||---------||---------|
|                             Comp                             |  Pin | Size |  BW  | S x BW ||  Delay  ||   LUT   |
|--------------------------------------------------------------|------|------|------|--------||---------||---------|
| grp_twiddle_Pipeline_VITIS_LOOP_264_1_VITIS_LOOP_267_2_fu_96 |  p1  |   2  |  45  |   90   ||    9    |
|--------------------------------------------------------------|------|------|------|--------||---------||---------|
|                             Total                            |      |      |      |   90   ||  0.427  ||    9    |
|--------------------------------------------------------------|------|------|------|--------||---------||---------|



* Summary:
+-----------+--------+--------+--------+--------+
|           |   DSP  |  Delay |   FF   |   LUT  |
+-----------+--------+--------+--------+--------+
|  Function |    4   |    2   |   310  |   225  |
|   Memory  |    -   |    -   |    -   |    -   |
|Multiplexer|    -   |    0   |    -   |    9   |
|  Register |    -   |    -   |   77   |    -   |
+-----------+--------+--------+--------+--------+
|   Total   |    4   |    2   |   387  |   234  |
+-----------+--------+--------+--------+--------+
