

================================================================
== Vitis HLS Report for 'twiddle_Pipeline_VITIS_LOOP_264_1_VITIS_LOOP_267_2'
================================================================
* Date:           Tue Mar  3 21:26:49 2026

* Version:        2023.2 (Build 4023990 on Oct 11 2023)
* Project:        hls_project
* Solution:       solution1 (Vivado IP Flow Target)
* Product family: zynquplus
* Target device:  xck26-sfvc784-2LV-c


================================================================
== Performance Estimates
================================================================
+ Timing: 
    * Summary: 
    +--------+----------+----------+------------+
    |  Clock |  Target  | Estimated| Uncertainty|
    +--------+----------+----------+------------+
    |ap_clk  |  10.00 ns|  4.291 ns|     2.70 ns|
    +--------+----------+----------+------------+

+ Latency: 
    * Summary: 
    +---------+---------+-----------+-----------+-----+------+---------+
    |  Latency (cycles) |   Latency (absolute)  |  Interval  | Pipeline|
    |   min   |   max   |    min    |    max    | min |  max |   Type  |
    +---------+---------+-----------+-----------+-----+------+---------+
    |        2|     8198|  20.000 ns|  81.980 us|    2|  8198|       no|
    +---------+---------+-----------+-----------+-----+------+---------+

    + Detail: 
        * Instance: 
        N/A

        * Loop: 
        +-------------------------------------+---------+---------+----------+-----------+-----------+----------+----------+
        |                                     |  Latency (cycles) | Iteration|  Initiation Interval  |   Trip   |          |
        |              Loop Name              |   min   |   max   |  Latency |  achieved |   target  |   Count  | Pipelined|
        +-------------------------------------+---------+---------+----------+-----------+-----------+----------+----------+
        |- VITIS_LOOP_264_1_VITIS_LOOP_267_2  |        0|     8196|         6|          1|          1|  0 ~ 8192|       yes|
        +-------------------------------------+---------+---------+----------+-----------+-----------+----------+----------+

============================================================
+ Verbose Summary: Synthesis Manager
============================================================
InlineROM: 1
ExposeGlobal: 0
============================================================
+ Verbose Summary: CDFG Model
============================================================
IsTopModel: 0
ResetActiveHigh: 1
IsCombinational: 0
IsDatapathOnly: 0
HasWiredReturn: 1
HasMFsm: 2
HasVarLatency: 1
IsPipeline: 0
IsRtlPipelined: 0
IsInstanceOverlapped: 0
IsDontTouch: 0
HasImplIP: 0
IsGatedGlobalClock: 0

+ Individual pipeline summary: 
  * Pipeline-0: initiation interval (II) = 1, depth = 7


============================================================
+ Verbose Summary: Schedule
============================================================
* Number of FSM states : 7
* Pipeline : 1
  Pipeline-0 : II = 1, D = 7, States = { 1 2 3 4 5 6 7 }
* Dataflow Pipeline: 0

* FSM state transitions: 
1 --> 2 
2 --> 3 
3 --> 4 
4 --> 5 
5 --> 6 
6 --> 7 
7 --> 

* FSM state operations: 

State 1 <SV = 0> <Delay = 0.42>
ST_1 : Operation 9 [1/1] (0.00ns)   --->   "%i = alloca i32 1" [fft_16k_ssr2_i14_c16_t18.cpp:267]   --->   Operation 9 'alloca' 'i' <Predicate = true> <Delay = 0.00>
ST_1 : Operation 10 [1/1] (0.00ns)   --->   "%indvar_flatten = alloca i32 1"   --->   Operation 10 'alloca' 'indvar_flatten' <Predicate = true> <Delay = 0.00>
ST_1 : Operation 11 [1/1] (0.00ns)   --->   "%specinterface_ln0 = specinterface void @_ssdm_op_SpecInterface, i64 %fft1_out, void @empty_8, i32 0, i32 0, void @empty, i32 0, i32 0, void @empty, void @empty, void @empty, i32 0, i32 0, i32 0, i32 0, void @empty, void @empty, i32 4294967295, i32 0"   --->   Operation 11 'specinterface' 'specinterface_ln0' <Predicate = true> <Delay = 0.00>
ST_1 : Operation 12 [1/1] (0.00ns)   --->   "%specinterface_ln0 = specinterface void @_ssdm_op_SpecInterface, i32 %twiddle_out0, void @empty_8, i32 0, i32 0, void @empty, i32 0, i32 0, void @empty, void @empty, void @empty, i32 0, i32 0, i32 0, i32 0, void @empty, void @empty, i32 4294967295, i32 0"   --->   Operation 12 'specinterface' 'specinterface_ln0' <Predicate = true> <Delay = 0.00>
ST_1 : Operation 13 [1/1] (0.00ns)   --->   "%specinterface_ln0 = specinterface void @_ssdm_op_SpecInterface, i32 %twiddle_out1, void @empty_8, i32 0, i32 0, void @empty, i32 0, i32 0, void @empty, void @empty, void @empty, i32 0, i32 0, i32 0, i32 0, void @empty, void @empty, i32 4294967295, i32 0"   --->   Operation 13 'specinterface' 'specinterface_ln0' <Predicate = true> <Delay = 0.00>
ST_1 : Operation 14 [1/1] (0.00ns)   --->   "%bound_read = read i45 @_ssdm_op_Read.ap_auto.i45, i45 %bound"   --->   Operation 14 'read' 'bound_read' <Predicate = true> <Delay = 0.00>
ST_1 : Operation 15 [1/1] (0.42ns)   --->   "%store_ln0 = store i45 0, i45 %indvar_flatten"   --->   Operation 15 'store' 'store_ln0' <Predicate = true> <Delay = 0.42>
ST_1 : Operation 16 [1/1] (0.42ns)   --->   "%store_ln267 = store i14 0, i14 %i" [fft_16k_ssr2_i14_c16_t18.cpp:267]   --->   Operation 16 'store' 'store_ln267' <Predicate = true> <Delay = 0.42>
ST_1 : Operation 17 [1/1] (0.00ns)   --->   "%br_ln0 = br void %for.inc"   --->   Operation 17 'br' 'br_ln0' <Predicate = true> <Delay = 0.00>

State 2 <SV = 1> <Delay = 1.49>
ST_2 : Operation 18 [1/1] (0.00ns)   --->   "%indvar_flatten_load = load i45 %indvar_flatten" [fft_16k_ssr2_i14_c16_t18.cpp:264]   --->   Operation 18 'load' 'indvar_flatten_load' <Predicate = true> <Delay = 0.00>
ST_2 : Operation 19 [1/1] (1.06ns)   --->   "%icmp_ln264 = icmp_eq  i45 %indvar_flatten_load, i45 %bound_read" [fft_16k_ssr2_i14_c16_t18.cpp:264]   --->   Operation 19 'icmp' 'icmp_ln264' <Predicate = true> <Delay = 1.06> <CoreInst = "Cmp">   --->   Core 9 'Cmp' <Latency = 0> <II = 1> <Delay = 1.06> <FuncUnit> <Opcode : 'icmp'> <InPorts = 2> <OutPorts = 1>
ST_2 : Operation 20 [1/1] (1.06ns)   --->   "%add_ln264 = add i45 %indvar_flatten_load, i45 1" [fft_16k_ssr2_i14_c16_t18.cpp:264]   --->   Operation 20 'add' 'add_ln264' <Predicate = true> <Delay = 1.06> <CoreInst = "Adder">   --->   Core 1 'Adder' <Latency = 0> <II = 1> <Delay = 1.06> <FuncUnit> <Opcode : 'add' 'sub'> <InPorts = 2> <OutPorts = 1>
ST_2 : Operation 21 [1/1] (0.00ns)   --->   "%br_ln264 = br i1 %icmp_ln264, void %for.inc7, void %for.end9.loopexit.exitStub" [fft_16k_ssr2_i14_c16_t18.cpp:264]   --->   Operation 21 'br' 'br_ln264' <Predicate = true> <Delay = 0.00>
ST_2 : Operation 22 [1/1] (0.42ns)   --->   "%store_ln264 = store i45 %add_ln264, i45 %indvar_flatten" [fft_16k_ssr2_i14_c16_t18.cpp:264]   --->   Operation 22 'store' 'store_ln264' <Predicate = (!icmp_ln264)> <Delay = 0.42>

State 3 <SV = 2> <Delay = 2.32>
ST_3 : Operation 23 [1/1] (0.00ns)   --->   "%i_load = load i14 %i" [fft_16k_ssr2_i14_c16_t18.cpp:267]   --->   Operation 23 'load' 'i_load' <Predicate = true> <Delay = 0.00>
ST_3 : Operation 24 [1/1] (0.83ns)   --->   "%icmp_ln267 = icmp_eq  i14 %i_load, i14 8192" [fft_16k_ssr2_i14_c16_t18.cpp:267]   --->   Operation 24 'icmp' 'icmp_ln267' <Predicate = true> <Delay = 0.83> <CoreInst = "Cmp">   --->   Core 9 'Cmp' <Latency = 0> <II = 1> <Delay = 0.83> <FuncUnit> <Opcode : 'icmp'> <InPorts = 2> <OutPorts = 1>
ST_3 : Operation 25 [1/1] (0.23ns)   --->   "%select_ln264 = select i1 %icmp_ln267, i14 0, i14 %i_load" [fft_16k_ssr2_i14_c16_t18.cpp:264]   --->   Operation 25 'select' 'select_ln264' <Predicate = true> <Delay = 0.23> <CoreInst = "Sel">   --->   Core 73 'Sel' <Latency = 0> <II = 1> <Delay = 0.23> <FuncUnit> <Opcode : 'select'> <InPorts = 3> <OutPorts = 1>
ST_3 : Operation 26 [1/1] (0.00ns)   --->   "%trunc_ln267 = trunc i14 %select_ln264" [fft_16k_ssr2_i14_c16_t18.cpp:267]   --->   Operation 26 'trunc' 'trunc_ln267' <Predicate = true> <Delay = 0.00>
ST_3 : Operation 27 [2/2] (1.23ns)   --->   "%call_ret = call i36 @get_phase_factor, i13 %trunc_ln267, i35 %w_lut" [fft_16k_ssr2_i14_c16_t18.cpp:271]   --->   Operation 27 'call' 'call_ret' <Predicate = (!icmp_ln264)> <Delay = 1.23> <CoreType = "Generic">   --->   Core 0 '' <Latency = 0> <II = 1> <Delay = 1.00> <Generic> <Opcode : >
ST_3 : Operation 28 [1/1] (0.83ns)   --->   "%i_1 = add i14 %select_ln264, i14 1" [fft_16k_ssr2_i14_c16_t18.cpp:267]   --->   Operation 28 'add' 'i_1' <Predicate = true> <Delay = 0.83> <CoreInst = "Adder">   --->   Core 1 'Adder' <Latency = 0> <II = 1> <Delay = 0.83> <FuncUnit> <Opcode : 'add' 'sub'> <InPorts = 2> <OutPorts = 1>
ST_3 : Operation 29 [1/1] (0.42ns)   --->   "%store_ln267 = store i14 %i_1, i14 %i" [fft_16k_ssr2_i14_c16_t18.cpp:267]   --->   Operation 29 'store' 'store_ln267' <Predicate = true> <Delay = 0.42>

State 4 <SV = 3> <Delay = 4.29>
ST_4 : Operation 30 [1/1] (1.83ns)   --->   "%fft1_out_read = read i64 @_ssdm_op_Read.ap_fifo.volatile.i64P0A, i64 %fft1_out" [fft_16k_ssr2_i14_c16_t18.cpp:270]   --->   Operation 30 'read' 'fft1_out_read' <Predicate = true> <Delay = 1.83> <CoreInst = "FIFO_SRL">   --->   Core 81 'FIFO_SRL' <Latency = 0> <II = 1> <Delay = 1.83> <Storage> <Opcode : 'read' 'write' 'nbread' 'nbwrite'> <Ports = 0> <Width = 64> <Depth = 2> <FIFO>
ST_4 : Operation 31 [1/1] (0.00ns)   --->   "%temp_data1_M_real = partselect i16 @_ssdm_op_PartSelect.i16.i64.i32.i32, i64 %fft1_out_read, i32 32, i32 47" [fft_16k_ssr2_i14_c16_t18.cpp:270]   --->   Operation 31 'partselect' 'temp_data1_M_real' <Predicate = true> <Delay = 0.00>
ST_4 : Operation 32 [1/1] (0.00ns)   --->   "%temp_data1_M_imag = partselect i16 @_ssdm_op_PartSelect.i16.i64.i32.i32, i64 %fft1_out_read, i32 48, i32 63" [fft_16k_ssr2_i14_c16_t18.cpp:270]   --->   Operation 32 'partselect' 'temp_data1_M_imag' <Predicate = true> <Delay = 0.00>
ST_4 : Operation 33 [1/2] (1.23ns)   --->   "%call_ret = call i36 @get_phase_factor, i13 %trunc_ln267, i35 %w_lut" [fft_16k_ssr2_i14_c16_t18.cpp:271]   --->   Operation 33 'call' 'call_ret' <Predicate = (!icmp_ln264)> <Delay = 1.23> <CoreType = "Generic">   --->   Core 0 '' <Latency = 0> <II = 1> <Delay = 1.00> <Generic> <Opcode : >
ST_4 : Operation 34 [1/1] (0.00ns)   --->   "%w_M_real = extractvalue i36 %call_ret" [fft_16k_ssr2_i14_c16_t18.cpp:271]   --->   Operation 34 'extractvalue' 'w_M_real' <Predicate = true> <Delay = 0.00>
ST_4 : Operation 35 [1/1] (0.00ns)   --->   "%w_M_imag = extractvalue i36 %call_ret" [fft_16k_ssr2_i14_c16_t18.cpp:271]   --->   Operation 35 'extractvalue' 'w_M_imag' <Predicate = true> <Delay = 0.00>
ST_4 : Operation 36 [1/1] (0.00ns)   --->   "%sext_ln50 = sext i18 %w_M_real" [fft_16k_ssr2_i14_c16_t18.cpp:50->fft_16k_ssr2_i14_c16_t18.cpp:273]   --->   Operation 36 'sext' 'sext_ln50' <Predicate = true> <Delay = 0.00>
ST_4 : Operation 37 [1/1] (0.00ns)   --->   "%sext_ln50_1 = sext i16 %temp_data1_M_real" [fft_16k_ssr2_i14_c16_t18.cpp:50->fft_16k_ssr2_i14_c16_t18.cpp:273]   --->   Operation 37 'sext' 'sext_ln50_1' <Predicate = true> <Delay = 0.00>
ST_4 : Operation 38 [1/1] (0.00ns)   --->   "%sext_ln50_2 = sext i18 %w_M_imag" [fft_16k_ssr2_i14_c16_t18.cpp:50->fft_16k_ssr2_i14_c16_t18.cpp:273]   --->   Operation 38 'sext' 'sext_ln50_2' <Predicate = true> <Delay = 0.00>
ST_4 : Operation 39 [1/1] (0.00ns)   --->   "%sext_ln50_3 = sext i16 %temp_data1_M_imag" [fft_16k_ssr2_i14_c16_t18.cpp:50->fft_16k_ssr2_i14_c16_t18.cpp:273]   --->   Operation 39 'sext' 'sext_ln50_3' <Predicate = true> <Delay = 0.00>
ST_4 : Operation 40 [1/1] (2.45ns)   --->   "%mul_ln50 = mul i32 %sext_ln50, i32 %sext_ln50_1" [fft_16k_ssr2_i14_c16_t18.cpp:50->fft_16k_ssr2_i14_c16_t18.cpp:273]   --->   Operation 40 'mul' 'mul_ln50' <Predicate = true> <Delay = 2.45> <CoreInst = "Multiplier">   --->   Core 3 'Multiplier' <Latency = 0> <II = 1> <Delay = 2.45> <FuncUnit> <Opcode : 'mul'> <InPorts = 2> <OutPorts = 1>
ST_4 : Operation 41 [3/3] (0.99ns) (grouped into DSP with root node val_M_real)   --->   "%mul_ln50_1 = mul i32 %sext_ln50_2, i32 %sext_ln50_3" [fft_16k_ssr2_i14_c16_t18.cpp:50->fft_16k_ssr2_i14_c16_t18.cpp:273]   --->   Operation 41 'mul' 'mul_ln50_1' <Predicate = true> <Delay = 0.99> <CoreInst = "DSP48">   --->   Core 127 'DSP48' <Latency = 3> <II = 1> <Delay = 0.53> <IPBlock> <Opcode : '' 'add' 'sub' 'mul' 'select'> <InPorts = 0> <OutPorts = 1> <Sync> <CReg>
ST_4 : Operation 42 [1/1] (2.45ns)   --->   "%mul_ln51 = mul i32 %sext_ln50_2, i32 %sext_ln50_1" [fft_16k_ssr2_i14_c16_t18.cpp:51->fft_16k_ssr2_i14_c16_t18.cpp:273]   --->   Operation 42 'mul' 'mul_ln51' <Predicate = true> <Delay = 2.45> <CoreInst = "Multiplier">   --->   Core 3 'Multiplier' <Latency = 0> <II = 1> <Delay = 2.45> <FuncUnit> <Opcode : 'mul'> <InPorts = 2> <OutPorts = 1>
ST_4 : Operation 43 [3/3] (0.99ns) (grouped into DSP with root node val_M_imag)   --->   "%mul_ln51_1 = mul i32 %sext_ln50, i32 %sext_ln50_3" [fft_16k_ssr2_i14_c16_t18.cpp:51->fft_16k_ssr2_i14_c16_t18.cpp:273]   --->   Operation 43 'mul' 'mul_ln51_1' <Predicate = true> <Delay = 0.99> <CoreInst = "DSP48">   --->   Core 127 'DSP48' <Latency = 3> <II = 1> <Delay = 0.53> <IPBlock> <Opcode : '' 'add' 'sub' 'mul' 'select'> <InPorts = 0> <OutPorts = 1> <Sync> <CReg>
ST_4 : Operation 44 [1/1] (0.00ns)   --->   "%trunc_ln274 = trunc i64 %fft1_out_read" [fft_16k_ssr2_i14_c16_t18.cpp:274]   --->   Operation 44 'trunc' 'trunc_ln274' <Predicate = true> <Delay = 0.00>

State 5 <SV = 4> <Delay = 0.99>
ST_5 : Operation 45 [2/3] (0.99ns) (grouped into DSP with root node val_M_real)   --->   "%mul_ln50_1 = mul i32 %sext_ln50_2, i32 %sext_ln50_3" [fft_16k_ssr2_i14_c16_t18.cpp:50->fft_16k_ssr2_i14_c16_t18.cpp:273]   --->   Operation 45 'mul' 'mul_ln50_1' <Predicate = true> <Delay = 0.99> <CoreInst = "DSP48">   --->   Core 127 'DSP48' <Latency = 3> <II = 1> <Delay = 0.53> <IPBlock> <Opcode : '' 'add' 'sub' 'mul' 'select'> <InPorts = 0> <OutPorts = 1> <Sync> <CReg>
ST_5 : Operation 46 [2/3] (0.99ns) (grouped into DSP with root node val_M_imag)   --->   "%mul_ln51_1 = mul i32 %sext_ln50, i32 %sext_ln50_3" [fft_16k_ssr2_i14_c16_t18.cpp:51->fft_16k_ssr2_i14_c16_t18.cpp:273]   --->   Operation 46 'mul' 'mul_ln51_1' <Predicate = true> <Delay = 0.99> <CoreInst = "DSP48">   --->   Core 127 'DSP48' <Latency = 3> <II = 1> <Delay = 0.53> <IPBlock> <Opcode : '' 'add' 'sub' 'mul' 'select'> <InPorts = 0> <OutPorts = 1> <Sync> <CReg>

State 6 <SV = 5> <Delay = 0.64>
ST_6 : Operation 47 [1/3] (0.00ns) (grouped into DSP with root node val_M_real)   --->   "%mul_ln50_1 = mul i32 %sext_ln50_2, i32 %sext_ln50_3" [fft_16k_ssr2_i14_c16_t18.cpp:50->fft_16k_ssr2_i14_c16_t18.cpp:273]   --->   Operation 47 'mul' 'mul_ln50_1' <Predicate = true> <Delay = 0.00> <CoreInst = "DSP48">   --->   Core 127 'DSP48' <Latency = 3> <II = 1> <Delay = 0.53> <IPBlock> <Opcode : '' 'add' 'sub' 'mul' 'select'> <InPorts = 0> <OutPorts = 1> <Sync> <CReg>
ST_6 : Operation 48 [2/2] (0.64ns) (root node of the DSP)   --->   "%val_M_real = sub i32 %mul_ln50, i32 %mul_ln50_1" [fft_16k_ssr2_i14_c16_t18.cpp:50->fft_16k_ssr2_i14_c16_t18.cpp:273]   --->   Operation 48 'sub' 'val_M_real' <Predicate = true> <Delay = 0.64> <CoreInst = "DSP48">   --->   Core 127 'DSP48' <Latency = 3> <II = 1> <Delay = 0.53> <IPBlock> <Opcode : '' 'add' 'sub' 'mul' 'select'> <InPorts = 0> <OutPorts = 1> <Sync> <CReg>
ST_6 : Operation 49 [1/3] (0.00ns) (grouped into DSP with root node val_M_imag)   --->   "%mul_ln51_1 = mul i32 %sext_ln50, i32 %sext_ln50_3" [fft_16k_ssr2_i14_c16_t18.cpp:51->fft_16k_ssr2_i14_c16_t18.cpp:273]   --->   Operation 49 'mul' 'mul_ln51_1' <Predicate = true> <Delay = 0.00> <CoreInst = "DSP48">   --->   Core 127 'DSP48' <Latency = 3> <II = 1> <Delay = 0.53> <IPBlock> <Opcode : '' 'add' 'sub' 'mul' 'select'> <InPorts = 0> <OutPorts = 1> <Sync> <CReg>
ST_6 : Operation 50 [2/2] (0.64ns) (root node of the DSP)   --->   "%val_M_imag = add i32 %mul_ln51, i32 %mul_ln51_1" [fft_16k_ssr2_i14_c16_t18.cpp:51->fft_16k_ssr2_i14_c16_t18.cpp:273]   --->   Operation 50 'add' 'val_M_imag' <Predicate = true> <Delay = 0.64> <CoreInst = "DSP48">   --->   Core 127 'DSP48' <Latency = 3> <II = 1> <Delay = 0.53> <IPBlock> <Opcode : '' 'add' 'sub' 'mul' 'select'> <InPorts = 0> <OutPorts = 1> <Sync> <CReg>
ST_6 : Operation 62 [1/1] (0.00ns)   --->   "%ret_ln0 = ret"   --->   Operation 62 'ret' 'ret_ln0' <Predicate = (icmp_ln264)> <Delay = 0.00>

State 7 <SV = 6> <Delay = 2.48>
ST_7 : Operation 51 [1/1] (0.00ns)   --->   "%specloopname_ln0 = specloopname void @_ssdm_op_SpecLoopName, void @VITIS_LOOP_264_1_VITIS_LOOP_267_2_str"   --->   Operation 51 'specloopname' 'specloopname_ln0' <Predicate = true> <Delay = 0.00>
ST_7 : Operation 52 [1/1] (0.00ns)   --->   "%speclooptripcount_ln0 = speclooptripcount void @_ssdm_op_SpecLoopTripCount, i64 0, i64 8192, i64 0"   --->   Operation 52 'speclooptripcount' 'speclooptripcount_ln0' <Predicate = true> <Delay = 0.00>
ST_7 : Operation 53 [1/1] (0.00ns)   --->   "%specpipeline_ln269 = specpipeline void @_ssdm_op_SpecPipeline, i32 1, i32 0, i32 0, i32 0, void @empty" [fft_16k_ssr2_i14_c16_t18.cpp:269]   --->   Operation 53 'specpipeline' 'specpipeline_ln269' <Predicate = true> <Delay = 0.00>
ST_7 : Operation 54 [1/2] (0.64ns) (root node of the DSP)   --->   "%val_M_real = sub i32 %mul_ln50, i32 %mul_ln50_1" [fft_16k_ssr2_i14_c16_t18.cpp:50->fft_16k_ssr2_i14_c16_t18.cpp:273]   --->   Operation 54 'sub' 'val_M_real' <Predicate = true> <Delay = 0.64> <CoreInst = "DSP48">   --->   Core 127 'DSP48' <Latency = 3> <II = 1> <Delay = 0.53> <IPBlock> <Opcode : '' 'add' 'sub' 'mul' 'select'> <InPorts = 0> <OutPorts = 1> <Sync> <CReg>
ST_7 : Operation 55 [1/2] (0.64ns) (root node of the DSP)   --->   "%val_M_imag = add i32 %mul_ln51, i32 %mul_ln51_1" [fft_16k_ssr2_i14_c16_t18.cpp:51->fft_16k_ssr2_i14_c16_t18.cpp:273]   --->   Operation 55 'add' 'val_M_imag' <Predicate = true> <Delay = 0.64> <CoreInst = "DSP48">   --->   Core 127 'DSP48' <Latency = 3> <II = 1> <Delay = 0.53> <IPBlock> <Opcode : '' 'add' 'sub' 'mul' 'select'> <InPorts = 0> <OutPorts = 1> <Sync> <CReg>
ST_7 : Operation 56 [1/1] (1.83ns)   --->   "%write_ln274 = write void @_ssdm_op_Write.ap_fifo.volatile.i32P0A, i32 %twiddle_out0, i32 %trunc_ln274" [fft_16k_ssr2_i14_c16_t18.cpp:274]   --->   Operation 56 'write' 'write_ln274' <Predicate = true> <Delay = 1.83> <CoreInst = "FIFO_SRL">   --->   Core 81 'FIFO_SRL' <Latency = 0> <II = 1> <Delay = 1.83> <Storage> <Opcode : 'read' 'write' 'nbread' 'nbwrite'> <Ports = 0> <Width = 32> <Depth = 2> <FIFO>
ST_7 : Operation 57 [1/1] (0.00ns)   --->   "%trunc_ln1 = partselect i16 @_ssdm_op_PartSelect.i16.i32.i32.i32, i32 %val_M_real, i32 16, i32 31" [fft_16k_ssr2_i14_c16_t18.cpp:275]   --->   Operation 57 'partselect' 'trunc_ln1' <Predicate = true> <Delay = 0.00>
ST_7 : Operation 58 [1/1] (0.00ns)   --->   "%trunc_ln275_1 = partselect i16 @_ssdm_op_PartSelect.i16.i32.i32.i32, i32 %val_M_imag, i32 16, i32 31" [fft_16k_ssr2_i14_c16_t18.cpp:275]   --->   Operation 58 'partselect' 'trunc_ln275_1' <Predicate = true> <Delay = 0.00>
ST_7 : Operation 59 [1/1] (0.00ns)   --->   "%p_0 = bitconcatenate i32 @_ssdm_op_BitConcatenate.i32.i16.i16, i16 %trunc_ln275_1, i16 %trunc_ln1" [fft_16k_ssr2_i14_c16_t18.cpp:275]   --->   Operation 59 'bitconcatenate' 'p_0' <Predicate = true> <Delay = 0.00>
ST_7 : Operation 60 [1/1] (1.83ns)   --->   "%write_ln275 = write void @_ssdm_op_Write.ap_fifo.volatile.i32P0A, i32 %twiddle_out1, i32 %p_0" [fft_16k_ssr2_i14_c16_t18.cpp:275]   --->   Operation 60 'write' 'write_ln275' <Predicate = true> <Delay = 1.83> <CoreInst = "FIFO_SRL">   --->   Core 81 'FIFO_SRL' <Latency = 0> <II = 1> <Delay = 1.83> <Storage> <Opcode : 'read' 'write' 'nbread' 'nbwrite'> <Ports = 0> <Width = 32> <Depth = 2> <FIFO>
ST_7 : Operation 61 [1/1] (0.00ns)   --->   "%br_ln267 = br void %for.inc" [fft_16k_ssr2_i14_c16_t18.cpp:267]   --->   Operation 61 'br' 'br_ln267' <Predicate = true> <Delay = 0.00>


============================================================
+ Verbose Summary: Timing violations
============================================================
Target clock period: 10.000ns, clock uncertainty: 2.700ns.

 <State 1>: 0.427ns
The critical path consists of the following:
	'alloca' operation 45 bit ('indvar_flatten') [7]  (0.000 ns)
	'store' operation 0 bit ('store_ln0') of constant 0 on local variable 'indvar_flatten' [12]  (0.427 ns)

 <State 2>: 1.496ns
The critical path consists of the following:
	'load' operation 45 bit ('indvar_flatten_load', fft_16k_ssr2_i14_c16_t18.cpp:264) on local variable 'indvar_flatten' [16]  (0.000 ns)
	'add' operation 45 bit ('add_ln264', fft_16k_ssr2_i14_c16_t18.cpp:264) [18]  (1.069 ns)
	'store' operation 0 bit ('store_ln264', fft_16k_ssr2_i14_c16_t18.cpp:264) of variable 'add_ln264', fft_16k_ssr2_i14_c16_t18.cpp:264 on local variable 'indvar_flatten' [51]  (0.427 ns)

 <State 3>: 2.321ns
The critical path consists of the following:
	'load' operation 14 bit ('i_load', fft_16k_ssr2_i14_c16_t18.cpp:267) on local variable 'i', fft_16k_ssr2_i14_c16_t18.cpp:267 [21]  (0.000 ns)
	'icmp' operation 1 bit ('icmp_ln267', fft_16k_ssr2_i14_c16_t18.cpp:267) [24]  (0.831 ns)
	'select' operation 14 bit ('select_ln264', fft_16k_ssr2_i14_c16_t18.cpp:264) [25]  (0.232 ns)
	'add' operation 14 bit ('i', fft_16k_ssr2_i14_c16_t18.cpp:267) [50]  (0.831 ns)
	'store' operation 0 bit ('store_ln267', fft_16k_ssr2_i14_c16_t18.cpp:267) of variable 'i', fft_16k_ssr2_i14_c16_t18.cpp:267 on local variable 'i', fft_16k_ssr2_i14_c16_t18.cpp:267 [52]  (0.427 ns)

 <State 4>: 4.291ns
The critical path consists of the following:
	fifo read operation ('fft1_out_read', fft_16k_ssr2_i14_c16_t18.cpp:270) on port 'fft1_out' (fft_16k_ssr2_i14_c16_t18.cpp:270) [28]  (1.838 ns)
	'mul' operation 32 bit ('mul_ln50', fft_16k_ssr2_i14_c16_t18.cpp:50->fft_16k_ssr2_i14_c16_t18.cpp:273) [38]  (2.453 ns)

 <State 5>: 0.996ns
The critical path consists of the following:
	'mul' operation 32 bit of DSP[40] ('mul_ln50_1', fft_16k_ssr2_i14_c16_t18.cpp:50->fft_16k_ssr2_i14_c16_t18.cpp:273) [39]  (0.996 ns)

 <State 6>: 0.645ns
The critical path consists of the following:
	'mul' operation 32 bit of DSP[40] ('mul_ln50_1', fft_16k_ssr2_i14_c16_t18.cpp:50->fft_16k_ssr2_i14_c16_t18.cpp:273) [39]  (0.000 ns)
	'sub' operation 32 bit of DSP[40] ('val._M_real', fft_16k_ssr2_i14_c16_t18.cpp:50->fft_16k_ssr2_i14_c16_t18.cpp:273) [40]  (0.645 ns)

 <State 7>: 2.483ns
The critical path consists of the following:
	'sub' operation 32 bit of DSP[40] ('val._M_real', fft_16k_ssr2_i14_c16_t18.cpp:50->fft_16k_ssr2_i14_c16_t18.cpp:273) [40]  (0.645 ns)
	fifo write operation ('write_ln275', fft_16k_ssr2_i14_c16_t18.cpp:275) on port 'twiddle_out1' (fft_16k_ssr2_i14_c16_t18.cpp:275) [49]  (1.838 ns)


============================================================
+ Verbose Summary: Binding
============================================================
N/A
* FSMD analyzer results:
  - Output states:
 - Input state : 
  - Chain level:
	State 1
	State 2
	State 3
	State 4
	State 5
	State 6
	State 7


============================================================
+ Verbose Summary: Datapath Resource usage 
============================================================
N/A
