

================================================================
== Vitis HLS Report for 'dataflow_in_loop_VITIS_LOOP_158_1'
================================================================
* Date:           Tue Mar  3 20:53:54 2026

* Version:        2023.2 (Build 4023990 on Oct 11 2023)
* Project:        hls_project
* Solution:       solution1 (Vivado IP Flow Target)
* Product family: zynquplus
* Target device:  xck26-sfvc784-2LV-c


================================================================
== Performance Estimates
================================================================
+ Timing: 
    * Summary: 
    +--------+---------+----------+------------+
    |  Clock |  Target | Estimated| Uncertainty|
    +--------+---------+----------+------------+
    |ap_clk  |  3.00 ns|  2.190 ns|     0.81 ns|
    +--------+---------+----------+------------+

+ Latency: 
    * Summary: 
    +---------+---------+----------+----------+-----+-----+----------+
    |  Latency (cycles) |  Latency (absolute) |  Interval | Pipeline |
    |   min   |   max   |    min   |    max   | min | max |   Type   |
    +---------+---------+----------+----------+-----+-----+----------+
    |      105|      105|  0.315 us|  0.315 us|  104|  104|  dataflow|
    +---------+---------+----------+----------+-----+-----+----------+

    + Detail: 
        * Instance: 
        +---------------------------------+------------------------------+---------+---------+----------+----------+-----+-----+----------+
        |                                 |                              |  Latency (cycles) |  Latency (absolute) |  Interval | Pipeline |
        |             Instance            |            Module            |   min   |   max   |    min   |    max   | min | max |   Type   |
        +---------------------------------+------------------------------+---------+---------+----------+----------+-----+-----+----------+
        |Block_newFuncRoot_proc_proc_U0   |Block_newFuncRoot_proc_proc   |        0|        0|      0 ns|      0 ns|    0|    0|        no|
        |Block_newFuncRoot_proc_proc5_U0  |Block_newFuncRoot_proc_proc5  |        0|        0|      0 ns|      0 ns|    0|    0|        no|
        |fft_fft_params_U0                |fft_fft_params_s              |      103|      103|  0.309 us|  0.309 us|  104|  104|  dataflow|
        |Block_newFuncRoot_proc_proc6_U0  |Block_newFuncRoot_proc_proc6  |        0|        0|      0 ns|      0 ns|    0|    0|        no|
        +---------------------------------+------------------------------+---------+---------+----------+----------+-----+-----+----------+

        * Loop: 
        N/A



================================================================
== Utilization Estimates
================================================================
* Summary: 
+-----------------+---------+------+--------+--------+-----+
|       Name      | BRAM_18K|  DSP |   FF   |   LUT  | URAM|
+-----------------+---------+------+--------+--------+-----+
|DSP              |        -|     -|       -|       -|    -|
|Expression       |        -|     -|       0|       2|    -|
|FIFO             |        -|     -|     297|     201|    -|
|Instance         |        1|     0|    3104|    2374|    -|
|Memory           |        -|     -|       -|       -|    -|
|Multiplexer      |        -|     -|       -|       -|    -|
|Register         |        -|     -|       -|       -|    -|
+-----------------+---------+------+--------+--------+-----+
|Total            |        1|     0|    3401|    2577|    0|
+-----------------+---------+------+--------+--------+-----+
|Available        |      288|  1248|  234240|  117120|   64|
+-----------------+---------+------+--------+--------+-----+
|Utilization (%)  |       ~0|     0|       1|       2|    0|
+-----------------+---------+------+--------+--------+-----+

+ Detail: 
    * Instance: 
    +---------------------------------+------------------------------+---------+----+------+------+-----+
    |             Instance            |            Module            | BRAM_18K| DSP|  FF  |  LUT | URAM|
    +---------------------------------+------------------------------+---------+----+------+------+-----+
    |Block_newFuncRoot_proc_proc_U0   |Block_newFuncRoot_proc_proc   |        0|   0|     6|    20|    0|
    |Block_newFuncRoot_proc_proc5_U0  |Block_newFuncRoot_proc_proc5  |        0|   0|     3|    29|    0|
    |Block_newFuncRoot_proc_proc6_U0  |Block_newFuncRoot_proc_proc6  |        0|   0|     2|    20|    0|
    |fft_fft_params_U0                |fft_fft_params_s              |        1|   0|  3093|  2305|    0|
    +---------------------------------+------------------------------+---------+----+------+------+-----+
    |Total                            |                              |        1|   0|  3104|  2374|    0|
    +---------------------------------+------------------------------+---------+----+------+------+-----+

    * DSP: 
    N/A

    * Memory: 
    N/A

    * FIFO: 
    +--------------+---------+----+----+-----+------+-----+---------+
    |     Name     | BRAM_18K| FF | LUT| URAM| Depth| Bits| Size:D*B|
    +--------------+---------+----+----+-----+------+-----+---------+
    |empty_U       |        0|  99|   0|    -|     2|    8|       16|
    |fft_config_U  |        0|  99|   0|    -|     2|    8|       16|
    |fft_status_U  |        0|  99|   0|    -|     2|    8|       16|
    +--------------+---------+----+----+-----+------+-----+---------+
    |Total         |        0| 297|   0|    0|     6|   24|       48|
    +--------------+---------+----+----+-----+------+-----+---------+

    * Expression: 
    +--------------+----------+----+---+----+------------+------------+
    | Variable Name| Operation| DSP| FF| LUT| Bitwidth P0| Bitwidth P1|
    +--------------+----------+----+---+----+------------+------------+
    |ap_idle       |       and|   0|  0|   2|           1|           1|
    +--------------+----------+----+---+----+------------+------------+
    |Total         |          |   0|  0|   2|           1|           1|
    +--------------+----------+----+---+----+------------+------------+

    * Multiplexer: 
    N/A

    * Register: 
    N/A



================================================================
== Interface
================================================================
* Summary: 
+----------------------+-----+-----+------------+-----------------------------------+--------------+
|       RTL Ports      | Dir | Bits|  Protocol  |           Source Object           |    C Type    |
+----------------------+-----+-----+------------+-----------------------------------+--------------+
|input_stream_dout     |   in|   32|     ap_fifo|                       input_stream|       pointer|
|input_stream_empty_n  |   in|    1|     ap_fifo|                       input_stream|       pointer|
|input_stream_read     |  out|    1|     ap_fifo|                       input_stream|       pointer|
|fft_out_din           |  out|   32|     ap_fifo|                            fft_out|       pointer|
|fft_out_full_n        |   in|    1|     ap_fifo|                            fft_out|       pointer|
|fft_out_write         |  out|    1|     ap_fifo|                            fft_out|       pointer|
|ap_clk                |   in|    1|  ap_ctrl_hs|  dataflow_in_loop_VITIS_LOOP_158_1|  return value|
|ap_rst                |   in|    1|  ap_ctrl_hs|  dataflow_in_loop_VITIS_LOOP_158_1|  return value|
|ap_start              |   in|    1|  ap_ctrl_hs|  dataflow_in_loop_VITIS_LOOP_158_1|  return value|
|ap_done               |  out|    1|  ap_ctrl_hs|  dataflow_in_loop_VITIS_LOOP_158_1|  return value|
|ap_ready              |  out|    1|  ap_ctrl_hs|  dataflow_in_loop_VITIS_LOOP_158_1|  return value|
|ap_idle               |  out|    1|  ap_ctrl_hs|  dataflow_in_loop_VITIS_LOOP_158_1|  return value|
|ap_continue           |   in|    1|  ap_ctrl_hs|  dataflow_in_loop_VITIS_LOOP_158_1|  return value|
+----------------------+-----+-----+------------+-----------------------------------+--------------+

