

================================================================
== Vitis HLS Report for 'dma_in'
================================================================
* Date:           Tue Mar  3 20:53:54 2026

* Version:        2023.2 (Build 4023990 on Oct 11 2023)
* Project:        hls_project
* Solution:       solution1 (Vivado IP Flow Target)
* Product family: zynquplus
* Target device:  xck26-sfvc784-2LV-c


================================================================
== Performance Estimates
================================================================
+ Timing: 
    * Summary: 
    +--------+---------+----------+------------+
    |  Clock |  Target | Estimated| Uncertainty|
    +--------+---------+----------+------------+
    |ap_clk  |  3.00 ns|  2.190 ns|     0.81 ns|
    +--------+---------+----------+------------+

+ Latency: 
    * Summary: 
    +---------+---------+----------+----------+-----+-----+---------+
    |  Latency (cycles) |  Latency (absolute) |  Interval | Pipeline|
    |   min   |   max   |    min   |    max   | min | max |   Type  |
    +---------+---------+----------+----------+-----+-----+---------+
    |       75|      588|  0.225 us|  1.764 us|   75|  588|       no|
    +---------+---------+----------+----------+-----+-----+---------+

    + Detail: 
        * Instance: 
        +-------------------------------------------+---------------------------------+---------+---------+----------+----------+-----+-----+---------+
        |                                           |                                 |  Latency (cycles) |  Latency (absolute) |  Interval | Pipeline|
        |                  Instance                 |              Module             |   min   |   max   |    min   |    max   | min | max |   Type  |
        +-------------------------------------------+---------------------------------+---------+---------+----------+----------+-----+-----+---------+
        |grp_dma_in_Pipeline_VITIS_LOOP_53_1_fu_98  |dma_in_Pipeline_VITIS_LOOP_53_1  |        2|      515|  6.000 ns|  1.545 us|    2|  515|       no|
        +-------------------------------------------+---------------------------------+---------+---------+----------+----------+-----+-----+---------+

        * Loop: 
        N/A



================================================================
== Utilization Estimates
================================================================
* Summary: 
+-----------------+---------+------+--------+--------+-----+
|       Name      | BRAM_18K|  DSP |   FF   |   LUT  | URAM|
+-----------------+---------+------+--------+--------+-----+
|DSP              |        -|     -|       -|       -|    -|
|Expression       |        -|     -|       0|      64|    -|
|FIFO             |        -|     -|       -|       -|    -|
|Instance         |        -|     -|    1032|     174|    -|
|Memory           |        -|     -|       -|       -|    -|
|Multiplexer      |        -|     -|       -|     578|    -|
|Register         |        -|     -|     190|       -|    -|
+-----------------+---------+------+--------+--------+-----+
|Total            |        0|     0|    1222|     816|    0|
+-----------------+---------+------+--------+--------+-----+
|Available        |      288|  1248|  234240|  117120|   64|
+-----------------+---------+------+--------+--------+-----+
|Utilization (%)  |        0|     0|      ~0|      ~0|    0|
+-----------------+---------+------+--------+--------+-----+

+ Detail: 
    * Instance: 
    +-------------------------------------------+---------------------------------+---------+----+------+-----+-----+
    |                  Instance                 |              Module             | BRAM_18K| DSP|  FF  | LUT | URAM|
    +-------------------------------------------+---------------------------------+---------+----+------+-----+-----+
    |grp_dma_in_Pipeline_VITIS_LOOP_53_1_fu_98  |dma_in_Pipeline_VITIS_LOOP_53_1  |        0|   0|  1032|  174|    0|
    +-------------------------------------------+---------------------------------+---------+----+------+-----+-----+
    |Total                                      |                                 |        0|   0|  1032|  174|    0|
    +-------------------------------------------+---------------------------------+---------+----+------+-----+-----+

    * DSP: 
    N/A

    * Memory: 
    N/A

    * FIFO: 
    N/A

    * Expression: 
    +---------------------+----------+----+---+----+------------+------------+
    |    Variable Name    | Operation| DSP| FF| LUT| Bitwidth P0| Bitwidth P1|
    +---------------------+----------+----+---+----+------------+------------+
    |icmp_ln53_fu_116_p2  |      icmp|   0|  0|  35|          28|           1|
    |ap_block_state1      |        or|   0|  0|   2|           1|           1|
    |empty_43_fu_122_p3   |    select|   0|  0|  27|           1|          27|
    +---------------------+----------+----+---+----+------------+------------+
    |Total                |          |   0|  0|  64|          30|          29|
    +---------------------+----------+----+---+----+------------+------------+

    * Multiplexer: 
    +----------------------+-----+-----------+-----+-----------+
    |         Name         | LUT | Input Size| Bits| Total Bits|
    +----------------------+-----+-----------+-----+-----------+
    |ap_NS_fsm             |  401|         75|    1|         75|
    |ap_done               |    9|          2|    1|          2|
    |gmem1_blk_n_AR        |    9|          2|    1|          2|
    |input_stream_write    |    9|          2|    1|          2|
    |iter_c10_blk_n        |    9|          2|    1|          2|
    |m_axi_gmem1_ARADDR    |   14|          3|   64|        192|
    |m_axi_gmem1_ARBURST   |    9|          2|    2|          4|
    |m_axi_gmem1_ARCACHE   |    9|          2|    4|          8|
    |m_axi_gmem1_ARID      |    9|          2|    1|          2|
    |m_axi_gmem1_ARLEN     |   14|          3|   32|         96|
    |m_axi_gmem1_ARLOCK    |    9|          2|    2|          4|
    |m_axi_gmem1_ARPROT    |    9|          2|    3|          6|
    |m_axi_gmem1_ARQOS     |    9|          2|    4|          8|
    |m_axi_gmem1_ARREGION  |    9|          2|    4|          8|
    |m_axi_gmem1_ARSIZE    |    9|          2|    3|          6|
    |m_axi_gmem1_ARUSER    |    9|          2|    1|          2|
    |m_axi_gmem1_ARVALID   |   14|          3|    1|          3|
    |m_axi_gmem1_RREADY    |    9|          2|    1|          2|
    |real_start            |    9|          2|    1|          2|
    +----------------------+-----+-----------+-----+-----------+
    |Total                 |  578|        114|  128|        426|
    +----------------------+-----+-----------+-----+-----------+

    * Register: 
    +--------------------------------------------------------+----+----+-----+-----------+
    |                          Name                          | FF | LUT| Bits| Const Bits|
    +--------------------------------------------------------+----+----+-----+-----------+
    |ap_CS_fsm                                               |  74|   0|   74|          0|
    |ap_done_reg                                             |   1|   0|    1|          0|
    |empty_42_reg_186                                        |  28|   0|   32|          4|
    |empty_43_reg_166                                        |  27|   0|   27|          0|
    |grp_dma_in_Pipeline_VITIS_LOOP_53_1_fu_98_ap_start_reg  |   1|   0|    1|          0|
    |start_once_reg                                          |   1|   0|    1|          0|
    |trunc_ln_reg_171                                        |  58|   0|   58|          0|
    +--------------------------------------------------------+----+----+-----+-----------+
    |Total                                                   | 190|   0|  194|          4|
    +--------------------------------------------------------+----+----+-----+-----------+



================================================================
== Interface
================================================================
* Summary: 
+-----------------------------+-----+-----+------------+--------------+--------------+
|          RTL Ports          | Dir | Bits|  Protocol  | Source Object|    C Type    |
+-----------------------------+-----+-----+------------+--------------+--------------+
|ap_clk                       |   in|    1|  ap_ctrl_hs|        dma_in|  return value|
|ap_rst                       |   in|    1|  ap_ctrl_hs|        dma_in|  return value|
|ap_start                     |   in|    1|  ap_ctrl_hs|        dma_in|  return value|
|start_full_n                 |   in|    1|  ap_ctrl_hs|        dma_in|  return value|
|ap_done                      |  out|    1|  ap_ctrl_hs|        dma_in|  return value|
|ap_continue                  |   in|    1|  ap_ctrl_hs|        dma_in|  return value|
|ap_idle                      |  out|    1|  ap_ctrl_hs|        dma_in|  return value|
|ap_ready                     |  out|    1|  ap_ctrl_hs|        dma_in|  return value|
|start_out                    |  out|    1|  ap_ctrl_hs|        dma_in|  return value|
|start_write                  |  out|    1|  ap_ctrl_hs|        dma_in|  return value|
|m_axi_gmem1_AWVALID          |  out|    1|       m_axi|         gmem1|       pointer|
|m_axi_gmem1_AWREADY          |   in|    1|       m_axi|         gmem1|       pointer|
|m_axi_gmem1_AWADDR           |  out|   64|       m_axi|         gmem1|       pointer|
|m_axi_gmem1_AWID             |  out|    1|       m_axi|         gmem1|       pointer|
|m_axi_gmem1_AWLEN            |  out|   32|       m_axi|         gmem1|       pointer|
|m_axi_gmem1_AWSIZE           |  out|    3|       m_axi|         gmem1|       pointer|
|m_axi_gmem1_AWBURST          |  out|    2|       m_axi|         gmem1|       pointer|
|m_axi_gmem1_AWLOCK           |  out|    2|       m_axi|         gmem1|       pointer|
|m_axi_gmem1_AWCACHE          |  out|    4|       m_axi|         gmem1|       pointer|
|m_axi_gmem1_AWPROT           |  out|    3|       m_axi|         gmem1|       pointer|
|m_axi_gmem1_AWQOS            |  out|    4|       m_axi|         gmem1|       pointer|
|m_axi_gmem1_AWREGION         |  out|    4|       m_axi|         gmem1|       pointer|
|m_axi_gmem1_AWUSER           |  out|    1|       m_axi|         gmem1|       pointer|
|m_axi_gmem1_WVALID           |  out|    1|       m_axi|         gmem1|       pointer|
|m_axi_gmem1_WREADY           |   in|    1|       m_axi|         gmem1|       pointer|
|m_axi_gmem1_WDATA            |  out|  512|       m_axi|         gmem1|       pointer|
|m_axi_gmem1_WSTRB            |  out|   64|       m_axi|         gmem1|       pointer|
|m_axi_gmem1_WLAST            |  out|    1|       m_axi|         gmem1|       pointer|
|m_axi_gmem1_WID              |  out|    1|       m_axi|         gmem1|       pointer|
|m_axi_gmem1_WUSER            |  out|    1|       m_axi|         gmem1|       pointer|
|m_axi_gmem1_ARVALID          |  out|    1|       m_axi|         gmem1|       pointer|
|m_axi_gmem1_ARREADY          |   in|    1|       m_axi|         gmem1|       pointer|
|m_axi_gmem1_ARADDR           |  out|   64|       m_axi|         gmem1|       pointer|
|m_axi_gmem1_ARID             |  out|    1|       m_axi|         gmem1|       pointer|
|m_axi_gmem1_ARLEN            |  out|   32|       m_axi|         gmem1|       pointer|
|m_axi_gmem1_ARSIZE           |  out|    3|       m_axi|         gmem1|       pointer|
|m_axi_gmem1_ARBURST          |  out|    2|       m_axi|         gmem1|       pointer|
|m_axi_gmem1_ARLOCK           |  out|    2|       m_axi|         gmem1|       pointer|
|m_axi_gmem1_ARCACHE          |  out|    4|       m_axi|         gmem1|       pointer|
|m_axi_gmem1_ARPROT           |  out|    3|       m_axi|         gmem1|       pointer|
|m_axi_gmem1_ARQOS            |  out|    4|       m_axi|         gmem1|       pointer|
|m_axi_gmem1_ARREGION         |  out|    4|       m_axi|         gmem1|       pointer|
|m_axi_gmem1_ARUSER           |  out|    1|       m_axi|         gmem1|       pointer|
|m_axi_gmem1_RVALID           |   in|    1|       m_axi|         gmem1|       pointer|
|m_axi_gmem1_RREADY           |  out|    1|       m_axi|         gmem1|       pointer|
|m_axi_gmem1_RDATA            |   in|  512|       m_axi|         gmem1|       pointer|
|m_axi_gmem1_RLAST            |   in|    1|       m_axi|         gmem1|       pointer|
|m_axi_gmem1_RID              |   in|    1|       m_axi|         gmem1|       pointer|
|m_axi_gmem1_RFIFONUM         |   in|    9|       m_axi|         gmem1|       pointer|
|m_axi_gmem1_RUSER            |   in|    1|       m_axi|         gmem1|       pointer|
|m_axi_gmem1_RRESP            |   in|    2|       m_axi|         gmem1|       pointer|
|m_axi_gmem1_BVALID           |   in|    1|       m_axi|         gmem1|       pointer|
|m_axi_gmem1_BREADY           |  out|    1|       m_axi|         gmem1|       pointer|
|m_axi_gmem1_BRESP            |   in|    2|       m_axi|         gmem1|       pointer|
|m_axi_gmem1_BID              |   in|    1|       m_axi|         gmem1|       pointer|
|m_axi_gmem1_BUSER            |   in|    1|       m_axi|         gmem1|       pointer|
|din                          |   in|   64|     ap_none|           din|        scalar|
|input_stream_din             |  out|   32|     ap_fifo|  input_stream|       pointer|
|input_stream_num_data_valid  |   in|    3|     ap_fifo|  input_stream|       pointer|
|input_stream_fifo_cap        |   in|    3|     ap_fifo|  input_stream|       pointer|
|input_stream_full_n          |   in|    1|     ap_fifo|  input_stream|       pointer|
|input_stream_write           |  out|    1|     ap_fifo|  input_stream|       pointer|
|iter                         |   in|   32|     ap_none|          iter|        scalar|
|iter_c10_din                 |  out|   32|     ap_fifo|      iter_c10|       pointer|
|iter_c10_num_data_valid      |   in|    3|     ap_fifo|      iter_c10|       pointer|
|iter_c10_fifo_cap            |   in|    3|     ap_fifo|      iter_c10|       pointer|
|iter_c10_full_n              |   in|    1|     ap_fifo|      iter_c10|       pointer|
|iter_c10_write               |  out|    1|     ap_fifo|      iter_c10|       pointer|
+-----------------------------+-----+-----+------------+--------------+--------------+

