

================================================================
== Vitis HLS Report for 'fft_16_ssr1_i16_c16_t16_top'
================================================================
* Date:           Tue Mar  3 20:53:55 2026

* Version:        2023.2 (Build 4023990 on Oct 11 2023)
* Project:        hls_project
* Solution:       solution1 (Vivado IP Flow Target)
* Product family: zynquplus
* Target device:  xck26-sfvc784-2LV-c


================================================================
== Performance Estimates
================================================================
+ Timing: 
    * Summary: 
    +--------+---------+----------+------------+
    |  Clock |  Target | Estimated| Uncertainty|
    +--------+---------+----------+------------+
    |ap_clk  |  3.00 ns|  2.190 ns|     0.81 ns|
    +--------+---------+----------+------------+

+ Latency: 
    * Summary: 
    +---------+---------+----------+-----------+-----+------+---------+
    |  Latency (cycles) |  Latency (absolute)  |  Interval  | Pipeline|
    |   min   |   max   |    min   |    max    | min |  max |   Type  |
    +---------+---------+----------+-----------+-----+------+---------+
    |      148|     3406|  0.444 us|  10.218 us|  149|  3407|       no|
    +---------+---------+----------+-----------+-----+------+---------+

    + Detail: 
        * Instance: 
        +--------------------+----------+---------+---------+----------+-----------+-----+------+----------+
        |                    |          |  Latency (cycles) |  Latency (absolute)  |  Interval  | Pipeline |
        |      Instance      |  Module  |   min   |   max   |    min   |    max    | min |  max |   Type   |
        +--------------------+----------+---------+---------+----------+-----------+-----+------+----------+
        |grp_fft_core_fu_76  |fft_core  |      146|     3404|  0.438 us|  10.212 us|   76|  3332|  dataflow|
        +--------------------+----------+---------+---------+----------+-----------+-----+------+----------+

        * Loop: 
        N/A



================================================================
== Utilization Estimates
================================================================
* Summary: 
+-----------------+---------+------+--------+--------+-----+
|       Name      | BRAM_18K|  DSP |   FF   |   LUT  | URAM|
+-----------------+---------+------+--------+--------+-----+
|DSP              |        -|     -|       -|       -|    -|
|Expression       |        -|     -|       0|       4|    -|
|FIFO             |        -|     -|       -|       -|    -|
|Instance         |      117|     0|   10237|    9058|    0|
|Memory           |        -|     -|       -|       -|    -|
|Multiplexer      |        -|     -|       -|      65|    -|
|Register         |        -|     -|     169|       -|    -|
+-----------------+---------+------+--------+--------+-----+
|Total            |      117|     0|   10406|    9127|    0|
+-----------------+---------+------+--------+--------+-----+
|Available        |      288|  1248|  234240|  117120|   64|
+-----------------+---------+------+--------+--------+-----+
|Utilization (%)  |       40|     0|       4|       7|    0|
+-----------------+---------+------+--------+--------+-----+

+ Detail: 
    * Instance: 
    +--------------------+---------------+---------+----+------+------+-----+
    |      Instance      |     Module    | BRAM_18K| DSP|  FF  |  LUT | URAM|
    +--------------------+---------------+---------+----+------+------+-----+
    |control_s_axi_U     |control_s_axi  |        0|   0|   214|   360|    0|
    |grp_fft_core_fu_76  |fft_core       |        1|   0|  6557|  5300|    0|
    |gmem1_m_axi_U       |gmem1_m_axi    |       58|   0|  1733|  1699|    0|
    |gmem2_m_axi_U       |gmem2_m_axi    |       58|   0|  1733|  1699|    0|
    +--------------------+---------------+---------+----+------+------+-----+
    |Total               |               |      117|   0| 10237|  9058|    0|
    +--------------------+---------------+---------+----+------+------+-----+

    * DSP: 
    N/A

    * Memory: 
    N/A

    * FIFO: 
    N/A

    * Expression: 
    +-------------------------------------+----------+----+---+----+------------+------------+
    |            Variable Name            | Operation| DSP| FF| LUT| Bitwidth P0| Bitwidth P1|
    +-------------------------------------+----------+----+---+----+------------+------------+
    |ap_sync_grp_fft_core_fu_76_ap_done   |        or|   0|  0|   2|           1|           1|
    |ap_sync_grp_fft_core_fu_76_ap_ready  |        or|   0|  0|   2|           1|           1|
    +-------------------------------------+----------+----+---+----+------------+------------+
    |Total                                |          |   0|  0|   4|           2|           2|
    +-------------------------------------+----------+----+---+----+------------+------------+

    * Multiplexer: 
    +---------------+----+-----------+-----+-----------+
    |      Name     | LUT| Input Size| Bits| Total Bits|
    +---------------+----+-----------+-----+-----------+
    |ap_NS_fsm      |  20|          4|    1|          4|
    |gmem1_ARVALID  |   9|          2|    1|          2|
    |gmem1_RREADY   |   9|          2|    1|          2|
    |gmem2_AWVALID  |   9|          2|    1|          2|
    |gmem2_BREADY   |   9|          2|    1|          2|
    |gmem2_WVALID   |   9|          2|    1|          2|
    +---------------+----+-----------+-----+-----------+
    |Total          |  65|         14|    6|         14|
    +---------------+----+-----------+-----+-----------+

    * Register: 
    +-----------------------------------------+----+----+-----+-----------+
    |                   Name                  | FF | LUT| Bits| Const Bits|
    +-----------------------------------------+----+----+-----+-----------+
    |ap_CS_fsm                                |   3|   0|    3|          0|
    |ap_rst_n_inv                             |   1|   0|    1|          0|
    |ap_rst_reg_1                             |   1|   0|    1|          0|
    |ap_rst_reg_2                             |   1|   0|    1|          0|
    |ap_sync_reg_grp_fft_core_fu_76_ap_done   |   1|   0|    1|          0|
    |ap_sync_reg_grp_fft_core_fu_76_ap_ready  |   1|   0|    1|          0|
    |din_read_reg_97                          |  64|   0|   64|          0|
    |dout_read_reg_92                         |  64|   0|   64|          0|
    |grp_fft_core_fu_76_ap_start_reg          |   1|   0|    1|          0|
    |iter_read_reg_87                         |  32|   0|   32|          0|
    +-----------------------------------------+----+----+-----+-----------+
    |Total                                    | 169|   0|  169|          0|
    +-----------------------------------------+----+----+-----+-----------+



================================================================
== Interface
================================================================
* Summary: 
+-----------------------+-----+-----+------------+-----------------------------+--------------+
|       RTL Ports       | Dir | Bits|  Protocol  |        Source Object        |    C Type    |
+-----------------------+-----+-----+------------+-----------------------------+--------------+
|s_axi_control_AWVALID  |   in|    1|       s_axi|                      control|        scalar|
|s_axi_control_AWREADY  |  out|    1|       s_axi|                      control|        scalar|
|s_axi_control_AWADDR   |   in|    6|       s_axi|                      control|        scalar|
|s_axi_control_WVALID   |   in|    1|       s_axi|                      control|        scalar|
|s_axi_control_WREADY   |  out|    1|       s_axi|                      control|        scalar|
|s_axi_control_WDATA    |   in|   32|       s_axi|                      control|        scalar|
|s_axi_control_WSTRB    |   in|    4|       s_axi|                      control|        scalar|
|s_axi_control_ARVALID  |   in|    1|       s_axi|                      control|        scalar|
|s_axi_control_ARREADY  |  out|    1|       s_axi|                      control|        scalar|
|s_axi_control_ARADDR   |   in|    6|       s_axi|                      control|        scalar|
|s_axi_control_RVALID   |  out|    1|       s_axi|                      control|        scalar|
|s_axi_control_RREADY   |   in|    1|       s_axi|                      control|        scalar|
|s_axi_control_RDATA    |  out|   32|       s_axi|                      control|        scalar|
|s_axi_control_RRESP    |  out|    2|       s_axi|                      control|        scalar|
|s_axi_control_BVALID   |  out|    1|       s_axi|                      control|        scalar|
|s_axi_control_BREADY   |   in|    1|       s_axi|                      control|        scalar|
|s_axi_control_BRESP    |  out|    2|       s_axi|                      control|        scalar|
|ap_clk                 |   in|    1|  ap_ctrl_hs|  fft_16_ssr1_i16_c16_t16_top|  return value|
|ap_rst_n               |   in|    1|  ap_ctrl_hs|  fft_16_ssr1_i16_c16_t16_top|  return value|
|interrupt              |  out|    1|  ap_ctrl_hs|  fft_16_ssr1_i16_c16_t16_top|  return value|
|m_axi_gmem1_AWVALID    |  out|    1|       m_axi|                        gmem1|       pointer|
|m_axi_gmem1_AWREADY    |   in|    1|       m_axi|                        gmem1|       pointer|
|m_axi_gmem1_AWADDR     |  out|   64|       m_axi|                        gmem1|       pointer|
|m_axi_gmem1_AWID       |  out|    1|       m_axi|                        gmem1|       pointer|
|m_axi_gmem1_AWLEN      |  out|    8|       m_axi|                        gmem1|       pointer|
|m_axi_gmem1_AWSIZE     |  out|    3|       m_axi|                        gmem1|       pointer|
|m_axi_gmem1_AWBURST    |  out|    2|       m_axi|                        gmem1|       pointer|
|m_axi_gmem1_AWLOCK     |  out|    2|       m_axi|                        gmem1|       pointer|
|m_axi_gmem1_AWCACHE    |  out|    4|       m_axi|                        gmem1|       pointer|
|m_axi_gmem1_AWPROT     |  out|    3|       m_axi|                        gmem1|       pointer|
|m_axi_gmem1_AWQOS      |  out|    4|       m_axi|                        gmem1|       pointer|
|m_axi_gmem1_AWREGION   |  out|    4|       m_axi|                        gmem1|       pointer|
|m_axi_gmem1_AWUSER     |  out|    1|       m_axi|                        gmem1|       pointer|
|m_axi_gmem1_WVALID     |  out|    1|       m_axi|                        gmem1|       pointer|
|m_axi_gmem1_WREADY     |   in|    1|       m_axi|                        gmem1|       pointer|
|m_axi_gmem1_WDATA      |  out|  512|       m_axi|                        gmem1|       pointer|
|m_axi_gmem1_WSTRB      |  out|   64|       m_axi|                        gmem1|       pointer|
|m_axi_gmem1_WLAST      |  out|    1|       m_axi|                        gmem1|       pointer|
|m_axi_gmem1_WID        |  out|    1|       m_axi|                        gmem1|       pointer|
|m_axi_gmem1_WUSER      |  out|    1|       m_axi|                        gmem1|       pointer|
|m_axi_gmem1_ARVALID    |  out|    1|       m_axi|                        gmem1|       pointer|
|m_axi_gmem1_ARREADY    |   in|    1|       m_axi|                        gmem1|       pointer|
|m_axi_gmem1_ARADDR     |  out|   64|       m_axi|                        gmem1|       pointer|
|m_axi_gmem1_ARID       |  out|    1|       m_axi|                        gmem1|       pointer|
|m_axi_gmem1_ARLEN      |  out|    8|       m_axi|                        gmem1|       pointer|
|m_axi_gmem1_ARSIZE     |  out|    3|       m_axi|                        gmem1|       pointer|
|m_axi_gmem1_ARBURST    |  out|    2|       m_axi|                        gmem1|       pointer|
|m_axi_gmem1_ARLOCK     |  out|    2|       m_axi|                        gmem1|       pointer|
|m_axi_gmem1_ARCACHE    |  out|    4|       m_axi|                        gmem1|       pointer|
|m_axi_gmem1_ARPROT     |  out|    3|       m_axi|                        gmem1|       pointer|
|m_axi_gmem1_ARQOS      |  out|    4|       m_axi|                        gmem1|       pointer|
|m_axi_gmem1_ARREGION   |  out|    4|       m_axi|                        gmem1|       pointer|
|m_axi_gmem1_ARUSER     |  out|    1|       m_axi|                        gmem1|       pointer|
|m_axi_gmem1_RVALID     |   in|    1|       m_axi|                        gmem1|       pointer|
|m_axi_gmem1_RREADY     |  out|    1|       m_axi|                        gmem1|       pointer|
|m_axi_gmem1_RDATA      |   in|  512|       m_axi|                        gmem1|       pointer|
|m_axi_gmem1_RLAST      |   in|    1|       m_axi|                        gmem1|       pointer|
|m_axi_gmem1_RID        |   in|    1|       m_axi|                        gmem1|       pointer|
|m_axi_gmem1_RUSER      |   in|    1|       m_axi|                        gmem1|       pointer|
|m_axi_gmem1_RRESP      |   in|    2|       m_axi|                        gmem1|       pointer|
|m_axi_gmem1_BVALID     |   in|    1|       m_axi|                        gmem1|       pointer|
|m_axi_gmem1_BREADY     |  out|    1|       m_axi|                        gmem1|       pointer|
|m_axi_gmem1_BRESP      |   in|    2|       m_axi|                        gmem1|       pointer|
|m_axi_gmem1_BID        |   in|    1|       m_axi|                        gmem1|       pointer|
|m_axi_gmem1_BUSER      |   in|    1|       m_axi|                        gmem1|       pointer|
|m_axi_gmem2_AWVALID    |  out|    1|       m_axi|                        gmem2|       pointer|
|m_axi_gmem2_AWREADY    |   in|    1|       m_axi|                        gmem2|       pointer|
|m_axi_gmem2_AWADDR     |  out|   64|       m_axi|                        gmem2|       pointer|
|m_axi_gmem2_AWID       |  out|    1|       m_axi|                        gmem2|       pointer|
|m_axi_gmem2_AWLEN      |  out|    8|       m_axi|                        gmem2|       pointer|
|m_axi_gmem2_AWSIZE     |  out|    3|       m_axi|                        gmem2|       pointer|
|m_axi_gmem2_AWBURST    |  out|    2|       m_axi|                        gmem2|       pointer|
|m_axi_gmem2_AWLOCK     |  out|    2|       m_axi|                        gmem2|       pointer|
|m_axi_gmem2_AWCACHE    |  out|    4|       m_axi|                        gmem2|       pointer|
|m_axi_gmem2_AWPROT     |  out|    3|       m_axi|                        gmem2|       pointer|
|m_axi_gmem2_AWQOS      |  out|    4|       m_axi|                        gmem2|       pointer|
|m_axi_gmem2_AWREGION   |  out|    4|       m_axi|                        gmem2|       pointer|
|m_axi_gmem2_AWUSER     |  out|    1|       m_axi|                        gmem2|       pointer|
|m_axi_gmem2_WVALID     |  out|    1|       m_axi|                        gmem2|       pointer|
|m_axi_gmem2_WREADY     |   in|    1|       m_axi|                        gmem2|       pointer|
|m_axi_gmem2_WDATA      |  out|  512|       m_axi|                        gmem2|       pointer|
|m_axi_gmem2_WSTRB      |  out|   64|       m_axi|                        gmem2|       pointer|
|m_axi_gmem2_WLAST      |  out|    1|       m_axi|                        gmem2|       pointer|
|m_axi_gmem2_WID        |  out|    1|       m_axi|                        gmem2|       pointer|
|m_axi_gmem2_WUSER      |  out|    1|       m_axi|                        gmem2|       pointer|
|m_axi_gmem2_ARVALID    |  out|    1|       m_axi|                        gmem2|       pointer|
|m_axi_gmem2_ARREADY    |   in|    1|       m_axi|                        gmem2|       pointer|
|m_axi_gmem2_ARADDR     |  out|   64|       m_axi|                        gmem2|       pointer|
|m_axi_gmem2_ARID       |  out|    1|       m_axi|                        gmem2|       pointer|
|m_axi_gmem2_ARLEN      |  out|    8|       m_axi|                        gmem2|       pointer|
|m_axi_gmem2_ARSIZE     |  out|    3|       m_axi|                        gmem2|       pointer|
|m_axi_gmem2_ARBURST    |  out|    2|       m_axi|                        gmem2|       pointer|
|m_axi_gmem2_ARLOCK     |  out|    2|       m_axi|                        gmem2|       pointer|
|m_axi_gmem2_ARCACHE    |  out|    4|       m_axi|                        gmem2|       pointer|
|m_axi_gmem2_ARPROT     |  out|    3|       m_axi|                        gmem2|       pointer|
|m_axi_gmem2_ARQOS      |  out|    4|       m_axi|                        gmem2|       pointer|
|m_axi_gmem2_ARREGION   |  out|    4|       m_axi|                        gmem2|       pointer|
|m_axi_gmem2_ARUSER     |  out|    1|       m_axi|                        gmem2|       pointer|
|m_axi_gmem2_RVALID     |   in|    1|       m_axi|                        gmem2|       pointer|
|m_axi_gmem2_RREADY     |  out|    1|       m_axi|                        gmem2|       pointer|
|m_axi_gmem2_RDATA      |   in|  512|       m_axi|                        gmem2|       pointer|
|m_axi_gmem2_RLAST      |   in|    1|       m_axi|                        gmem2|       pointer|
|m_axi_gmem2_RID        |   in|    1|       m_axi|                        gmem2|       pointer|
|m_axi_gmem2_RUSER      |   in|    1|       m_axi|                        gmem2|       pointer|
|m_axi_gmem2_RRESP      |   in|    2|       m_axi|                        gmem2|       pointer|
|m_axi_gmem2_BVALID     |   in|    1|       m_axi|                        gmem2|       pointer|
|m_axi_gmem2_BREADY     |  out|    1|       m_axi|                        gmem2|       pointer|
|m_axi_gmem2_BRESP      |   in|    2|       m_axi|                        gmem2|       pointer|
|m_axi_gmem2_BID        |   in|    1|       m_axi|                        gmem2|       pointer|
|m_axi_gmem2_BUSER      |   in|    1|       m_axi|                        gmem2|       pointer|
+-----------------------+-----+-----+------------+-----------------------------+--------------+

