

================================================================
== Vitis HLS Report for 'fft_fft_params_s'
================================================================
* Date:           Tue Mar  3 20:53:54 2026

* Version:        2023.2 (Build 4023990 on Oct 11 2023)
* Project:        hls_project
* Solution:       solution1 (Vivado IP Flow Target)
* Product family: zynquplus
* Target device:  xck26-sfvc784-2LV-c


================================================================
== Performance Estimates
================================================================
+ Timing: 
    * Summary: 
    +--------+---------+----------+------------+
    |  Clock |  Target | Estimated| Uncertainty|
    +--------+---------+----------+------------+
    |ap_clk  |  3.00 ns|  2.190 ns|     0.81 ns|
    +--------+---------+----------+------------+

+ Latency: 
    * Summary: 
    +---------+---------+----------+----------+-----+-----+----------+
    |  Latency (cycles) |  Latency (absolute) |  Interval | Pipeline |
    |   min   |   max   |    min   |    max   | min | max |   Type   |
    +---------+---------+----------+----------+-----+-----+----------+
    |      103|      103|  0.309 us|  0.309 us|  104|  104|  dataflow|
    +---------+---------+----------+----------+-----+-----+----------+

    + Detail: 
        * Instance: 
        +-----------------------+----------------------+---------+---------+----------+----------+-----+-----+---------+
        |                       |                      |  Latency (cycles) |  Latency (absolute) |  Interval | Pipeline|
        |        Instance       |        Module        |   min   |   max   |    min   |    max   | min | max |   Type  |
        +-----------------------+----------------------+---------+---------+----------+----------+-----+-----+---------+
        |fft_syn_fft_params_U0  |fft_syn_fft_params_s  |      103|      103|  0.309 us|  0.309 us|  103|  103|       no|
        +-----------------------+----------------------+---------+---------+----------+----------+-----+-----+---------+

        * Loop: 
        N/A



================================================================
== Utilization Estimates
================================================================
* Summary: 
+-----------------+---------+------+--------+--------+-----+
|       Name      | BRAM_18K|  DSP |   FF   |   LUT  | URAM|
+-----------------+---------+------+--------+--------+-----+
|DSP              |        -|     -|       -|       -|    -|
|Expression       |        -|     -|       -|       -|    -|
|FIFO             |        -|     -|       -|       -|    -|
|Instance         |        1|     0|    3093|    2305|    -|
|Memory           |        -|     -|       -|       -|    -|
|Multiplexer      |        -|     -|       -|       -|    -|
|Register         |        -|     -|       -|       -|    -|
+-----------------+---------+------+--------+--------+-----+
|Total            |        1|     0|    3093|    2305|    0|
+-----------------+---------+------+--------+--------+-----+
|Available        |      288|  1248|  234240|  117120|   64|
+-----------------+---------+------+--------+--------+-----+
|Utilization (%)  |       ~0|     0|       1|       1|    0|
+-----------------+---------+------+--------+--------+-----+

+ Detail: 
    * Instance: 
    +-----------------------+----------------------+---------+----+------+------+-----+
    |        Instance       |        Module        | BRAM_18K| DSP|  FF  |  LUT | URAM|
    +-----------------------+----------------------+---------+----+------+------+-----+
    |fft_syn_fft_params_U0  |fft_syn_fft_params_s  |        1|   0|  3093|  2305|    0|
    +-----------------------+----------------------+---------+----+------+------+-----+
    |Total                  |                      |        1|   0|  3093|  2305|    0|
    +-----------------------+----------------------+---------+----+------+------+-----+

    * DSP: 
    N/A

    * Memory: 
    N/A

    * FIFO: 
    N/A

    * Expression: 
    N/A

    * Multiplexer: 
    N/A

    * Register: 
    N/A



================================================================
== Interface
================================================================
* Summary: 
+----------------------+-----+-----+--------------+-----------------+--------------+
|       RTL Ports      | Dir | Bits|   Protocol   |  Source Object  |    C Type    |
+----------------------+-----+-----+--------------+-----------------+--------------+
|input_stream_dout     |   in|   32|       ap_fifo|     input_stream|       pointer|
|input_stream_empty_n  |   in|    1|       ap_fifo|     input_stream|       pointer|
|input_stream_read     |  out|    1|       ap_fifo|     input_stream|       pointer|
|fft_out_din           |  out|   32|       ap_fifo|          fft_out|       pointer|
|fft_out_full_n        |   in|    1|       ap_fifo|          fft_out|       pointer|
|fft_out_write         |  out|    1|       ap_fifo|          fft_out|       pointer|
|fft_status_din        |  out|    8|       ap_fifo|       fft_status|       pointer|
|fft_status_full_n     |   in|    1|       ap_fifo|       fft_status|       pointer|
|fft_status_write      |  out|    1|       ap_fifo|       fft_status|       pointer|
|fft_config_dout       |   in|    8|       ap_fifo|       fft_config|       pointer|
|fft_config_empty_n    |   in|    1|       ap_fifo|       fft_config|       pointer|
|fft_config_read       |  out|    1|       ap_fifo|       fft_config|       pointer|
|ap_clk                |   in|    1|  ap_ctrl_none|  fft<fft_params>|  return value|
|ap_rst                |   in|    1|  ap_ctrl_none|  fft<fft_params>|  return value|
|ap_ready              |  out|    1|  ap_ctrl_none|  fft<fft_params>|  return value|
+----------------------+-----+-----+--------------+-----------------+--------------+

