

================================================================
== Vitis HLS Report for 'fft_serial_kernel'
================================================================
* Date:           Tue Mar  3 20:53:54 2026

* Version:        2023.2 (Build 4023990 on Oct 11 2023)
* Project:        hls_project
* Solution:       solution1 (Vivado IP Flow Target)
* Product family: zynquplus
* Target device:  xck26-sfvc784-2LV-c


================================================================
== Performance Estimates
================================================================
+ Timing: 
    * Summary: 
    +--------+---------+----------+------------+
    |  Clock |  Target | Estimated| Uncertainty|
    +--------+---------+----------+------------+
    |ap_clk  |  3.00 ns|  2.190 ns|     0.81 ns|
    +--------+---------+----------+------------+

+ Latency: 
    * Summary: 
    +---------+---------+----------+----------+-----+------+---------+
    |  Latency (cycles) |  Latency (absolute) |  Interval  | Pipeline|
    |   min   |   max   |    min   |    max   | min |  max |   Type  |
    +---------+---------+----------+----------+-----+------+---------+
    |        3|     3331|  9.000 ns|  9.993 us|    3|  3331|       no|
    +---------+---------+----------+----------+-----+------+---------+

    + Detail: 
        * Instance: 
        +--------------------------------------+-----------------------------------+---------+---------+----------+----------+-----+-----+----------+
        |                                      |                                   |  Latency (cycles) |  Latency (absolute) |  Interval | Pipeline |
        |               Instance               |               Module              |   min   |   max   |    min   |    max   | min | max |   Type   |
        +--------------------------------------+-----------------------------------+---------+---------+----------+----------+-----+-----+----------+
        |dataflow_in_loop_VITIS_LOOP_158_1_U0  |dataflow_in_loop_VITIS_LOOP_158_1  |      105|      105|  0.315 us|  0.315 us|  104|  104|  dataflow|
        +--------------------------------------+-----------------------------------+---------+---------+----------+----------+-----+-----+----------+

        * Loop: 
        +--------------------+---------+---------+----------+-----------+-----------+--------+----------+
        |                    |  Latency (cycles) | Iteration|  Initiation Interval  |  Trip  |          |
        |      Loop Name     |   min   |   max   |  Latency |  achieved |   target  |  Count | Pipelined|
        +--------------------+---------+---------+----------+-----------+-----------+--------+----------+
        |- VITIS_LOOP_158_1  |        2|     3330|       107|          -|          -|  0 ~ 32|        no|
        +--------------------+---------+---------+----------+-----------+-----------+--------+----------+



================================================================
== Utilization Estimates
================================================================
* Summary: 
+-----------------+---------+------+--------+--------+-----+
|       Name      | BRAM_18K|  DSP |   FF   |   LUT  | URAM|
+-----------------+---------+------+--------+--------+-----+
|DSP              |        -|     -|       -|       -|    -|
|Expression       |        -|     -|     444|     102|    -|
|FIFO             |        -|     -|       -|       -|    -|
|Instance         |        1|     0|    3401|    2577|    -|
|Memory           |        -|     -|       -|       -|    -|
|Multiplexer      |        -|     -|       -|      18|    -|
|Register         |        -|     -|      64|       -|    -|
+-----------------+---------+------+--------+--------+-----+
|Total            |        1|     0|    3909|    2697|    0|
+-----------------+---------+------+--------+--------+-----+
|Available        |      288|  1248|  234240|  117120|   64|
+-----------------+---------+------+--------+--------+-----+
|Utilization (%)  |       ~0|     0|       1|       2|    0|
+-----------------+---------+------+--------+--------+-----+

+ Detail: 
    * Instance: 
    +--------------------------------------+-----------------------------------+---------+----+------+------+-----+
    |               Instance               |               Module              | BRAM_18K| DSP|  FF  |  LUT | URAM|
    +--------------------------------------+-----------------------------------+---------+----+------+------+-----+
    |dataflow_in_loop_VITIS_LOOP_158_1_U0  |dataflow_in_loop_VITIS_LOOP_158_1  |        1|   0|  3401|  2577|    0|
    +--------------------------------------+-----------------------------------+---------+----+------+------+-----+
    |Total                                 |                                   |        1|   0|  3401|  2577|    0|
    +--------------------------------------+-----------------------------------+---------+----+------+------+-----+

    * DSP: 
    N/A

    * Memory: 
    N/A

    * FIFO: 
    N/A

    * Expression: 
    +----------------------------+----------+----+-----+----+------------+------------+
    |        Variable Name       | Operation| DSP|  FF | LUT| Bitwidth P0| Bitwidth P1|
    +----------------------------+----------+----+-----+----+------------+------------+
    |loop_dataflow_input_count   |         +|   0|  148|  34|          32|           1|
    |loop_dataflow_output_count  |         +|   0|  148|  34|          32|           1|
    |bound_minus_1               |         -|   0|  148|  34|          32|           1|
    +----------------------------+----------+----+-----+----+------------+------------+
    |Total                       |          |   0|  444| 102|          96|           3|
    +----------------------------+----------+----+-----+----+------------+------------+

    * Multiplexer: 
    +----------------------------+----+-----------+-----+-----------+
    |            Name            | LUT| Input Size| Bits| Total Bits|
    +----------------------------+----+-----------+-----+-----------+
    |loop_dataflow_input_count   |   9|          2|   32|         64|
    |loop_dataflow_output_count  |   9|          2|   32|         64|
    +----------------------------+----+-----------+-----+-----------+
    |Total                       |  18|          4|   64|        128|
    +----------------------------+----+-----------+-----+-----------+

    * Register: 
    +----------------------------+----+----+-----+-----------+
    |            Name            | FF | LUT| Bits| Const Bits|
    +----------------------------+----+----+-----+-----------+
    |loop_dataflow_input_count   |  32|   0|   32|          0|
    |loop_dataflow_output_count  |  32|   0|   32|          0|
    +----------------------------+----+----+-----+-----------+
    |Total                       |  64|   0|   64|          0|
    +----------------------------+----+----+-----+-----------+



================================================================
== Interface
================================================================
* Summary: 
+----------------------+-----+-----+------------+-------------------+--------------+
|       RTL Ports      | Dir | Bits|  Protocol  |   Source Object   |    C Type    |
+----------------------+-----+-----+------------+-------------------+--------------+
|input_stream_dout     |   in|   32|     ap_fifo|       input_stream|       pointer|
|input_stream_empty_n  |   in|    1|     ap_fifo|       input_stream|       pointer|
|input_stream_read     |  out|    1|     ap_fifo|       input_stream|       pointer|
|fft_out_din           |  out|   32|     ap_fifo|            fft_out|       pointer|
|fft_out_full_n        |   in|    1|     ap_fifo|            fft_out|       pointer|
|fft_out_write         |  out|    1|     ap_fifo|            fft_out|       pointer|
|iter                  |   in|   32|     ap_none|               iter|       pointer|
|ap_clk                |   in|    1|  ap_ctrl_hs|  fft_serial_kernel|  return value|
|ap_rst                |   in|    1|  ap_ctrl_hs|  fft_serial_kernel|  return value|
|ap_start              |   in|    1|  ap_ctrl_hs|  fft_serial_kernel|  return value|
|ap_done               |  out|    1|  ap_ctrl_hs|  fft_serial_kernel|  return value|
|ap_ready              |  out|    1|  ap_ctrl_hs|  fft_serial_kernel|  return value|
|ap_idle               |  out|    1|  ap_ctrl_hs|  fft_serial_kernel|  return value|
|ap_continue           |   in|    1|  ap_ctrl_hs|  fft_serial_kernel|  return value|
+----------------------+-----+-----+------------+-------------------+--------------+

