INFO: [HLS 200-10] Running '/home/phongtran/Downloads/VIVADO/Vitis_HLS/2023.2/bin/unwrapped/lnx64.o/vitis_hls'
INFO: [HLS 200-10] For user 'phongtran' on host 'phongtran-Thin-GF63-12UCX' (Linux_x86_64 version 6.8.0-101-generic) on Wed Mar 11 21:34:17 +07 2026
INFO: [HLS 200-10] On os Ubuntu 22.04.5 LTS
INFO: [HLS 200-10] In directory '/home/phongtran/Downloads/ssr-fft-main/fft_4k_ssr2_i16_c16_t16'
INFO: [HLS 200-2053] The vitis_hls executable is being deprecated. Consider using vitis-run --mode hls --tcl
Sourcing Tcl script '/home/phongtran/Downloads/ssr-fft-main/fft_4k_ssr2_i16_c16_t16/hls_project/solution1/export.tcl'
INFO: [HLS 200-1510] Running: source /home/phongtran/Downloads/ssr-fft-main/fft_4k_ssr2_i16_c16_t16/hls_project/solution1/export.tcl
INFO: [HLS 200-1510] Running: open_project hls_project 
INFO: [HLS 200-10] Opening project '/home/phongtran/Downloads/ssr-fft-main/fft_4k_ssr2_i16_c16_t16/hls_project'.
INFO: [HLS 200-1510] Running: set_top fft_4k_ssr2_i16_c16_t16_top 
INFO: [HLS 200-1510] Running: add_files fft_4k_ssr2_i16_c16_t16.cpp 
INFO: [HLS 200-10] Adding design file 'fft_4k_ssr2_i16_c16_t16.cpp' to the project
INFO: [HLS 200-1510] Running: add_files -tb testbench.cpp -cflags -Wno-unknown-pragmas 
INFO: [HLS 200-10] Adding test bench file 'testbench.cpp' to the project
INFO: [HLS 200-1510] Running: add_files -tb fft_model.cpp -cflags -Wno-unknown-pragmas 
INFO: [HLS 200-10] Adding test bench file 'fft_model.cpp' to the project
INFO: [HLS 200-1510] Running: open_solution solution1 -flow_target vivado 
INFO: [HLS 200-10] Opening solution '/home/phongtran/Downloads/ssr-fft-main/fft_4k_ssr2_i16_c16_t16/hls_project/solution1'.
INFO: [SYN 201-201] Setting up clock 'default' with a period of 200ns.
INFO: [HLS 200-1611] Setting target device to 'xck26-sfvc784-2LV-c'
INFO: [HLS 200-1505] Using flow_target 'vivado'
Resolution: For help on HLS 200-1505 see docs.xilinx.com/access/sources/dita/topic?Doc_Version=2023.2%20English&url=ug1448-hls-guidance&resourceid=200-1505.html
INFO: [HLS 200-435] Setting 'open_solution -flow_target vivado' configuration: config_interface -m_axi_latency=0
INFO: [HLS 200-435] Setting 'open_solution -flow_target vivado' configuration: config_interface -m_axi_alignment_byte_size=1
INFO: [HLS 200-435] Setting 'open_solution -flow_target vivado' configuration: config_interface -m_axi_max_widen_bitwidth=0
INFO: [HLS 200-435] Setting 'open_solution -flow_target vivado' configuration: config_rtl -register_reset_num=0
INFO: [HLS 200-1464] Running solution command: config_interface -default_interface=kernel
INFO: [HLS 200-1464] Running solution command: config_interface -m_axi_alignment_byte_size=64
INFO: [HLS 200-1464] Running solution command: config_interface -m_axi_latency=64
INFO: [HLS 200-1464] Running solution command: config_interface -m_axi_max_widen_bitwidth=512
INFO: [HLS 200-1464] Running solution command: config_rtl -register_reset_num=3
INFO: [HLS 200-1464] Running solution command: config_cosim -tool=xsim
INFO: [HLS 200-1464] Running solution command: config_cosim -trace_level=all
INFO: [HLS 200-1464] Running solution command: config_export -format=ip_catalog
INFO: [HLS 200-1464] Running solution command: config_export -rtl=verilog
INFO: [HLS 200-1510] Running: set_part xck26-sfvc784-2LV-c 
INFO: [HLS 200-1510] Running: create_clock -period 200 -name default 
INFO: [HLS 200-1510] Running: config_interface -m_axi_alignment_byte_size 64 -m_axi_latency 64 -m_axi_max_widen_bitwidth 512 
INFO: [HLS 200-1510] Running: config_rtl -register_reset_num 3 
INFO: [HLS 200-1510] Running: config_cosim -tool xsim -trace_level all 
INFO: [HLS 200-1510] Running: config_export -format ip_catalog -rtl verilog 
INFO: [HLS 200-1510] Running: source ./hls_project/solution1/directives.tcl
INFO: [HLS 200-1510] Running: set_directive_top -name fft_4k_ssr2_i16_c16_t16_top fft_4k_ssr2_i16_c16_t16_top 
INFO: [HLS 200-1510] Running: export_design -rtl verilog -format ip_catalog 
INFO: [IMPL 213-8] Exporting RTL as a Vivado IP.

****** Vivado v2023.2 (64-bit)
  **** SW Build 4029153 on Fri Oct 13 20:13:54 MDT 2023
  **** IP Build 4028589 on Sat Oct 14 00:45:43 MDT 2023
  **** SharedData Build 4025554 on Tue Oct 10 17:18:54 MDT 2023
    ** Copyright 1986-2022 Xilinx, Inc. All Rights Reserved.
    ** Copyright 2022-2023 Advanced Micro Devices, Inc. All Rights Reserved.

source run_ippack.tcl -notrace
INFO: [IP_Flow 19-234] Refreshing IP repositories
INFO: [IP_Flow 19-1704] No user IP repositories specified
INFO: [IP_Flow 19-2313] Loaded Vivado IP repository '/home/phongtran/Downloads/VIVADO/Vivado/2023.2/data/ip'.
WARNING: [IP_Flow 19-3374] An attempt to modify the value of disabled parameter 'memory_options_hybrid' from 'false' to '0' has been ignored for IP 'fft_4k_ssr2_i16_c16_t16_top_fft_syn_fft_params_3_core_ip'
INFO: [IP_Flow 19-1686] Generating 'Synthesis' target for IP 'fft_4k_ssr2_i16_c16_t16_top_fft_syn_fft_params_3_core_ip'...
INFO: [IP_Flow 19-1686] Generating 'Simulation' target for IP 'fft_4k_ssr2_i16_c16_t16_top_fft_syn_fft_params_3_core_ip'...
WARNING: [IP_Flow 19-3374] An attempt to modify the value of disabled parameter 'memory_options_hybrid' from 'false' to '0' has been ignored for IP 'fft_4k_ssr2_i16_c16_t16_top_fft_syn_fft_params_s_core_ip'
INFO: [IP_Flow 19-1686] Generating 'Synthesis' target for IP 'fft_4k_ssr2_i16_c16_t16_top_fft_syn_fft_params_s_core_ip'...
INFO: [IP_Flow 19-1686] Generating 'Simulation' target for IP 'fft_4k_ssr2_i16_c16_t16_top_fft_syn_fft_params_s_core_ip'...
INFO: [IP_Flow 19-234] Refreshing IP repositories
INFO: [IP_Flow 19-1704] No user IP repositories specified
INFO: [IP_Flow 19-2313] Loaded Vivado IP repository '/home/phongtran/Downloads/VIVADO/Vivado/2023.2/data/ip'.
INFO: [Common 17-206] Exiting Vivado at Wed Mar 11 21:34:33 2026...
INFO: [HLS 200-802] Generated output file hls_project/solution1/impl/export.zip
INFO: [HLS 200-111] Finished Command export_design CPU user time: 13.85 seconds. CPU system time: 0.73 seconds. Elapsed time: 18.16 seconds; current allocated memory: 12.082 MB.
INFO: [HLS 200-112] Total CPU user time: 15.1 seconds. Total CPU system time: 0.91 seconds. Total elapsed time: 19.4 seconds; peak allocated memory: 271.199 MB.
