

================================================================
== Vitis HLS Report for 'dma_out_Pipeline_VITIS_LOOP_90_1'
================================================================
* Date:           Mon Mar  9 10:32:01 2026

* Version:        2023.2 (Build 4023990 on Oct 11 2023)
* Project:        hls_project
* Solution:       solution1 (Vivado IP Flow Target)
* Product family: zynquplus
* Target device:  xck26-sfvc784-2LV-c


================================================================
== Performance Estimates
================================================================
+ Timing: 
    * Summary: 
    +--------+---------+----------+------------+
    |  Clock |  Target | Estimated| Uncertainty|
    +--------+---------+----------+------------+
    |ap_clk  |  0.20 us|  0.146 us|    54.00 ns|
    +--------+---------+----------+------------+

+ Latency: 
    * Summary: 
    +---------+---------+----------+----------+-----+------+---------+
    |  Latency (cycles) |  Latency (absolute) |  Interval  | Pipeline|
    |   min   |   max   |    min   |    max   | min |  max |   Type  |
    +---------+---------+----------+----------+-----+------+---------+
    |        2|     4099|  0.400 us|  0.820 ms|    2|  4099|       no|
    +---------+---------+----------+----------+-----+------+---------+

    + Detail: 
        * Instance: 
        N/A

        * Loop: 
        +-------------------+---------+---------+----------+-----------+-----------+----------+----------+
        |                   |  Latency (cycles) | Iteration|  Initiation Interval  |   Trip   |          |
        |     Loop Name     |   min   |   max   |  Latency |  achieved |   target  |   Count  | Pipelined|
        +-------------------+---------+---------+----------+-----------+-----------+----------+----------+
        |- VITIS_LOOP_90_1  |        0|     4097|         3|          1|          1|  0 ~ 4096|       yes|
        +-------------------+---------+---------+----------+-----------+-----------+----------+----------+



================================================================
== Utilization Estimates
================================================================
* Summary: 
+-----------------+---------+------+--------+--------+-----+
|       Name      | BRAM_18K|  DSP |   FF   |   LUT  | URAM|
+-----------------+---------+------+--------+--------+-----+
|DSP              |        -|     -|       -|       -|    -|
|Expression       |        -|     -|       0|      81|    -|
|FIFO             |        -|     -|       -|       -|    -|
|Instance         |        -|     -|       -|       -|    -|
|Memory           |        -|     -|       -|       -|    -|
|Multiplexer      |        -|     -|       -|      54|    -|
|Register         |        -|     -|      99|       -|    -|
+-----------------+---------+------+--------+--------+-----+
|Total            |        0|     0|      99|     135|    0|
+-----------------+---------+------+--------+--------+-----+
|Available        |      288|  1248|  234240|  117120|   64|
+-----------------+---------+------+--------+--------+-----+
|Utilization (%)  |        0|     0|      ~0|      ~0|    0|
+-----------------+---------+------+--------+--------+-----+

+ Detail: 
    * Instance: 
    N/A

    * DSP: 
    N/A

    * Memory: 
    N/A

    * FIFO: 
    N/A

    * Expression: 
    +---------------------------+----------+----+---+----+------------+------------+
    |       Variable Name       | Operation| DSP| FF| LUT| Bitwidth P0| Bitwidth P1|
    +---------------------------+----------+----+---+----+------------+------------+
    |add_ln90_fu_112_p2         |         +|   0|  0|  37|          30|           1|
    |ap_block_pp0_stage0_01001  |       and|   0|  0|   2|           1|           1|
    |icmp_ln90_fu_106_p2        |      icmp|   0|  0|  38|          31|          31|
    |ap_block_pp0_stage0_11001  |        or|   0|  0|   2|           1|           1|
    |ap_enable_pp0              |       xor|   0|  0|   2|           1|           2|
    +---------------------------+----------+----+---+----+------------+------------+
    |Total                      |          |   0|  0|  81|          64|          36|
    +---------------------------+----------+----+---+----+------------+------------+

    * Multiplexer: 
    +-------------------------+----+-----------+-----+-----------+
    |           Name          | LUT| Input Size| Bits| Total Bits|
    +-------------------------+----+-----------+-----+-----------+
    |ap_done_int              |   9|          2|    1|          2|
    |ap_enable_reg_pp0_iter1  |   9|          2|    1|          2|
    |ap_sig_allocacmp_i_load  |   9|          2|   30|         60|
    |gmem2_blk_n_W            |   9|          2|    1|          2|
    |i_fu_60                  |   9|          2|   30|         60|
    |joiner_out_blk_n         |   9|          2|    1|          2|
    +-------------------------+----+-----------+-----+-----------+
    |Total                    |  54|         12|   64|        128|
    +-------------------------+----+-----------+-----+-----------+

    * Register: 
    +----------------------------------+----+----+-----+-----------+
    |               Name               | FF | LUT| Bits| Const Bits|
    +----------------------------------+----+----+-----+-----------+
    |ap_CS_fsm                         |   1|   0|    1|          0|
    |ap_done_reg                       |   1|   0|    1|          0|
    |ap_enable_reg_pp0_iter1           |   1|   0|    1|          0|
    |ap_enable_reg_pp0_iter2           |   1|   0|    1|          0|
    |ap_loop_exit_ready_pp0_iter1_reg  |   1|   0|    1|          0|
    |i_fu_60                           |  30|   0|   30|          0|
    |temp_out_reg_145                  |  64|   0|   64|          0|
    +----------------------------------+----+----+-----+-----------+
    |Total                             |  99|   0|   99|          0|
    +----------------------------------+----+----+-----+-----------+



================================================================
== Interface
================================================================
* Summary: 
+---------------------------+-----+-----+------------+----------------------------------+--------------+
|         RTL Ports         | Dir | Bits|  Protocol  |           Source Object          |    C Type    |
+---------------------------+-----+-----+------------+----------------------------------+--------------+
|ap_clk                     |   in|    1|  ap_ctrl_hs|  dma_out_Pipeline_VITIS_LOOP_90_1|  return value|
|ap_rst                     |   in|    1|  ap_ctrl_hs|  dma_out_Pipeline_VITIS_LOOP_90_1|  return value|
|ap_start                   |   in|    1|  ap_ctrl_hs|  dma_out_Pipeline_VITIS_LOOP_90_1|  return value|
|ap_done                    |  out|    1|  ap_ctrl_hs|  dma_out_Pipeline_VITIS_LOOP_90_1|  return value|
|ap_idle                    |  out|    1|  ap_ctrl_hs|  dma_out_Pipeline_VITIS_LOOP_90_1|  return value|
|ap_ready                   |  out|    1|  ap_ctrl_hs|  dma_out_Pipeline_VITIS_LOOP_90_1|  return value|
|joiner_out_dout            |   in|   64|     ap_fifo|                        joiner_out|       pointer|
|joiner_out_num_data_valid  |   in|    3|     ap_fifo|                        joiner_out|       pointer|
|joiner_out_fifo_cap        |   in|    3|     ap_fifo|                        joiner_out|       pointer|
|joiner_out_empty_n         |   in|    1|     ap_fifo|                        joiner_out|       pointer|
|joiner_out_read            |  out|    1|     ap_fifo|                        joiner_out|       pointer|
|m_axi_gmem2_AWVALID        |  out|    1|       m_axi|                             gmem2|       pointer|
|m_axi_gmem2_AWREADY        |   in|    1|       m_axi|                             gmem2|       pointer|
|m_axi_gmem2_AWADDR         |  out|   64|       m_axi|                             gmem2|       pointer|
|m_axi_gmem2_AWID           |  out|    1|       m_axi|                             gmem2|       pointer|
|m_axi_gmem2_AWLEN          |  out|   32|       m_axi|                             gmem2|       pointer|
|m_axi_gmem2_AWSIZE         |  out|    3|       m_axi|                             gmem2|       pointer|
|m_axi_gmem2_AWBURST        |  out|    2|       m_axi|                             gmem2|       pointer|
|m_axi_gmem2_AWLOCK         |  out|    2|       m_axi|                             gmem2|       pointer|
|m_axi_gmem2_AWCACHE        |  out|    4|       m_axi|                             gmem2|       pointer|
|m_axi_gmem2_AWPROT         |  out|    3|       m_axi|                             gmem2|       pointer|
|m_axi_gmem2_AWQOS          |  out|    4|       m_axi|                             gmem2|       pointer|
|m_axi_gmem2_AWREGION       |  out|    4|       m_axi|                             gmem2|       pointer|
|m_axi_gmem2_AWUSER         |  out|    1|       m_axi|                             gmem2|       pointer|
|m_axi_gmem2_WVALID         |  out|    1|       m_axi|                             gmem2|       pointer|
|m_axi_gmem2_WREADY         |   in|    1|       m_axi|                             gmem2|       pointer|
|m_axi_gmem2_WDATA          |  out|   64|       m_axi|                             gmem2|       pointer|
|m_axi_gmem2_WSTRB          |  out|    8|       m_axi|                             gmem2|       pointer|
|m_axi_gmem2_WLAST          |  out|    1|       m_axi|                             gmem2|       pointer|
|m_axi_gmem2_WID            |  out|    1|       m_axi|                             gmem2|       pointer|
|m_axi_gmem2_WUSER          |  out|    1|       m_axi|                             gmem2|       pointer|
|m_axi_gmem2_ARVALID        |  out|    1|       m_axi|                             gmem2|       pointer|
|m_axi_gmem2_ARREADY        |   in|    1|       m_axi|                             gmem2|       pointer|
|m_axi_gmem2_ARADDR         |  out|   64|       m_axi|                             gmem2|       pointer|
|m_axi_gmem2_ARID           |  out|    1|       m_axi|                             gmem2|       pointer|
|m_axi_gmem2_ARLEN          |  out|   32|       m_axi|                             gmem2|       pointer|
|m_axi_gmem2_ARSIZE         |  out|    3|       m_axi|                             gmem2|       pointer|
|m_axi_gmem2_ARBURST        |  out|    2|       m_axi|                             gmem2|       pointer|
|m_axi_gmem2_ARLOCK         |  out|    2|       m_axi|                             gmem2|       pointer|
|m_axi_gmem2_ARCACHE        |  out|    4|       m_axi|                             gmem2|       pointer|
|m_axi_gmem2_ARPROT         |  out|    3|       m_axi|                             gmem2|       pointer|
|m_axi_gmem2_ARQOS          |  out|    4|       m_axi|                             gmem2|       pointer|
|m_axi_gmem2_ARREGION       |  out|    4|       m_axi|                             gmem2|       pointer|
|m_axi_gmem2_ARUSER         |  out|    1|       m_axi|                             gmem2|       pointer|
|m_axi_gmem2_RVALID         |   in|    1|       m_axi|                             gmem2|       pointer|
|m_axi_gmem2_RREADY         |  out|    1|       m_axi|                             gmem2|       pointer|
|m_axi_gmem2_RDATA          |   in|   64|       m_axi|                             gmem2|       pointer|
|m_axi_gmem2_RLAST          |   in|    1|       m_axi|                             gmem2|       pointer|
|m_axi_gmem2_RID            |   in|    1|       m_axi|                             gmem2|       pointer|
|m_axi_gmem2_RFIFONUM       |   in|    9|       m_axi|                             gmem2|       pointer|
|m_axi_gmem2_RUSER          |   in|    1|       m_axi|                             gmem2|       pointer|
|m_axi_gmem2_RRESP          |   in|    2|       m_axi|                             gmem2|       pointer|
|m_axi_gmem2_BVALID         |   in|    1|       m_axi|                             gmem2|       pointer|
|m_axi_gmem2_BREADY         |  out|    1|       m_axi|                             gmem2|       pointer|
|m_axi_gmem2_BRESP          |   in|    2|       m_axi|                             gmem2|       pointer|
|m_axi_gmem2_BID            |   in|    1|       m_axi|                             gmem2|       pointer|
|m_axi_gmem2_BUSER          |   in|    1|       m_axi|                             gmem2|       pointer|
|tmp                        |   in|   31|     ap_none|                               tmp|        scalar|
|sext_ln90                  |   in|   61|     ap_none|                         sext_ln90|        scalar|
+---------------------------+-----+-----+------------+----------------------------------+--------------+

============================================================
+ Verbose Summary: Synthesis Manager
============================================================
InlineROM: 1
ExposeGlobal: 0
============================================================
+ Verbose Summary: CDFG Model
============================================================
IsTopModel: 0
ResetActiveHigh: 1
IsCombinational: 2
IsDatapathOnly: 2
HasWiredReturn: 1
HasMFsm: 2
HasVarLatency: 1
IsPipeline: 0
IsRtlPipelined: 0
IsInstanceOverlapped: 0
IsDontTouch: 0
HasImplIP: 0
IsGatedGlobalClock: 0

+ Individual pipeline summary: 
  * Pipeline-0: initiation interval (II) = 1, depth = 3


============================================================
+ Verbose Summary: Schedule
============================================================
* Number of FSM states : 3
* Pipeline : 1
  Pipeline-0 : II = 1, D = 3, States = { 1 2 3 }
* Dataflow Pipeline: 0

* FSM state transitions: 
1 --> 2 
2 --> 3 
3 --> 

* FSM state operations: 

State 1 <SV = 0> <Delay = 1.85>
ST_1 : Operation 6 [1/1] (0.00ns)   --->   "%i = alloca i32 1"   --->   Operation 6 'alloca' 'i' <Predicate = true> <Delay = 0.00>
ST_1 : Operation 7 [1/1] (0.00ns)   --->   "%sext_ln90_read = read i61 @_ssdm_op_Read.ap_auto.i61, i61 %sext_ln90"   --->   Operation 7 'read' 'sext_ln90_read' <Predicate = true> <Delay = 0.00>
ST_1 : Operation 8 [1/1] (0.00ns)   --->   "%tmp_read = read i31 @_ssdm_op_Read.ap_auto.i31, i31 %tmp"   --->   Operation 8 'read' 'tmp_read' <Predicate = true> <Delay = 0.00>
ST_1 : Operation 9 [1/1] (0.00ns)   --->   "%sext_ln90_cast = sext i61 %sext_ln90_read"   --->   Operation 9 'sext' 'sext_ln90_cast' <Predicate = true> <Delay = 0.00>
ST_1 : Operation 10 [1/1] (0.00ns)   --->   "%specinterface_ln0 = specinterface void @_ssdm_op_SpecInterface, i64 %gmem2, void @empty_17, i32 0, i32 0, void @empty, i32 64, i32 4096, void @empty_2, void @empty_1, void @empty, i32 16, i32 16, i32 16, i32 16, void @empty, void @empty, i32 4294967295, i32 0"   --->   Operation 10 'specinterface' 'specinterface_ln0' <Predicate = true> <Delay = 0.00>
ST_1 : Operation 11 [1/1] (0.00ns)   --->   "%specinterface_ln0 = specinterface void @_ssdm_op_SpecInterface, i64 %joiner_out, void @empty_8, i32 0, i32 0, void @empty, i32 0, i32 0, void @empty, void @empty, void @empty, i32 0, i32 0, i32 0, i32 0, void @empty, void @empty, i32 4294967295, i32 0"   --->   Operation 11 'specinterface' 'specinterface_ln0' <Predicate = true> <Delay = 0.00>
ST_1 : Operation 12 [1/1] (0.42ns)   --->   "%store_ln0 = store i30 0, i30 %i"   --->   Operation 12 'store' 'store_ln0' <Predicate = true> <Delay = 0.42>
ST_1 : Operation 13 [1/1] (0.00ns)   --->   "%br_ln0 = br void %for.inc.i"   --->   Operation 13 'br' 'br_ln0' <Predicate = true> <Delay = 0.00>
ST_1 : Operation 14 [1/1] (0.00ns)   --->   "%i_load = load i30 %i" [fft_4k_ssr2_i16_c16_t16.cpp:90->fft_4k_ssr2_i16_c16_t16.cpp:353]   --->   Operation 14 'load' 'i_load' <Predicate = true> <Delay = 0.00>
ST_1 : Operation 15 [1/1] (0.00ns)   --->   "%zext_ln90 = zext i30 %i_load" [fft_4k_ssr2_i16_c16_t16.cpp:90->fft_4k_ssr2_i16_c16_t16.cpp:353]   --->   Operation 15 'zext' 'zext_ln90' <Predicate = true> <Delay = 0.00>
ST_1 : Operation 16 [1/1] (1.00ns)   --->   "%icmp_ln90 = icmp_slt  i31 %zext_ln90, i31 %tmp_read" [fft_4k_ssr2_i16_c16_t16.cpp:90->fft_4k_ssr2_i16_c16_t16.cpp:353]   --->   Operation 16 'icmp' 'icmp_ln90' <Predicate = true> <Delay = 1.00> <CoreInst = "Cmp">   --->   Core 9 'Cmp' <Latency = 0> <II = 1> <Delay = 1.00> <FuncUnit> <Opcode : 'icmp'> <InPorts = 2> <OutPorts = 1>
ST_1 : Operation 17 [1/1] (0.99ns)   --->   "%add_ln90 = add i30 %i_load, i30 1" [fft_4k_ssr2_i16_c16_t16.cpp:90->fft_4k_ssr2_i16_c16_t16.cpp:353]   --->   Operation 17 'add' 'add_ln90' <Predicate = true> <Delay = 0.99> <CoreInst = "Adder">   --->   Core 1 'Adder' <Latency = 0> <II = 1> <Delay = 0.99> <FuncUnit> <Opcode : 'add' 'sub'> <InPorts = 2> <OutPorts = 1>
ST_1 : Operation 18 [1/1] (0.00ns)   --->   "%br_ln90 = br i1 %icmp_ln90, void %dma_out.exit.exitStub, void %for.inc.split.i" [fft_4k_ssr2_i16_c16_t16.cpp:90->fft_4k_ssr2_i16_c16_t16.cpp:353]   --->   Operation 18 'br' 'br_ln90' <Predicate = true> <Delay = 0.00>
ST_1 : Operation 19 [1/1] (0.42ns)   --->   "%store_ln90 = store i30 %add_ln90, i30 %i" [fft_4k_ssr2_i16_c16_t16.cpp:90->fft_4k_ssr2_i16_c16_t16.cpp:353]   --->   Operation 19 'store' 'store_ln90' <Predicate = (icmp_ln90)> <Delay = 0.42>

State 2 <SV = 1> <Delay = 1.83>
ST_2 : Operation 20 [1/1] (1.83ns)   --->   "%temp_out = read i64 @_ssdm_op_Read.ap_fifo.volatile.i64P0A, i64 %joiner_out" [fft_4k_ssr2_i16_c16_t16.cpp:93->fft_4k_ssr2_i16_c16_t16.cpp:353]   --->   Operation 20 'read' 'temp_out' <Predicate = true> <Delay = 1.83> <CoreInst = "FIFO_SRL">   --->   Core 81 'FIFO_SRL' <Latency = 0> <II = 1> <Delay = 1.83> <Storage> <Opcode : 'read' 'write' 'nbread' 'nbwrite'> <Ports = 0> <Width = 64> <Depth = 2> <FIFO>
ST_2 : Operation 27 [1/1] (0.00ns)   --->   "%ret_ln0 = ret"   --->   Operation 27 'ret' 'ret_ln0' <Predicate = (!icmp_ln90)> <Delay = 0.00>

State 3 <SV = 2> <Delay = 146.>
ST_3 : Operation 21 [1/1] (0.00ns)   --->   "%gmem2_addr = getelementptr i64 %gmem2, i64 %sext_ln90_cast" [fft_4k_ssr2_i16_c16_t16.cpp:90->fft_4k_ssr2_i16_c16_t16.cpp:353]   --->   Operation 21 'getelementptr' 'gmem2_addr' <Predicate = true> <Delay = 0.00>
ST_3 : Operation 22 [1/1] (0.00ns)   --->   "%specpipeline_ln90 = specpipeline void @_ssdm_op_SpecPipeline, i32 4294967295, i32 0, i32 0, i32 0, void @empty" [fft_4k_ssr2_i16_c16_t16.cpp:90->fft_4k_ssr2_i16_c16_t16.cpp:353]   --->   Operation 22 'specpipeline' 'specpipeline_ln90' <Predicate = true> <Delay = 0.00>
ST_3 : Operation 23 [1/1] (0.00ns)   --->   "%speclooptripcount_ln92 = speclooptripcount void @_ssdm_op_SpecLoopTripCount, i64 0, i64 4096, i64 2048" [fft_4k_ssr2_i16_c16_t16.cpp:92->fft_4k_ssr2_i16_c16_t16.cpp:353]   --->   Operation 23 'speclooptripcount' 'speclooptripcount_ln92' <Predicate = true> <Delay = 0.00>
ST_3 : Operation 24 [1/1] (0.00ns)   --->   "%specloopname_ln90 = specloopname void @_ssdm_op_SpecLoopName, void @empty_12" [fft_4k_ssr2_i16_c16_t16.cpp:90->fft_4k_ssr2_i16_c16_t16.cpp:353]   --->   Operation 24 'specloopname' 'specloopname_ln90' <Predicate = true> <Delay = 0.00>
ST_3 : Operation 25 [1/1] (146.ns)   --->   "%write_ln100 = write void @_ssdm_op_Write.m_axi.p1i64, i64 %gmem2_addr, i64 %temp_out, i8 255" [fft_4k_ssr2_i16_c16_t16.cpp:100->fft_4k_ssr2_i16_c16_t16.cpp:353]   --->   Operation 25 'write' 'write_ln100' <Predicate = true> <Delay = 146.> <CoreInst = "m_axi">   --->   Core 121 'm_axi' <Latency = 0> <II = 1> <Delay = 1.00> <Adapter> <Opcode : 'read' 'write' 'readreq' 'writereq' 'writeresp'>
ST_3 : Operation 26 [1/1] (0.00ns)   --->   "%br_ln90 = br void %for.inc.i" [fft_4k_ssr2_i16_c16_t16.cpp:90->fft_4k_ssr2_i16_c16_t16.cpp:353]   --->   Operation 26 'br' 'br_ln90' <Predicate = true> <Delay = 0.00>


============================================================
+ Verbose Summary: Binding
============================================================
STG Binding: 
---------------- STG Properties BEGIN ----------------
- Is combinational: 0
- Is one-state seq: 0
- Is datapath-only: 0
- Is pipelined: 0
- Is top level: 0
Port [ Return ] is wired: 1; IO mode=ap_ctrl_hs:ce=0
Port [ tmp]:  wired=1; compound=0; hidden=0; nouse=0; global=0; static=0; extern=0; dir=0; type=0; pingpong=0; private_global=0; IO mode=ap_none:ce=0
Port [ gmem2]:  wired=1; compound=1; hidden=0; nouse=0; global=0; static=0; extern=0; dir=1; type=4; pingpong=0; private_global=0; IO mode=m_axi:ce=0
Port [ sext_ln90]:  wired=1; compound=0; hidden=0; nouse=0; global=0; static=0; extern=0; dir=0; type=0; pingpong=0; private_global=0; IO mode=ap_none:ce=0
Port [ joiner_out]:  wired=1; compound=1; hidden=0; nouse=0; global=0; static=0; extern=0; dir=0; type=3; pingpong=0; private_global=0; IO mode=ap_fifo:ce=0
---------------- STG Properties END ------------------

---------------- Datapath Model BEGIN ----------------

<LifeTime>
<method=bitvector/>
i                      (alloca           ) [ 0100]
sext_ln90_read         (read             ) [ 0000]
tmp_read               (read             ) [ 0000]
sext_ln90_cast         (sext             ) [ 0111]
specinterface_ln0      (specinterface    ) [ 0000]
specinterface_ln0      (specinterface    ) [ 0000]
store_ln0              (store            ) [ 0000]
br_ln0                 (br               ) [ 0000]
i_load                 (load             ) [ 0000]
zext_ln90              (zext             ) [ 0000]
icmp_ln90              (icmp             ) [ 0110]
add_ln90               (add              ) [ 0000]
br_ln90                (br               ) [ 0000]
store_ln90             (store            ) [ 0000]
temp_out               (read             ) [ 0101]
gmem2_addr             (getelementptr    ) [ 0000]
specpipeline_ln90      (specpipeline     ) [ 0000]
speclooptripcount_ln92 (speclooptripcount) [ 0000]
specloopname_ln90      (specloopname     ) [ 0000]
write_ln100            (write            ) [ 0000]
br_ln90                (br               ) [ 0000]
ret_ln0                (ret              ) [ 0000]
</LifeTime>

<model>

<comp_list>
<comp id="0" class="1000" name="tmp">
<pin_list>
<pin id="1" dir="1" index="0" bw="1" slack="0"/>
</pin_list>
<bind>
<StgValue><ssdm name="tmp"/></StgValue>
</bind>
</comp>

<comp id="2" class="1000" name="gmem2">
<pin_list>
<pin id="3" dir="1" index="0" bw="1" slack="0"/>
</pin_list>
<bind>
<StgValue><ssdm name="gmem2"/></StgValue>
</bind>
</comp>

<comp id="4" class="1000" name="sext_ln90">
<pin_list>
<pin id="5" dir="1" index="0" bw="1" slack="0"/>
</pin_list>
<bind>
<StgValue><ssdm name="sext_ln90"/></StgValue>
</bind>
</comp>

<comp id="6" class="1000" name="joiner_out">
<pin_list>
<pin id="7" dir="1" index="0" bw="1" slack="0"/>
</pin_list>
<bind>
<StgValue><ssdm name="joiner_out"/></StgValue>
</bind>
</comp>

<comp id="8" class="1001" name="const_8">
<pin_list>
<pin id="9" dir="1" index="0" bw="1" slack="0"/>
</pin_list>
<bind>
<StgValue><ssdm name=""/></StgValue>
</bind>
</comp>

<comp id="10" class="1001" name="const_10">
<pin_list>
<pin id="11" dir="1" index="0" bw="1" slack="0"/>
</pin_list>
<bind>
<StgValue><ssdm name="_ssdm_op_Read.ap_auto.i61"/></StgValue>
</bind>
</comp>

<comp id="12" class="1001" name="const_12">
<pin_list>
<pin id="13" dir="1" index="0" bw="1" slack="0"/>
</pin_list>
<bind>
<StgValue><ssdm name="_ssdm_op_Read.ap_auto.i31"/></StgValue>
</bind>
</comp>

<comp id="14" class="1001" name="const_14">
<pin_list>
<pin id="15" dir="1" index="0" bw="1" slack="2147483647"/>
</pin_list>
<bind>
<StgValue><ssdm name="_ssdm_op_SpecInterface"/></StgValue>
</bind>
</comp>

<comp id="16" class="1001" name="const_16">
<pin_list>
<pin id="17" dir="1" index="0" bw="1" slack="2147483647"/>
</pin_list>
<bind>
<StgValue><ssdm name="empty_17"/></StgValue>
</bind>
</comp>

<comp id="18" class="1001" name="const_18">
<pin_list>
<pin id="19" dir="1" index="0" bw="1" slack="2147483647"/>
</pin_list>
<bind>
<StgValue><ssdm name=""/></StgValue>
</bind>
</comp>

<comp id="20" class="1001" name="const_20">
<pin_list>
<pin id="21" dir="1" index="0" bw="1" slack="2147483647"/>
</pin_list>
<bind>
<StgValue><ssdm name="empty"/></StgValue>
</bind>
</comp>

<comp id="22" class="1001" name="const_22">
<pin_list>
<pin id="23" dir="1" index="0" bw="1" slack="2147483647"/>
</pin_list>
<bind>
<StgValue><ssdm name=""/></StgValue>
</bind>
</comp>

<comp id="24" class="1001" name="const_24">
<pin_list>
<pin id="25" dir="1" index="0" bw="1" slack="2147483647"/>
</pin_list>
<bind>
<StgValue><ssdm name=""/></StgValue>
</bind>
</comp>

<comp id="26" class="1001" name="const_26">
<pin_list>
<pin id="27" dir="1" index="0" bw="1" slack="2147483647"/>
</pin_list>
<bind>
<StgValue><ssdm name="empty_2"/></StgValue>
</bind>
</comp>

<comp id="28" class="1001" name="const_28">
<pin_list>
<pin id="29" dir="1" index="0" bw="1" slack="2147483647"/>
</pin_list>
<bind>
<StgValue><ssdm name="empty_1"/></StgValue>
</bind>
</comp>

<comp id="30" class="1001" name="const_30">
<pin_list>
<pin id="31" dir="1" index="0" bw="1" slack="2147483647"/>
</pin_list>
<bind>
<StgValue><ssdm name=""/></StgValue>
</bind>
</comp>

<comp id="32" class="1001" name="const_32">
<pin_list>
<pin id="33" dir="1" index="0" bw="1" slack="2147483647"/>
</pin_list>
<bind>
<StgValue><ssdm name=""/></StgValue>
</bind>
</comp>

<comp id="34" class="1001" name="const_34">
<pin_list>
<pin id="35" dir="1" index="0" bw="1" slack="2147483647"/>
</pin_list>
<bind>
<StgValue><ssdm name="empty_8"/></StgValue>
</bind>
</comp>

<comp id="36" class="1001" name="const_36">
<pin_list>
<pin id="37" dir="1" index="0" bw="1" slack="0"/>
</pin_list>
<bind>
<StgValue><ssdm name=""/></StgValue>
</bind>
</comp>

<comp id="38" class="1001" name="const_38">
<pin_list>
<pin id="39" dir="1" index="0" bw="1" slack="0"/>
</pin_list>
<bind>
<StgValue><ssdm name=""/></StgValue>
</bind>
</comp>

<comp id="40" class="1001" name="const_40">
<pin_list>
<pin id="41" dir="1" index="0" bw="1" slack="0"/>
</pin_list>
<bind>
<StgValue><ssdm name="_ssdm_op_Read.ap_fifo.volatile.i64P0A"/></StgValue>
</bind>
</comp>

<comp id="42" class="1001" name="const_42">
<pin_list>
<pin id="43" dir="1" index="0" bw="1" slack="2147483647"/>
</pin_list>
<bind>
<StgValue><ssdm name="_ssdm_op_SpecPipeline"/></StgValue>
</bind>
</comp>

<comp id="44" class="1001" name="const_44">
<pin_list>
<pin id="45" dir="1" index="0" bw="1" slack="2147483647"/>
</pin_list>
<bind>
<StgValue><ssdm name="_ssdm_op_SpecLoopTripCount"/></StgValue>
</bind>
</comp>

<comp id="46" class="1001" name="const_46">
<pin_list>
<pin id="47" dir="1" index="0" bw="1" slack="2147483647"/>
</pin_list>
<bind>
<StgValue><ssdm name=""/></StgValue>
</bind>
</comp>

<comp id="48" class="1001" name="const_48">
<pin_list>
<pin id="49" dir="1" index="0" bw="1" slack="2147483647"/>
</pin_list>
<bind>
<StgValue><ssdm name=""/></StgValue>
</bind>
</comp>

<comp id="50" class="1001" name="const_50">
<pin_list>
<pin id="51" dir="1" index="0" bw="1" slack="2147483647"/>
</pin_list>
<bind>
<StgValue><ssdm name=""/></StgValue>
</bind>
</comp>

<comp id="52" class="1001" name="const_52">
<pin_list>
<pin id="53" dir="1" index="0" bw="1" slack="2147483647"/>
</pin_list>
<bind>
<StgValue><ssdm name="_ssdm_op_SpecLoopName"/></StgValue>
</bind>
</comp>

<comp id="54" class="1001" name="const_54">
<pin_list>
<pin id="55" dir="1" index="0" bw="1" slack="2147483647"/>
</pin_list>
<bind>
<StgValue><ssdm name="empty_12"/></StgValue>
</bind>
</comp>

<comp id="56" class="1001" name="const_56">
<pin_list>
<pin id="57" dir="1" index="0" bw="1" slack="0"/>
</pin_list>
<bind>
<StgValue><ssdm name="_ssdm_op_Write.m_axi.p1i64"/></StgValue>
</bind>
</comp>

<comp id="58" class="1001" name="const_58">
<pin_list>
<pin id="59" dir="1" index="0" bw="1" slack="0"/>
</pin_list>
<bind>
<StgValue><ssdm name=""/></StgValue>
</bind>
</comp>

<comp id="60" class="1004" name="i_fu_60">
<pin_list>
<pin id="61" dir="0" index="0" bw="1" slack="0"/>
<pin id="62" dir="1" index="1" bw="30" slack="0"/>
</pin_list>
<bind>
<opcode="alloca(26) " fcode="alloca"/>
<opset="i/1 "/>
</bind>
</comp>

<comp id="64" class="1004" name="sext_ln90_read_read_fu_64">
<pin_list>
<pin id="65" dir="0" index="0" bw="61" slack="0"/>
<pin id="66" dir="0" index="1" bw="61" slack="0"/>
<pin id="67" dir="1" index="2" bw="61" slack="0"/>
</pin_list>
<bind>
<opcode="read(1150) " fcode="read"/>
<opset="sext_ln90_read/1 "/>
</bind>
</comp>

<comp id="70" class="1004" name="tmp_read_read_fu_70">
<pin_list>
<pin id="71" dir="0" index="0" bw="31" slack="0"/>
<pin id="72" dir="0" index="1" bw="31" slack="0"/>
<pin id="73" dir="1" index="2" bw="31" slack="0"/>
</pin_list>
<bind>
<opcode="read(1150) " fcode="read"/>
<opset="tmp_read/1 "/>
</bind>
</comp>

<comp id="76" class="1004" name="temp_out_read_fu_76">
<pin_list>
<pin id="77" dir="0" index="0" bw="64" slack="0"/>
<pin id="78" dir="0" index="1" bw="64" slack="0"/>
<pin id="79" dir="1" index="2" bw="64" slack="1"/>
</pin_list>
<bind>
<opcode="read(1150) " fcode="read"/>
<opset="temp_out/2 "/>
</bind>
</comp>

<comp id="82" class="1004" name="write_ln100_write_fu_82">
<pin_list>
<pin id="83" dir="0" index="0" bw="0" slack="0"/>
<pin id="84" dir="0" index="1" bw="64" slack="0"/>
<pin id="85" dir="0" index="2" bw="64" slack="1"/>
<pin id="86" dir="0" index="3" bw="1" slack="0"/>
<pin id="87" dir="1" index="4" bw="0" slack="2147483647"/>
</pin_list>
<bind>
<opcode="write(1151) " fcode="write"/>
<opset="write_ln100/3 "/>
</bind>
</comp>

<comp id="90" class="1004" name="sext_ln90_cast_fu_90">
<pin_list>
<pin id="91" dir="0" index="0" bw="61" slack="0"/>
<pin id="92" dir="1" index="1" bw="64" slack="2"/>
</pin_list>
<bind>
<opcode="sext(35) " fcode="sext"/>
<opset="sext_ln90_cast/1 "/>
</bind>
</comp>

<comp id="94" class="1004" name="store_ln0_store_fu_94">
<pin_list>
<pin id="95" dir="0" index="0" bw="1" slack="0"/>
<pin id="96" dir="0" index="1" bw="30" slack="0"/>
<pin id="97" dir="1" index="2" bw="0" slack="2147483647"/>
</pin_list>
<bind>
<opcode="store(28) " fcode="store"/>
<opset="store_ln0/1 "/>
</bind>
</comp>

<comp id="99" class="1004" name="i_load_load_fu_99">
<pin_list>
<pin id="100" dir="0" index="0" bw="30" slack="0"/>
<pin id="101" dir="1" index="1" bw="30" slack="0"/>
</pin_list>
<bind>
<opcode="load(27) " fcode="load"/>
<opset="i_load/1 "/>
</bind>
</comp>

<comp id="102" class="1004" name="zext_ln90_fu_102">
<pin_list>
<pin id="103" dir="0" index="0" bw="30" slack="0"/>
<pin id="104" dir="1" index="1" bw="31" slack="0"/>
</pin_list>
<bind>
<opcode="zext(34) " fcode="zext"/>
<opset="zext_ln90/1 "/>
</bind>
</comp>

<comp id="106" class="1004" name="icmp_ln90_fu_106">
<pin_list>
<pin id="107" dir="0" index="0" bw="31" slack="0"/>
<pin id="108" dir="0" index="1" bw="31" slack="0"/>
<pin id="109" dir="1" index="2" bw="1" slack="1"/>
</pin_list>
<bind>
<opcode="icmp(45) " fcode="icmp"/>
<opset="icmp_ln90/1 "/>
</bind>
</comp>

<comp id="112" class="1004" name="add_ln90_fu_112">
<pin_list>
<pin id="113" dir="0" index="0" bw="30" slack="0"/>
<pin id="114" dir="0" index="1" bw="1" slack="0"/>
<pin id="115" dir="1" index="2" bw="30" slack="0"/>
</pin_list>
<bind>
<opcode="add(8) " fcode="add"/>
<opset="add_ln90/1 "/>
</bind>
</comp>

<comp id="118" class="1004" name="store_ln90_store_fu_118">
<pin_list>
<pin id="119" dir="0" index="0" bw="30" slack="0"/>
<pin id="120" dir="0" index="1" bw="30" slack="0"/>
<pin id="121" dir="1" index="2" bw="0" slack="2147483647"/>
</pin_list>
<bind>
<opcode="store(28) " fcode="store"/>
<opset="store_ln90/1 "/>
</bind>
</comp>

<comp id="123" class="1004" name="gmem2_addr_fu_123">
<pin_list>
<pin id="124" dir="0" index="0" bw="64" slack="0"/>
<pin id="125" dir="0" index="1" bw="64" slack="2"/>
<pin id="126" dir="1" index="2" bw="64" slack="0"/>
</pin_list>
<bind>
<opcode="getelementptr(29) " fcode="getelementptr"/>
<opset="gmem2_addr/3 "/>
</bind>
</comp>

<comp id="129" class="1005" name="i_reg_129">
<pin_list>
<pin id="130" dir="0" index="0" bw="30" slack="0"/>
<pin id="131" dir="1" index="1" bw="30" slack="0"/>
</pin_list>
<bind>
<opset="i "/>
</bind>
</comp>

<comp id="136" class="1005" name="sext_ln90_cast_reg_136">
<pin_list>
<pin id="137" dir="0" index="0" bw="64" slack="2"/>
<pin id="138" dir="1" index="1" bw="64" slack="2"/>
</pin_list>
<bind>
<opset="sext_ln90_cast "/>
</bind>
</comp>

<comp id="141" class="1005" name="icmp_ln90_reg_141">
<pin_list>
<pin id="142" dir="0" index="0" bw="1" slack="1"/>
<pin id="143" dir="1" index="1" bw="1" slack="2147483647"/>
</pin_list>
<bind>
<opset="icmp_ln90 "/>
</bind>
</comp>

<comp id="145" class="1005" name="temp_out_reg_145">
<pin_list>
<pin id="146" dir="0" index="0" bw="64" slack="1"/>
<pin id="147" dir="1" index="1" bw="64" slack="1"/>
</pin_list>
<bind>
<opset="temp_out "/>
</bind>
</comp>

</comp_list>

<net_list>
<net id="63"><net_src comp="8" pin="0"/><net_sink comp="60" pin=0"/></net>

<net id="68"><net_src comp="10" pin="0"/><net_sink comp="64" pin=0"/></net>

<net id="69"><net_src comp="4" pin="0"/><net_sink comp="64" pin=1"/></net>

<net id="74"><net_src comp="12" pin="0"/><net_sink comp="70" pin=0"/></net>

<net id="75"><net_src comp="0" pin="0"/><net_sink comp="70" pin=1"/></net>

<net id="80"><net_src comp="40" pin="0"/><net_sink comp="76" pin=0"/></net>

<net id="81"><net_src comp="6" pin="0"/><net_sink comp="76" pin=1"/></net>

<net id="88"><net_src comp="56" pin="0"/><net_sink comp="82" pin=0"/></net>

<net id="89"><net_src comp="58" pin="0"/><net_sink comp="82" pin=3"/></net>

<net id="93"><net_src comp="64" pin="2"/><net_sink comp="90" pin=0"/></net>

<net id="98"><net_src comp="36" pin="0"/><net_sink comp="94" pin=0"/></net>

<net id="105"><net_src comp="99" pin="1"/><net_sink comp="102" pin=0"/></net>

<net id="110"><net_src comp="102" pin="1"/><net_sink comp="106" pin=0"/></net>

<net id="111"><net_src comp="70" pin="2"/><net_sink comp="106" pin=1"/></net>

<net id="116"><net_src comp="99" pin="1"/><net_sink comp="112" pin=0"/></net>

<net id="117"><net_src comp="38" pin="0"/><net_sink comp="112" pin=1"/></net>

<net id="122"><net_src comp="112" pin="2"/><net_sink comp="118" pin=0"/></net>

<net id="127"><net_src comp="2" pin="0"/><net_sink comp="123" pin=0"/></net>

<net id="128"><net_src comp="123" pin="2"/><net_sink comp="82" pin=1"/></net>

<net id="132"><net_src comp="60" pin="1"/><net_sink comp="129" pin=0"/></net>

<net id="133"><net_src comp="129" pin="1"/><net_sink comp="94" pin=1"/></net>

<net id="134"><net_src comp="129" pin="1"/><net_sink comp="99" pin=0"/></net>

<net id="135"><net_src comp="129" pin="1"/><net_sink comp="118" pin=1"/></net>

<net id="139"><net_src comp="90" pin="1"/><net_sink comp="136" pin=0"/></net>

<net id="140"><net_src comp="136" pin="1"/><net_sink comp="123" pin=1"/></net>

<net id="144"><net_src comp="106" pin="2"/><net_sink comp="141" pin=0"/></net>

<net id="148"><net_src comp="76" pin="2"/><net_sink comp="145" pin=0"/></net>

<net id="149"><net_src comp="145" pin="1"/><net_sink comp="82" pin=2"/></net>

</net_list>

</model> 
---------------- Datapath Model END ------------------

* FSMD analyzer results:
  - Output states:
	Port: gmem2 | {3 }
	Port: joiner_out | {}
 - Input state : 
	Port: dma_out_Pipeline_VITIS_LOOP_90_1 : tmp | {1 }
	Port: dma_out_Pipeline_VITIS_LOOP_90_1 : gmem2 | {}
	Port: dma_out_Pipeline_VITIS_LOOP_90_1 : sext_ln90 | {1 }
	Port: dma_out_Pipeline_VITIS_LOOP_90_1 : joiner_out | {2 }
  - Chain level:
	State 1
		store_ln0 : 1
		i_load : 1
		zext_ln90 : 2
		icmp_ln90 : 3
		add_ln90 : 2
		br_ln90 : 4
		store_ln90 : 3
	State 2
	State 3
		write_ln100 : 1


============================================================
+ Verbose Summary: Datapath Resource usage 
============================================================

* Functional unit list:
|----------|---------------------------|---------|---------|
| Operation|      Functional Unit      |    FF   |   LUT   |
|----------|---------------------------|---------|---------|
|   icmp   |      icmp_ln90_fu_106     |    0    |    38   |
|----------|---------------------------|---------|---------|
|    add   |      add_ln90_fu_112      |    0    |    37   |
|----------|---------------------------|---------|---------|
|          | sext_ln90_read_read_fu_64 |    0    |    0    |
|   read   |    tmp_read_read_fu_70    |    0    |    0    |
|          |    temp_out_read_fu_76    |    0    |    0    |
|----------|---------------------------|---------|---------|
|   write  |  write_ln100_write_fu_82  |    0    |    0    |
|----------|---------------------------|---------|---------|
|   sext   |    sext_ln90_cast_fu_90   |    0    |    0    |
|----------|---------------------------|---------|---------|
|   zext   |      zext_ln90_fu_102     |    0    |    0    |
|----------|---------------------------|---------|---------|
|   Total  |                           |    0    |    75   |
|----------|---------------------------|---------|---------|

Memories:
N/A

* Register list:
+----------------------+--------+
|                      |   FF   |
+----------------------+--------+
|       i_reg_129      |   30   |
|   icmp_ln90_reg_141  |    1   |
|sext_ln90_cast_reg_136|   64   |
|   temp_out_reg_145   |   64   |
+----------------------+--------+
|         Total        |   159  |
+----------------------+--------+

* Multiplexer (MUX) list: 
|--------|------|------|------|--------|
|  Comp  |  Pin | Size |  BW  | S x BW |
|--------|------|------|------|--------|
|  Total |      |      |      |    0   |
|--------|------|------|------|--------|



* Summary:
+-----------+--------+--------+
|           |   FF   |   LUT  |
+-----------+--------+--------+
|  Function |    0   |   75   |
|   Memory  |    -   |    -   |
|Multiplexer|    -   |    -   |
|  Register |   159  |    -   |
+-----------+--------+--------+
|   Total   |   159  |   75   |
+-----------+--------+--------+
