

================================================================
== Vitis HLS Report for 'fft_serial_kernel'
================================================================
* Date:           Mon Mar  9 10:31:58 2026

* Version:        2023.2 (Build 4023990 on Oct 11 2023)
* Project:        hls_project
* Solution:       solution1 (Vivado IP Flow Target)
* Product family: zynquplus
* Target device:  xck26-sfvc784-2LV-c


================================================================
== Performance Estimates
================================================================
+ Timing: 
    * Summary: 
    +--------+---------+----------+------------+
    |  Clock |  Target | Estimated| Uncertainty|
    +--------+---------+----------+------------+
    |ap_clk  |  0.20 us|  0.146 us|    54.00 ns|
    +--------+---------+----------+------------+

+ Latency: 
    * Summary: 
    +---------+---------+----------+----------+-----+-------+---------+
    |  Latency (cycles) |  Latency (absolute) |   Interval  | Pipeline|
    |   min   |   max   |    min   |    max   | min |  max  |   Type  |
    +---------+---------+----------+----------+-----+-------+---------+
    |        3|    12561|  0.600 us|  2.512 ms|    3|  12561|       no|
    +---------+---------+----------+----------+-----+-------+---------+

    + Detail: 
        * Instance: 
        N/A

        * Loop: 
        +--------------------+---------+---------+----------+-----------+-----------+-------+----------+
        |                    |  Latency (cycles) | Iteration|  Initiation Interval  |  Trip |          |
        |      Loop Name     |   min   |   max   |  Latency |  achieved |   target  | Count | Pipelined|
        +--------------------+---------+---------+----------+-----------+-----------+-------+----------+
        |- VITIS_LOOP_310_1  |        2|    12560|      6282|          -|          -|  0 ~ 2|        no|
        +--------------------+---------+---------+----------+-----------+-----------+-------+----------+

============================================================
+ Verbose Summary: Synthesis Manager
============================================================
InlineROM: 1
ExposeGlobal: 0
============================================================
+ Verbose Summary: CDFG Model
============================================================
IsTopModel: 0
ResetActiveHigh: 1
IsCombinational: 2
IsDatapathOnly: 0
HasWiredReturn: 1
HasMFsm: 0
HasVarLatency: 1
IsPipeline: 0
IsRtlPipelined: 0
IsInstanceOverlapped: 0
IsDontTouch: 0
HasImplIP: 0
IsGatedGlobalClock: 0


============================================================
+ Verbose Summary: Schedule
============================================================
* Number of FSM states : 3
* Pipeline : 0
* Dataflow Pipeline: 1
  DF-Pipeline-0: Size = 2, States = { 2 3 }

* FSM state transitions: 
1 --> 2 
2 --> 3 
3 --> 2 

* FSM state operations: 

State 1 <SV = 0> <Delay = 1.83>
ST_1 : Operation 4 [1/1] (1.83ns)   --->   "%iter_read = read i32 @_ssdm_op_Read.ap_auto.volatile.i32P0A, i32 %iter"   --->   Operation 4 'read' 'iter_read' <Predicate = true> <Delay = 1.83> <CoreInst = "FIFO_SRL">   --->   Core 81 'FIFO_SRL' <Latency = 0> <II = 1> <Delay = 1.83> <Storage> <Opcode : 'read' 'write' 'nbread' 'nbwrite'> <Ports = 0> <Width = -1> <Depth = -1> <FIFO>
ST_1 : Operation 5 [1/1] (0.00ns)   --->   "%specinterface_ln0 = specinterface void @_ssdm_op_SpecInterface, i32 %fft2_out1, void @empty_8, i32 0, i32 0, void @empty, i32 0, i32 0, void @empty, void @empty, void @empty, i32 0, i32 0, i32 0, i32 0, void @empty, void @empty, i32 4294967295, i32 0"   --->   Operation 5 'specinterface' 'specinterface_ln0' <Predicate = true> <Delay = 0.00>
ST_1 : Operation 6 [1/1] (0.00ns)   --->   "%specinterface_ln0 = specinterface void @_ssdm_op_SpecInterface, i32 %twiddle_out1, void @empty_8, i32 0, i32 0, void @empty, i32 0, i32 0, void @empty, void @empty, void @empty, i32 0, i32 0, i32 0, i32 0, void @empty, void @empty, i32 4294967295, i32 0"   --->   Operation 6 'specinterface' 'specinterface_ln0' <Predicate = true> <Delay = 0.00>
ST_1 : Operation 7 [1/1] (0.42ns)   --->   "%br_ln310 = br void %for.cond" [fft_4k_ssr2_i16_c16_t16.cpp:310]   --->   Operation 7 'br' 'br_ln310' <Predicate = true> <Delay = 0.42>

State 2 <SV = 1> <Delay = 1.01>
ST_2 : Operation 8 [1/1] (0.00ns)   --->   "%i = phi i31 0, void %entry, i31 %add_ln310, void %codeRepl" [fft_4k_ssr2_i16_c16_t16.cpp:310]   --->   Operation 8 'phi' 'i' <Predicate = true> <Delay = 0.00>
ST_2 : Operation 9 [1/1] (0.00ns)   --->   "%zext_ln310 = zext i31 %i" [fft_4k_ssr2_i16_c16_t16.cpp:310]   --->   Operation 9 'zext' 'zext_ln310' <Predicate = true> <Delay = 0.00>
ST_2 : Operation 10 [1/1] (1.01ns)   --->   "%icmp_ln310 = icmp_slt  i32 %zext_ln310, i32 %iter_read" [fft_4k_ssr2_i16_c16_t16.cpp:310]   --->   Operation 10 'icmp' 'icmp_ln310' <Predicate = true> <Delay = 1.01> <CoreInst = "Cmp">   --->   Core 9 'Cmp' <Latency = 0> <II = 1> <Delay = 1.01> <FuncUnit> <Opcode : 'icmp'> <InPorts = 2> <OutPorts = 1>
ST_2 : Operation 11 [1/1] (1.00ns)   --->   "%add_ln310 = add i31 %i, i31 1" [fft_4k_ssr2_i16_c16_t16.cpp:310]   --->   Operation 11 'add' 'add_ln310' <Predicate = true> <Delay = 1.00> <CoreInst = "Adder">   --->   Core 1 'Adder' <Latency = 0> <II = 1> <Delay = 1.00> <FuncUnit> <Opcode : 'add' 'sub'> <InPorts = 2> <OutPorts = 1>
ST_2 : Operation 12 [1/1] (0.00ns)   --->   "%specdataflowpipeline_ln310 = specdataflowpipeline void @_ssdm_op_SpecDataflowPipeline, i32 4294967295, i32 0, void @dataflow_parent_loop_str, i31 %i, i32 %iter_read, i32 0" [fft_4k_ssr2_i16_c16_t16.cpp:310]   --->   Operation 12 'specdataflowpipeline' 'specdataflowpipeline_ln310' <Predicate = true> <Delay = 0.00>
ST_2 : Operation 13 [1/1] (0.00ns)   --->   "%br_ln310 = br i1 %icmp_ln310, void %for.end, void %codeRepl" [fft_4k_ssr2_i16_c16_t16.cpp:310]   --->   Operation 13 'br' 'br_ln310' <Predicate = true> <Delay = 0.00>
ST_2 : Operation 14 [2/2] (0.00ns)   --->   "%call_ln305 = call void @dataflow_in_loop_VITIS_LOOP_310_1.130, i32 %twiddle_out1, i32 %fft2_out1" [fft_4k_ssr2_i16_c16_t16.cpp:305]   --->   Operation 14 'call' 'call_ln305' <Predicate = (icmp_ln310)> <Delay = 0.00> <CoreType = "Generic">   --->   Core 0 '' <Latency = 0> <II = 1> <Delay = 1.00> <Generic> <Opcode : >
ST_2 : Operation 15 [1/1] (0.00ns)   --->   "%ret_ln318 = ret" [fft_4k_ssr2_i16_c16_t16.cpp:318]   --->   Operation 15 'ret' 'ret_ln318' <Predicate = (!icmp_ln310)> <Delay = 0.00>

State 3 <SV = 2> <Delay = 0.00>
ST_3 : Operation 16 [1/1] (0.00ns)   --->   "%speclooptripcount_ln312 = speclooptripcount void @_ssdm_op_SpecLoopTripCount, i64 0, i64 2, i64 1" [fft_4k_ssr2_i16_c16_t16.cpp:312]   --->   Operation 16 'speclooptripcount' 'speclooptripcount_ln312' <Predicate = (icmp_ln310)> <Delay = 0.00>
ST_3 : Operation 17 [1/1] (0.00ns)   --->   "%specloopname_ln310 = specloopname void @_ssdm_op_SpecLoopName, void @empty_16" [fft_4k_ssr2_i16_c16_t16.cpp:310]   --->   Operation 17 'specloopname' 'specloopname_ln310' <Predicate = (icmp_ln310)> <Delay = 0.00>
ST_3 : Operation 18 [1/2] (0.00ns)   --->   "%call_ln305 = call void @dataflow_in_loop_VITIS_LOOP_310_1.130, i32 %twiddle_out1, i32 %fft2_out1" [fft_4k_ssr2_i16_c16_t16.cpp:305]   --->   Operation 18 'call' 'call_ln305' <Predicate = (icmp_ln310)> <Delay = 0.00> <CoreType = "Generic">   --->   Core 0 '' <Latency = 0> <II = 1> <Delay = 1.00> <Generic> <Opcode : >
ST_3 : Operation 19 [1/1] (0.00ns)   --->   "%br_ln310 = br void %for.cond" [fft_4k_ssr2_i16_c16_t16.cpp:310]   --->   Operation 19 'br' 'br_ln310' <Predicate = (icmp_ln310)> <Delay = 0.00>


============================================================
+ Verbose Summary: Timing violations
============================================================
Target clock period: 200.000ns, clock uncertainty: 54.000ns.

 <State 1>: 1.838ns
The critical path consists of the following:
	wire read operation ('iter_read') on port 'iter' [4]  (1.838 ns)

 <State 2>: 1.016ns
The critical path consists of the following:
	'phi' operation 31 bit ('i', fft_4k_ssr2_i16_c16_t16.cpp:310) with incoming values : ('add_ln310', fft_4k_ssr2_i16_c16_t16.cpp:310) [9]  (0.000 ns)
	'icmp' operation 1 bit ('icmp_ln310', fft_4k_ssr2_i16_c16_t16.cpp:310) [11]  (1.016 ns)

 <State 3>: 0.000ns
The critical path consists of the following:


============================================================
+ Verbose Summary: Binding
============================================================
N/A
* FSMD analyzer results:
  - Output states:
 - Input state : 
  - Chain level:
	State 1
	State 2
	State 3


============================================================
+ Verbose Summary: Datapath Resource usage 
============================================================
N/A
