

================================================================
== Vitis HLS Report for 'joiner'
================================================================
* Date:           Mon Mar  9 10:32:01 2026

* Version:        2023.2 (Build 4023990 on Oct 11 2023)
* Project:        hls_project
* Solution:       solution1 (Vivado IP Flow Target)
* Product family: zynquplus
* Target device:  xck26-sfvc784-2LV-c


================================================================
== Performance Estimates
================================================================
+ Timing: 
    * Summary: 
    +--------+---------+----------+------------+
    |  Clock |  Target | Estimated| Uncertainty|
    +--------+---------+----------+------------+
    |ap_clk  |  0.20 us|  3.676 ns|    54.00 ns|
    +--------+---------+----------+------------+

+ Latency: 
    * Summary: 
    +---------+---------+----------+----------+-----+------+---------+
    |  Latency (cycles) |  Latency (absolute) |  Interval  | Pipeline|
    |   min   |   max   |    min   |    max   | min |  max |   Type  |
    +---------+---------+----------+----------+-----+------+---------+
    |        4|     4100|  0.800 us|  0.820 ms|    4|  4100|       no|
    +---------+---------+----------+----------+-----+------+---------+

    + Detail: 
        * Instance: 
        +-------------------------------------------------------------+---------------------------------------------------+---------+---------+----------+----------+-----+------+---------+
        |                                                             |                                                   |  Latency (cycles) |  Latency (absolute) |  Interval  | Pipeline|
        |                           Instance                          |                       Module                      |   min   |   max   |    min   |    max   | min |  max |   Type  |
        +-------------------------------------------------------------+---------------------------------------------------+---------+---------+----------+----------+-----+------+---------+
        |grp_joiner_Pipeline_VITIS_LOOP_285_1_VITIS_LOOP_288_2_fu_73  |joiner_Pipeline_VITIS_LOOP_285_1_VITIS_LOOP_288_2  |        2|     4098|  0.400 us|  0.820 ms|    2|  4098|       no|
        +-------------------------------------------------------------+---------------------------------------------------+---------+---------+----------+----------+-----+------+---------+

        * Loop: 
        N/A



================================================================
== Utilization Estimates
================================================================
* Summary: 
+-----------------+---------+------+--------+--------+-----+
|       Name      | BRAM_18K|  DSP |   FF   |   LUT  | URAM|
+-----------------+---------+------+--------+--------+-----+
|DSP              |        -|     -|       -|       -|    -|
|Expression       |        -|     -|       0|       2|    -|
|FIFO             |        -|     -|       -|       -|    -|
|Instance         |        -|     -|      47|     169|    -|
|Memory           |        -|     -|       -|       -|    -|
|Multiplexer      |        -|     -|       -|      74|    -|
|Register         |        -|     -|      69|       -|    -|
+-----------------+---------+------+--------+--------+-----+
|Total            |        0|     0|     116|     245|    0|
+-----------------+---------+------+--------+--------+-----+
|Available        |      288|  1248|  234240|  117120|   64|
+-----------------+---------+------+--------+--------+-----+
|Utilization (%)  |        0|     0|      ~0|      ~0|    0|
+-----------------+---------+------+--------+--------+-----+

+ Detail: 
    * Instance: 
    +-------------------------------------------------------------+---------------------------------------------------+---------+----+----+-----+-----+
    |                           Instance                          |                       Module                      | BRAM_18K| DSP| FF | LUT | URAM|
    +-------------------------------------------------------------+---------------------------------------------------+---------+----+----+-----+-----+
    |grp_joiner_Pipeline_VITIS_LOOP_285_1_VITIS_LOOP_288_2_fu_73  |joiner_Pipeline_VITIS_LOOP_285_1_VITIS_LOOP_288_2  |        0|   0|  47|  169|    0|
    +-------------------------------------------------------------+---------------------------------------------------+---------+----+----+-----+-----+
    |Total                                                        |                                                   |        0|   0|  47|  169|    0|
    +-------------------------------------------------------------+---------------------------------------------------+---------+----+----+-----+-----+

    * DSP: 
    N/A

    * Memory: 
    N/A

    * FIFO: 
    N/A

    * Expression: 
    +-----------------+----------+----+---+----+------------+------------+
    |  Variable Name  | Operation| DSP| FF| LUT| Bitwidth P0| Bitwidth P1|
    +-----------------+----------+----+---+----+------------+------------+
    |ap_block_state1  |        or|   0|  0|   2|           1|           1|
    +-----------------+----------+----+---+----+------------+------------+
    |Total            |          |   0|  0|   2|           1|           1|
    +-----------------+----------+----+---+----+------------+------------+

    * Multiplexer: 
    +------------------+----+-----------+-----+-----------+
    |       Name       | LUT| Input Size| Bits| Total Bits|
    +------------------+----+-----------+-----+-----------+
    |ap_NS_fsm         |  20|          4|    1|          4|
    |ap_done           |   9|          2|    1|          2|
    |fft2_out0_read    |   9|          2|    1|          2|
    |fft2_out1_read    |   9|          2|    1|          2|
    |iter_blk_n        |   9|          2|    1|          2|
    |iter_c_blk_n      |   9|          2|    1|          2|
    |joiner_out_write  |   9|          2|    1|          2|
    +------------------+----+-----------+-----+-----------+
    |Total             |  74|         16|    7|         16|
    +------------------+----+-----------+-----+-----------+

    * Register: 
    +--------------------------------------------------------------------------+----+----+-----+-----------+
    |                                   Name                                   | FF | LUT| Bits| Const Bits|
    +--------------------------------------------------------------------------+----+----+-----+-----------+
    |ap_CS_fsm                                                                 |   3|   0|    3|          0|
    |ap_done_reg                                                               |   1|   0|    1|          0|
    |grp_joiner_Pipeline_VITIS_LOOP_285_1_VITIS_LOOP_288_2_fu_73_ap_start_reg  |   1|   0|    1|          0|
    |iter_4_reg_97                                                             |  32|   0|   32|          0|
    |tmp_reg_102                                                               |  32|   0|   43|         11|
    +--------------------------------------------------------------------------+----+----+-----+-----------+
    |Total                                                                     |  69|   0|   80|         11|
    +--------------------------------------------------------------------------+----+----+-----+-----------+



================================================================
== Interface
================================================================
* Summary: 
+---------------------------+-----+-----+------------+--------------+--------------+
|         RTL Ports         | Dir | Bits|  Protocol  | Source Object|    C Type    |
+---------------------------+-----+-----+------------+--------------+--------------+
|ap_clk                     |   in|    1|  ap_ctrl_hs|        joiner|  return value|
|ap_rst                     |   in|    1|  ap_ctrl_hs|        joiner|  return value|
|ap_start                   |   in|    1|  ap_ctrl_hs|        joiner|  return value|
|ap_done                    |  out|    1|  ap_ctrl_hs|        joiner|  return value|
|ap_continue                |   in|    1|  ap_ctrl_hs|        joiner|  return value|
|ap_idle                    |  out|    1|  ap_ctrl_hs|        joiner|  return value|
|ap_ready                   |  out|    1|  ap_ctrl_hs|        joiner|  return value|
|fft2_out0_dout             |   in|   32|     ap_fifo|     fft2_out0|       pointer|
|fft2_out0_num_data_valid   |   in|    3|     ap_fifo|     fft2_out0|       pointer|
|fft2_out0_fifo_cap         |   in|    3|     ap_fifo|     fft2_out0|       pointer|
|fft2_out0_empty_n          |   in|    1|     ap_fifo|     fft2_out0|       pointer|
|fft2_out0_read             |  out|    1|     ap_fifo|     fft2_out0|       pointer|
|fft2_out1_dout             |   in|   32|     ap_fifo|     fft2_out1|       pointer|
|fft2_out1_num_data_valid   |   in|    3|     ap_fifo|     fft2_out1|       pointer|
|fft2_out1_fifo_cap         |   in|    3|     ap_fifo|     fft2_out1|       pointer|
|fft2_out1_empty_n          |   in|    1|     ap_fifo|     fft2_out1|       pointer|
|fft2_out1_read             |  out|    1|     ap_fifo|     fft2_out1|       pointer|
|joiner_out_din             |  out|   64|     ap_fifo|    joiner_out|       pointer|
|joiner_out_num_data_valid  |   in|    3|     ap_fifo|    joiner_out|       pointer|
|joiner_out_fifo_cap        |   in|    3|     ap_fifo|    joiner_out|       pointer|
|joiner_out_full_n          |   in|    1|     ap_fifo|    joiner_out|       pointer|
|joiner_out_write           |  out|    1|     ap_fifo|    joiner_out|       pointer|
|iter_dout                  |   in|   32|     ap_fifo|          iter|       pointer|
|iter_num_data_valid        |   in|    3|     ap_fifo|          iter|       pointer|
|iter_fifo_cap              |   in|    3|     ap_fifo|          iter|       pointer|
|iter_empty_n               |   in|    1|     ap_fifo|          iter|       pointer|
|iter_read                  |  out|    1|     ap_fifo|          iter|       pointer|
|iter_c_din                 |  out|   20|     ap_fifo|        iter_c|       pointer|
|iter_c_num_data_valid      |   in|    3|     ap_fifo|        iter_c|       pointer|
|iter_c_fifo_cap            |   in|    3|     ap_fifo|        iter_c|       pointer|
|iter_c_full_n              |   in|    1|     ap_fifo|        iter_c|       pointer|
|iter_c_write               |  out|    1|     ap_fifo|        iter_c|       pointer|
+---------------------------+-----+-----+------------+--------------+--------------+

============================================================
+ Verbose Summary: Synthesis Manager
============================================================
InlineROM: 1
ExposeGlobal: 0
============================================================
+ Verbose Summary: CDFG Model
============================================================
IsTopModel: 0
ResetActiveHigh: 1
IsCombinational: 2
IsDatapathOnly: 0
HasWiredReturn: 1
HasMFsm: 0
HasVarLatency: 1
IsPipeline: 0
IsRtlPipelined: 0
IsInstanceOverlapped: 0
IsDontTouch: 0
HasImplIP: 0
IsGatedGlobalClock: 0


============================================================
+ Verbose Summary: Schedule
============================================================
* Number of FSM states : 3
* Pipeline : 0
* Dataflow Pipeline: 0

* FSM state transitions: 
1 --> 2 
2 --> 3 
3 --> 

* FSM state operations: 

State 1 <SV = 0> <Delay = 3.67>
ST_1 : Operation 4 [1/1] (1.83ns)   --->   "%iter_4 = read i32 @_ssdm_op_Read.ap_fifo.i32P0A, i32 %iter"   --->   Operation 4 'read' 'iter_4' <Predicate = true> <Delay = 1.83> <CoreInst = "FIFO_SRL">   --->   Core 81 'FIFO_SRL' <Latency = 0> <II = 1> <Delay = 1.83> <Storage> <Opcode : 'read' 'write' 'nbread' 'nbwrite'> <Ports = 0> <Width = 32> <Depth = 2> <FIFO>
ST_1 : Operation 5 [1/1] (0.00ns)   --->   "%empty = trunc i32 %iter_4"   --->   Operation 5 'trunc' 'empty' <Predicate = true> <Delay = 0.00>
ST_1 : Operation 6 [1/1] (1.83ns)   --->   "%write_ln0 = write void @_ssdm_op_Write.ap_fifo.i20P0A, i20 %iter_c, i20 %empty"   --->   Operation 6 'write' 'write_ln0' <Predicate = true> <Delay = 1.83> <CoreInst = "FIFO_SRL">   --->   Core 81 'FIFO_SRL' <Latency = 0> <II = 1> <Delay = 1.83> <Storage> <Opcode : 'read' 'write' 'nbread' 'nbwrite'> <Ports = 0> <Width = 20> <Depth = 2> <FIFO>

State 2 <SV = 1> <Delay = 0.00>
ST_2 : Operation 7 [1/1] (0.00ns)   --->   "%tmp = bitconcatenate i43 @_ssdm_op_BitConcatenate.i43.i32.i11, i32 %iter_4, i11 0"   --->   Operation 7 'bitconcatenate' 'tmp' <Predicate = true> <Delay = 0.00>
ST_2 : Operation 8 [1/1] (0.00ns)   --->   "%empty_41 = wait i32 @_ssdm_op_Wait"   --->   Operation 8 'wait' 'empty_41' <Predicate = true> <Delay = 0.00>
ST_2 : Operation 9 [2/2] (0.00ns)   --->   "%call_ln0 = call void @joiner_Pipeline_VITIS_LOOP_285_1_VITIS_LOOP_288_2, i43 %tmp, i32 %fft2_out0, i32 %fft2_out1, i64 %joiner_out"   --->   Operation 9 'call' 'call_ln0' <Predicate = true> <Delay = 0.00> <CoreType = "Generic">   --->   Core 0 '' <Latency = 0> <II = 1> <Delay = 1.00> <Generic> <Opcode : >

State 3 <SV = 2> <Delay = 0.00>
ST_3 : Operation 10 [1/1] (0.00ns)   --->   "%specinterface_ln0 = specinterface void @_ssdm_op_SpecInterface, i32 %iter, void @ap_fifo_str, i32 0, i32 0, void @p_str81, i32 0, i32 0, void @p_str82, void @p_str83, void @p_str84, i32 2, i32 2, i32 16, i32 16, void @p_str85, void @ScalarProp_str, i32 4294967295, i32 0"   --->   Operation 10 'specinterface' 'specinterface_ln0' <Predicate = true> <Delay = 0.00>
ST_3 : Operation 11 [1/1] (0.00ns)   --->   "%specinterface_ln0 = specinterface void @_ssdm_op_SpecInterface, i20 %iter_c, void @ap_fifo_str, i32 0, i32 0, void @p_str48, i32 0, i32 0, void @p_str49, void @p_str50, void @p_str51, i32 2, i32 2, i32 16, i32 16, void @p_str52, void @ScalarProp_str, i32 4294967295, i32 0"   --->   Operation 11 'specinterface' 'specinterface_ln0' <Predicate = true> <Delay = 0.00>
ST_3 : Operation 12 [1/1] (0.00ns)   --->   "%specinterface_ln0 = specinterface void @_ssdm_op_SpecInterface, i64 %joiner_out, void @empty_8, i32 0, i32 0, void @empty, i32 0, i32 0, void @empty, void @empty, void @empty, i32 0, i32 0, i32 0, i32 0, void @empty, void @empty, i32 4294967295, i32 0"   --->   Operation 12 'specinterface' 'specinterface_ln0' <Predicate = true> <Delay = 0.00>
ST_3 : Operation 13 [1/1] (0.00ns)   --->   "%specinterface_ln0 = specinterface void @_ssdm_op_SpecInterface, i32 %fft2_out1, void @empty_8, i32 0, i32 0, void @empty, i32 0, i32 0, void @empty, void @empty, void @empty, i32 0, i32 0, i32 0, i32 0, void @empty, void @empty, i32 4294967295, i32 0"   --->   Operation 13 'specinterface' 'specinterface_ln0' <Predicate = true> <Delay = 0.00>
ST_3 : Operation 14 [1/1] (0.00ns)   --->   "%specinterface_ln0 = specinterface void @_ssdm_op_SpecInterface, i32 %fft2_out0, void @empty_8, i32 0, i32 0, void @empty, i32 0, i32 0, void @empty, void @empty, void @empty, i32 0, i32 0, i32 0, i32 0, void @empty, void @empty, i32 4294967295, i32 0"   --->   Operation 14 'specinterface' 'specinterface_ln0' <Predicate = true> <Delay = 0.00>
ST_3 : Operation 15 [1/2] (0.00ns)   --->   "%call_ln0 = call void @joiner_Pipeline_VITIS_LOOP_285_1_VITIS_LOOP_288_2, i43 %tmp, i32 %fft2_out0, i32 %fft2_out1, i64 %joiner_out"   --->   Operation 15 'call' 'call_ln0' <Predicate = true> <Delay = 0.00> <CoreType = "Generic">   --->   Core 0 '' <Latency = 0> <II = 1> <Delay = 1.00> <Generic> <Opcode : >
ST_3 : Operation 16 [1/1] (0.00ns)   --->   "%ret_ln297 = ret" [fft_4k_ssr2_i16_c16_t16.cpp:297]   --->   Operation 16 'ret' 'ret_ln297' <Predicate = true> <Delay = 0.00>


============================================================
+ Verbose Summary: Binding
============================================================
STG Binding: 
---------------- STG Properties BEGIN ----------------
- Is combinational: 0
- Is one-state seq: 0
- Is datapath-only: 0
- Is pipelined: 0
- Is top level: 0
Port [ Return ] is wired: 1; IO mode=ap_ctrl_hs:ce=0
Port [ fft2_out0]:  wired=1; compound=1; hidden=0; nouse=0; global=0; static=0; extern=0; dir=0; type=3; pingpong=0; private_global=0; IO mode=ap_fifo:ce=0
Port [ fft2_out1]:  wired=1; compound=1; hidden=0; nouse=0; global=0; static=0; extern=0; dir=0; type=3; pingpong=0; private_global=0; IO mode=ap_fifo:ce=0
Port [ joiner_out]:  wired=1; compound=1; hidden=0; nouse=0; global=0; static=0; extern=0; dir=1; type=3; pingpong=0; private_global=0; IO mode=ap_fifo:ce=0
Port [ iter]:  wired=1; compound=1; hidden=0; nouse=0; global=0; static=0; extern=0; dir=0; type=3; pingpong=0; private_global=0; IO mode=ap_fifo:ce=0
Port [ iter_c]:  wired=1; compound=1; hidden=0; nouse=0; global=0; static=0; extern=0; dir=1; type=3; pingpong=0; private_global=0; IO mode=ap_fifo:ce=0
---------------- STG Properties END ------------------

---------------- Datapath Model BEGIN ----------------

<LifeTime>
<method=bitvector/>
iter_4            (read          ) [ 0010]
empty             (trunc         ) [ 0000]
write_ln0         (write         ) [ 0000]
tmp               (bitconcatenate) [ 0001]
empty_41          (wait          ) [ 0000]
specinterface_ln0 (specinterface ) [ 0000]
specinterface_ln0 (specinterface ) [ 0000]
specinterface_ln0 (specinterface ) [ 0000]
specinterface_ln0 (specinterface ) [ 0000]
specinterface_ln0 (specinterface ) [ 0000]
call_ln0          (call          ) [ 0000]
ret_ln297         (ret           ) [ 0000]
</LifeTime>

<model>

<comp_list>
<comp id="0" class="1000" name="fft2_out0">
<pin_list>
<pin id="1" dir="1" index="0" bw="1" slack="0"/>
</pin_list>
<bind>
<StgValue><ssdm name="fft2_out0"/></StgValue>
</bind>
</comp>

<comp id="2" class="1000" name="fft2_out1">
<pin_list>
<pin id="3" dir="1" index="0" bw="1" slack="0"/>
</pin_list>
<bind>
<StgValue><ssdm name="fft2_out1"/></StgValue>
</bind>
</comp>

<comp id="4" class="1000" name="joiner_out">
<pin_list>
<pin id="5" dir="1" index="0" bw="1" slack="0"/>
</pin_list>
<bind>
<StgValue><ssdm name="joiner_out"/></StgValue>
</bind>
</comp>

<comp id="6" class="1000" name="iter">
<pin_list>
<pin id="7" dir="1" index="0" bw="1" slack="0"/>
</pin_list>
<bind>
<StgValue><ssdm name="iter"/></StgValue>
</bind>
</comp>

<comp id="8" class="1000" name="iter_c">
<pin_list>
<pin id="9" dir="1" index="0" bw="1" slack="0"/>
</pin_list>
<bind>
<StgValue><ssdm name="iter_c"/></StgValue>
</bind>
</comp>

<comp id="10" class="1001" name="const_10">
<pin_list>
<pin id="11" dir="1" index="0" bw="1" slack="0"/>
</pin_list>
<bind>
<StgValue><ssdm name="_ssdm_op_Read.ap_fifo.i32P0A"/></StgValue>
</bind>
</comp>

<comp id="12" class="1001" name="const_12">
<pin_list>
<pin id="13" dir="1" index="0" bw="1" slack="0"/>
</pin_list>
<bind>
<StgValue><ssdm name="_ssdm_op_Write.ap_fifo.i20P0A"/></StgValue>
</bind>
</comp>

<comp id="14" class="1001" name="const_14">
<pin_list>
<pin id="15" dir="1" index="0" bw="1" slack="0"/>
</pin_list>
<bind>
<StgValue><ssdm name="_ssdm_op_BitConcatenate.i43.i32.i11"/></StgValue>
</bind>
</comp>

<comp id="16" class="1001" name="const_16">
<pin_list>
<pin id="17" dir="1" index="0" bw="1" slack="0"/>
</pin_list>
<bind>
<StgValue><ssdm name=""/></StgValue>
</bind>
</comp>

<comp id="18" class="1001" name="const_18">
<pin_list>
<pin id="19" dir="1" index="0" bw="1" slack="2147483647"/>
</pin_list>
<bind>
<StgValue><ssdm name="_ssdm_op_Wait"/></StgValue>
</bind>
</comp>

<comp id="20" class="1001" name="const_20">
<pin_list>
<pin id="21" dir="1" index="0" bw="1" slack="0"/>
</pin_list>
<bind>
<StgValue><ssdm name="joiner_Pipeline_VITIS_LOOP_285_1_VITIS_LOOP_288_2"/></StgValue>
</bind>
</comp>

<comp id="22" class="1001" name="const_22">
<pin_list>
<pin id="23" dir="1" index="0" bw="1" slack="2147483647"/>
</pin_list>
<bind>
<StgValue><ssdm name="_ssdm_op_SpecInterface"/></StgValue>
</bind>
</comp>

<comp id="24" class="1001" name="const_24">
<pin_list>
<pin id="25" dir="1" index="0" bw="1" slack="2147483647"/>
</pin_list>
<bind>
<StgValue><ssdm name="ap_fifo_str"/></StgValue>
</bind>
</comp>

<comp id="26" class="1001" name="const_26">
<pin_list>
<pin id="27" dir="1" index="0" bw="1" slack="2147483647"/>
</pin_list>
<bind>
<StgValue><ssdm name=""/></StgValue>
</bind>
</comp>

<comp id="28" class="1001" name="const_28">
<pin_list>
<pin id="29" dir="1" index="0" bw="1" slack="2147483647"/>
</pin_list>
<bind>
<StgValue><ssdm name="p_str81"/></StgValue>
</bind>
</comp>

<comp id="30" class="1001" name="const_30">
<pin_list>
<pin id="31" dir="1" index="0" bw="1" slack="2147483647"/>
</pin_list>
<bind>
<StgValue><ssdm name="p_str82"/></StgValue>
</bind>
</comp>

<comp id="32" class="1001" name="const_32">
<pin_list>
<pin id="33" dir="1" index="0" bw="1" slack="2147483647"/>
</pin_list>
<bind>
<StgValue><ssdm name="p_str83"/></StgValue>
</bind>
</comp>

<comp id="34" class="1001" name="const_34">
<pin_list>
<pin id="35" dir="1" index="0" bw="1" slack="2147483647"/>
</pin_list>
<bind>
<StgValue><ssdm name="p_str84"/></StgValue>
</bind>
</comp>

<comp id="36" class="1001" name="const_36">
<pin_list>
<pin id="37" dir="1" index="0" bw="1" slack="2147483647"/>
</pin_list>
<bind>
<StgValue><ssdm name=""/></StgValue>
</bind>
</comp>

<comp id="38" class="1001" name="const_38">
<pin_list>
<pin id="39" dir="1" index="0" bw="1" slack="2147483647"/>
</pin_list>
<bind>
<StgValue><ssdm name=""/></StgValue>
</bind>
</comp>

<comp id="40" class="1001" name="const_40">
<pin_list>
<pin id="41" dir="1" index="0" bw="1" slack="2147483647"/>
</pin_list>
<bind>
<StgValue><ssdm name="p_str85"/></StgValue>
</bind>
</comp>

<comp id="42" class="1001" name="const_42">
<pin_list>
<pin id="43" dir="1" index="0" bw="1" slack="2147483647"/>
</pin_list>
<bind>
<StgValue><ssdm name="ScalarProp_str"/></StgValue>
</bind>
</comp>

<comp id="44" class="1001" name="const_44">
<pin_list>
<pin id="45" dir="1" index="0" bw="1" slack="2147483647"/>
</pin_list>
<bind>
<StgValue><ssdm name=""/></StgValue>
</bind>
</comp>

<comp id="46" class="1001" name="const_46">
<pin_list>
<pin id="47" dir="1" index="0" bw="1" slack="2147483647"/>
</pin_list>
<bind>
<StgValue><ssdm name="p_str48"/></StgValue>
</bind>
</comp>

<comp id="48" class="1001" name="const_48">
<pin_list>
<pin id="49" dir="1" index="0" bw="1" slack="2147483647"/>
</pin_list>
<bind>
<StgValue><ssdm name="p_str49"/></StgValue>
</bind>
</comp>

<comp id="50" class="1001" name="const_50">
<pin_list>
<pin id="51" dir="1" index="0" bw="1" slack="2147483647"/>
</pin_list>
<bind>
<StgValue><ssdm name="p_str50"/></StgValue>
</bind>
</comp>

<comp id="52" class="1001" name="const_52">
<pin_list>
<pin id="53" dir="1" index="0" bw="1" slack="2147483647"/>
</pin_list>
<bind>
<StgValue><ssdm name="p_str51"/></StgValue>
</bind>
</comp>

<comp id="54" class="1001" name="const_54">
<pin_list>
<pin id="55" dir="1" index="0" bw="1" slack="2147483647"/>
</pin_list>
<bind>
<StgValue><ssdm name="p_str52"/></StgValue>
</bind>
</comp>

<comp id="56" class="1001" name="const_56">
<pin_list>
<pin id="57" dir="1" index="0" bw="1" slack="2147483647"/>
</pin_list>
<bind>
<StgValue><ssdm name="empty_8"/></StgValue>
</bind>
</comp>

<comp id="58" class="1001" name="const_58">
<pin_list>
<pin id="59" dir="1" index="0" bw="1" slack="2147483647"/>
</pin_list>
<bind>
<StgValue><ssdm name="empty"/></StgValue>
</bind>
</comp>

<comp id="60" class="1004" name="iter_4_read_fu_60">
<pin_list>
<pin id="61" dir="0" index="0" bw="32" slack="0"/>
<pin id="62" dir="0" index="1" bw="32" slack="0"/>
<pin id="63" dir="1" index="2" bw="32" slack="0"/>
</pin_list>
<bind>
<opcode="read(1150) " fcode="read"/>
<opset="iter_4/1 "/>
</bind>
</comp>

<comp id="66" class="1004" name="write_ln0_write_fu_66">
<pin_list>
<pin id="67" dir="0" index="0" bw="0" slack="0"/>
<pin id="68" dir="0" index="1" bw="20" slack="0"/>
<pin id="69" dir="0" index="2" bw="20" slack="0"/>
<pin id="70" dir="1" index="3" bw="0" slack="2147483647"/>
</pin_list>
<bind>
<opcode="write(1151) " fcode="write"/>
<opset="write_ln0/1 "/>
</bind>
</comp>

<comp id="73" class="1004" name="grp_joiner_Pipeline_VITIS_LOOP_285_1_VITIS_LOOP_288_2_fu_73">
<pin_list>
<pin id="74" dir="0" index="0" bw="0" slack="0"/>
<pin id="75" dir="0" index="1" bw="43" slack="0"/>
<pin id="76" dir="0" index="2" bw="32" slack="0"/>
<pin id="77" dir="0" index="3" bw="32" slack="0"/>
<pin id="78" dir="0" index="4" bw="64" slack="0"/>
<pin id="79" dir="1" index="5" bw="0" slack="2147483647"/>
</pin_list>
<bind>
<opcode="call(48) " fcode="call"/>
<opset="call_ln0/2 "/>
</bind>
</comp>

<comp id="84" class="1004" name="empty_fu_84">
<pin_list>
<pin id="85" dir="0" index="0" bw="32" slack="0"/>
<pin id="86" dir="1" index="1" bw="20" slack="0"/>
</pin_list>
<bind>
<opcode="trunc(33) " fcode="trunc"/>
<opset="empty/1 "/>
</bind>
</comp>

<comp id="89" class="1004" name="tmp_fu_89">
<pin_list>
<pin id="90" dir="0" index="0" bw="43" slack="0"/>
<pin id="91" dir="0" index="1" bw="32" slack="1"/>
<pin id="92" dir="0" index="2" bw="1" slack="0"/>
<pin id="93" dir="1" index="3" bw="43" slack="0"/>
</pin_list>
<bind>
<opcode="bitconcatenate(1004) " fcode="bitconcatenate"/>
<opset="tmp/2 "/>
</bind>
</comp>

<comp id="97" class="1005" name="iter_4_reg_97">
<pin_list>
<pin id="98" dir="0" index="0" bw="32" slack="1"/>
<pin id="99" dir="1" index="1" bw="32" slack="1"/>
</pin_list>
<bind>
<opset="iter_4 "/>
</bind>
</comp>

<comp id="102" class="1005" name="tmp_reg_102">
<pin_list>
<pin id="103" dir="0" index="0" bw="43" slack="1"/>
<pin id="104" dir="1" index="1" bw="43" slack="1"/>
</pin_list>
<bind>
<opset="tmp "/>
</bind>
</comp>

</comp_list>

<net_list>
<net id="64"><net_src comp="10" pin="0"/><net_sink comp="60" pin=0"/></net>

<net id="65"><net_src comp="6" pin="0"/><net_sink comp="60" pin=1"/></net>

<net id="71"><net_src comp="12" pin="0"/><net_sink comp="66" pin=0"/></net>

<net id="72"><net_src comp="8" pin="0"/><net_sink comp="66" pin=1"/></net>

<net id="80"><net_src comp="20" pin="0"/><net_sink comp="73" pin=0"/></net>

<net id="81"><net_src comp="0" pin="0"/><net_sink comp="73" pin=2"/></net>

<net id="82"><net_src comp="2" pin="0"/><net_sink comp="73" pin=3"/></net>

<net id="83"><net_src comp="4" pin="0"/><net_sink comp="73" pin=4"/></net>

<net id="87"><net_src comp="60" pin="2"/><net_sink comp="84" pin=0"/></net>

<net id="88"><net_src comp="84" pin="1"/><net_sink comp="66" pin=2"/></net>

<net id="94"><net_src comp="14" pin="0"/><net_sink comp="89" pin=0"/></net>

<net id="95"><net_src comp="16" pin="0"/><net_sink comp="89" pin=2"/></net>

<net id="96"><net_src comp="89" pin="3"/><net_sink comp="73" pin=1"/></net>

<net id="100"><net_src comp="60" pin="2"/><net_sink comp="97" pin=0"/></net>

<net id="101"><net_src comp="97" pin="1"/><net_sink comp="89" pin=1"/></net>

<net id="105"><net_src comp="89" pin="3"/><net_sink comp="102" pin=0"/></net>

<net id="106"><net_src comp="102" pin="1"/><net_sink comp="73" pin=1"/></net>

</net_list>

</model> 
---------------- Datapath Model END ------------------

* FSMD analyzer results:
  - Output states:
	Port: joiner_out | {2 3 }
	Port: iter_c | {1 }
 - Input state : 
	Port: joiner : fft2_out0 | {2 3 }
	Port: joiner : fft2_out1 | {2 3 }
	Port: joiner : iter | {1 }
  - Chain level:
	State 1
		write_ln0 : 1
	State 2
		call_ln0 : 1
	State 3


============================================================
+ Verbose Summary: Datapath Resource usage 
============================================================

* Functional unit list:
|----------|-------------------------------------------------------------|---------|---------|
| Operation|                       Functional Unit                       |    FF   |   LUT   |
|----------|-------------------------------------------------------------|---------|---------|
|   call   | grp_joiner_Pipeline_VITIS_LOOP_285_1_VITIS_LOOP_288_2_fu_73 |    86   |   100   |
|----------|-------------------------------------------------------------|---------|---------|
|   read   |                      iter_4_read_fu_60                      |    0    |    0    |
|----------|-------------------------------------------------------------|---------|---------|
|   write  |                    write_ln0_write_fu_66                    |    0    |    0    |
|----------|-------------------------------------------------------------|---------|---------|
|   trunc  |                         empty_fu_84                         |    0    |    0    |
|----------|-------------------------------------------------------------|---------|---------|
|bitconcatenate|                          tmp_fu_89                          |    0    |    0    |
|----------|-------------------------------------------------------------|---------|---------|
|   Total  |                                                             |    86   |   100   |
|----------|-------------------------------------------------------------|---------|---------|

Memories:
N/A

* Register list:
+-------------+--------+
|             |   FF   |
+-------------+--------+
|iter_4_reg_97|   32   |
| tmp_reg_102 |   43   |
+-------------+--------+
|    Total    |   75   |
+-------------+--------+

* Multiplexer (MUX) list: 
|-------------------------------------------------------------|------|------|------|--------||---------||---------|
|                             Comp                            |  Pin | Size |  BW  | S x BW ||  Delay  ||   LUT   |
|-------------------------------------------------------------|------|------|------|--------||---------||---------|
| grp_joiner_Pipeline_VITIS_LOOP_285_1_VITIS_LOOP_288_2_fu_73 |  p1  |   2  |  43  |   86   ||    9    |
|-------------------------------------------------------------|------|------|------|--------||---------||---------|
|                            Total                            |      |      |      |   86   ||  0.427  ||    9    |
|-------------------------------------------------------------|------|------|------|--------||---------||---------|



* Summary:
+-----------+--------+--------+--------+
|           |  Delay |   FF   |   LUT  |
+-----------+--------+--------+--------+
|  Function |    -   |   86   |   100  |
|   Memory  |    -   |    -   |    -   |
|Multiplexer|    0   |    -   |    9   |
|  Register |    -   |   75   |    -   |
+-----------+--------+--------+--------+
|   Total   |    0   |   161  |   109  |
+-----------+--------+--------+--------+
