

================================================================
== Vitis HLS Report for 'radix2p_Pipeline_VITIS_LOOP_172_1_VITIS_LOOP_175_2'
================================================================
* Date:           Mon Mar  9 10:31:57 2026

* Version:        2023.2 (Build 4023990 on Oct 11 2023)
* Project:        hls_project
* Solution:       solution1 (Vivado IP Flow Target)
* Product family: zynquplus
* Target device:  xck26-sfvc784-2LV-c


================================================================
== Performance Estimates
================================================================
+ Timing: 
    * Summary: 
    +--------+---------+----------+------------+
    |  Clock |  Target | Estimated| Uncertainty|
    +--------+---------+----------+------------+
    |ap_clk  |  0.20 us|  4.529 ns|    54.00 ns|
    +--------+---------+----------+------------+

+ Latency: 
    * Summary: 
    +---------+---------+----------+----------+-----+------+---------+
    |  Latency (cycles) |  Latency (absolute) |  Interval  | Pipeline|
    |   min   |   max   |    min   |    max   | min |  max |   Type  |
    +---------+---------+----------+----------+-----+------+---------+
    |        2|     4098|  0.400 us|  0.820 ms|    2|  4098|       no|
    +---------+---------+----------+----------+-----+------+---------+

    + Detail: 
        * Instance: 
        N/A

        * Loop: 
        +-------------------------------------+---------+---------+----------+-----------+-----------+----------+----------+
        |                                     |  Latency (cycles) | Iteration|  Initiation Interval  |   Trip   |          |
        |              Loop Name              |   min   |   max   |  Latency |  achieved |   target  |   Count  | Pipelined|
        +-------------------------------------+---------+---------+----------+-----------+-----------+----------+----------+
        |- VITIS_LOOP_172_1_VITIS_LOOP_175_2  |        0|     4096|         2|          1|          1|  0 ~ 4096|       yes|
        +-------------------------------------+---------+---------+----------+-----------+-----------+----------+----------+

============================================================
+ Verbose Summary: Synthesis Manager
============================================================
InlineROM: 1
ExposeGlobal: 0
============================================================
+ Verbose Summary: CDFG Model
============================================================
IsTopModel: 0
ResetActiveHigh: 1
IsCombinational: 0
IsDatapathOnly: 0
HasWiredReturn: 1
HasMFsm: 2
HasVarLatency: 1
IsPipeline: 0
IsRtlPipelined: 0
IsInstanceOverlapped: 0
IsDontTouch: 0
HasImplIP: 0
IsGatedGlobalClock: 0

+ Individual pipeline summary: 
  * Pipeline-0: initiation interval (II) = 1, depth = 3


============================================================
+ Verbose Summary: Schedule
============================================================
* Number of FSM states : 3
* Pipeline : 1
  Pipeline-0 : II = 1, D = 3, States = { 1 2 3 }
* Dataflow Pipeline: 0

* FSM state transitions: 
1 --> 2 
2 --> 3 
3 --> 

* FSM state operations: 

State 1 <SV = 0> <Delay = 0.42>
ST_1 : Operation 5 [1/1] (0.00ns)   --->   "%indvar_flatten = alloca i32 1"   --->   Operation 5 'alloca' 'indvar_flatten' <Predicate = true> <Delay = 0.00>
ST_1 : Operation 6 [1/1] (0.00ns)   --->   "%specinterface_ln0 = specinterface void @_ssdm_op_SpecInterface, i64 %reorder_out, void @empty_8, i32 0, i32 0, void @empty, i32 0, i32 0, void @empty, void @empty, void @empty, i32 0, i32 0, i32 0, i32 0, void @empty, void @empty, i32 4294967295, i32 0"   --->   Operation 6 'specinterface' 'specinterface_ln0' <Predicate = true> <Delay = 0.00>
ST_1 : Operation 7 [1/1] (0.00ns)   --->   "%specinterface_ln0 = specinterface void @_ssdm_op_SpecInterface, i64 %fft1_out, void @empty_8, i32 0, i32 0, void @empty, i32 0, i32 0, void @empty, void @empty, void @empty, i32 0, i32 0, i32 0, i32 0, void @empty, void @empty, i32 4294967295, i32 0"   --->   Operation 7 'specinterface' 'specinterface_ln0' <Predicate = true> <Delay = 0.00>
ST_1 : Operation 8 [1/1] (0.00ns)   --->   "%bound_read = read i43 @_ssdm_op_Read.ap_auto.i43, i43 %bound" [fft_4k_ssr2_i16_c16_t16.cpp:168]   --->   Operation 8 'read' 'bound_read' <Predicate = true> <Delay = 0.00>
ST_1 : Operation 9 [1/1] (0.42ns)   --->   "%store_ln0 = store i43 0, i43 %indvar_flatten"   --->   Operation 9 'store' 'store_ln0' <Predicate = true> <Delay = 0.42>
ST_1 : Operation 10 [1/1] (0.00ns)   --->   "%br_ln0 = br void %for.body4"   --->   Operation 10 'br' 'br_ln0' <Predicate = true> <Delay = 0.00>

State 2 <SV = 1> <Delay = 1.48>
ST_2 : Operation 11 [1/1] (0.00ns)   --->   "%indvar_flatten_load = load i43 %indvar_flatten" [fft_4k_ssr2_i16_c16_t16.cpp:172]   --->   Operation 11 'load' 'indvar_flatten_load' <Predicate = true> <Delay = 0.00>
ST_2 : Operation 12 [1/1] (1.05ns)   --->   "%icmp_ln172 = icmp_eq  i43 %indvar_flatten_load, i43 %bound_read" [fft_4k_ssr2_i16_c16_t16.cpp:172]   --->   Operation 12 'icmp' 'icmp_ln172' <Predicate = true> <Delay = 1.05> <CoreInst = "Cmp">   --->   Core 9 'Cmp' <Latency = 0> <II = 1> <Delay = 1.05> <FuncUnit> <Opcode : 'icmp'> <InPorts = 2> <OutPorts = 1>
ST_2 : Operation 13 [1/1] (1.05ns)   --->   "%add_ln172 = add i43 %indvar_flatten_load, i43 1" [fft_4k_ssr2_i16_c16_t16.cpp:172]   --->   Operation 13 'add' 'add_ln172' <Predicate = true> <Delay = 1.05> <CoreInst = "Adder">   --->   Core 1 'Adder' <Latency = 0> <II = 1> <Delay = 1.05> <FuncUnit> <Opcode : 'add' 'sub'> <InPorts = 2> <OutPorts = 1>
ST_2 : Operation 14 [1/1] (0.00ns)   --->   "%br_ln172 = br i1 %icmp_ln172, void %for.inc29, void %for.end31.loopexit.exitStub" [fft_4k_ssr2_i16_c16_t16.cpp:172]   --->   Operation 14 'br' 'br_ln172' <Predicate = true> <Delay = 0.00>
ST_2 : Operation 15 [1/1] (0.42ns)   --->   "%store_ln172 = store i43 %add_ln172, i43 %indvar_flatten" [fft_4k_ssr2_i16_c16_t16.cpp:172]   --->   Operation 15 'store' 'store_ln172' <Predicate = (!icmp_ln172)> <Delay = 0.42>
ST_2 : Operation 39 [1/1] (0.00ns)   --->   "%ret_ln0 = ret"   --->   Operation 39 'ret' 'ret_ln0' <Predicate = (icmp_ln172)> <Delay = 0.00>

State 3 <SV = 2> <Delay = 4.52>
ST_3 : Operation 16 [1/1] (0.00ns)   --->   "%specloopname_ln0 = specloopname void @_ssdm_op_SpecLoopName, void @VITIS_LOOP_172_1_VITIS_LOOP_175_2_str"   --->   Operation 16 'specloopname' 'specloopname_ln0' <Predicate = true> <Delay = 0.00>
ST_3 : Operation 17 [1/1] (0.00ns)   --->   "%speclooptripcount_ln0 = speclooptripcount void @_ssdm_op_SpecLoopTripCount, i64 0, i64 4096, i64 2048"   --->   Operation 17 'speclooptripcount' 'speclooptripcount_ln0' <Predicate = true> <Delay = 0.00>
ST_3 : Operation 18 [1/1] (0.00ns)   --->   "%specpipeline_ln177 = specpipeline void @_ssdm_op_SpecPipeline, i32 1, i32 0, i32 0, i32 0, void @empty" [fft_4k_ssr2_i16_c16_t16.cpp:177]   --->   Operation 18 'specpipeline' 'specpipeline_ln177' <Predicate = true> <Delay = 0.00>
ST_3 : Operation 19 [1/1] (1.83ns)   --->   "%reorder_out_read = read i64 @_ssdm_op_Read.ap_fifo.volatile.i64P0A, i64 %reorder_out" [fft_4k_ssr2_i16_c16_t16.cpp:180]   --->   Operation 19 'read' 'reorder_out_read' <Predicate = true> <Delay = 1.83> <CoreInst = "FIFO_SRL">   --->   Core 81 'FIFO_SRL' <Latency = 0> <II = 1> <Delay = 1.83> <Storage> <Opcode : 'read' 'write' 'nbread' 'nbwrite'> <Ports = 0> <Width = 64> <Depth = 2> <FIFO>
ST_3 : Operation 20 [1/1] (0.00ns)   --->   "%trunc_ln180 = trunc i64 %reorder_out_read" [fft_4k_ssr2_i16_c16_t16.cpp:180]   --->   Operation 20 'trunc' 'trunc_ln180' <Predicate = true> <Delay = 0.00>
ST_3 : Operation 21 [1/1] (0.00ns)   --->   "%trunc_ln180_2 = partselect i16 @_ssdm_op_PartSelect.i16.i64.i32.i32, i64 %reorder_out_read, i32 16, i32 31" [fft_4k_ssr2_i16_c16_t16.cpp:180]   --->   Operation 21 'partselect' 'trunc_ln180_2' <Predicate = true> <Delay = 0.00>
ST_3 : Operation 22 [1/1] (0.00ns)   --->   "%trunc_ln180_3 = partselect i16 @_ssdm_op_PartSelect.i16.i64.i32.i32, i64 %reorder_out_read, i32 32, i32 47" [fft_4k_ssr2_i16_c16_t16.cpp:180]   --->   Operation 22 'partselect' 'trunc_ln180_3' <Predicate = true> <Delay = 0.00>
ST_3 : Operation 23 [1/1] (0.00ns)   --->   "%trunc_ln180_4 = partselect i16 @_ssdm_op_PartSelect.i16.i64.i32.i32, i64 %reorder_out_read, i32 48, i32 63" [fft_4k_ssr2_i16_c16_t16.cpp:180]   --->   Operation 23 'partselect' 'trunc_ln180_4' <Predicate = true> <Delay = 0.00>
ST_3 : Operation 24 [1/1] (0.00ns)   --->   "%sext_ln181 = sext i16 %trunc_ln180" [fft_4k_ssr2_i16_c16_t16.cpp:181]   --->   Operation 24 'sext' 'sext_ln181' <Predicate = true> <Delay = 0.00>
ST_3 : Operation 25 [1/1] (0.00ns)   --->   "%sext_ln181_1 = sext i16 %trunc_ln180_3" [fft_4k_ssr2_i16_c16_t16.cpp:181]   --->   Operation 25 'sext' 'sext_ln181_1' <Predicate = true> <Delay = 0.00>
ST_3 : Operation 26 [1/1] (0.85ns)   --->   "%a = add i17 %sext_ln181_1, i17 %sext_ln181" [fft_4k_ssr2_i16_c16_t16.cpp:181]   --->   Operation 26 'add' 'a' <Predicate = true> <Delay = 0.85> <CoreInst = "Adder">   --->   Core 1 'Adder' <Latency = 0> <II = 1> <Delay = 0.85> <FuncUnit> <Opcode : 'add' 'sub'> <InPorts = 2> <OutPorts = 1>
ST_3 : Operation 27 [1/1] (0.00ns)   --->   "%sext_ln182 = sext i16 %trunc_ln180_2" [fft_4k_ssr2_i16_c16_t16.cpp:182]   --->   Operation 27 'sext' 'sext_ln182' <Predicate = true> <Delay = 0.00>
ST_3 : Operation 28 [1/1] (0.00ns)   --->   "%sext_ln182_1 = sext i16 %trunc_ln180_4" [fft_4k_ssr2_i16_c16_t16.cpp:182]   --->   Operation 28 'sext' 'sext_ln182_1' <Predicate = true> <Delay = 0.00>
ST_3 : Operation 29 [1/1] (0.85ns)   --->   "%b = add i17 %sext_ln182_1, i17 %sext_ln182" [fft_4k_ssr2_i16_c16_t16.cpp:182]   --->   Operation 29 'add' 'b' <Predicate = true> <Delay = 0.85> <CoreInst = "Adder">   --->   Core 1 'Adder' <Latency = 0> <II = 1> <Delay = 0.85> <FuncUnit> <Opcode : 'add' 'sub'> <InPorts = 2> <OutPorts = 1>
ST_3 : Operation 30 [1/1] (0.85ns)   --->   "%c = sub i17 %sext_ln181, i17 %sext_ln181_1" [fft_4k_ssr2_i16_c16_t16.cpp:183]   --->   Operation 30 'sub' 'c' <Predicate = true> <Delay = 0.85> <CoreInst = "Adder">   --->   Core 1 'Adder' <Latency = 0> <II = 1> <Delay = 0.85> <FuncUnit> <Opcode : 'add' 'sub'> <InPorts = 2> <OutPorts = 1>
ST_3 : Operation 31 [1/1] (0.85ns)   --->   "%d = sub i17 %sext_ln182, i17 %sext_ln182_1" [fft_4k_ssr2_i16_c16_t16.cpp:184]   --->   Operation 31 'sub' 'd' <Predicate = true> <Delay = 0.85> <CoreInst = "Adder">   --->   Core 1 'Adder' <Latency = 0> <II = 1> <Delay = 0.85> <FuncUnit> <Opcode : 'add' 'sub'> <InPorts = 2> <OutPorts = 1>
ST_3 : Operation 32 [1/1] (0.00ns)   --->   "%dout_temp_data0_M_real = partselect i16 @_ssdm_op_PartSelect.i16.i17.i32.i32, i17 %a, i32 1, i32 16" [fft_4k_ssr2_i16_c16_t16.cpp:187]   --->   Operation 32 'partselect' 'dout_temp_data0_M_real' <Predicate = true> <Delay = 0.00>
ST_3 : Operation 33 [1/1] (0.00ns)   --->   "%dout_temp_data0_M_imag = partselect i16 @_ssdm_op_PartSelect.i16.i17.i32.i32, i17 %b, i32 1, i32 16" [fft_4k_ssr2_i16_c16_t16.cpp:188]   --->   Operation 33 'partselect' 'dout_temp_data0_M_imag' <Predicate = true> <Delay = 0.00>
ST_3 : Operation 34 [1/1] (0.00ns)   --->   "%dout_temp_data1_M_real = partselect i16 @_ssdm_op_PartSelect.i16.i17.i32.i32, i17 %c, i32 1, i32 16" [fft_4k_ssr2_i16_c16_t16.cpp:189]   --->   Operation 34 'partselect' 'dout_temp_data1_M_real' <Predicate = true> <Delay = 0.00>
ST_3 : Operation 35 [1/1] (0.00ns)   --->   "%dout_temp_data1_M_imag = partselect i16 @_ssdm_op_PartSelect.i16.i17.i32.i32, i17 %d, i32 1, i32 16" [fft_4k_ssr2_i16_c16_t16.cpp:190]   --->   Operation 35 'partselect' 'dout_temp_data1_M_imag' <Predicate = true> <Delay = 0.00>
ST_3 : Operation 36 [1/1] (0.00ns)   --->   "%p_0 = bitconcatenate i64 @_ssdm_op_BitConcatenate.i64.i16.i16.i16.i16, i16 %dout_temp_data1_M_imag, i16 %dout_temp_data1_M_real, i16 %dout_temp_data0_M_imag, i16 %dout_temp_data0_M_real" [fft_4k_ssr2_i16_c16_t16.cpp:191]   --->   Operation 36 'bitconcatenate' 'p_0' <Predicate = true> <Delay = 0.00>
ST_3 : Operation 37 [1/1] (1.83ns)   --->   "%write_ln191 = write void @_ssdm_op_Write.ap_fifo.volatile.i64P0A, i64 %fft1_out, i64 %p_0" [fft_4k_ssr2_i16_c16_t16.cpp:191]   --->   Operation 37 'write' 'write_ln191' <Predicate = true> <Delay = 1.83> <CoreInst = "FIFO_SRL">   --->   Core 81 'FIFO_SRL' <Latency = 0> <II = 1> <Delay = 1.83> <Storage> <Opcode : 'read' 'write' 'nbread' 'nbwrite'> <Ports = 0> <Width = 64> <Depth = 2> <FIFO>
ST_3 : Operation 38 [1/1] (0.00ns)   --->   "%br_ln175 = br void %for.body4" [fft_4k_ssr2_i16_c16_t16.cpp:175]   --->   Operation 38 'br' 'br_ln175' <Predicate = true> <Delay = 0.00>


============================================================
+ Verbose Summary: Binding
============================================================
STG Binding: 
---------------- STG Properties BEGIN ----------------
- Is combinational: 0
- Is one-state seq: 0
- Is datapath-only: 0
- Is pipelined: 0
- Is top level: 0
Port [ Return ] is wired: 1; IO mode=ap_ctrl_hs:ce=0
Port [ bound]:  wired=1; compound=0; hidden=0; nouse=0; global=0; static=0; extern=0; dir=0; type=0; pingpong=0; private_global=0; IO mode=ap_none:ce=0
Port [ reorder_out]:  wired=1; compound=1; hidden=0; nouse=0; global=0; static=0; extern=0; dir=0; type=3; pingpong=0; private_global=0; IO mode=ap_fifo:ce=0
Port [ fft1_out]:  wired=1; compound=1; hidden=0; nouse=0; global=0; static=0; extern=0; dir=1; type=3; pingpong=0; private_global=0; IO mode=ap_fifo:ce=0
---------------- STG Properties END ------------------

---------------- Datapath Model BEGIN ----------------

<LifeTime>
<method=bitvector/>
indvar_flatten         (alloca           ) [ 0110]
specinterface_ln0      (specinterface    ) [ 0000]
specinterface_ln0      (specinterface    ) [ 0000]
bound_read             (read             ) [ 0110]
store_ln0              (store            ) [ 0000]
br_ln0                 (br               ) [ 0000]
indvar_flatten_load    (load             ) [ 0000]
icmp_ln172             (icmp             ) [ 0110]
add_ln172              (add              ) [ 0000]
br_ln172               (br               ) [ 0000]
store_ln172            (store            ) [ 0000]
specloopname_ln0       (specloopname     ) [ 0000]
speclooptripcount_ln0  (speclooptripcount) [ 0000]
specpipeline_ln177     (specpipeline     ) [ 0000]
reorder_out_read       (read             ) [ 0000]
trunc_ln180            (trunc            ) [ 0000]
trunc_ln180_2          (partselect       ) [ 0000]
trunc_ln180_3          (partselect       ) [ 0000]
trunc_ln180_4          (partselect       ) [ 0000]
sext_ln181             (sext             ) [ 0000]
sext_ln181_1           (sext             ) [ 0000]
a                      (add              ) [ 0000]
sext_ln182             (sext             ) [ 0000]
sext_ln182_1           (sext             ) [ 0000]
b                      (add              ) [ 0000]
c                      (sub              ) [ 0000]
d                      (sub              ) [ 0000]
dout_temp_data0_M_real (partselect       ) [ 0000]
dout_temp_data0_M_imag (partselect       ) [ 0000]
dout_temp_data1_M_real (partselect       ) [ 0000]
dout_temp_data1_M_imag (partselect       ) [ 0000]
p_0                    (bitconcatenate   ) [ 0000]
write_ln191            (write            ) [ 0000]
br_ln175               (br               ) [ 0000]
ret_ln0                (ret              ) [ 0000]
</LifeTime>

<model>

<comp_list>
<comp id="0" class="1000" name="bound">
<pin_list>
<pin id="1" dir="1" index="0" bw="1" slack="0"/>
</pin_list>
<bind>
<StgValue><ssdm name="bound"/></StgValue>
</bind>
</comp>

<comp id="2" class="1000" name="reorder_out">
<pin_list>
<pin id="3" dir="1" index="0" bw="1" slack="0"/>
</pin_list>
<bind>
<StgValue><ssdm name="reorder_out"/></StgValue>
</bind>
</comp>

<comp id="4" class="1000" name="fft1_out">
<pin_list>
<pin id="5" dir="1" index="0" bw="1" slack="0"/>
</pin_list>
<bind>
<StgValue><ssdm name="fft1_out"/></StgValue>
</bind>
</comp>

<comp id="6" class="1001" name="const_6">
<pin_list>
<pin id="7" dir="1" index="0" bw="1" slack="0"/>
</pin_list>
<bind>
<StgValue><ssdm name=""/></StgValue>
</bind>
</comp>

<comp id="8" class="1001" name="const_8">
<pin_list>
<pin id="9" dir="1" index="0" bw="1" slack="2147483647"/>
</pin_list>
<bind>
<StgValue><ssdm name="_ssdm_op_SpecInterface"/></StgValue>
</bind>
</comp>

<comp id="10" class="1001" name="const_10">
<pin_list>
<pin id="11" dir="1" index="0" bw="1" slack="2147483647"/>
</pin_list>
<bind>
<StgValue><ssdm name="empty_8"/></StgValue>
</bind>
</comp>

<comp id="12" class="1001" name="const_12">
<pin_list>
<pin id="13" dir="1" index="0" bw="1" slack="2147483647"/>
</pin_list>
<bind>
<StgValue><ssdm name=""/></StgValue>
</bind>
</comp>

<comp id="14" class="1001" name="const_14">
<pin_list>
<pin id="15" dir="1" index="0" bw="1" slack="2147483647"/>
</pin_list>
<bind>
<StgValue><ssdm name="empty"/></StgValue>
</bind>
</comp>

<comp id="16" class="1001" name="const_16">
<pin_list>
<pin id="17" dir="1" index="0" bw="1" slack="2147483647"/>
</pin_list>
<bind>
<StgValue><ssdm name=""/></StgValue>
</bind>
</comp>

<comp id="18" class="1001" name="const_18">
<pin_list>
<pin id="19" dir="1" index="0" bw="1" slack="0"/>
</pin_list>
<bind>
<StgValue><ssdm name="_ssdm_op_Read.ap_auto.i43"/></StgValue>
</bind>
</comp>

<comp id="20" class="1001" name="const_20">
<pin_list>
<pin id="21" dir="1" index="0" bw="1" slack="0"/>
</pin_list>
<bind>
<StgValue><ssdm name=""/></StgValue>
</bind>
</comp>

<comp id="22" class="1001" name="const_22">
<pin_list>
<pin id="23" dir="1" index="0" bw="1" slack="0"/>
</pin_list>
<bind>
<StgValue><ssdm name=""/></StgValue>
</bind>
</comp>

<comp id="24" class="1001" name="const_24">
<pin_list>
<pin id="25" dir="1" index="0" bw="1" slack="2147483647"/>
</pin_list>
<bind>
<StgValue><ssdm name="_ssdm_op_SpecLoopName"/></StgValue>
</bind>
</comp>

<comp id="26" class="1001" name="const_26">
<pin_list>
<pin id="27" dir="1" index="0" bw="1" slack="2147483647"/>
</pin_list>
<bind>
<StgValue><ssdm name="VITIS_LOOP_172_1_VITIS_LOOP_175_2_str"/></StgValue>
</bind>
</comp>

<comp id="28" class="1001" name="const_28">
<pin_list>
<pin id="29" dir="1" index="0" bw="1" slack="2147483647"/>
</pin_list>
<bind>
<StgValue><ssdm name="_ssdm_op_SpecLoopTripCount"/></StgValue>
</bind>
</comp>

<comp id="30" class="1001" name="const_30">
<pin_list>
<pin id="31" dir="1" index="0" bw="1" slack="2147483647"/>
</pin_list>
<bind>
<StgValue><ssdm name=""/></StgValue>
</bind>
</comp>

<comp id="32" class="1001" name="const_32">
<pin_list>
<pin id="33" dir="1" index="0" bw="1" slack="2147483647"/>
</pin_list>
<bind>
<StgValue><ssdm name=""/></StgValue>
</bind>
</comp>

<comp id="34" class="1001" name="const_34">
<pin_list>
<pin id="35" dir="1" index="0" bw="1" slack="2147483647"/>
</pin_list>
<bind>
<StgValue><ssdm name=""/></StgValue>
</bind>
</comp>

<comp id="36" class="1001" name="const_36">
<pin_list>
<pin id="37" dir="1" index="0" bw="1" slack="2147483647"/>
</pin_list>
<bind>
<StgValue><ssdm name="_ssdm_op_SpecPipeline"/></StgValue>
</bind>
</comp>

<comp id="38" class="1001" name="const_38">
<pin_list>
<pin id="39" dir="1" index="0" bw="1" slack="0"/>
</pin_list>
<bind>
<StgValue><ssdm name="_ssdm_op_Read.ap_fifo.volatile.i64P0A"/></StgValue>
</bind>
</comp>

<comp id="40" class="1001" name="const_40">
<pin_list>
<pin id="41" dir="1" index="0" bw="1" slack="0"/>
</pin_list>
<bind>
<StgValue><ssdm name="_ssdm_op_PartSelect.i16.i64.i32.i32"/></StgValue>
</bind>
</comp>

<comp id="42" class="1001" name="const_42">
<pin_list>
<pin id="43" dir="1" index="0" bw="1" slack="0"/>
</pin_list>
<bind>
<StgValue><ssdm name=""/></StgValue>
</bind>
</comp>

<comp id="44" class="1001" name="const_44">
<pin_list>
<pin id="45" dir="1" index="0" bw="1" slack="0"/>
</pin_list>
<bind>
<StgValue><ssdm name=""/></StgValue>
</bind>
</comp>

<comp id="46" class="1001" name="const_46">
<pin_list>
<pin id="47" dir="1" index="0" bw="1" slack="0"/>
</pin_list>
<bind>
<StgValue><ssdm name=""/></StgValue>
</bind>
</comp>

<comp id="48" class="1001" name="const_48">
<pin_list>
<pin id="49" dir="1" index="0" bw="1" slack="0"/>
</pin_list>
<bind>
<StgValue><ssdm name=""/></StgValue>
</bind>
</comp>

<comp id="50" class="1001" name="const_50">
<pin_list>
<pin id="51" dir="1" index="0" bw="1" slack="0"/>
</pin_list>
<bind>
<StgValue><ssdm name=""/></StgValue>
</bind>
</comp>

<comp id="52" class="1001" name="const_52">
<pin_list>
<pin id="53" dir="1" index="0" bw="1" slack="0"/>
</pin_list>
<bind>
<StgValue><ssdm name=""/></StgValue>
</bind>
</comp>

<comp id="54" class="1001" name="const_54">
<pin_list>
<pin id="55" dir="1" index="0" bw="1" slack="0"/>
</pin_list>
<bind>
<StgValue><ssdm name="_ssdm_op_PartSelect.i16.i17.i32.i32"/></StgValue>
</bind>
</comp>

<comp id="56" class="1001" name="const_56">
<pin_list>
<pin id="57" dir="1" index="0" bw="1" slack="0"/>
</pin_list>
<bind>
<StgValue><ssdm name="_ssdm_op_BitConcatenate.i64.i16.i16.i16.i16"/></StgValue>
</bind>
</comp>

<comp id="58" class="1001" name="const_58">
<pin_list>
<pin id="59" dir="1" index="0" bw="1" slack="0"/>
</pin_list>
<bind>
<StgValue><ssdm name="_ssdm_op_Write.ap_fifo.volatile.i64P0A"/></StgValue>
</bind>
</comp>

<comp id="60" class="1004" name="indvar_flatten_fu_60">
<pin_list>
<pin id="61" dir="0" index="0" bw="1" slack="0"/>
<pin id="62" dir="1" index="1" bw="43" slack="0"/>
</pin_list>
<bind>
<opcode="alloca(26) " fcode="alloca"/>
<opset="indvar_flatten/1 "/>
</bind>
</comp>

<comp id="64" class="1004" name="bound_read_read_fu_64">
<pin_list>
<pin id="65" dir="0" index="0" bw="43" slack="0"/>
<pin id="66" dir="0" index="1" bw="43" slack="0"/>
<pin id="67" dir="1" index="2" bw="43" slack="1"/>
</pin_list>
<bind>
<opcode="read(1150) " fcode="read"/>
<opset="bound_read/1 "/>
</bind>
</comp>

<comp id="70" class="1004" name="reorder_out_read_read_fu_70">
<pin_list>
<pin id="71" dir="0" index="0" bw="64" slack="0"/>
<pin id="72" dir="0" index="1" bw="64" slack="0"/>
<pin id="73" dir="1" index="2" bw="64" slack="0"/>
</pin_list>
<bind>
<opcode="read(1150) " fcode="read"/>
<opset="reorder_out_read/3 "/>
</bind>
</comp>

<comp id="76" class="1004" name="write_ln191_write_fu_76">
<pin_list>
<pin id="77" dir="0" index="0" bw="0" slack="0"/>
<pin id="78" dir="0" index="1" bw="64" slack="0"/>
<pin id="79" dir="0" index="2" bw="64" slack="0"/>
<pin id="80" dir="1" index="3" bw="0" slack="2147483647"/>
</pin_list>
<bind>
<opcode="write(1151) " fcode="write"/>
<opset="write_ln191/3 "/>
</bind>
</comp>

<comp id="83" class="1004" name="store_ln0_store_fu_83">
<pin_list>
<pin id="84" dir="0" index="0" bw="1" slack="0"/>
<pin id="85" dir="0" index="1" bw="43" slack="0"/>
<pin id="86" dir="1" index="2" bw="0" slack="2147483647"/>
</pin_list>
<bind>
<opcode="store(28) " fcode="store"/>
<opset="store_ln0/1 "/>
</bind>
</comp>

<comp id="88" class="1004" name="indvar_flatten_load_load_fu_88">
<pin_list>
<pin id="89" dir="0" index="0" bw="43" slack="1"/>
<pin id="90" dir="1" index="1" bw="43" slack="0"/>
</pin_list>
<bind>
<opcode="load(27) " fcode="load"/>
<opset="indvar_flatten_load/2 "/>
</bind>
</comp>

<comp id="91" class="1004" name="icmp_ln172_fu_91">
<pin_list>
<pin id="92" dir="0" index="0" bw="43" slack="0"/>
<pin id="93" dir="0" index="1" bw="43" slack="1"/>
<pin id="94" dir="1" index="2" bw="1" slack="2147483647"/>
</pin_list>
<bind>
<opcode="icmp(45) " fcode="icmp"/>
<opset="icmp_ln172/2 "/>
</bind>
</comp>

<comp id="96" class="1004" name="add_ln172_fu_96">
<pin_list>
<pin id="97" dir="0" index="0" bw="43" slack="0"/>
<pin id="98" dir="0" index="1" bw="1" slack="0"/>
<pin id="99" dir="1" index="2" bw="43" slack="0"/>
</pin_list>
<bind>
<opcode="add(8) " fcode="add"/>
<opset="add_ln172/2 "/>
</bind>
</comp>

<comp id="102" class="1004" name="store_ln172_store_fu_102">
<pin_list>
<pin id="103" dir="0" index="0" bw="43" slack="0"/>
<pin id="104" dir="0" index="1" bw="43" slack="1"/>
<pin id="105" dir="1" index="2" bw="0" slack="2147483647"/>
</pin_list>
<bind>
<opcode="store(28) " fcode="store"/>
<opset="store_ln172/2 "/>
</bind>
</comp>

<comp id="107" class="1004" name="trunc_ln180_fu_107">
<pin_list>
<pin id="108" dir="0" index="0" bw="64" slack="0"/>
<pin id="109" dir="1" index="1" bw="16" slack="0"/>
</pin_list>
<bind>
<opcode="trunc(33) " fcode="trunc"/>
<opset="trunc_ln180/3 "/>
</bind>
</comp>

<comp id="111" class="1004" name="trunc_ln180_2_fu_111">
<pin_list>
<pin id="112" dir="0" index="0" bw="16" slack="0"/>
<pin id="113" dir="0" index="1" bw="64" slack="0"/>
<pin id="114" dir="0" index="2" bw="6" slack="0"/>
<pin id="115" dir="0" index="3" bw="6" slack="0"/>
<pin id="116" dir="1" index="4" bw="16" slack="0"/>
</pin_list>
<bind>
<opcode="partselect(1002) " fcode="partselect"/>
<opset="trunc_ln180_2/3 "/>
</bind>
</comp>

<comp id="121" class="1004" name="trunc_ln180_3_fu_121">
<pin_list>
<pin id="122" dir="0" index="0" bw="16" slack="0"/>
<pin id="123" dir="0" index="1" bw="64" slack="0"/>
<pin id="124" dir="0" index="2" bw="7" slack="0"/>
<pin id="125" dir="0" index="3" bw="7" slack="0"/>
<pin id="126" dir="1" index="4" bw="16" slack="0"/>
</pin_list>
<bind>
<opcode="partselect(1002) " fcode="partselect"/>
<opset="trunc_ln180_3/3 "/>
</bind>
</comp>

<comp id="131" class="1004" name="trunc_ln180_4_fu_131">
<pin_list>
<pin id="132" dir="0" index="0" bw="16" slack="0"/>
<pin id="133" dir="0" index="1" bw="64" slack="0"/>
<pin id="134" dir="0" index="2" bw="7" slack="0"/>
<pin id="135" dir="0" index="3" bw="7" slack="0"/>
<pin id="136" dir="1" index="4" bw="16" slack="0"/>
</pin_list>
<bind>
<opcode="partselect(1002) " fcode="partselect"/>
<opset="trunc_ln180_4/3 "/>
</bind>
</comp>

<comp id="141" class="1004" name="sext_ln181_fu_141">
<pin_list>
<pin id="142" dir="0" index="0" bw="16" slack="0"/>
<pin id="143" dir="1" index="1" bw="17" slack="0"/>
</pin_list>
<bind>
<opcode="sext(35) " fcode="sext"/>
<opset="sext_ln181/3 "/>
</bind>
</comp>

<comp id="145" class="1004" name="sext_ln181_1_fu_145">
<pin_list>
<pin id="146" dir="0" index="0" bw="16" slack="0"/>
<pin id="147" dir="1" index="1" bw="17" slack="0"/>
</pin_list>
<bind>
<opcode="sext(35) " fcode="sext"/>
<opset="sext_ln181_1/3 "/>
</bind>
</comp>

<comp id="149" class="1004" name="a_fu_149">
<pin_list>
<pin id="150" dir="0" index="0" bw="16" slack="0"/>
<pin id="151" dir="0" index="1" bw="16" slack="0"/>
<pin id="152" dir="1" index="2" bw="17" slack="0"/>
</pin_list>
<bind>
<opcode="add(8) " fcode="add"/>
<opset="a/3 "/>
</bind>
</comp>

<comp id="155" class="1004" name="sext_ln182_fu_155">
<pin_list>
<pin id="156" dir="0" index="0" bw="16" slack="0"/>
<pin id="157" dir="1" index="1" bw="17" slack="0"/>
</pin_list>
<bind>
<opcode="sext(35) " fcode="sext"/>
<opset="sext_ln182/3 "/>
</bind>
</comp>

<comp id="159" class="1004" name="sext_ln182_1_fu_159">
<pin_list>
<pin id="160" dir="0" index="0" bw="16" slack="0"/>
<pin id="161" dir="1" index="1" bw="17" slack="0"/>
</pin_list>
<bind>
<opcode="sext(35) " fcode="sext"/>
<opset="sext_ln182_1/3 "/>
</bind>
</comp>

<comp id="163" class="1004" name="b_fu_163">
<pin_list>
<pin id="164" dir="0" index="0" bw="16" slack="0"/>
<pin id="165" dir="0" index="1" bw="16" slack="0"/>
<pin id="166" dir="1" index="2" bw="17" slack="0"/>
</pin_list>
<bind>
<opcode="add(8) " fcode="add"/>
<opset="b/3 "/>
</bind>
</comp>

<comp id="169" class="1004" name="c_fu_169">
<pin_list>
<pin id="170" dir="0" index="0" bw="16" slack="0"/>
<pin id="171" dir="0" index="1" bw="16" slack="0"/>
<pin id="172" dir="1" index="2" bw="17" slack="0"/>
</pin_list>
<bind>
<opcode="sub(10) " fcode="sub"/>
<opset="c/3 "/>
</bind>
</comp>

<comp id="175" class="1004" name="d_fu_175">
<pin_list>
<pin id="176" dir="0" index="0" bw="16" slack="0"/>
<pin id="177" dir="0" index="1" bw="16" slack="0"/>
<pin id="178" dir="1" index="2" bw="17" slack="0"/>
</pin_list>
<bind>
<opcode="sub(10) " fcode="sub"/>
<opset="d/3 "/>
</bind>
</comp>

<comp id="181" class="1004" name="dout_temp_data0_M_real_fu_181">
<pin_list>
<pin id="182" dir="0" index="0" bw="16" slack="0"/>
<pin id="183" dir="0" index="1" bw="17" slack="0"/>
<pin id="184" dir="0" index="2" bw="1" slack="0"/>
<pin id="185" dir="0" index="3" bw="6" slack="0"/>
<pin id="186" dir="1" index="4" bw="16" slack="0"/>
</pin_list>
<bind>
<opcode="partselect(1002) " fcode="partselect"/>
<opset="dout_temp_data0_M_real/3 "/>
</bind>
</comp>

<comp id="191" class="1004" name="dout_temp_data0_M_imag_fu_191">
<pin_list>
<pin id="192" dir="0" index="0" bw="16" slack="0"/>
<pin id="193" dir="0" index="1" bw="17" slack="0"/>
<pin id="194" dir="0" index="2" bw="1" slack="0"/>
<pin id="195" dir="0" index="3" bw="6" slack="0"/>
<pin id="196" dir="1" index="4" bw="16" slack="0"/>
</pin_list>
<bind>
<opcode="partselect(1002) " fcode="partselect"/>
<opset="dout_temp_data0_M_imag/3 "/>
</bind>
</comp>

<comp id="201" class="1004" name="dout_temp_data1_M_real_fu_201">
<pin_list>
<pin id="202" dir="0" index="0" bw="16" slack="0"/>
<pin id="203" dir="0" index="1" bw="17" slack="0"/>
<pin id="204" dir="0" index="2" bw="1" slack="0"/>
<pin id="205" dir="0" index="3" bw="6" slack="0"/>
<pin id="206" dir="1" index="4" bw="16" slack="0"/>
</pin_list>
<bind>
<opcode="partselect(1002) " fcode="partselect"/>
<opset="dout_temp_data1_M_real/3 "/>
</bind>
</comp>

<comp id="211" class="1004" name="dout_temp_data1_M_imag_fu_211">
<pin_list>
<pin id="212" dir="0" index="0" bw="16" slack="0"/>
<pin id="213" dir="0" index="1" bw="17" slack="0"/>
<pin id="214" dir="0" index="2" bw="1" slack="0"/>
<pin id="215" dir="0" index="3" bw="6" slack="0"/>
<pin id="216" dir="1" index="4" bw="16" slack="0"/>
</pin_list>
<bind>
<opcode="partselect(1002) " fcode="partselect"/>
<opset="dout_temp_data1_M_imag/3 "/>
</bind>
</comp>

<comp id="221" class="1004" name="p_0_fu_221">
<pin_list>
<pin id="222" dir="0" index="0" bw="64" slack="0"/>
<pin id="223" dir="0" index="1" bw="16" slack="0"/>
<pin id="224" dir="0" index="2" bw="16" slack="0"/>
<pin id="225" dir="0" index="3" bw="16" slack="0"/>
<pin id="226" dir="0" index="4" bw="16" slack="0"/>
<pin id="227" dir="1" index="5" bw="64" slack="0"/>
</pin_list>
<bind>
<opcode="bitconcatenate(1004) " fcode="bitconcatenate"/>
<opset="p_0/3 "/>
</bind>
</comp>

<comp id="234" class="1005" name="indvar_flatten_reg_234">
<pin_list>
<pin id="235" dir="0" index="0" bw="43" slack="0"/>
<pin id="236" dir="1" index="1" bw="43" slack="0"/>
</pin_list>
<bind>
<opset="indvar_flatten "/>
</bind>
</comp>

<comp id="241" class="1005" name="bound_read_reg_241">
<pin_list>
<pin id="242" dir="0" index="0" bw="43" slack="1"/>
<pin id="243" dir="1" index="1" bw="43" slack="1"/>
</pin_list>
<bind>
<opset="bound_read "/>
</bind>
</comp>

</comp_list>

<net_list>
<net id="63"><net_src comp="6" pin="0"/><net_sink comp="60" pin=0"/></net>

<net id="68"><net_src comp="18" pin="0"/><net_sink comp="64" pin=0"/></net>

<net id="69"><net_src comp="0" pin="0"/><net_sink comp="64" pin=1"/></net>

<net id="74"><net_src comp="38" pin="0"/><net_sink comp="70" pin=0"/></net>

<net id="75"><net_src comp="2" pin="0"/><net_sink comp="70" pin=1"/></net>

<net id="81"><net_src comp="58" pin="0"/><net_sink comp="76" pin=0"/></net>

<net id="82"><net_src comp="4" pin="0"/><net_sink comp="76" pin=1"/></net>

<net id="87"><net_src comp="20" pin="0"/><net_sink comp="83" pin=0"/></net>

<net id="95"><net_src comp="88" pin="1"/><net_sink comp="91" pin=0"/></net>

<net id="100"><net_src comp="88" pin="1"/><net_sink comp="96" pin=0"/></net>

<net id="101"><net_src comp="22" pin="0"/><net_sink comp="96" pin=1"/></net>

<net id="106"><net_src comp="96" pin="2"/><net_sink comp="102" pin=0"/></net>

<net id="110"><net_src comp="70" pin="2"/><net_sink comp="107" pin=0"/></net>

<net id="117"><net_src comp="40" pin="0"/><net_sink comp="111" pin=0"/></net>

<net id="118"><net_src comp="70" pin="2"/><net_sink comp="111" pin=1"/></net>

<net id="119"><net_src comp="42" pin="0"/><net_sink comp="111" pin=2"/></net>

<net id="120"><net_src comp="44" pin="0"/><net_sink comp="111" pin=3"/></net>

<net id="127"><net_src comp="40" pin="0"/><net_sink comp="121" pin=0"/></net>

<net id="128"><net_src comp="70" pin="2"/><net_sink comp="121" pin=1"/></net>

<net id="129"><net_src comp="46" pin="0"/><net_sink comp="121" pin=2"/></net>

<net id="130"><net_src comp="48" pin="0"/><net_sink comp="121" pin=3"/></net>

<net id="137"><net_src comp="40" pin="0"/><net_sink comp="131" pin=0"/></net>

<net id="138"><net_src comp="70" pin="2"/><net_sink comp="131" pin=1"/></net>

<net id="139"><net_src comp="50" pin="0"/><net_sink comp="131" pin=2"/></net>

<net id="140"><net_src comp="52" pin="0"/><net_sink comp="131" pin=3"/></net>

<net id="144"><net_src comp="107" pin="1"/><net_sink comp="141" pin=0"/></net>

<net id="148"><net_src comp="121" pin="4"/><net_sink comp="145" pin=0"/></net>

<net id="153"><net_src comp="145" pin="1"/><net_sink comp="149" pin=0"/></net>

<net id="154"><net_src comp="141" pin="1"/><net_sink comp="149" pin=1"/></net>

<net id="158"><net_src comp="111" pin="4"/><net_sink comp="155" pin=0"/></net>

<net id="162"><net_src comp="131" pin="4"/><net_sink comp="159" pin=0"/></net>

<net id="167"><net_src comp="159" pin="1"/><net_sink comp="163" pin=0"/></net>

<net id="168"><net_src comp="155" pin="1"/><net_sink comp="163" pin=1"/></net>

<net id="173"><net_src comp="141" pin="1"/><net_sink comp="169" pin=0"/></net>

<net id="174"><net_src comp="145" pin="1"/><net_sink comp="169" pin=1"/></net>

<net id="179"><net_src comp="155" pin="1"/><net_sink comp="175" pin=0"/></net>

<net id="180"><net_src comp="159" pin="1"/><net_sink comp="175" pin=1"/></net>

<net id="187"><net_src comp="54" pin="0"/><net_sink comp="181" pin=0"/></net>

<net id="188"><net_src comp="149" pin="2"/><net_sink comp="181" pin=1"/></net>

<net id="189"><net_src comp="6" pin="0"/><net_sink comp="181" pin=2"/></net>

<net id="190"><net_src comp="42" pin="0"/><net_sink comp="181" pin=3"/></net>

<net id="197"><net_src comp="54" pin="0"/><net_sink comp="191" pin=0"/></net>

<net id="198"><net_src comp="163" pin="2"/><net_sink comp="191" pin=1"/></net>

<net id="199"><net_src comp="6" pin="0"/><net_sink comp="191" pin=2"/></net>

<net id="200"><net_src comp="42" pin="0"/><net_sink comp="191" pin=3"/></net>

<net id="207"><net_src comp="54" pin="0"/><net_sink comp="201" pin=0"/></net>

<net id="208"><net_src comp="169" pin="2"/><net_sink comp="201" pin=1"/></net>

<net id="209"><net_src comp="6" pin="0"/><net_sink comp="201" pin=2"/></net>

<net id="210"><net_src comp="42" pin="0"/><net_sink comp="201" pin=3"/></net>

<net id="217"><net_src comp="54" pin="0"/><net_sink comp="211" pin=0"/></net>

<net id="218"><net_src comp="175" pin="2"/><net_sink comp="211" pin=1"/></net>

<net id="219"><net_src comp="6" pin="0"/><net_sink comp="211" pin=2"/></net>

<net id="220"><net_src comp="42" pin="0"/><net_sink comp="211" pin=3"/></net>

<net id="228"><net_src comp="56" pin="0"/><net_sink comp="221" pin=0"/></net>

<net id="229"><net_src comp="211" pin="4"/><net_sink comp="221" pin=1"/></net>

<net id="230"><net_src comp="201" pin="4"/><net_sink comp="221" pin=2"/></net>

<net id="231"><net_src comp="191" pin="4"/><net_sink comp="221" pin=3"/></net>

<net id="232"><net_src comp="181" pin="4"/><net_sink comp="221" pin=4"/></net>

<net id="233"><net_src comp="221" pin="5"/><net_sink comp="76" pin=2"/></net>

<net id="237"><net_src comp="60" pin="1"/><net_sink comp="234" pin=0"/></net>

<net id="238"><net_src comp="234" pin="1"/><net_sink comp="83" pin=1"/></net>

<net id="239"><net_src comp="234" pin="1"/><net_sink comp="88" pin=0"/></net>

<net id="240"><net_src comp="234" pin="1"/><net_sink comp="102" pin=1"/></net>

<net id="244"><net_src comp="64" pin="2"/><net_sink comp="241" pin=0"/></net>

<net id="245"><net_src comp="241" pin="1"/><net_sink comp="91" pin=1"/></net>

</net_list>

</model> 
---------------- Datapath Model END ------------------

* FSMD analyzer results:
  - Output states:
	Port: fft1_out | {3 }
 - Input state : 
	Port: radix2p_Pipeline_VITIS_LOOP_172_1_VITIS_LOOP_175_2 : bound | {1 }
	Port: radix2p_Pipeline_VITIS_LOOP_172_1_VITIS_LOOP_175_2 : reorder_out | {3 }
  - Chain level:
	State 1
		store_ln0 : 1
	State 2
		icmp_ln172 : 1
		add_ln172 : 1
		br_ln172 : 2
		store_ln172 : 2
	State 3
		sext_ln181 : 1
		sext_ln181_1 : 1
		a : 2
		sext_ln182 : 1
		sext_ln182_1 : 1
		b : 2
		c : 2
		d : 2
		dout_temp_data0_M_real : 3
		dout_temp_data0_M_imag : 3
		dout_temp_data1_M_real : 3
		dout_temp_data1_M_imag : 3
		p_0 : 4
		write_ln191 : 5


============================================================
+ Verbose Summary: Datapath Resource usage 
============================================================

* Functional unit list:
|----------|-------------------------------|---------|---------|
| Operation|        Functional Unit        |    FF   |   LUT   |
|----------|-------------------------------|---------|---------|
|          |        add_ln172_fu_96        |    0    |    50   |
|    add   |            a_fu_149           |    0    |    23   |
|          |            b_fu_163           |    0    |    23   |
|----------|-------------------------------|---------|---------|
|   icmp   |        icmp_ln172_fu_91       |    0    |    50   |
|----------|-------------------------------|---------|---------|
|    sub   |            c_fu_169           |    0    |    23   |
|          |            d_fu_175           |    0    |    23   |
|----------|-------------------------------|---------|---------|
|   read   |     bound_read_read_fu_64     |    0    |    0    |
|          |  reorder_out_read_read_fu_70  |    0    |    0    |
|----------|-------------------------------|---------|---------|
|   write  |    write_ln191_write_fu_76    |    0    |    0    |
|----------|-------------------------------|---------|---------|
|   trunc  |       trunc_ln180_fu_107      |    0    |    0    |
|----------|-------------------------------|---------|---------|
|          |      trunc_ln180_2_fu_111     |    0    |    0    |
|          |      trunc_ln180_3_fu_121     |    0    |    0    |
|          |      trunc_ln180_4_fu_131     |    0    |    0    |
|partselect| dout_temp_data0_M_real_fu_181 |    0    |    0    |
|          | dout_temp_data0_M_imag_fu_191 |    0    |    0    |
|          | dout_temp_data1_M_real_fu_201 |    0    |    0    |
|          | dout_temp_data1_M_imag_fu_211 |    0    |    0    |
|----------|-------------------------------|---------|---------|
|          |       sext_ln181_fu_141       |    0    |    0    |
|   sext   |      sext_ln181_1_fu_145      |    0    |    0    |
|          |       sext_ln182_fu_155       |    0    |    0    |
|          |      sext_ln182_1_fu_159      |    0    |    0    |
|----------|-------------------------------|---------|---------|
|bitconcatenate|           p_0_fu_221          |    0    |    0    |
|----------|-------------------------------|---------|---------|
|   Total  |                               |    0    |   192   |
|----------|-------------------------------|---------|---------|

Memories:
N/A

* Register list:
+----------------------+--------+
|                      |   FF   |
+----------------------+--------+
|  bound_read_reg_241  |   43   |
|indvar_flatten_reg_234|   43   |
+----------------------+--------+
|         Total        |   86   |
+----------------------+--------+

* Multiplexer (MUX) list: 
|--------|------|------|------|--------|
|  Comp  |  Pin | Size |  BW  | S x BW |
|--------|------|------|------|--------|
|  Total |      |      |      |    0   |
|--------|------|------|------|--------|



* Summary:
+-----------+--------+--------+
|           |   FF   |   LUT  |
+-----------+--------+--------+
|  Function |    0   |   192  |
|   Memory  |    -   |    -   |
|Multiplexer|    -   |    -   |
|  Register |   86   |    -   |
+-----------+--------+--------+
|   Total   |   86   |   192  |
+-----------+--------+--------+
