

================================================================
== Vitis HLS Report for 'reorder'
================================================================
* Date:           Mon Mar  9 10:31:57 2026

* Version:        2023.2 (Build 4023990 on Oct 11 2023)
* Project:        hls_project
* Solution:       solution1 (Vivado IP Flow Target)
* Product family: zynquplus
* Target device:  xck26-sfvc784-2LV-c


================================================================
== Performance Estimates
================================================================
+ Timing: 
    * Summary: 
    +--------+---------+----------+------------+
    |  Clock |  Target | Estimated| Uncertainty|
    +--------+---------+----------+------------+
    |ap_clk  |  0.20 us|  3.676 ns|    54.00 ns|
    +--------+---------+----------+------------+

+ Latency: 
    * Summary: 
    +---------+---------+----------+----------+------+------+---------+
    |  Latency (cycles) |  Latency (absolute) |   Interval  | Pipeline|
    |   min   |   max   |    min   |    max   |  min |  max |   Type  |
    +---------+---------+----------+----------+------+------+---------+
    |     2056|     6152|  0.411 ms|  1.230 ms|  2056|  6152|       no|
    +---------+---------+----------+----------+------+------+---------+

    + Detail: 
        * Instance: 
        N/A

        * Loop: 
        +------------------------+---------+---------+----------+-----------+-----------+----------+----------+
        |                        |  Latency (cycles) | Iteration|  Initiation Interval  |   Trip   |          |
        |        Loop Name       |   min   |   max   |  Latency |  achieved |   target  |   Count  | Pipelined|
        +------------------------+---------+---------+----------+-----------+-----------+----------+----------+
        |- iter_loop_inner_loop  |        1|     4097|         3|          1|          1|  0 ~ 4096|       yes|
        +------------------------+---------+---------+----------+-----------+-----------+----------+----------+

============================================================
+ Verbose Summary: Synthesis Manager
============================================================
InlineROM: 1
ExposeGlobal: 0
============================================================
+ Verbose Summary: CDFG Model
============================================================
IsTopModel: 0
ResetActiveHigh: 1
IsCombinational: 2
IsDatapathOnly: 0
HasWiredReturn: 1
HasMFsm: 2
HasVarLatency: 1
IsPipeline: 0
IsRtlPipelined: 0
IsInstanceOverlapped: 0
IsDontTouch: 0
HasImplIP: 0
IsGatedGlobalClock: 0

+ Individual pipeline summary: 
  * Pipeline-0: initiation interval (II) = 1, depth = 3


============================================================
+ Verbose Summary: Schedule
============================================================
* Number of FSM states : 8
* Pipeline : 1
  Pipeline-0 : II = 1, D = 3, States = { 5 6 7 }
* Dataflow Pipeline: 0

* FSM state transitions: 
1 --> 2 
2 --> 3 
3 --> 4 
4 --> 5 
5 --> 6 
6 --> 8 7 
7 --> 5 
8 --> 

* FSM state operations: 

State 1 <SV = 0> <Delay = 3.67>
ST_1 : Operation 9 [1/1] (0.00ns)   --->   "%rd_2 = alloca i32 1"   --->   Operation 9 'alloca' 'rd_2' <Predicate = true> <Delay = 0.00>
ST_1 : Operation 10 [1/1] (0.00ns)   --->   "%wr_2 = alloca i32 1"   --->   Operation 10 'alloca' 'wr_2' <Predicate = true> <Delay = 0.00>
ST_1 : Operation 11 [1/1] (1.83ns)   --->   "%iter_2 = read i32 @_ssdm_op_Read.ap_fifo.i32P0A, i32 %iter"   --->   Operation 11 'read' 'iter_2' <Predicate = true> <Delay = 1.83> <CoreInst = "FIFO_SRL">   --->   Core 81 'FIFO_SRL' <Latency = 0> <II = 1> <Delay = 1.83> <Storage> <Opcode : 'read' 'write' 'nbread' 'nbwrite'> <Ports = 0> <Width = 32> <Depth = 2> <FIFO>
ST_1 : Operation 12 [1/1] (1.83ns)   --->   "%write_ln0 = write void @_ssdm_op_Write.ap_fifo.i32P0A, i32 %iter_c24, i32 %iter_2"   --->   Operation 12 'write' 'write_ln0' <Predicate = true> <Delay = 1.83> <CoreInst = "FIFO_SRL">   --->   Core 81 'FIFO_SRL' <Latency = 0> <II = 1> <Delay = 1.83> <Storage> <Opcode : 'read' 'write' 'nbread' 'nbwrite'> <Ports = 0> <Width = 32> <Depth = 2> <FIFO>
ST_1 : Operation 13 [1/1] (0.00ns)   --->   "%buff_0_0 = alloca i64 1"   --->   Operation 13 'alloca' 'buff_0_0' <Predicate = true> <Delay = 0.00> <CoreInst = "RAM">   --->   Core 83 'RAM' <Latency = 1> <II = 1> <Delay = 1.23> <Storage> <Opcode : 'load' 'store'> <Ports = 2> <Width = 32> <Depth = 2048> <RAM>
ST_1 : Operation 14 [1/1] (0.00ns)   --->   "%buff_0_1 = alloca i64 1"   --->   Operation 14 'alloca' 'buff_0_1' <Predicate = true> <Delay = 0.00> <CoreInst = "RAM">   --->   Core 83 'RAM' <Latency = 1> <II = 1> <Delay = 1.23> <Storage> <Opcode : 'load' 'store'> <Ports = 2> <Width = 32> <Depth = 2048> <RAM>
ST_1 : Operation 15 [1/1] (0.00ns)   --->   "%buff_1_0 = alloca i64 1"   --->   Operation 15 'alloca' 'buff_1_0' <Predicate = true> <Delay = 0.00> <CoreInst = "RAM">   --->   Core 83 'RAM' <Latency = 1> <II = 1> <Delay = 1.23> <Storage> <Opcode : 'load' 'store'> <Ports = 2> <Width = 32> <Depth = 2048> <RAM>
ST_1 : Operation 16 [1/1] (0.00ns)   --->   "%buff_1_1 = alloca i64 1"   --->   Operation 16 'alloca' 'buff_1_1' <Predicate = true> <Delay = 0.00> <CoreInst = "RAM">   --->   Core 83 'RAM' <Latency = 1> <II = 1> <Delay = 1.23> <Storage> <Opcode : 'load' 'store'> <Ports = 2> <Width = 32> <Depth = 2048> <RAM>

State 2 <SV = 1> <Delay = 0.00>
ST_2 : Operation 17 [1/1] (0.00ns)   --->   "%empty = wait i32 @_ssdm_op_Wait"   --->   Operation 17 'wait' 'empty' <Predicate = true> <Delay = 0.00>
ST_2 : Operation 18 [2/2] (0.00ns)   --->   "%call_ln0 = call void @reorder_Pipeline_pipeup_l1_pipeup_l2, i32 %buff_0_0, i32 %buff_0_1, i32 %buff_1_0, i32 %buff_1_1, i64 %input_stream"   --->   Operation 18 'call' 'call_ln0' <Predicate = true> <Delay = 0.00> <CoreType = "Generic">   --->   Core 0 '' <Latency = 0> <II = 1> <Delay = 1.00> <Generic> <Opcode : >

State 3 <SV = 2> <Delay = 0.00>
ST_3 : Operation 19 [1/2] (0.00ns)   --->   "%call_ln0 = call void @reorder_Pipeline_pipeup_l1_pipeup_l2, i32 %buff_0_0, i32 %buff_0_1, i32 %buff_1_0, i32 %buff_1_1, i64 %input_stream"   --->   Operation 19 'call' 'call_ln0' <Predicate = true> <Delay = 0.00> <CoreType = "Generic">   --->   Core 0 '' <Latency = 0> <II = 1> <Delay = 1.00> <Generic> <Opcode : >

State 4 <SV = 3> <Delay = 1.01>
ST_4 : Operation 20 [1/1] (0.00ns)   --->   "%specinterface_ln0 = specinterface void @_ssdm_op_SpecInterface, i32 %iter, void @ap_fifo_str, i32 0, i32 0, void @p_str190, i32 0, i32 0, void @p_str191, void @p_str192, void @p_str193, i32 2, i32 2, i32 16, i32 16, void @p_str194, void @ScalarProp_str, i32 4294967295, i32 0"   --->   Operation 20 'specinterface' 'specinterface_ln0' <Predicate = true> <Delay = 0.00>
ST_4 : Operation 21 [1/1] (0.00ns)   --->   "%specinterface_ln0 = specinterface void @_ssdm_op_SpecInterface, i32 %iter_c24, void @ap_fifo_str, i32 0, i32 0, void @p_str165, i32 0, i32 0, void @p_str166, void @p_str167, void @p_str168, i32 2, i32 2, i32 16, i32 16, void @p_str169, void @ScalarProp_str, i32 4294967295, i32 0"   --->   Operation 21 'specinterface' 'specinterface_ln0' <Predicate = true> <Delay = 0.00>
ST_4 : Operation 22 [1/1] (0.00ns)   --->   "%specinterface_ln0 = specinterface void @_ssdm_op_SpecInterface, i64 %reorder_out, void @empty_8, i32 0, i32 0, void @empty, i32 0, i32 0, void @empty, void @empty, void @empty, i32 0, i32 0, i32 0, i32 0, void @empty, void @empty, i32 4294967295, i32 0"   --->   Operation 22 'specinterface' 'specinterface_ln0' <Predicate = true> <Delay = 0.00>
ST_4 : Operation 23 [1/1] (0.00ns)   --->   "%specinterface_ln0 = specinterface void @_ssdm_op_SpecInterface, i64 %input_stream, void @empty_8, i32 0, i32 0, void @empty, i32 0, i32 0, void @empty, void @empty, void @empty, i32 0, i32 0, i32 0, i32 0, void @empty, void @empty, i32 4294967295, i32 0"   --->   Operation 23 'specinterface' 'specinterface_ln0' <Predicate = true> <Delay = 0.00>
ST_4 : Operation 24 [1/1] (0.00ns)   --->   "%empty_40 = wait i32 @_ssdm_op_Wait"   --->   Operation 24 'wait' 'empty_40' <Predicate = true> <Delay = 0.00>
ST_4 : Operation 25 [1/1] (1.01ns)   --->   "%sub = add i32 %iter_2, i32 4294967295"   --->   Operation 25 'add' 'sub' <Predicate = true> <Delay = 1.01> <CoreInst = "Adder">   --->   Core 1 'Adder' <Latency = 0> <II = 1> <Delay = 1.01> <FuncUnit> <Opcode : 'add' 'sub'> <InPorts = 2> <OutPorts = 1>
ST_4 : Operation 26 [1/1] (0.00ns)   --->   "%tmp = bitconcatenate i43 @_ssdm_op_BitConcatenate.i43.i32.i11, i32 %iter_2, i11 0"   --->   Operation 26 'bitconcatenate' 'tmp' <Predicate = true> <Delay = 0.00>
ST_4 : Operation 27 [1/1] (0.42ns)   --->   "%br_ln129 = br void %for.body24" [fft_4k_ssr2_i16_c16_t16.cpp:129]   --->   Operation 27 'br' 'br_ln129' <Predicate = true> <Delay = 0.42>

State 5 <SV = 4> <Delay = 2.43>
ST_5 : Operation 28 [1/1] (0.00ns)   --->   "%indvar_flatten8 = phi i43 0, void %entry, i43 %add_ln129, void %for.inc58" [fft_4k_ssr2_i16_c16_t16.cpp:129]   --->   Operation 28 'phi' 'indvar_flatten8' <Predicate = true> <Delay = 0.00>
ST_5 : Operation 29 [1/1] (0.00ns)   --->   "%j = phi i31 0, void %entry, i31 %select_ln129_3, void %for.inc58" [fft_4k_ssr2_i16_c16_t16.cpp:129]   --->   Operation 29 'phi' 'j' <Predicate = true> <Delay = 0.00>
ST_5 : Operation 30 [1/1] (0.00ns)   --->   "%k = phi i12 0, void %entry, i12 %add_ln135, void %for.inc58" [fft_4k_ssr2_i16_c16_t16.cpp:135]   --->   Operation 30 'phi' 'k' <Predicate = true> <Delay = 0.00>
ST_5 : Operation 31 [1/1] (1.05ns)   --->   "%icmp_ln129 = icmp_eq  i43 %indvar_flatten8, i43 %tmp" [fft_4k_ssr2_i16_c16_t16.cpp:129]   --->   Operation 31 'icmp' 'icmp_ln129' <Predicate = true> <Delay = 1.05> <CoreInst = "Cmp">   --->   Core 9 'Cmp' <Latency = 0> <II = 1> <Delay = 1.05> <FuncUnit> <Opcode : 'icmp'> <InPorts = 2> <OutPorts = 1>
ST_5 : Operation 32 [1/1] (1.05ns)   --->   "%add_ln129 = add i43 %indvar_flatten8, i43 1" [fft_4k_ssr2_i16_c16_t16.cpp:129]   --->   Operation 32 'add' 'add_ln129' <Predicate = true> <Delay = 1.05> <CoreInst = "Adder">   --->   Core 1 'Adder' <Latency = 0> <II = 1> <Delay = 1.05> <FuncUnit> <Opcode : 'add' 'sub'> <InPorts = 2> <OutPorts = 1>
ST_5 : Operation 33 [1/1] (0.00ns)   --->   "%br_ln129 = br i1 %icmp_ln129, void %for.inc65, void %for.end67.loopexit" [fft_4k_ssr2_i16_c16_t16.cpp:129]   --->   Operation 33 'br' 'br_ln129' <Predicate = true> <Delay = 0.00>
ST_5 : Operation 34 [1/1] (1.00ns)   --->   "%j_2 = add i31 %j, i31 1" [fft_4k_ssr2_i16_c16_t16.cpp:129]   --->   Operation 34 'add' 'j_2' <Predicate = (!icmp_ln129)> <Delay = 1.00> <CoreInst = "Adder">   --->   Core 1 'Adder' <Latency = 0> <II = 1> <Delay = 1.00> <FuncUnit> <Opcode : 'add' 'sub'> <InPorts = 2> <OutPorts = 1>
ST_5 : Operation 35 [1/1] (0.80ns)   --->   "%icmp_ln135 = icmp_eq  i12 %k, i12 2048" [fft_4k_ssr2_i16_c16_t16.cpp:135]   --->   Operation 35 'icmp' 'icmp_ln135' <Predicate = (!icmp_ln129)> <Delay = 0.80> <CoreInst = "Cmp">   --->   Core 9 'Cmp' <Latency = 0> <II = 1> <Delay = 0.80> <FuncUnit> <Opcode : 'icmp'> <InPorts = 2> <OutPorts = 1>
ST_5 : Operation 36 [1/1] (0.37ns)   --->   "%select_ln129 = select i1 %icmp_ln135, i12 0, i12 %k" [fft_4k_ssr2_i16_c16_t16.cpp:129]   --->   Operation 36 'select' 'select_ln129' <Predicate = (!icmp_ln129)> <Delay = 0.37> <CoreInst = "Sel">   --->   Core 73 'Sel' <Latency = 0> <II = 1> <Delay = 0.37> <FuncUnit> <Opcode : 'select'> <InPorts = 3> <OutPorts = 1>
ST_5 : Operation 37 [1/1] (0.41ns)   --->   "%select_ln129_3 = select i1 %icmp_ln135, i31 %j_2, i31 %j" [fft_4k_ssr2_i16_c16_t16.cpp:129]   --->   Operation 37 'select' 'select_ln129_3' <Predicate = (!icmp_ln129)> <Delay = 0.41> <CoreInst = "Sel">   --->   Core 73 'Sel' <Latency = 0> <II = 1> <Delay = 0.41> <FuncUnit> <Opcode : 'select'> <InPorts = 3> <OutPorts = 1>
ST_5 : Operation 38 [1/1] (0.00ns)   --->   "%zext_ln129 = zext i31 %select_ln129_3" [fft_4k_ssr2_i16_c16_t16.cpp:129]   --->   Operation 38 'zext' 'zext_ln129' <Predicate = (!icmp_ln129)> <Delay = 0.00>
ST_5 : Operation 39 [1/1] (1.01ns)   --->   "%cmp25 = icmp_slt  i32 %zext_ln129, i32 %sub" [fft_4k_ssr2_i16_c16_t16.cpp:129]   --->   Operation 39 'icmp' 'cmp25' <Predicate = (!icmp_ln129)> <Delay = 1.01> <CoreInst = "Cmp">   --->   Core 9 'Cmp' <Latency = 0> <II = 1> <Delay = 1.01> <FuncUnit> <Opcode : 'icmp'> <InPorts = 2> <OutPorts = 1>
ST_5 : Operation 40 [1/1] (0.00ns)   --->   "%trunc_ln135_1 = trunc i12 %select_ln129" [fft_4k_ssr2_i16_c16_t16.cpp:135]   --->   Operation 40 'trunc' 'trunc_ln135_1' <Predicate = (!icmp_ln129)> <Delay = 0.00>
ST_5 : Operation 41 [1/1] (0.00ns)   --->   "%lshr_ln1 = partselect i10 @_ssdm_op_PartSelect.i10.i12.i32.i32, i12 %select_ln129, i32 1, i32 10" [fft_4k_ssr2_i16_c16_t16.cpp:133]   --->   Operation 41 'partselect' 'lshr_ln1' <Predicate = (!icmp_ln129)> <Delay = 0.00>
ST_5 : Operation 42 [1/1] (0.80ns)   --->   "%add_ln135 = add i12 %select_ln129, i12 1" [fft_4k_ssr2_i16_c16_t16.cpp:135]   --->   Operation 42 'add' 'add_ln135' <Predicate = (!icmp_ln129)> <Delay = 0.80> <CoreInst = "Adder">   --->   Core 1 'Adder' <Latency = 0> <II = 1> <Delay = 0.80> <FuncUnit> <Opcode : 'add' 'sub'> <InPorts = 2> <OutPorts = 1>

State 6 <SV = 5> <Delay = 3.29>
ST_6 : Operation 43 [1/1] (0.00ns)   --->   "%wr = phi i1 1, void %entry, i1 %select_ln129_4, void %for.inc58" [fft_4k_ssr2_i16_c16_t16.cpp:129]   --->   Operation 43 'phi' 'wr' <Predicate = true> <Delay = 0.00>
ST_6 : Operation 44 [1/1] (0.00ns)   --->   "%rd = phi i1 0, void %entry, i1 %select_ln129_5, void %for.inc58" [fft_4k_ssr2_i16_c16_t16.cpp:129]   --->   Operation 44 'phi' 'rd' <Predicate = true> <Delay = 0.00>
ST_6 : Operation 45 [1/1] (0.00ns)   --->   "%c = phi i32 0, void %entry, i32 %c_2, void %for.inc58"   --->   Operation 45 'phi' 'c' <Predicate = (!icmp_ln135)> <Delay = 0.00>
ST_6 : Operation 46 [1/1] (0.00ns)   --->   "%r = phi i32 0, void %entry, i32 %r_2, void %for.inc58"   --->   Operation 46 'phi' 'r' <Predicate = (!icmp_ln135)> <Delay = 0.00>
ST_6 : Operation 47 [1/1] (0.00ns)   --->   "%rd_2_load = load i1 %rd_2" [fft_4k_ssr2_i16_c16_t16.cpp:129]   --->   Operation 47 'load' 'rd_2_load' <Predicate = (!icmp_ln129)> <Delay = 0.00>
ST_6 : Operation 48 [1/1] (0.00ns)   --->   "%wr_2_load = load i1 %wr_2" [fft_4k_ssr2_i16_c16_t16.cpp:129]   --->   Operation 48 'load' 'wr_2_load' <Predicate = (!icmp_ln129)> <Delay = 0.00>
ST_6 : Operation 49 [1/1] (0.00ns)   --->   "%specloopname_ln0 = specloopname void @_ssdm_op_SpecLoopName, void @iter_loop_inner_loop_str"   --->   Operation 49 'specloopname' 'specloopname_ln0' <Predicate = (!icmp_ln129)> <Delay = 0.00>
ST_6 : Operation 50 [1/1] (0.00ns)   --->   "%speclooptripcount_ln0 = speclooptripcount void @_ssdm_op_SpecLoopTripCount, i64 0, i64 4096, i64 2048"   --->   Operation 50 'speclooptripcount' 'speclooptripcount_ln0' <Predicate = (!icmp_ln129)> <Delay = 0.00>
ST_6 : Operation 51 [1/1] (0.44ns)   --->   "%select_ln129_1 = select i1 %icmp_ln135, i32 0, i32 %c" [fft_4k_ssr2_i16_c16_t16.cpp:129]   --->   Operation 51 'select' 'select_ln129_1' <Predicate = (!icmp_ln129)> <Delay = 0.44> <CoreInst = "Sel">   --->   Core 73 'Sel' <Latency = 0> <II = 1> <Delay = 0.44> <FuncUnit> <Opcode : 'select'> <InPorts = 3> <OutPorts = 1>
ST_6 : Operation 52 [1/1] (0.44ns)   --->   "%select_ln129_2 = select i1 %icmp_ln135, i32 0, i32 %r" [fft_4k_ssr2_i16_c16_t16.cpp:129]   --->   Operation 52 'select' 'select_ln129_2' <Predicate = (!icmp_ln129)> <Delay = 0.44> <CoreInst = "Sel">   --->   Core 73 'Sel' <Latency = 0> <II = 1> <Delay = 0.44> <FuncUnit> <Opcode : 'select'> <InPorts = 3> <OutPorts = 1>
ST_6 : Operation 53 [1/1] (0.17ns)   --->   "%select_ln129_4 = select i1 %icmp_ln135, i1 %wr_2_load, i1 %wr" [fft_4k_ssr2_i16_c16_t16.cpp:129]   --->   Operation 53 'select' 'select_ln129_4' <Predicate = (!icmp_ln129)> <Delay = 0.17> <CoreInst = "Sel">   --->   Core 73 'Sel' <Latency = 0> <II = 1> <Delay = 0.17> <FuncUnit> <Opcode : 'select'> <InPorts = 3> <OutPorts = 1>
ST_6 : Operation 54 [1/1] (0.17ns)   --->   "%select_ln129_5 = select i1 %icmp_ln135, i1 %rd_2_load, i1 %rd" [fft_4k_ssr2_i16_c16_t16.cpp:129]   --->   Operation 54 'select' 'select_ln129_5' <Predicate = (!icmp_ln129)> <Delay = 0.17> <CoreInst = "Sel">   --->   Core 73 'Sel' <Latency = 0> <II = 1> <Delay = 0.17> <FuncUnit> <Opcode : 'select'> <InPorts = 3> <OutPorts = 1>
ST_6 : Operation 55 [1/1] (0.00ns)   --->   "%tmp_1 = bitconcatenate i11 @_ssdm_op_BitConcatenate.i11.i1.i10, i1 %select_ln129_4, i10 0" [fft_4k_ssr2_i16_c16_t16.cpp:141]   --->   Operation 55 'bitconcatenate' 'tmp_1' <Predicate = (!icmp_ln129)> <Delay = 0.00>
ST_6 : Operation 56 [1/1] (0.00ns)   --->   "%trunc_ln135 = trunc i32 %select_ln129_1" [fft_4k_ssr2_i16_c16_t16.cpp:135]   --->   Operation 56 'trunc' 'trunc_ln135' <Predicate = (!icmp_ln129)> <Delay = 0.00>
ST_6 : Operation 57 [1/1] (0.00ns)   --->   "%trunc_ln135_2 = trunc i32 %select_ln129_1" [fft_4k_ssr2_i16_c16_t16.cpp:135]   --->   Operation 57 'trunc' 'trunc_ln135_2' <Predicate = (!icmp_ln129)> <Delay = 0.00>
ST_6 : Operation 58 [1/1] (0.00ns)   --->   "%specpipeline_ln137 = specpipeline void @_ssdm_op_SpecPipeline, i32 1, i32 0, i32 0, i32 1, void @empty" [fft_4k_ssr2_i16_c16_t16.cpp:137]   --->   Operation 58 'specpipeline' 'specpipeline_ln137' <Predicate = (!icmp_ln129)> <Delay = 0.00>
ST_6 : Operation 59 [1/1] (0.80ns)   --->   "%add_ln133 = add i12 %trunc_ln135_2, i12 1" [fft_4k_ssr2_i16_c16_t16.cpp:133]   --->   Operation 59 'add' 'add_ln133' <Predicate = (!icmp_ln129)> <Delay = 0.80> <CoreInst = "Adder">   --->   Core 1 'Adder' <Latency = 0> <II = 1> <Delay = 0.80> <FuncUnit> <Opcode : 'add' 'sub'> <InPorts = 2> <OutPorts = 1>
ST_6 : Operation 60 [1/1] (0.00ns)   --->   "%trunc_ln133 = trunc i32 %select_ln129_2" [fft_4k_ssr2_i16_c16_t16.cpp:133]   --->   Operation 60 'trunc' 'trunc_ln133' <Predicate = (!icmp_ln129)> <Delay = 0.00>
ST_6 : Operation 61 [1/1] (0.00ns)   --->   "%tmp_2 = bitconcatenate i11 @_ssdm_op_BitConcatenate.i11.i1.i10, i1 %select_ln129_5, i10 %lshr_ln1" [fft_4k_ssr2_i16_c16_t16.cpp:155]   --->   Operation 61 'bitconcatenate' 'tmp_2' <Predicate = (!icmp_ln129)> <Delay = 0.00>
ST_6 : Operation 62 [1/1] (0.00ns)   --->   "%zext_ln155 = zext i11 %tmp_2" [fft_4k_ssr2_i16_c16_t16.cpp:155]   --->   Operation 62 'zext' 'zext_ln155' <Predicate = (!icmp_ln129)> <Delay = 0.00>
ST_6 : Operation 63 [1/1] (0.00ns)   --->   "%buff_0_0_addr = getelementptr i32 %buff_0_0, i64 0, i64 %zext_ln155" [fft_4k_ssr2_i16_c16_t16.cpp:155]   --->   Operation 63 'getelementptr' 'buff_0_0_addr' <Predicate = (!icmp_ln129 & !trunc_ln135_1)> <Delay = 0.00>
ST_6 : Operation 64 [1/1] (0.00ns)   --->   "%buff_0_1_addr = getelementptr i32 %buff_0_1, i64 0, i64 %zext_ln155" [fft_4k_ssr2_i16_c16_t16.cpp:155]   --->   Operation 64 'getelementptr' 'buff_0_1_addr' <Predicate = (!icmp_ln129 & trunc_ln135_1)> <Delay = 0.00>
ST_6 : Operation 65 [1/1] (0.00ns)   --->   "%buff_1_0_addr = getelementptr i32 %buff_1_0, i64 0, i64 %zext_ln155" [fft_4k_ssr2_i16_c16_t16.cpp:155]   --->   Operation 65 'getelementptr' 'buff_1_0_addr' <Predicate = (!icmp_ln129 & !trunc_ln135_1)> <Delay = 0.00>
ST_6 : Operation 66 [1/1] (0.00ns)   --->   "%buff_1_1_addr = getelementptr i32 %buff_1_1, i64 0, i64 %zext_ln155" [fft_4k_ssr2_i16_c16_t16.cpp:155]   --->   Operation 66 'getelementptr' 'buff_1_1_addr' <Predicate = (!icmp_ln129 & trunc_ln135_1)> <Delay = 0.00>
ST_6 : Operation 67 [1/1] (0.00ns)   --->   "%lshr_ln133_1 = partselect i11 @_ssdm_op_PartSelect.i11.i32.i32.i32, i32 %select_ln129_1, i32 1, i32 11" [fft_4k_ssr2_i16_c16_t16.cpp:133]   --->   Operation 67 'partselect' 'lshr_ln133_1' <Predicate = (!icmp_ln129)> <Delay = 0.00>
ST_6 : Operation 68 [1/1] (0.79ns)   --->   "%add_ln141 = add i11 %tmp_1, i11 %lshr_ln133_1" [fft_4k_ssr2_i16_c16_t16.cpp:141]   --->   Operation 68 'add' 'add_ln141' <Predicate = (!icmp_ln129)> <Delay = 0.79> <CoreInst = "Adder">   --->   Core 1 'Adder' <Latency = 0> <II = 1> <Delay = 0.79> <FuncUnit> <Opcode : 'add' 'sub'> <InPorts = 2> <OutPorts = 1>
ST_6 : Operation 69 [1/1] (0.00ns)   --->   "%zext_ln141 = zext i11 %add_ln141" [fft_4k_ssr2_i16_c16_t16.cpp:141]   --->   Operation 69 'zext' 'zext_ln141' <Predicate = (!icmp_ln129)> <Delay = 0.00>
ST_6 : Operation 70 [1/1] (0.00ns)   --->   "%buff_0_0_addr_1 = getelementptr i32 %buff_0_0, i64 0, i64 %zext_ln141" [fft_4k_ssr2_i16_c16_t16.cpp:141]   --->   Operation 70 'getelementptr' 'buff_0_0_addr_1' <Predicate = (!icmp_ln129)> <Delay = 0.00>
ST_6 : Operation 71 [1/1] (0.00ns)   --->   "%buff_0_1_addr_1 = getelementptr i32 %buff_0_1, i64 0, i64 %zext_ln141" [fft_4k_ssr2_i16_c16_t16.cpp:141]   --->   Operation 71 'getelementptr' 'buff_0_1_addr_1' <Predicate = (!icmp_ln129)> <Delay = 0.00>
ST_6 : Operation 72 [1/1] (0.00ns)   --->   "%buff_1_0_addr_1 = getelementptr i32 %buff_1_0, i64 0, i64 %zext_ln141" [fft_4k_ssr2_i16_c16_t16.cpp:141]   --->   Operation 72 'getelementptr' 'buff_1_0_addr_1' <Predicate = (!icmp_ln129)> <Delay = 0.00>
ST_6 : Operation 73 [1/1] (0.00ns)   --->   "%buff_1_1_addr_1 = getelementptr i32 %buff_1_1, i64 0, i64 %zext_ln141" [fft_4k_ssr2_i16_c16_t16.cpp:141]   --->   Operation 73 'getelementptr' 'buff_1_1_addr_1' <Predicate = (!icmp_ln129)> <Delay = 0.00>
ST_6 : Operation 74 [1/1] (0.42ns)   --->   "%br_ln138 = br i1 %cmp25, void %for.inc58, void %if.then" [fft_4k_ssr2_i16_c16_t16.cpp:138]   --->   Operation 74 'br' 'br_ln138' <Predicate = (!icmp_ln129)> <Delay = 0.42>
ST_6 : Operation 75 [1/1] (1.83ns)   --->   "%input_stream_read = read i64 @_ssdm_op_Read.ap_fifo.volatile.i64P0A, i64 %input_stream" [fft_4k_ssr2_i16_c16_t16.cpp:140]   --->   Operation 75 'read' 'input_stream_read' <Predicate = (!icmp_ln129 & cmp25)> <Delay = 1.83> <CoreInst = "FIFO_SRL">   --->   Core 81 'FIFO_SRL' <Latency = 0> <II = 1> <Delay = 1.83> <Storage> <Opcode : 'read' 'write' 'nbread' 'nbwrite'> <Ports = 0> <Width = 64> <Depth = 2> <FIFO>
ST_6 : Operation 76 [1/1] (0.00ns)   --->   "%lshr_ln2 = partselect i11 @_ssdm_op_PartSelect.i11.i12.i32.i32, i12 %add_ln133, i32 1, i32 11" [fft_4k_ssr2_i16_c16_t16.cpp:142]   --->   Operation 76 'partselect' 'lshr_ln2' <Predicate = (!icmp_ln129 & cmp25)> <Delay = 0.00>
ST_6 : Operation 77 [1/1] (0.79ns)   --->   "%add_ln142 = add i11 %tmp_1, i11 %lshr_ln2" [fft_4k_ssr2_i16_c16_t16.cpp:142]   --->   Operation 77 'add' 'add_ln142' <Predicate = (!icmp_ln129 & cmp25)> <Delay = 0.79> <CoreInst = "Adder">   --->   Core 1 'Adder' <Latency = 0> <II = 1> <Delay = 0.79> <FuncUnit> <Opcode : 'add' 'sub'> <InPorts = 2> <OutPorts = 1>
ST_6 : Operation 78 [1/1] (0.00ns)   --->   "%zext_ln142 = zext i11 %add_ln142" [fft_4k_ssr2_i16_c16_t16.cpp:142]   --->   Operation 78 'zext' 'zext_ln142' <Predicate = (!icmp_ln129 & cmp25)> <Delay = 0.00>
ST_6 : Operation 79 [1/1] (0.00ns)   --->   "%buff_0_0_addr_2 = getelementptr i32 %buff_0_0, i64 0, i64 %zext_ln142" [fft_4k_ssr2_i16_c16_t16.cpp:142]   --->   Operation 79 'getelementptr' 'buff_0_0_addr_2' <Predicate = (!icmp_ln129 & cmp25)> <Delay = 0.00>
ST_6 : Operation 80 [1/1] (0.00ns)   --->   "%buff_0_1_addr_2 = getelementptr i32 %buff_0_1, i64 0, i64 %zext_ln142" [fft_4k_ssr2_i16_c16_t16.cpp:142]   --->   Operation 80 'getelementptr' 'buff_0_1_addr_2' <Predicate = (!icmp_ln129 & cmp25)> <Delay = 0.00>
ST_6 : Operation 81 [1/1] (0.00ns)   --->   "%buff_1_0_addr_2 = getelementptr i32 %buff_1_0, i64 0, i64 %zext_ln142" [fft_4k_ssr2_i16_c16_t16.cpp:142]   --->   Operation 81 'getelementptr' 'buff_1_0_addr_2' <Predicate = (!icmp_ln129 & cmp25)> <Delay = 0.00>
ST_6 : Operation 82 [1/1] (0.00ns)   --->   "%buff_1_1_addr_2 = getelementptr i32 %buff_1_1, i64 0, i64 %zext_ln142" [fft_4k_ssr2_i16_c16_t16.cpp:142]   --->   Operation 82 'getelementptr' 'buff_1_1_addr_2' <Predicate = (!icmp_ln129 & cmp25)> <Delay = 0.00>
ST_6 : Operation 83 [1/1] (0.00ns)   --->   "%trunc_ln141 = trunc i64 %input_stream_read" [fft_4k_ssr2_i16_c16_t16.cpp:141]   --->   Operation 83 'trunc' 'trunc_ln141' <Predicate = (!icmp_ln129 & cmp25)> <Delay = 0.00>
ST_6 : Operation 84 [1/1] (0.00ns)   --->   "%p_1_1_0_0_0_partset = partselect i32 @_ssdm_op_PartSelect.i32.i64.i32.i32, i64 %input_stream_read, i32 32, i32 63" [fft_4k_ssr2_i16_c16_t16.cpp:142]   --->   Operation 84 'partselect' 'p_1_1_0_0_0_partset' <Predicate = (!icmp_ln129 & cmp25)> <Delay = 0.00>
ST_6 : Operation 85 [1/1] (0.00ns)   --->   "%br_ln141 = br i1 %trunc_ln133, void %arrayidx326.0.0.0.0133.case.0, void %arrayidx326.0.0.0.0133.case.1" [fft_4k_ssr2_i16_c16_t16.cpp:141]   --->   Operation 85 'br' 'br_ln141' <Predicate = (!icmp_ln129 & cmp25)> <Delay = 0.00>
ST_6 : Operation 86 [1/1] (0.00ns)   --->   "%br_ln141 = br i1 %trunc_ln135, void %arrayidx408.1.0.0.0136.case.1214, void %arrayidx408.1.0.0.0136.case.0213" [fft_4k_ssr2_i16_c16_t16.cpp:141]   --->   Operation 86 'br' 'br_ln141' <Predicate = (!icmp_ln129 & cmp25 & !trunc_ln133)> <Delay = 0.00>
ST_6 : Operation 87 [1/1] (1.23ns)   --->   "%store_ln141 = store i32 %trunc_ln141, i11 %buff_0_0_addr_1" [fft_4k_ssr2_i16_c16_t16.cpp:141]   --->   Operation 87 'store' 'store_ln141' <Predicate = (!icmp_ln129 & cmp25 & !trunc_ln133 & !trunc_ln135)> <Delay = 1.23> <CoreInst = "RAM">   --->   Core 83 'RAM' <Latency = 1> <II = 1> <Delay = 1.23> <Storage> <Opcode : 'load' 'store'> <Ports = 2> <Width = 32> <Depth = 2048> <RAM>
ST_6 : Operation 88 [1/1] (1.23ns)   --->   "%store_ln142 = store i32 %p_1_1_0_0_0_partset, i11 %buff_0_1_addr_2" [fft_4k_ssr2_i16_c16_t16.cpp:142]   --->   Operation 88 'store' 'store_ln142' <Predicate = (!icmp_ln129 & cmp25 & !trunc_ln133 & !trunc_ln135)> <Delay = 1.23> <CoreInst = "RAM">   --->   Core 83 'RAM' <Latency = 1> <II = 1> <Delay = 1.23> <Storage> <Opcode : 'load' 'store'> <Ports = 2> <Width = 32> <Depth = 2048> <RAM>
ST_6 : Operation 89 [1/1] (0.00ns)   --->   "%br_ln142 = br void %arrayidx408.1.0.0.0136.exit212" [fft_4k_ssr2_i16_c16_t16.cpp:142]   --->   Operation 89 'br' 'br_ln142' <Predicate = (!icmp_ln129 & cmp25 & !trunc_ln133 & !trunc_ln135)> <Delay = 0.00>
ST_6 : Operation 90 [1/1] (1.23ns)   --->   "%store_ln141 = store i32 %trunc_ln141, i11 %buff_0_1_addr_1" [fft_4k_ssr2_i16_c16_t16.cpp:141]   --->   Operation 90 'store' 'store_ln141' <Predicate = (!icmp_ln129 & cmp25 & !trunc_ln133 & trunc_ln135)> <Delay = 1.23> <CoreInst = "RAM">   --->   Core 83 'RAM' <Latency = 1> <II = 1> <Delay = 1.23> <Storage> <Opcode : 'load' 'store'> <Ports = 2> <Width = 32> <Depth = 2048> <RAM>
ST_6 : Operation 91 [1/1] (1.23ns)   --->   "%store_ln142 = store i32 %p_1_1_0_0_0_partset, i11 %buff_0_0_addr_2" [fft_4k_ssr2_i16_c16_t16.cpp:142]   --->   Operation 91 'store' 'store_ln142' <Predicate = (!icmp_ln129 & cmp25 & !trunc_ln133 & trunc_ln135)> <Delay = 1.23> <CoreInst = "RAM">   --->   Core 83 'RAM' <Latency = 1> <II = 1> <Delay = 1.23> <Storage> <Opcode : 'load' 'store'> <Ports = 2> <Width = 32> <Depth = 2048> <RAM>
ST_6 : Operation 92 [1/1] (0.00ns)   --->   "%br_ln142 = br void %arrayidx408.1.0.0.0136.exit212" [fft_4k_ssr2_i16_c16_t16.cpp:142]   --->   Operation 92 'br' 'br_ln142' <Predicate = (!icmp_ln129 & cmp25 & !trunc_ln133 & trunc_ln135)> <Delay = 0.00>
ST_6 : Operation 93 [1/1] (0.00ns)   --->   "%br_ln142 = br void %arrayidx408.1.0.0.0136.exit" [fft_4k_ssr2_i16_c16_t16.cpp:142]   --->   Operation 93 'br' 'br_ln142' <Predicate = (!icmp_ln129 & cmp25 & !trunc_ln133)> <Delay = 0.00>
ST_6 : Operation 94 [1/1] (0.00ns)   --->   "%br_ln141 = br i1 %trunc_ln135, void %arrayidx408.1.0.0.0136.case.1218, void %arrayidx408.1.0.0.0136.case.0217" [fft_4k_ssr2_i16_c16_t16.cpp:141]   --->   Operation 94 'br' 'br_ln141' <Predicate = (!icmp_ln129 & cmp25 & trunc_ln133)> <Delay = 0.00>
ST_6 : Operation 95 [1/1] (1.23ns)   --->   "%store_ln141 = store i32 %trunc_ln141, i11 %buff_1_0_addr_1" [fft_4k_ssr2_i16_c16_t16.cpp:141]   --->   Operation 95 'store' 'store_ln141' <Predicate = (!icmp_ln129 & cmp25 & trunc_ln133 & !trunc_ln135)> <Delay = 1.23> <CoreInst = "RAM">   --->   Core 83 'RAM' <Latency = 1> <II = 1> <Delay = 1.23> <Storage> <Opcode : 'load' 'store'> <Ports = 2> <Width = 32> <Depth = 2048> <RAM>
ST_6 : Operation 96 [1/1] (1.23ns)   --->   "%store_ln142 = store i32 %p_1_1_0_0_0_partset, i11 %buff_1_1_addr_2" [fft_4k_ssr2_i16_c16_t16.cpp:142]   --->   Operation 96 'store' 'store_ln142' <Predicate = (!icmp_ln129 & cmp25 & trunc_ln133 & !trunc_ln135)> <Delay = 1.23> <CoreInst = "RAM">   --->   Core 83 'RAM' <Latency = 1> <II = 1> <Delay = 1.23> <Storage> <Opcode : 'load' 'store'> <Ports = 2> <Width = 32> <Depth = 2048> <RAM>
ST_6 : Operation 97 [1/1] (0.00ns)   --->   "%br_ln142 = br void %arrayidx408.1.0.0.0136.exit216" [fft_4k_ssr2_i16_c16_t16.cpp:142]   --->   Operation 97 'br' 'br_ln142' <Predicate = (!icmp_ln129 & cmp25 & trunc_ln133 & !trunc_ln135)> <Delay = 0.00>
ST_6 : Operation 98 [1/1] (1.23ns)   --->   "%store_ln141 = store i32 %trunc_ln141, i11 %buff_1_1_addr_1" [fft_4k_ssr2_i16_c16_t16.cpp:141]   --->   Operation 98 'store' 'store_ln141' <Predicate = (!icmp_ln129 & cmp25 & trunc_ln133 & trunc_ln135)> <Delay = 1.23> <CoreInst = "RAM">   --->   Core 83 'RAM' <Latency = 1> <II = 1> <Delay = 1.23> <Storage> <Opcode : 'load' 'store'> <Ports = 2> <Width = 32> <Depth = 2048> <RAM>
ST_6 : Operation 99 [1/1] (1.23ns)   --->   "%store_ln142 = store i32 %p_1_1_0_0_0_partset, i11 %buff_1_0_addr_2" [fft_4k_ssr2_i16_c16_t16.cpp:142]   --->   Operation 99 'store' 'store_ln142' <Predicate = (!icmp_ln129 & cmp25 & trunc_ln133 & trunc_ln135)> <Delay = 1.23> <CoreInst = "RAM">   --->   Core 83 'RAM' <Latency = 1> <II = 1> <Delay = 1.23> <Storage> <Opcode : 'load' 'store'> <Ports = 2> <Width = 32> <Depth = 2048> <RAM>
ST_6 : Operation 100 [1/1] (0.00ns)   --->   "%br_ln142 = br void %arrayidx408.1.0.0.0136.exit216" [fft_4k_ssr2_i16_c16_t16.cpp:142]   --->   Operation 100 'br' 'br_ln142' <Predicate = (!icmp_ln129 & cmp25 & trunc_ln133 & trunc_ln135)> <Delay = 0.00>
ST_6 : Operation 101 [1/1] (0.00ns)   --->   "%br_ln142 = br void %arrayidx408.1.0.0.0136.exit" [fft_4k_ssr2_i16_c16_t16.cpp:142]   --->   Operation 101 'br' 'br_ln142' <Predicate = (!icmp_ln129 & cmp25 & trunc_ln133)> <Delay = 0.00>
ST_6 : Operation 102 [1/1] (1.01ns)   --->   "%icmp_ln144 = icmp_eq  i32 %select_ln129_1, i32 2046" [fft_4k_ssr2_i16_c16_t16.cpp:144]   --->   Operation 102 'icmp' 'icmp_ln144' <Predicate = (!icmp_ln129 & cmp25)> <Delay = 1.01> <CoreInst = "Cmp">   --->   Core 9 'Cmp' <Latency = 0> <II = 1> <Delay = 1.01> <FuncUnit> <Opcode : 'icmp'> <InPorts = 2> <OutPorts = 1>
ST_6 : Operation 103 [1/1] (1.01ns)   --->   "%r_1 = add i32 %select_ln129_2, i32 1" [fft_4k_ssr2_i16_c16_t16.cpp:146]   --->   Operation 103 'add' 'r_1' <Predicate = (!icmp_ln129 & cmp25)> <Delay = 1.01> <CoreInst = "Adder">   --->   Core 1 'Adder' <Latency = 0> <II = 1> <Delay = 1.01> <FuncUnit> <Opcode : 'add' 'sub'> <InPorts = 2> <OutPorts = 1>
ST_6 : Operation 104 [1/1] (1.01ns)   --->   "%c_1 = add i32 %select_ln129_1, i32 2" [fft_4k_ssr2_i16_c16_t16.cpp:151]   --->   Operation 104 'add' 'c_1' <Predicate = (!icmp_ln129 & cmp25)> <Delay = 1.01> <CoreInst = "Adder">   --->   Core 1 'Adder' <Latency = 0> <II = 1> <Delay = 1.01> <FuncUnit> <Opcode : 'add' 'sub'> <InPorts = 2> <OutPorts = 1>
ST_6 : Operation 105 [1/1] (0.44ns)   --->   "%r_3 = select i1 %icmp_ln144, i32 %r_1, i32 %select_ln129_2" [fft_4k_ssr2_i16_c16_t16.cpp:144]   --->   Operation 105 'select' 'r_3' <Predicate = (!icmp_ln129 & cmp25)> <Delay = 0.44> <CoreInst = "Sel">   --->   Core 73 'Sel' <Latency = 0> <II = 1> <Delay = 0.44> <FuncUnit> <Opcode : 'select'> <InPorts = 3> <OutPorts = 1>
ST_6 : Operation 106 [1/1] (0.44ns)   --->   "%c_3 = select i1 %icmp_ln144, i32 0, i32 %c_1" [fft_4k_ssr2_i16_c16_t16.cpp:144]   --->   Operation 106 'select' 'c_3' <Predicate = (!icmp_ln129 & cmp25)> <Delay = 0.44> <CoreInst = "Sel">   --->   Core 73 'Sel' <Latency = 0> <II = 1> <Delay = 0.44> <FuncUnit> <Opcode : 'select'> <InPorts = 3> <OutPorts = 1>
ST_6 : Operation 107 [1/1] (0.42ns)   --->   "%br_ln153 = br void %for.inc58" [fft_4k_ssr2_i16_c16_t16.cpp:153]   --->   Operation 107 'br' 'br_ln153' <Predicate = (!icmp_ln129 & cmp25)> <Delay = 0.42>
ST_6 : Operation 108 [1/1] (0.00ns)   --->   "%r_2 = phi i32 %r_3, void %arrayidx408.1.0.0.0136.exit, i32 %select_ln129_2, void %for.inc65"   --->   Operation 108 'phi' 'r_2' <Predicate = (!icmp_ln129)> <Delay = 0.00>
ST_6 : Operation 109 [1/1] (0.00ns)   --->   "%c_2 = phi i32 %c_3, void %arrayidx408.1.0.0.0136.exit, i32 %select_ln129_1, void %for.inc65"   --->   Operation 109 'phi' 'c_2' <Predicate = (!icmp_ln129)> <Delay = 0.00>
ST_6 : Operation 110 [2/2] (1.23ns)   --->   "%buff_0_0_load = load i11 %buff_0_0_addr" [fft_4k_ssr2_i16_c16_t16.cpp:155]   --->   Operation 110 'load' 'buff_0_0_load' <Predicate = (!icmp_ln129 & !trunc_ln135_1)> <Delay = 1.23> <CoreInst = "RAM">   --->   Core 83 'RAM' <Latency = 1> <II = 1> <Delay = 1.23> <Storage> <Opcode : 'load' 'store'> <Ports = 2> <Width = 32> <Depth = 2048> <RAM>
ST_6 : Operation 111 [2/2] (1.23ns)   --->   "%buff_0_1_load = load i11 %buff_0_1_addr" [fft_4k_ssr2_i16_c16_t16.cpp:155]   --->   Operation 111 'load' 'buff_0_1_load' <Predicate = (!icmp_ln129 & trunc_ln135_1)> <Delay = 1.23> <CoreInst = "RAM">   --->   Core 83 'RAM' <Latency = 1> <II = 1> <Delay = 1.23> <Storage> <Opcode : 'load' 'store'> <Ports = 2> <Width = 32> <Depth = 2048> <RAM>
ST_6 : Operation 112 [2/2] (1.23ns)   --->   "%buff_1_0_load = load i11 %buff_1_0_addr" [fft_4k_ssr2_i16_c16_t16.cpp:156]   --->   Operation 112 'load' 'buff_1_0_load' <Predicate = (!icmp_ln129 & !trunc_ln135_1)> <Delay = 1.23> <CoreInst = "RAM">   --->   Core 83 'RAM' <Latency = 1> <II = 1> <Delay = 1.23> <Storage> <Opcode : 'load' 'store'> <Ports = 2> <Width = 32> <Depth = 2048> <RAM>
ST_6 : Operation 113 [2/2] (1.23ns)   --->   "%buff_1_1_load = load i11 %buff_1_1_addr" [fft_4k_ssr2_i16_c16_t16.cpp:156]   --->   Operation 113 'load' 'buff_1_1_load' <Predicate = (!icmp_ln129 & trunc_ln135_1)> <Delay = 1.23> <CoreInst = "RAM">   --->   Core 83 'RAM' <Latency = 1> <II = 1> <Delay = 1.23> <Storage> <Opcode : 'load' 'store'> <Ports = 2> <Width = 32> <Depth = 2048> <RAM>
ST_6 : Operation 114 [1/1] (0.28ns)   --->   "%wr_3 = xor i1 %select_ln129_4, i1 1" [fft_4k_ssr2_i16_c16_t16.cpp:160]   --->   Operation 114 'xor' 'wr_3' <Predicate = (!icmp_ln129)> <Delay = 0.28> <CoreInst = "LogicGate">   --->   Core 74 'LogicGate' <Latency = 0> <II = 1> <Delay = 0.28> <FuncUnit> <Opcode : 'and' 'or' 'xor'> <InPorts = 2> <OutPorts = 1>
ST_6 : Operation 115 [1/1] (0.28ns)   --->   "%rd_3 = xor i1 %select_ln129_5, i1 1" [fft_4k_ssr2_i16_c16_t16.cpp:161]   --->   Operation 115 'xor' 'rd_3' <Predicate = (!icmp_ln129)> <Delay = 0.28> <CoreInst = "LogicGate">   --->   Core 74 'LogicGate' <Latency = 0> <II = 1> <Delay = 0.28> <FuncUnit> <Opcode : 'and' 'or' 'xor'> <InPorts = 2> <OutPorts = 1>
ST_6 : Operation 116 [1/1] (0.00ns)   --->   "%store_ln135 = store i1 %wr_3, i1 %wr_2" [fft_4k_ssr2_i16_c16_t16.cpp:135]   --->   Operation 116 'store' 'store_ln135' <Predicate = (!icmp_ln129)> <Delay = 0.00>
ST_6 : Operation 117 [1/1] (0.00ns)   --->   "%store_ln135 = store i1 %rd_3, i1 %rd_2" [fft_4k_ssr2_i16_c16_t16.cpp:135]   --->   Operation 117 'store' 'store_ln135' <Predicate = (!icmp_ln129)> <Delay = 0.00>

State 7 <SV = 6> <Delay = 3.52>
ST_7 : Operation 118 [1/2] (1.23ns)   --->   "%buff_0_0_load = load i11 %buff_0_0_addr" [fft_4k_ssr2_i16_c16_t16.cpp:155]   --->   Operation 118 'load' 'buff_0_0_load' <Predicate = (!icmp_ln129 & !trunc_ln135_1)> <Delay = 1.23> <CoreInst = "RAM">   --->   Core 83 'RAM' <Latency = 1> <II = 1> <Delay = 1.23> <Storage> <Opcode : 'load' 'store'> <Ports = 2> <Width = 32> <Depth = 2048> <RAM>
ST_7 : Operation 119 [1/2] (1.23ns)   --->   "%buff_0_1_load = load i11 %buff_0_1_addr" [fft_4k_ssr2_i16_c16_t16.cpp:155]   --->   Operation 119 'load' 'buff_0_1_load' <Predicate = (!icmp_ln129 & trunc_ln135_1)> <Delay = 1.23> <CoreInst = "RAM">   --->   Core 83 'RAM' <Latency = 1> <II = 1> <Delay = 1.23> <Storage> <Opcode : 'load' 'store'> <Ports = 2> <Width = 32> <Depth = 2048> <RAM>
ST_7 : Operation 120 [1/2] (1.23ns)   --->   "%buff_1_0_load = load i11 %buff_1_0_addr" [fft_4k_ssr2_i16_c16_t16.cpp:156]   --->   Operation 120 'load' 'buff_1_0_load' <Predicate = (!icmp_ln129 & !trunc_ln135_1)> <Delay = 1.23> <CoreInst = "RAM">   --->   Core 83 'RAM' <Latency = 1> <II = 1> <Delay = 1.23> <Storage> <Opcode : 'load' 'store'> <Ports = 2> <Width = 32> <Depth = 2048> <RAM>
ST_7 : Operation 121 [1/2] (1.23ns)   --->   "%buff_1_1_load = load i11 %buff_1_1_addr" [fft_4k_ssr2_i16_c16_t16.cpp:156]   --->   Operation 121 'load' 'buff_1_1_load' <Predicate = (!icmp_ln129 & trunc_ln135_1)> <Delay = 1.23> <CoreInst = "RAM">   --->   Core 83 'RAM' <Latency = 1> <II = 1> <Delay = 1.23> <Storage> <Opcode : 'load' 'store'> <Ports = 2> <Width = 32> <Depth = 2048> <RAM>
ST_7 : Operation 122 [1/1] (0.44ns)   --->   "%select_ln156 = select i1 %trunc_ln135_1, i32 %buff_1_1_load, i32 %buff_1_0_load" [fft_4k_ssr2_i16_c16_t16.cpp:156]   --->   Operation 122 'select' 'select_ln156' <Predicate = (!icmp_ln129)> <Delay = 0.44> <CoreInst = "Sel">   --->   Core 73 'Sel' <Latency = 0> <II = 1> <Delay = 0.44> <FuncUnit> <Opcode : 'select'> <InPorts = 3> <OutPorts = 1>
ST_7 : Operation 123 [1/1] (0.44ns)   --->   "%select_ln155 = select i1 %trunc_ln135_1, i32 %buff_0_1_load, i32 %buff_0_0_load" [fft_4k_ssr2_i16_c16_t16.cpp:155]   --->   Operation 123 'select' 'select_ln155' <Predicate = (!icmp_ln129)> <Delay = 0.44> <CoreInst = "Sel">   --->   Core 73 'Sel' <Latency = 0> <II = 1> <Delay = 0.44> <FuncUnit> <Opcode : 'select'> <InPorts = 3> <OutPorts = 1>
ST_7 : Operation 124 [1/1] (0.00ns)   --->   "%tmp_s = bitconcatenate i64 @_ssdm_op_BitConcatenate.i64.i32.i32, i32 %select_ln156, i32 %select_ln155" [fft_4k_ssr2_i16_c16_t16.cpp:157]   --->   Operation 124 'bitconcatenate' 'tmp_s' <Predicate = (!icmp_ln129)> <Delay = 0.00>
ST_7 : Operation 125 [1/1] (1.83ns)   --->   "%write_ln157 = write void @_ssdm_op_Write.ap_fifo.volatile.i64P0A, i64 %reorder_out, i64 %tmp_s" [fft_4k_ssr2_i16_c16_t16.cpp:157]   --->   Operation 125 'write' 'write_ln157' <Predicate = (!icmp_ln129)> <Delay = 1.83> <CoreInst = "FIFO_SRL">   --->   Core 81 'FIFO_SRL' <Latency = 0> <II = 1> <Delay = 1.83> <Storage> <Opcode : 'read' 'write' 'nbread' 'nbwrite'> <Ports = 0> <Width = 64> <Depth = 2> <FIFO>
ST_7 : Operation 126 [1/1] (0.00ns)   --->   "%br_ln135 = br void %for.body24" [fft_4k_ssr2_i16_c16_t16.cpp:135]   --->   Operation 126 'br' 'br_ln135' <Predicate = (!icmp_ln129)> <Delay = 0.00>

State 8 <SV = 6> <Delay = 0.00>
ST_8 : Operation 127 [1/1] (0.00ns)   --->   "%ret_ln163 = ret" [fft_4k_ssr2_i16_c16_t16.cpp:163]   --->   Operation 127 'ret' 'ret_ln163' <Predicate = true> <Delay = 0.00>


============================================================
+ Verbose Summary: Timing violations
============================================================
Target clock period: 200.000ns, clock uncertainty: 54.000ns.

 <State 1>: 3.676ns
The critical path consists of the following:
	fifo read operation ('iter') on port 'iter' [8]  (1.838 ns)
	fifo write operation ('write_ln0') on port 'iter_c24' [10]  (1.838 ns)

 <State 2>: 0.000ns
The critical path consists of the following:

 <State 3>: 0.000ns
The critical path consists of the following:

 <State 4>: 1.016ns
The critical path consists of the following:
	'add' operation 32 bit ('sub') [20]  (1.016 ns)

 <State 5>: 2.440ns
The critical path consists of the following:
	'phi' operation 31 bit ('j', fft_4k_ssr2_i16_c16_t16.cpp:129) with incoming values : ('select_ln129_3', fft_4k_ssr2_i16_c16_t16.cpp:129) [25]  (0.000 ns)
	'add' operation 31 bit ('j', fft_4k_ssr2_i16_c16_t16.cpp:129) [37]  (1.006 ns)
	'select' operation 31 bit ('select_ln129_3', fft_4k_ssr2_i16_c16_t16.cpp:129) [44]  (0.418 ns)
	'icmp' operation 1 bit ('cmp25', fft_4k_ssr2_i16_c16_t16.cpp:129) [48]  (1.016 ns)

 <State 6>: 3.293ns
The critical path consists of the following:
	'phi' operation 32 bit ('c') with incoming values : ('select_ln129_1', fft_4k_ssr2_i16_c16_t16.cpp:129) ('c', fft_4k_ssr2_i16_c16_t16.cpp:144) [29]  (0.000 ns)
	'select' operation 32 bit ('select_ln129_1', fft_4k_ssr2_i16_c16_t16.cpp:129) [42]  (0.449 ns)
	'add' operation 12 bit ('add_ln133', fft_4k_ssr2_i16_c16_t16.cpp:133) [54]  (0.809 ns)
	'add' operation 11 bit ('add_ln142', fft_4k_ssr2_i16_c16_t16.cpp:142) [74]  (0.798 ns)
	'getelementptr' operation 11 bit ('buff_0_1_addr_2', fft_4k_ssr2_i16_c16_t16.cpp:142) [77]  (0.000 ns)
	'store' operation 0 bit ('store_ln142', fft_4k_ssr2_i16_c16_t16.cpp:142) of variable 'p_1_1_0_0_0_partset', fft_4k_ssr2_i16_c16_t16.cpp:142 on array 'buff_0_1' [87]  (1.237 ns)

 <State 7>: 3.524ns
The critical path consists of the following:
	'load' operation 32 bit ('buff_0_0_load', fft_4k_ssr2_i16_c16_t16.cpp:155) on array 'buff_0_0' [117]  (1.237 ns)
	'select' operation 32 bit ('select_ln155', fft_4k_ssr2_i16_c16_t16.cpp:155) [122]  (0.449 ns)
	fifo write operation ('write_ln157', fft_4k_ssr2_i16_c16_t16.cpp:157) on port 'reorder_out' (fft_4k_ssr2_i16_c16_t16.cpp:157) [124]  (1.838 ns)

 <State 8>: 0.000ns
The critical path consists of the following:


============================================================
+ Verbose Summary: Binding
============================================================
N/A
* FSMD analyzer results:
  - Output states:
 - Input state : 
  - Chain level:
	State 1
	State 2
	State 3
	State 4
	State 5
	State 6
	State 7
	State 8


============================================================
+ Verbose Summary: Datapath Resource usage 
============================================================
N/A
