

================================================================
== Vitis HLS Report for 'reorder_Pipeline_pipeup_l1_pipeup_l2'
================================================================
* Date:           Mon Mar  9 10:31:59 2026

* Version:        2023.2 (Build 4023990 on Oct 11 2023)
* Project:        hls_project
* Solution:       solution1 (Vivado IP Flow Target)
* Product family: zynquplus
* Target device:  xck26-sfvc784-2LV-c


================================================================
== Performance Estimates
================================================================
+ Timing: 
    * Summary: 
    +--------+---------+----------+------------+
    |  Clock |  Target | Estimated| Uncertainty|
    +--------+---------+----------+------------+
    |ap_clk  |  0.20 us|  3.075 ns|    54.00 ns|
    +--------+---------+----------+------------+

+ Latency: 
    * Summary: 
    +---------+---------+----------+----------+------+------+---------+
    |  Latency (cycles) |  Latency (absolute) |   Interval  | Pipeline|
    |   min   |   max   |    min   |    max   |  min |  max |   Type  |
    +---------+---------+----------+----------+------+------+---------+
    |     2050|     2050|  0.410 ms|  0.410 ms|  2050|  2050|       no|
    +---------+---------+----------+----------+------+------+---------+

    + Detail: 
        * Instance: 
        N/A

        * Loop: 
        +-----------------------+---------+---------+----------+-----------+-----------+------+----------+
        |                       |  Latency (cycles) | Iteration|  Initiation Interval  | Trip |          |
        |       Loop Name       |   min   |   max   |  Latency |  achieved |   target  | Count| Pipelined|
        +-----------------------+---------+---------+----------+-----------+-----------+------+----------+
        |- pipeup_l1_pipeup_l2  |     2048|     2048|         2|          1|          1|  2048|       yes|
        +-----------------------+---------+---------+----------+-----------+-----------+------+----------+



================================================================
== Utilization Estimates
================================================================
* Summary: 
+-----------------+---------+------+--------+--------+-----+
|       Name      | BRAM_18K|  DSP |   FF   |   LUT  | URAM|
+-----------------+---------+------+--------+--------+-----+
|DSP              |        -|     -|       -|       -|    -|
|Expression       |        -|     -|       0|      84|    -|
|FIFO             |        -|     -|       -|       -|    -|
|Instance         |        -|     -|       -|       -|    -|
|Memory           |        -|     -|       -|       -|    -|
|Multiplexer      |        -|     -|       -|      63|    -|
|Register         |        -|     -|      29|       -|    -|
+-----------------+---------+------+--------+--------+-----+
|Total            |        0|     0|      29|     147|    0|
+-----------------+---------+------+--------+--------+-----+
|Available        |      288|  1248|  234240|  117120|   64|
+-----------------+---------+------+--------+--------+-----+
|Utilization (%)  |        0|     0|      ~0|      ~0|    0|
+-----------------+---------+------+--------+--------+-----+

+ Detail: 
    * Instance: 
    N/A

    * DSP: 
    N/A

    * Memory: 
    N/A

    * FIFO: 
    N/A

    * Expression: 
    +---------------------------+----------+----+---+----+------------+------------+
    |       Variable Name       | Operation| DSP| FF| LUT| Bitwidth P0| Bitwidth P1|
    +---------------------------+----------+----+---+----+------------+------------+
    |add_ln119_1_fu_156_p2      |         +|   0|  0|  19|          12|           1|
    |add_ln119_fu_173_p2        |         +|   0|  0|   9|           2|           1|
    |add_ln121_fu_243_p2        |         +|   0|  0|  19|          12|           2|
    |ap_block_pp0_stage0_11001  |       and|   0|  0|   2|           1|           1|
    |icmp_ln119_fu_150_p2       |      icmp|   0|  0|  20|          12|          13|
    |select_ln119_1_fu_195_p3   |    select|   0|  0|   2|           1|           2|
    |select_ln119_fu_187_p3     |    select|   0|  0|  11|           1|           1|
    |ap_enable_pp0              |       xor|   0|  0|   2|           1|           2|
    +---------------------------+----------+----+---+----+------------+------------+
    |Total                      |          |   0|  0|  84|          42|          23|
    +---------------------------+----------+----+---+----+------------+------------+

    * Multiplexer: 
    +--------------------------------------+----+-----------+-----+-----------+
    |                 Name                 | LUT| Input Size| Bits| Total Bits|
    +--------------------------------------+----+-----------+-----+-----------+
    |ap_done_int                           |   9|          2|    1|          2|
    |ap_enable_reg_pp0_iter1               |   9|          2|    1|          2|
    |ap_sig_allocacmp_indvar_flatten_load  |   9|          2|   12|         24|
    |i_fu_66                               |   9|          2|    2|          4|
    |indvar_flatten_fu_70                  |   9|          2|   12|         24|
    |input_stream_blk_n                    |   9|          2|    1|          2|
    |k_fu_62                               |   9|          2|   12|         24|
    +--------------------------------------+----+-----------+-----+-----------+
    |Total                                 |  63|         14|   41|         82|
    +--------------------------------------+----+-----------+-----+-----------+

    * Register: 
    +-------------------------+----+----+-----+-----------+
    |           Name          | FF | LUT| Bits| Const Bits|
    +-------------------------+----+----+-----+-----------+
    |ap_CS_fsm                |   1|   0|    1|          0|
    |ap_done_reg              |   1|   0|    1|          0|
    |ap_enable_reg_pp0_iter1  |   1|   0|    1|          0|
    |i_fu_66                  |   2|   0|    2|          0|
    |indvar_flatten_fu_70     |  12|   0|   12|          0|
    |k_fu_62                  |  12|   0|   12|          0|
    +-------------------------+----+----+-----+-----------+
    |Total                    |  29|   0|   29|          0|
    +-------------------------+----+----+-----+-----------+



================================================================
== Interface
================================================================
* Summary: 
+-----------------------------+-----+-----+------------+--------------------------------------+--------------+
|          RTL Ports          | Dir | Bits|  Protocol  |             Source Object            |    C Type    |
+-----------------------------+-----+-----+------------+--------------------------------------+--------------+
|ap_clk                       |   in|    1|  ap_ctrl_hs|  reorder_Pipeline_pipeup_l1_pipeup_l2|  return value|
|ap_rst                       |   in|    1|  ap_ctrl_hs|  reorder_Pipeline_pipeup_l1_pipeup_l2|  return value|
|ap_start                     |   in|    1|  ap_ctrl_hs|  reorder_Pipeline_pipeup_l1_pipeup_l2|  return value|
|ap_done                      |  out|    1|  ap_ctrl_hs|  reorder_Pipeline_pipeup_l1_pipeup_l2|  return value|
|ap_idle                      |  out|    1|  ap_ctrl_hs|  reorder_Pipeline_pipeup_l1_pipeup_l2|  return value|
|ap_ready                     |  out|    1|  ap_ctrl_hs|  reorder_Pipeline_pipeup_l1_pipeup_l2|  return value|
|input_stream_dout            |   in|   64|     ap_fifo|                          input_stream|       pointer|
|input_stream_num_data_valid  |   in|    3|     ap_fifo|                          input_stream|       pointer|
|input_stream_fifo_cap        |   in|    3|     ap_fifo|                          input_stream|       pointer|
|input_stream_empty_n         |   in|    1|     ap_fifo|                          input_stream|       pointer|
|input_stream_read            |  out|    1|     ap_fifo|                          input_stream|       pointer|
|buff_0_0_address0            |  out|   11|   ap_memory|                              buff_0_0|         array|
|buff_0_0_ce0                 |  out|    1|   ap_memory|                              buff_0_0|         array|
|buff_0_0_we0                 |  out|    1|   ap_memory|                              buff_0_0|         array|
|buff_0_0_d0                  |  out|   32|   ap_memory|                              buff_0_0|         array|
|buff_0_1_address0            |  out|   11|   ap_memory|                              buff_0_1|         array|
|buff_0_1_ce0                 |  out|    1|   ap_memory|                              buff_0_1|         array|
|buff_0_1_we0                 |  out|    1|   ap_memory|                              buff_0_1|         array|
|buff_0_1_d0                  |  out|   32|   ap_memory|                              buff_0_1|         array|
|buff_1_0_address0            |  out|   11|   ap_memory|                              buff_1_0|         array|
|buff_1_0_ce0                 |  out|    1|   ap_memory|                              buff_1_0|         array|
|buff_1_0_we0                 |  out|    1|   ap_memory|                              buff_1_0|         array|
|buff_1_0_d0                  |  out|   32|   ap_memory|                              buff_1_0|         array|
|buff_1_1_address0            |  out|   11|   ap_memory|                              buff_1_1|         array|
|buff_1_1_ce0                 |  out|    1|   ap_memory|                              buff_1_1|         array|
|buff_1_1_we0                 |  out|    1|   ap_memory|                              buff_1_1|         array|
|buff_1_1_d0                  |  out|   32|   ap_memory|                              buff_1_1|         array|
+-----------------------------+-----+-----+------------+--------------------------------------+--------------+

============================================================
+ Verbose Summary: Synthesis Manager
============================================================
InlineROM: 1
ExposeGlobal: 0
============================================================
+ Verbose Summary: CDFG Model
============================================================
IsTopModel: 0
ResetActiveHigh: 1
IsCombinational: 2
IsDatapathOnly: 2
HasWiredReturn: 1
HasMFsm: 2
HasVarLatency: 1
IsPipeline: 0
IsRtlPipelined: 0
IsInstanceOverlapped: 0
IsDontTouch: 0
HasImplIP: 0
IsGatedGlobalClock: 0

+ Individual pipeline summary: 
  * Pipeline-0: initiation interval (II) = 1, depth = 2


============================================================
+ Verbose Summary: Schedule
============================================================
* Number of FSM states : 2
* Pipeline : 1
  Pipeline-0 : II = 1, D = 2, States = { 1 2 }
* Dataflow Pipeline: 0

* FSM state transitions: 
1 --> 2 
2 --> 

* FSM state operations: 

State 1 <SV = 0> <Delay = 1.66>
ST_1 : Operation 5 [1/1] (0.00ns)   --->   "%k = alloca i32 1" [fft_4k_ssr2_i16_c16_t16.cpp:121]   --->   Operation 5 'alloca' 'k' <Predicate = true> <Delay = 0.00>
ST_1 : Operation 6 [1/1] (0.00ns)   --->   "%i = alloca i32 1" [fft_4k_ssr2_i16_c16_t16.cpp:119]   --->   Operation 6 'alloca' 'i' <Predicate = true> <Delay = 0.00>
ST_1 : Operation 7 [1/1] (0.00ns)   --->   "%indvar_flatten = alloca i32 1"   --->   Operation 7 'alloca' 'indvar_flatten' <Predicate = true> <Delay = 0.00>
ST_1 : Operation 8 [1/1] (0.00ns)   --->   "%specinterface_ln0 = specinterface void @_ssdm_op_SpecInterface, i64 %input_stream, void @empty_8, i32 0, i32 0, void @empty, i32 0, i32 0, void @empty, void @empty, void @empty, i32 0, i32 0, i32 0, i32 0, void @empty, void @empty, i32 4294967295, i32 0"   --->   Operation 8 'specinterface' 'specinterface_ln0' <Predicate = true> <Delay = 0.00>
ST_1 : Operation 9 [1/1] (0.42ns)   --->   "%store_ln0 = store i12 0, i12 %indvar_flatten"   --->   Operation 9 'store' 'store_ln0' <Predicate = true> <Delay = 0.42>
ST_1 : Operation 10 [1/1] (0.42ns)   --->   "%store_ln119 = store i2 0, i2 %i" [fft_4k_ssr2_i16_c16_t16.cpp:119]   --->   Operation 10 'store' 'store_ln119' <Predicate = true> <Delay = 0.42>
ST_1 : Operation 11 [1/1] (0.42ns)   --->   "%store_ln121 = store i12 0, i12 %k" [fft_4k_ssr2_i16_c16_t16.cpp:121]   --->   Operation 11 'store' 'store_ln121' <Predicate = true> <Delay = 0.42>
ST_1 : Operation 12 [1/1] (0.00ns)   --->   "%br_ln0 = br void %for.inc"   --->   Operation 12 'br' 'br_ln0' <Predicate = true> <Delay = 0.00>
ST_1 : Operation 13 [1/1] (0.00ns)   --->   "%indvar_flatten_load = load i12 %indvar_flatten" [fft_4k_ssr2_i16_c16_t16.cpp:119]   --->   Operation 13 'load' 'indvar_flatten_load' <Predicate = true> <Delay = 0.00>
ST_1 : Operation 14 [1/1] (0.80ns)   --->   "%icmp_ln119 = icmp_eq  i12 %indvar_flatten_load, i12 2048" [fft_4k_ssr2_i16_c16_t16.cpp:119]   --->   Operation 14 'icmp' 'icmp_ln119' <Predicate = true> <Delay = 0.80> <CoreInst = "Cmp">   --->   Core 9 'Cmp' <Latency = 0> <II = 1> <Delay = 0.82> <FuncUnit> <Opcode : 'icmp'> <InPorts = 2> <OutPorts = 1>
ST_1 : Operation 15 [1/1] (0.80ns)   --->   "%add_ln119_1 = add i12 %indvar_flatten_load, i12 1" [fft_4k_ssr2_i16_c16_t16.cpp:119]   --->   Operation 15 'add' 'add_ln119_1' <Predicate = true> <Delay = 0.80> <CoreInst = "Adder">   --->   Core 1 'Adder' <Latency = 0> <II = 1> <Delay = 0.80> <FuncUnit> <Opcode : 'add' 'sub'> <InPorts = 2> <OutPorts = 1>
ST_1 : Operation 16 [1/1] (0.00ns)   --->   "%br_ln119 = br i1 %icmp_ln119, void %for.inc14, void %iter_loop.exitStub" [fft_4k_ssr2_i16_c16_t16.cpp:119]   --->   Operation 16 'br' 'br_ln119' <Predicate = true> <Delay = 0.00>
ST_1 : Operation 17 [1/1] (0.42ns)   --->   "%store_ln119 = store i12 %add_ln119_1, i12 %indvar_flatten" [fft_4k_ssr2_i16_c16_t16.cpp:119]   --->   Operation 17 'store' 'store_ln119' <Predicate = (!icmp_ln119)> <Delay = 0.42>
ST_1 : Operation 48 [1/1] (0.00ns)   --->   "%ret_ln0 = ret"   --->   Operation 48 'ret' 'ret_ln0' <Predicate = (icmp_ln119)> <Delay = 0.00>

State 2 <SV = 1> <Delay = 3.07>
ST_2 : Operation 18 [1/1] (0.00ns)   --->   "%k_load = load i12 %k" [fft_4k_ssr2_i16_c16_t16.cpp:119]   --->   Operation 18 'load' 'k_load' <Predicate = true> <Delay = 0.00>
ST_2 : Operation 19 [1/1] (0.00ns)   --->   "%i_load = load i2 %i" [fft_4k_ssr2_i16_c16_t16.cpp:119]   --->   Operation 19 'load' 'i_load' <Predicate = true> <Delay = 0.00>
ST_2 : Operation 20 [1/1] (0.54ns)   --->   "%add_ln119 = add i2 %i_load, i2 1" [fft_4k_ssr2_i16_c16_t16.cpp:119]   --->   Operation 20 'add' 'add_ln119' <Predicate = true> <Delay = 0.54> <CoreInst = "Adder">   --->   Core 1 'Adder' <Latency = 0> <II = 1> <Delay = 0.54> <FuncUnit> <Opcode : 'add' 'sub'> <InPorts = 2> <OutPorts = 1>
ST_2 : Operation 21 [1/1] (0.00ns)   --->   "%specloopname_ln0 = specloopname void @_ssdm_op_SpecLoopName, void @pipeup_l1_pipeup_l2_str"   --->   Operation 21 'specloopname' 'specloopname_ln0' <Predicate = true> <Delay = 0.00>
ST_2 : Operation 22 [1/1] (0.00ns)   --->   "%speclooptripcount_ln0 = speclooptripcount void @_ssdm_op_SpecLoopTripCount, i64 2048, i64 2048, i64 2048"   --->   Operation 22 'speclooptripcount' 'speclooptripcount_ln0' <Predicate = true> <Delay = 0.00>
ST_2 : Operation 23 [1/1] (0.00ns)   --->   "%tmp = bitselect i1 @_ssdm_op_BitSelect.i1.i12.i32, i12 %k_load, i32 11" [fft_4k_ssr2_i16_c16_t16.cpp:121]   --->   Operation 23 'bitselect' 'tmp' <Predicate = true> <Delay = 0.00>
ST_2 : Operation 24 [1/1] (0.37ns)   --->   "%select_ln119 = select i1 %tmp, i12 0, i12 %k_load" [fft_4k_ssr2_i16_c16_t16.cpp:119]   --->   Operation 24 'select' 'select_ln119' <Predicate = true> <Delay = 0.37> <CoreInst = "Sel">   --->   Core 73 'Sel' <Latency = 0> <II = 1> <Delay = 0.37> <FuncUnit> <Opcode : 'select'> <InPorts = 3> <OutPorts = 1>
ST_2 : Operation 25 [1/1] (0.17ns)   --->   "%select_ln119_1 = select i1 %tmp, i2 %add_ln119, i2 %i_load" [fft_4k_ssr2_i16_c16_t16.cpp:119]   --->   Operation 25 'select' 'select_ln119_1' <Predicate = true> <Delay = 0.17> <CoreInst = "Sel">   --->   Core 73 'Sel' <Latency = 0> <II = 1> <Delay = 0.17> <FuncUnit> <Opcode : 'select'> <InPorts = 3> <OutPorts = 1>
ST_2 : Operation 26 [1/1] (0.00ns)   --->   "%trunc_ln119 = trunc i2 %select_ln119_1" [fft_4k_ssr2_i16_c16_t16.cpp:119]   --->   Operation 26 'trunc' 'trunc_ln119' <Predicate = true> <Delay = 0.00>
ST_2 : Operation 27 [1/1] (0.00ns)   --->   "%specpipeline_ln121 = specpipeline void @_ssdm_op_SpecPipeline, i32 4294967295, i32 0, i32 0, i32 0, void @empty" [fft_4k_ssr2_i16_c16_t16.cpp:121]   --->   Operation 27 'specpipeline' 'specpipeline_ln121' <Predicate = true> <Delay = 0.00>
ST_2 : Operation 28 [1/1] (0.00ns)   --->   "%lshr_ln = partselect i10 @_ssdm_op_PartSelect.i10.i12.i32.i32, i12 %select_ln119, i32 1, i32 10" [fft_4k_ssr2_i16_c16_t16.cpp:121]   --->   Operation 28 'partselect' 'lshr_ln' <Predicate = true> <Delay = 0.00>
ST_2 : Operation 29 [1/1] (0.00ns)   --->   "%zext_ln121 = zext i10 %lshr_ln" [fft_4k_ssr2_i16_c16_t16.cpp:121]   --->   Operation 29 'zext' 'zext_ln121' <Predicate = true> <Delay = 0.00>
ST_2 : Operation 30 [1/1] (0.00ns)   --->   "%buff_0_0_addr = getelementptr i32 %buff_0_0, i64 0, i64 %zext_ln121" [fft_4k_ssr2_i16_c16_t16.cpp:124]   --->   Operation 30 'getelementptr' 'buff_0_0_addr' <Predicate = true> <Delay = 0.00>
ST_2 : Operation 31 [1/1] (0.00ns)   --->   "%buff_0_1_addr = getelementptr i32 %buff_0_1, i64 0, i64 %zext_ln121" [fft_4k_ssr2_i16_c16_t16.cpp:125]   --->   Operation 31 'getelementptr' 'buff_0_1_addr' <Predicate = true> <Delay = 0.00>
ST_2 : Operation 32 [1/1] (0.00ns)   --->   "%buff_1_0_addr = getelementptr i32 %buff_1_0, i64 0, i64 %zext_ln121" [fft_4k_ssr2_i16_c16_t16.cpp:124]   --->   Operation 32 'getelementptr' 'buff_1_0_addr' <Predicate = true> <Delay = 0.00>
ST_2 : Operation 33 [1/1] (0.00ns)   --->   "%buff_1_1_addr = getelementptr i32 %buff_1_1, i64 0, i64 %zext_ln121" [fft_4k_ssr2_i16_c16_t16.cpp:125]   --->   Operation 33 'getelementptr' 'buff_1_1_addr' <Predicate = true> <Delay = 0.00>
ST_2 : Operation 34 [1/1] (1.83ns)   --->   "%input_stream_read = read i64 @_ssdm_op_Read.ap_fifo.volatile.i64P0A, i64 %input_stream" [fft_4k_ssr2_i16_c16_t16.cpp:123]   --->   Operation 34 'read' 'input_stream_read' <Predicate = true> <Delay = 1.83> <CoreInst = "FIFO_SRL">   --->   Core 81 'FIFO_SRL' <Latency = 0> <II = 1> <Delay = 1.83> <Storage> <Opcode : 'read' 'write' 'nbread' 'nbwrite'> <Ports = 0> <Width = 64> <Depth = 2> <FIFO>
ST_2 : Operation 35 [1/1] (0.00ns)   --->   "%trunc_ln124 = trunc i64 %input_stream_read" [fft_4k_ssr2_i16_c16_t16.cpp:124]   --->   Operation 35 'trunc' 'trunc_ln124' <Predicate = true> <Delay = 0.00>
ST_2 : Operation 36 [1/1] (0.00ns)   --->   "%p_1_1_0_0_0101_partset = partselect i32 @_ssdm_op_PartSelect.i32.i64.i32.i32, i64 %input_stream_read, i32 32, i32 63" [fft_4k_ssr2_i16_c16_t16.cpp:125]   --->   Operation 36 'partselect' 'p_1_1_0_0_0101_partset' <Predicate = true> <Delay = 0.00>
ST_2 : Operation 37 [1/1] (0.00ns)   --->   "%br_ln124 = br i1 %trunc_ln119, void %arrayidx1212.1.0.0.0140.case.0, void %arrayidx1212.1.0.0.0140.case.1" [fft_4k_ssr2_i16_c16_t16.cpp:124]   --->   Operation 37 'br' 'br_ln124' <Predicate = true> <Delay = 0.00>
ST_2 : Operation 38 [1/1] (1.23ns)   --->   "%store_ln124 = store i32 %trunc_ln124, i11 %buff_0_0_addr" [fft_4k_ssr2_i16_c16_t16.cpp:124]   --->   Operation 38 'store' 'store_ln124' <Predicate = (!trunc_ln119)> <Delay = 1.23> <CoreInst = "RAM">   --->   Core 83 'RAM' <Latency = 1> <II = 1> <Delay = 1.23> <Storage> <Opcode : 'load' 'store'> <Ports = 2> <Width = 32> <Depth = 2048> <RAM>
ST_2 : Operation 39 [1/1] (1.23ns)   --->   "%store_ln125 = store i32 %p_1_1_0_0_0101_partset, i11 %buff_0_1_addr" [fft_4k_ssr2_i16_c16_t16.cpp:125]   --->   Operation 39 'store' 'store_ln125' <Predicate = (!trunc_ln119)> <Delay = 1.23> <CoreInst = "RAM">   --->   Core 83 'RAM' <Latency = 1> <II = 1> <Delay = 1.23> <Storage> <Opcode : 'load' 'store'> <Ports = 2> <Width = 32> <Depth = 2048> <RAM>
ST_2 : Operation 40 [1/1] (0.00ns)   --->   "%br_ln125 = br void %arrayidx1212.1.0.0.0140.exit" [fft_4k_ssr2_i16_c16_t16.cpp:125]   --->   Operation 40 'br' 'br_ln125' <Predicate = (!trunc_ln119)> <Delay = 0.00>
ST_2 : Operation 41 [1/1] (1.23ns)   --->   "%store_ln124 = store i32 %trunc_ln124, i11 %buff_1_0_addr" [fft_4k_ssr2_i16_c16_t16.cpp:124]   --->   Operation 41 'store' 'store_ln124' <Predicate = (trunc_ln119)> <Delay = 1.23> <CoreInst = "RAM">   --->   Core 83 'RAM' <Latency = 1> <II = 1> <Delay = 1.23> <Storage> <Opcode : 'load' 'store'> <Ports = 2> <Width = 32> <Depth = 2048> <RAM>
ST_2 : Operation 42 [1/1] (1.23ns)   --->   "%store_ln125 = store i32 %p_1_1_0_0_0101_partset, i11 %buff_1_1_addr" [fft_4k_ssr2_i16_c16_t16.cpp:125]   --->   Operation 42 'store' 'store_ln125' <Predicate = (trunc_ln119)> <Delay = 1.23> <CoreInst = "RAM">   --->   Core 83 'RAM' <Latency = 1> <II = 1> <Delay = 1.23> <Storage> <Opcode : 'load' 'store'> <Ports = 2> <Width = 32> <Depth = 2048> <RAM>
ST_2 : Operation 43 [1/1] (0.00ns)   --->   "%br_ln125 = br void %arrayidx1212.1.0.0.0140.exit" [fft_4k_ssr2_i16_c16_t16.cpp:125]   --->   Operation 43 'br' 'br_ln125' <Predicate = (trunc_ln119)> <Delay = 0.00>
ST_2 : Operation 44 [1/1] (0.80ns)   --->   "%add_ln121 = add i12 %select_ln119, i12 2" [fft_4k_ssr2_i16_c16_t16.cpp:121]   --->   Operation 44 'add' 'add_ln121' <Predicate = true> <Delay = 0.80> <CoreInst = "Adder">   --->   Core 1 'Adder' <Latency = 0> <II = 1> <Delay = 0.80> <FuncUnit> <Opcode : 'add' 'sub'> <InPorts = 2> <OutPorts = 1>
ST_2 : Operation 45 [1/1] (0.42ns)   --->   "%store_ln119 = store i2 %select_ln119_1, i2 %i" [fft_4k_ssr2_i16_c16_t16.cpp:119]   --->   Operation 45 'store' 'store_ln119' <Predicate = true> <Delay = 0.42>
ST_2 : Operation 46 [1/1] (0.42ns)   --->   "%store_ln121 = store i12 %add_ln121, i12 %k" [fft_4k_ssr2_i16_c16_t16.cpp:121]   --->   Operation 46 'store' 'store_ln121' <Predicate = true> <Delay = 0.42>
ST_2 : Operation 47 [1/1] (0.00ns)   --->   "%br_ln121 = br void %for.inc" [fft_4k_ssr2_i16_c16_t16.cpp:121]   --->   Operation 47 'br' 'br_ln121' <Predicate = true> <Delay = 0.00>


============================================================
+ Verbose Summary: Binding
============================================================
STG Binding: 
---------------- STG Properties BEGIN ----------------
- Is combinational: 0
- Is one-state seq: 0
- Is datapath-only: 0
- Is pipelined: 0
- Is top level: 0
Port [ Return ] is wired: 1; IO mode=ap_ctrl_hs:ce=0
Port [ buff_0_0]:  wired=1; compound=1; hidden=0; nouse=0; global=0; static=0; extern=0; dir=1; type=1; pingpong=0; private_global=0; MemPort=[03]; IO mode=ap_memory:ce=0
Port [ buff_0_1]:  wired=1; compound=1; hidden=0; nouse=0; global=0; static=0; extern=0; dir=1; type=1; pingpong=0; private_global=0; MemPort=[03]; IO mode=ap_memory:ce=0
Port [ buff_1_0]:  wired=1; compound=1; hidden=0; nouse=0; global=0; static=0; extern=0; dir=1; type=1; pingpong=0; private_global=0; MemPort=[03]; IO mode=ap_memory:ce=0
Port [ buff_1_1]:  wired=1; compound=1; hidden=0; nouse=0; global=0; static=0; extern=0; dir=1; type=1; pingpong=0; private_global=0; MemPort=[03]; IO mode=ap_memory:ce=0
Port [ input_stream]:  wired=1; compound=1; hidden=0; nouse=0; global=0; static=0; extern=0; dir=0; type=3; pingpong=0; private_global=0; IO mode=ap_fifo:ce=0
---------------- STG Properties END ------------------

---------------- Datapath Model BEGIN ----------------

<LifeTime>
<method=bitvector/>
k                      (alloca           ) [ 011]
i                      (alloca           ) [ 011]
indvar_flatten         (alloca           ) [ 010]
specinterface_ln0      (specinterface    ) [ 000]
store_ln0              (store            ) [ 000]
store_ln119            (store            ) [ 000]
store_ln121            (store            ) [ 000]
br_ln0                 (br               ) [ 000]
indvar_flatten_load    (load             ) [ 000]
icmp_ln119             (icmp             ) [ 010]
add_ln119_1            (add              ) [ 000]
br_ln119               (br               ) [ 000]
store_ln119            (store            ) [ 000]
k_load                 (load             ) [ 000]
i_load                 (load             ) [ 000]
add_ln119              (add              ) [ 000]
specloopname_ln0       (specloopname     ) [ 000]
speclooptripcount_ln0  (speclooptripcount) [ 000]
tmp                    (bitselect        ) [ 000]
select_ln119           (select           ) [ 000]
select_ln119_1         (select           ) [ 000]
trunc_ln119            (trunc            ) [ 011]
specpipeline_ln121     (specpipeline     ) [ 000]
lshr_ln                (partselect       ) [ 000]
zext_ln121             (zext             ) [ 000]
buff_0_0_addr          (getelementptr    ) [ 000]
buff_0_1_addr          (getelementptr    ) [ 000]
buff_1_0_addr          (getelementptr    ) [ 000]
buff_1_1_addr          (getelementptr    ) [ 000]
input_stream_read      (read             ) [ 000]
trunc_ln124            (trunc            ) [ 000]
p_1_1_0_0_0101_partset (partselect       ) [ 000]
br_ln124               (br               ) [ 000]
store_ln124            (store            ) [ 000]
store_ln125            (store            ) [ 000]
br_ln125               (br               ) [ 000]
store_ln124            (store            ) [ 000]
store_ln125            (store            ) [ 000]
br_ln125               (br               ) [ 000]
add_ln121              (add              ) [ 000]
store_ln119            (store            ) [ 000]
store_ln121            (store            ) [ 000]
br_ln121               (br               ) [ 000]
ret_ln0                (ret              ) [ 000]
</LifeTime>

<model>

<comp_list>
<comp id="0" class="1000" name="buff_0_0">
<pin_list>
<pin id="1" dir="1" index="0" bw="1" slack="0"/>
</pin_list>
<bind>
<StgValue><ssdm name="buff_0_0"/><MemPortTyVec>0 3 </MemPortTyVec>
</StgValue>
</bind>
</comp>

<comp id="2" class="1000" name="buff_0_1">
<pin_list>
<pin id="3" dir="1" index="0" bw="1" slack="0"/>
</pin_list>
<bind>
<StgValue><ssdm name="buff_0_1"/><MemPortTyVec>0 3 </MemPortTyVec>
</StgValue>
</bind>
</comp>

<comp id="4" class="1000" name="buff_1_0">
<pin_list>
<pin id="5" dir="1" index="0" bw="1" slack="0"/>
</pin_list>
<bind>
<StgValue><ssdm name="buff_1_0"/><MemPortTyVec>0 3 </MemPortTyVec>
</StgValue>
</bind>
</comp>

<comp id="6" class="1000" name="buff_1_1">
<pin_list>
<pin id="7" dir="1" index="0" bw="1" slack="0"/>
</pin_list>
<bind>
<StgValue><ssdm name="buff_1_1"/><MemPortTyVec>0 3 </MemPortTyVec>
</StgValue>
</bind>
</comp>

<comp id="8" class="1000" name="input_stream">
<pin_list>
<pin id="9" dir="1" index="0" bw="1" slack="0"/>
</pin_list>
<bind>
<StgValue><ssdm name="input_stream"/></StgValue>
</bind>
</comp>

<comp id="10" class="1001" name="const_10">
<pin_list>
<pin id="11" dir="1" index="0" bw="1" slack="0"/>
</pin_list>
<bind>
<StgValue><ssdm name=""/></StgValue>
</bind>
</comp>

<comp id="12" class="1001" name="const_12">
<pin_list>
<pin id="13" dir="1" index="0" bw="1" slack="2147483647"/>
</pin_list>
<bind>
<StgValue><ssdm name="_ssdm_op_SpecInterface"/></StgValue>
</bind>
</comp>

<comp id="14" class="1001" name="const_14">
<pin_list>
<pin id="15" dir="1" index="0" bw="1" slack="2147483647"/>
</pin_list>
<bind>
<StgValue><ssdm name="empty_8"/></StgValue>
</bind>
</comp>

<comp id="16" class="1001" name="const_16">
<pin_list>
<pin id="17" dir="1" index="0" bw="1" slack="2147483647"/>
</pin_list>
<bind>
<StgValue><ssdm name=""/></StgValue>
</bind>
</comp>

<comp id="18" class="1001" name="const_18">
<pin_list>
<pin id="19" dir="1" index="0" bw="1" slack="2147483647"/>
</pin_list>
<bind>
<StgValue><ssdm name="empty"/></StgValue>
</bind>
</comp>

<comp id="20" class="1001" name="const_20">
<pin_list>
<pin id="21" dir="1" index="0" bw="1" slack="2147483647"/>
</pin_list>
<bind>
<StgValue><ssdm name=""/></StgValue>
</bind>
</comp>

<comp id="22" class="1001" name="const_22">
<pin_list>
<pin id="23" dir="1" index="0" bw="1" slack="0"/>
</pin_list>
<bind>
<StgValue><ssdm name=""/></StgValue>
</bind>
</comp>

<comp id="24" class="1001" name="const_24">
<pin_list>
<pin id="25" dir="1" index="0" bw="1" slack="0"/>
</pin_list>
<bind>
<StgValue><ssdm name=""/></StgValue>
</bind>
</comp>

<comp id="26" class="1001" name="const_26">
<pin_list>
<pin id="27" dir="1" index="0" bw="1" slack="0"/>
</pin_list>
<bind>
<StgValue><ssdm name=""/></StgValue>
</bind>
</comp>

<comp id="28" class="1001" name="const_28">
<pin_list>
<pin id="29" dir="1" index="0" bw="1" slack="0"/>
</pin_list>
<bind>
<StgValue><ssdm name=""/></StgValue>
</bind>
</comp>

<comp id="30" class="1001" name="const_30">
<pin_list>
<pin id="31" dir="1" index="0" bw="1" slack="0"/>
</pin_list>
<bind>
<StgValue><ssdm name=""/></StgValue>
</bind>
</comp>

<comp id="32" class="1001" name="const_32">
<pin_list>
<pin id="33" dir="1" index="0" bw="1" slack="2147483647"/>
</pin_list>
<bind>
<StgValue><ssdm name="_ssdm_op_SpecLoopName"/></StgValue>
</bind>
</comp>

<comp id="34" class="1001" name="const_34">
<pin_list>
<pin id="35" dir="1" index="0" bw="1" slack="2147483647"/>
</pin_list>
<bind>
<StgValue><ssdm name="pipeup_l1_pipeup_l2_str"/></StgValue>
</bind>
</comp>

<comp id="36" class="1001" name="const_36">
<pin_list>
<pin id="37" dir="1" index="0" bw="1" slack="2147483647"/>
</pin_list>
<bind>
<StgValue><ssdm name="_ssdm_op_SpecLoopTripCount"/></StgValue>
</bind>
</comp>

<comp id="38" class="1001" name="const_38">
<pin_list>
<pin id="39" dir="1" index="0" bw="1" slack="2147483647"/>
</pin_list>
<bind>
<StgValue><ssdm name=""/></StgValue>
</bind>
</comp>

<comp id="40" class="1001" name="const_40">
<pin_list>
<pin id="41" dir="1" index="0" bw="1" slack="0"/>
</pin_list>
<bind>
<StgValue><ssdm name="_ssdm_op_BitSelect.i1.i12.i32"/></StgValue>
</bind>
</comp>

<comp id="42" class="1001" name="const_42">
<pin_list>
<pin id="43" dir="1" index="0" bw="1" slack="0"/>
</pin_list>
<bind>
<StgValue><ssdm name=""/></StgValue>
</bind>
</comp>

<comp id="44" class="1001" name="const_44">
<pin_list>
<pin id="45" dir="1" index="0" bw="1" slack="2147483647"/>
</pin_list>
<bind>
<StgValue><ssdm name="_ssdm_op_SpecPipeline"/></StgValue>
</bind>
</comp>

<comp id="46" class="1001" name="const_46">
<pin_list>
<pin id="47" dir="1" index="0" bw="1" slack="0"/>
</pin_list>
<bind>
<StgValue><ssdm name="_ssdm_op_PartSelect.i10.i12.i32.i32"/></StgValue>
</bind>
</comp>

<comp id="48" class="1001" name="const_48">
<pin_list>
<pin id="49" dir="1" index="0" bw="1" slack="0"/>
</pin_list>
<bind>
<StgValue><ssdm name=""/></StgValue>
</bind>
</comp>

<comp id="50" class="1001" name="const_50">
<pin_list>
<pin id="51" dir="1" index="0" bw="1" slack="0"/>
</pin_list>
<bind>
<StgValue><ssdm name=""/></StgValue>
</bind>
</comp>

<comp id="52" class="1001" name="const_52">
<pin_list>
<pin id="53" dir="1" index="0" bw="1" slack="0"/>
</pin_list>
<bind>
<StgValue><ssdm name="_ssdm_op_Read.ap_fifo.volatile.i64P0A"/></StgValue>
</bind>
</comp>

<comp id="54" class="1001" name="const_54">
<pin_list>
<pin id="55" dir="1" index="0" bw="1" slack="0"/>
</pin_list>
<bind>
<StgValue><ssdm name="_ssdm_op_PartSelect.i32.i64.i32.i32"/></StgValue>
</bind>
</comp>

<comp id="56" class="1001" name="const_56">
<pin_list>
<pin id="57" dir="1" index="0" bw="1" slack="0"/>
</pin_list>
<bind>
<StgValue><ssdm name=""/></StgValue>
</bind>
</comp>

<comp id="58" class="1001" name="const_58">
<pin_list>
<pin id="59" dir="1" index="0" bw="1" slack="0"/>
</pin_list>
<bind>
<StgValue><ssdm name=""/></StgValue>
</bind>
</comp>

<comp id="60" class="1001" name="const_60">
<pin_list>
<pin id="61" dir="1" index="0" bw="1" slack="0"/>
</pin_list>
<bind>
<StgValue><ssdm name=""/></StgValue>
</bind>
</comp>

<comp id="62" class="1004" name="k_fu_62">
<pin_list>
<pin id="63" dir="0" index="0" bw="1" slack="0"/>
<pin id="64" dir="1" index="1" bw="12" slack="0"/>
</pin_list>
<bind>
<opcode="alloca(26) " fcode="alloca"/>
<opset="k/1 "/>
</bind>
</comp>

<comp id="66" class="1004" name="i_fu_66">
<pin_list>
<pin id="67" dir="0" index="0" bw="1" slack="0"/>
<pin id="68" dir="1" index="1" bw="2" slack="0"/>
</pin_list>
<bind>
<opcode="alloca(26) " fcode="alloca"/>
<opset="i/1 "/>
</bind>
</comp>

<comp id="70" class="1004" name="indvar_flatten_fu_70">
<pin_list>
<pin id="71" dir="0" index="0" bw="1" slack="0"/>
<pin id="72" dir="1" index="1" bw="12" slack="0"/>
</pin_list>
<bind>
<opcode="alloca(26) " fcode="alloca"/>
<opset="indvar_flatten/1 "/>
</bind>
</comp>

<comp id="74" class="1004" name="input_stream_read_read_fu_74">
<pin_list>
<pin id="75" dir="0" index="0" bw="64" slack="0"/>
<pin id="76" dir="0" index="1" bw="64" slack="0"/>
<pin id="77" dir="1" index="2" bw="64" slack="0"/>
</pin_list>
<bind>
<opcode="read(1150) " fcode="read"/>
<opset="input_stream_read/2 "/>
</bind>
</comp>

<comp id="80" class="1004" name="buff_0_0_addr_gep_fu_80">
<pin_list>
<pin id="81" dir="0" index="0" bw="32" slack="0"/>
<pin id="82" dir="0" index="1" bw="1" slack="0"/>
<pin id="83" dir="0" index="2" bw="10" slack="0"/>
<pin id="84" dir="1" index="3" bw="11" slack="0"/>
</pin_list>
<bind>
<opcode="getelementptr(29) " fcode="getelementptr"/>
<opset="buff_0_0_addr/2 "/>
</bind>
</comp>

<comp id="87" class="1004" name="buff_0_1_addr_gep_fu_87">
<pin_list>
<pin id="88" dir="0" index="0" bw="32" slack="0"/>
<pin id="89" dir="0" index="1" bw="1" slack="0"/>
<pin id="90" dir="0" index="2" bw="10" slack="0"/>
<pin id="91" dir="1" index="3" bw="11" slack="0"/>
</pin_list>
<bind>
<opcode="getelementptr(29) " fcode="getelementptr"/>
<opset="buff_0_1_addr/2 "/>
</bind>
</comp>

<comp id="94" class="1004" name="buff_1_0_addr_gep_fu_94">
<pin_list>
<pin id="95" dir="0" index="0" bw="32" slack="0"/>
<pin id="96" dir="0" index="1" bw="1" slack="0"/>
<pin id="97" dir="0" index="2" bw="10" slack="0"/>
<pin id="98" dir="1" index="3" bw="11" slack="0"/>
</pin_list>
<bind>
<opcode="getelementptr(29) " fcode="getelementptr"/>
<opset="buff_1_0_addr/2 "/>
</bind>
</comp>

<comp id="101" class="1004" name="buff_1_1_addr_gep_fu_101">
<pin_list>
<pin id="102" dir="0" index="0" bw="32" slack="0"/>
<pin id="103" dir="0" index="1" bw="1" slack="0"/>
<pin id="104" dir="0" index="2" bw="10" slack="0"/>
<pin id="105" dir="1" index="3" bw="11" slack="0"/>
</pin_list>
<bind>
<opcode="getelementptr(29) " fcode="getelementptr"/>
<opset="buff_1_1_addr/2 "/>
</bind>
</comp>

<comp id="108" class="1004" name="store_ln124_access_fu_108">
<pin_list>
<pin id="109" dir="0" index="0" bw="11" slack="0"/>
<pin id="110" dir="0" index="1" bw="32" slack="0"/>
<pin id="111" dir="0" index="2" bw="0" slack="2147483647"/>
<pin id="112" dir="1" index="3" bw="32" slack="2147483647"/>
</pin_list>
<bind>
<opcode="store(28) " fcode="store"/>
<opset="store_ln124/2 "/>
</bind>
</comp>

<comp id="114" class="1004" name="store_ln125_access_fu_114">
<pin_list>
<pin id="115" dir="0" index="0" bw="11" slack="0"/>
<pin id="116" dir="0" index="1" bw="32" slack="0"/>
<pin id="117" dir="0" index="2" bw="0" slack="2147483647"/>
<pin id="118" dir="1" index="3" bw="32" slack="2147483647"/>
</pin_list>
<bind>
<opcode="store(28) " fcode="store"/>
<opset="store_ln125/2 "/>
</bind>
</comp>

<comp id="120" class="1004" name="store_ln124_access_fu_120">
<pin_list>
<pin id="121" dir="0" index="0" bw="11" slack="0"/>
<pin id="122" dir="0" index="1" bw="32" slack="0"/>
<pin id="123" dir="0" index="2" bw="0" slack="2147483647"/>
<pin id="124" dir="1" index="3" bw="32" slack="2147483647"/>
</pin_list>
<bind>
<opcode="store(28) " fcode="store"/>
<opset="store_ln124/2 "/>
</bind>
</comp>

<comp id="126" class="1004" name="store_ln125_access_fu_126">
<pin_list>
<pin id="127" dir="0" index="0" bw="11" slack="0"/>
<pin id="128" dir="0" index="1" bw="32" slack="0"/>
<pin id="129" dir="0" index="2" bw="0" slack="2147483647"/>
<pin id="130" dir="1" index="3" bw="32" slack="2147483647"/>
</pin_list>
<bind>
<opcode="store(28) " fcode="store"/>
<opset="store_ln125/2 "/>
</bind>
</comp>

<comp id="132" class="1004" name="store_ln0_store_fu_132">
<pin_list>
<pin id="133" dir="0" index="0" bw="1" slack="0"/>
<pin id="134" dir="0" index="1" bw="12" slack="0"/>
<pin id="135" dir="1" index="2" bw="0" slack="2147483647"/>
</pin_list>
<bind>
<opcode="store(28) " fcode="store"/>
<opset="store_ln0/1 "/>
</bind>
</comp>

<comp id="137" class="1004" name="store_ln119_store_fu_137">
<pin_list>
<pin id="138" dir="0" index="0" bw="1" slack="0"/>
<pin id="139" dir="0" index="1" bw="2" slack="0"/>
<pin id="140" dir="1" index="2" bw="0" slack="2147483647"/>
</pin_list>
<bind>
<opcode="store(28) " fcode="store"/>
<opset="store_ln119/1 "/>
</bind>
</comp>

<comp id="142" class="1004" name="store_ln121_store_fu_142">
<pin_list>
<pin id="143" dir="0" index="0" bw="1" slack="0"/>
<pin id="144" dir="0" index="1" bw="12" slack="0"/>
<pin id="145" dir="1" index="2" bw="0" slack="2147483647"/>
</pin_list>
<bind>
<opcode="store(28) " fcode="store"/>
<opset="store_ln121/1 "/>
</bind>
</comp>

<comp id="147" class="1004" name="indvar_flatten_load_load_fu_147">
<pin_list>
<pin id="148" dir="0" index="0" bw="12" slack="0"/>
<pin id="149" dir="1" index="1" bw="12" slack="0"/>
</pin_list>
<bind>
<opcode="load(27) " fcode="load"/>
<opset="indvar_flatten_load/1 "/>
</bind>
</comp>

<comp id="150" class="1004" name="icmp_ln119_fu_150">
<pin_list>
<pin id="151" dir="0" index="0" bw="12" slack="0"/>
<pin id="152" dir="0" index="1" bw="12" slack="0"/>
<pin id="153" dir="1" index="2" bw="1" slack="2147483647"/>
</pin_list>
<bind>
<opcode="icmp(45) " fcode="icmp"/>
<opset="icmp_ln119/1 "/>
</bind>
</comp>

<comp id="156" class="1004" name="add_ln119_1_fu_156">
<pin_list>
<pin id="157" dir="0" index="0" bw="12" slack="0"/>
<pin id="158" dir="0" index="1" bw="1" slack="0"/>
<pin id="159" dir="1" index="2" bw="12" slack="0"/>
</pin_list>
<bind>
<opcode="add(8) " fcode="add"/>
<opset="add_ln119_1/1 "/>
</bind>
</comp>

<comp id="162" class="1004" name="store_ln119_store_fu_162">
<pin_list>
<pin id="163" dir="0" index="0" bw="12" slack="0"/>
<pin id="164" dir="0" index="1" bw="12" slack="0"/>
<pin id="165" dir="1" index="2" bw="0" slack="2147483647"/>
</pin_list>
<bind>
<opcode="store(28) " fcode="store"/>
<opset="store_ln119/1 "/>
</bind>
</comp>

<comp id="167" class="1004" name="k_load_load_fu_167">
<pin_list>
<pin id="168" dir="0" index="0" bw="12" slack="1"/>
<pin id="169" dir="1" index="1" bw="12" slack="0"/>
</pin_list>
<bind>
<opcode="load(27) " fcode="load"/>
<opset="k_load/2 "/>
</bind>
</comp>

<comp id="170" class="1004" name="i_load_load_fu_170">
<pin_list>
<pin id="171" dir="0" index="0" bw="2" slack="1"/>
<pin id="172" dir="1" index="1" bw="2" slack="0"/>
</pin_list>
<bind>
<opcode="load(27) " fcode="load"/>
<opset="i_load/2 "/>
</bind>
</comp>

<comp id="173" class="1004" name="add_ln119_fu_173">
<pin_list>
<pin id="174" dir="0" index="0" bw="2" slack="0"/>
<pin id="175" dir="0" index="1" bw="1" slack="0"/>
<pin id="176" dir="1" index="2" bw="2" slack="0"/>
</pin_list>
<bind>
<opcode="add(8) " fcode="add"/>
<opset="add_ln119/2 "/>
</bind>
</comp>

<comp id="179" class="1004" name="tmp_fu_179">
<pin_list>
<pin id="180" dir="0" index="0" bw="1" slack="0"/>
<pin id="181" dir="0" index="1" bw="12" slack="0"/>
<pin id="182" dir="0" index="2" bw="5" slack="0"/>
<pin id="183" dir="1" index="3" bw="1" slack="0"/>
</pin_list>
<bind>
<opcode="bitselect(1000) " fcode="bitselect"/>
<opset="tmp/2 "/>
</bind>
</comp>

<comp id="187" class="1004" name="select_ln119_fu_187">
<pin_list>
<pin id="188" dir="0" index="0" bw="1" slack="0"/>
<pin id="189" dir="0" index="1" bw="12" slack="0"/>
<pin id="190" dir="0" index="2" bw="12" slack="0"/>
<pin id="191" dir="1" index="3" bw="12" slack="0"/>
</pin_list>
<bind>
<opcode="select(49) " fcode="select"/>
<opset="select_ln119/2 "/>
</bind>
</comp>

<comp id="195" class="1004" name="select_ln119_1_fu_195">
<pin_list>
<pin id="196" dir="0" index="0" bw="1" slack="0"/>
<pin id="197" dir="0" index="1" bw="2" slack="0"/>
<pin id="198" dir="0" index="2" bw="2" slack="0"/>
<pin id="199" dir="1" index="3" bw="2" slack="0"/>
</pin_list>
<bind>
<opcode="select(49) " fcode="select"/>
<opset="select_ln119_1/2 "/>
</bind>
</comp>

<comp id="203" class="1004" name="trunc_ln119_fu_203">
<pin_list>
<pin id="204" dir="0" index="0" bw="2" slack="0"/>
<pin id="205" dir="1" index="1" bw="1" slack="2147483647"/>
</pin_list>
<bind>
<opcode="trunc(33) " fcode="trunc"/>
<opset="trunc_ln119/2 "/>
</bind>
</comp>

<comp id="207" class="1004" name="lshr_ln_fu_207">
<pin_list>
<pin id="208" dir="0" index="0" bw="10" slack="0"/>
<pin id="209" dir="0" index="1" bw="12" slack="0"/>
<pin id="210" dir="0" index="2" bw="1" slack="0"/>
<pin id="211" dir="0" index="3" bw="5" slack="0"/>
<pin id="212" dir="1" index="4" bw="10" slack="0"/>
</pin_list>
<bind>
<opcode="partselect(1002) " fcode="partselect"/>
<opset="lshr_ln/2 "/>
</bind>
</comp>

<comp id="217" class="1004" name="zext_ln121_fu_217">
<pin_list>
<pin id="218" dir="0" index="0" bw="10" slack="0"/>
<pin id="219" dir="1" index="1" bw="64" slack="0"/>
</pin_list>
<bind>
<opcode="zext(34) " fcode="zext"/>
<opset="zext_ln121/2 "/>
</bind>
</comp>

<comp id="225" class="1004" name="trunc_ln124_fu_225">
<pin_list>
<pin id="226" dir="0" index="0" bw="64" slack="0"/>
<pin id="227" dir="1" index="1" bw="32" slack="0"/>
</pin_list>
<bind>
<opcode="trunc(33) " fcode="trunc"/>
<opset="trunc_ln124/2 "/>
</bind>
</comp>

<comp id="231" class="1004" name="p_1_1_0_0_0101_partset_fu_231">
<pin_list>
<pin id="232" dir="0" index="0" bw="32" slack="0"/>
<pin id="233" dir="0" index="1" bw="64" slack="0"/>
<pin id="234" dir="0" index="2" bw="7" slack="0"/>
<pin id="235" dir="0" index="3" bw="7" slack="0"/>
<pin id="236" dir="1" index="4" bw="32" slack="0"/>
</pin_list>
<bind>
<opcode="partselect(1002) " fcode="partselect"/>
<opset="p_1_1_0_0_0101_partset/2 "/>
</bind>
</comp>

<comp id="243" class="1004" name="add_ln121_fu_243">
<pin_list>
<pin id="244" dir="0" index="0" bw="12" slack="0"/>
<pin id="245" dir="0" index="1" bw="3" slack="0"/>
<pin id="246" dir="1" index="2" bw="12" slack="0"/>
</pin_list>
<bind>
<opcode="add(8) " fcode="add"/>
<opset="add_ln121/2 "/>
</bind>
</comp>

<comp id="249" class="1004" name="store_ln119_store_fu_249">
<pin_list>
<pin id="250" dir="0" index="0" bw="2" slack="0"/>
<pin id="251" dir="0" index="1" bw="2" slack="1"/>
<pin id="252" dir="1" index="2" bw="0" slack="2147483647"/>
</pin_list>
<bind>
<opcode="store(28) " fcode="store"/>
<opset="store_ln119/2 "/>
</bind>
</comp>

<comp id="254" class="1004" name="store_ln121_store_fu_254">
<pin_list>
<pin id="255" dir="0" index="0" bw="12" slack="0"/>
<pin id="256" dir="0" index="1" bw="12" slack="1"/>
<pin id="257" dir="1" index="2" bw="0" slack="2147483647"/>
</pin_list>
<bind>
<opcode="store(28) " fcode="store"/>
<opset="store_ln121/2 "/>
</bind>
</comp>

<comp id="259" class="1005" name="k_reg_259">
<pin_list>
<pin id="260" dir="0" index="0" bw="12" slack="0"/>
<pin id="261" dir="1" index="1" bw="12" slack="0"/>
</pin_list>
<bind>
<opset="k "/>
</bind>
</comp>

<comp id="266" class="1005" name="i_reg_266">
<pin_list>
<pin id="267" dir="0" index="0" bw="2" slack="0"/>
<pin id="268" dir="1" index="1" bw="2" slack="0"/>
</pin_list>
<bind>
<opset="i "/>
</bind>
</comp>

<comp id="273" class="1005" name="indvar_flatten_reg_273">
<pin_list>
<pin id="274" dir="0" index="0" bw="12" slack="0"/>
<pin id="275" dir="1" index="1" bw="12" slack="0"/>
</pin_list>
<bind>
<opset="indvar_flatten "/>
</bind>
</comp>

</comp_list>

<net_list>
<net id="65"><net_src comp="10" pin="0"/><net_sink comp="62" pin=0"/></net>

<net id="69"><net_src comp="10" pin="0"/><net_sink comp="66" pin=0"/></net>

<net id="73"><net_src comp="10" pin="0"/><net_sink comp="70" pin=0"/></net>

<net id="78"><net_src comp="52" pin="0"/><net_sink comp="74" pin=0"/></net>

<net id="79"><net_src comp="8" pin="0"/><net_sink comp="74" pin=1"/></net>

<net id="85"><net_src comp="0" pin="0"/><net_sink comp="80" pin=0"/></net>

<net id="86"><net_src comp="50" pin="0"/><net_sink comp="80" pin=1"/></net>

<net id="92"><net_src comp="2" pin="0"/><net_sink comp="87" pin=0"/></net>

<net id="93"><net_src comp="50" pin="0"/><net_sink comp="87" pin=1"/></net>

<net id="99"><net_src comp="4" pin="0"/><net_sink comp="94" pin=0"/></net>

<net id="100"><net_src comp="50" pin="0"/><net_sink comp="94" pin=1"/></net>

<net id="106"><net_src comp="6" pin="0"/><net_sink comp="101" pin=0"/></net>

<net id="107"><net_src comp="50" pin="0"/><net_sink comp="101" pin=1"/></net>

<net id="113"><net_src comp="80" pin="3"/><net_sink comp="108" pin=0"/></net>

<net id="119"><net_src comp="87" pin="3"/><net_sink comp="114" pin=0"/></net>

<net id="125"><net_src comp="94" pin="3"/><net_sink comp="120" pin=0"/></net>

<net id="131"><net_src comp="101" pin="3"/><net_sink comp="126" pin=0"/></net>

<net id="136"><net_src comp="22" pin="0"/><net_sink comp="132" pin=0"/></net>

<net id="141"><net_src comp="24" pin="0"/><net_sink comp="137" pin=0"/></net>

<net id="146"><net_src comp="22" pin="0"/><net_sink comp="142" pin=0"/></net>

<net id="154"><net_src comp="147" pin="1"/><net_sink comp="150" pin=0"/></net>

<net id="155"><net_src comp="26" pin="0"/><net_sink comp="150" pin=1"/></net>

<net id="160"><net_src comp="147" pin="1"/><net_sink comp="156" pin=0"/></net>

<net id="161"><net_src comp="28" pin="0"/><net_sink comp="156" pin=1"/></net>

<net id="166"><net_src comp="156" pin="2"/><net_sink comp="162" pin=0"/></net>

<net id="177"><net_src comp="170" pin="1"/><net_sink comp="173" pin=0"/></net>

<net id="178"><net_src comp="30" pin="0"/><net_sink comp="173" pin=1"/></net>

<net id="184"><net_src comp="40" pin="0"/><net_sink comp="179" pin=0"/></net>

<net id="185"><net_src comp="167" pin="1"/><net_sink comp="179" pin=1"/></net>

<net id="186"><net_src comp="42" pin="0"/><net_sink comp="179" pin=2"/></net>

<net id="192"><net_src comp="179" pin="3"/><net_sink comp="187" pin=0"/></net>

<net id="193"><net_src comp="22" pin="0"/><net_sink comp="187" pin=1"/></net>

<net id="194"><net_src comp="167" pin="1"/><net_sink comp="187" pin=2"/></net>

<net id="200"><net_src comp="179" pin="3"/><net_sink comp="195" pin=0"/></net>

<net id="201"><net_src comp="173" pin="2"/><net_sink comp="195" pin=1"/></net>

<net id="202"><net_src comp="170" pin="1"/><net_sink comp="195" pin=2"/></net>

<net id="206"><net_src comp="195" pin="3"/><net_sink comp="203" pin=0"/></net>

<net id="213"><net_src comp="46" pin="0"/><net_sink comp="207" pin=0"/></net>

<net id="214"><net_src comp="187" pin="3"/><net_sink comp="207" pin=1"/></net>

<net id="215"><net_src comp="10" pin="0"/><net_sink comp="207" pin=2"/></net>

<net id="216"><net_src comp="48" pin="0"/><net_sink comp="207" pin=3"/></net>

<net id="220"><net_src comp="207" pin="4"/><net_sink comp="217" pin=0"/></net>

<net id="221"><net_src comp="217" pin="1"/><net_sink comp="80" pin=2"/></net>

<net id="222"><net_src comp="217" pin="1"/><net_sink comp="87" pin=2"/></net>

<net id="223"><net_src comp="217" pin="1"/><net_sink comp="94" pin=2"/></net>

<net id="224"><net_src comp="217" pin="1"/><net_sink comp="101" pin=2"/></net>

<net id="228"><net_src comp="74" pin="2"/><net_sink comp="225" pin=0"/></net>

<net id="229"><net_src comp="225" pin="1"/><net_sink comp="108" pin=1"/></net>

<net id="230"><net_src comp="225" pin="1"/><net_sink comp="120" pin=1"/></net>

<net id="237"><net_src comp="54" pin="0"/><net_sink comp="231" pin=0"/></net>

<net id="238"><net_src comp="74" pin="2"/><net_sink comp="231" pin=1"/></net>

<net id="239"><net_src comp="56" pin="0"/><net_sink comp="231" pin=2"/></net>

<net id="240"><net_src comp="58" pin="0"/><net_sink comp="231" pin=3"/></net>

<net id="241"><net_src comp="231" pin="4"/><net_sink comp="114" pin=1"/></net>

<net id="242"><net_src comp="231" pin="4"/><net_sink comp="126" pin=1"/></net>

<net id="247"><net_src comp="187" pin="3"/><net_sink comp="243" pin=0"/></net>

<net id="248"><net_src comp="60" pin="0"/><net_sink comp="243" pin=1"/></net>

<net id="253"><net_src comp="195" pin="3"/><net_sink comp="249" pin=0"/></net>

<net id="258"><net_src comp="243" pin="2"/><net_sink comp="254" pin=0"/></net>

<net id="262"><net_src comp="62" pin="1"/><net_sink comp="259" pin=0"/></net>

<net id="263"><net_src comp="259" pin="1"/><net_sink comp="142" pin=1"/></net>

<net id="264"><net_src comp="259" pin="1"/><net_sink comp="167" pin=0"/></net>

<net id="265"><net_src comp="259" pin="1"/><net_sink comp="254" pin=1"/></net>

<net id="269"><net_src comp="66" pin="1"/><net_sink comp="266" pin=0"/></net>

<net id="270"><net_src comp="266" pin="1"/><net_sink comp="137" pin=1"/></net>

<net id="271"><net_src comp="266" pin="1"/><net_sink comp="170" pin=0"/></net>

<net id="272"><net_src comp="266" pin="1"/><net_sink comp="249" pin=1"/></net>

<net id="276"><net_src comp="70" pin="1"/><net_sink comp="273" pin=0"/></net>

<net id="277"><net_src comp="273" pin="1"/><net_sink comp="132" pin=1"/></net>

<net id="278"><net_src comp="273" pin="1"/><net_sink comp="147" pin=0"/></net>

<net id="279"><net_src comp="273" pin="1"/><net_sink comp="162" pin=1"/></net>

</net_list>

</model> 
---------------- Datapath Model END ------------------

* FSMD analyzer results:
  - Output states:
	Port: buff_0_0 | {2 }
	Port: buff_0_1 | {2 }
	Port: buff_1_0 | {2 }
	Port: buff_1_1 | {2 }
	Port: input_stream | {}
 - Input state : 
	Port: reorder_Pipeline_pipeup_l1_pipeup_l2 : input_stream | {2 }
  - Chain level:
	State 1
		store_ln0 : 1
		store_ln119 : 1
		store_ln121 : 1
		indvar_flatten_load : 1
		icmp_ln119 : 2
		add_ln119_1 : 2
		br_ln119 : 3
		store_ln119 : 3
	State 2
		add_ln119 : 1
		tmp : 1
		select_ln119 : 2
		select_ln119_1 : 2
		trunc_ln119 : 3
		lshr_ln : 3
		zext_ln121 : 4
		buff_0_0_addr : 5
		buff_0_1_addr : 5
		buff_1_0_addr : 5
		buff_1_1_addr : 5
		br_ln124 : 4
		store_ln124 : 6
		store_ln125 : 6
		store_ln124 : 6
		store_ln125 : 6
		add_ln121 : 3
		store_ln119 : 3
		store_ln121 : 4


============================================================
+ Verbose Summary: Datapath Resource usage 
============================================================

* Functional unit list:
|----------|-------------------------------|---------|---------|
| Operation|        Functional Unit        |    FF   |   LUT   |
|----------|-------------------------------|---------|---------|
|          |       add_ln119_1_fu_156      |    0    |    19   |
|    add   |        add_ln119_fu_173       |    0    |    9    |
|          |        add_ln121_fu_243       |    0    |    19   |
|----------|-------------------------------|---------|---------|
|   icmp   |       icmp_ln119_fu_150       |    0    |    19   |
|----------|-------------------------------|---------|---------|
|  select  |      select_ln119_fu_187      |    0    |    11   |
|          |     select_ln119_1_fu_195     |    0    |    2    |
|----------|-------------------------------|---------|---------|
|   read   |  input_stream_read_read_fu_74 |    0    |    0    |
|----------|-------------------------------|---------|---------|
| bitselect|           tmp_fu_179          |    0    |    0    |
|----------|-------------------------------|---------|---------|
|   trunc  |       trunc_ln119_fu_203      |    0    |    0    |
|          |       trunc_ln124_fu_225      |    0    |    0    |
|----------|-------------------------------|---------|---------|
|partselect|         lshr_ln_fu_207        |    0    |    0    |
|          | p_1_1_0_0_0101_partset_fu_231 |    0    |    0    |
|----------|-------------------------------|---------|---------|
|   zext   |       zext_ln121_fu_217       |    0    |    0    |
|----------|-------------------------------|---------|---------|
|   Total  |                               |    0    |    79   |
|----------|-------------------------------|---------|---------|

Memories:
N/A

* Register list:
+----------------------+--------+
|                      |   FF   |
+----------------------+--------+
|       i_reg_266      |    2   |
|indvar_flatten_reg_273|   12   |
|       k_reg_259      |   12   |
+----------------------+--------+
|         Total        |   26   |
+----------------------+--------+

* Multiplexer (MUX) list: 
|--------|------|------|------|--------|
|  Comp  |  Pin | Size |  BW  | S x BW |
|--------|------|------|------|--------|
|  Total |      |      |      |    0   |
|--------|------|------|------|--------|



* Summary:
+-----------+--------+--------+
|           |   FF   |   LUT  |
+-----------+--------+--------+
|  Function |    0   |   79   |
|   Memory  |    -   |    -   |
|Multiplexer|    -   |    -   |
|  Register |   26   |    -   |
+-----------+--------+--------+
|   Total   |   26   |   79   |
+-----------+--------+--------+
