

================================================================
== Vitis HLS Report for 'reorder_Pipeline_pipeup_l1_pipeup_l2'
================================================================
* Date:           Mon Mar  9 10:31:57 2026

* Version:        2023.2 (Build 4023990 on Oct 11 2023)
* Project:        hls_project
* Solution:       solution1 (Vivado IP Flow Target)
* Product family: zynquplus
* Target device:  xck26-sfvc784-2LV-c


================================================================
== Performance Estimates
================================================================
+ Timing: 
    * Summary: 
    +--------+---------+----------+------------+
    |  Clock |  Target | Estimated| Uncertainty|
    +--------+---------+----------+------------+
    |ap_clk  |  0.20 us|  3.075 ns|    54.00 ns|
    +--------+---------+----------+------------+

+ Latency: 
    * Summary: 
    +---------+---------+----------+----------+------+------+---------+
    |  Latency (cycles) |  Latency (absolute) |   Interval  | Pipeline|
    |   min   |   max   |    min   |    max   |  min |  max |   Type  |
    +---------+---------+----------+----------+------+------+---------+
    |     2050|     2050|  0.410 ms|  0.410 ms|  2050|  2050|       no|
    +---------+---------+----------+----------+------+------+---------+

    + Detail: 
        * Instance: 
        N/A

        * Loop: 
        +-----------------------+---------+---------+----------+-----------+-----------+------+----------+
        |                       |  Latency (cycles) | Iteration|  Initiation Interval  | Trip |          |
        |       Loop Name       |   min   |   max   |  Latency |  achieved |   target  | Count| Pipelined|
        +-----------------------+---------+---------+----------+-----------+-----------+------+----------+
        |- pipeup_l1_pipeup_l2  |     2048|     2048|         2|          1|          1|  2048|       yes|
        +-----------------------+---------+---------+----------+-----------+-----------+------+----------+

============================================================
+ Verbose Summary: Synthesis Manager
============================================================
InlineROM: 1
ExposeGlobal: 0
============================================================
+ Verbose Summary: CDFG Model
============================================================
IsTopModel: 0
ResetActiveHigh: 1
IsCombinational: 0
IsDatapathOnly: 0
HasWiredReturn: 1
HasMFsm: 2
HasVarLatency: 1
IsPipeline: 0
IsRtlPipelined: 0
IsInstanceOverlapped: 0
IsDontTouch: 0
HasImplIP: 0
IsGatedGlobalClock: 0

+ Individual pipeline summary: 
  * Pipeline-0: initiation interval (II) = 1, depth = 2


============================================================
+ Verbose Summary: Schedule
============================================================
* Number of FSM states : 2
* Pipeline : 1
  Pipeline-0 : II = 1, D = 2, States = { 1 2 }
* Dataflow Pipeline: 0

* FSM state transitions: 
1 --> 2 
2 --> 

* FSM state operations: 

State 1 <SV = 0> <Delay = 1.66>
ST_1 : Operation 5 [1/1] (0.00ns)   --->   "%k = alloca i32 1" [fft_4k_ssr2_i16_c16_t16.cpp:121]   --->   Operation 5 'alloca' 'k' <Predicate = true> <Delay = 0.00>
ST_1 : Operation 6 [1/1] (0.00ns)   --->   "%i = alloca i32 1" [fft_4k_ssr2_i16_c16_t16.cpp:119]   --->   Operation 6 'alloca' 'i' <Predicate = true> <Delay = 0.00>
ST_1 : Operation 7 [1/1] (0.00ns)   --->   "%indvar_flatten = alloca i32 1"   --->   Operation 7 'alloca' 'indvar_flatten' <Predicate = true> <Delay = 0.00>
ST_1 : Operation 8 [1/1] (0.00ns)   --->   "%specinterface_ln0 = specinterface void @_ssdm_op_SpecInterface, i64 %input_stream, void @empty_8, i32 0, i32 0, void @empty, i32 0, i32 0, void @empty, void @empty, void @empty, i32 0, i32 0, i32 0, i32 0, void @empty, void @empty, i32 4294967295, i32 0"   --->   Operation 8 'specinterface' 'specinterface_ln0' <Predicate = true> <Delay = 0.00>
ST_1 : Operation 9 [1/1] (0.42ns)   --->   "%store_ln0 = store i12 0, i12 %indvar_flatten"   --->   Operation 9 'store' 'store_ln0' <Predicate = true> <Delay = 0.42>
ST_1 : Operation 10 [1/1] (0.42ns)   --->   "%store_ln119 = store i2 0, i2 %i" [fft_4k_ssr2_i16_c16_t16.cpp:119]   --->   Operation 10 'store' 'store_ln119' <Predicate = true> <Delay = 0.42>
ST_1 : Operation 11 [1/1] (0.42ns)   --->   "%store_ln121 = store i12 0, i12 %k" [fft_4k_ssr2_i16_c16_t16.cpp:121]   --->   Operation 11 'store' 'store_ln121' <Predicate = true> <Delay = 0.42>
ST_1 : Operation 12 [1/1] (0.00ns)   --->   "%br_ln0 = br void %for.inc"   --->   Operation 12 'br' 'br_ln0' <Predicate = true> <Delay = 0.00>
ST_1 : Operation 13 [1/1] (0.00ns)   --->   "%indvar_flatten_load = load i12 %indvar_flatten" [fft_4k_ssr2_i16_c16_t16.cpp:119]   --->   Operation 13 'load' 'indvar_flatten_load' <Predicate = true> <Delay = 0.00>
ST_1 : Operation 14 [1/1] (0.80ns)   --->   "%icmp_ln119 = icmp_eq  i12 %indvar_flatten_load, i12 2048" [fft_4k_ssr2_i16_c16_t16.cpp:119]   --->   Operation 14 'icmp' 'icmp_ln119' <Predicate = true> <Delay = 0.80> <CoreInst = "Cmp">   --->   Core 9 'Cmp' <Latency = 0> <II = 1> <Delay = 0.80> <FuncUnit> <Opcode : 'icmp'> <InPorts = 2> <OutPorts = 1>
ST_1 : Operation 15 [1/1] (0.80ns)   --->   "%add_ln119_1 = add i12 %indvar_flatten_load, i12 1" [fft_4k_ssr2_i16_c16_t16.cpp:119]   --->   Operation 15 'add' 'add_ln119_1' <Predicate = true> <Delay = 0.80> <CoreInst = "Adder">   --->   Core 1 'Adder' <Latency = 0> <II = 1> <Delay = 0.80> <FuncUnit> <Opcode : 'add' 'sub'> <InPorts = 2> <OutPorts = 1>
ST_1 : Operation 16 [1/1] (0.00ns)   --->   "%br_ln119 = br i1 %icmp_ln119, void %for.inc14, void %iter_loop.exitStub" [fft_4k_ssr2_i16_c16_t16.cpp:119]   --->   Operation 16 'br' 'br_ln119' <Predicate = true> <Delay = 0.00>
ST_1 : Operation 17 [1/1] (0.42ns)   --->   "%store_ln119 = store i12 %add_ln119_1, i12 %indvar_flatten" [fft_4k_ssr2_i16_c16_t16.cpp:119]   --->   Operation 17 'store' 'store_ln119' <Predicate = (!icmp_ln119)> <Delay = 0.42>
ST_1 : Operation 48 [1/1] (0.00ns)   --->   "%ret_ln0 = ret"   --->   Operation 48 'ret' 'ret_ln0' <Predicate = (icmp_ln119)> <Delay = 0.00>

State 2 <SV = 1> <Delay = 3.07>
ST_2 : Operation 18 [1/1] (0.00ns)   --->   "%k_load = load i12 %k" [fft_4k_ssr2_i16_c16_t16.cpp:119]   --->   Operation 18 'load' 'k_load' <Predicate = true> <Delay = 0.00>
ST_2 : Operation 19 [1/1] (0.00ns)   --->   "%i_load = load i2 %i" [fft_4k_ssr2_i16_c16_t16.cpp:119]   --->   Operation 19 'load' 'i_load' <Predicate = true> <Delay = 0.00>
ST_2 : Operation 20 [1/1] (0.54ns)   --->   "%add_ln119 = add i2 %i_load, i2 1" [fft_4k_ssr2_i16_c16_t16.cpp:119]   --->   Operation 20 'add' 'add_ln119' <Predicate = true> <Delay = 0.54> <CoreInst = "Adder">   --->   Core 1 'Adder' <Latency = 0> <II = 1> <Delay = 0.54> <FuncUnit> <Opcode : 'add' 'sub'> <InPorts = 2> <OutPorts = 1>
ST_2 : Operation 21 [1/1] (0.00ns)   --->   "%specloopname_ln0 = specloopname void @_ssdm_op_SpecLoopName, void @pipeup_l1_pipeup_l2_str"   --->   Operation 21 'specloopname' 'specloopname_ln0' <Predicate = true> <Delay = 0.00>
ST_2 : Operation 22 [1/1] (0.00ns)   --->   "%speclooptripcount_ln0 = speclooptripcount void @_ssdm_op_SpecLoopTripCount, i64 2048, i64 2048, i64 2048"   --->   Operation 22 'speclooptripcount' 'speclooptripcount_ln0' <Predicate = true> <Delay = 0.00>
ST_2 : Operation 23 [1/1] (0.00ns)   --->   "%tmp = bitselect i1 @_ssdm_op_BitSelect.i1.i12.i32, i12 %k_load, i32 11" [fft_4k_ssr2_i16_c16_t16.cpp:121]   --->   Operation 23 'bitselect' 'tmp' <Predicate = true> <Delay = 0.00>
ST_2 : Operation 24 [1/1] (0.37ns)   --->   "%select_ln119 = select i1 %tmp, i12 0, i12 %k_load" [fft_4k_ssr2_i16_c16_t16.cpp:119]   --->   Operation 24 'select' 'select_ln119' <Predicate = true> <Delay = 0.37> <CoreInst = "Sel">   --->   Core 73 'Sel' <Latency = 0> <II = 1> <Delay = 0.37> <FuncUnit> <Opcode : 'select'> <InPorts = 3> <OutPorts = 1>
ST_2 : Operation 25 [1/1] (0.17ns)   --->   "%select_ln119_1 = select i1 %tmp, i2 %add_ln119, i2 %i_load" [fft_4k_ssr2_i16_c16_t16.cpp:119]   --->   Operation 25 'select' 'select_ln119_1' <Predicate = true> <Delay = 0.17> <CoreInst = "Sel">   --->   Core 73 'Sel' <Latency = 0> <II = 1> <Delay = 0.17> <FuncUnit> <Opcode : 'select'> <InPorts = 3> <OutPorts = 1>
ST_2 : Operation 26 [1/1] (0.00ns)   --->   "%trunc_ln119 = trunc i2 %select_ln119_1" [fft_4k_ssr2_i16_c16_t16.cpp:119]   --->   Operation 26 'trunc' 'trunc_ln119' <Predicate = true> <Delay = 0.00>
ST_2 : Operation 27 [1/1] (0.00ns)   --->   "%specpipeline_ln121 = specpipeline void @_ssdm_op_SpecPipeline, i32 4294967295, i32 0, i32 0, i32 0, void @empty" [fft_4k_ssr2_i16_c16_t16.cpp:121]   --->   Operation 27 'specpipeline' 'specpipeline_ln121' <Predicate = true> <Delay = 0.00>
ST_2 : Operation 28 [1/1] (0.00ns)   --->   "%lshr_ln = partselect i10 @_ssdm_op_PartSelect.i10.i12.i32.i32, i12 %select_ln119, i32 1, i32 10" [fft_4k_ssr2_i16_c16_t16.cpp:121]   --->   Operation 28 'partselect' 'lshr_ln' <Predicate = true> <Delay = 0.00>
ST_2 : Operation 29 [1/1] (0.00ns)   --->   "%zext_ln121 = zext i10 %lshr_ln" [fft_4k_ssr2_i16_c16_t16.cpp:121]   --->   Operation 29 'zext' 'zext_ln121' <Predicate = true> <Delay = 0.00>
ST_2 : Operation 30 [1/1] (0.00ns)   --->   "%buff_0_0_addr = getelementptr i32 %buff_0_0, i64 0, i64 %zext_ln121" [fft_4k_ssr2_i16_c16_t16.cpp:124]   --->   Operation 30 'getelementptr' 'buff_0_0_addr' <Predicate = true> <Delay = 0.00>
ST_2 : Operation 31 [1/1] (0.00ns)   --->   "%buff_0_1_addr = getelementptr i32 %buff_0_1, i64 0, i64 %zext_ln121" [fft_4k_ssr2_i16_c16_t16.cpp:125]   --->   Operation 31 'getelementptr' 'buff_0_1_addr' <Predicate = true> <Delay = 0.00>
ST_2 : Operation 32 [1/1] (0.00ns)   --->   "%buff_1_0_addr = getelementptr i32 %buff_1_0, i64 0, i64 %zext_ln121" [fft_4k_ssr2_i16_c16_t16.cpp:124]   --->   Operation 32 'getelementptr' 'buff_1_0_addr' <Predicate = true> <Delay = 0.00>
ST_2 : Operation 33 [1/1] (0.00ns)   --->   "%buff_1_1_addr = getelementptr i32 %buff_1_1, i64 0, i64 %zext_ln121" [fft_4k_ssr2_i16_c16_t16.cpp:125]   --->   Operation 33 'getelementptr' 'buff_1_1_addr' <Predicate = true> <Delay = 0.00>
ST_2 : Operation 34 [1/1] (1.83ns)   --->   "%input_stream_read = read i64 @_ssdm_op_Read.ap_fifo.volatile.i64P0A, i64 %input_stream" [fft_4k_ssr2_i16_c16_t16.cpp:123]   --->   Operation 34 'read' 'input_stream_read' <Predicate = true> <Delay = 1.83> <CoreInst = "FIFO_SRL">   --->   Core 81 'FIFO_SRL' <Latency = 0> <II = 1> <Delay = 1.83> <Storage> <Opcode : 'read' 'write' 'nbread' 'nbwrite'> <Ports = 0> <Width = 64> <Depth = 2> <FIFO>
ST_2 : Operation 35 [1/1] (0.00ns)   --->   "%trunc_ln124 = trunc i64 %input_stream_read" [fft_4k_ssr2_i16_c16_t16.cpp:124]   --->   Operation 35 'trunc' 'trunc_ln124' <Predicate = true> <Delay = 0.00>
ST_2 : Operation 36 [1/1] (0.00ns)   --->   "%p_1_1_0_0_0101_partset = partselect i32 @_ssdm_op_PartSelect.i32.i64.i32.i32, i64 %input_stream_read, i32 32, i32 63" [fft_4k_ssr2_i16_c16_t16.cpp:125]   --->   Operation 36 'partselect' 'p_1_1_0_0_0101_partset' <Predicate = true> <Delay = 0.00>
ST_2 : Operation 37 [1/1] (0.00ns)   --->   "%br_ln124 = br i1 %trunc_ln119, void %arrayidx1212.1.0.0.0140.case.0, void %arrayidx1212.1.0.0.0140.case.1" [fft_4k_ssr2_i16_c16_t16.cpp:124]   --->   Operation 37 'br' 'br_ln124' <Predicate = true> <Delay = 0.00>
ST_2 : Operation 38 [1/1] (1.23ns)   --->   "%store_ln124 = store i32 %trunc_ln124, i11 %buff_0_0_addr" [fft_4k_ssr2_i16_c16_t16.cpp:124]   --->   Operation 38 'store' 'store_ln124' <Predicate = (!trunc_ln119)> <Delay = 1.23> <CoreInst = "RAM">   --->   Core 83 'RAM' <Latency = 1> <II = 1> <Delay = 1.23> <Storage> <Opcode : 'load' 'store'> <Ports = 2> <Width = 32> <Depth = 2048> <RAM>
ST_2 : Operation 39 [1/1] (1.23ns)   --->   "%store_ln125 = store i32 %p_1_1_0_0_0101_partset, i11 %buff_0_1_addr" [fft_4k_ssr2_i16_c16_t16.cpp:125]   --->   Operation 39 'store' 'store_ln125' <Predicate = (!trunc_ln119)> <Delay = 1.23> <CoreInst = "RAM">   --->   Core 83 'RAM' <Latency = 1> <II = 1> <Delay = 1.23> <Storage> <Opcode : 'load' 'store'> <Ports = 2> <Width = 32> <Depth = 2048> <RAM>
ST_2 : Operation 40 [1/1] (0.00ns)   --->   "%br_ln125 = br void %arrayidx1212.1.0.0.0140.exit" [fft_4k_ssr2_i16_c16_t16.cpp:125]   --->   Operation 40 'br' 'br_ln125' <Predicate = (!trunc_ln119)> <Delay = 0.00>
ST_2 : Operation 41 [1/1] (1.23ns)   --->   "%store_ln124 = store i32 %trunc_ln124, i11 %buff_1_0_addr" [fft_4k_ssr2_i16_c16_t16.cpp:124]   --->   Operation 41 'store' 'store_ln124' <Predicate = (trunc_ln119)> <Delay = 1.23> <CoreInst = "RAM">   --->   Core 83 'RAM' <Latency = 1> <II = 1> <Delay = 1.23> <Storage> <Opcode : 'load' 'store'> <Ports = 2> <Width = 32> <Depth = 2048> <RAM>
ST_2 : Operation 42 [1/1] (1.23ns)   --->   "%store_ln125 = store i32 %p_1_1_0_0_0101_partset, i11 %buff_1_1_addr" [fft_4k_ssr2_i16_c16_t16.cpp:125]   --->   Operation 42 'store' 'store_ln125' <Predicate = (trunc_ln119)> <Delay = 1.23> <CoreInst = "RAM">   --->   Core 83 'RAM' <Latency = 1> <II = 1> <Delay = 1.23> <Storage> <Opcode : 'load' 'store'> <Ports = 2> <Width = 32> <Depth = 2048> <RAM>
ST_2 : Operation 43 [1/1] (0.00ns)   --->   "%br_ln125 = br void %arrayidx1212.1.0.0.0140.exit" [fft_4k_ssr2_i16_c16_t16.cpp:125]   --->   Operation 43 'br' 'br_ln125' <Predicate = (trunc_ln119)> <Delay = 0.00>
ST_2 : Operation 44 [1/1] (0.80ns)   --->   "%add_ln121 = add i12 %select_ln119, i12 2" [fft_4k_ssr2_i16_c16_t16.cpp:121]   --->   Operation 44 'add' 'add_ln121' <Predicate = true> <Delay = 0.80> <CoreInst = "Adder">   --->   Core 1 'Adder' <Latency = 0> <II = 1> <Delay = 0.80> <FuncUnit> <Opcode : 'add' 'sub'> <InPorts = 2> <OutPorts = 1>
ST_2 : Operation 45 [1/1] (0.42ns)   --->   "%store_ln119 = store i2 %select_ln119_1, i2 %i" [fft_4k_ssr2_i16_c16_t16.cpp:119]   --->   Operation 45 'store' 'store_ln119' <Predicate = true> <Delay = 0.42>
ST_2 : Operation 46 [1/1] (0.42ns)   --->   "%store_ln121 = store i12 %add_ln121, i12 %k" [fft_4k_ssr2_i16_c16_t16.cpp:121]   --->   Operation 46 'store' 'store_ln121' <Predicate = true> <Delay = 0.42>
ST_2 : Operation 47 [1/1] (0.00ns)   --->   "%br_ln121 = br void %for.inc" [fft_4k_ssr2_i16_c16_t16.cpp:121]   --->   Operation 47 'br' 'br_ln121' <Predicate = true> <Delay = 0.00>


============================================================
+ Verbose Summary: Timing violations
============================================================
Target clock period: 200.000ns, clock uncertainty: 54.000ns.

 <State 1>: 1.663ns
The critical path consists of the following:
	'store' operation 0 bit ('store_ln0') of constant 0 on local variable 'indvar_flatten' [10]  (0.427 ns)
	'load' operation 12 bit ('indvar_flatten_load', fft_4k_ssr2_i16_c16_t16.cpp:119) on local variable 'indvar_flatten' [15]  (0.000 ns)
	'icmp' operation 1 bit ('icmp_ln119', fft_4k_ssr2_i16_c16_t16.cpp:119) [16]  (0.809 ns)
	'store' operation 0 bit ('store_ln119', fft_4k_ssr2_i16_c16_t16.cpp:119) of variable 'add_ln119_1', fft_4k_ssr2_i16_c16_t16.cpp:119 on local variable 'indvar_flatten' [50]  (0.427 ns)

 <State 2>: 3.075ns
The critical path consists of the following:
	fifo read operation ('input_stream_read', fft_4k_ssr2_i16_c16_t16.cpp:123) on port 'input_stream' (fft_4k_ssr2_i16_c16_t16.cpp:123) [36]  (1.838 ns)
	'store' operation 0 bit ('store_ln124', fft_4k_ssr2_i16_c16_t16.cpp:124) of variable 'trunc_ln124', fft_4k_ssr2_i16_c16_t16.cpp:124 on array 'buff_1_0' [45]  (1.237 ns)


============================================================
+ Verbose Summary: Binding
============================================================
N/A
* FSMD analyzer results:
  - Output states:
 - Input state : 
  - Chain level:
	State 1
	State 2


============================================================
+ Verbose Summary: Datapath Resource usage 
============================================================
N/A
