

================================================================
== Vitis HLS Report for 'twiddle_Pipeline_VITIS_LOOP_264_1_VITIS_LOOP_267_2'
================================================================
* Date:           Mon Mar  9 10:31:57 2026

* Version:        2023.2 (Build 4023990 on Oct 11 2023)
* Project:        hls_project
* Solution:       solution1 (Vivado IP Flow Target)
* Product family: zynquplus
* Target device:  xck26-sfvc784-2LV-c


================================================================
== Performance Estimates
================================================================
+ Timing: 
    * Summary: 
    +--------+---------+----------+------------+
    |  Clock |  Target | Estimated| Uncertainty|
    +--------+---------+----------+------------+
    |ap_clk  |  0.20 us|  4.218 ns|    54.00 ns|
    +--------+---------+----------+------------+

+ Latency: 
    * Summary: 
    +---------+---------+----------+----------+-----+------+---------+
    |  Latency (cycles) |  Latency (absolute) |  Interval  | Pipeline|
    |   min   |   max   |    min   |    max   | min |  max |   Type  |
    +---------+---------+----------+----------+-----+------+---------+
    |        2|     4102|  0.400 us|  0.820 ms|    2|  4102|       no|
    +---------+---------+----------+----------+-----+------+---------+

    + Detail: 
        * Instance: 
        +-----------------------------+------------------+---------+---------+----------+----------+-----+-----+---------+
        |                             |                  |  Latency (cycles) |  Latency (absolute) |  Interval | Pipeline|
        |           Instance          |      Module      |   min   |   max   |    min   |    max   | min | max |   Type  |
        +-----------------------------+------------------+---------+---------+----------+----------+-----+-----+---------+
        |grp_get_phase_factor_fu_106  |get_phase_factor  |        1|        1|  0.200 us|  0.200 us|    1|    1|      yes|
        +-----------------------------+------------------+---------+---------+----------+----------+-----+-----+---------+

        * Loop: 
        +-------------------------------------+---------+---------+----------+-----------+-----------+----------+----------+
        |                                     |  Latency (cycles) | Iteration|  Initiation Interval  |   Trip   |          |
        |              Loop Name              |   min   |   max   |  Latency |  achieved |   target  |   Count  | Pipelined|
        +-------------------------------------+---------+---------+----------+-----------+-----------+----------+----------+
        |- VITIS_LOOP_264_1_VITIS_LOOP_267_2  |        0|     4100|         6|          1|          1|  0 ~ 4096|       yes|
        +-------------------------------------+---------+---------+----------+-----------+-----------+----------+----------+

============================================================
+ Verbose Summary: Synthesis Manager
============================================================
InlineROM: 1
ExposeGlobal: 0
============================================================
+ Verbose Summary: CDFG Model
============================================================
IsTopModel: 0
ResetActiveHigh: 1
IsCombinational: 0
IsDatapathOnly: 0
HasWiredReturn: 1
HasMFsm: 2
HasVarLatency: 1
IsPipeline: 0
IsRtlPipelined: 0
IsInstanceOverlapped: 0
IsDontTouch: 0
HasImplIP: 0
IsGatedGlobalClock: 0

+ Individual pipeline summary: 
  * Pipeline-0: initiation interval (II) = 1, depth = 7


============================================================
+ Verbose Summary: Schedule
============================================================
* Number of FSM states : 7
* Pipeline : 1
  Pipeline-0 : II = 1, D = 7, States = { 1 2 3 4 5 6 7 }
* Dataflow Pipeline: 0

* FSM state transitions: 
1 --> 2 
2 --> 3 
3 --> 4 
4 --> 5 
5 --> 6 
6 --> 7 
7 --> 

* FSM state operations: 

State 1 <SV = 0> <Delay = 0.42>
ST_1 : Operation 9 [1/1] (0.00ns)   --->   "%i = alloca i32 1" [fft_4k_ssr2_i16_c16_t16.cpp:267]   --->   Operation 9 'alloca' 'i' <Predicate = true> <Delay = 0.00>
ST_1 : Operation 10 [1/1] (0.00ns)   --->   "%indvar_flatten = alloca i32 1"   --->   Operation 10 'alloca' 'indvar_flatten' <Predicate = true> <Delay = 0.00>
ST_1 : Operation 11 [1/1] (0.00ns)   --->   "%specinterface_ln0 = specinterface void @_ssdm_op_SpecInterface, i64 %fft1_out, void @empty_8, i32 0, i32 0, void @empty, i32 0, i32 0, void @empty, void @empty, void @empty, i32 0, i32 0, i32 0, i32 0, void @empty, void @empty, i32 4294967295, i32 0"   --->   Operation 11 'specinterface' 'specinterface_ln0' <Predicate = true> <Delay = 0.00>
ST_1 : Operation 12 [1/1] (0.00ns)   --->   "%specinterface_ln0 = specinterface void @_ssdm_op_SpecInterface, i32 %twiddle_out0, void @empty_8, i32 0, i32 0, void @empty, i32 0, i32 0, void @empty, void @empty, void @empty, i32 0, i32 0, i32 0, i32 0, void @empty, void @empty, i32 4294967295, i32 0"   --->   Operation 12 'specinterface' 'specinterface_ln0' <Predicate = true> <Delay = 0.00>
ST_1 : Operation 13 [1/1] (0.00ns)   --->   "%specinterface_ln0 = specinterface void @_ssdm_op_SpecInterface, i32 %twiddle_out1, void @empty_8, i32 0, i32 0, void @empty, i32 0, i32 0, void @empty, void @empty, void @empty, i32 0, i32 0, i32 0, i32 0, void @empty, void @empty, i32 4294967295, i32 0"   --->   Operation 13 'specinterface' 'specinterface_ln0' <Predicate = true> <Delay = 0.00>
ST_1 : Operation 14 [1/1] (0.00ns)   --->   "%bound_read = read i43 @_ssdm_op_Read.ap_auto.i43, i43 %bound"   --->   Operation 14 'read' 'bound_read' <Predicate = true> <Delay = 0.00>
ST_1 : Operation 15 [1/1] (0.42ns)   --->   "%store_ln0 = store i43 0, i43 %indvar_flatten"   --->   Operation 15 'store' 'store_ln0' <Predicate = true> <Delay = 0.42>
ST_1 : Operation 16 [1/1] (0.42ns)   --->   "%store_ln267 = store i12 0, i12 %i" [fft_4k_ssr2_i16_c16_t16.cpp:267]   --->   Operation 16 'store' 'store_ln267' <Predicate = true> <Delay = 0.42>
ST_1 : Operation 17 [1/1] (0.00ns)   --->   "%br_ln0 = br void %for.inc"   --->   Operation 17 'br' 'br_ln0' <Predicate = true> <Delay = 0.00>

State 2 <SV = 1> <Delay = 1.48>
ST_2 : Operation 18 [1/1] (0.00ns)   --->   "%indvar_flatten_load = load i43 %indvar_flatten" [fft_4k_ssr2_i16_c16_t16.cpp:264]   --->   Operation 18 'load' 'indvar_flatten_load' <Predicate = true> <Delay = 0.00>
ST_2 : Operation 19 [1/1] (1.05ns)   --->   "%icmp_ln264 = icmp_eq  i43 %indvar_flatten_load, i43 %bound_read" [fft_4k_ssr2_i16_c16_t16.cpp:264]   --->   Operation 19 'icmp' 'icmp_ln264' <Predicate = true> <Delay = 1.05> <CoreInst = "Cmp">   --->   Core 9 'Cmp' <Latency = 0> <II = 1> <Delay = 1.05> <FuncUnit> <Opcode : 'icmp'> <InPorts = 2> <OutPorts = 1>
ST_2 : Operation 20 [1/1] (1.05ns)   --->   "%add_ln264 = add i43 %indvar_flatten_load, i43 1" [fft_4k_ssr2_i16_c16_t16.cpp:264]   --->   Operation 20 'add' 'add_ln264' <Predicate = true> <Delay = 1.05> <CoreInst = "Adder">   --->   Core 1 'Adder' <Latency = 0> <II = 1> <Delay = 1.05> <FuncUnit> <Opcode : 'add' 'sub'> <InPorts = 2> <OutPorts = 1>
ST_2 : Operation 21 [1/1] (0.00ns)   --->   "%br_ln264 = br i1 %icmp_ln264, void %for.inc7, void %for.end9.loopexit.exitStub" [fft_4k_ssr2_i16_c16_t16.cpp:264]   --->   Operation 21 'br' 'br_ln264' <Predicate = true> <Delay = 0.00>
ST_2 : Operation 22 [1/1] (0.42ns)   --->   "%store_ln264 = store i43 %add_ln264, i43 %indvar_flatten" [fft_4k_ssr2_i16_c16_t16.cpp:264]   --->   Operation 22 'store' 'store_ln264' <Predicate = (!icmp_ln264)> <Delay = 0.42>

State 3 <SV = 2> <Delay = 2.42>
ST_3 : Operation 23 [1/1] (0.00ns)   --->   "%i_load = load i12 %i" [fft_4k_ssr2_i16_c16_t16.cpp:267]   --->   Operation 23 'load' 'i_load' <Predicate = true> <Delay = 0.00>
ST_3 : Operation 24 [1/1] (0.80ns)   --->   "%icmp_ln267 = icmp_eq  i12 %i_load, i12 2048" [fft_4k_ssr2_i16_c16_t16.cpp:267]   --->   Operation 24 'icmp' 'icmp_ln267' <Predicate = true> <Delay = 0.80> <CoreInst = "Cmp">   --->   Core 9 'Cmp' <Latency = 0> <II = 1> <Delay = 0.80> <FuncUnit> <Opcode : 'icmp'> <InPorts = 2> <OutPorts = 1>
ST_3 : Operation 25 [1/1] (0.37ns)   --->   "%select_ln264 = select i1 %icmp_ln267, i12 0, i12 %i_load" [fft_4k_ssr2_i16_c16_t16.cpp:264]   --->   Operation 25 'select' 'select_ln264' <Predicate = true> <Delay = 0.37> <CoreInst = "Sel">   --->   Core 73 'Sel' <Latency = 0> <II = 1> <Delay = 0.37> <FuncUnit> <Opcode : 'select'> <InPorts = 3> <OutPorts = 1>
ST_3 : Operation 26 [1/1] (0.00ns)   --->   "%trunc_ln267 = trunc i12 %select_ln264" [fft_4k_ssr2_i16_c16_t16.cpp:267]   --->   Operation 26 'trunc' 'trunc_ln267' <Predicate = true> <Delay = 0.00>
ST_3 : Operation 27 [2/2] (1.23ns)   --->   "%call_ret = call i32 @get_phase_factor, i11 %trunc_ln267, i31 %w_lut" [fft_4k_ssr2_i16_c16_t16.cpp:271]   --->   Operation 27 'call' 'call_ret' <Predicate = (!icmp_ln264)> <Delay = 1.23> <CoreType = "Generic">   --->   Core 0 '' <Latency = 0> <II = 1> <Delay = 1.00> <Generic> <Opcode : >
ST_3 : Operation 28 [1/1] (0.80ns)   --->   "%i_1 = add i12 %select_ln264, i12 1" [fft_4k_ssr2_i16_c16_t16.cpp:267]   --->   Operation 28 'add' 'i_1' <Predicate = true> <Delay = 0.80> <CoreInst = "Adder">   --->   Core 1 'Adder' <Latency = 0> <II = 1> <Delay = 0.80> <FuncUnit> <Opcode : 'add' 'sub'> <InPorts = 2> <OutPorts = 1>
ST_3 : Operation 29 [1/1] (0.42ns)   --->   "%store_ln267 = store i12 %i_1, i12 %i" [fft_4k_ssr2_i16_c16_t16.cpp:267]   --->   Operation 29 'store' 'store_ln267' <Predicate = true> <Delay = 0.42>

State 4 <SV = 3> <Delay = 4.21>
ST_4 : Operation 30 [1/1] (1.83ns)   --->   "%fft1_out_read = read i64 @_ssdm_op_Read.ap_fifo.volatile.i64P0A, i64 %fft1_out" [fft_4k_ssr2_i16_c16_t16.cpp:270]   --->   Operation 30 'read' 'fft1_out_read' <Predicate = true> <Delay = 1.83> <CoreInst = "FIFO_SRL">   --->   Core 81 'FIFO_SRL' <Latency = 0> <II = 1> <Delay = 1.83> <Storage> <Opcode : 'read' 'write' 'nbread' 'nbwrite'> <Ports = 0> <Width = 64> <Depth = 2> <FIFO>
ST_4 : Operation 31 [1/1] (0.00ns)   --->   "%temp_data1_M_real = partselect i16 @_ssdm_op_PartSelect.i16.i64.i32.i32, i64 %fft1_out_read, i32 32, i32 47" [fft_4k_ssr2_i16_c16_t16.cpp:270]   --->   Operation 31 'partselect' 'temp_data1_M_real' <Predicate = true> <Delay = 0.00>
ST_4 : Operation 32 [1/1] (0.00ns)   --->   "%temp_data1_M_imag = partselect i16 @_ssdm_op_PartSelect.i16.i64.i32.i32, i64 %fft1_out_read, i32 48, i32 63" [fft_4k_ssr2_i16_c16_t16.cpp:270]   --->   Operation 32 'partselect' 'temp_data1_M_imag' <Predicate = true> <Delay = 0.00>
ST_4 : Operation 33 [1/2] (1.23ns)   --->   "%call_ret = call i32 @get_phase_factor, i11 %trunc_ln267, i31 %w_lut" [fft_4k_ssr2_i16_c16_t16.cpp:271]   --->   Operation 33 'call' 'call_ret' <Predicate = (!icmp_ln264)> <Delay = 1.23> <CoreType = "Generic">   --->   Core 0 '' <Latency = 0> <II = 1> <Delay = 1.00> <Generic> <Opcode : >
ST_4 : Operation 34 [1/1] (0.00ns)   --->   "%w_M_real = extractvalue i32 %call_ret" [fft_4k_ssr2_i16_c16_t16.cpp:271]   --->   Operation 34 'extractvalue' 'w_M_real' <Predicate = true> <Delay = 0.00>
ST_4 : Operation 35 [1/1] (0.00ns)   --->   "%w_M_imag = extractvalue i32 %call_ret" [fft_4k_ssr2_i16_c16_t16.cpp:271]   --->   Operation 35 'extractvalue' 'w_M_imag' <Predicate = true> <Delay = 0.00>
ST_4 : Operation 36 [1/1] (0.00ns)   --->   "%sext_ln50 = sext i16 %w_M_real" [fft_4k_ssr2_i16_c16_t16.cpp:50->fft_4k_ssr2_i16_c16_t16.cpp:273]   --->   Operation 36 'sext' 'sext_ln50' <Predicate = true> <Delay = 0.00>
ST_4 : Operation 37 [1/1] (0.00ns)   --->   "%sext_ln50_1 = sext i16 %temp_data1_M_real" [fft_4k_ssr2_i16_c16_t16.cpp:50->fft_4k_ssr2_i16_c16_t16.cpp:273]   --->   Operation 37 'sext' 'sext_ln50_1' <Predicate = true> <Delay = 0.00>
ST_4 : Operation 38 [1/1] (0.00ns)   --->   "%sext_ln50_2 = sext i16 %w_M_imag" [fft_4k_ssr2_i16_c16_t16.cpp:50->fft_4k_ssr2_i16_c16_t16.cpp:273]   --->   Operation 38 'sext' 'sext_ln50_2' <Predicate = true> <Delay = 0.00>
ST_4 : Operation 39 [1/1] (0.00ns)   --->   "%sext_ln50_3 = sext i16 %temp_data1_M_imag" [fft_4k_ssr2_i16_c16_t16.cpp:50->fft_4k_ssr2_i16_c16_t16.cpp:273]   --->   Operation 39 'sext' 'sext_ln50_3' <Predicate = true> <Delay = 0.00>
ST_4 : Operation 40 [1/1] (2.38ns)   --->   "%mul_ln50 = mul i30 %sext_ln50, i30 %sext_ln50_1" [fft_4k_ssr2_i16_c16_t16.cpp:50->fft_4k_ssr2_i16_c16_t16.cpp:273]   --->   Operation 40 'mul' 'mul_ln50' <Predicate = true> <Delay = 2.38> <CoreInst = "Multiplier">   --->   Core 3 'Multiplier' <Latency = 0> <II = 1> <Delay = 2.38> <FuncUnit> <Opcode : 'mul'> <InPorts = 2> <OutPorts = 1>
ST_4 : Operation 41 [3/3] (0.99ns) (grouped into DSP with root node val_M_real)   --->   "%mul_ln50_1 = mul i30 %sext_ln50_2, i30 %sext_ln50_3" [fft_4k_ssr2_i16_c16_t16.cpp:50->fft_4k_ssr2_i16_c16_t16.cpp:273]   --->   Operation 41 'mul' 'mul_ln50_1' <Predicate = true> <Delay = 0.99> <CoreInst = "DSP48">   --->   Core 127 'DSP48' <Latency = 3> <II = 1> <Delay = 0.53> <IPBlock> <Opcode : '' 'add' 'sub' 'mul' 'select'> <InPorts = 0> <OutPorts = 1> <Sync> <CReg>
ST_4 : Operation 42 [1/1] (2.38ns)   --->   "%mul_ln51 = mul i30 %sext_ln50_2, i30 %sext_ln50_1" [fft_4k_ssr2_i16_c16_t16.cpp:51->fft_4k_ssr2_i16_c16_t16.cpp:273]   --->   Operation 42 'mul' 'mul_ln51' <Predicate = true> <Delay = 2.38> <CoreInst = "Multiplier">   --->   Core 3 'Multiplier' <Latency = 0> <II = 1> <Delay = 2.38> <FuncUnit> <Opcode : 'mul'> <InPorts = 2> <OutPorts = 1>
ST_4 : Operation 43 [3/3] (0.99ns) (grouped into DSP with root node val_M_imag)   --->   "%mul_ln51_1 = mul i30 %sext_ln50, i30 %sext_ln50_3" [fft_4k_ssr2_i16_c16_t16.cpp:51->fft_4k_ssr2_i16_c16_t16.cpp:273]   --->   Operation 43 'mul' 'mul_ln51_1' <Predicate = true> <Delay = 0.99> <CoreInst = "DSP48">   --->   Core 127 'DSP48' <Latency = 3> <II = 1> <Delay = 0.53> <IPBlock> <Opcode : '' 'add' 'sub' 'mul' 'select'> <InPorts = 0> <OutPorts = 1> <Sync> <CReg>
ST_4 : Operation 44 [1/1] (0.00ns)   --->   "%trunc_ln274 = trunc i64 %fft1_out_read" [fft_4k_ssr2_i16_c16_t16.cpp:274]   --->   Operation 44 'trunc' 'trunc_ln274' <Predicate = true> <Delay = 0.00>

State 5 <SV = 4> <Delay = 0.99>
ST_5 : Operation 45 [2/3] (0.99ns) (grouped into DSP with root node val_M_real)   --->   "%mul_ln50_1 = mul i30 %sext_ln50_2, i30 %sext_ln50_3" [fft_4k_ssr2_i16_c16_t16.cpp:50->fft_4k_ssr2_i16_c16_t16.cpp:273]   --->   Operation 45 'mul' 'mul_ln50_1' <Predicate = true> <Delay = 0.99> <CoreInst = "DSP48">   --->   Core 127 'DSP48' <Latency = 3> <II = 1> <Delay = 0.53> <IPBlock> <Opcode : '' 'add' 'sub' 'mul' 'select'> <InPorts = 0> <OutPorts = 1> <Sync> <CReg>
ST_5 : Operation 46 [2/3] (0.99ns) (grouped into DSP with root node val_M_imag)   --->   "%mul_ln51_1 = mul i30 %sext_ln50, i30 %sext_ln50_3" [fft_4k_ssr2_i16_c16_t16.cpp:51->fft_4k_ssr2_i16_c16_t16.cpp:273]   --->   Operation 46 'mul' 'mul_ln51_1' <Predicate = true> <Delay = 0.99> <CoreInst = "DSP48">   --->   Core 127 'DSP48' <Latency = 3> <II = 1> <Delay = 0.53> <IPBlock> <Opcode : '' 'add' 'sub' 'mul' 'select'> <InPorts = 0> <OutPorts = 1> <Sync> <CReg>

State 6 <SV = 5> <Delay = 0.64>
ST_6 : Operation 47 [1/3] (0.00ns) (grouped into DSP with root node val_M_real)   --->   "%mul_ln50_1 = mul i30 %sext_ln50_2, i30 %sext_ln50_3" [fft_4k_ssr2_i16_c16_t16.cpp:50->fft_4k_ssr2_i16_c16_t16.cpp:273]   --->   Operation 47 'mul' 'mul_ln50_1' <Predicate = true> <Delay = 0.00> <CoreInst = "DSP48">   --->   Core 127 'DSP48' <Latency = 3> <II = 1> <Delay = 0.53> <IPBlock> <Opcode : '' 'add' 'sub' 'mul' 'select'> <InPorts = 0> <OutPorts = 1> <Sync> <CReg>
ST_6 : Operation 48 [2/2] (0.64ns) (root node of the DSP)   --->   "%val_M_real = sub i30 %mul_ln50, i30 %mul_ln50_1" [fft_4k_ssr2_i16_c16_t16.cpp:50->fft_4k_ssr2_i16_c16_t16.cpp:273]   --->   Operation 48 'sub' 'val_M_real' <Predicate = true> <Delay = 0.64> <CoreInst = "DSP48">   --->   Core 127 'DSP48' <Latency = 3> <II = 1> <Delay = 0.53> <IPBlock> <Opcode : '' 'add' 'sub' 'mul' 'select'> <InPorts = 0> <OutPorts = 1> <Sync> <CReg>
ST_6 : Operation 49 [1/3] (0.00ns) (grouped into DSP with root node val_M_imag)   --->   "%mul_ln51_1 = mul i30 %sext_ln50, i30 %sext_ln50_3" [fft_4k_ssr2_i16_c16_t16.cpp:51->fft_4k_ssr2_i16_c16_t16.cpp:273]   --->   Operation 49 'mul' 'mul_ln51_1' <Predicate = true> <Delay = 0.00> <CoreInst = "DSP48">   --->   Core 127 'DSP48' <Latency = 3> <II = 1> <Delay = 0.53> <IPBlock> <Opcode : '' 'add' 'sub' 'mul' 'select'> <InPorts = 0> <OutPorts = 1> <Sync> <CReg>
ST_6 : Operation 50 [2/2] (0.64ns) (root node of the DSP)   --->   "%val_M_imag = add i30 %mul_ln51, i30 %mul_ln51_1" [fft_4k_ssr2_i16_c16_t16.cpp:51->fft_4k_ssr2_i16_c16_t16.cpp:273]   --->   Operation 50 'add' 'val_M_imag' <Predicate = true> <Delay = 0.64> <CoreInst = "DSP48">   --->   Core 127 'DSP48' <Latency = 3> <II = 1> <Delay = 0.53> <IPBlock> <Opcode : '' 'add' 'sub' 'mul' 'select'> <InPorts = 0> <OutPorts = 1> <Sync> <CReg>
ST_6 : Operation 62 [1/1] (0.00ns)   --->   "%ret_ln0 = ret"   --->   Operation 62 'ret' 'ret_ln0' <Predicate = (icmp_ln264)> <Delay = 0.00>

State 7 <SV = 6> <Delay = 2.48>
ST_7 : Operation 51 [1/1] (0.00ns)   --->   "%specloopname_ln0 = specloopname void @_ssdm_op_SpecLoopName, void @VITIS_LOOP_264_1_VITIS_LOOP_267_2_str"   --->   Operation 51 'specloopname' 'specloopname_ln0' <Predicate = true> <Delay = 0.00>
ST_7 : Operation 52 [1/1] (0.00ns)   --->   "%speclooptripcount_ln0 = speclooptripcount void @_ssdm_op_SpecLoopTripCount, i64 0, i64 4096, i64 2048"   --->   Operation 52 'speclooptripcount' 'speclooptripcount_ln0' <Predicate = true> <Delay = 0.00>
ST_7 : Operation 53 [1/1] (0.00ns)   --->   "%specpipeline_ln269 = specpipeline void @_ssdm_op_SpecPipeline, i32 1, i32 0, i32 0, i32 0, void @empty" [fft_4k_ssr2_i16_c16_t16.cpp:269]   --->   Operation 53 'specpipeline' 'specpipeline_ln269' <Predicate = true> <Delay = 0.00>
ST_7 : Operation 54 [1/2] (0.64ns) (root node of the DSP)   --->   "%val_M_real = sub i30 %mul_ln50, i30 %mul_ln50_1" [fft_4k_ssr2_i16_c16_t16.cpp:50->fft_4k_ssr2_i16_c16_t16.cpp:273]   --->   Operation 54 'sub' 'val_M_real' <Predicate = true> <Delay = 0.64> <CoreInst = "DSP48">   --->   Core 127 'DSP48' <Latency = 3> <II = 1> <Delay = 0.53> <IPBlock> <Opcode : '' 'add' 'sub' 'mul' 'select'> <InPorts = 0> <OutPorts = 1> <Sync> <CReg>
ST_7 : Operation 55 [1/2] (0.64ns) (root node of the DSP)   --->   "%val_M_imag = add i30 %mul_ln51, i30 %mul_ln51_1" [fft_4k_ssr2_i16_c16_t16.cpp:51->fft_4k_ssr2_i16_c16_t16.cpp:273]   --->   Operation 55 'add' 'val_M_imag' <Predicate = true> <Delay = 0.64> <CoreInst = "DSP48">   --->   Core 127 'DSP48' <Latency = 3> <II = 1> <Delay = 0.53> <IPBlock> <Opcode : '' 'add' 'sub' 'mul' 'select'> <InPorts = 0> <OutPorts = 1> <Sync> <CReg>
ST_7 : Operation 56 [1/1] (1.83ns)   --->   "%write_ln274 = write void @_ssdm_op_Write.ap_fifo.volatile.i32P0A, i32 %twiddle_out0, i32 %trunc_ln274" [fft_4k_ssr2_i16_c16_t16.cpp:274]   --->   Operation 56 'write' 'write_ln274' <Predicate = true> <Delay = 1.83> <CoreInst = "FIFO_SRL">   --->   Core 81 'FIFO_SRL' <Latency = 0> <II = 1> <Delay = 1.83> <Storage> <Opcode : 'read' 'write' 'nbread' 'nbwrite'> <Ports = 0> <Width = 32> <Depth = 2> <FIFO>
ST_7 : Operation 57 [1/1] (0.00ns)   --->   "%trunc_ln1 = partselect i16 @_ssdm_op_PartSelect.i16.i30.i32.i32, i30 %val_M_real, i32 14, i32 29" [fft_4k_ssr2_i16_c16_t16.cpp:275]   --->   Operation 57 'partselect' 'trunc_ln1' <Predicate = true> <Delay = 0.00>
ST_7 : Operation 58 [1/1] (0.00ns)   --->   "%trunc_ln275_1 = partselect i16 @_ssdm_op_PartSelect.i16.i30.i32.i32, i30 %val_M_imag, i32 14, i32 29" [fft_4k_ssr2_i16_c16_t16.cpp:275]   --->   Operation 58 'partselect' 'trunc_ln275_1' <Predicate = true> <Delay = 0.00>
ST_7 : Operation 59 [1/1] (0.00ns)   --->   "%p_0 = bitconcatenate i32 @_ssdm_op_BitConcatenate.i32.i16.i16, i16 %trunc_ln275_1, i16 %trunc_ln1" [fft_4k_ssr2_i16_c16_t16.cpp:275]   --->   Operation 59 'bitconcatenate' 'p_0' <Predicate = true> <Delay = 0.00>
ST_7 : Operation 60 [1/1] (1.83ns)   --->   "%write_ln275 = write void @_ssdm_op_Write.ap_fifo.volatile.i32P0A, i32 %twiddle_out1, i32 %p_0" [fft_4k_ssr2_i16_c16_t16.cpp:275]   --->   Operation 60 'write' 'write_ln275' <Predicate = true> <Delay = 1.83> <CoreInst = "FIFO_SRL">   --->   Core 81 'FIFO_SRL' <Latency = 0> <II = 1> <Delay = 1.83> <Storage> <Opcode : 'read' 'write' 'nbread' 'nbwrite'> <Ports = 0> <Width = 32> <Depth = 2> <FIFO>
ST_7 : Operation 61 [1/1] (0.00ns)   --->   "%br_ln267 = br void %for.inc" [fft_4k_ssr2_i16_c16_t16.cpp:267]   --->   Operation 61 'br' 'br_ln267' <Predicate = true> <Delay = 0.00>


============================================================
+ Verbose Summary: Binding
============================================================
STG Binding: 
---------------- STG Properties BEGIN ----------------
- Is combinational: 0
- Is one-state seq: 0
- Is datapath-only: 0
- Is pipelined: 0
- Is top level: 0
Port [ Return ] is wired: 1; IO mode=ap_ctrl_hs:ce=0
Port [ bound]:  wired=1; compound=0; hidden=0; nouse=0; global=0; static=0; extern=0; dir=0; type=0; pingpong=0; private_global=0; IO mode=ap_none:ce=0
Port [ fft1_out]:  wired=1; compound=1; hidden=0; nouse=0; global=0; static=0; extern=0; dir=0; type=3; pingpong=0; private_global=0; IO mode=ap_fifo:ce=0
Port [ twiddle_out0]:  wired=1; compound=1; hidden=0; nouse=0; global=0; static=0; extern=0; dir=1; type=3; pingpong=0; private_global=0; IO mode=ap_fifo:ce=0
Port [ twiddle_out1]:  wired=1; compound=1; hidden=0; nouse=0; global=0; static=0; extern=0; dir=1; type=3; pingpong=0; private_global=0; IO mode=ap_fifo:ce=0
Port [ w_lut]:  wired=0; compound=1; hidden=1; nouse=1; global=1; static=1; extern=0; dir=0; type=1; pingpong=0; private_global=0; MemPort=[1]; IO mode=ap_memory:ce=0
---------------- STG Properties END ------------------

---------------- Datapath Model BEGIN ----------------

<LifeTime>
<method=bitvector/>
i                     (alloca           ) [ 01110000]
indvar_flatten        (alloca           ) [ 01100000]
specinterface_ln0     (specinterface    ) [ 00000000]
specinterface_ln0     (specinterface    ) [ 00000000]
specinterface_ln0     (specinterface    ) [ 00000000]
bound_read            (read             ) [ 01100000]
store_ln0             (store            ) [ 00000000]
store_ln267           (store            ) [ 00000000]
br_ln0                (br               ) [ 00000000]
indvar_flatten_load   (load             ) [ 00000000]
icmp_ln264            (icmp             ) [ 01111110]
add_ln264             (add              ) [ 00000000]
br_ln264              (br               ) [ 00000000]
store_ln264           (store            ) [ 00000000]
i_load                (load             ) [ 00000000]
icmp_ln267            (icmp             ) [ 00000000]
select_ln264          (select           ) [ 00000000]
trunc_ln267           (trunc            ) [ 00000000]
i_1                   (add              ) [ 00000000]
store_ln267           (store            ) [ 00000000]
fft1_out_read         (read             ) [ 00000000]
temp_data1_M_real     (partselect       ) [ 00000000]
temp_data1_M_imag     (partselect       ) [ 00000000]
call_ret              (call             ) [ 00000000]
w_M_real              (extractvalue     ) [ 00000000]
w_M_imag              (extractvalue     ) [ 00000000]
sext_ln50             (sext             ) [ 01000110]
sext_ln50_1           (sext             ) [ 00000000]
sext_ln50_2           (sext             ) [ 01000110]
sext_ln50_3           (sext             ) [ 01000110]
mul_ln50              (mul              ) [ 01000111]
mul_ln51              (mul              ) [ 01000111]
trunc_ln274           (trunc            ) [ 01000111]
mul_ln50_1            (mul              ) [ 01000001]
mul_ln51_1            (mul              ) [ 01000001]
specloopname_ln0      (specloopname     ) [ 00000000]
speclooptripcount_ln0 (speclooptripcount) [ 00000000]
specpipeline_ln269    (specpipeline     ) [ 00000000]
val_M_real            (sub              ) [ 00000000]
val_M_imag            (add              ) [ 00000000]
write_ln274           (write            ) [ 00000000]
trunc_ln1             (partselect       ) [ 00000000]
trunc_ln275_1         (partselect       ) [ 00000000]
p_0                   (bitconcatenate   ) [ 00000000]
write_ln275           (write            ) [ 00000000]
br_ln267              (br               ) [ 00000000]
ret_ln0               (ret              ) [ 00000000]
</LifeTime>

<model>

<comp_list>
<comp id="0" class="1000" name="bound">
<pin_list>
<pin id="1" dir="1" index="0" bw="1" slack="0"/>
</pin_list>
<bind>
<StgValue><ssdm name="bound"/></StgValue>
</bind>
</comp>

<comp id="2" class="1000" name="fft1_out">
<pin_list>
<pin id="3" dir="1" index="0" bw="1" slack="0"/>
</pin_list>
<bind>
<StgValue><ssdm name="fft1_out"/></StgValue>
</bind>
</comp>

<comp id="4" class="1000" name="twiddle_out0">
<pin_list>
<pin id="5" dir="1" index="0" bw="1" slack="0"/>
</pin_list>
<bind>
<StgValue><ssdm name="twiddle_out0"/></StgValue>
</bind>
</comp>

<comp id="6" class="1000" name="twiddle_out1">
<pin_list>
<pin id="7" dir="1" index="0" bw="1" slack="0"/>
</pin_list>
<bind>
<StgValue><ssdm name="twiddle_out1"/></StgValue>
</bind>
</comp>

<comp id="8" class="1000" name="w_lut">
<pin_list>
<pin id="9" dir="1" index="0" bw="1" slack="0"/>
</pin_list>
<bind>
<StgValue><ssdm name="w_lut"/><MemPortTyVec>1 </MemPortTyVec>
</StgValue>
</bind>
</comp>

<comp id="10" class="1001" name="const_10">
<pin_list>
<pin id="11" dir="1" index="0" bw="1" slack="0"/>
</pin_list>
<bind>
<StgValue><ssdm name=""/></StgValue>
</bind>
</comp>

<comp id="12" class="1001" name="const_12">
<pin_list>
<pin id="13" dir="1" index="0" bw="1" slack="2147483647"/>
</pin_list>
<bind>
<StgValue><ssdm name="_ssdm_op_SpecInterface"/></StgValue>
</bind>
</comp>

<comp id="14" class="1001" name="const_14">
<pin_list>
<pin id="15" dir="1" index="0" bw="1" slack="2147483647"/>
</pin_list>
<bind>
<StgValue><ssdm name="empty_8"/></StgValue>
</bind>
</comp>

<comp id="16" class="1001" name="const_16">
<pin_list>
<pin id="17" dir="1" index="0" bw="1" slack="2147483647"/>
</pin_list>
<bind>
<StgValue><ssdm name=""/></StgValue>
</bind>
</comp>

<comp id="18" class="1001" name="const_18">
<pin_list>
<pin id="19" dir="1" index="0" bw="1" slack="2147483647"/>
</pin_list>
<bind>
<StgValue><ssdm name="empty"/></StgValue>
</bind>
</comp>

<comp id="20" class="1001" name="const_20">
<pin_list>
<pin id="21" dir="1" index="0" bw="1" slack="2147483647"/>
</pin_list>
<bind>
<StgValue><ssdm name=""/></StgValue>
</bind>
</comp>

<comp id="22" class="1001" name="const_22">
<pin_list>
<pin id="23" dir="1" index="0" bw="1" slack="0"/>
</pin_list>
<bind>
<StgValue><ssdm name="_ssdm_op_Read.ap_auto.i43"/></StgValue>
</bind>
</comp>

<comp id="24" class="1001" name="const_24">
<pin_list>
<pin id="25" dir="1" index="0" bw="1" slack="0"/>
</pin_list>
<bind>
<StgValue><ssdm name=""/></StgValue>
</bind>
</comp>

<comp id="26" class="1001" name="const_26">
<pin_list>
<pin id="27" dir="1" index="0" bw="1" slack="0"/>
</pin_list>
<bind>
<StgValue><ssdm name=""/></StgValue>
</bind>
</comp>

<comp id="28" class="1001" name="const_28">
<pin_list>
<pin id="29" dir="1" index="0" bw="1" slack="0"/>
</pin_list>
<bind>
<StgValue><ssdm name=""/></StgValue>
</bind>
</comp>

<comp id="30" class="1001" name="const_30">
<pin_list>
<pin id="31" dir="1" index="0" bw="1" slack="0"/>
</pin_list>
<bind>
<StgValue><ssdm name=""/></StgValue>
</bind>
</comp>

<comp id="32" class="1001" name="const_32">
<pin_list>
<pin id="33" dir="1" index="0" bw="1" slack="0"/>
</pin_list>
<bind>
<StgValue><ssdm name="get_phase_factor"/></StgValue>
</bind>
</comp>

<comp id="34" class="1001" name="const_34">
<pin_list>
<pin id="35" dir="1" index="0" bw="1" slack="0"/>
</pin_list>
<bind>
<StgValue><ssdm name=""/></StgValue>
</bind>
</comp>

<comp id="36" class="1001" name="const_36">
<pin_list>
<pin id="37" dir="1" index="0" bw="1" slack="0"/>
</pin_list>
<bind>
<StgValue><ssdm name="_ssdm_op_Read.ap_fifo.volatile.i64P0A"/></StgValue>
</bind>
</comp>

<comp id="38" class="1001" name="const_38">
<pin_list>
<pin id="39" dir="1" index="0" bw="1" slack="0"/>
</pin_list>
<bind>
<StgValue><ssdm name="_ssdm_op_PartSelect.i16.i64.i32.i32"/></StgValue>
</bind>
</comp>

<comp id="40" class="1001" name="const_40">
<pin_list>
<pin id="41" dir="1" index="0" bw="1" slack="0"/>
</pin_list>
<bind>
<StgValue><ssdm name=""/></StgValue>
</bind>
</comp>

<comp id="42" class="1001" name="const_42">
<pin_list>
<pin id="43" dir="1" index="0" bw="1" slack="0"/>
</pin_list>
<bind>
<StgValue><ssdm name=""/></StgValue>
</bind>
</comp>

<comp id="44" class="1001" name="const_44">
<pin_list>
<pin id="45" dir="1" index="0" bw="1" slack="0"/>
</pin_list>
<bind>
<StgValue><ssdm name=""/></StgValue>
</bind>
</comp>

<comp id="46" class="1001" name="const_46">
<pin_list>
<pin id="47" dir="1" index="0" bw="1" slack="0"/>
</pin_list>
<bind>
<StgValue><ssdm name=""/></StgValue>
</bind>
</comp>

<comp id="48" class="1001" name="const_48">
<pin_list>
<pin id="49" dir="1" index="0" bw="1" slack="2147483647"/>
</pin_list>
<bind>
<StgValue><ssdm name="_ssdm_op_SpecLoopName"/></StgValue>
</bind>
</comp>

<comp id="50" class="1001" name="const_50">
<pin_list>
<pin id="51" dir="1" index="0" bw="1" slack="2147483647"/>
</pin_list>
<bind>
<StgValue><ssdm name="VITIS_LOOP_264_1_VITIS_LOOP_267_2_str"/></StgValue>
</bind>
</comp>

<comp id="52" class="1001" name="const_52">
<pin_list>
<pin id="53" dir="1" index="0" bw="1" slack="2147483647"/>
</pin_list>
<bind>
<StgValue><ssdm name="_ssdm_op_SpecLoopTripCount"/></StgValue>
</bind>
</comp>

<comp id="54" class="1001" name="const_54">
<pin_list>
<pin id="55" dir="1" index="0" bw="1" slack="2147483647"/>
</pin_list>
<bind>
<StgValue><ssdm name=""/></StgValue>
</bind>
</comp>

<comp id="56" class="1001" name="const_56">
<pin_list>
<pin id="57" dir="1" index="0" bw="1" slack="2147483647"/>
</pin_list>
<bind>
<StgValue><ssdm name=""/></StgValue>
</bind>
</comp>

<comp id="58" class="1001" name="const_58">
<pin_list>
<pin id="59" dir="1" index="0" bw="1" slack="2147483647"/>
</pin_list>
<bind>
<StgValue><ssdm name=""/></StgValue>
</bind>
</comp>

<comp id="60" class="1001" name="const_60">
<pin_list>
<pin id="61" dir="1" index="0" bw="1" slack="2147483647"/>
</pin_list>
<bind>
<StgValue><ssdm name="_ssdm_op_SpecPipeline"/></StgValue>
</bind>
</comp>

<comp id="62" class="1001" name="const_62">
<pin_list>
<pin id="63" dir="1" index="0" bw="1" slack="0"/>
</pin_list>
<bind>
<StgValue><ssdm name="_ssdm_op_Write.ap_fifo.volatile.i32P0A"/></StgValue>
</bind>
</comp>

<comp id="64" class="1001" name="const_64">
<pin_list>
<pin id="65" dir="1" index="0" bw="1" slack="0"/>
</pin_list>
<bind>
<StgValue><ssdm name="_ssdm_op_PartSelect.i16.i30.i32.i32"/></StgValue>
</bind>
</comp>

<comp id="66" class="1001" name="const_66">
<pin_list>
<pin id="67" dir="1" index="0" bw="1" slack="0"/>
</pin_list>
<bind>
<StgValue><ssdm name=""/></StgValue>
</bind>
</comp>

<comp id="68" class="1001" name="const_68">
<pin_list>
<pin id="69" dir="1" index="0" bw="1" slack="0"/>
</pin_list>
<bind>
<StgValue><ssdm name=""/></StgValue>
</bind>
</comp>

<comp id="70" class="1001" name="const_70">
<pin_list>
<pin id="71" dir="1" index="0" bw="1" slack="0"/>
</pin_list>
<bind>
<StgValue><ssdm name="_ssdm_op_BitConcatenate.i32.i16.i16"/></StgValue>
</bind>
</comp>

<comp id="72" class="1004" name="i_fu_72">
<pin_list>
<pin id="73" dir="0" index="0" bw="1" slack="0"/>
<pin id="74" dir="1" index="1" bw="12" slack="0"/>
</pin_list>
<bind>
<opcode="alloca(26) " fcode="alloca"/>
<opset="i/1 "/>
</bind>
</comp>

<comp id="76" class="1004" name="indvar_flatten_fu_76">
<pin_list>
<pin id="77" dir="0" index="0" bw="1" slack="0"/>
<pin id="78" dir="1" index="1" bw="43" slack="0"/>
</pin_list>
<bind>
<opcode="alloca(26) " fcode="alloca"/>
<opset="indvar_flatten/1 "/>
</bind>
</comp>

<comp id="80" class="1004" name="bound_read_read_fu_80">
<pin_list>
<pin id="81" dir="0" index="0" bw="43" slack="0"/>
<pin id="82" dir="0" index="1" bw="43" slack="0"/>
<pin id="83" dir="1" index="2" bw="43" slack="1"/>
</pin_list>
<bind>
<opcode="read(1150) " fcode="read"/>
<opset="bound_read/1 "/>
</bind>
</comp>

<comp id="86" class="1004" name="fft1_out_read_read_fu_86">
<pin_list>
<pin id="87" dir="0" index="0" bw="64" slack="0"/>
<pin id="88" dir="0" index="1" bw="64" slack="0"/>
<pin id="89" dir="1" index="2" bw="64" slack="0"/>
</pin_list>
<bind>
<opcode="read(1150) " fcode="read"/>
<opset="fft1_out_read/4 "/>
</bind>
</comp>

<comp id="92" class="1004" name="write_ln274_write_fu_92">
<pin_list>
<pin id="93" dir="0" index="0" bw="0" slack="0"/>
<pin id="94" dir="0" index="1" bw="32" slack="0"/>
<pin id="95" dir="0" index="2" bw="32" slack="3"/>
<pin id="96" dir="1" index="3" bw="0" slack="2147483647"/>
</pin_list>
<bind>
<opcode="write(1151) " fcode="write"/>
<opset="write_ln274/7 "/>
</bind>
</comp>

<comp id="99" class="1004" name="write_ln275_write_fu_99">
<pin_list>
<pin id="100" dir="0" index="0" bw="0" slack="0"/>
<pin id="101" dir="0" index="1" bw="32" slack="0"/>
<pin id="102" dir="0" index="2" bw="32" slack="0"/>
<pin id="103" dir="1" index="3" bw="0" slack="2147483647"/>
</pin_list>
<bind>
<opcode="write(1151) " fcode="write"/>
<opset="write_ln275/7 "/>
</bind>
</comp>

<comp id="106" class="1004" name="grp_get_phase_factor_fu_106">
<pin_list>
<pin id="107" dir="0" index="0" bw="32" slack="0"/>
<pin id="108" dir="0" index="1" bw="11" slack="0"/>
<pin id="109" dir="0" index="2" bw="31" slack="0"/>
<pin id="110" dir="1" index="3" bw="32" slack="0"/>
</pin_list>
<bind>
<opcode="call(48) " fcode="call"/>
<opset="call_ret/3 "/>
</bind>
</comp>

<comp id="113" class="1004" name="store_ln0_store_fu_113">
<pin_list>
<pin id="114" dir="0" index="0" bw="1" slack="0"/>
<pin id="115" dir="0" index="1" bw="43" slack="0"/>
<pin id="116" dir="1" index="2" bw="0" slack="2147483647"/>
</pin_list>
<bind>
<opcode="store(28) " fcode="store"/>
<opset="store_ln0/1 "/>
</bind>
</comp>

<comp id="118" class="1004" name="store_ln267_store_fu_118">
<pin_list>
<pin id="119" dir="0" index="0" bw="1" slack="0"/>
<pin id="120" dir="0" index="1" bw="12" slack="0"/>
<pin id="121" dir="1" index="2" bw="0" slack="2147483647"/>
</pin_list>
<bind>
<opcode="store(28) " fcode="store"/>
<opset="store_ln267/1 "/>
</bind>
</comp>

<comp id="123" class="1004" name="indvar_flatten_load_load_fu_123">
<pin_list>
<pin id="124" dir="0" index="0" bw="43" slack="1"/>
<pin id="125" dir="1" index="1" bw="43" slack="0"/>
</pin_list>
<bind>
<opcode="load(27) " fcode="load"/>
<opset="indvar_flatten_load/2 "/>
</bind>
</comp>

<comp id="126" class="1004" name="icmp_ln264_fu_126">
<pin_list>
<pin id="127" dir="0" index="0" bw="43" slack="0"/>
<pin id="128" dir="0" index="1" bw="43" slack="1"/>
<pin id="129" dir="1" index="2" bw="1" slack="1"/>
</pin_list>
<bind>
<opcode="icmp(45) " fcode="icmp"/>
<opset="icmp_ln264/2 "/>
</bind>
</comp>

<comp id="131" class="1004" name="add_ln264_fu_131">
<pin_list>
<pin id="132" dir="0" index="0" bw="43" slack="0"/>
<pin id="133" dir="0" index="1" bw="1" slack="0"/>
<pin id="134" dir="1" index="2" bw="43" slack="0"/>
</pin_list>
<bind>
<opcode="add(8) " fcode="add"/>
<opset="add_ln264/2 "/>
</bind>
</comp>

<comp id="137" class="1004" name="store_ln264_store_fu_137">
<pin_list>
<pin id="138" dir="0" index="0" bw="43" slack="0"/>
<pin id="139" dir="0" index="1" bw="43" slack="1"/>
<pin id="140" dir="1" index="2" bw="0" slack="2147483647"/>
</pin_list>
<bind>
<opcode="store(28) " fcode="store"/>
<opset="store_ln264/2 "/>
</bind>
</comp>

<comp id="142" class="1004" name="i_load_load_fu_142">
<pin_list>
<pin id="143" dir="0" index="0" bw="12" slack="2"/>
<pin id="144" dir="1" index="1" bw="12" slack="0"/>
</pin_list>
<bind>
<opcode="load(27) " fcode="load"/>
<opset="i_load/3 "/>
</bind>
</comp>

<comp id="145" class="1004" name="icmp_ln267_fu_145">
<pin_list>
<pin id="146" dir="0" index="0" bw="12" slack="0"/>
<pin id="147" dir="0" index="1" bw="12" slack="0"/>
<pin id="148" dir="1" index="2" bw="1" slack="0"/>
</pin_list>
<bind>
<opcode="icmp(45) " fcode="icmp"/>
<opset="icmp_ln267/3 "/>
</bind>
</comp>

<comp id="151" class="1004" name="select_ln264_fu_151">
<pin_list>
<pin id="152" dir="0" index="0" bw="1" slack="0"/>
<pin id="153" dir="0" index="1" bw="1" slack="0"/>
<pin id="154" dir="0" index="2" bw="12" slack="0"/>
<pin id="155" dir="1" index="3" bw="12" slack="0"/>
</pin_list>
<bind>
<opcode="select(49) " fcode="select"/>
<opset="select_ln264/3 "/>
</bind>
</comp>

<comp id="159" class="1004" name="trunc_ln267_fu_159">
<pin_list>
<pin id="160" dir="0" index="0" bw="12" slack="0"/>
<pin id="161" dir="1" index="1" bw="11" slack="0"/>
</pin_list>
<bind>
<opcode="trunc(33) " fcode="trunc"/>
<opset="trunc_ln267/3 "/>
</bind>
</comp>

<comp id="164" class="1004" name="i_1_fu_164">
<pin_list>
<pin id="165" dir="0" index="0" bw="12" slack="0"/>
<pin id="166" dir="0" index="1" bw="1" slack="0"/>
<pin id="167" dir="1" index="2" bw="12" slack="0"/>
</pin_list>
<bind>
<opcode="add(8) " fcode="add"/>
<opset="i_1/3 "/>
</bind>
</comp>

<comp id="170" class="1004" name="store_ln267_store_fu_170">
<pin_list>
<pin id="171" dir="0" index="0" bw="12" slack="0"/>
<pin id="172" dir="0" index="1" bw="12" slack="2"/>
<pin id="173" dir="1" index="2" bw="0" slack="2147483647"/>
</pin_list>
<bind>
<opcode="store(28) " fcode="store"/>
<opset="store_ln267/3 "/>
</bind>
</comp>

<comp id="175" class="1004" name="temp_data1_M_real_fu_175">
<pin_list>
<pin id="176" dir="0" index="0" bw="16" slack="0"/>
<pin id="177" dir="0" index="1" bw="64" slack="0"/>
<pin id="178" dir="0" index="2" bw="7" slack="0"/>
<pin id="179" dir="0" index="3" bw="7" slack="0"/>
<pin id="180" dir="1" index="4" bw="16" slack="0"/>
</pin_list>
<bind>
<opcode="partselect(1002) " fcode="partselect"/>
<opset="temp_data1_M_real/4 "/>
</bind>
</comp>

<comp id="185" class="1004" name="temp_data1_M_imag_fu_185">
<pin_list>
<pin id="186" dir="0" index="0" bw="16" slack="0"/>
<pin id="187" dir="0" index="1" bw="64" slack="0"/>
<pin id="188" dir="0" index="2" bw="7" slack="0"/>
<pin id="189" dir="0" index="3" bw="7" slack="0"/>
<pin id="190" dir="1" index="4" bw="16" slack="0"/>
</pin_list>
<bind>
<opcode="partselect(1002) " fcode="partselect"/>
<opset="temp_data1_M_imag/4 "/>
</bind>
</comp>

<comp id="195" class="1004" name="w_M_real_fu_195">
<pin_list>
<pin id="196" dir="0" index="0" bw="32" slack="0"/>
<pin id="197" dir="1" index="1" bw="16" slack="0"/>
</pin_list>
<bind>
<opcode="extractvalue(56) " fcode="extractvalue"/>
<opset="w_M_real/4 "/>
</bind>
</comp>

<comp id="199" class="1004" name="w_M_imag_fu_199">
<pin_list>
<pin id="200" dir="0" index="0" bw="32" slack="0"/>
<pin id="201" dir="1" index="1" bw="16" slack="0"/>
</pin_list>
<bind>
<opcode="extractvalue(56) " fcode="extractvalue"/>
<opset="w_M_imag/4 "/>
</bind>
</comp>

<comp id="203" class="1004" name="sext_ln50_fu_203">
<pin_list>
<pin id="204" dir="0" index="0" bw="16" slack="0"/>
<pin id="205" dir="1" index="1" bw="30" slack="0"/>
</pin_list>
<bind>
<opcode="sext(35) " fcode="sext"/>
<opset="sext_ln50/4 "/>
</bind>
</comp>

<comp id="207" class="1004" name="sext_ln50_1_fu_207">
<pin_list>
<pin id="208" dir="0" index="0" bw="16" slack="0"/>
<pin id="209" dir="1" index="1" bw="30" slack="0"/>
</pin_list>
<bind>
<opcode="sext(35) " fcode="sext"/>
<opset="sext_ln50_1/4 "/>
</bind>
</comp>

<comp id="211" class="1004" name="sext_ln50_2_fu_211">
<pin_list>
<pin id="212" dir="0" index="0" bw="16" slack="0"/>
<pin id="213" dir="1" index="1" bw="30" slack="0"/>
</pin_list>
<bind>
<opcode="sext(35) " fcode="sext"/>
<opset="sext_ln50_2/4 "/>
</bind>
</comp>

<comp id="215" class="1004" name="sext_ln50_3_fu_215">
<pin_list>
<pin id="216" dir="0" index="0" bw="16" slack="0"/>
<pin id="217" dir="1" index="1" bw="30" slack="0"/>
</pin_list>
<bind>
<opcode="sext(35) " fcode="sext"/>
<opset="sext_ln50_3/4 "/>
</bind>
</comp>

<comp id="219" class="1004" name="mul_ln50_fu_219">
<pin_list>
<pin id="220" dir="0" index="0" bw="16" slack="0"/>
<pin id="221" dir="0" index="1" bw="16" slack="0"/>
<pin id="222" dir="1" index="2" bw="30" slack="2"/>
</pin_list>
<bind>
<opcode="mul(12) " fcode="mul"/>
<opset="mul_ln50/4 "/>
</bind>
</comp>

<comp id="225" class="1004" name="mul_ln51_fu_225">
<pin_list>
<pin id="226" dir="0" index="0" bw="16" slack="0"/>
<pin id="227" dir="0" index="1" bw="16" slack="0"/>
<pin id="228" dir="1" index="2" bw="30" slack="2"/>
</pin_list>
<bind>
<opcode="mul(12) " fcode="mul"/>
<opset="mul_ln51/4 "/>
</bind>
</comp>

<comp id="231" class="1004" name="trunc_ln274_fu_231">
<pin_list>
<pin id="232" dir="0" index="0" bw="64" slack="0"/>
<pin id="233" dir="1" index="1" bw="32" slack="3"/>
</pin_list>
<bind>
<opcode="trunc(33) " fcode="trunc"/>
<opset="trunc_ln274/4 "/>
</bind>
</comp>

<comp id="235" class="1004" name="trunc_ln1_fu_235">
<pin_list>
<pin id="236" dir="0" index="0" bw="16" slack="0"/>
<pin id="237" dir="0" index="1" bw="30" slack="0"/>
<pin id="238" dir="0" index="2" bw="5" slack="0"/>
<pin id="239" dir="0" index="3" bw="6" slack="0"/>
<pin id="240" dir="1" index="4" bw="16" slack="0"/>
</pin_list>
<bind>
<opcode="partselect(1002) " fcode="partselect"/>
<opset="trunc_ln1/7 "/>
</bind>
</comp>

<comp id="244" class="1004" name="trunc_ln275_1_fu_244">
<pin_list>
<pin id="245" dir="0" index="0" bw="16" slack="0"/>
<pin id="246" dir="0" index="1" bw="30" slack="0"/>
<pin id="247" dir="0" index="2" bw="5" slack="0"/>
<pin id="248" dir="0" index="3" bw="6" slack="0"/>
<pin id="249" dir="1" index="4" bw="16" slack="0"/>
</pin_list>
<bind>
<opcode="partselect(1002) " fcode="partselect"/>
<opset="trunc_ln275_1/7 "/>
</bind>
</comp>

<comp id="253" class="1004" name="p_0_fu_253">
<pin_list>
<pin id="254" dir="0" index="0" bw="32" slack="0"/>
<pin id="255" dir="0" index="1" bw="16" slack="0"/>
<pin id="256" dir="0" index="2" bw="16" slack="0"/>
<pin id="257" dir="1" index="3" bw="32" slack="0"/>
</pin_list>
<bind>
<opcode="bitconcatenate(1004) " fcode="bitconcatenate"/>
<opset="p_0/7 "/>
</bind>
</comp>

<comp id="262" class="1007" name="grp_fu_262">
<pin_list>
<pin id="263" dir="0" index="0" bw="16" slack="0"/>
<pin id="264" dir="0" index="1" bw="16" slack="0"/>
<pin id="265" dir="0" index="2" bw="30" slack="2147483647"/>
<pin id="266" dir="1" index="3" bw="30" slack="0"/>
</pin_list>
<bind>
<opcode="mulsub(1173) " fcode="mulsub"/>
<opset="mul_ln50_1/4 val_M_real/6 "/>
</bind>
</comp>

<comp id="270" class="1007" name="grp_fu_270">
<pin_list>
<pin id="271" dir="0" index="0" bw="16" slack="0"/>
<pin id="272" dir="0" index="1" bw="16" slack="0"/>
<pin id="273" dir="0" index="2" bw="30" slack="2147483647"/>
<pin id="274" dir="1" index="3" bw="30" slack="0"/>
</pin_list>
<bind>
<opcode="muladd(1172) " fcode="muladd"/>
<opset="mul_ln51_1/4 val_M_imag/6 "/>
</bind>
</comp>

<comp id="278" class="1005" name="i_reg_278">
<pin_list>
<pin id="279" dir="0" index="0" bw="12" slack="0"/>
<pin id="280" dir="1" index="1" bw="12" slack="0"/>
</pin_list>
<bind>
<opset="i "/>
</bind>
</comp>

<comp id="285" class="1005" name="indvar_flatten_reg_285">
<pin_list>
<pin id="286" dir="0" index="0" bw="43" slack="0"/>
<pin id="287" dir="1" index="1" bw="43" slack="0"/>
</pin_list>
<bind>
<opset="indvar_flatten "/>
</bind>
</comp>

<comp id="292" class="1005" name="bound_read_reg_292">
<pin_list>
<pin id="293" dir="0" index="0" bw="43" slack="1"/>
<pin id="294" dir="1" index="1" bw="43" slack="1"/>
</pin_list>
<bind>
<opset="bound_read "/>
</bind>
</comp>

<comp id="297" class="1005" name="icmp_ln264_reg_297">
<pin_list>
<pin id="298" dir="0" index="0" bw="1" slack="1"/>
<pin id="299" dir="1" index="1" bw="1" slack="2147483647"/>
</pin_list>
<bind>
<opset="icmp_ln264 "/>
</bind>
</comp>

<comp id="301" class="1005" name="sext_ln50_reg_301">
<pin_list>
<pin id="302" dir="0" index="0" bw="30" slack="1"/>
<pin id="303" dir="1" index="1" bw="30" slack="1"/>
</pin_list>
<bind>
<opset="sext_ln50 "/>
</bind>
</comp>

<comp id="306" class="1005" name="sext_ln50_2_reg_306">
<pin_list>
<pin id="307" dir="0" index="0" bw="30" slack="1"/>
<pin id="308" dir="1" index="1" bw="30" slack="1"/>
</pin_list>
<bind>
<opset="sext_ln50_2 "/>
</bind>
</comp>

<comp id="311" class="1005" name="sext_ln50_3_reg_311">
<pin_list>
<pin id="312" dir="0" index="0" bw="30" slack="1"/>
<pin id="313" dir="1" index="1" bw="30" slack="1"/>
</pin_list>
<bind>
<opset="sext_ln50_3 "/>
</bind>
</comp>

<comp id="317" class="1005" name="mul_ln50_reg_317">
<pin_list>
<pin id="318" dir="0" index="0" bw="30" slack="2"/>
<pin id="319" dir="1" index="1" bw="30" slack="2"/>
</pin_list>
<bind>
<opset="mul_ln50 "/>
</bind>
</comp>

<comp id="322" class="1005" name="mul_ln51_reg_322">
<pin_list>
<pin id="323" dir="0" index="0" bw="30" slack="2"/>
<pin id="324" dir="1" index="1" bw="30" slack="2"/>
</pin_list>
<bind>
<opset="mul_ln51 "/>
</bind>
</comp>

<comp id="327" class="1005" name="trunc_ln274_reg_327">
<pin_list>
<pin id="328" dir="0" index="0" bw="32" slack="3"/>
<pin id="329" dir="1" index="1" bw="32" slack="3"/>
</pin_list>
<bind>
<opset="trunc_ln274 "/>
</bind>
</comp>

</comp_list>

<net_list>
<net id="75"><net_src comp="10" pin="0"/><net_sink comp="72" pin=0"/></net>

<net id="79"><net_src comp="10" pin="0"/><net_sink comp="76" pin=0"/></net>

<net id="84"><net_src comp="22" pin="0"/><net_sink comp="80" pin=0"/></net>

<net id="85"><net_src comp="0" pin="0"/><net_sink comp="80" pin=1"/></net>

<net id="90"><net_src comp="36" pin="0"/><net_sink comp="86" pin=0"/></net>

<net id="91"><net_src comp="2" pin="0"/><net_sink comp="86" pin=1"/></net>

<net id="97"><net_src comp="62" pin="0"/><net_sink comp="92" pin=0"/></net>

<net id="98"><net_src comp="4" pin="0"/><net_sink comp="92" pin=1"/></net>

<net id="104"><net_src comp="62" pin="0"/><net_sink comp="99" pin=0"/></net>

<net id="105"><net_src comp="6" pin="0"/><net_sink comp="99" pin=1"/></net>

<net id="111"><net_src comp="32" pin="0"/><net_sink comp="106" pin=0"/></net>

<net id="112"><net_src comp="8" pin="0"/><net_sink comp="106" pin=2"/></net>

<net id="117"><net_src comp="24" pin="0"/><net_sink comp="113" pin=0"/></net>

<net id="122"><net_src comp="26" pin="0"/><net_sink comp="118" pin=0"/></net>

<net id="130"><net_src comp="123" pin="1"/><net_sink comp="126" pin=0"/></net>

<net id="135"><net_src comp="123" pin="1"/><net_sink comp="131" pin=0"/></net>

<net id="136"><net_src comp="28" pin="0"/><net_sink comp="131" pin=1"/></net>

<net id="141"><net_src comp="131" pin="2"/><net_sink comp="137" pin=0"/></net>

<net id="149"><net_src comp="142" pin="1"/><net_sink comp="145" pin=0"/></net>

<net id="150"><net_src comp="30" pin="0"/><net_sink comp="145" pin=1"/></net>

<net id="156"><net_src comp="145" pin="2"/><net_sink comp="151" pin=0"/></net>

<net id="157"><net_src comp="26" pin="0"/><net_sink comp="151" pin=1"/></net>

<net id="158"><net_src comp="142" pin="1"/><net_sink comp="151" pin=2"/></net>

<net id="162"><net_src comp="151" pin="3"/><net_sink comp="159" pin=0"/></net>

<net id="163"><net_src comp="159" pin="1"/><net_sink comp="106" pin=1"/></net>

<net id="168"><net_src comp="151" pin="3"/><net_sink comp="164" pin=0"/></net>

<net id="169"><net_src comp="34" pin="0"/><net_sink comp="164" pin=1"/></net>

<net id="174"><net_src comp="164" pin="2"/><net_sink comp="170" pin=0"/></net>

<net id="181"><net_src comp="38" pin="0"/><net_sink comp="175" pin=0"/></net>

<net id="182"><net_src comp="86" pin="2"/><net_sink comp="175" pin=1"/></net>

<net id="183"><net_src comp="40" pin="0"/><net_sink comp="175" pin=2"/></net>

<net id="184"><net_src comp="42" pin="0"/><net_sink comp="175" pin=3"/></net>

<net id="191"><net_src comp="38" pin="0"/><net_sink comp="185" pin=0"/></net>

<net id="192"><net_src comp="86" pin="2"/><net_sink comp="185" pin=1"/></net>

<net id="193"><net_src comp="44" pin="0"/><net_sink comp="185" pin=2"/></net>

<net id="194"><net_src comp="46" pin="0"/><net_sink comp="185" pin=3"/></net>

<net id="198"><net_src comp="106" pin="3"/><net_sink comp="195" pin=0"/></net>

<net id="202"><net_src comp="106" pin="3"/><net_sink comp="199" pin=0"/></net>

<net id="206"><net_src comp="195" pin="1"/><net_sink comp="203" pin=0"/></net>

<net id="210"><net_src comp="175" pin="4"/><net_sink comp="207" pin=0"/></net>

<net id="214"><net_src comp="199" pin="1"/><net_sink comp="211" pin=0"/></net>

<net id="218"><net_src comp="185" pin="4"/><net_sink comp="215" pin=0"/></net>

<net id="223"><net_src comp="203" pin="1"/><net_sink comp="219" pin=0"/></net>

<net id="224"><net_src comp="207" pin="1"/><net_sink comp="219" pin=1"/></net>

<net id="229"><net_src comp="211" pin="1"/><net_sink comp="225" pin=0"/></net>

<net id="230"><net_src comp="207" pin="1"/><net_sink comp="225" pin=1"/></net>

<net id="234"><net_src comp="86" pin="2"/><net_sink comp="231" pin=0"/></net>

<net id="241"><net_src comp="64" pin="0"/><net_sink comp="235" pin=0"/></net>

<net id="242"><net_src comp="66" pin="0"/><net_sink comp="235" pin=2"/></net>

<net id="243"><net_src comp="68" pin="0"/><net_sink comp="235" pin=3"/></net>

<net id="250"><net_src comp="64" pin="0"/><net_sink comp="244" pin=0"/></net>

<net id="251"><net_src comp="66" pin="0"/><net_sink comp="244" pin=2"/></net>

<net id="252"><net_src comp="68" pin="0"/><net_sink comp="244" pin=3"/></net>

<net id="258"><net_src comp="70" pin="0"/><net_sink comp="253" pin=0"/></net>

<net id="259"><net_src comp="244" pin="4"/><net_sink comp="253" pin=1"/></net>

<net id="260"><net_src comp="235" pin="4"/><net_sink comp="253" pin=2"/></net>

<net id="261"><net_src comp="253" pin="3"/><net_sink comp="99" pin=2"/></net>

<net id="267"><net_src comp="211" pin="1"/><net_sink comp="262" pin=0"/></net>

<net id="268"><net_src comp="215" pin="1"/><net_sink comp="262" pin=1"/></net>

<net id="269"><net_src comp="262" pin="3"/><net_sink comp="235" pin=1"/></net>

<net id="275"><net_src comp="203" pin="1"/><net_sink comp="270" pin=0"/></net>

<net id="276"><net_src comp="215" pin="1"/><net_sink comp="270" pin=1"/></net>

<net id="277"><net_src comp="270" pin="3"/><net_sink comp="244" pin=1"/></net>

<net id="281"><net_src comp="72" pin="1"/><net_sink comp="278" pin=0"/></net>

<net id="282"><net_src comp="278" pin="1"/><net_sink comp="118" pin=1"/></net>

<net id="283"><net_src comp="278" pin="1"/><net_sink comp="142" pin=0"/></net>

<net id="284"><net_src comp="278" pin="1"/><net_sink comp="170" pin=1"/></net>

<net id="288"><net_src comp="76" pin="1"/><net_sink comp="285" pin=0"/></net>

<net id="289"><net_src comp="285" pin="1"/><net_sink comp="113" pin=1"/></net>

<net id="290"><net_src comp="285" pin="1"/><net_sink comp="123" pin=0"/></net>

<net id="291"><net_src comp="285" pin="1"/><net_sink comp="137" pin=1"/></net>

<net id="295"><net_src comp="80" pin="2"/><net_sink comp="292" pin=0"/></net>

<net id="296"><net_src comp="292" pin="1"/><net_sink comp="126" pin=1"/></net>

<net id="300"><net_src comp="126" pin="2"/><net_sink comp="297" pin=0"/></net>

<net id="304"><net_src comp="203" pin="1"/><net_sink comp="301" pin=0"/></net>

<net id="305"><net_src comp="301" pin="1"/><net_sink comp="270" pin=0"/></net>

<net id="309"><net_src comp="211" pin="1"/><net_sink comp="306" pin=0"/></net>

<net id="310"><net_src comp="306" pin="1"/><net_sink comp="262" pin=0"/></net>

<net id="314"><net_src comp="215" pin="1"/><net_sink comp="311" pin=0"/></net>

<net id="315"><net_src comp="311" pin="1"/><net_sink comp="262" pin=1"/></net>

<net id="316"><net_src comp="311" pin="1"/><net_sink comp="270" pin=1"/></net>

<net id="320"><net_src comp="219" pin="2"/><net_sink comp="317" pin=0"/></net>

<net id="321"><net_src comp="317" pin="1"/><net_sink comp="262" pin=0"/></net>

<net id="325"><net_src comp="225" pin="2"/><net_sink comp="322" pin=0"/></net>

<net id="326"><net_src comp="322" pin="1"/><net_sink comp="270" pin=0"/></net>

<net id="330"><net_src comp="231" pin="1"/><net_sink comp="327" pin=0"/></net>

<net id="331"><net_src comp="327" pin="1"/><net_sink comp="92" pin=2"/></net>

</net_list>

</model> 
---------------- Datapath Model END ------------------

* FSMD analyzer results:
  - Output states:
	Port: twiddle_out0 | {7 }
	Port: twiddle_out1 | {7 }
 - Input state : 
	Port: twiddle_Pipeline_VITIS_LOOP_264_1_VITIS_LOOP_267_2 : bound | {1 }
	Port: twiddle_Pipeline_VITIS_LOOP_264_1_VITIS_LOOP_267_2 : fft1_out | {4 }
	Port: twiddle_Pipeline_VITIS_LOOP_264_1_VITIS_LOOP_267_2 : w_lut | {3 4 }
  - Chain level:
	State 1
		store_ln0 : 1
		store_ln267 : 1
	State 2
		icmp_ln264 : 1
		add_ln264 : 1
		br_ln264 : 2
		store_ln264 : 2
	State 3
		icmp_ln267 : 1
		select_ln264 : 2
		trunc_ln267 : 3
		call_ret : 4
		i_1 : 3
		store_ln267 : 4
	State 4
		w_M_real : 1
		w_M_imag : 1
		sext_ln50 : 2
		sext_ln50_1 : 1
		sext_ln50_2 : 2
		sext_ln50_3 : 1
		mul_ln50 : 3
		mul_ln50_1 : 3
		mul_ln51 : 3
		mul_ln51_1 : 3
	State 5
	State 6
		val_M_real : 1
		val_M_imag : 1
	State 7
		trunc_ln1 : 1
		trunc_ln275_1 : 1
		p_0 : 2
		write_ln275 : 3


============================================================
+ Verbose Summary: Datapath Resource usage 
============================================================

* Functional unit list:
|----------|-----------------------------|---------|---------|---------|---------|
| Operation|       Functional Unit       |   DSP   |  Delay  |    FF   |   LUT   |
|----------|-----------------------------|---------|---------|---------|---------|
|   icmp   |      icmp_ln264_fu_126      |    0    |    0    |    0    |    50   |
|          |      icmp_ln267_fu_145      |    0    |    0    |    0    |    19   |
|----------|-----------------------------|---------|---------|---------|---------|
|    add   |       add_ln264_fu_131      |    0    |    0    |    0    |    50   |
|          |          i_1_fu_164         |    0    |    0    |    0    |    19   |
|----------|-----------------------------|---------|---------|---------|---------|
|   call   | grp_get_phase_factor_fu_106 |    0    |  0.427  |    11   |    9    |
|----------|-----------------------------|---------|---------|---------|---------|
|    mul   |       mul_ln50_fu_219       |    1    |    0    |    0    |    5    |
|          |       mul_ln51_fu_225       |    1    |    0    |    0    |    5    |
|----------|-----------------------------|---------|---------|---------|---------|
|  select  |     select_ln264_fu_151     |    0    |    0    |    0    |    11   |
|----------|-----------------------------|---------|---------|---------|---------|
|  mulsub  |          grp_fu_262         |    1    |    0    |    0    |    0    |
|----------|-----------------------------|---------|---------|---------|---------|
|  muladd  |          grp_fu_270         |    1    |    0    |    0    |    0    |
|----------|-----------------------------|---------|---------|---------|---------|
|   read   |    bound_read_read_fu_80    |    0    |    0    |    0    |    0    |
|          |   fft1_out_read_read_fu_86  |    0    |    0    |    0    |    0    |
|----------|-----------------------------|---------|---------|---------|---------|
|   write  |   write_ln274_write_fu_92   |    0    |    0    |    0    |    0    |
|          |   write_ln275_write_fu_99   |    0    |    0    |    0    |    0    |
|----------|-----------------------------|---------|---------|---------|---------|
|   trunc  |      trunc_ln267_fu_159     |    0    |    0    |    0    |    0    |
|          |      trunc_ln274_fu_231     |    0    |    0    |    0    |    0    |
|----------|-----------------------------|---------|---------|---------|---------|
|          |   temp_data1_M_real_fu_175  |    0    |    0    |    0    |    0    |
|partselect|   temp_data1_M_imag_fu_185  |    0    |    0    |    0    |    0    |
|          |       trunc_ln1_fu_235      |    0    |    0    |    0    |    0    |
|          |     trunc_ln275_1_fu_244    |    0    |    0    |    0    |    0    |
|----------|-----------------------------|---------|---------|---------|---------|
|extractvalue|       w_M_real_fu_195       |    0    |    0    |    0    |    0    |
|          |       w_M_imag_fu_199       |    0    |    0    |    0    |    0    |
|----------|-----------------------------|---------|---------|---------|---------|
|          |       sext_ln50_fu_203      |    0    |    0    |    0    |    0    |
|   sext   |      sext_ln50_1_fu_207     |    0    |    0    |    0    |    0    |
|          |      sext_ln50_2_fu_211     |    0    |    0    |    0    |    0    |
|          |      sext_ln50_3_fu_215     |    0    |    0    |    0    |    0    |
|----------|-----------------------------|---------|---------|---------|---------|
|bitconcatenate|          p_0_fu_253         |    0    |    0    |    0    |    0    |
|----------|-----------------------------|---------|---------|---------|---------|
|   Total  |                             |    4    |  0.427  |    11   |   168   |
|----------|-----------------------------|---------|---------|---------|---------|

Memories:
N/A

* Register list:
+----------------------+--------+
|                      |   FF   |
+----------------------+--------+
|  bound_read_reg_292  |   43   |
|       i_reg_278      |   12   |
|  icmp_ln264_reg_297  |    1   |
|indvar_flatten_reg_285|   43   |
|   mul_ln50_reg_317   |   30   |
|   mul_ln51_reg_322   |   30   |
|  sext_ln50_2_reg_306 |   30   |
|  sext_ln50_3_reg_311 |   30   |
|   sext_ln50_reg_301  |   30   |
|  trunc_ln274_reg_327 |   32   |
+----------------------+--------+
|         Total        |   281  |
+----------------------+--------+

* Multiplexer (MUX) list: 
|------------|------|------|------|--------||---------||---------|
|    Comp    |  Pin | Size |  BW  | S x BW ||  Delay  ||   LUT   |
|------------|------|------|------|--------||---------||---------|
| grp_fu_262 |  p0  |   3  |  16  |   48   ||    14   |
| grp_fu_262 |  p1  |   2  |  16  |   32   ||    9    |
| grp_fu_270 |  p0  |   3  |  16  |   48   ||    14   |
| grp_fu_270 |  p1  |   2  |  16  |   32   ||    9    |
|------------|------|------|------|--------||---------||---------|
|    Total   |      |      |      |   160  ||  1.806  ||    46   |
|------------|------|------|------|--------||---------||---------|



* Summary:
+-----------+--------+--------+--------+--------+
|           |   DSP  |  Delay |   FF   |   LUT  |
+-----------+--------+--------+--------+--------+
|  Function |    4   |    0   |   11   |   168  |
|   Memory  |    -   |    -   |    -   |    -   |
|Multiplexer|    -   |    1   |    -   |   46   |
|  Register |    -   |    -   |   281  |    -   |
+-----------+--------+--------+--------+--------+
|   Total   |    4   |    2   |   292  |   214  |
+-----------+--------+--------+--------+--------+
