#-----------------------------------------------------------
# Vivado v2023.2 (64-bit)
# SW Build 4029153 on Fri Oct 13 20:13:54 MDT 2023
# IP Build 4028589 on Sat Oct 14 00:45:43 MDT 2023
# SharedData Build 4025554 on Tue Oct 10 17:18:54 MDT 2023
# Start of session at: Wed Mar 11 21:34:21 2026
# Process ID: 8088
# Current directory: /home/phongtran/Downloads/ssr-fft-main/fft_4k_ssr2_i16_c16_t16/hls_project/solution1/impl/ip
# Command line: vivado -notrace -mode batch -source run_ippack.tcl
# Log file: /home/phongtran/Downloads/ssr-fft-main/fft_4k_ssr2_i16_c16_t16/hls_project/solution1/impl/ip/vivado.log
# Journal file: /home/phongtran/Downloads/ssr-fft-main/fft_4k_ssr2_i16_c16_t16/hls_project/solution1/impl/ip/vivado.jou
# Running On: phongtran-Thin-GF63-12UCX, OS: Linux, CPU Frequency: 2800.076 MHz, CPU Physical cores: 8, Host memory: 16455 MB
#-----------------------------------------------------------
source run_ippack.tcl -notrace
INFO: [IP_Flow 19-234] Refreshing IP repositories
INFO: [IP_Flow 19-1704] No user IP repositories specified
INFO: [IP_Flow 19-2313] Loaded Vivado IP repository '/home/phongtran/Downloads/VIVADO/Vivado/2023.2/data/ip'.
WARNING: [IP_Flow 19-3374] An attempt to modify the value of disabled parameter 'memory_options_hybrid' from 'false' to '0' has been ignored for IP 'fft_4k_ssr2_i16_c16_t16_top_fft_syn_fft_params_3_core_ip'
INFO: [IP_Flow 19-1686] Generating 'Synthesis' target for IP 'fft_4k_ssr2_i16_c16_t16_top_fft_syn_fft_params_3_core_ip'...
INFO: [IP_Flow 19-1686] Generating 'Simulation' target for IP 'fft_4k_ssr2_i16_c16_t16_top_fft_syn_fft_params_3_core_ip'...
WARNING: [IP_Flow 19-3374] An attempt to modify the value of disabled parameter 'memory_options_hybrid' from 'false' to '0' has been ignored for IP 'fft_4k_ssr2_i16_c16_t16_top_fft_syn_fft_params_s_core_ip'
INFO: [IP_Flow 19-1686] Generating 'Synthesis' target for IP 'fft_4k_ssr2_i16_c16_t16_top_fft_syn_fft_params_s_core_ip'...
INFO: [IP_Flow 19-1686] Generating 'Simulation' target for IP 'fft_4k_ssr2_i16_c16_t16_top_fft_syn_fft_params_s_core_ip'...
INFO: [IP_Flow 19-234] Refreshing IP repositories
INFO: [IP_Flow 19-1704] No user IP repositories specified
INFO: [IP_Flow 19-2313] Loaded Vivado IP repository '/home/phongtran/Downloads/VIVADO/Vivado/2023.2/data/ip'.
INFO: [Common 17-206] Exiting Vivado at Wed Mar 11 21:34:33 2026...
