#-----------------------------------------------------------
# Vivado v2023.2 (64-bit)
# SW Build 4029153 on Fri Oct 13 20:13:54 MDT 2023
# IP Build 4028589 on Sat Oct 14 00:45:43 MDT 2023
# SharedData Build 4025554 on Tue Oct 10 17:18:54 MDT 2023
# Start of session at: Wed Mar 11 14:18:57 2026
# Process ID: 52295
# Current directory: /home/phongtran/Downloads/ssr-fft-main/fft_4k_ssr2_i16_c16_t16/hls_project/solution1/sim/verilog
# Command line: vivado -source open_wave.tcl
# Log file: /home/phongtran/Downloads/ssr-fft-main/fft_4k_ssr2_i16_c16_t16/hls_project/solution1/sim/verilog/vivado.log
# Journal file: /home/phongtran/Downloads/ssr-fft-main/fft_4k_ssr2_i16_c16_t16/hls_project/solution1/sim/verilog/vivado.jou
# Running On: phongtran-Thin-GF63-12UCX, OS: Linux, CPU Frequency: 917.521 MHz, CPU Physical cores: 8, Host memory: 16455 MB
#-----------------------------------------------------------
start_gui
source open_wave.tcl
# current_fileset
WARNING: [Board 49-26] cannot add Board Part xilinx.com:kc705:part0:1.6 available at /home/phongtran/Downloads/VIVADO/Vivado/2023.2/data/xhub/boards/XilinxBoardStore/boards/Xilinx/kc705/1.6/board.xml as part xc7k325tffg900-2 specified in board_part file is either invalid or not available
WARNING: [Board 49-26] cannot add Board Part xilinx.com:kcu105:part0:1.6 available at /home/phongtran/Downloads/VIVADO/Vivado/2023.2/data/xhub/boards/XilinxBoardStore/boards/Xilinx/kcu105/1.6/board.xml as part xcku040-ffva1156-2-e specified in board_part file is either invalid or not available
WARNING: [Board 49-26] cannot add Board Part xilinx.com:kcu105:part0:1.7 available at /home/phongtran/Downloads/VIVADO/Vivado/2023.2/data/xhub/boards/XilinxBoardStore/boards/Xilinx/kcu105/1.7/board.xml as part xcku040-ffva1156-2-e specified in board_part file is either invalid or not available
WARNING: [Board 49-26] cannot add Board Part xilinx.com:kcu1500:part0:1.2 available at /home/phongtran/Downloads/VIVADO/Vivado/2023.2/data/xhub/boards/XilinxBoardStore/boards/Xilinx/kcu1500/1.2/board.xml as part xcku115-flvb2104-2-e specified in board_part file is either invalid or not available
WARNING: [Board 49-26] cannot add Board Part xilinx.com:vc707:part0:1.4 available at /home/phongtran/Downloads/VIVADO/Vivado/2023.2/data/xhub/boards/XilinxBoardStore/boards/Xilinx/vc707/1.4/board.xml as part xc7vx485tffg1761-2 specified in board_part file is either invalid or not available
WARNING: [Board 49-26] cannot add Board Part xilinx.com:vc709:part0:1.8 available at /home/phongtran/Downloads/VIVADO/Vivado/2023.2/data/xhub/boards/XilinxBoardStore/boards/Xilinx/vc709/1.8/board.xml as part xc7vx690tffg1761-2 specified in board_part file is either invalid or not available
WARNING: [Board 49-26] cannot add Board Part xilinx.com:vck190:part0:2.2 available at /home/phongtran/Downloads/VIVADO/Vivado/2023.2/data/xhub/boards/XilinxBoardStore/boards/Xilinx/vck190/production/2.2/board.xml as part xcvc1902-vsva2197-2mp-e-s specified in board_part file is either invalid or not available
WARNING: [Board 49-26] cannot add Board Part xilinx.com:vck190:part0:3.0 available at /home/phongtran/Downloads/VIVADO/Vivado/2023.2/data/xhub/boards/XilinxBoardStore/boards/Xilinx/vck190/production/3.0/board.xml as part xcvc1902-vsva2197-2mp-e-s specified in board_part file is either invalid or not available
WARNING: [Board 49-26] cannot add Board Part xilinx.com:vck190:part0:3.1 available at /home/phongtran/Downloads/VIVADO/Vivado/2023.2/data/xhub/boards/XilinxBoardStore/boards/Xilinx/vck190/production/3.1/board.xml as part xcvc1902-vsva2197-2mp-e-s specified in board_part file is either invalid or not available
WARNING: [Board 49-26] cannot add Board Part xilinx.com:vck190:part0:3.2 available at /home/phongtran/Downloads/VIVADO/Vivado/2023.2/data/xhub/boards/XilinxBoardStore/boards/Xilinx/vck190/production/3.2/board.xml as part xcvc1902-vsva2197-2mp-e-s specified in board_part file is either invalid or not available
WARNING: [Board 49-26] cannot add Board Part xilinx.com:vck190_newl:part0:1.0 available at /home/phongtran/Downloads/VIVADO/Vivado/2023.2/data/xhub/boards/XilinxBoardStore/boards/Xilinx/vck190_newl/production/1.0/board.xml as part xcvc1902-vsva2197-2mp-e-s specified in board_part file is either invalid or not available
WARNING: [Board 49-26] cannot add Board Part xilinx.com:vck190_newl:part0:1.1 available at /home/phongtran/Downloads/VIVADO/Vivado/2023.2/data/xhub/boards/XilinxBoardStore/boards/Xilinx/vck190_newl/production/1.1/board.xml as part xcvc1902-vsva2197-2mp-e-s specified in board_part file is either invalid or not available
WARNING: [Board 49-26] cannot add Board Part xilinx.com:vcu108:part0:1.6 available at /home/phongtran/Downloads/VIVADO/Vivado/2023.2/data/xhub/boards/XilinxBoardStore/boards/Xilinx/vcu108/1.6/board.xml as part xcvu095-ffva2104-2-e specified in board_part file is either invalid or not available
WARNING: [Board 49-26] cannot add Board Part xilinx.com:vcu108:part0:1.7 available at /home/phongtran/Downloads/VIVADO/Vivado/2023.2/data/xhub/boards/XilinxBoardStore/boards/Xilinx/vcu108/1.7/board.xml as part xcvu095-ffva2104-2-e specified in board_part file is either invalid or not available
WARNING: [Board 49-26] cannot add Board Part xilinx.com:vcu110:part0:1.4 available at /home/phongtran/Downloads/VIVADO/Vivado/2023.2/data/xhub/boards/XilinxBoardStore/boards/Xilinx/vcu110/1.4/board.xml as part xcvu190-flgc2104-2-e specified in board_part file is either invalid or not available
WARNING: [Board 49-26] cannot add Board Part xilinx.com:vcu118:part0:2.0 available at /home/phongtran/Downloads/VIVADO/Vivado/2023.2/data/xhub/boards/XilinxBoardStore/boards/Xilinx/vcu118/2.0/board.xml as part xcvu9p-flga2104-2l-e specified in board_part file is either invalid or not available
WARNING: [Board 49-26] cannot add Board Part xilinx.com:vcu118:part0:2.3 available at /home/phongtran/Downloads/VIVADO/Vivado/2023.2/data/xhub/boards/XilinxBoardStore/boards/Xilinx/vcu118/2.3/board.xml as part xcvu9p-flga2104-2l-e specified in board_part file is either invalid or not available
WARNING: [Board 49-26] cannot add Board Part xilinx.com:vcu118:part0:2.4 available at /home/phongtran/Downloads/VIVADO/Vivado/2023.2/data/xhub/boards/XilinxBoardStore/boards/Xilinx/vcu118/2.4/board.xml as part xcvu9p-flga2104-2l-e specified in board_part file is either invalid or not available
WARNING: [Board 49-26] cannot add Board Part xilinx.com:vcu129:part0:1.0 available at /home/phongtran/Downloads/VIVADO/Vivado/2023.2/data/xhub/boards/XilinxBoardStore/boards/Xilinx/vcu129/production/1.0/board.xml as part xcvu29p-fsga2577-2l-e specified in board_part file is either invalid or not available
WARNING: [Board 49-26] cannot add Board Part xilinx.com:vcu1525:part0:1.3 available at /home/phongtran/Downloads/VIVADO/Vivado/2023.2/data/xhub/boards/XilinxBoardStore/boards/Xilinx/vcu1525/1.3/board.xml as part xcvu9p-fsgd2104-2l-e specified in board_part file is either invalid or not available
WARNING: [Board 49-26] cannot add Board Part xilinx.com:vek280:part0:1.0 available at /home/phongtran/Downloads/VIVADO/Vivado/2023.2/data/xhub/boards/XilinxBoardStore/boards/Xilinx/vek280/production/1.0/board.xml as part xcve2802-vsvh1760-2mp-e-s specified in board_part file is either invalid or not available
WARNING: [Board 49-26] cannot add Board Part xilinx.com:vek280_es:part0:1.0 available at /home/phongtran/Downloads/VIVADO/Vivado/2023.2/data/xhub/boards/XilinxBoardStore/boards/Xilinx/vek280/es/rev_a/1.0/board.xml as part xcve2802-vsvh1760-2lp-e-s-es1 specified in board_part file is either invalid or not available
WARNING: [Board 49-26] cannot add Board Part xilinx.com:vek280_es:part0:1.1 available at /home/phongtran/Downloads/VIVADO/Vivado/2023.2/data/xhub/boards/XilinxBoardStore/boards/Xilinx/vek280/es/rev_a/1.1/board.xml as part xcve2802-vsvh1760-2lp-e-s-es1 specified in board_part file is either invalid or not available
WARNING: [Board 49-26] cannot add Board Part xilinx.com:vek280_es_revb:part0:1.0 available at /home/phongtran/Downloads/VIVADO/Vivado/2023.2/data/xhub/boards/XilinxBoardStore/boards/Xilinx/vek280/es/rev_b/1.0/board.xml as part xcve2802-vsvh1760-2mp-e-s-es1 specified in board_part file is either invalid or not available
WARNING: [Board 49-26] cannot add Board Part xilinx.com:vek280_es_revb:part0:1.1 available at /home/phongtran/Downloads/VIVADO/Vivado/2023.2/data/xhub/boards/XilinxBoardStore/boards/Xilinx/vek280/es/rev_b/1.1/board.xml as part xcve2802-vsvh1760-2mp-e-s-es1 specified in board_part file is either invalid or not available
WARNING: [Board 49-26] cannot add Board Part xilinx.com:vermeo_t1_mpsoc:part0:1.0 available at /home/phongtran/Downloads/VIVADO/Vivado/2023.2/data/xhub/boards/XilinxBoardStore/boards/Xilinx/vermeo_t1_mpsoc/1.0/board.xml as part xczu19eg-ffvd1760-2l-e specified in board_part file is either invalid or not available
WARNING: [Board 49-26] cannot add Board Part xilinx.com:vermeo_t1_rfsoc:part0:1.0 available at /home/phongtran/Downloads/VIVADO/Vivado/2023.2/data/xhub/boards/XilinxBoardStore/boards/Xilinx/vermeo_t1_rfsoc/1.0/board.xml as part xczu21dr-ffvd1156-2l-e specified in board_part file is either invalid or not available
WARNING: [Board 49-26] cannot add Board Part xilinx.com:vhk158:part0:1.0 available at /home/phongtran/Downloads/VIVADO/Vivado/2023.2/data/xhub/boards/XilinxBoardStore/boards/Xilinx/vhk158/production/1.0/board.xml as part xcvh1582-vsva3697-2mp-e-s specified in board_part file is either invalid or not available
WARNING: [Board 49-26] cannot add Board Part xilinx.com:vhk158:part0:1.1 available at /home/phongtran/Downloads/VIVADO/Vivado/2023.2/data/xhub/boards/XilinxBoardStore/boards/Xilinx/vhk158/production/1.1/board.xml as part xcvh1582-vsva3697-2mp-e-s specified in board_part file is either invalid or not available
WARNING: [Board 49-26] cannot add Board Part xilinx.com:vhk158_es:part0:1.0 available at /home/phongtran/Downloads/VIVADO/Vivado/2023.2/data/xhub/boards/XilinxBoardStore/boards/Xilinx/vhk158/es/1.0/board.xml as part xcvh1582-vsva3697-2mp-e-s-es1 specified in board_part file is either invalid or not available
WARNING: [Board 49-26] cannot add Board Part xilinx.com:vhk158_es:part0:1.1 available at /home/phongtran/Downloads/VIVADO/Vivado/2023.2/data/xhub/boards/XilinxBoardStore/boards/Xilinx/vhk158/es/1.1/board.xml as part xcvh1582-vsva3697-2mp-e-s-es1 specified in board_part file is either invalid or not available
WARNING: [Board 49-26] cannot add Board Part xilinx.com:vmk180:part0:2.2 available at /home/phongtran/Downloads/VIVADO/Vivado/2023.2/data/xhub/boards/XilinxBoardStore/boards/Xilinx/vmk180/production/2.2/board.xml as part xcvm1802-vsva2197-2mp-e-s specified in board_part file is either invalid or not available
WARNING: [Board 49-26] cannot add Board Part xilinx.com:vmk180:part0:3.0 available at /home/phongtran/Downloads/VIVADO/Vivado/2023.2/data/xhub/boards/XilinxBoardStore/boards/Xilinx/vmk180/production/3.0/board.xml as part xcvm1802-vsva2197-2mp-e-s specified in board_part file is either invalid or not available
WARNING: [Board 49-26] cannot add Board Part xilinx.com:vmk180:part0:3.1 available at /home/phongtran/Downloads/VIVADO/Vivado/2023.2/data/xhub/boards/XilinxBoardStore/boards/Xilinx/vmk180/production/3.1/board.xml as part xcvm1802-vsva2197-2mp-e-s specified in board_part file is either invalid or not available
WARNING: [Board 49-26] cannot add Board Part xilinx.com:vmk180:part0:3.2 available at /home/phongtran/Downloads/VIVADO/Vivado/2023.2/data/xhub/boards/XilinxBoardStore/boards/Xilinx/vmk180/production/3.2/board.xml as part xcvm1802-vsva2197-2mp-e-s specified in board_part file is either invalid or not available
WARNING: [Board 49-26] cannot add Board Part xilinx.com:vmk180_newl:part0:1.0 available at /home/phongtran/Downloads/VIVADO/Vivado/2023.2/data/xhub/boards/XilinxBoardStore/boards/Xilinx/vmk180_newl/production/1.0/board.xml as part xcvm1802-vsva2197-2mp-e-s specified in board_part file is either invalid or not available
WARNING: [Board 49-26] cannot add Board Part xilinx.com:vmk180_newl:part0:1.1 available at /home/phongtran/Downloads/VIVADO/Vivado/2023.2/data/xhub/boards/XilinxBoardStore/boards/Xilinx/vmk180_newl/production/1.1/board.xml as part xcvm1802-vsva2197-2mp-e-s specified in board_part file is either invalid or not available
WARNING: [Board 49-26] cannot add Board Part xilinx.com:vpk120:part0:1.0 available at /home/phongtran/Downloads/VIVADO/Vivado/2023.2/data/xhub/boards/XilinxBoardStore/boards/Xilinx/vpk120/production/1.0/board.xml as part xcvp1202-vsva2785-2mp-e-s specified in board_part file is either invalid or not available
WARNING: [Board 49-26] cannot add Board Part xilinx.com:vpk120:part0:1.1 available at /home/phongtran/Downloads/VIVADO/Vivado/2023.2/data/xhub/boards/XilinxBoardStore/boards/Xilinx/vpk120/production/1.1/board.xml as part xcvp1202-vsva2785-2mp-e-s specified in board_part file is either invalid or not available
WARNING: [Board 49-26] cannot add Board Part xilinx.com:vpk120:part0:1.2 available at /home/phongtran/Downloads/VIVADO/Vivado/2023.2/data/xhub/boards/XilinxBoardStore/boards/Xilinx/vpk120/production/1.2/board.xml as part xcvp1202-vsva2785-2mp-e-s specified in board_part file is either invalid or not available
WARNING: [Board 49-26] cannot add Board Part xilinx.com:vpk180:part0:1.0 available at /home/phongtran/Downloads/VIVADO/Vivado/2023.2/data/xhub/boards/XilinxBoardStore/boards/Xilinx/vpk180/production/1.0/board.xml as part xcvp1802-lsvc4072-2mp-e-s specified in board_part file is either invalid or not available
WARNING: [Board 49-26] cannot add Board Part xilinx.com:vpk180:part0:1.1 available at /home/phongtran/Downloads/VIVADO/Vivado/2023.2/data/xhub/boards/XilinxBoardStore/boards/Xilinx/vpk180/production/1.1/board.xml as part xcvp1802-lsvc4072-2mp-e-s specified in board_part file is either invalid or not available
WARNING: [Board 49-26] cannot add Board Part xilinx.com:zc706:part0:1.4 available at /home/phongtran/Downloads/VIVADO/Vivado/2023.2/data/xhub/boards/XilinxBoardStore/boards/Xilinx/zc706/1.4/board.xml as part xc7z045ffg900-2 specified in board_part file is either invalid or not available
WARNING: [Board 49-26] cannot add Board Part xilinx.com:zcu102:part0:3.3 available at /home/phongtran/Downloads/VIVADO/Vivado/2023.2/data/xhub/boards/XilinxBoardStore/boards/Xilinx/zcu102/3.3/board.xml as part xczu9eg-ffvb1156-2-e specified in board_part file is either invalid or not available
WARNING: [Board 49-26] cannot add Board Part xilinx.com:zcu102:part0:3.4 available at /home/phongtran/Downloads/VIVADO/Vivado/2023.2/data/xhub/boards/XilinxBoardStore/boards/Xilinx/zcu102/3.4/board.xml as part xczu9eg-ffvb1156-2-e specified in board_part file is either invalid or not available
WARNING: [Board 49-26] cannot add Board Part xilinx.com:zcu111:part0:1.2 available at /home/phongtran/Downloads/VIVADO/Vivado/2023.2/data/xhub/boards/XilinxBoardStore/boards/Xilinx/zcu111/1.2/board.xml as part xczu28dr-ffvg1517-2-e specified in board_part file is either invalid or not available
WARNING: [Board 49-26] cannot add Board Part xilinx.com:zcu111:part0:1.3 available at /home/phongtran/Downloads/VIVADO/Vivado/2023.2/data/xhub/boards/XilinxBoardStore/boards/Xilinx/zcu111/1.3/board.xml as part xczu28dr-ffvg1517-2-e specified in board_part file is either invalid or not available
WARNING: [Board 49-26] cannot add Board Part xilinx.com:zcu111:part0:1.4 available at /home/phongtran/Downloads/VIVADO/Vivado/2023.2/data/xhub/boards/XilinxBoardStore/boards/Xilinx/zcu111/1.4/board.xml as part xczu28dr-ffvg1517-2-e specified in board_part file is either invalid or not available
WARNING: [Board 49-26] cannot add Board Part xilinx.com:zcu1275:part0:1.0 available at /home/phongtran/Downloads/VIVADO/Vivado/2023.2/data/xhub/boards/XilinxBoardStore/boards/Xilinx/zcu1275/1.0/board.xml as part xczu29dr-ffvf1760-2-e specified in board_part file is either invalid or not available
WARNING: [Board 49-26] cannot add Board Part xilinx.com:zcu1285:part0:1.0 available at /home/phongtran/Downloads/VIVADO/Vivado/2023.2/data/xhub/boards/XilinxBoardStore/boards/Xilinx/zcu1285/1.0/board.xml as part xczu39dr-ffvf1760-2-i specified in board_part file is either invalid or not available
WARNING: [Board 49-26] cannot add Board Part xilinx.com:zcu208:part0:2.0 available at /home/phongtran/Downloads/VIVADO/Vivado/2023.2/data/xhub/boards/XilinxBoardStore/boards/Xilinx/zcu208/production/2.0/board.xml as part xczu48dr-fsvg1517-2-e specified in board_part file is either invalid or not available
WARNING: [Board 49-26] cannot add Board Part xilinx.com:zcu208ld:part0:2.0 available at /home/phongtran/Downloads/VIVADO/Vivado/2023.2/data/xhub/boards/XilinxBoardStore/boards/Xilinx/zcu208ld/production/2.0/board.xml as part xczu58dr-fsvg1517-2-i specified in board_part file is either invalid or not available
WARNING: [Board 49-26] cannot add Board Part xilinx.com:zcu216:part0:2.0 available at /home/phongtran/Downloads/VIVADO/Vivado/2023.2/data/xhub/boards/XilinxBoardStore/boards/Xilinx/zcu216/production/2.0/board.xml as part xczu49dr-ffvf1760-2-e specified in board_part file is either invalid or not available
WARNING: [Board 49-26] cannot add Board Part xilinx.com:zcu216ld:part0:2.0 available at /home/phongtran/Downloads/VIVADO/Vivado/2023.2/data/xhub/boards/XilinxBoardStore/boards/Xilinx/zcu216ld/production/2.0/board.xml as part xczu59dr-ffvf1760-2-i specified in board_part file is either invalid or not available
WARNING: [Board 49-26] cannot add Board Part xilinx.com:zcu670:part0:2.0 available at /home/phongtran/Downloads/VIVADO/Vivado/2023.2/data/xhub/boards/XilinxBoardStore/boards/Xilinx/zcu670/2.0/board.xml as part xczu67dr-fsve1156-2-i specified in board_part file is either invalid or not available
WARNING: [Board 49-26] cannot add Board Part xilinx.com:zcu670ld:part0:1.0 available at /home/phongtran/Downloads/VIVADO/Vivado/2023.2/data/xhub/boards/XilinxBoardStore/boards/Xilinx/zcu670ld/1.0/board.xml as part xczu57dr-fsve1156-2-i specified in board_part file is either invalid or not available
INFO: [IP_Flow 19-234] Refreshing IP repositories
INFO: [IP_Flow 19-1704] No user IP repositories specified
INFO: [IP_Flow 19-2313] Loaded Vivado IP repository '/home/phongtran/Downloads/VIVADO/Vivado/2023.2/data/ip'.
current_fileset: Time (s): cpu = 00:00:13 ; elapsed = 00:00:06 . Memory (MB): peak = 7714.355 ; gain = 288.238 ; free physical = 200 ; free virtual = 3084
# open_wave_database fft_4k_ssr2_i16_c16_t16_top.wdb
INFO: [Wavedata 42-564]   Found protocol instance at /apatb_fft_4k_ssr2_i16_c16_t16_top_top/AESL_inst_fft_4k_ssr2_i16_c16_t16_top/AESL_inst_fft_4k_ssr2_i16_c16_t16_top_activity
INFO: [Wavedata 42-564]   Found protocol instance at /apatb_fft_4k_ssr2_i16_c16_t16_top_top/AESL_inst_fft_4k_ssr2_i16_c16_t16_top/grp_fft_core_fu_78/dma_in_U0/dma_in_U0_activity
INFO: [Wavedata 42-564]   Found protocol instance at /apatb_fft_4k_ssr2_i16_c16_t16_top_top/AESL_inst_fft_4k_ssr2_i16_c16_t16_top/grp_fft_core_fu_78/dma_in_U0/grp_dma_in_Pipeline_VITIS_LOOP_61_1_fu_102/grp_dma_in_Pipeline_VITIS_LOOP_61_1_fu_102_activity
INFO: [Wavedata 42-564]   Found protocol instance at /apatb_fft_4k_ssr2_i16_c16_t16_top_top/AESL_inst_fft_4k_ssr2_i16_c16_t16_top/grp_fft_core_fu_78/dma_out_U0/dma_out_U0_activity
INFO: [Wavedata 42-564]   Found protocol instance at /apatb_fft_4k_ssr2_i16_c16_t16_top_top/AESL_inst_fft_4k_ssr2_i16_c16_t16_top/grp_fft_core_fu_78/dma_out_U0/grp_dma_out_Pipeline_VITIS_LOOP_90_1_fu_103/grp_dma_out_Pipeline_VITIS_LOOP_90_1_fu_103_activity
INFO: [Wavedata 42-564]   Found protocol instance at /apatb_fft_4k_ssr2_i16_c16_t16_top_top/AESL_inst_fft_4k_ssr2_i16_c16_t16_top/grp_fft_core_fu_78/entry_proc_U0/entry_proc_U0_activity
INFO: [Wavedata 42-564]   Found protocol instance at /apatb_fft_4k_ssr2_i16_c16_t16_top_top/AESL_inst_fft_4k_ssr2_i16_c16_t16_top/grp_fft_core_fu_78/fft_serial_kernel_1_wrapper_U0/entry_proc74_U0/entry_proc74_U0_activity
INFO: [Wavedata 42-564]   Found protocol instance at /apatb_fft_4k_ssr2_i16_c16_t16_top_top/AESL_inst_fft_4k_ssr2_i16_c16_t16_top/grp_fft_core_fu_78/fft_serial_kernel_1_wrapper_U0/fft_serial_kernel_1_U0/dataflow_in_loop_VITIS_LOOP_310_1_U0/Block_newFuncRoot_proc_proc15_U0/Block_newFuncRoot_proc_proc15_U0_activity
INFO: [Wavedata 42-564]   Found protocol instance at /apatb_fft_4k_ssr2_i16_c16_t16_top_top/AESL_inst_fft_4k_ssr2_i16_c16_t16_top/grp_fft_core_fu_78/fft_serial_kernel_1_wrapper_U0/fft_serial_kernel_1_U0/dataflow_in_loop_VITIS_LOOP_310_1_U0/Block_newFuncRoot_proc_proc16_U0/Block_newFuncRoot_proc_proc16_U0_activity
INFO: [Wavedata 42-564]   Found protocol instance at /apatb_fft_4k_ssr2_i16_c16_t16_top_top/AESL_inst_fft_4k_ssr2_i16_c16_t16_top/grp_fft_core_fu_78/fft_serial_kernel_1_wrapper_U0/fft_serial_kernel_1_U0/dataflow_in_loop_VITIS_LOOP_310_1_U0/Block_newFuncRoot_proc_proc_U0/Block_newFuncRoot_proc_proc_U0_activity
INFO: [Wavedata 42-564]   Found protocol instance at /apatb_fft_4k_ssr2_i16_c16_t16_top_top/AESL_inst_fft_4k_ssr2_i16_c16_t16_top/grp_fft_core_fu_78/fft_serial_kernel_1_wrapper_U0/fft_serial_kernel_1_U0/dataflow_in_loop_VITIS_LOOP_310_1_U0/dataflow_in_loop_VITIS_LOOP_310_1_U0_activity
INFO: [Wavedata 42-564]   Found protocol instance at /apatb_fft_4k_ssr2_i16_c16_t16_top_top/AESL_inst_fft_4k_ssr2_i16_c16_t16_top/grp_fft_core_fu_78/fft_serial_kernel_1_wrapper_U0/fft_serial_kernel_1_U0/dataflow_in_loop_VITIS_LOOP_310_1_U0/fft_fft_params_2_U0/fft_syn_fft_params_U0/fft_syn_fft_params_U0_activity
INFO: [Wavedata 42-564]   Found protocol instance at /apatb_fft_4k_ssr2_i16_c16_t16_top_top/AESL_inst_fft_4k_ssr2_i16_c16_t16_top/grp_fft_core_fu_78/fft_serial_kernel_1_wrapper_U0/fft_serial_kernel_1_U0/fft_serial_kernel_1_U0_activity
INFO: [Wavedata 42-564]   Found protocol instance at /apatb_fft_4k_ssr2_i16_c16_t16_top_top/AESL_inst_fft_4k_ssr2_i16_c16_t16_top/grp_fft_core_fu_78/fft_serial_kernel_1_wrapper_U0/fft_serial_kernel_1_wrapper_U0_activity
INFO: [Wavedata 42-564]   Found protocol instance at /apatb_fft_4k_ssr2_i16_c16_t16_top_top/AESL_inst_fft_4k_ssr2_i16_c16_t16_top/grp_fft_core_fu_78/fft_serial_kernel_wrapper_U0/entry_proc107_U0/entry_proc107_U0_activity
INFO: [Wavedata 42-564]   Found protocol instance at /apatb_fft_4k_ssr2_i16_c16_t16_top_top/AESL_inst_fft_4k_ssr2_i16_c16_t16_top/grp_fft_core_fu_78/fft_serial_kernel_wrapper_U0/fft_serial_kernel_U0/dataflow_in_loop_VITIS_LOOP_310_1_130_U0/Block_newFuncRoot_proc_proc17_U0/Block_newFuncRoot_proc_proc17_U0_activity
INFO: [Wavedata 42-564]   Found protocol instance at /apatb_fft_4k_ssr2_i16_c16_t16_top_top/AESL_inst_fft_4k_ssr2_i16_c16_t16_top/grp_fft_core_fu_78/fft_serial_kernel_wrapper_U0/fft_serial_kernel_U0/dataflow_in_loop_VITIS_LOOP_310_1_130_U0/Block_newFuncRoot_proc_proc18_U0/Block_newFuncRoot_proc_proc18_U0_activity
INFO: [Wavedata 42-564]   Found protocol instance at /apatb_fft_4k_ssr2_i16_c16_t16_top_top/AESL_inst_fft_4k_ssr2_i16_c16_t16_top/grp_fft_core_fu_78/fft_serial_kernel_wrapper_U0/fft_serial_kernel_U0/dataflow_in_loop_VITIS_LOOP_310_1_130_U0/Block_newFuncRoot_proc_proc19_U0/Block_newFuncRoot_proc_proc19_U0_activity
INFO: [Wavedata 42-564]   Found protocol instance at /apatb_fft_4k_ssr2_i16_c16_t16_top_top/AESL_inst_fft_4k_ssr2_i16_c16_t16_top/grp_fft_core_fu_78/fft_serial_kernel_wrapper_U0/fft_serial_kernel_U0/dataflow_in_loop_VITIS_LOOP_310_1_130_U0/dataflow_in_loop_VITIS_LOOP_310_1_130_U0_activity
INFO: [Wavedata 42-564]   Found protocol instance at /apatb_fft_4k_ssr2_i16_c16_t16_top_top/AESL_inst_fft_4k_ssr2_i16_c16_t16_top/grp_fft_core_fu_78/fft_serial_kernel_wrapper_U0/fft_serial_kernel_U0/dataflow_in_loop_VITIS_LOOP_310_1_130_U0/fft_fft_params_U0/fft_syn_fft_params_3_U0/fft_syn_fft_params_3_U0_activity
INFO: [Wavedata 42-564]   Found protocol instance at /apatb_fft_4k_ssr2_i16_c16_t16_top_top/AESL_inst_fft_4k_ssr2_i16_c16_t16_top/grp_fft_core_fu_78/fft_serial_kernel_wrapper_U0/fft_serial_kernel_U0/fft_serial_kernel_U0_activity
INFO: [Wavedata 42-564]   Found protocol instance at /apatb_fft_4k_ssr2_i16_c16_t16_top_top/AESL_inst_fft_4k_ssr2_i16_c16_t16_top/grp_fft_core_fu_78/fft_serial_kernel_wrapper_U0/fft_serial_kernel_wrapper_U0_activity
INFO: [Wavedata 42-564]   Found protocol instance at /apatb_fft_4k_ssr2_i16_c16_t16_top_top/AESL_inst_fft_4k_ssr2_i16_c16_t16_top/grp_fft_core_fu_78/grp_fft_core_fu_78_activity
INFO: [Wavedata 42-564]   Found protocol instance at /apatb_fft_4k_ssr2_i16_c16_t16_top_top/AESL_inst_fft_4k_ssr2_i16_c16_t16_top/grp_fft_core_fu_78/joiner_U0/grp_joiner_Pipeline_VITIS_LOOP_285_1_VITIS_LOOP_288_2_fu_73/grp_joiner_Pipeline_VITIS_LOOP_285_1_VITIS_LOOP_288_2_fu_73_activity
INFO: [Wavedata 42-564]   Found protocol instance at /apatb_fft_4k_ssr2_i16_c16_t16_top_top/AESL_inst_fft_4k_ssr2_i16_c16_t16_top/grp_fft_core_fu_78/joiner_U0/joiner_U0_activity
INFO: [Wavedata 42-564]   Found protocol instance at /apatb_fft_4k_ssr2_i16_c16_t16_top_top/AESL_inst_fft_4k_ssr2_i16_c16_t16_top/grp_fft_core_fu_78/radix2p_U0/grp_radix2p_Pipeline_VITIS_LOOP_172_1_VITIS_LOOP_175_2_fu_72/grp_radix2p_Pipeline_VITIS_LOOP_172_1_VITIS_LOOP_175_2_fu_72_activity
INFO: [Wavedata 42-564]   Found protocol instance at /apatb_fft_4k_ssr2_i16_c16_t16_top_top/AESL_inst_fft_4k_ssr2_i16_c16_t16_top/grp_fft_core_fu_78/radix2p_U0/radix2p_U0_activity
INFO: [Wavedata 42-564]   Found protocol instance at /apatb_fft_4k_ssr2_i16_c16_t16_top_top/AESL_inst_fft_4k_ssr2_i16_c16_t16_top/grp_fft_core_fu_78/reorder_U0/grp_reorder_Pipeline_pipeup_l1_pipeup_l2_fu_392/grp_reorder_Pipeline_pipeup_l1_pipeup_l2_fu_392_activity
INFO: [Wavedata 42-564]   Found protocol instance at /apatb_fft_4k_ssr2_i16_c16_t16_top_top/AESL_inst_fft_4k_ssr2_i16_c16_t16_top/grp_fft_core_fu_78/reorder_U0/reorder_U0_activity
INFO: [Wavedata 42-564]   Found protocol instance at /apatb_fft_4k_ssr2_i16_c16_t16_top_top/AESL_inst_fft_4k_ssr2_i16_c16_t16_top/grp_fft_core_fu_78/twiddle_U0/grp_twiddle_Pipeline_VITIS_LOOP_264_1_VITIS_LOOP_267_2_fu_96/grp_get_phase_factor_fu_106/grp_get_phase_factor_fu_106_activity
INFO: [Wavedata 42-564]   Found protocol instance at /apatb_fft_4k_ssr2_i16_c16_t16_top_top/AESL_inst_fft_4k_ssr2_i16_c16_t16_top/grp_fft_core_fu_78/twiddle_U0/grp_twiddle_Pipeline_VITIS_LOOP_264_1_VITIS_LOOP_267_2_fu_96/grp_twiddle_Pipeline_VITIS_LOOP_264_1_VITIS_LOOP_267_2_fu_96_activity
INFO: [Wavedata 42-564]   Found protocol instance at /apatb_fft_4k_ssr2_i16_c16_t16_top_top/AESL_inst_fft_4k_ssr2_i16_c16_t16_top/grp_fft_core_fu_78/twiddle_U0/twiddle_U0_activity
open_wave_config /home/phongtran/Downloads/ssr-fft-main/fft_4k_ssr2_i16_c16_t16/hls_project/solution1/sim/verilog/fft_4k_ssr2_i16_c16_t16_top.wcfg
current_wave_config {fft_4k_ssr2_i16_c16_t16_top.wcfg}
fft_4k_ssr2_i16_c16_t16_top.wcfg
add_wave {{/apatb_fft_4k_ssr2_i16_c16_t16_top_top/AESL_AXI_MASTER_gmem1/clk}} 
current_wave_config {fft_4k_ssr2_i16_c16_t16_top.wcfg}
fft_4k_ssr2_i16_c16_t16_top.wcfg
add_wave {{/apatb_fft_4k_ssr2_i16_c16_t16_top_top/AESL_AXI_MASTER_gmem1/reset}} 
