

================================================================
== Vitis HLS Report for 'dataflow_in_loop_VITIS_LOOP_158_1'
================================================================
* Date:           Tue Mar  3 20:53:54 2026

* Version:        2023.2 (Build 4023990 on Oct 11 2023)
* Project:        hls_project
* Solution:       solution1 (Vivado IP Flow Target)
* Product family: zynquplus
* Target device:  xck26-sfvc784-2LV-c


================================================================
== Performance Estimates
================================================================
+ Timing: 
    * Summary: 
    +--------+---------+----------+------------+
    |  Clock |  Target | Estimated| Uncertainty|
    +--------+---------+----------+------------+
    |ap_clk  |  3.00 ns|  2.190 ns|     0.81 ns|
    +--------+---------+----------+------------+

+ Latency: 
    * Summary: 
    +---------+---------+----------+----------+-----+-----+----------+
    |  Latency (cycles) |  Latency (absolute) |  Interval | Pipeline |
    |   min   |   max   |    min   |    max   | min | max |   Type   |
    +---------+---------+----------+----------+-----+-----+----------+
    |      105|      105|  0.315 us|  0.315 us|  104|  104|  dataflow|
    +---------+---------+----------+----------+-----+-----+----------+

    + Detail: 
        * Instance: 
        +---------------------------------+------------------------------+---------+---------+----------+----------+-----+-----+----------+
        |                                 |                              |  Latency (cycles) |  Latency (absolute) |  Interval | Pipeline |
        |             Instance            |            Module            |   min   |   max   |    min   |    max   | min | max |   Type   |
        +---------------------------------+------------------------------+---------+---------+----------+----------+-----+-----+----------+
        |Block_newFuncRoot_proc_proc_U0   |Block_newFuncRoot_proc_proc   |        0|        0|      0 ns|      0 ns|    0|    0|        no|
        |Block_newFuncRoot_proc_proc5_U0  |Block_newFuncRoot_proc_proc5  |        0|        0|      0 ns|      0 ns|    0|    0|        no|
        |fft_fft_params_U0                |fft_fft_params_s              |      103|      103|  0.309 us|  0.309 us|  104|  104|  dataflow|
        |Block_newFuncRoot_proc_proc6_U0  |Block_newFuncRoot_proc_proc6  |        0|        0|      0 ns|      0 ns|    0|    0|        no|
        +---------------------------------+------------------------------+---------+---------+----------+----------+-----+-----+----------+

        * Loop: 
        N/A



================================================================
== Utilization Estimates
================================================================
* Summary: 
+-----------------+---------+------+--------+--------+-----+
|       Name      | BRAM_18K|  DSP |   FF   |   LUT  | URAM|
+-----------------+---------+------+--------+--------+-----+
|DSP              |        -|     -|       -|       -|    -|
|Expression       |        -|     -|       0|       2|    -|
|FIFO             |        -|     -|     297|     201|    -|
|Instance         |        1|     0|    3104|    2374|    -|
|Memory           |        -|     -|       -|       -|    -|
|Multiplexer      |        -|     -|       -|       -|    -|
|Register         |        -|     -|       -|       -|    -|
+-----------------+---------+------+--------+--------+-----+
|Total            |        1|     0|    3401|    2577|    0|
+-----------------+---------+------+--------+--------+-----+
|Available        |      288|  1248|  234240|  117120|   64|
+-----------------+---------+------+--------+--------+-----+
|Utilization (%)  |       ~0|     0|       1|       2|    0|
+-----------------+---------+------+--------+--------+-----+

+ Detail: 
    * Instance: 
    +---------------------------------+------------------------------+---------+----+------+------+-----+
    |             Instance            |            Module            | BRAM_18K| DSP|  FF  |  LUT | URAM|
    +---------------------------------+------------------------------+---------+----+------+------+-----+
    |Block_newFuncRoot_proc_proc_U0   |Block_newFuncRoot_proc_proc   |        0|   0|     6|    20|    0|
    |Block_newFuncRoot_proc_proc5_U0  |Block_newFuncRoot_proc_proc5  |        0|   0|     3|    29|    0|
    |Block_newFuncRoot_proc_proc6_U0  |Block_newFuncRoot_proc_proc6  |        0|   0|     2|    20|    0|
    |fft_fft_params_U0                |fft_fft_params_s              |        1|   0|  3093|  2305|    0|
    +---------------------------------+------------------------------+---------+----+------+------+-----+
    |Total                            |                              |        1|   0|  3104|  2374|    0|
    +---------------------------------+------------------------------+---------+----+------+------+-----+

    * DSP: 
    N/A

    * Memory: 
    N/A

    * FIFO: 
    +--------------+---------+----+----+-----+------+-----+---------+
    |     Name     | BRAM_18K| FF | LUT| URAM| Depth| Bits| Size:D*B|
    +--------------+---------+----+----+-----+------+-----+---------+
    |empty_U       |        0|  99|   0|    -|     2|    8|       16|
    |fft_config_U  |        0|  99|   0|    -|     2|    8|       16|
    |fft_status_U  |        0|  99|   0|    -|     2|    8|       16|
    +--------------+---------+----+----+-----+------+-----+---------+
    |Total         |        0| 297|   0|    0|     6|   24|       48|
    +--------------+---------+----+----+-----+------+-----+---------+

    * Expression: 
    +--------------+----------+----+---+----+------------+------------+
    | Variable Name| Operation| DSP| FF| LUT| Bitwidth P0| Bitwidth P1|
    +--------------+----------+----+---+----+------------+------------+
    |ap_idle       |       and|   0|  0|   2|           1|           1|
    +--------------+----------+----+---+----+------------+------------+
    |Total         |          |   0|  0|   2|           1|           1|
    +--------------+----------+----+---+----+------------+------------+

    * Multiplexer: 
    N/A

    * Register: 
    N/A



================================================================
== Interface
================================================================
* Summary: 
+----------------------+-----+-----+------------+-----------------------------------+--------------+
|       RTL Ports      | Dir | Bits|  Protocol  |           Source Object           |    C Type    |
+----------------------+-----+-----+------------+-----------------------------------+--------------+
|input_stream_dout     |   in|   32|     ap_fifo|                       input_stream|       pointer|
|input_stream_empty_n  |   in|    1|     ap_fifo|                       input_stream|       pointer|
|input_stream_read     |  out|    1|     ap_fifo|                       input_stream|       pointer|
|fft_out_din           |  out|   32|     ap_fifo|                            fft_out|       pointer|
|fft_out_full_n        |   in|    1|     ap_fifo|                            fft_out|       pointer|
|fft_out_write         |  out|    1|     ap_fifo|                            fft_out|       pointer|
|ap_clk                |   in|    1|  ap_ctrl_hs|  dataflow_in_loop_VITIS_LOOP_158_1|  return value|
|ap_rst                |   in|    1|  ap_ctrl_hs|  dataflow_in_loop_VITIS_LOOP_158_1|  return value|
|ap_start              |   in|    1|  ap_ctrl_hs|  dataflow_in_loop_VITIS_LOOP_158_1|  return value|
|ap_done               |  out|    1|  ap_ctrl_hs|  dataflow_in_loop_VITIS_LOOP_158_1|  return value|
|ap_ready              |  out|    1|  ap_ctrl_hs|  dataflow_in_loop_VITIS_LOOP_158_1|  return value|
|ap_idle               |  out|    1|  ap_ctrl_hs|  dataflow_in_loop_VITIS_LOOP_158_1|  return value|
|ap_continue           |   in|    1|  ap_ctrl_hs|  dataflow_in_loop_VITIS_LOOP_158_1|  return value|
+----------------------+-----+-----+------------+-----------------------------------+--------------+

============================================================
+ Verbose Summary: Synthesis Manager
============================================================
InlineROM: 1
ExposeGlobal: 0
============================================================
+ Verbose Summary: CDFG Model
============================================================
IsTopModel: 0
ResetActiveHigh: 1
IsCombinational: 2
IsDatapathOnly: 0
HasWiredReturn: 1
HasMFsm: 0
HasVarLatency: 1
IsPipeline: 0
IsRtlPipelined: 0
IsInstanceOverlapped: 0
IsDontTouch: 0
HasImplIP: 0
IsGatedGlobalClock: 0


============================================================
+ Verbose Summary: Schedule
============================================================
* Number of FSM states : 5
* Pipeline : 0
* Dataflow Pipeline: 1
  DF-Pipeline-0: Size = 5, States = { 1 2 3 4 5 }

* FSM state transitions: 
1 --> 2 
2 --> 3 
3 --> 4 
4 --> 5 
5 --> 

* FSM state operations: 

State 1 <SV = 0> <Delay = 0.00>
ST_1 : Operation 6 [1/1] (0.00ns)   --->   "%empty = alloca i64 1"   --->   Operation 6 'alloca' 'empty' <Predicate = true> <Delay = 0.00> <CoreInst = "FIFO_SRL">   --->   Core 81 'FIFO_SRL' <Latency = 0> <II = 1> <Delay = 1.83> <Storage> <Opcode : 'read' 'write' 'nbread' 'nbwrite'> <Ports = 0> <Width = 8> <Depth = 2> <FIFO>
ST_1 : Operation 7 [1/1] (0.00ns)   --->   "%fft_config = alloca i64 1" [fft_16_ssr1_i16_c16_t16.cpp:153]   --->   Operation 7 'alloca' 'fft_config' <Predicate = true> <Delay = 0.00> <CoreInst = "FIFO_SRL">   --->   Core 81 'FIFO_SRL' <Latency = 0> <II = 1> <Delay = 1.83> <Storage> <Opcode : 'read' 'write' 'nbread' 'nbwrite'> <Ports = 0> <Width = 8> <Depth = 2> <FIFO>
ST_1 : Operation 8 [1/1] (0.00ns)   --->   "%fft_status = alloca i64 1" [fft_16_ssr1_i16_c16_t16.cpp:152]   --->   Operation 8 'alloca' 'fft_status' <Predicate = true> <Delay = 0.00> <CoreInst = "FIFO_SRL">   --->   Core 81 'FIFO_SRL' <Latency = 0> <II = 1> <Delay = 1.83> <Storage> <Opcode : 'read' 'write' 'nbread' 'nbwrite'> <Ports = 0> <Width = 8> <Depth = 2> <FIFO>
ST_1 : Operation 9 [1/1] (0.00ns)   --->   "%call_ln162 = call void @Block_newFuncRoot_proc_proc, i8 %empty" [fft_16_ssr1_i16_c16_t16.cpp:162]   --->   Operation 9 'call' 'call_ln162' <Predicate = true> <Delay = 0.00> <CoreType = "Generic">   --->   Core 0 '' <Latency = 0> <II = 1> <Delay = 1.00> <Generic> <Opcode : >

State 2 <SV = 1> <Delay = 0.00>
ST_2 : Operation 10 [1/1] (0.00ns)   --->   "%call_ln162 = call void @Block_newFuncRoot_proc_proc5, i8 %fft_config, i8 %empty" [fft_16_ssr1_i16_c16_t16.cpp:162]   --->   Operation 10 'call' 'call_ln162' <Predicate = true> <Delay = 0.00> <CoreType = "Generic">   --->   Core 0 '' <Latency = 0> <II = 1> <Delay = 1.00> <Generic> <Opcode : >

State 3 <SV = 2> <Delay = 0.00>
ST_3 : Operation 11 [2/2] (0.00ns)   --->   "%call_ln163 = call void @fft<fft_params>, i32 %input_stream, i32 %fft_out, i8 %fft_status, i8 %fft_config" [fft_16_ssr1_i16_c16_t16.cpp:163]   --->   Operation 11 'call' 'call_ln163' <Predicate = true> <Delay = 0.00> <CoreType = "Generic">   --->   Core 0 '' <Latency = 0> <II = 1> <Delay = 1.00> <Generic> <Opcode : >

State 4 <SV = 3> <Delay = 0.00>
ST_4 : Operation 12 [1/2] (0.00ns)   --->   "%call_ln163 = call void @fft<fft_params>, i32 %input_stream, i32 %fft_out, i8 %fft_status, i8 %fft_config" [fft_16_ssr1_i16_c16_t16.cpp:163]   --->   Operation 12 'call' 'call_ln163' <Predicate = true> <Delay = 0.00> <CoreType = "Generic">   --->   Core 0 '' <Latency = 0> <II = 1> <Delay = 1.00> <Generic> <Opcode : >

State 5 <SV = 4> <Delay = 0.00>
ST_5 : Operation 13 [1/1] (0.00ns)   --->   "%specdataflowpipeline_ln0 = specdataflowpipeline void @_ssdm_op_SpecDataflowPipeline, i32 4294967295, i32 0, void @empty_4"   --->   Operation 13 'specdataflowpipeline' 'specdataflowpipeline_ln0' <Predicate = true> <Delay = 0.00>
ST_5 : Operation 14 [1/1] (0.00ns)   --->   "%specinterface_ln0 = specinterface void @_ssdm_op_SpecInterface, i32 %input_stream, void @empty_16, i32 0, i32 0, void @empty_4, i32 0, i32 0, void @empty_4, void @empty_4, void @empty_4, i32 0, i32 0, i32 0, i32 0, void @empty_4, void @empty_4, i32 4294967295, i32 0"   --->   Operation 14 'specinterface' 'specinterface_ln0' <Predicate = true> <Delay = 0.00>
ST_5 : Operation 15 [1/1] (0.00ns)   --->   "%specinterface_ln0 = specinterface void @_ssdm_op_SpecInterface, i32 %fft_out, void @empty_16, i32 0, i32 0, void @empty_4, i32 0, i32 0, void @empty_4, void @empty_4, void @empty_4, i32 0, i32 0, i32 0, i32 0, void @empty_4, void @empty_4, i32 4294967295, i32 0"   --->   Operation 15 'specinterface' 'specinterface_ln0' <Predicate = true> <Delay = 0.00>
ST_5 : Operation 16 [1/1] (0.00ns)   --->   "%empty_46 = specchannel i32 @_ssdm_op_SpecChannel, void @fft_config_str, i32 1, void @p_str3, void @p_str3, i32 2, i32 2, i8 %fft_config, i8 %fft_config"   --->   Operation 16 'specchannel' 'empty_46' <Predicate = true> <Delay = 0.00>
ST_5 : Operation 17 [1/1] (0.00ns)   --->   "%specinterface_ln0 = specinterface void @_ssdm_op_SpecInterface, i8 %fft_config, void @empty_16, i32 0, i32 0, void @empty_4, i32 0, i32 0, void @empty_4, void @empty_4, void @empty_4, i32 0, i32 0, i32 0, i32 0, void @empty_4, void @empty_4, i32 4294967295, i32 0"   --->   Operation 17 'specinterface' 'specinterface_ln0' <Predicate = true> <Delay = 0.00>
ST_5 : Operation 18 [1/1] (0.00ns)   --->   "%empty_47 = specchannel i32 @_ssdm_op_SpecChannel, void @fft_status_str, i32 1, void @p_str4, void @p_str4, i32 2, i32 2, i8 %fft_status, i8 %fft_status"   --->   Operation 18 'specchannel' 'empty_47' <Predicate = true> <Delay = 0.00>
ST_5 : Operation 19 [1/1] (0.00ns)   --->   "%specinterface_ln0 = specinterface void @_ssdm_op_SpecInterface, i8 %fft_status, void @empty_16, i32 0, i32 0, void @empty_4, i32 0, i32 0, void @empty_4, void @empty_4, void @empty_4, i32 0, i32 0, i32 0, i32 0, void @empty_4, void @empty_4, i32 4294967295, i32 0"   --->   Operation 19 'specinterface' 'specinterface_ln0' <Predicate = true> <Delay = 0.00>
ST_5 : Operation 20 [1/1] (0.00ns)   --->   "%call_ln164 = call void @Block_newFuncRoot_proc_proc6, i8 %fft_status" [fft_16_ssr1_i16_c16_t16.cpp:164]   --->   Operation 20 'call' 'call_ln164' <Predicate = true> <Delay = 0.00> <CoreType = "Generic">   --->   Core 0 '' <Latency = 0> <II = 1> <Delay = 1.00> <Generic> <Opcode : >
ST_5 : Operation 21 [1/1] (0.00ns)   --->   "%ret_ln0 = ret"   --->   Operation 21 'ret' 'ret_ln0' <Predicate = true> <Delay = 0.00>


============================================================
+ Verbose Summary: Binding
============================================================
STG Binding: 
---------------- STG Properties BEGIN ----------------
- Is combinational: 0
- Is one-state seq: 0
- Is datapath-only: 0
- Is pipelined: 0
- Is top level: 0
Port [ Return ] is wired: 1; IO mode=ap_ctrl_hs:ce=0
Port [ input_stream]:  wired=1; compound=1; hidden=0; nouse=0; global=0; static=0; extern=0; dir=0; type=3; pingpong=0; private_global=0; IO mode=ap_fifo:ce=0
Port [ fft_out]:  wired=1; compound=1; hidden=0; nouse=0; global=0; static=0; extern=0; dir=1; type=3; pingpong=0; private_global=0; IO mode=ap_fifo:ce=0
---------------- STG Properties END ------------------

---------------- Datapath Model BEGIN ----------------

<LifeTime>
<method=bitvector/>
empty                    (alloca              ) [ 011000]
fft_config               (alloca              ) [ 001111]
fft_status               (alloca              ) [ 001111]
call_ln162               (call                ) [ 000000]
call_ln162               (call                ) [ 000000]
call_ln163               (call                ) [ 000000]
specdataflowpipeline_ln0 (specdataflowpipeline) [ 000000]
specinterface_ln0        (specinterface       ) [ 000000]
specinterface_ln0        (specinterface       ) [ 000000]
empty_46                 (specchannel         ) [ 000000]
specinterface_ln0        (specinterface       ) [ 000000]
empty_47                 (specchannel         ) [ 000000]
specinterface_ln0        (specinterface       ) [ 000000]
call_ln164               (call                ) [ 000000]
ret_ln0                  (ret                 ) [ 000000]
</LifeTime>

<model>

<comp_list>
<comp id="0" class="1000" name="input_stream">
<pin_list>
<pin id="1" dir="1" index="0" bw="1" slack="0"/>
</pin_list>
<bind>
<StgValue><ssdm name="input_stream"/></StgValue>
</bind>
</comp>

<comp id="2" class="1000" name="fft_out">
<pin_list>
<pin id="3" dir="1" index="0" bw="1" slack="0"/>
</pin_list>
<bind>
<StgValue><ssdm name="fft_out"/></StgValue>
</bind>
</comp>

<comp id="4" class="1001" name="const_4">
<pin_list>
<pin id="5" dir="1" index="0" bw="1" slack="0"/>
</pin_list>
<bind>
<StgValue><ssdm name=""/></StgValue>
</bind>
</comp>

<comp id="6" class="1001" name="const_6">
<pin_list>
<pin id="7" dir="1" index="0" bw="1" slack="0"/>
</pin_list>
<bind>
<StgValue><ssdm name="Block_newFuncRoot_proc_proc"/></StgValue>
</bind>
</comp>

<comp id="8" class="1001" name="const_8">
<pin_list>
<pin id="9" dir="1" index="0" bw="1" slack="0"/>
</pin_list>
<bind>
<StgValue><ssdm name="Block_newFuncRoot_proc_proc5"/></StgValue>
</bind>
</comp>

<comp id="10" class="1001" name="const_10">
<pin_list>
<pin id="11" dir="1" index="0" bw="1" slack="0"/>
</pin_list>
<bind>
<StgValue><ssdm name="fft<fft_params>"/></StgValue>
</bind>
</comp>

<comp id="12" class="1001" name="const_12">
<pin_list>
<pin id="13" dir="1" index="0" bw="1" slack="2147483647"/>
</pin_list>
<bind>
<StgValue><ssdm name="_ssdm_op_SpecDataflowPipeline"/></StgValue>
</bind>
</comp>

<comp id="14" class="1001" name="const_14">
<pin_list>
<pin id="15" dir="1" index="0" bw="1" slack="2147483647"/>
</pin_list>
<bind>
<StgValue><ssdm name=""/></StgValue>
</bind>
</comp>

<comp id="16" class="1001" name="const_16">
<pin_list>
<pin id="17" dir="1" index="0" bw="1" slack="2147483647"/>
</pin_list>
<bind>
<StgValue><ssdm name=""/></StgValue>
</bind>
</comp>

<comp id="18" class="1001" name="const_18">
<pin_list>
<pin id="19" dir="1" index="0" bw="1" slack="2147483647"/>
</pin_list>
<bind>
<StgValue><ssdm name="empty_4"/></StgValue>
</bind>
</comp>

<comp id="20" class="1001" name="const_20">
<pin_list>
<pin id="21" dir="1" index="0" bw="1" slack="2147483647"/>
</pin_list>
<bind>
<StgValue><ssdm name="_ssdm_op_SpecInterface"/></StgValue>
</bind>
</comp>

<comp id="22" class="1001" name="const_22">
<pin_list>
<pin id="23" dir="1" index="0" bw="1" slack="2147483647"/>
</pin_list>
<bind>
<StgValue><ssdm name="empty_16"/></StgValue>
</bind>
</comp>

<comp id="24" class="1001" name="const_24">
<pin_list>
<pin id="25" dir="1" index="0" bw="1" slack="2147483647"/>
</pin_list>
<bind>
<StgValue><ssdm name="_ssdm_op_SpecChannel"/></StgValue>
</bind>
</comp>

<comp id="26" class="1001" name="const_26">
<pin_list>
<pin id="27" dir="1" index="0" bw="1" slack="2147483647"/>
</pin_list>
<bind>
<StgValue><ssdm name="fft_config_str"/></StgValue>
</bind>
</comp>

<comp id="28" class="1001" name="const_28">
<pin_list>
<pin id="29" dir="1" index="0" bw="1" slack="2147483647"/>
</pin_list>
<bind>
<StgValue><ssdm name=""/></StgValue>
</bind>
</comp>

<comp id="30" class="1001" name="const_30">
<pin_list>
<pin id="31" dir="1" index="0" bw="1" slack="2147483647"/>
</pin_list>
<bind>
<StgValue><ssdm name="p_str3"/></StgValue>
</bind>
</comp>

<comp id="32" class="1001" name="const_32">
<pin_list>
<pin id="33" dir="1" index="0" bw="1" slack="2147483647"/>
</pin_list>
<bind>
<StgValue><ssdm name=""/></StgValue>
</bind>
</comp>

<comp id="34" class="1001" name="const_34">
<pin_list>
<pin id="35" dir="1" index="0" bw="1" slack="2147483647"/>
</pin_list>
<bind>
<StgValue><ssdm name="fft_status_str"/></StgValue>
</bind>
</comp>

<comp id="36" class="1001" name="const_36">
<pin_list>
<pin id="37" dir="1" index="0" bw="1" slack="2147483647"/>
</pin_list>
<bind>
<StgValue><ssdm name="p_str4"/></StgValue>
</bind>
</comp>

<comp id="38" class="1001" name="const_38">
<pin_list>
<pin id="39" dir="1" index="0" bw="1" slack="0"/>
</pin_list>
<bind>
<StgValue><ssdm name="Block_newFuncRoot_proc_proc6"/></StgValue>
</bind>
</comp>

<comp id="40" class="1004" name="empty_fu_40">
<pin_list>
<pin id="41" dir="0" index="0" bw="1" slack="0"/>
<pin id="42" dir="1" index="1" bw="8" slack="0"/>
</pin_list>
<bind>
<opcode="alloca(26) " fcode="alloca"/>
<opset="empty/1 "/>
</bind>
</comp>

<comp id="44" class="1004" name="fft_config_fu_44">
<pin_list>
<pin id="45" dir="0" index="0" bw="1" slack="0"/>
<pin id="46" dir="1" index="1" bw="8" slack="1"/>
</pin_list>
<bind>
<opcode="alloca(26) " fcode="alloca"/>
<opset="fft_config/1 "/>
</bind>
</comp>

<comp id="48" class="1004" name="fft_status_fu_48">
<pin_list>
<pin id="49" dir="0" index="0" bw="1" slack="0"/>
<pin id="50" dir="1" index="1" bw="8" slack="2"/>
</pin_list>
<bind>
<opcode="alloca(26) " fcode="alloca"/>
<opset="fft_status/1 "/>
</bind>
</comp>

<comp id="52" class="1004" name="call_ln162_Block_newFuncRoot_proc_proc_fu_52">
<pin_list>
<pin id="53" dir="0" index="0" bw="0" slack="0"/>
<pin id="54" dir="0" index="1" bw="8" slack="0"/>
<pin id="55" dir="1" index="2" bw="0" slack="2147483647"/>
</pin_list>
<bind>
<opcode="call(48) " fcode="call"/>
<opset="call_ln162/1 "/>
</bind>
</comp>

<comp id="57" class="1004" name="call_ln162_Block_newFuncRoot_proc_proc5_fu_57">
<pin_list>
<pin id="58" dir="0" index="0" bw="0" slack="0"/>
<pin id="59" dir="0" index="1" bw="8" slack="1"/>
<pin id="60" dir="0" index="2" bw="8" slack="1"/>
<pin id="61" dir="1" index="3" bw="0" slack="2147483647"/>
</pin_list>
<bind>
<opcode="call(48) " fcode="call"/>
<opset="call_ln162/2 "/>
</bind>
</comp>

<comp id="63" class="1004" name="grp_fft_fft_params_s_fu_63">
<pin_list>
<pin id="64" dir="0" index="0" bw="0" slack="0"/>
<pin id="65" dir="0" index="1" bw="32" slack="0"/>
<pin id="66" dir="0" index="2" bw="32" slack="0"/>
<pin id="67" dir="0" index="3" bw="8" slack="2"/>
<pin id="68" dir="0" index="4" bw="8" slack="2"/>
<pin id="69" dir="1" index="5" bw="0" slack="2147483647"/>
</pin_list>
<bind>
<opcode="call(48) " fcode="call"/>
<opset="call_ln163/3 "/>
</bind>
</comp>

<comp id="73" class="1004" name="call_ln164_Block_newFuncRoot_proc_proc6_fu_73">
<pin_list>
<pin id="74" dir="0" index="0" bw="0" slack="0"/>
<pin id="75" dir="0" index="1" bw="8" slack="4"/>
<pin id="76" dir="1" index="2" bw="0" slack="2147483647"/>
</pin_list>
<bind>
<opcode="call(48) " fcode="call"/>
<opset="call_ln164/5 "/>
</bind>
</comp>

<comp id="78" class="1005" name="empty_reg_78">
<pin_list>
<pin id="79" dir="0" index="0" bw="8" slack="0"/>
<pin id="80" dir="1" index="1" bw="8" slack="0"/>
</pin_list>
<bind>
<opset="empty "/>
</bind>
</comp>

<comp id="84" class="1005" name="fft_config_reg_84">
<pin_list>
<pin id="85" dir="0" index="0" bw="8" slack="1"/>
<pin id="86" dir="1" index="1" bw="8" slack="1"/>
</pin_list>
<bind>
<opset="fft_config "/>
</bind>
</comp>

<comp id="90" class="1005" name="fft_status_reg_90">
<pin_list>
<pin id="91" dir="0" index="0" bw="8" slack="2"/>
<pin id="92" dir="1" index="1" bw="8" slack="2"/>
</pin_list>
<bind>
<opset="fft_status "/>
</bind>
</comp>

</comp_list>

<net_list>
<net id="43"><net_src comp="4" pin="0"/><net_sink comp="40" pin=0"/></net>

<net id="47"><net_src comp="4" pin="0"/><net_sink comp="44" pin=0"/></net>

<net id="51"><net_src comp="4" pin="0"/><net_sink comp="48" pin=0"/></net>

<net id="56"><net_src comp="6" pin="0"/><net_sink comp="52" pin=0"/></net>

<net id="62"><net_src comp="8" pin="0"/><net_sink comp="57" pin=0"/></net>

<net id="70"><net_src comp="10" pin="0"/><net_sink comp="63" pin=0"/></net>

<net id="71"><net_src comp="0" pin="0"/><net_sink comp="63" pin=1"/></net>

<net id="72"><net_src comp="2" pin="0"/><net_sink comp="63" pin=2"/></net>

<net id="77"><net_src comp="38" pin="0"/><net_sink comp="73" pin=0"/></net>

<net id="81"><net_src comp="40" pin="1"/><net_sink comp="78" pin=0"/></net>

<net id="82"><net_src comp="78" pin="1"/><net_sink comp="52" pin=1"/></net>

<net id="83"><net_src comp="78" pin="1"/><net_sink comp="57" pin=2"/></net>

<net id="87"><net_src comp="44" pin="1"/><net_sink comp="84" pin=0"/></net>

<net id="88"><net_src comp="84" pin="1"/><net_sink comp="57" pin=1"/></net>

<net id="89"><net_src comp="84" pin="1"/><net_sink comp="63" pin=4"/></net>

<net id="93"><net_src comp="48" pin="1"/><net_sink comp="90" pin=0"/></net>

<net id="94"><net_src comp="90" pin="1"/><net_sink comp="63" pin=3"/></net>

<net id="95"><net_src comp="90" pin="1"/><net_sink comp="73" pin=1"/></net>

</net_list>

</model> 
---------------- Datapath Model END ------------------

* FSMD analyzer results:
  - Output states:
	Port: input_stream | {}
	Port: fft_out | {}
 - Input state : 
	Port: dataflow_in_loop_VITIS_LOOP_158_1 : input_stream | {}
	Port: dataflow_in_loop_VITIS_LOOP_158_1 : fft_out | {}
  - Chain level:
	State 1
		call_ln162 : 1
	State 2
	State 3
	State 4
	State 5


============================================================
+ Verbose Summary: Datapath Resource usage 
============================================================

* Functional unit list:
|----------|-----------------------------------------------|---------|---------|---------|---------|
| Operation|                Functional Unit                |   BRAM  |   DSP   |    FF   |   LUT   |
|----------|-----------------------------------------------|---------|---------|---------|---------|
|          |  call_ln162_Block_newFuncRoot_proc_proc_fu_52 |    0    |    0    |    0    |    0    |
|   call   | call_ln162_Block_newFuncRoot_proc_proc5_fu_57 |    0    |    0    |    0    |    0    |
|          |           grp_fft_fft_params_s_fu_63          |    1    |    0    |   3093  |   2305  |
|          | call_ln164_Block_newFuncRoot_proc_proc6_fu_73 |    0    |    0    |    0    |    0    |
|----------|-----------------------------------------------|---------|---------|---------|---------|
|   Total  |                                               |    1    |    0    |   3093  |   2305  |
|----------|-----------------------------------------------|---------|---------|---------|---------|

Memories:
N/A

* Register list:
+-----------------+--------+
|                 |   FF   |
+-----------------+--------+
|   empty_reg_78  |    8   |
|fft_config_reg_84|    8   |
|fft_status_reg_90|    8   |
+-----------------+--------+
|      Total      |   24   |
+-----------------+--------+

* Multiplexer (MUX) list: 
|--------|------|------|------|--------|
|  Comp  |  Pin | Size |  BW  | S x BW |
|--------|------|------|------|--------|
|  Total |      |      |      |    0   |
|--------|------|------|------|--------|



* Summary:
+-----------+--------+--------+--------+--------+
|           |  BRAM  |   DSP  |   FF   |   LUT  |
+-----------+--------+--------+--------+--------+
|  Function |    1   |    0   |  3093  |  2305  |
|   Memory  |    -   |    -   |    -   |    -   |
|Multiplexer|    -   |    -   |    -   |    -   |
|  Register |    -   |    -   |   24   |    -   |
+-----------+--------+--------+--------+--------+
|   Total   |    1   |    0   |  3117  |  2305  |
+-----------+--------+--------+--------+--------+
