

================================================================
== Vitis HLS Report for 'dma_out_Pipeline_VITIS_LOOP_78_1'
================================================================
* Date:           Tue Mar  3 20:53:53 2026

* Version:        2023.2 (Build 4023990 on Oct 11 2023)
* Project:        hls_project
* Solution:       solution1 (Vivado IP Flow Target)
* Product family: zynquplus
* Target device:  xck26-sfvc784-2LV-c


================================================================
== Performance Estimates
================================================================
+ Timing: 
    * Summary: 
    +--------+---------+----------+------------+
    |  Clock |  Target | Estimated| Uncertainty|
    +--------+---------+----------+------------+
    |ap_clk  |  3.00 ns|  2.190 ns|     0.81 ns|
    +--------+---------+----------+------------+

+ Latency: 
    * Summary: 
    +---------+---------+----------+----------+-----+-----+---------+
    |  Latency (cycles) |  Latency (absolute) |  Interval | Pipeline|
    |   min   |   max   |    min   |    max   | min | max |   Type  |
    +---------+---------+----------+----------+-----+-----+---------+
    |        2|      515|  6.000 ns|  1.545 us|    2|  515|       no|
    +---------+---------+----------+----------+-----+-----+---------+

    + Detail: 
        * Instance: 
        N/A

        * Loop: 
        +-------------------+---------+---------+----------+-----------+-----------+---------+----------+
        |                   |  Latency (cycles) | Iteration|  Initiation Interval  |   Trip  |          |
        |     Loop Name     |   min   |   max   |  Latency |  achieved |   target  |  Count  | Pipelined|
        +-------------------+---------+---------+----------+-----------+-----------+---------+----------+
        |- VITIS_LOOP_78_1  |        0|      513|         3|          1|          1|  0 ~ 512|       yes|
        +-------------------+---------+---------+----------+-----------+-----------+---------+----------+

============================================================
+ Verbose Summary: Synthesis Manager
============================================================
InlineROM: 1
ExposeGlobal: 0
============================================================
+ Verbose Summary: CDFG Model
============================================================
IsTopModel: 0
ResetActiveHigh: 1
IsCombinational: 0
IsDatapathOnly: 0
HasWiredReturn: 1
HasMFsm: 2
HasVarLatency: 1
IsPipeline: 0
IsRtlPipelined: 0
IsInstanceOverlapped: 0
IsDontTouch: 0
HasImplIP: 0
IsGatedGlobalClock: 0

+ Individual pipeline summary: 
  * Pipeline-0: initiation interval (II) = 1, depth = 3


============================================================
+ Verbose Summary: Schedule
============================================================
* Number of FSM states : 3
* Pipeline : 1
  Pipeline-0 : II = 1, D = 3, States = { 1 2 3 }
* Dataflow Pipeline: 0

* FSM state transitions: 
1 --> 2 
2 --> 3 
3 --> 

* FSM state operations: 

State 1 <SV = 0> <Delay = 1.87>
ST_1 : Operation 6 [1/1] (0.00ns)   --->   "%phi_ln84 = alloca i32 1"   --->   Operation 6 'alloca' 'phi_ln84' <Predicate = true> <Delay = 0.00>
ST_1 : Operation 7 [1/1] (0.00ns)   --->   "%i = alloca i32 1" [fft_16_ssr1_i16_c16_t16.cpp:78->fft_16_ssr1_i16_c16_t16.cpp:189]   --->   Operation 7 'alloca' 'i' <Predicate = true> <Delay = 0.00>
ST_1 : Operation 8 [1/1] (0.00ns)   --->   "%sext_ln78_read = read i58 @_ssdm_op_Read.ap_auto.i58, i58 %sext_ln78"   --->   Operation 8 'read' 'sext_ln78_read' <Predicate = true> <Delay = 0.00>
ST_1 : Operation 9 [1/1] (0.00ns)   --->   "%mul_i_read = read i32 @_ssdm_op_Read.ap_auto.i32, i32 %mul_i"   --->   Operation 9 'read' 'mul_i_read' <Predicate = true> <Delay = 0.00>
ST_1 : Operation 10 [1/1] (0.00ns)   --->   "%sext_ln78_cast = sext i58 %sext_ln78_read"   --->   Operation 10 'sext' 'sext_ln78_cast' <Predicate = true> <Delay = 0.00>
ST_1 : Operation 11 [1/1] (0.00ns)   --->   "%specinterface_ln0 = specinterface void @_ssdm_op_SpecInterface, i512 %gmem2, void @empty_3, i32 0, i32 0, void @empty_4, i32 64, i32 32, void @empty_7, void @empty_6, void @empty_4, i32 16, i32 16, i32 16, i32 16, void @empty_4, void @empty_4, i32 4294967295, i32 0"   --->   Operation 11 'specinterface' 'specinterface_ln0' <Predicate = true> <Delay = 0.00>
ST_1 : Operation 12 [1/1] (0.00ns)   --->   "%specinterface_ln0 = specinterface void @_ssdm_op_SpecInterface, i32 %fft_out, void @empty_16, i32 0, i32 0, void @empty_4, i32 0, i32 0, void @empty_4, void @empty_4, void @empty_4, i32 0, i32 0, i32 0, i32 0, void @empty_4, void @empty_4, i32 4294967295, i32 0"   --->   Operation 12 'specinterface' 'specinterface_ln0' <Predicate = true> <Delay = 0.00>
ST_1 : Operation 13 [1/1] (0.42ns)   --->   "%store_ln78 = store i31 0, i31 %i" [fft_16_ssr1_i16_c16_t16.cpp:78->fft_16_ssr1_i16_c16_t16.cpp:189]   --->   Operation 13 'store' 'store_ln78' <Predicate = true> <Delay = 0.42>
ST_1 : Operation 14 [1/1] (0.42ns)   --->   "%store_ln0 = store i480 0, i480 %phi_ln84"   --->   Operation 14 'store' 'store_ln0' <Predicate = true> <Delay = 0.42>
ST_1 : Operation 15 [1/1] (0.00ns)   --->   "%br_ln0 = br void %for.inc.i"   --->   Operation 15 'br' 'br_ln0' <Predicate = true> <Delay = 0.00>
ST_1 : Operation 16 [1/1] (0.00ns)   --->   "%i_3 = load i31 %i" [fft_16_ssr1_i16_c16_t16.cpp:78->fft_16_ssr1_i16_c16_t16.cpp:189]   --->   Operation 16 'load' 'i_3' <Predicate = true> <Delay = 0.00>
ST_1 : Operation 17 [1/1] (0.00ns)   --->   "%zext_ln78 = zext i31 %i_3" [fft_16_ssr1_i16_c16_t16.cpp:78->fft_16_ssr1_i16_c16_t16.cpp:189]   --->   Operation 17 'zext' 'zext_ln78' <Predicate = true> <Delay = 0.00>
ST_1 : Operation 18 [1/1] (1.01ns)   --->   "%icmp_ln78 = icmp_slt  i32 %zext_ln78, i32 %mul_i_read" [fft_16_ssr1_i16_c16_t16.cpp:78->fft_16_ssr1_i16_c16_t16.cpp:189]   --->   Operation 18 'icmp' 'icmp_ln78' <Predicate = true> <Delay = 1.01> <CoreInst = "Cmp">   --->   Core 9 'Cmp' <Latency = 0> <II = 1> <Delay = 1.01> <FuncUnit> <Opcode : 'icmp'> <InPorts = 2> <OutPorts = 1>
ST_1 : Operation 19 [1/1] (1.00ns)   --->   "%add_ln78 = add i31 %i_3, i31 1" [fft_16_ssr1_i16_c16_t16.cpp:78->fft_16_ssr1_i16_c16_t16.cpp:189]   --->   Operation 19 'add' 'add_ln78' <Predicate = true> <Delay = 1.00> <CoreInst = "Adder">   --->   Core 1 'Adder' <Latency = 0> <II = 1> <Delay = 1.00> <FuncUnit> <Opcode : 'add' 'sub'> <InPorts = 2> <OutPorts = 1>
ST_1 : Operation 20 [1/1] (0.00ns)   --->   "%br_ln78 = br i1 %icmp_ln78, void %dma_out.exit.exitStub, void %for.inc.split.i" [fft_16_ssr1_i16_c16_t16.cpp:78->fft_16_ssr1_i16_c16_t16.cpp:189]   --->   Operation 20 'br' 'br_ln78' <Predicate = true> <Delay = 0.00>
ST_1 : Operation 21 [1/1] (0.00ns)   --->   "%trunc_ln78 = trunc i31 %i_3" [fft_16_ssr1_i16_c16_t16.cpp:78->fft_16_ssr1_i16_c16_t16.cpp:189]   --->   Operation 21 'trunc' 'trunc_ln78' <Predicate = (icmp_ln78)> <Delay = 0.00>
ST_1 : Operation 22 [1/1] (0.79ns)   --->   "%icmp_ln84 = icmp_eq  i4 %trunc_ln78, i4 15" [fft_16_ssr1_i16_c16_t16.cpp:84->fft_16_ssr1_i16_c16_t16.cpp:189]   --->   Operation 22 'icmp' 'icmp_ln84' <Predicate = (icmp_ln78)> <Delay = 0.79> <CoreInst = "Cmp">   --->   Core 9 'Cmp' <Latency = 0> <II = 1> <Delay = 0.79> <FuncUnit> <Opcode : 'icmp'> <InPorts = 2> <OutPorts = 1>
ST_1 : Operation 23 [1/1] (0.00ns)   --->   "%br_ln84 = br i1 %icmp_ln84, void %for.inc.split._crit_edge.i, void" [fft_16_ssr1_i16_c16_t16.cpp:84->fft_16_ssr1_i16_c16_t16.cpp:189]   --->   Operation 23 'br' 'br_ln84' <Predicate = (icmp_ln78)> <Delay = 0.00>
ST_1 : Operation 24 [1/1] (0.42ns)   --->   "%store_ln78 = store i31 %add_ln78, i31 %i" [fft_16_ssr1_i16_c16_t16.cpp:78->fft_16_ssr1_i16_c16_t16.cpp:189]   --->   Operation 24 'store' 'store_ln78' <Predicate = (icmp_ln78)> <Delay = 0.42>

State 2 <SV = 1> <Delay = 1.09>
ST_2 : Operation 25 [1/1] (1.09ns)   --->   "%fft_out_read = read i32 @_ssdm_op_Read.ap_fifo.volatile.i32P0A, i32 %fft_out" [fft_16_ssr1_i16_c16_t16.cpp:81->fft_16_ssr1_i16_c16_t16.cpp:189]   --->   Operation 25 'read' 'fft_out_read' <Predicate = true> <Delay = 1.09> <CoreInst = "FIFO_SRL">   --->   Core 81 'FIFO_SRL' <Latency = 0> <II = 1> <Delay = 1.83> <Storage> <Opcode : 'read' 'write' 'nbread' 'nbwrite'> <Ports = 0> <Width = 32> <Depth = 2> <FIFO>
ST_2 : Operation 40 [1/1] (0.00ns)   --->   "%ret_ln0 = ret"   --->   Operation 40 'ret' 'ret_ln0' <Predicate = (!icmp_ln78)> <Delay = 0.00>

State 3 <SV = 2> <Delay = 2.19>
ST_3 : Operation 26 [1/1] (0.00ns)   --->   "%phi_ln84_load_1 = load i480 %phi_ln84" [fft_16_ssr1_i16_c16_t16.cpp:84->fft_16_ssr1_i16_c16_t16.cpp:189]   --->   Operation 26 'load' 'phi_ln84_load_1' <Predicate = true> <Delay = 0.00>
ST_3 : Operation 27 [1/1] (0.00ns)   --->   "%gmem2_addr = getelementptr i512 %gmem2, i64 %sext_ln78_cast" [fft_16_ssr1_i16_c16_t16.cpp:78->fft_16_ssr1_i16_c16_t16.cpp:189]   --->   Operation 27 'getelementptr' 'gmem2_addr' <Predicate = true> <Delay = 0.00>
ST_3 : Operation 28 [1/1] (0.00ns)   --->   "%specpipeline_ln78 = specpipeline void @_ssdm_op_SpecPipeline, i32 4294967295, i32 0, i32 0, i32 0, void @empty_4" [fft_16_ssr1_i16_c16_t16.cpp:78->fft_16_ssr1_i16_c16_t16.cpp:189]   --->   Operation 28 'specpipeline' 'specpipeline_ln78' <Predicate = true> <Delay = 0.00>
ST_3 : Operation 29 [1/1] (0.00ns)   --->   "%speclooptripcount_ln80 = speclooptripcount void @_ssdm_op_SpecLoopTripCount, i64 0, i64 512, i64 256" [fft_16_ssr1_i16_c16_t16.cpp:80->fft_16_ssr1_i16_c16_t16.cpp:189]   --->   Operation 29 'speclooptripcount' 'speclooptripcount_ln80' <Predicate = true> <Delay = 0.00>
ST_3 : Operation 30 [1/1] (0.00ns)   --->   "%specloopname_ln78 = specloopname void @_ssdm_op_SpecLoopName, void @empty_12" [fft_16_ssr1_i16_c16_t16.cpp:78->fft_16_ssr1_i16_c16_t16.cpp:189]   --->   Operation 30 'specloopname' 'specloopname_ln78' <Predicate = true> <Delay = 0.00>
ST_3 : Operation 31 [1/1] (0.00ns)   --->   "%or_ln = bitconcatenate i512 @_ssdm_op_BitConcatenate.i512.i32.i480, i32 %fft_out_read, i480 %phi_ln84_load_1" [fft_16_ssr1_i16_c16_t16.cpp:84->fft_16_ssr1_i16_c16_t16.cpp:189]   --->   Operation 31 'bitconcatenate' 'or_ln' <Predicate = true> <Delay = 0.00>
ST_3 : Operation 32 [1/1] (2.19ns)   --->   "%write_ln84 = write void @_ssdm_op_Write.m_axi.p1i512, i512 %gmem2_addr, i512 %or_ln, i64 18446744073709551615" [fft_16_ssr1_i16_c16_t16.cpp:84->fft_16_ssr1_i16_c16_t16.cpp:189]   --->   Operation 32 'write' 'write_ln84' <Predicate = (icmp_ln84)> <Delay = 2.19> <CoreInst = "m_axi">   --->   Core 121 'm_axi' <Latency = 0> <II = 1> <Delay = 1.00> <Adapter> <Opcode : 'read' 'write' 'readreq' 'writereq' 'writeresp'>
ST_3 : Operation 33 [1/1] (0.00ns)   --->   "%br_ln84 = br void %for.inc.split._crit_edge.i" [fft_16_ssr1_i16_c16_t16.cpp:84->fft_16_ssr1_i16_c16_t16.cpp:189]   --->   Operation 33 'br' 'br_ln84' <Predicate = (icmp_ln84)> <Delay = 0.00>
ST_3 : Operation 34 [1/1] (0.00ns)   --->   "%phi_ln84_load = load i480 %phi_ln84" [fft_16_ssr1_i16_c16_t16.cpp:78->fft_16_ssr1_i16_c16_t16.cpp:189]   --->   Operation 34 'load' 'phi_ln84_load' <Predicate = (!icmp_ln84)> <Delay = 0.00>
ST_3 : Operation 35 [1/1] (0.00ns)   --->   "%tmp = partselect i448 @_ssdm_op_PartSelect.i448.i480.i32.i32, i480 %phi_ln84_load, i32 32, i32 479" [fft_16_ssr1_i16_c16_t16.cpp:78->fft_16_ssr1_i16_c16_t16.cpp:189]   --->   Operation 35 'partselect' 'tmp' <Predicate = (!icmp_ln84)> <Delay = 0.00>
ST_3 : Operation 36 [1/1] (0.00ns)   --->   "%tmp_1 = bitconcatenate i480 @_ssdm_op_BitConcatenate.i480.i32.i448, i32 %fft_out_read, i448 %tmp" [fft_16_ssr1_i16_c16_t16.cpp:78->fft_16_ssr1_i16_c16_t16.cpp:189]   --->   Operation 36 'bitconcatenate' 'tmp_1' <Predicate = (!icmp_ln84)> <Delay = 0.00>
ST_3 : Operation 37 [1/1] (0.58ns)   --->   "%select_ln84 = select i1 %icmp_ln84, i480 0, i480 %tmp_1" [fft_16_ssr1_i16_c16_t16.cpp:84->fft_16_ssr1_i16_c16_t16.cpp:189]   --->   Operation 37 'select' 'select_ln84' <Predicate = true> <Delay = 0.58> <CoreInst = "Sel">   --->   Core 73 'Sel' <Latency = 0> <II = 1> <Delay = 0.58> <FuncUnit> <Opcode : 'select'> <InPorts = 3> <OutPorts = 1>
ST_3 : Operation 38 [1/1] (0.42ns)   --->   "%store_ln84 = store i480 %select_ln84, i480 %phi_ln84" [fft_16_ssr1_i16_c16_t16.cpp:84->fft_16_ssr1_i16_c16_t16.cpp:189]   --->   Operation 38 'store' 'store_ln84' <Predicate = true> <Delay = 0.42>
ST_3 : Operation 39 [1/1] (0.00ns)   --->   "%br_ln78 = br void %for.inc.i" [fft_16_ssr1_i16_c16_t16.cpp:78->fft_16_ssr1_i16_c16_t16.cpp:189]   --->   Operation 39 'br' 'br_ln78' <Predicate = true> <Delay = 0.00>


============================================================
+ Verbose Summary: Binding
============================================================
STG Binding: 
---------------- STG Properties BEGIN ----------------
- Is combinational: 0
- Is one-state seq: 0
- Is datapath-only: 0
- Is pipelined: 0
- Is top level: 0
Port [ Return ] is wired: 1; IO mode=ap_ctrl_hs:ce=0
Port [ mul_i]:  wired=1; compound=0; hidden=0; nouse=0; global=0; static=0; extern=0; dir=0; type=0; pingpong=0; private_global=0; IO mode=ap_none:ce=0
Port [ gmem2]:  wired=1; compound=1; hidden=0; nouse=0; global=0; static=0; extern=0; dir=1; type=4; pingpong=0; private_global=0; IO mode=m_axi:ce=0
Port [ sext_ln78]:  wired=1; compound=0; hidden=0; nouse=0; global=0; static=0; extern=0; dir=0; type=0; pingpong=0; private_global=0; IO mode=ap_none:ce=0
Port [ fft_out]:  wired=1; compound=1; hidden=0; nouse=0; global=0; static=0; extern=0; dir=0; type=3; pingpong=0; private_global=0; IO mode=ap_fifo:ce=0
---------------- STG Properties END ------------------

---------------- Datapath Model BEGIN ----------------

<LifeTime>
<method=bitvector/>
phi_ln84               (alloca           ) [ 0111]
i                      (alloca           ) [ 0100]
sext_ln78_read         (read             ) [ 0000]
mul_i_read             (read             ) [ 0000]
sext_ln78_cast         (sext             ) [ 0111]
specinterface_ln0      (specinterface    ) [ 0000]
specinterface_ln0      (specinterface    ) [ 0000]
store_ln78             (store            ) [ 0000]
store_ln0              (store            ) [ 0000]
br_ln0                 (br               ) [ 0000]
i_3                    (load             ) [ 0000]
zext_ln78              (zext             ) [ 0000]
icmp_ln78              (icmp             ) [ 0110]
add_ln78               (add              ) [ 0000]
br_ln78                (br               ) [ 0000]
trunc_ln78             (trunc            ) [ 0000]
icmp_ln84              (icmp             ) [ 0111]
br_ln84                (br               ) [ 0000]
store_ln78             (store            ) [ 0000]
fft_out_read           (read             ) [ 0101]
phi_ln84_load_1        (load             ) [ 0000]
gmem2_addr             (getelementptr    ) [ 0000]
specpipeline_ln78      (specpipeline     ) [ 0000]
speclooptripcount_ln80 (speclooptripcount) [ 0000]
specloopname_ln78      (specloopname     ) [ 0000]
or_ln                  (bitconcatenate   ) [ 0000]
write_ln84             (write            ) [ 0000]
br_ln84                (br               ) [ 0000]
phi_ln84_load          (load             ) [ 0000]
tmp                    (partselect       ) [ 0000]
tmp_1                  (bitconcatenate   ) [ 0000]
select_ln84            (select           ) [ 0000]
store_ln84             (store            ) [ 0000]
br_ln78                (br               ) [ 0000]
ret_ln0                (ret              ) [ 0000]
</LifeTime>

<model>

<comp_list>
<comp id="0" class="1000" name="mul_i">
<pin_list>
<pin id="1" dir="1" index="0" bw="1" slack="0"/>
</pin_list>
<bind>
<StgValue><ssdm name="mul_i"/></StgValue>
</bind>
</comp>

<comp id="2" class="1000" name="gmem2">
<pin_list>
<pin id="3" dir="1" index="0" bw="1" slack="0"/>
</pin_list>
<bind>
<StgValue><ssdm name="gmem2"/></StgValue>
</bind>
</comp>

<comp id="4" class="1000" name="sext_ln78">
<pin_list>
<pin id="5" dir="1" index="0" bw="1" slack="0"/>
</pin_list>
<bind>
<StgValue><ssdm name="sext_ln78"/></StgValue>
</bind>
</comp>

<comp id="6" class="1000" name="fft_out">
<pin_list>
<pin id="7" dir="1" index="0" bw="1" slack="0"/>
</pin_list>
<bind>
<StgValue><ssdm name="fft_out"/></StgValue>
</bind>
</comp>

<comp id="8" class="1001" name="const_8">
<pin_list>
<pin id="9" dir="1" index="0" bw="1" slack="0"/>
</pin_list>
<bind>
<StgValue><ssdm name=""/></StgValue>
</bind>
</comp>

<comp id="10" class="1001" name="const_10">
<pin_list>
<pin id="11" dir="1" index="0" bw="1" slack="0"/>
</pin_list>
<bind>
<StgValue><ssdm name="_ssdm_op_Read.ap_auto.i58"/></StgValue>
</bind>
</comp>

<comp id="12" class="1001" name="const_12">
<pin_list>
<pin id="13" dir="1" index="0" bw="1" slack="0"/>
</pin_list>
<bind>
<StgValue><ssdm name="_ssdm_op_Read.ap_auto.i32"/></StgValue>
</bind>
</comp>

<comp id="14" class="1001" name="const_14">
<pin_list>
<pin id="15" dir="1" index="0" bw="1" slack="2147483647"/>
</pin_list>
<bind>
<StgValue><ssdm name="_ssdm_op_SpecInterface"/></StgValue>
</bind>
</comp>

<comp id="16" class="1001" name="const_16">
<pin_list>
<pin id="17" dir="1" index="0" bw="1" slack="2147483647"/>
</pin_list>
<bind>
<StgValue><ssdm name="empty_3"/></StgValue>
</bind>
</comp>

<comp id="18" class="1001" name="const_18">
<pin_list>
<pin id="19" dir="1" index="0" bw="1" slack="2147483647"/>
</pin_list>
<bind>
<StgValue><ssdm name=""/></StgValue>
</bind>
</comp>

<comp id="20" class="1001" name="const_20">
<pin_list>
<pin id="21" dir="1" index="0" bw="1" slack="2147483647"/>
</pin_list>
<bind>
<StgValue><ssdm name="empty_4"/></StgValue>
</bind>
</comp>

<comp id="22" class="1001" name="const_22">
<pin_list>
<pin id="23" dir="1" index="0" bw="1" slack="2147483647"/>
</pin_list>
<bind>
<StgValue><ssdm name=""/></StgValue>
</bind>
</comp>

<comp id="24" class="1001" name="const_24">
<pin_list>
<pin id="25" dir="1" index="0" bw="1" slack="0"/>
</pin_list>
<bind>
<StgValue><ssdm name=""/></StgValue>
</bind>
</comp>

<comp id="26" class="1001" name="const_26">
<pin_list>
<pin id="27" dir="1" index="0" bw="1" slack="2147483647"/>
</pin_list>
<bind>
<StgValue><ssdm name="empty_7"/></StgValue>
</bind>
</comp>

<comp id="28" class="1001" name="const_28">
<pin_list>
<pin id="29" dir="1" index="0" bw="1" slack="2147483647"/>
</pin_list>
<bind>
<StgValue><ssdm name="empty_6"/></StgValue>
</bind>
</comp>

<comp id="30" class="1001" name="const_30">
<pin_list>
<pin id="31" dir="1" index="0" bw="1" slack="2147483647"/>
</pin_list>
<bind>
<StgValue><ssdm name=""/></StgValue>
</bind>
</comp>

<comp id="32" class="1001" name="const_32">
<pin_list>
<pin id="33" dir="1" index="0" bw="1" slack="2147483647"/>
</pin_list>
<bind>
<StgValue><ssdm name=""/></StgValue>
</bind>
</comp>

<comp id="34" class="1001" name="const_34">
<pin_list>
<pin id="35" dir="1" index="0" bw="1" slack="2147483647"/>
</pin_list>
<bind>
<StgValue><ssdm name="empty_16"/></StgValue>
</bind>
</comp>

<comp id="36" class="1001" name="const_36">
<pin_list>
<pin id="37" dir="1" index="0" bw="1" slack="0"/>
</pin_list>
<bind>
<StgValue><ssdm name=""/></StgValue>
</bind>
</comp>

<comp id="38" class="1001" name="const_38">
<pin_list>
<pin id="39" dir="1" index="0" bw="1" slack="0"/>
</pin_list>
<bind>
<StgValue><ssdm name=""/></StgValue>
</bind>
</comp>

<comp id="40" class="1001" name="const_40">
<pin_list>
<pin id="41" dir="1" index="0" bw="1" slack="0"/>
</pin_list>
<bind>
<StgValue><ssdm name=""/></StgValue>
</bind>
</comp>

<comp id="42" class="1001" name="const_42">
<pin_list>
<pin id="43" dir="1" index="0" bw="1" slack="0"/>
</pin_list>
<bind>
<StgValue><ssdm name=""/></StgValue>
</bind>
</comp>

<comp id="44" class="1001" name="const_44">
<pin_list>
<pin id="45" dir="1" index="0" bw="1" slack="0"/>
</pin_list>
<bind>
<StgValue><ssdm name="_ssdm_op_Read.ap_fifo.volatile.i32P0A"/></StgValue>
</bind>
</comp>

<comp id="46" class="1001" name="const_46">
<pin_list>
<pin id="47" dir="1" index="0" bw="1" slack="2147483647"/>
</pin_list>
<bind>
<StgValue><ssdm name="_ssdm_op_SpecPipeline"/></StgValue>
</bind>
</comp>

<comp id="48" class="1001" name="const_48">
<pin_list>
<pin id="49" dir="1" index="0" bw="1" slack="2147483647"/>
</pin_list>
<bind>
<StgValue><ssdm name="_ssdm_op_SpecLoopTripCount"/></StgValue>
</bind>
</comp>

<comp id="50" class="1001" name="const_50">
<pin_list>
<pin id="51" dir="1" index="0" bw="1" slack="2147483647"/>
</pin_list>
<bind>
<StgValue><ssdm name=""/></StgValue>
</bind>
</comp>

<comp id="52" class="1001" name="const_52">
<pin_list>
<pin id="53" dir="1" index="0" bw="1" slack="2147483647"/>
</pin_list>
<bind>
<StgValue><ssdm name=""/></StgValue>
</bind>
</comp>

<comp id="54" class="1001" name="const_54">
<pin_list>
<pin id="55" dir="1" index="0" bw="1" slack="2147483647"/>
</pin_list>
<bind>
<StgValue><ssdm name=""/></StgValue>
</bind>
</comp>

<comp id="56" class="1001" name="const_56">
<pin_list>
<pin id="57" dir="1" index="0" bw="1" slack="2147483647"/>
</pin_list>
<bind>
<StgValue><ssdm name="_ssdm_op_SpecLoopName"/></StgValue>
</bind>
</comp>

<comp id="58" class="1001" name="const_58">
<pin_list>
<pin id="59" dir="1" index="0" bw="1" slack="2147483647"/>
</pin_list>
<bind>
<StgValue><ssdm name="empty_12"/></StgValue>
</bind>
</comp>

<comp id="60" class="1001" name="const_60">
<pin_list>
<pin id="61" dir="1" index="0" bw="1" slack="0"/>
</pin_list>
<bind>
<StgValue><ssdm name="_ssdm_op_BitConcatenate.i512.i32.i480"/></StgValue>
</bind>
</comp>

<comp id="62" class="1001" name="const_62">
<pin_list>
<pin id="63" dir="1" index="0" bw="1" slack="0"/>
</pin_list>
<bind>
<StgValue><ssdm name="_ssdm_op_Write.m_axi.p1i512"/></StgValue>
</bind>
</comp>

<comp id="64" class="1001" name="const_64">
<pin_list>
<pin id="65" dir="1" index="0" bw="1" slack="0"/>
</pin_list>
<bind>
<StgValue><ssdm name=""/></StgValue>
</bind>
</comp>

<comp id="66" class="1001" name="const_66">
<pin_list>
<pin id="67" dir="1" index="0" bw="1" slack="0"/>
</pin_list>
<bind>
<StgValue><ssdm name="_ssdm_op_PartSelect.i448.i480.i32.i32"/></StgValue>
</bind>
</comp>

<comp id="68" class="1001" name="const_68">
<pin_list>
<pin id="69" dir="1" index="0" bw="1" slack="0"/>
</pin_list>
<bind>
<StgValue><ssdm name=""/></StgValue>
</bind>
</comp>

<comp id="70" class="1001" name="const_70">
<pin_list>
<pin id="71" dir="1" index="0" bw="1" slack="0"/>
</pin_list>
<bind>
<StgValue><ssdm name="_ssdm_op_BitConcatenate.i480.i32.i448"/></StgValue>
</bind>
</comp>

<comp id="72" class="1004" name="phi_ln84_fu_72">
<pin_list>
<pin id="73" dir="0" index="0" bw="1" slack="0"/>
<pin id="74" dir="1" index="1" bw="480" slack="0"/>
</pin_list>
<bind>
<opcode="alloca(26) " fcode="alloca"/>
<opset="phi_ln84/1 "/>
</bind>
</comp>

<comp id="76" class="1004" name="i_fu_76">
<pin_list>
<pin id="77" dir="0" index="0" bw="1" slack="0"/>
<pin id="78" dir="1" index="1" bw="31" slack="0"/>
</pin_list>
<bind>
<opcode="alloca(26) " fcode="alloca"/>
<opset="i/1 "/>
</bind>
</comp>

<comp id="80" class="1004" name="sext_ln78_read_read_fu_80">
<pin_list>
<pin id="81" dir="0" index="0" bw="58" slack="0"/>
<pin id="82" dir="0" index="1" bw="58" slack="0"/>
<pin id="83" dir="1" index="2" bw="58" slack="0"/>
</pin_list>
<bind>
<opcode="read(1150) " fcode="read"/>
<opset="sext_ln78_read/1 "/>
</bind>
</comp>

<comp id="86" class="1004" name="mul_i_read_read_fu_86">
<pin_list>
<pin id="87" dir="0" index="0" bw="32" slack="0"/>
<pin id="88" dir="0" index="1" bw="32" slack="0"/>
<pin id="89" dir="1" index="2" bw="32" slack="0"/>
</pin_list>
<bind>
<opcode="read(1150) " fcode="read"/>
<opset="mul_i_read/1 "/>
</bind>
</comp>

<comp id="92" class="1004" name="fft_out_read_read_fu_92">
<pin_list>
<pin id="93" dir="0" index="0" bw="32" slack="0"/>
<pin id="94" dir="0" index="1" bw="32" slack="0"/>
<pin id="95" dir="1" index="2" bw="32" slack="1"/>
</pin_list>
<bind>
<opcode="read(1150) " fcode="read"/>
<opset="fft_out_read/2 "/>
</bind>
</comp>

<comp id="98" class="1004" name="write_ln84_write_fu_98">
<pin_list>
<pin id="99" dir="0" index="0" bw="0" slack="0"/>
<pin id="100" dir="0" index="1" bw="512" slack="0"/>
<pin id="101" dir="0" index="2" bw="512" slack="0"/>
<pin id="102" dir="0" index="3" bw="1" slack="0"/>
<pin id="103" dir="1" index="4" bw="0" slack="2147483647"/>
</pin_list>
<bind>
<opcode="write(1151) " fcode="write"/>
<opset="write_ln84/3 "/>
</bind>
</comp>

<comp id="106" class="1004" name="sext_ln78_cast_fu_106">
<pin_list>
<pin id="107" dir="0" index="0" bw="58" slack="0"/>
<pin id="108" dir="1" index="1" bw="64" slack="2"/>
</pin_list>
<bind>
<opcode="sext(35) " fcode="sext"/>
<opset="sext_ln78_cast/1 "/>
</bind>
</comp>

<comp id="110" class="1004" name="store_ln78_store_fu_110">
<pin_list>
<pin id="111" dir="0" index="0" bw="1" slack="0"/>
<pin id="112" dir="0" index="1" bw="31" slack="0"/>
<pin id="113" dir="1" index="2" bw="0" slack="2147483647"/>
</pin_list>
<bind>
<opcode="store(28) " fcode="store"/>
<opset="store_ln78/1 "/>
</bind>
</comp>

<comp id="115" class="1004" name="store_ln0_store_fu_115">
<pin_list>
<pin id="116" dir="0" index="0" bw="1" slack="0"/>
<pin id="117" dir="0" index="1" bw="480" slack="0"/>
<pin id="118" dir="1" index="2" bw="0" slack="2147483647"/>
</pin_list>
<bind>
<opcode="store(28) " fcode="store"/>
<opset="store_ln0/1 "/>
</bind>
</comp>

<comp id="120" class="1004" name="i_3_load_fu_120">
<pin_list>
<pin id="121" dir="0" index="0" bw="31" slack="0"/>
<pin id="122" dir="1" index="1" bw="31" slack="0"/>
</pin_list>
<bind>
<opcode="load(27) " fcode="load"/>
<opset="i_3/1 "/>
</bind>
</comp>

<comp id="123" class="1004" name="zext_ln78_fu_123">
<pin_list>
<pin id="124" dir="0" index="0" bw="31" slack="0"/>
<pin id="125" dir="1" index="1" bw="32" slack="0"/>
</pin_list>
<bind>
<opcode="zext(34) " fcode="zext"/>
<opset="zext_ln78/1 "/>
</bind>
</comp>

<comp id="127" class="1004" name="icmp_ln78_fu_127">
<pin_list>
<pin id="128" dir="0" index="0" bw="31" slack="0"/>
<pin id="129" dir="0" index="1" bw="32" slack="0"/>
<pin id="130" dir="1" index="2" bw="1" slack="1"/>
</pin_list>
<bind>
<opcode="icmp(45) " fcode="icmp"/>
<opset="icmp_ln78/1 "/>
</bind>
</comp>

<comp id="133" class="1004" name="add_ln78_fu_133">
<pin_list>
<pin id="134" dir="0" index="0" bw="31" slack="0"/>
<pin id="135" dir="0" index="1" bw="1" slack="0"/>
<pin id="136" dir="1" index="2" bw="31" slack="0"/>
</pin_list>
<bind>
<opcode="add(8) " fcode="add"/>
<opset="add_ln78/1 "/>
</bind>
</comp>

<comp id="139" class="1004" name="trunc_ln78_fu_139">
<pin_list>
<pin id="140" dir="0" index="0" bw="31" slack="0"/>
<pin id="141" dir="1" index="1" bw="4" slack="0"/>
</pin_list>
<bind>
<opcode="trunc(33) " fcode="trunc"/>
<opset="trunc_ln78/1 "/>
</bind>
</comp>

<comp id="143" class="1004" name="icmp_ln84_fu_143">
<pin_list>
<pin id="144" dir="0" index="0" bw="4" slack="0"/>
<pin id="145" dir="0" index="1" bw="1" slack="0"/>
<pin id="146" dir="1" index="2" bw="1" slack="2"/>
</pin_list>
<bind>
<opcode="icmp(45) " fcode="icmp"/>
<opset="icmp_ln84/1 "/>
</bind>
</comp>

<comp id="149" class="1004" name="store_ln78_store_fu_149">
<pin_list>
<pin id="150" dir="0" index="0" bw="31" slack="0"/>
<pin id="151" dir="0" index="1" bw="31" slack="0"/>
<pin id="152" dir="1" index="2" bw="0" slack="2147483647"/>
</pin_list>
<bind>
<opcode="store(28) " fcode="store"/>
<opset="store_ln78/1 "/>
</bind>
</comp>

<comp id="154" class="1004" name="phi_ln84_load_1_load_fu_154">
<pin_list>
<pin id="155" dir="0" index="0" bw="480" slack="2"/>
<pin id="156" dir="1" index="1" bw="480" slack="0"/>
</pin_list>
<bind>
<opcode="load(27) " fcode="load"/>
<opset="phi_ln84_load_1/3 "/>
</bind>
</comp>

<comp id="157" class="1004" name="gmem2_addr_fu_157">
<pin_list>
<pin id="158" dir="0" index="0" bw="512" slack="0"/>
<pin id="159" dir="0" index="1" bw="58" slack="2"/>
<pin id="160" dir="1" index="2" bw="512" slack="0"/>
</pin_list>
<bind>
<opcode="getelementptr(29) " fcode="getelementptr"/>
<opset="gmem2_addr/3 "/>
</bind>
</comp>

<comp id="163" class="1004" name="or_ln_fu_163">
<pin_list>
<pin id="164" dir="0" index="0" bw="512" slack="0"/>
<pin id="165" dir="0" index="1" bw="32" slack="1"/>
<pin id="166" dir="0" index="2" bw="480" slack="0"/>
<pin id="167" dir="1" index="3" bw="512" slack="0"/>
</pin_list>
<bind>
<opcode="bitconcatenate(1004) " fcode="bitconcatenate"/>
<opset="or_ln/3 "/>
</bind>
</comp>

<comp id="171" class="1004" name="phi_ln84_load_load_fu_171">
<pin_list>
<pin id="172" dir="0" index="0" bw="480" slack="2"/>
<pin id="173" dir="1" index="1" bw="480" slack="0"/>
</pin_list>
<bind>
<opcode="load(27) " fcode="load"/>
<opset="phi_ln84_load/3 "/>
</bind>
</comp>

<comp id="174" class="1004" name="tmp_fu_174">
<pin_list>
<pin id="175" dir="0" index="0" bw="448" slack="0"/>
<pin id="176" dir="0" index="1" bw="480" slack="0"/>
<pin id="177" dir="0" index="2" bw="7" slack="0"/>
<pin id="178" dir="0" index="3" bw="10" slack="0"/>
<pin id="179" dir="1" index="4" bw="448" slack="0"/>
</pin_list>
<bind>
<opcode="partselect(1002) " fcode="partselect"/>
<opset="tmp/3 "/>
</bind>
</comp>

<comp id="184" class="1004" name="tmp_1_fu_184">
<pin_list>
<pin id="185" dir="0" index="0" bw="480" slack="0"/>
<pin id="186" dir="0" index="1" bw="32" slack="1"/>
<pin id="187" dir="0" index="2" bw="448" slack="0"/>
<pin id="188" dir="1" index="3" bw="480" slack="0"/>
</pin_list>
<bind>
<opcode="bitconcatenate(1004) " fcode="bitconcatenate"/>
<opset="tmp_1/3 "/>
</bind>
</comp>

<comp id="191" class="1004" name="select_ln84_fu_191">
<pin_list>
<pin id="192" dir="0" index="0" bw="1" slack="2"/>
<pin id="193" dir="0" index="1" bw="1" slack="0"/>
<pin id="194" dir="0" index="2" bw="480" slack="0"/>
<pin id="195" dir="1" index="3" bw="480" slack="0"/>
</pin_list>
<bind>
<opcode="select(49) " fcode="select"/>
<opset="select_ln84/3 "/>
</bind>
</comp>

<comp id="198" class="1004" name="store_ln84_store_fu_198">
<pin_list>
<pin id="199" dir="0" index="0" bw="480" slack="0"/>
<pin id="200" dir="0" index="1" bw="480" slack="2"/>
<pin id="201" dir="1" index="2" bw="0" slack="2147483647"/>
</pin_list>
<bind>
<opcode="store(28) " fcode="store"/>
<opset="store_ln84/3 "/>
</bind>
</comp>

<comp id="203" class="1005" name="phi_ln84_reg_203">
<pin_list>
<pin id="204" dir="0" index="0" bw="480" slack="0"/>
<pin id="205" dir="1" index="1" bw="480" slack="0"/>
</pin_list>
<bind>
<opset="phi_ln84 "/>
</bind>
</comp>

<comp id="211" class="1005" name="i_reg_211">
<pin_list>
<pin id="212" dir="0" index="0" bw="31" slack="0"/>
<pin id="213" dir="1" index="1" bw="31" slack="0"/>
</pin_list>
<bind>
<opset="i "/>
</bind>
</comp>

<comp id="218" class="1005" name="sext_ln78_cast_reg_218">
<pin_list>
<pin id="219" dir="0" index="0" bw="64" slack="2"/>
<pin id="220" dir="1" index="1" bw="64" slack="2"/>
</pin_list>
<bind>
<opset="sext_ln78_cast "/>
</bind>
</comp>

<comp id="223" class="1005" name="icmp_ln78_reg_223">
<pin_list>
<pin id="224" dir="0" index="0" bw="1" slack="1"/>
<pin id="225" dir="1" index="1" bw="1" slack="2147483647"/>
</pin_list>
<bind>
<opset="icmp_ln78 "/>
</bind>
</comp>

<comp id="227" class="1005" name="icmp_ln84_reg_227">
<pin_list>
<pin id="228" dir="0" index="0" bw="1" slack="2"/>
<pin id="229" dir="1" index="1" bw="1" slack="2"/>
</pin_list>
<bind>
<opset="icmp_ln84 "/>
</bind>
</comp>

<comp id="232" class="1005" name="fft_out_read_reg_232">
<pin_list>
<pin id="233" dir="0" index="0" bw="32" slack="1"/>
<pin id="234" dir="1" index="1" bw="32" slack="1"/>
</pin_list>
<bind>
<opset="fft_out_read "/>
</bind>
</comp>

</comp_list>

<net_list>
<net id="75"><net_src comp="8" pin="0"/><net_sink comp="72" pin=0"/></net>

<net id="79"><net_src comp="8" pin="0"/><net_sink comp="76" pin=0"/></net>

<net id="84"><net_src comp="10" pin="0"/><net_sink comp="80" pin=0"/></net>

<net id="85"><net_src comp="4" pin="0"/><net_sink comp="80" pin=1"/></net>

<net id="90"><net_src comp="12" pin="0"/><net_sink comp="86" pin=0"/></net>

<net id="91"><net_src comp="0" pin="0"/><net_sink comp="86" pin=1"/></net>

<net id="96"><net_src comp="44" pin="0"/><net_sink comp="92" pin=0"/></net>

<net id="97"><net_src comp="6" pin="0"/><net_sink comp="92" pin=1"/></net>

<net id="104"><net_src comp="62" pin="0"/><net_sink comp="98" pin=0"/></net>

<net id="105"><net_src comp="64" pin="0"/><net_sink comp="98" pin=3"/></net>

<net id="109"><net_src comp="80" pin="2"/><net_sink comp="106" pin=0"/></net>

<net id="114"><net_src comp="36" pin="0"/><net_sink comp="110" pin=0"/></net>

<net id="119"><net_src comp="38" pin="0"/><net_sink comp="115" pin=0"/></net>

<net id="126"><net_src comp="120" pin="1"/><net_sink comp="123" pin=0"/></net>

<net id="131"><net_src comp="123" pin="1"/><net_sink comp="127" pin=0"/></net>

<net id="132"><net_src comp="86" pin="2"/><net_sink comp="127" pin=1"/></net>

<net id="137"><net_src comp="120" pin="1"/><net_sink comp="133" pin=0"/></net>

<net id="138"><net_src comp="40" pin="0"/><net_sink comp="133" pin=1"/></net>

<net id="142"><net_src comp="120" pin="1"/><net_sink comp="139" pin=0"/></net>

<net id="147"><net_src comp="139" pin="1"/><net_sink comp="143" pin=0"/></net>

<net id="148"><net_src comp="42" pin="0"/><net_sink comp="143" pin=1"/></net>

<net id="153"><net_src comp="133" pin="2"/><net_sink comp="149" pin=0"/></net>

<net id="161"><net_src comp="2" pin="0"/><net_sink comp="157" pin=0"/></net>

<net id="162"><net_src comp="157" pin="2"/><net_sink comp="98" pin=1"/></net>

<net id="168"><net_src comp="60" pin="0"/><net_sink comp="163" pin=0"/></net>

<net id="169"><net_src comp="154" pin="1"/><net_sink comp="163" pin=2"/></net>

<net id="170"><net_src comp="163" pin="3"/><net_sink comp="98" pin=2"/></net>

<net id="180"><net_src comp="66" pin="0"/><net_sink comp="174" pin=0"/></net>

<net id="181"><net_src comp="171" pin="1"/><net_sink comp="174" pin=1"/></net>

<net id="182"><net_src comp="24" pin="0"/><net_sink comp="174" pin=2"/></net>

<net id="183"><net_src comp="68" pin="0"/><net_sink comp="174" pin=3"/></net>

<net id="189"><net_src comp="70" pin="0"/><net_sink comp="184" pin=0"/></net>

<net id="190"><net_src comp="174" pin="4"/><net_sink comp="184" pin=2"/></net>

<net id="196"><net_src comp="38" pin="0"/><net_sink comp="191" pin=1"/></net>

<net id="197"><net_src comp="184" pin="3"/><net_sink comp="191" pin=2"/></net>

<net id="202"><net_src comp="191" pin="3"/><net_sink comp="198" pin=0"/></net>

<net id="206"><net_src comp="72" pin="1"/><net_sink comp="203" pin=0"/></net>

<net id="207"><net_src comp="203" pin="1"/><net_sink comp="115" pin=1"/></net>

<net id="208"><net_src comp="203" pin="1"/><net_sink comp="154" pin=0"/></net>

<net id="209"><net_src comp="203" pin="1"/><net_sink comp="171" pin=0"/></net>

<net id="210"><net_src comp="203" pin="1"/><net_sink comp="198" pin=1"/></net>

<net id="214"><net_src comp="76" pin="1"/><net_sink comp="211" pin=0"/></net>

<net id="215"><net_src comp="211" pin="1"/><net_sink comp="110" pin=1"/></net>

<net id="216"><net_src comp="211" pin="1"/><net_sink comp="120" pin=0"/></net>

<net id="217"><net_src comp="211" pin="1"/><net_sink comp="149" pin=1"/></net>

<net id="221"><net_src comp="106" pin="1"/><net_sink comp="218" pin=0"/></net>

<net id="222"><net_src comp="218" pin="1"/><net_sink comp="157" pin=1"/></net>

<net id="226"><net_src comp="127" pin="2"/><net_sink comp="223" pin=0"/></net>

<net id="230"><net_src comp="143" pin="2"/><net_sink comp="227" pin=0"/></net>

<net id="231"><net_src comp="227" pin="1"/><net_sink comp="191" pin=0"/></net>

<net id="235"><net_src comp="92" pin="2"/><net_sink comp="232" pin=0"/></net>

<net id="236"><net_src comp="232" pin="1"/><net_sink comp="163" pin=1"/></net>

<net id="237"><net_src comp="232" pin="1"/><net_sink comp="184" pin=1"/></net>

</net_list>

</model> 
---------------- Datapath Model END ------------------

* FSMD analyzer results:
  - Output states:
	Port: gmem2 | {3 }
 - Input state : 
	Port: dma_out_Pipeline_VITIS_LOOP_78_1 : mul_i | {1 }
	Port: dma_out_Pipeline_VITIS_LOOP_78_1 : sext_ln78 | {1 }
	Port: dma_out_Pipeline_VITIS_LOOP_78_1 : fft_out | {2 }
  - Chain level:
	State 1
		store_ln78 : 1
		store_ln0 : 1
		i_3 : 1
		zext_ln78 : 2
		icmp_ln78 : 3
		add_ln78 : 2
		br_ln78 : 4
		trunc_ln78 : 2
		icmp_ln84 : 3
		br_ln84 : 4
		store_ln78 : 3
	State 2
	State 3
		or_ln : 1
		write_ln84 : 2
		tmp : 1
		tmp_1 : 2
		select_ln84 : 3
		store_ln84 : 4


============================================================
+ Verbose Summary: Datapath Resource usage 
============================================================

* Functional unit list:
|----------|---------------------------|---------|---------|
| Operation|      Functional Unit      |    FF   |   LUT   |
|----------|---------------------------|---------|---------|
|  select  |     select_ln84_fu_191    |    0    |   473   |
|----------|---------------------------|---------|---------|
|   icmp   |      icmp_ln78_fu_127     |    0    |    39   |
|          |      icmp_ln84_fu_143     |    0    |    12   |
|----------|---------------------------|---------|---------|
|    add   |      add_ln78_fu_133      |    0    |    38   |
|----------|---------------------------|---------|---------|
|          | sext_ln78_read_read_fu_80 |    0    |    0    |
|   read   |   mul_i_read_read_fu_86   |    0    |    0    |
|          |  fft_out_read_read_fu_92  |    0    |    0    |
|----------|---------------------------|---------|---------|
|   write  |   write_ln84_write_fu_98  |    0    |    0    |
|----------|---------------------------|---------|---------|
|   sext   |   sext_ln78_cast_fu_106   |    0    |    0    |
|----------|---------------------------|---------|---------|
|   zext   |      zext_ln78_fu_123     |    0    |    0    |
|----------|---------------------------|---------|---------|
|   trunc  |     trunc_ln78_fu_139     |    0    |    0    |
|----------|---------------------------|---------|---------|
|bitconcatenate|        or_ln_fu_163       |    0    |    0    |
|          |        tmp_1_fu_184       |    0    |    0    |
|----------|---------------------------|---------|---------|
|partselect|         tmp_fu_174        |    0    |    0    |
|----------|---------------------------|---------|---------|
|   Total  |                           |    0    |   562   |
|----------|---------------------------|---------|---------|

Memories:
N/A

* Register list:
+----------------------+--------+
|                      |   FF   |
+----------------------+--------+
| fft_out_read_reg_232 |   32   |
|       i_reg_211      |   31   |
|   icmp_ln78_reg_223  |    1   |
|   icmp_ln84_reg_227  |    1   |
|   phi_ln84_reg_203   |   480  |
|sext_ln78_cast_reg_218|   64   |
+----------------------+--------+
|         Total        |   609  |
+----------------------+--------+

* Multiplexer (MUX) list: 
|--------|------|------|------|--------|
|  Comp  |  Pin | Size |  BW  | S x BW |
|--------|------|------|------|--------|
|  Total |      |      |      |    0   |
|--------|------|------|------|--------|



* Summary:
+-----------+--------+--------+
|           |   FF   |   LUT  |
+-----------+--------+--------+
|  Function |    0   |   562  |
|   Memory  |    -   |    -   |
|Multiplexer|    -   |    -   |
|  Register |   609  |    -   |
+-----------+--------+--------+
|   Total   |   609  |   562  |
+-----------+--------+--------+
