

================================================================
== Vitis HLS Report for 'dma_out_Pipeline_VITIS_LOOP_78_1'
================================================================
* Date:           Tue Mar  3 20:53:53 2026

* Version:        2023.2 (Build 4023990 on Oct 11 2023)
* Project:        hls_project
* Solution:       solution1 (Vivado IP Flow Target)
* Product family: zynquplus
* Target device:  xck26-sfvc784-2LV-c


================================================================
== Performance Estimates
================================================================
+ Timing: 
    * Summary: 
    +--------+---------+----------+------------+
    |  Clock |  Target | Estimated| Uncertainty|
    +--------+---------+----------+------------+
    |ap_clk  |  3.00 ns|  2.190 ns|     0.81 ns|
    +--------+---------+----------+------------+

+ Latency: 
    * Summary: 
    +---------+---------+----------+----------+-----+-----+---------+
    |  Latency (cycles) |  Latency (absolute) |  Interval | Pipeline|
    |   min   |   max   |    min   |    max   | min | max |   Type  |
    +---------+---------+----------+----------+-----+-----+---------+
    |        2|      515|  6.000 ns|  1.545 us|    2|  515|       no|
    +---------+---------+----------+----------+-----+-----+---------+

    + Detail: 
        * Instance: 
        N/A

        * Loop: 
        +-------------------+---------+---------+----------+-----------+-----------+---------+----------+
        |                   |  Latency (cycles) | Iteration|  Initiation Interval  |   Trip  |          |
        |     Loop Name     |   min   |   max   |  Latency |  achieved |   target  |  Count  | Pipelined|
        +-------------------+---------+---------+----------+-----------+-----------+---------+----------+
        |- VITIS_LOOP_78_1  |        0|      513|         3|          1|          1|  0 ~ 512|       yes|
        +-------------------+---------+---------+----------+-----------+-----------+---------+----------+

============================================================
+ Verbose Summary: Synthesis Manager
============================================================
InlineROM: 1
ExposeGlobal: 0
============================================================
+ Verbose Summary: CDFG Model
============================================================
IsTopModel: 0
ResetActiveHigh: 1
IsCombinational: 0
IsDatapathOnly: 0
HasWiredReturn: 1
HasMFsm: 2
HasVarLatency: 1
IsPipeline: 0
IsRtlPipelined: 0
IsInstanceOverlapped: 0
IsDontTouch: 0
HasImplIP: 0
IsGatedGlobalClock: 0

+ Individual pipeline summary: 
  * Pipeline-0: initiation interval (II) = 1, depth = 3


============================================================
+ Verbose Summary: Schedule
============================================================
* Number of FSM states : 3
* Pipeline : 1
  Pipeline-0 : II = 1, D = 3, States = { 1 2 3 }
* Dataflow Pipeline: 0

* FSM state transitions: 
1 --> 2 
2 --> 3 
3 --> 

* FSM state operations: 

State 1 <SV = 0> <Delay = 1.87>
ST_1 : Operation 6 [1/1] (0.00ns)   --->   "%phi_ln84 = alloca i32 1"   --->   Operation 6 'alloca' 'phi_ln84' <Predicate = true> <Delay = 0.00>
ST_1 : Operation 7 [1/1] (0.00ns)   --->   "%i = alloca i32 1" [fft_16_ssr1_i16_c16_t16.cpp:78->fft_16_ssr1_i16_c16_t16.cpp:189]   --->   Operation 7 'alloca' 'i' <Predicate = true> <Delay = 0.00>
ST_1 : Operation 8 [1/1] (0.00ns)   --->   "%sext_ln78_read = read i58 @_ssdm_op_Read.ap_auto.i58, i58 %sext_ln78"   --->   Operation 8 'read' 'sext_ln78_read' <Predicate = true> <Delay = 0.00>
ST_1 : Operation 9 [1/1] (0.00ns)   --->   "%mul_i_read = read i32 @_ssdm_op_Read.ap_auto.i32, i32 %mul_i"   --->   Operation 9 'read' 'mul_i_read' <Predicate = true> <Delay = 0.00>
ST_1 : Operation 10 [1/1] (0.00ns)   --->   "%sext_ln78_cast = sext i58 %sext_ln78_read"   --->   Operation 10 'sext' 'sext_ln78_cast' <Predicate = true> <Delay = 0.00>
ST_1 : Operation 11 [1/1] (0.00ns)   --->   "%specinterface_ln0 = specinterface void @_ssdm_op_SpecInterface, i512 %gmem2, void @empty_3, i32 0, i32 0, void @empty_4, i32 64, i32 32, void @empty_7, void @empty_6, void @empty_4, i32 16, i32 16, i32 16, i32 16, void @empty_4, void @empty_4, i32 4294967295, i32 0"   --->   Operation 11 'specinterface' 'specinterface_ln0' <Predicate = true> <Delay = 0.00>
ST_1 : Operation 12 [1/1] (0.00ns)   --->   "%specinterface_ln0 = specinterface void @_ssdm_op_SpecInterface, i32 %fft_out, void @empty_16, i32 0, i32 0, void @empty_4, i32 0, i32 0, void @empty_4, void @empty_4, void @empty_4, i32 0, i32 0, i32 0, i32 0, void @empty_4, void @empty_4, i32 4294967295, i32 0"   --->   Operation 12 'specinterface' 'specinterface_ln0' <Predicate = true> <Delay = 0.00>
ST_1 : Operation 13 [1/1] (0.42ns)   --->   "%store_ln78 = store i31 0, i31 %i" [fft_16_ssr1_i16_c16_t16.cpp:78->fft_16_ssr1_i16_c16_t16.cpp:189]   --->   Operation 13 'store' 'store_ln78' <Predicate = true> <Delay = 0.42>
ST_1 : Operation 14 [1/1] (0.42ns)   --->   "%store_ln0 = store i480 0, i480 %phi_ln84"   --->   Operation 14 'store' 'store_ln0' <Predicate = true> <Delay = 0.42>
ST_1 : Operation 15 [1/1] (0.00ns)   --->   "%br_ln0 = br void %for.inc.i"   --->   Operation 15 'br' 'br_ln0' <Predicate = true> <Delay = 0.00>
ST_1 : Operation 16 [1/1] (0.00ns)   --->   "%i_3 = load i31 %i" [fft_16_ssr1_i16_c16_t16.cpp:78->fft_16_ssr1_i16_c16_t16.cpp:189]   --->   Operation 16 'load' 'i_3' <Predicate = true> <Delay = 0.00>
ST_1 : Operation 17 [1/1] (0.00ns)   --->   "%zext_ln78 = zext i31 %i_3" [fft_16_ssr1_i16_c16_t16.cpp:78->fft_16_ssr1_i16_c16_t16.cpp:189]   --->   Operation 17 'zext' 'zext_ln78' <Predicate = true> <Delay = 0.00>
ST_1 : Operation 18 [1/1] (1.01ns)   --->   "%icmp_ln78 = icmp_slt  i32 %zext_ln78, i32 %mul_i_read" [fft_16_ssr1_i16_c16_t16.cpp:78->fft_16_ssr1_i16_c16_t16.cpp:189]   --->   Operation 18 'icmp' 'icmp_ln78' <Predicate = true> <Delay = 1.01> <CoreInst = "Cmp">   --->   Core 9 'Cmp' <Latency = 0> <II = 1> <Delay = 1.01> <FuncUnit> <Opcode : 'icmp'> <InPorts = 2> <OutPorts = 1>
ST_1 : Operation 19 [1/1] (1.00ns)   --->   "%add_ln78 = add i31 %i_3, i31 1" [fft_16_ssr1_i16_c16_t16.cpp:78->fft_16_ssr1_i16_c16_t16.cpp:189]   --->   Operation 19 'add' 'add_ln78' <Predicate = true> <Delay = 1.00> <CoreInst = "Adder">   --->   Core 1 'Adder' <Latency = 0> <II = 1> <Delay = 1.00> <FuncUnit> <Opcode : 'add' 'sub'> <InPorts = 2> <OutPorts = 1>
ST_1 : Operation 20 [1/1] (0.00ns)   --->   "%br_ln78 = br i1 %icmp_ln78, void %dma_out.exit.exitStub, void %for.inc.split.i" [fft_16_ssr1_i16_c16_t16.cpp:78->fft_16_ssr1_i16_c16_t16.cpp:189]   --->   Operation 20 'br' 'br_ln78' <Predicate = true> <Delay = 0.00>
ST_1 : Operation 21 [1/1] (0.00ns)   --->   "%trunc_ln78 = trunc i31 %i_3" [fft_16_ssr1_i16_c16_t16.cpp:78->fft_16_ssr1_i16_c16_t16.cpp:189]   --->   Operation 21 'trunc' 'trunc_ln78' <Predicate = (icmp_ln78)> <Delay = 0.00>
ST_1 : Operation 22 [1/1] (0.79ns)   --->   "%icmp_ln84 = icmp_eq  i4 %trunc_ln78, i4 15" [fft_16_ssr1_i16_c16_t16.cpp:84->fft_16_ssr1_i16_c16_t16.cpp:189]   --->   Operation 22 'icmp' 'icmp_ln84' <Predicate = (icmp_ln78)> <Delay = 0.79> <CoreInst = "Cmp">   --->   Core 9 'Cmp' <Latency = 0> <II = 1> <Delay = 0.79> <FuncUnit> <Opcode : 'icmp'> <InPorts = 2> <OutPorts = 1>
ST_1 : Operation 23 [1/1] (0.00ns)   --->   "%br_ln84 = br i1 %icmp_ln84, void %for.inc.split._crit_edge.i, void" [fft_16_ssr1_i16_c16_t16.cpp:84->fft_16_ssr1_i16_c16_t16.cpp:189]   --->   Operation 23 'br' 'br_ln84' <Predicate = (icmp_ln78)> <Delay = 0.00>
ST_1 : Operation 24 [1/1] (0.42ns)   --->   "%store_ln78 = store i31 %add_ln78, i31 %i" [fft_16_ssr1_i16_c16_t16.cpp:78->fft_16_ssr1_i16_c16_t16.cpp:189]   --->   Operation 24 'store' 'store_ln78' <Predicate = (icmp_ln78)> <Delay = 0.42>

State 2 <SV = 1> <Delay = 1.09>
ST_2 : Operation 25 [1/1] (1.09ns)   --->   "%fft_out_read = read i32 @_ssdm_op_Read.ap_fifo.volatile.i32P0A, i32 %fft_out" [fft_16_ssr1_i16_c16_t16.cpp:81->fft_16_ssr1_i16_c16_t16.cpp:189]   --->   Operation 25 'read' 'fft_out_read' <Predicate = true> <Delay = 1.09> <CoreInst = "FIFO_SRL">   --->   Core 81 'FIFO_SRL' <Latency = 0> <II = 1> <Delay = 1.83> <Storage> <Opcode : 'read' 'write' 'nbread' 'nbwrite'> <Ports = 0> <Width = 32> <Depth = 2> <FIFO>
ST_2 : Operation 40 [1/1] (0.00ns)   --->   "%ret_ln0 = ret"   --->   Operation 40 'ret' 'ret_ln0' <Predicate = (!icmp_ln78)> <Delay = 0.00>

State 3 <SV = 2> <Delay = 2.19>
ST_3 : Operation 26 [1/1] (0.00ns)   --->   "%phi_ln84_load_1 = load i480 %phi_ln84" [fft_16_ssr1_i16_c16_t16.cpp:84->fft_16_ssr1_i16_c16_t16.cpp:189]   --->   Operation 26 'load' 'phi_ln84_load_1' <Predicate = true> <Delay = 0.00>
ST_3 : Operation 27 [1/1] (0.00ns)   --->   "%gmem2_addr = getelementptr i512 %gmem2, i64 %sext_ln78_cast" [fft_16_ssr1_i16_c16_t16.cpp:78->fft_16_ssr1_i16_c16_t16.cpp:189]   --->   Operation 27 'getelementptr' 'gmem2_addr' <Predicate = true> <Delay = 0.00>
ST_3 : Operation 28 [1/1] (0.00ns)   --->   "%specpipeline_ln78 = specpipeline void @_ssdm_op_SpecPipeline, i32 4294967295, i32 0, i32 0, i32 0, void @empty_4" [fft_16_ssr1_i16_c16_t16.cpp:78->fft_16_ssr1_i16_c16_t16.cpp:189]   --->   Operation 28 'specpipeline' 'specpipeline_ln78' <Predicate = true> <Delay = 0.00>
ST_3 : Operation 29 [1/1] (0.00ns)   --->   "%speclooptripcount_ln80 = speclooptripcount void @_ssdm_op_SpecLoopTripCount, i64 0, i64 512, i64 256" [fft_16_ssr1_i16_c16_t16.cpp:80->fft_16_ssr1_i16_c16_t16.cpp:189]   --->   Operation 29 'speclooptripcount' 'speclooptripcount_ln80' <Predicate = true> <Delay = 0.00>
ST_3 : Operation 30 [1/1] (0.00ns)   --->   "%specloopname_ln78 = specloopname void @_ssdm_op_SpecLoopName, void @empty_12" [fft_16_ssr1_i16_c16_t16.cpp:78->fft_16_ssr1_i16_c16_t16.cpp:189]   --->   Operation 30 'specloopname' 'specloopname_ln78' <Predicate = true> <Delay = 0.00>
ST_3 : Operation 31 [1/1] (0.00ns)   --->   "%or_ln = bitconcatenate i512 @_ssdm_op_BitConcatenate.i512.i32.i480, i32 %fft_out_read, i480 %phi_ln84_load_1" [fft_16_ssr1_i16_c16_t16.cpp:84->fft_16_ssr1_i16_c16_t16.cpp:189]   --->   Operation 31 'bitconcatenate' 'or_ln' <Predicate = true> <Delay = 0.00>
ST_3 : Operation 32 [1/1] (2.19ns)   --->   "%write_ln84 = write void @_ssdm_op_Write.m_axi.p1i512, i512 %gmem2_addr, i512 %or_ln, i64 18446744073709551615" [fft_16_ssr1_i16_c16_t16.cpp:84->fft_16_ssr1_i16_c16_t16.cpp:189]   --->   Operation 32 'write' 'write_ln84' <Predicate = (icmp_ln84)> <Delay = 2.19> <CoreInst = "m_axi">   --->   Core 121 'm_axi' <Latency = 0> <II = 1> <Delay = 1.00> <Adapter> <Opcode : 'read' 'write' 'readreq' 'writereq' 'writeresp'>
ST_3 : Operation 33 [1/1] (0.00ns)   --->   "%br_ln84 = br void %for.inc.split._crit_edge.i" [fft_16_ssr1_i16_c16_t16.cpp:84->fft_16_ssr1_i16_c16_t16.cpp:189]   --->   Operation 33 'br' 'br_ln84' <Predicate = (icmp_ln84)> <Delay = 0.00>
ST_3 : Operation 34 [1/1] (0.00ns)   --->   "%phi_ln84_load = load i480 %phi_ln84" [fft_16_ssr1_i16_c16_t16.cpp:78->fft_16_ssr1_i16_c16_t16.cpp:189]   --->   Operation 34 'load' 'phi_ln84_load' <Predicate = (!icmp_ln84)> <Delay = 0.00>
ST_3 : Operation 35 [1/1] (0.00ns)   --->   "%tmp = partselect i448 @_ssdm_op_PartSelect.i448.i480.i32.i32, i480 %phi_ln84_load, i32 32, i32 479" [fft_16_ssr1_i16_c16_t16.cpp:78->fft_16_ssr1_i16_c16_t16.cpp:189]   --->   Operation 35 'partselect' 'tmp' <Predicate = (!icmp_ln84)> <Delay = 0.00>
ST_3 : Operation 36 [1/1] (0.00ns)   --->   "%tmp_1 = bitconcatenate i480 @_ssdm_op_BitConcatenate.i480.i32.i448, i32 %fft_out_read, i448 %tmp" [fft_16_ssr1_i16_c16_t16.cpp:78->fft_16_ssr1_i16_c16_t16.cpp:189]   --->   Operation 36 'bitconcatenate' 'tmp_1' <Predicate = (!icmp_ln84)> <Delay = 0.00>
ST_3 : Operation 37 [1/1] (0.58ns)   --->   "%select_ln84 = select i1 %icmp_ln84, i480 0, i480 %tmp_1" [fft_16_ssr1_i16_c16_t16.cpp:84->fft_16_ssr1_i16_c16_t16.cpp:189]   --->   Operation 37 'select' 'select_ln84' <Predicate = true> <Delay = 0.58> <CoreInst = "Sel">   --->   Core 73 'Sel' <Latency = 0> <II = 1> <Delay = 0.58> <FuncUnit> <Opcode : 'select'> <InPorts = 3> <OutPorts = 1>
ST_3 : Operation 38 [1/1] (0.42ns)   --->   "%store_ln84 = store i480 %select_ln84, i480 %phi_ln84" [fft_16_ssr1_i16_c16_t16.cpp:84->fft_16_ssr1_i16_c16_t16.cpp:189]   --->   Operation 38 'store' 'store_ln84' <Predicate = true> <Delay = 0.42>
ST_3 : Operation 39 [1/1] (0.00ns)   --->   "%br_ln78 = br void %for.inc.i" [fft_16_ssr1_i16_c16_t16.cpp:78->fft_16_ssr1_i16_c16_t16.cpp:189]   --->   Operation 39 'br' 'br_ln78' <Predicate = true> <Delay = 0.00>


============================================================
+ Verbose Summary: Timing violations
============================================================
Target clock period: 3.000ns, clock uncertainty: 0.810ns.

 <State 1>: 1.870ns
The critical path consists of the following:
	'store' operation 0 bit ('store_ln78', fft_16_ssr1_i16_c16_t16.cpp:78->fft_16_ssr1_i16_c16_t16.cpp:189) of constant 0 on local variable 'i', fft_16_ssr1_i16_c16_t16.cpp:78->fft_16_ssr1_i16_c16_t16.cpp:189 [12]  (0.427 ns)
	'load' operation 31 bit ('i', fft_16_ssr1_i16_c16_t16.cpp:78->fft_16_ssr1_i16_c16_t16.cpp:189) on local variable 'i', fft_16_ssr1_i16_c16_t16.cpp:78->fft_16_ssr1_i16_c16_t16.cpp:189 [16]  (0.000 ns)
	'icmp' operation 1 bit ('icmp_ln78', fft_16_ssr1_i16_c16_t16.cpp:78->fft_16_ssr1_i16_c16_t16.cpp:189) [18]  (1.016 ns)
	'store' operation 0 bit ('store_ln78', fft_16_ssr1_i16_c16_t16.cpp:78->fft_16_ssr1_i16_c16_t16.cpp:189) of variable 'add_ln78', fft_16_ssr1_i16_c16_t16.cpp:78->fft_16_ssr1_i16_c16_t16.cpp:189 on local variable 'i', fft_16_ssr1_i16_c16_t16.cpp:78->fft_16_ssr1_i16_c16_t16.cpp:189 [40]  (0.427 ns)

 <State 2>: 1.095ns
The critical path consists of the following:
	fifo read operation ('fft_out_read', fft_16_ssr1_i16_c16_t16.cpp:81->fft_16_ssr1_i16_c16_t16.cpp:189) on port 'fft_out' (fft_16_ssr1_i16_c16_t16.cpp:81->fft_16_ssr1_i16_c16_t16.cpp:189) [28]  (1.095 ns)

 <State 3>: 2.190ns
The critical path consists of the following:
	'load' operation 480 bit ('phi_ln84_load_1', fft_16_ssr1_i16_c16_t16.cpp:84->fft_16_ssr1_i16_c16_t16.cpp:189) on local variable 'phi_ln84' [22]  (0.000 ns)
	bus write operation ('write_ln84', fft_16_ssr1_i16_c16_t16.cpp:84->fft_16_ssr1_i16_c16_t16.cpp:189) on port 'gmem2' (fft_16_ssr1_i16_c16_t16.cpp:84->fft_16_ssr1_i16_c16_t16.cpp:189) [33]  (2.190 ns)


============================================================
+ Verbose Summary: Binding
============================================================
N/A
* FSMD analyzer results:
  - Output states:
 - Input state : 
  - Chain level:
	State 1
	State 2
	State 3


============================================================
+ Verbose Summary: Datapath Resource usage 
============================================================
N/A
