

================================================================
== Vitis HLS Report for 'dma_in'
================================================================
* Date:           Tue Mar  3 20:53:53 2026

* Version:        2023.2 (Build 4023990 on Oct 11 2023)
* Project:        hls_project
* Solution:       solution1 (Vivado IP Flow Target)
* Product family: zynquplus
* Target device:  xck26-sfvc784-2LV-c


================================================================
== Performance Estimates
================================================================
+ Timing: 
    * Summary: 
    +--------+---------+----------+------------+
    |  Clock |  Target | Estimated| Uncertainty|
    +--------+---------+----------+------------+
    |ap_clk  |  3.00 ns|  2.190 ns|     0.81 ns|
    +--------+---------+----------+------------+

+ Latency: 
    * Summary: 
    +---------+---------+----------+----------+-----+-----+---------+
    |  Latency (cycles) |  Latency (absolute) |  Interval | Pipeline|
    |   min   |   max   |    min   |    max   | min | max |   Type  |
    +---------+---------+----------+----------+-----+-----+---------+
    |       75|      588|  0.225 us|  1.764 us|   75|  588|       no|
    +---------+---------+----------+----------+-----+-----+---------+

    + Detail: 
        * Instance: 
        N/A

        * Loop: 
        N/A

============================================================
+ Verbose Summary: Synthesis Manager
============================================================
InlineROM: 1
ExposeGlobal: 0
============================================================
+ Verbose Summary: CDFG Model
============================================================
IsTopModel: 0
ResetActiveHigh: 1
IsCombinational: 2
IsDatapathOnly: 0
HasWiredReturn: 1
HasMFsm: 0
HasVarLatency: 1
IsPipeline: 0
IsRtlPipelined: 0
IsInstanceOverlapped: 0
IsDontTouch: 0
HasImplIP: 0
IsGatedGlobalClock: 0


============================================================
+ Verbose Summary: Schedule
============================================================
* Number of FSM states : 74
* Pipeline : 0
* Dataflow Pipeline: 0

* FSM state transitions: 
1 --> 2 
2 --> 3 
3 --> 4 
4 --> 5 
5 --> 6 
6 --> 7 
7 --> 8 
8 --> 9 
9 --> 10 
10 --> 11 
11 --> 12 
12 --> 13 
13 --> 14 
14 --> 15 
15 --> 16 
16 --> 17 
17 --> 18 
18 --> 19 
19 --> 20 
20 --> 21 
21 --> 22 
22 --> 23 
23 --> 24 
24 --> 25 
25 --> 26 
26 --> 27 
27 --> 28 
28 --> 29 
29 --> 30 
30 --> 31 
31 --> 32 
32 --> 33 
33 --> 34 
34 --> 35 
35 --> 36 
36 --> 37 
37 --> 38 
38 --> 39 
39 --> 40 
40 --> 41 
41 --> 42 
42 --> 43 
43 --> 44 
44 --> 45 
45 --> 46 
46 --> 47 
47 --> 48 
48 --> 49 
49 --> 50 
50 --> 51 
51 --> 52 
52 --> 53 
53 --> 54 
54 --> 55 
55 --> 56 
56 --> 57 
57 --> 58 
58 --> 59 
59 --> 60 
60 --> 61 
61 --> 62 
62 --> 63 
63 --> 64 
64 --> 65 
65 --> 66 
66 --> 67 
67 --> 68 
68 --> 69 
69 --> 70 
70 --> 71 
71 --> 72 
72 --> 73 
73 --> 74 
74 --> 

* FSM state operations: 

State 1 <SV = 0> <Delay = 1.29>
ST_1 : Operation 75 [1/1] (0.00ns)   --->   "%iter_read = read i32 @_ssdm_op_Read.ap_auto.i32, i32 %iter" [fft_16_ssr1_i16_c16_t16.cpp:47->fft_16_ssr1_i16_c16_t16.cpp:178]   --->   Operation 75 'read' 'iter_read' <Predicate = true> <Delay = 0.00>
ST_1 : Operation 76 [1/1] (1.09ns)   --->   "%write_ln47 = write void @_ssdm_op_Write.ap_fifo.i32P0A, i32 %iter_c10, i32 %iter_read" [fft_16_ssr1_i16_c16_t16.cpp:47->fft_16_ssr1_i16_c16_t16.cpp:178]   --->   Operation 76 'write' 'write_ln47' <Predicate = true> <Delay = 1.09> <CoreInst = "FIFO_SRL">   --->   Core 81 'FIFO_SRL' <Latency = 0> <II = 1> <Delay = 1.83> <Storage> <Opcode : 'read' 'write' 'nbread' 'nbwrite'> <Ports = 0> <Width = 32> <Depth = 2> <FIFO>
ST_1 : Operation 77 [1/1] (0.00ns)   --->   "%iter_2 = trunc i32 %iter_read" [fft_16_ssr1_i16_c16_t16.cpp:47->fft_16_ssr1_i16_c16_t16.cpp:178]   --->   Operation 77 'trunc' 'iter_2' <Predicate = true> <Delay = 0.00>
ST_1 : Operation 78 [1/1] (0.00ns)   --->   "%empty = trunc i32 %iter_read" [fft_16_ssr1_i16_c16_t16.cpp:47->fft_16_ssr1_i16_c16_t16.cpp:178]   --->   Operation 78 'trunc' 'empty' <Predicate = true> <Delay = 0.00>
ST_1 : Operation 79 [1/1] (0.97ns)   --->   "%icmp_ln53 = icmp_sgt  i28 %iter_2, i28 0" [fft_16_ssr1_i16_c16_t16.cpp:53->fft_16_ssr1_i16_c16_t16.cpp:178]   --->   Operation 79 'icmp' 'icmp_ln53' <Predicate = true> <Delay = 0.97> <CoreInst = "Cmp">   --->   Core 9 'Cmp' <Latency = 0> <II = 1> <Delay = 0.97> <FuncUnit> <Opcode : 'icmp'> <InPorts = 2> <OutPorts = 1>
ST_1 : Operation 80 [1/1] (0.32ns)   --->   "%empty_43 = select i1 %icmp_ln53, i27 %empty, i27 0" [fft_16_ssr1_i16_c16_t16.cpp:53->fft_16_ssr1_i16_c16_t16.cpp:178]   --->   Operation 80 'select' 'empty_43' <Predicate = true> <Delay = 0.32> <CoreInst = "Sel">   --->   Core 73 'Sel' <Latency = 0> <II = 1> <Delay = 0.32> <FuncUnit> <Opcode : 'select'> <InPorts = 3> <OutPorts = 1>

State 2 <SV = 1> <Delay = 2.19>
ST_2 : Operation 81 [1/1] (0.00ns)   --->   "%din_read = read i64 @_ssdm_op_Read.ap_auto.i64, i64 %din" [fft_16_ssr1_i16_c16_t16.cpp:47->fft_16_ssr1_i16_c16_t16.cpp:178]   --->   Operation 81 'read' 'din_read' <Predicate = true> <Delay = 0.00>
ST_2 : Operation 82 [1/1] (0.00ns)   --->   "%trunc_ln = partselect i58 @_ssdm_op_PartSelect.i58.i64.i32.i32, i64 %din_read, i32 6, i32 63" [fft_16_ssr1_i16_c16_t16.cpp:53->fft_16_ssr1_i16_c16_t16.cpp:178]   --->   Operation 82 'partselect' 'trunc_ln' <Predicate = true> <Delay = 0.00>
ST_2 : Operation 83 [1/1] (0.00ns)   --->   "%sext_ln53 = sext i58 %trunc_ln" [fft_16_ssr1_i16_c16_t16.cpp:53->fft_16_ssr1_i16_c16_t16.cpp:178]   --->   Operation 83 'sext' 'sext_ln53' <Predicate = true> <Delay = 0.00>
ST_2 : Operation 84 [1/1] (0.00ns)   --->   "%gmem1_addr = getelementptr i512 %gmem1, i64 %sext_ln53" [fft_16_ssr1_i16_c16_t16.cpp:53->fft_16_ssr1_i16_c16_t16.cpp:178]   --->   Operation 84 'getelementptr' 'gmem1_addr' <Predicate = true> <Delay = 0.00>
ST_2 : Operation 85 [1/1] (0.00ns)   --->   "%zext_ln53 = zext i27 %empty_43" [fft_16_ssr1_i16_c16_t16.cpp:53->fft_16_ssr1_i16_c16_t16.cpp:178]   --->   Operation 85 'zext' 'zext_ln53' <Predicate = true> <Delay = 0.00>
ST_2 : Operation 86 [71/71] (2.19ns)   --->   "%empty_44 = readreq i1 @_ssdm_op_ReadReq.m_axi.p1i512, i512 %gmem1_addr, i32 %zext_ln53" [fft_16_ssr1_i16_c16_t16.cpp:53->fft_16_ssr1_i16_c16_t16.cpp:178]   --->   Operation 86 'readreq' 'empty_44' <Predicate = true> <Delay = 2.19> <CoreInst = "m_axi">   --->   Core 121 'm_axi' <Latency = 0> <II = 1> <Delay = 1.00> <Adapter> <Opcode : 'read' 'write' 'readreq' 'writereq' 'writeresp'>

State 3 <SV = 2> <Delay = 2.19>
ST_3 : Operation 87 [70/71] (2.19ns)   --->   "%empty_44 = readreq i1 @_ssdm_op_ReadReq.m_axi.p1i512, i512 %gmem1_addr, i32 %zext_ln53" [fft_16_ssr1_i16_c16_t16.cpp:53->fft_16_ssr1_i16_c16_t16.cpp:178]   --->   Operation 87 'readreq' 'empty_44' <Predicate = true> <Delay = 2.19> <CoreInst = "m_axi">   --->   Core 121 'm_axi' <Latency = 0> <II = 1> <Delay = 1.00> <Adapter> <Opcode : 'read' 'write' 'readreq' 'writereq' 'writeresp'>

State 4 <SV = 3> <Delay = 2.19>
ST_4 : Operation 88 [69/71] (2.19ns)   --->   "%empty_44 = readreq i1 @_ssdm_op_ReadReq.m_axi.p1i512, i512 %gmem1_addr, i32 %zext_ln53" [fft_16_ssr1_i16_c16_t16.cpp:53->fft_16_ssr1_i16_c16_t16.cpp:178]   --->   Operation 88 'readreq' 'empty_44' <Predicate = true> <Delay = 2.19> <CoreInst = "m_axi">   --->   Core 121 'm_axi' <Latency = 0> <II = 1> <Delay = 1.00> <Adapter> <Opcode : 'read' 'write' 'readreq' 'writereq' 'writeresp'>

State 5 <SV = 4> <Delay = 2.19>
ST_5 : Operation 89 [68/71] (2.19ns)   --->   "%empty_44 = readreq i1 @_ssdm_op_ReadReq.m_axi.p1i512, i512 %gmem1_addr, i32 %zext_ln53" [fft_16_ssr1_i16_c16_t16.cpp:53->fft_16_ssr1_i16_c16_t16.cpp:178]   --->   Operation 89 'readreq' 'empty_44' <Predicate = true> <Delay = 2.19> <CoreInst = "m_axi">   --->   Core 121 'm_axi' <Latency = 0> <II = 1> <Delay = 1.00> <Adapter> <Opcode : 'read' 'write' 'readreq' 'writereq' 'writeresp'>

State 6 <SV = 5> <Delay = 2.19>
ST_6 : Operation 90 [67/71] (2.19ns)   --->   "%empty_44 = readreq i1 @_ssdm_op_ReadReq.m_axi.p1i512, i512 %gmem1_addr, i32 %zext_ln53" [fft_16_ssr1_i16_c16_t16.cpp:53->fft_16_ssr1_i16_c16_t16.cpp:178]   --->   Operation 90 'readreq' 'empty_44' <Predicate = true> <Delay = 2.19> <CoreInst = "m_axi">   --->   Core 121 'm_axi' <Latency = 0> <II = 1> <Delay = 1.00> <Adapter> <Opcode : 'read' 'write' 'readreq' 'writereq' 'writeresp'>

State 7 <SV = 6> <Delay = 2.19>
ST_7 : Operation 91 [66/71] (2.19ns)   --->   "%empty_44 = readreq i1 @_ssdm_op_ReadReq.m_axi.p1i512, i512 %gmem1_addr, i32 %zext_ln53" [fft_16_ssr1_i16_c16_t16.cpp:53->fft_16_ssr1_i16_c16_t16.cpp:178]   --->   Operation 91 'readreq' 'empty_44' <Predicate = true> <Delay = 2.19> <CoreInst = "m_axi">   --->   Core 121 'm_axi' <Latency = 0> <II = 1> <Delay = 1.00> <Adapter> <Opcode : 'read' 'write' 'readreq' 'writereq' 'writeresp'>

State 8 <SV = 7> <Delay = 2.19>
ST_8 : Operation 92 [65/71] (2.19ns)   --->   "%empty_44 = readreq i1 @_ssdm_op_ReadReq.m_axi.p1i512, i512 %gmem1_addr, i32 %zext_ln53" [fft_16_ssr1_i16_c16_t16.cpp:53->fft_16_ssr1_i16_c16_t16.cpp:178]   --->   Operation 92 'readreq' 'empty_44' <Predicate = true> <Delay = 2.19> <CoreInst = "m_axi">   --->   Core 121 'm_axi' <Latency = 0> <II = 1> <Delay = 1.00> <Adapter> <Opcode : 'read' 'write' 'readreq' 'writereq' 'writeresp'>

State 9 <SV = 8> <Delay = 2.19>
ST_9 : Operation 93 [64/71] (2.19ns)   --->   "%empty_44 = readreq i1 @_ssdm_op_ReadReq.m_axi.p1i512, i512 %gmem1_addr, i32 %zext_ln53" [fft_16_ssr1_i16_c16_t16.cpp:53->fft_16_ssr1_i16_c16_t16.cpp:178]   --->   Operation 93 'readreq' 'empty_44' <Predicate = true> <Delay = 2.19> <CoreInst = "m_axi">   --->   Core 121 'm_axi' <Latency = 0> <II = 1> <Delay = 1.00> <Adapter> <Opcode : 'read' 'write' 'readreq' 'writereq' 'writeresp'>

State 10 <SV = 9> <Delay = 2.19>
ST_10 : Operation 94 [63/71] (2.19ns)   --->   "%empty_44 = readreq i1 @_ssdm_op_ReadReq.m_axi.p1i512, i512 %gmem1_addr, i32 %zext_ln53" [fft_16_ssr1_i16_c16_t16.cpp:53->fft_16_ssr1_i16_c16_t16.cpp:178]   --->   Operation 94 'readreq' 'empty_44' <Predicate = true> <Delay = 2.19> <CoreInst = "m_axi">   --->   Core 121 'm_axi' <Latency = 0> <II = 1> <Delay = 1.00> <Adapter> <Opcode : 'read' 'write' 'readreq' 'writereq' 'writeresp'>

State 11 <SV = 10> <Delay = 2.19>
ST_11 : Operation 95 [62/71] (2.19ns)   --->   "%empty_44 = readreq i1 @_ssdm_op_ReadReq.m_axi.p1i512, i512 %gmem1_addr, i32 %zext_ln53" [fft_16_ssr1_i16_c16_t16.cpp:53->fft_16_ssr1_i16_c16_t16.cpp:178]   --->   Operation 95 'readreq' 'empty_44' <Predicate = true> <Delay = 2.19> <CoreInst = "m_axi">   --->   Core 121 'm_axi' <Latency = 0> <II = 1> <Delay = 1.00> <Adapter> <Opcode : 'read' 'write' 'readreq' 'writereq' 'writeresp'>

State 12 <SV = 11> <Delay = 2.19>
ST_12 : Operation 96 [61/71] (2.19ns)   --->   "%empty_44 = readreq i1 @_ssdm_op_ReadReq.m_axi.p1i512, i512 %gmem1_addr, i32 %zext_ln53" [fft_16_ssr1_i16_c16_t16.cpp:53->fft_16_ssr1_i16_c16_t16.cpp:178]   --->   Operation 96 'readreq' 'empty_44' <Predicate = true> <Delay = 2.19> <CoreInst = "m_axi">   --->   Core 121 'm_axi' <Latency = 0> <II = 1> <Delay = 1.00> <Adapter> <Opcode : 'read' 'write' 'readreq' 'writereq' 'writeresp'>

State 13 <SV = 12> <Delay = 2.19>
ST_13 : Operation 97 [60/71] (2.19ns)   --->   "%empty_44 = readreq i1 @_ssdm_op_ReadReq.m_axi.p1i512, i512 %gmem1_addr, i32 %zext_ln53" [fft_16_ssr1_i16_c16_t16.cpp:53->fft_16_ssr1_i16_c16_t16.cpp:178]   --->   Operation 97 'readreq' 'empty_44' <Predicate = true> <Delay = 2.19> <CoreInst = "m_axi">   --->   Core 121 'm_axi' <Latency = 0> <II = 1> <Delay = 1.00> <Adapter> <Opcode : 'read' 'write' 'readreq' 'writereq' 'writeresp'>

State 14 <SV = 13> <Delay = 2.19>
ST_14 : Operation 98 [59/71] (2.19ns)   --->   "%empty_44 = readreq i1 @_ssdm_op_ReadReq.m_axi.p1i512, i512 %gmem1_addr, i32 %zext_ln53" [fft_16_ssr1_i16_c16_t16.cpp:53->fft_16_ssr1_i16_c16_t16.cpp:178]   --->   Operation 98 'readreq' 'empty_44' <Predicate = true> <Delay = 2.19> <CoreInst = "m_axi">   --->   Core 121 'm_axi' <Latency = 0> <II = 1> <Delay = 1.00> <Adapter> <Opcode : 'read' 'write' 'readreq' 'writereq' 'writeresp'>

State 15 <SV = 14> <Delay = 2.19>
ST_15 : Operation 99 [58/71] (2.19ns)   --->   "%empty_44 = readreq i1 @_ssdm_op_ReadReq.m_axi.p1i512, i512 %gmem1_addr, i32 %zext_ln53" [fft_16_ssr1_i16_c16_t16.cpp:53->fft_16_ssr1_i16_c16_t16.cpp:178]   --->   Operation 99 'readreq' 'empty_44' <Predicate = true> <Delay = 2.19> <CoreInst = "m_axi">   --->   Core 121 'm_axi' <Latency = 0> <II = 1> <Delay = 1.00> <Adapter> <Opcode : 'read' 'write' 'readreq' 'writereq' 'writeresp'>

State 16 <SV = 15> <Delay = 2.19>
ST_16 : Operation 100 [57/71] (2.19ns)   --->   "%empty_44 = readreq i1 @_ssdm_op_ReadReq.m_axi.p1i512, i512 %gmem1_addr, i32 %zext_ln53" [fft_16_ssr1_i16_c16_t16.cpp:53->fft_16_ssr1_i16_c16_t16.cpp:178]   --->   Operation 100 'readreq' 'empty_44' <Predicate = true> <Delay = 2.19> <CoreInst = "m_axi">   --->   Core 121 'm_axi' <Latency = 0> <II = 1> <Delay = 1.00> <Adapter> <Opcode : 'read' 'write' 'readreq' 'writereq' 'writeresp'>

State 17 <SV = 16> <Delay = 2.19>
ST_17 : Operation 101 [56/71] (2.19ns)   --->   "%empty_44 = readreq i1 @_ssdm_op_ReadReq.m_axi.p1i512, i512 %gmem1_addr, i32 %zext_ln53" [fft_16_ssr1_i16_c16_t16.cpp:53->fft_16_ssr1_i16_c16_t16.cpp:178]   --->   Operation 101 'readreq' 'empty_44' <Predicate = true> <Delay = 2.19> <CoreInst = "m_axi">   --->   Core 121 'm_axi' <Latency = 0> <II = 1> <Delay = 1.00> <Adapter> <Opcode : 'read' 'write' 'readreq' 'writereq' 'writeresp'>

State 18 <SV = 17> <Delay = 2.19>
ST_18 : Operation 102 [55/71] (2.19ns)   --->   "%empty_44 = readreq i1 @_ssdm_op_ReadReq.m_axi.p1i512, i512 %gmem1_addr, i32 %zext_ln53" [fft_16_ssr1_i16_c16_t16.cpp:53->fft_16_ssr1_i16_c16_t16.cpp:178]   --->   Operation 102 'readreq' 'empty_44' <Predicate = true> <Delay = 2.19> <CoreInst = "m_axi">   --->   Core 121 'm_axi' <Latency = 0> <II = 1> <Delay = 1.00> <Adapter> <Opcode : 'read' 'write' 'readreq' 'writereq' 'writeresp'>

State 19 <SV = 18> <Delay = 2.19>
ST_19 : Operation 103 [54/71] (2.19ns)   --->   "%empty_44 = readreq i1 @_ssdm_op_ReadReq.m_axi.p1i512, i512 %gmem1_addr, i32 %zext_ln53" [fft_16_ssr1_i16_c16_t16.cpp:53->fft_16_ssr1_i16_c16_t16.cpp:178]   --->   Operation 103 'readreq' 'empty_44' <Predicate = true> <Delay = 2.19> <CoreInst = "m_axi">   --->   Core 121 'm_axi' <Latency = 0> <II = 1> <Delay = 1.00> <Adapter> <Opcode : 'read' 'write' 'readreq' 'writereq' 'writeresp'>

State 20 <SV = 19> <Delay = 2.19>
ST_20 : Operation 104 [53/71] (2.19ns)   --->   "%empty_44 = readreq i1 @_ssdm_op_ReadReq.m_axi.p1i512, i512 %gmem1_addr, i32 %zext_ln53" [fft_16_ssr1_i16_c16_t16.cpp:53->fft_16_ssr1_i16_c16_t16.cpp:178]   --->   Operation 104 'readreq' 'empty_44' <Predicate = true> <Delay = 2.19> <CoreInst = "m_axi">   --->   Core 121 'm_axi' <Latency = 0> <II = 1> <Delay = 1.00> <Adapter> <Opcode : 'read' 'write' 'readreq' 'writereq' 'writeresp'>

State 21 <SV = 20> <Delay = 2.19>
ST_21 : Operation 105 [52/71] (2.19ns)   --->   "%empty_44 = readreq i1 @_ssdm_op_ReadReq.m_axi.p1i512, i512 %gmem1_addr, i32 %zext_ln53" [fft_16_ssr1_i16_c16_t16.cpp:53->fft_16_ssr1_i16_c16_t16.cpp:178]   --->   Operation 105 'readreq' 'empty_44' <Predicate = true> <Delay = 2.19> <CoreInst = "m_axi">   --->   Core 121 'm_axi' <Latency = 0> <II = 1> <Delay = 1.00> <Adapter> <Opcode : 'read' 'write' 'readreq' 'writereq' 'writeresp'>

State 22 <SV = 21> <Delay = 2.19>
ST_22 : Operation 106 [51/71] (2.19ns)   --->   "%empty_44 = readreq i1 @_ssdm_op_ReadReq.m_axi.p1i512, i512 %gmem1_addr, i32 %zext_ln53" [fft_16_ssr1_i16_c16_t16.cpp:53->fft_16_ssr1_i16_c16_t16.cpp:178]   --->   Operation 106 'readreq' 'empty_44' <Predicate = true> <Delay = 2.19> <CoreInst = "m_axi">   --->   Core 121 'm_axi' <Latency = 0> <II = 1> <Delay = 1.00> <Adapter> <Opcode : 'read' 'write' 'readreq' 'writereq' 'writeresp'>

State 23 <SV = 22> <Delay = 2.19>
ST_23 : Operation 107 [50/71] (2.19ns)   --->   "%empty_44 = readreq i1 @_ssdm_op_ReadReq.m_axi.p1i512, i512 %gmem1_addr, i32 %zext_ln53" [fft_16_ssr1_i16_c16_t16.cpp:53->fft_16_ssr1_i16_c16_t16.cpp:178]   --->   Operation 107 'readreq' 'empty_44' <Predicate = true> <Delay = 2.19> <CoreInst = "m_axi">   --->   Core 121 'm_axi' <Latency = 0> <II = 1> <Delay = 1.00> <Adapter> <Opcode : 'read' 'write' 'readreq' 'writereq' 'writeresp'>

State 24 <SV = 23> <Delay = 2.19>
ST_24 : Operation 108 [49/71] (2.19ns)   --->   "%empty_44 = readreq i1 @_ssdm_op_ReadReq.m_axi.p1i512, i512 %gmem1_addr, i32 %zext_ln53" [fft_16_ssr1_i16_c16_t16.cpp:53->fft_16_ssr1_i16_c16_t16.cpp:178]   --->   Operation 108 'readreq' 'empty_44' <Predicate = true> <Delay = 2.19> <CoreInst = "m_axi">   --->   Core 121 'm_axi' <Latency = 0> <II = 1> <Delay = 1.00> <Adapter> <Opcode : 'read' 'write' 'readreq' 'writereq' 'writeresp'>

State 25 <SV = 24> <Delay = 2.19>
ST_25 : Operation 109 [48/71] (2.19ns)   --->   "%empty_44 = readreq i1 @_ssdm_op_ReadReq.m_axi.p1i512, i512 %gmem1_addr, i32 %zext_ln53" [fft_16_ssr1_i16_c16_t16.cpp:53->fft_16_ssr1_i16_c16_t16.cpp:178]   --->   Operation 109 'readreq' 'empty_44' <Predicate = true> <Delay = 2.19> <CoreInst = "m_axi">   --->   Core 121 'm_axi' <Latency = 0> <II = 1> <Delay = 1.00> <Adapter> <Opcode : 'read' 'write' 'readreq' 'writereq' 'writeresp'>

State 26 <SV = 25> <Delay = 2.19>
ST_26 : Operation 110 [47/71] (2.19ns)   --->   "%empty_44 = readreq i1 @_ssdm_op_ReadReq.m_axi.p1i512, i512 %gmem1_addr, i32 %zext_ln53" [fft_16_ssr1_i16_c16_t16.cpp:53->fft_16_ssr1_i16_c16_t16.cpp:178]   --->   Operation 110 'readreq' 'empty_44' <Predicate = true> <Delay = 2.19> <CoreInst = "m_axi">   --->   Core 121 'm_axi' <Latency = 0> <II = 1> <Delay = 1.00> <Adapter> <Opcode : 'read' 'write' 'readreq' 'writereq' 'writeresp'>

State 27 <SV = 26> <Delay = 2.19>
ST_27 : Operation 111 [46/71] (2.19ns)   --->   "%empty_44 = readreq i1 @_ssdm_op_ReadReq.m_axi.p1i512, i512 %gmem1_addr, i32 %zext_ln53" [fft_16_ssr1_i16_c16_t16.cpp:53->fft_16_ssr1_i16_c16_t16.cpp:178]   --->   Operation 111 'readreq' 'empty_44' <Predicate = true> <Delay = 2.19> <CoreInst = "m_axi">   --->   Core 121 'm_axi' <Latency = 0> <II = 1> <Delay = 1.00> <Adapter> <Opcode : 'read' 'write' 'readreq' 'writereq' 'writeresp'>

State 28 <SV = 27> <Delay = 2.19>
ST_28 : Operation 112 [45/71] (2.19ns)   --->   "%empty_44 = readreq i1 @_ssdm_op_ReadReq.m_axi.p1i512, i512 %gmem1_addr, i32 %zext_ln53" [fft_16_ssr1_i16_c16_t16.cpp:53->fft_16_ssr1_i16_c16_t16.cpp:178]   --->   Operation 112 'readreq' 'empty_44' <Predicate = true> <Delay = 2.19> <CoreInst = "m_axi">   --->   Core 121 'm_axi' <Latency = 0> <II = 1> <Delay = 1.00> <Adapter> <Opcode : 'read' 'write' 'readreq' 'writereq' 'writeresp'>

State 29 <SV = 28> <Delay = 2.19>
ST_29 : Operation 113 [44/71] (2.19ns)   --->   "%empty_44 = readreq i1 @_ssdm_op_ReadReq.m_axi.p1i512, i512 %gmem1_addr, i32 %zext_ln53" [fft_16_ssr1_i16_c16_t16.cpp:53->fft_16_ssr1_i16_c16_t16.cpp:178]   --->   Operation 113 'readreq' 'empty_44' <Predicate = true> <Delay = 2.19> <CoreInst = "m_axi">   --->   Core 121 'm_axi' <Latency = 0> <II = 1> <Delay = 1.00> <Adapter> <Opcode : 'read' 'write' 'readreq' 'writereq' 'writeresp'>

State 30 <SV = 29> <Delay = 2.19>
ST_30 : Operation 114 [43/71] (2.19ns)   --->   "%empty_44 = readreq i1 @_ssdm_op_ReadReq.m_axi.p1i512, i512 %gmem1_addr, i32 %zext_ln53" [fft_16_ssr1_i16_c16_t16.cpp:53->fft_16_ssr1_i16_c16_t16.cpp:178]   --->   Operation 114 'readreq' 'empty_44' <Predicate = true> <Delay = 2.19> <CoreInst = "m_axi">   --->   Core 121 'm_axi' <Latency = 0> <II = 1> <Delay = 1.00> <Adapter> <Opcode : 'read' 'write' 'readreq' 'writereq' 'writeresp'>

State 31 <SV = 30> <Delay = 2.19>
ST_31 : Operation 115 [42/71] (2.19ns)   --->   "%empty_44 = readreq i1 @_ssdm_op_ReadReq.m_axi.p1i512, i512 %gmem1_addr, i32 %zext_ln53" [fft_16_ssr1_i16_c16_t16.cpp:53->fft_16_ssr1_i16_c16_t16.cpp:178]   --->   Operation 115 'readreq' 'empty_44' <Predicate = true> <Delay = 2.19> <CoreInst = "m_axi">   --->   Core 121 'm_axi' <Latency = 0> <II = 1> <Delay = 1.00> <Adapter> <Opcode : 'read' 'write' 'readreq' 'writereq' 'writeresp'>

State 32 <SV = 31> <Delay = 2.19>
ST_32 : Operation 116 [41/71] (2.19ns)   --->   "%empty_44 = readreq i1 @_ssdm_op_ReadReq.m_axi.p1i512, i512 %gmem1_addr, i32 %zext_ln53" [fft_16_ssr1_i16_c16_t16.cpp:53->fft_16_ssr1_i16_c16_t16.cpp:178]   --->   Operation 116 'readreq' 'empty_44' <Predicate = true> <Delay = 2.19> <CoreInst = "m_axi">   --->   Core 121 'm_axi' <Latency = 0> <II = 1> <Delay = 1.00> <Adapter> <Opcode : 'read' 'write' 'readreq' 'writereq' 'writeresp'>

State 33 <SV = 32> <Delay = 2.19>
ST_33 : Operation 117 [40/71] (2.19ns)   --->   "%empty_44 = readreq i1 @_ssdm_op_ReadReq.m_axi.p1i512, i512 %gmem1_addr, i32 %zext_ln53" [fft_16_ssr1_i16_c16_t16.cpp:53->fft_16_ssr1_i16_c16_t16.cpp:178]   --->   Operation 117 'readreq' 'empty_44' <Predicate = true> <Delay = 2.19> <CoreInst = "m_axi">   --->   Core 121 'm_axi' <Latency = 0> <II = 1> <Delay = 1.00> <Adapter> <Opcode : 'read' 'write' 'readreq' 'writereq' 'writeresp'>

State 34 <SV = 33> <Delay = 2.19>
ST_34 : Operation 118 [39/71] (2.19ns)   --->   "%empty_44 = readreq i1 @_ssdm_op_ReadReq.m_axi.p1i512, i512 %gmem1_addr, i32 %zext_ln53" [fft_16_ssr1_i16_c16_t16.cpp:53->fft_16_ssr1_i16_c16_t16.cpp:178]   --->   Operation 118 'readreq' 'empty_44' <Predicate = true> <Delay = 2.19> <CoreInst = "m_axi">   --->   Core 121 'm_axi' <Latency = 0> <II = 1> <Delay = 1.00> <Adapter> <Opcode : 'read' 'write' 'readreq' 'writereq' 'writeresp'>

State 35 <SV = 34> <Delay = 2.19>
ST_35 : Operation 119 [38/71] (2.19ns)   --->   "%empty_44 = readreq i1 @_ssdm_op_ReadReq.m_axi.p1i512, i512 %gmem1_addr, i32 %zext_ln53" [fft_16_ssr1_i16_c16_t16.cpp:53->fft_16_ssr1_i16_c16_t16.cpp:178]   --->   Operation 119 'readreq' 'empty_44' <Predicate = true> <Delay = 2.19> <CoreInst = "m_axi">   --->   Core 121 'm_axi' <Latency = 0> <II = 1> <Delay = 1.00> <Adapter> <Opcode : 'read' 'write' 'readreq' 'writereq' 'writeresp'>

State 36 <SV = 35> <Delay = 2.19>
ST_36 : Operation 120 [37/71] (2.19ns)   --->   "%empty_44 = readreq i1 @_ssdm_op_ReadReq.m_axi.p1i512, i512 %gmem1_addr, i32 %zext_ln53" [fft_16_ssr1_i16_c16_t16.cpp:53->fft_16_ssr1_i16_c16_t16.cpp:178]   --->   Operation 120 'readreq' 'empty_44' <Predicate = true> <Delay = 2.19> <CoreInst = "m_axi">   --->   Core 121 'm_axi' <Latency = 0> <II = 1> <Delay = 1.00> <Adapter> <Opcode : 'read' 'write' 'readreq' 'writereq' 'writeresp'>

State 37 <SV = 36> <Delay = 2.19>
ST_37 : Operation 121 [36/71] (2.19ns)   --->   "%empty_44 = readreq i1 @_ssdm_op_ReadReq.m_axi.p1i512, i512 %gmem1_addr, i32 %zext_ln53" [fft_16_ssr1_i16_c16_t16.cpp:53->fft_16_ssr1_i16_c16_t16.cpp:178]   --->   Operation 121 'readreq' 'empty_44' <Predicate = true> <Delay = 2.19> <CoreInst = "m_axi">   --->   Core 121 'm_axi' <Latency = 0> <II = 1> <Delay = 1.00> <Adapter> <Opcode : 'read' 'write' 'readreq' 'writereq' 'writeresp'>

State 38 <SV = 37> <Delay = 2.19>
ST_38 : Operation 122 [35/71] (2.19ns)   --->   "%empty_44 = readreq i1 @_ssdm_op_ReadReq.m_axi.p1i512, i512 %gmem1_addr, i32 %zext_ln53" [fft_16_ssr1_i16_c16_t16.cpp:53->fft_16_ssr1_i16_c16_t16.cpp:178]   --->   Operation 122 'readreq' 'empty_44' <Predicate = true> <Delay = 2.19> <CoreInst = "m_axi">   --->   Core 121 'm_axi' <Latency = 0> <II = 1> <Delay = 1.00> <Adapter> <Opcode : 'read' 'write' 'readreq' 'writereq' 'writeresp'>

State 39 <SV = 38> <Delay = 2.19>
ST_39 : Operation 123 [34/71] (2.19ns)   --->   "%empty_44 = readreq i1 @_ssdm_op_ReadReq.m_axi.p1i512, i512 %gmem1_addr, i32 %zext_ln53" [fft_16_ssr1_i16_c16_t16.cpp:53->fft_16_ssr1_i16_c16_t16.cpp:178]   --->   Operation 123 'readreq' 'empty_44' <Predicate = true> <Delay = 2.19> <CoreInst = "m_axi">   --->   Core 121 'm_axi' <Latency = 0> <II = 1> <Delay = 1.00> <Adapter> <Opcode : 'read' 'write' 'readreq' 'writereq' 'writeresp'>

State 40 <SV = 39> <Delay = 2.19>
ST_40 : Operation 124 [33/71] (2.19ns)   --->   "%empty_44 = readreq i1 @_ssdm_op_ReadReq.m_axi.p1i512, i512 %gmem1_addr, i32 %zext_ln53" [fft_16_ssr1_i16_c16_t16.cpp:53->fft_16_ssr1_i16_c16_t16.cpp:178]   --->   Operation 124 'readreq' 'empty_44' <Predicate = true> <Delay = 2.19> <CoreInst = "m_axi">   --->   Core 121 'm_axi' <Latency = 0> <II = 1> <Delay = 1.00> <Adapter> <Opcode : 'read' 'write' 'readreq' 'writereq' 'writeresp'>

State 41 <SV = 40> <Delay = 2.19>
ST_41 : Operation 125 [32/71] (2.19ns)   --->   "%empty_44 = readreq i1 @_ssdm_op_ReadReq.m_axi.p1i512, i512 %gmem1_addr, i32 %zext_ln53" [fft_16_ssr1_i16_c16_t16.cpp:53->fft_16_ssr1_i16_c16_t16.cpp:178]   --->   Operation 125 'readreq' 'empty_44' <Predicate = true> <Delay = 2.19> <CoreInst = "m_axi">   --->   Core 121 'm_axi' <Latency = 0> <II = 1> <Delay = 1.00> <Adapter> <Opcode : 'read' 'write' 'readreq' 'writereq' 'writeresp'>

State 42 <SV = 41> <Delay = 2.19>
ST_42 : Operation 126 [31/71] (2.19ns)   --->   "%empty_44 = readreq i1 @_ssdm_op_ReadReq.m_axi.p1i512, i512 %gmem1_addr, i32 %zext_ln53" [fft_16_ssr1_i16_c16_t16.cpp:53->fft_16_ssr1_i16_c16_t16.cpp:178]   --->   Operation 126 'readreq' 'empty_44' <Predicate = true> <Delay = 2.19> <CoreInst = "m_axi">   --->   Core 121 'm_axi' <Latency = 0> <II = 1> <Delay = 1.00> <Adapter> <Opcode : 'read' 'write' 'readreq' 'writereq' 'writeresp'>

State 43 <SV = 42> <Delay = 2.19>
ST_43 : Operation 127 [30/71] (2.19ns)   --->   "%empty_44 = readreq i1 @_ssdm_op_ReadReq.m_axi.p1i512, i512 %gmem1_addr, i32 %zext_ln53" [fft_16_ssr1_i16_c16_t16.cpp:53->fft_16_ssr1_i16_c16_t16.cpp:178]   --->   Operation 127 'readreq' 'empty_44' <Predicate = true> <Delay = 2.19> <CoreInst = "m_axi">   --->   Core 121 'm_axi' <Latency = 0> <II = 1> <Delay = 1.00> <Adapter> <Opcode : 'read' 'write' 'readreq' 'writereq' 'writeresp'>

State 44 <SV = 43> <Delay = 2.19>
ST_44 : Operation 128 [29/71] (2.19ns)   --->   "%empty_44 = readreq i1 @_ssdm_op_ReadReq.m_axi.p1i512, i512 %gmem1_addr, i32 %zext_ln53" [fft_16_ssr1_i16_c16_t16.cpp:53->fft_16_ssr1_i16_c16_t16.cpp:178]   --->   Operation 128 'readreq' 'empty_44' <Predicate = true> <Delay = 2.19> <CoreInst = "m_axi">   --->   Core 121 'm_axi' <Latency = 0> <II = 1> <Delay = 1.00> <Adapter> <Opcode : 'read' 'write' 'readreq' 'writereq' 'writeresp'>

State 45 <SV = 44> <Delay = 2.19>
ST_45 : Operation 129 [28/71] (2.19ns)   --->   "%empty_44 = readreq i1 @_ssdm_op_ReadReq.m_axi.p1i512, i512 %gmem1_addr, i32 %zext_ln53" [fft_16_ssr1_i16_c16_t16.cpp:53->fft_16_ssr1_i16_c16_t16.cpp:178]   --->   Operation 129 'readreq' 'empty_44' <Predicate = true> <Delay = 2.19> <CoreInst = "m_axi">   --->   Core 121 'm_axi' <Latency = 0> <II = 1> <Delay = 1.00> <Adapter> <Opcode : 'read' 'write' 'readreq' 'writereq' 'writeresp'>

State 46 <SV = 45> <Delay = 2.19>
ST_46 : Operation 130 [27/71] (2.19ns)   --->   "%empty_44 = readreq i1 @_ssdm_op_ReadReq.m_axi.p1i512, i512 %gmem1_addr, i32 %zext_ln53" [fft_16_ssr1_i16_c16_t16.cpp:53->fft_16_ssr1_i16_c16_t16.cpp:178]   --->   Operation 130 'readreq' 'empty_44' <Predicate = true> <Delay = 2.19> <CoreInst = "m_axi">   --->   Core 121 'm_axi' <Latency = 0> <II = 1> <Delay = 1.00> <Adapter> <Opcode : 'read' 'write' 'readreq' 'writereq' 'writeresp'>

State 47 <SV = 46> <Delay = 2.19>
ST_47 : Operation 131 [26/71] (2.19ns)   --->   "%empty_44 = readreq i1 @_ssdm_op_ReadReq.m_axi.p1i512, i512 %gmem1_addr, i32 %zext_ln53" [fft_16_ssr1_i16_c16_t16.cpp:53->fft_16_ssr1_i16_c16_t16.cpp:178]   --->   Operation 131 'readreq' 'empty_44' <Predicate = true> <Delay = 2.19> <CoreInst = "m_axi">   --->   Core 121 'm_axi' <Latency = 0> <II = 1> <Delay = 1.00> <Adapter> <Opcode : 'read' 'write' 'readreq' 'writereq' 'writeresp'>

State 48 <SV = 47> <Delay = 2.19>
ST_48 : Operation 132 [25/71] (2.19ns)   --->   "%empty_44 = readreq i1 @_ssdm_op_ReadReq.m_axi.p1i512, i512 %gmem1_addr, i32 %zext_ln53" [fft_16_ssr1_i16_c16_t16.cpp:53->fft_16_ssr1_i16_c16_t16.cpp:178]   --->   Operation 132 'readreq' 'empty_44' <Predicate = true> <Delay = 2.19> <CoreInst = "m_axi">   --->   Core 121 'm_axi' <Latency = 0> <II = 1> <Delay = 1.00> <Adapter> <Opcode : 'read' 'write' 'readreq' 'writereq' 'writeresp'>

State 49 <SV = 48> <Delay = 2.19>
ST_49 : Operation 133 [24/71] (2.19ns)   --->   "%empty_44 = readreq i1 @_ssdm_op_ReadReq.m_axi.p1i512, i512 %gmem1_addr, i32 %zext_ln53" [fft_16_ssr1_i16_c16_t16.cpp:53->fft_16_ssr1_i16_c16_t16.cpp:178]   --->   Operation 133 'readreq' 'empty_44' <Predicate = true> <Delay = 2.19> <CoreInst = "m_axi">   --->   Core 121 'm_axi' <Latency = 0> <II = 1> <Delay = 1.00> <Adapter> <Opcode : 'read' 'write' 'readreq' 'writereq' 'writeresp'>

State 50 <SV = 49> <Delay = 2.19>
ST_50 : Operation 134 [23/71] (2.19ns)   --->   "%empty_44 = readreq i1 @_ssdm_op_ReadReq.m_axi.p1i512, i512 %gmem1_addr, i32 %zext_ln53" [fft_16_ssr1_i16_c16_t16.cpp:53->fft_16_ssr1_i16_c16_t16.cpp:178]   --->   Operation 134 'readreq' 'empty_44' <Predicate = true> <Delay = 2.19> <CoreInst = "m_axi">   --->   Core 121 'm_axi' <Latency = 0> <II = 1> <Delay = 1.00> <Adapter> <Opcode : 'read' 'write' 'readreq' 'writereq' 'writeresp'>

State 51 <SV = 50> <Delay = 2.19>
ST_51 : Operation 135 [22/71] (2.19ns)   --->   "%empty_44 = readreq i1 @_ssdm_op_ReadReq.m_axi.p1i512, i512 %gmem1_addr, i32 %zext_ln53" [fft_16_ssr1_i16_c16_t16.cpp:53->fft_16_ssr1_i16_c16_t16.cpp:178]   --->   Operation 135 'readreq' 'empty_44' <Predicate = true> <Delay = 2.19> <CoreInst = "m_axi">   --->   Core 121 'm_axi' <Latency = 0> <II = 1> <Delay = 1.00> <Adapter> <Opcode : 'read' 'write' 'readreq' 'writereq' 'writeresp'>

State 52 <SV = 51> <Delay = 2.19>
ST_52 : Operation 136 [21/71] (2.19ns)   --->   "%empty_44 = readreq i1 @_ssdm_op_ReadReq.m_axi.p1i512, i512 %gmem1_addr, i32 %zext_ln53" [fft_16_ssr1_i16_c16_t16.cpp:53->fft_16_ssr1_i16_c16_t16.cpp:178]   --->   Operation 136 'readreq' 'empty_44' <Predicate = true> <Delay = 2.19> <CoreInst = "m_axi">   --->   Core 121 'm_axi' <Latency = 0> <II = 1> <Delay = 1.00> <Adapter> <Opcode : 'read' 'write' 'readreq' 'writereq' 'writeresp'>

State 53 <SV = 52> <Delay = 2.19>
ST_53 : Operation 137 [20/71] (2.19ns)   --->   "%empty_44 = readreq i1 @_ssdm_op_ReadReq.m_axi.p1i512, i512 %gmem1_addr, i32 %zext_ln53" [fft_16_ssr1_i16_c16_t16.cpp:53->fft_16_ssr1_i16_c16_t16.cpp:178]   --->   Operation 137 'readreq' 'empty_44' <Predicate = true> <Delay = 2.19> <CoreInst = "m_axi">   --->   Core 121 'm_axi' <Latency = 0> <II = 1> <Delay = 1.00> <Adapter> <Opcode : 'read' 'write' 'readreq' 'writereq' 'writeresp'>

State 54 <SV = 53> <Delay = 2.19>
ST_54 : Operation 138 [19/71] (2.19ns)   --->   "%empty_44 = readreq i1 @_ssdm_op_ReadReq.m_axi.p1i512, i512 %gmem1_addr, i32 %zext_ln53" [fft_16_ssr1_i16_c16_t16.cpp:53->fft_16_ssr1_i16_c16_t16.cpp:178]   --->   Operation 138 'readreq' 'empty_44' <Predicate = true> <Delay = 2.19> <CoreInst = "m_axi">   --->   Core 121 'm_axi' <Latency = 0> <II = 1> <Delay = 1.00> <Adapter> <Opcode : 'read' 'write' 'readreq' 'writereq' 'writeresp'>

State 55 <SV = 54> <Delay = 2.19>
ST_55 : Operation 139 [18/71] (2.19ns)   --->   "%empty_44 = readreq i1 @_ssdm_op_ReadReq.m_axi.p1i512, i512 %gmem1_addr, i32 %zext_ln53" [fft_16_ssr1_i16_c16_t16.cpp:53->fft_16_ssr1_i16_c16_t16.cpp:178]   --->   Operation 139 'readreq' 'empty_44' <Predicate = true> <Delay = 2.19> <CoreInst = "m_axi">   --->   Core 121 'm_axi' <Latency = 0> <II = 1> <Delay = 1.00> <Adapter> <Opcode : 'read' 'write' 'readreq' 'writereq' 'writeresp'>

State 56 <SV = 55> <Delay = 2.19>
ST_56 : Operation 140 [17/71] (2.19ns)   --->   "%empty_44 = readreq i1 @_ssdm_op_ReadReq.m_axi.p1i512, i512 %gmem1_addr, i32 %zext_ln53" [fft_16_ssr1_i16_c16_t16.cpp:53->fft_16_ssr1_i16_c16_t16.cpp:178]   --->   Operation 140 'readreq' 'empty_44' <Predicate = true> <Delay = 2.19> <CoreInst = "m_axi">   --->   Core 121 'm_axi' <Latency = 0> <II = 1> <Delay = 1.00> <Adapter> <Opcode : 'read' 'write' 'readreq' 'writereq' 'writeresp'>

State 57 <SV = 56> <Delay = 2.19>
ST_57 : Operation 141 [16/71] (2.19ns)   --->   "%empty_44 = readreq i1 @_ssdm_op_ReadReq.m_axi.p1i512, i512 %gmem1_addr, i32 %zext_ln53" [fft_16_ssr1_i16_c16_t16.cpp:53->fft_16_ssr1_i16_c16_t16.cpp:178]   --->   Operation 141 'readreq' 'empty_44' <Predicate = true> <Delay = 2.19> <CoreInst = "m_axi">   --->   Core 121 'm_axi' <Latency = 0> <II = 1> <Delay = 1.00> <Adapter> <Opcode : 'read' 'write' 'readreq' 'writereq' 'writeresp'>

State 58 <SV = 57> <Delay = 2.19>
ST_58 : Operation 142 [15/71] (2.19ns)   --->   "%empty_44 = readreq i1 @_ssdm_op_ReadReq.m_axi.p1i512, i512 %gmem1_addr, i32 %zext_ln53" [fft_16_ssr1_i16_c16_t16.cpp:53->fft_16_ssr1_i16_c16_t16.cpp:178]   --->   Operation 142 'readreq' 'empty_44' <Predicate = true> <Delay = 2.19> <CoreInst = "m_axi">   --->   Core 121 'm_axi' <Latency = 0> <II = 1> <Delay = 1.00> <Adapter> <Opcode : 'read' 'write' 'readreq' 'writereq' 'writeresp'>

State 59 <SV = 58> <Delay = 2.19>
ST_59 : Operation 143 [14/71] (2.19ns)   --->   "%empty_44 = readreq i1 @_ssdm_op_ReadReq.m_axi.p1i512, i512 %gmem1_addr, i32 %zext_ln53" [fft_16_ssr1_i16_c16_t16.cpp:53->fft_16_ssr1_i16_c16_t16.cpp:178]   --->   Operation 143 'readreq' 'empty_44' <Predicate = true> <Delay = 2.19> <CoreInst = "m_axi">   --->   Core 121 'm_axi' <Latency = 0> <II = 1> <Delay = 1.00> <Adapter> <Opcode : 'read' 'write' 'readreq' 'writereq' 'writeresp'>

State 60 <SV = 59> <Delay = 2.19>
ST_60 : Operation 144 [13/71] (2.19ns)   --->   "%empty_44 = readreq i1 @_ssdm_op_ReadReq.m_axi.p1i512, i512 %gmem1_addr, i32 %zext_ln53" [fft_16_ssr1_i16_c16_t16.cpp:53->fft_16_ssr1_i16_c16_t16.cpp:178]   --->   Operation 144 'readreq' 'empty_44' <Predicate = true> <Delay = 2.19> <CoreInst = "m_axi">   --->   Core 121 'm_axi' <Latency = 0> <II = 1> <Delay = 1.00> <Adapter> <Opcode : 'read' 'write' 'readreq' 'writereq' 'writeresp'>

State 61 <SV = 60> <Delay = 2.19>
ST_61 : Operation 145 [12/71] (2.19ns)   --->   "%empty_44 = readreq i1 @_ssdm_op_ReadReq.m_axi.p1i512, i512 %gmem1_addr, i32 %zext_ln53" [fft_16_ssr1_i16_c16_t16.cpp:53->fft_16_ssr1_i16_c16_t16.cpp:178]   --->   Operation 145 'readreq' 'empty_44' <Predicate = true> <Delay = 2.19> <CoreInst = "m_axi">   --->   Core 121 'm_axi' <Latency = 0> <II = 1> <Delay = 1.00> <Adapter> <Opcode : 'read' 'write' 'readreq' 'writereq' 'writeresp'>

State 62 <SV = 61> <Delay = 2.19>
ST_62 : Operation 146 [11/71] (2.19ns)   --->   "%empty_44 = readreq i1 @_ssdm_op_ReadReq.m_axi.p1i512, i512 %gmem1_addr, i32 %zext_ln53" [fft_16_ssr1_i16_c16_t16.cpp:53->fft_16_ssr1_i16_c16_t16.cpp:178]   --->   Operation 146 'readreq' 'empty_44' <Predicate = true> <Delay = 2.19> <CoreInst = "m_axi">   --->   Core 121 'm_axi' <Latency = 0> <II = 1> <Delay = 1.00> <Adapter> <Opcode : 'read' 'write' 'readreq' 'writereq' 'writeresp'>

State 63 <SV = 62> <Delay = 2.19>
ST_63 : Operation 147 [10/71] (2.19ns)   --->   "%empty_44 = readreq i1 @_ssdm_op_ReadReq.m_axi.p1i512, i512 %gmem1_addr, i32 %zext_ln53" [fft_16_ssr1_i16_c16_t16.cpp:53->fft_16_ssr1_i16_c16_t16.cpp:178]   --->   Operation 147 'readreq' 'empty_44' <Predicate = true> <Delay = 2.19> <CoreInst = "m_axi">   --->   Core 121 'm_axi' <Latency = 0> <II = 1> <Delay = 1.00> <Adapter> <Opcode : 'read' 'write' 'readreq' 'writereq' 'writeresp'>

State 64 <SV = 63> <Delay = 2.19>
ST_64 : Operation 148 [9/71] (2.19ns)   --->   "%empty_44 = readreq i1 @_ssdm_op_ReadReq.m_axi.p1i512, i512 %gmem1_addr, i32 %zext_ln53" [fft_16_ssr1_i16_c16_t16.cpp:53->fft_16_ssr1_i16_c16_t16.cpp:178]   --->   Operation 148 'readreq' 'empty_44' <Predicate = true> <Delay = 2.19> <CoreInst = "m_axi">   --->   Core 121 'm_axi' <Latency = 0> <II = 1> <Delay = 1.00> <Adapter> <Opcode : 'read' 'write' 'readreq' 'writereq' 'writeresp'>

State 65 <SV = 64> <Delay = 2.19>
ST_65 : Operation 149 [8/71] (2.19ns)   --->   "%empty_44 = readreq i1 @_ssdm_op_ReadReq.m_axi.p1i512, i512 %gmem1_addr, i32 %zext_ln53" [fft_16_ssr1_i16_c16_t16.cpp:53->fft_16_ssr1_i16_c16_t16.cpp:178]   --->   Operation 149 'readreq' 'empty_44' <Predicate = true> <Delay = 2.19> <CoreInst = "m_axi">   --->   Core 121 'm_axi' <Latency = 0> <II = 1> <Delay = 1.00> <Adapter> <Opcode : 'read' 'write' 'readreq' 'writereq' 'writeresp'>

State 66 <SV = 65> <Delay = 2.19>
ST_66 : Operation 150 [7/71] (2.19ns)   --->   "%empty_44 = readreq i1 @_ssdm_op_ReadReq.m_axi.p1i512, i512 %gmem1_addr, i32 %zext_ln53" [fft_16_ssr1_i16_c16_t16.cpp:53->fft_16_ssr1_i16_c16_t16.cpp:178]   --->   Operation 150 'readreq' 'empty_44' <Predicate = true> <Delay = 2.19> <CoreInst = "m_axi">   --->   Core 121 'm_axi' <Latency = 0> <II = 1> <Delay = 1.00> <Adapter> <Opcode : 'read' 'write' 'readreq' 'writereq' 'writeresp'>

State 67 <SV = 66> <Delay = 2.19>
ST_67 : Operation 151 [6/71] (2.19ns)   --->   "%empty_44 = readreq i1 @_ssdm_op_ReadReq.m_axi.p1i512, i512 %gmem1_addr, i32 %zext_ln53" [fft_16_ssr1_i16_c16_t16.cpp:53->fft_16_ssr1_i16_c16_t16.cpp:178]   --->   Operation 151 'readreq' 'empty_44' <Predicate = true> <Delay = 2.19> <CoreInst = "m_axi">   --->   Core 121 'm_axi' <Latency = 0> <II = 1> <Delay = 1.00> <Adapter> <Opcode : 'read' 'write' 'readreq' 'writereq' 'writeresp'>

State 68 <SV = 67> <Delay = 2.19>
ST_68 : Operation 152 [5/71] (2.19ns)   --->   "%empty_44 = readreq i1 @_ssdm_op_ReadReq.m_axi.p1i512, i512 %gmem1_addr, i32 %zext_ln53" [fft_16_ssr1_i16_c16_t16.cpp:53->fft_16_ssr1_i16_c16_t16.cpp:178]   --->   Operation 152 'readreq' 'empty_44' <Predicate = true> <Delay = 2.19> <CoreInst = "m_axi">   --->   Core 121 'm_axi' <Latency = 0> <II = 1> <Delay = 1.00> <Adapter> <Opcode : 'read' 'write' 'readreq' 'writereq' 'writeresp'>

State 69 <SV = 68> <Delay = 2.19>
ST_69 : Operation 153 [4/71] (2.19ns)   --->   "%empty_44 = readreq i1 @_ssdm_op_ReadReq.m_axi.p1i512, i512 %gmem1_addr, i32 %zext_ln53" [fft_16_ssr1_i16_c16_t16.cpp:53->fft_16_ssr1_i16_c16_t16.cpp:178]   --->   Operation 153 'readreq' 'empty_44' <Predicate = true> <Delay = 2.19> <CoreInst = "m_axi">   --->   Core 121 'm_axi' <Latency = 0> <II = 1> <Delay = 1.00> <Adapter> <Opcode : 'read' 'write' 'readreq' 'writereq' 'writeresp'>

State 70 <SV = 69> <Delay = 2.19>
ST_70 : Operation 154 [3/71] (2.19ns)   --->   "%empty_44 = readreq i1 @_ssdm_op_ReadReq.m_axi.p1i512, i512 %gmem1_addr, i32 %zext_ln53" [fft_16_ssr1_i16_c16_t16.cpp:53->fft_16_ssr1_i16_c16_t16.cpp:178]   --->   Operation 154 'readreq' 'empty_44' <Predicate = true> <Delay = 2.19> <CoreInst = "m_axi">   --->   Core 121 'm_axi' <Latency = 0> <II = 1> <Delay = 1.00> <Adapter> <Opcode : 'read' 'write' 'readreq' 'writereq' 'writeresp'>

State 71 <SV = 70> <Delay = 2.19>
ST_71 : Operation 155 [2/71] (2.19ns)   --->   "%empty_44 = readreq i1 @_ssdm_op_ReadReq.m_axi.p1i512, i512 %gmem1_addr, i32 %zext_ln53" [fft_16_ssr1_i16_c16_t16.cpp:53->fft_16_ssr1_i16_c16_t16.cpp:178]   --->   Operation 155 'readreq' 'empty_44' <Predicate = true> <Delay = 2.19> <CoreInst = "m_axi">   --->   Core 121 'm_axi' <Latency = 0> <II = 1> <Delay = 1.00> <Adapter> <Opcode : 'read' 'write' 'readreq' 'writereq' 'writeresp'>

State 72 <SV = 71> <Delay = 2.19>
ST_72 : Operation 156 [1/71] (2.19ns)   --->   "%empty_44 = readreq i1 @_ssdm_op_ReadReq.m_axi.p1i512, i512 %gmem1_addr, i32 %zext_ln53" [fft_16_ssr1_i16_c16_t16.cpp:53->fft_16_ssr1_i16_c16_t16.cpp:178]   --->   Operation 156 'readreq' 'empty_44' <Predicate = true> <Delay = 2.19> <CoreInst = "m_axi">   --->   Core 121 'm_axi' <Latency = 0> <II = 1> <Delay = 1.00> <Adapter> <Opcode : 'read' 'write' 'readreq' 'writereq' 'writeresp'>

State 73 <SV = 72> <Delay = 1.44>
ST_73 : Operation 157 [1/1] (0.00ns)   --->   "%empty_42 = shl i32 %iter_read, i32 4" [fft_16_ssr1_i16_c16_t16.cpp:47->fft_16_ssr1_i16_c16_t16.cpp:178]   --->   Operation 157 'shl' 'empty_42' <Predicate = true> <Delay = 0.00>
ST_73 : Operation 158 [1/1] (0.00ns)   --->   "%empty_45 = wait i32 @_ssdm_op_Wait"   --->   Operation 158 'wait' 'empty_45' <Predicate = true> <Delay = 0.00>
ST_73 : Operation 159 [2/2] (1.44ns)   --->   "%call_ln47 = call void @dma_in_Pipeline_VITIS_LOOP_53_1, i32 %empty_42, i32 %input_stream, i512 %gmem1, i58 %trunc_ln" [fft_16_ssr1_i16_c16_t16.cpp:47->fft_16_ssr1_i16_c16_t16.cpp:178]   --->   Operation 159 'call' 'call_ln47' <Predicate = true> <Delay = 1.44> <CoreType = "Generic">   --->   Core 0 '' <Latency = 0> <II = 1> <Delay = 1.00> <Generic> <Opcode : >

State 74 <SV = 73> <Delay = 0.00>
ST_74 : Operation 160 [1/1] (0.00ns)   --->   "%specinterface_ln0 = specinterface void @_ssdm_op_SpecInterface, i32 %iter_c10, void @ap_fifo_str, i32 0, i32 0, void @p_str62, i32 0, i32 0, void @p_str63, void @p_str64, void @p_str65, i32 2, i32 2, i32 16, i32 16, void @p_str66, void @ScalarProp_str, i32 4294967295, i32 0"   --->   Operation 160 'specinterface' 'specinterface_ln0' <Predicate = true> <Delay = 0.00>
ST_74 : Operation 161 [1/1] (0.00ns)   --->   "%specinterface_ln0 = specinterface void @_ssdm_op_SpecInterface, i32 %input_stream, void @empty_16, i32 0, i32 0, void @empty_4, i32 0, i32 0, void @empty_4, void @empty_4, void @empty_4, i32 0, i32 0, i32 0, i32 0, void @empty_4, void @empty_4, i32 4294967295, i32 0"   --->   Operation 161 'specinterface' 'specinterface_ln0' <Predicate = true> <Delay = 0.00>
ST_74 : Operation 162 [1/1] (0.00ns)   --->   "%specinterface_ln0 = specinterface void @_ssdm_op_SpecInterface, i512 %gmem1, void @empty_3, i32 0, i32 0, void @empty_4, i32 64, i32 32, void @empty_5, void @empty_6, void @empty_4, i32 16, i32 16, i32 16, i32 16, void @empty_4, void @empty_4, i32 4294967295, i32 0"   --->   Operation 162 'specinterface' 'specinterface_ln0' <Predicate = true> <Delay = 0.00>
ST_74 : Operation 163 [1/2] (0.00ns)   --->   "%call_ln47 = call void @dma_in_Pipeline_VITIS_LOOP_53_1, i32 %empty_42, i32 %input_stream, i512 %gmem1, i58 %trunc_ln" [fft_16_ssr1_i16_c16_t16.cpp:47->fft_16_ssr1_i16_c16_t16.cpp:178]   --->   Operation 163 'call' 'call_ln47' <Predicate = true> <Delay = 0.00> <CoreType = "Generic">   --->   Core 0 '' <Latency = 0> <II = 1> <Delay = 1.00> <Generic> <Opcode : >
ST_74 : Operation 164 [1/1] (0.00ns)   --->   "%ret_ln178 = ret" [fft_16_ssr1_i16_c16_t16.cpp:178]   --->   Operation 164 'ret' 'ret_ln178' <Predicate = true> <Delay = 0.00>


============================================================
+ Verbose Summary: Timing violations
============================================================
Target clock period: 3.000ns, clock uncertainty: 0.810ns.

 <State 1>: 1.299ns
The critical path consists of the following:
	wire read operation ('iter_read', fft_16_ssr1_i16_c16_t16.cpp:47->fft_16_ssr1_i16_c16_t16.cpp:178) on port 'iter' (fft_16_ssr1_i16_c16_t16.cpp:47->fft_16_ssr1_i16_c16_t16.cpp:178) [7]  (0.000 ns)
	'icmp' operation 1 bit ('icmp_ln53', fft_16_ssr1_i16_c16_t16.cpp:53->fft_16_ssr1_i16_c16_t16.cpp:178) [15]  (0.975 ns)
	'select' operation 27 bit ('empty_43', fft_16_ssr1_i16_c16_t16.cpp:53->fft_16_ssr1_i16_c16_t16.cpp:178) [19]  (0.324 ns)

 <State 2>: 2.190ns
The critical path consists of the following:
	wire read operation ('din_read', fft_16_ssr1_i16_c16_t16.cpp:47->fft_16_ssr1_i16_c16_t16.cpp:178) on port 'din' (fft_16_ssr1_i16_c16_t16.cpp:47->fft_16_ssr1_i16_c16_t16.cpp:178) [8]  (0.000 ns)
	'getelementptr' operation 512 bit ('gmem1_addr', fft_16_ssr1_i16_c16_t16.cpp:53->fft_16_ssr1_i16_c16_t16.cpp:178) [18]  (0.000 ns)
	bus request operation ('empty_44', fft_16_ssr1_i16_c16_t16.cpp:53->fft_16_ssr1_i16_c16_t16.cpp:178) on port 'gmem1' (fft_16_ssr1_i16_c16_t16.cpp:53->fft_16_ssr1_i16_c16_t16.cpp:178) [21]  (2.190 ns)

 <State 3>: 2.190ns
The critical path consists of the following:
	bus request operation ('empty_44', fft_16_ssr1_i16_c16_t16.cpp:53->fft_16_ssr1_i16_c16_t16.cpp:178) on port 'gmem1' (fft_16_ssr1_i16_c16_t16.cpp:53->fft_16_ssr1_i16_c16_t16.cpp:178) [21]  (2.190 ns)

 <State 4>: 2.190ns
The critical path consists of the following:
	bus request operation ('empty_44', fft_16_ssr1_i16_c16_t16.cpp:53->fft_16_ssr1_i16_c16_t16.cpp:178) on port 'gmem1' (fft_16_ssr1_i16_c16_t16.cpp:53->fft_16_ssr1_i16_c16_t16.cpp:178) [21]  (2.190 ns)

 <State 5>: 2.190ns
The critical path consists of the following:
	bus request operation ('empty_44', fft_16_ssr1_i16_c16_t16.cpp:53->fft_16_ssr1_i16_c16_t16.cpp:178) on port 'gmem1' (fft_16_ssr1_i16_c16_t16.cpp:53->fft_16_ssr1_i16_c16_t16.cpp:178) [21]  (2.190 ns)

 <State 6>: 2.190ns
The critical path consists of the following:
	bus request operation ('empty_44', fft_16_ssr1_i16_c16_t16.cpp:53->fft_16_ssr1_i16_c16_t16.cpp:178) on port 'gmem1' (fft_16_ssr1_i16_c16_t16.cpp:53->fft_16_ssr1_i16_c16_t16.cpp:178) [21]  (2.190 ns)

 <State 7>: 2.190ns
The critical path consists of the following:
	bus request operation ('empty_44', fft_16_ssr1_i16_c16_t16.cpp:53->fft_16_ssr1_i16_c16_t16.cpp:178) on port 'gmem1' (fft_16_ssr1_i16_c16_t16.cpp:53->fft_16_ssr1_i16_c16_t16.cpp:178) [21]  (2.190 ns)

 <State 8>: 2.190ns
The critical path consists of the following:
	bus request operation ('empty_44', fft_16_ssr1_i16_c16_t16.cpp:53->fft_16_ssr1_i16_c16_t16.cpp:178) on port 'gmem1' (fft_16_ssr1_i16_c16_t16.cpp:53->fft_16_ssr1_i16_c16_t16.cpp:178) [21]  (2.190 ns)

 <State 9>: 2.190ns
The critical path consists of the following:
	bus request operation ('empty_44', fft_16_ssr1_i16_c16_t16.cpp:53->fft_16_ssr1_i16_c16_t16.cpp:178) on port 'gmem1' (fft_16_ssr1_i16_c16_t16.cpp:53->fft_16_ssr1_i16_c16_t16.cpp:178) [21]  (2.190 ns)

 <State 10>: 2.190ns
The critical path consists of the following:
	bus request operation ('empty_44', fft_16_ssr1_i16_c16_t16.cpp:53->fft_16_ssr1_i16_c16_t16.cpp:178) on port 'gmem1' (fft_16_ssr1_i16_c16_t16.cpp:53->fft_16_ssr1_i16_c16_t16.cpp:178) [21]  (2.190 ns)

 <State 11>: 2.190ns
The critical path consists of the following:
	bus request operation ('empty_44', fft_16_ssr1_i16_c16_t16.cpp:53->fft_16_ssr1_i16_c16_t16.cpp:178) on port 'gmem1' (fft_16_ssr1_i16_c16_t16.cpp:53->fft_16_ssr1_i16_c16_t16.cpp:178) [21]  (2.190 ns)

 <State 12>: 2.190ns
The critical path consists of the following:
	bus request operation ('empty_44', fft_16_ssr1_i16_c16_t16.cpp:53->fft_16_ssr1_i16_c16_t16.cpp:178) on port 'gmem1' (fft_16_ssr1_i16_c16_t16.cpp:53->fft_16_ssr1_i16_c16_t16.cpp:178) [21]  (2.190 ns)

 <State 13>: 2.190ns
The critical path consists of the following:
	bus request operation ('empty_44', fft_16_ssr1_i16_c16_t16.cpp:53->fft_16_ssr1_i16_c16_t16.cpp:178) on port 'gmem1' (fft_16_ssr1_i16_c16_t16.cpp:53->fft_16_ssr1_i16_c16_t16.cpp:178) [21]  (2.190 ns)

 <State 14>: 2.190ns
The critical path consists of the following:
	bus request operation ('empty_44', fft_16_ssr1_i16_c16_t16.cpp:53->fft_16_ssr1_i16_c16_t16.cpp:178) on port 'gmem1' (fft_16_ssr1_i16_c16_t16.cpp:53->fft_16_ssr1_i16_c16_t16.cpp:178) [21]  (2.190 ns)

 <State 15>: 2.190ns
The critical path consists of the following:
	bus request operation ('empty_44', fft_16_ssr1_i16_c16_t16.cpp:53->fft_16_ssr1_i16_c16_t16.cpp:178) on port 'gmem1' (fft_16_ssr1_i16_c16_t16.cpp:53->fft_16_ssr1_i16_c16_t16.cpp:178) [21]  (2.190 ns)

 <State 16>: 2.190ns
The critical path consists of the following:
	bus request operation ('empty_44', fft_16_ssr1_i16_c16_t16.cpp:53->fft_16_ssr1_i16_c16_t16.cpp:178) on port 'gmem1' (fft_16_ssr1_i16_c16_t16.cpp:53->fft_16_ssr1_i16_c16_t16.cpp:178) [21]  (2.190 ns)

 <State 17>: 2.190ns
The critical path consists of the following:
	bus request operation ('empty_44', fft_16_ssr1_i16_c16_t16.cpp:53->fft_16_ssr1_i16_c16_t16.cpp:178) on port 'gmem1' (fft_16_ssr1_i16_c16_t16.cpp:53->fft_16_ssr1_i16_c16_t16.cpp:178) [21]  (2.190 ns)

 <State 18>: 2.190ns
The critical path consists of the following:
	bus request operation ('empty_44', fft_16_ssr1_i16_c16_t16.cpp:53->fft_16_ssr1_i16_c16_t16.cpp:178) on port 'gmem1' (fft_16_ssr1_i16_c16_t16.cpp:53->fft_16_ssr1_i16_c16_t16.cpp:178) [21]  (2.190 ns)

 <State 19>: 2.190ns
The critical path consists of the following:
	bus request operation ('empty_44', fft_16_ssr1_i16_c16_t16.cpp:53->fft_16_ssr1_i16_c16_t16.cpp:178) on port 'gmem1' (fft_16_ssr1_i16_c16_t16.cpp:53->fft_16_ssr1_i16_c16_t16.cpp:178) [21]  (2.190 ns)

 <State 20>: 2.190ns
The critical path consists of the following:
	bus request operation ('empty_44', fft_16_ssr1_i16_c16_t16.cpp:53->fft_16_ssr1_i16_c16_t16.cpp:178) on port 'gmem1' (fft_16_ssr1_i16_c16_t16.cpp:53->fft_16_ssr1_i16_c16_t16.cpp:178) [21]  (2.190 ns)

 <State 21>: 2.190ns
The critical path consists of the following:
	bus request operation ('empty_44', fft_16_ssr1_i16_c16_t16.cpp:53->fft_16_ssr1_i16_c16_t16.cpp:178) on port 'gmem1' (fft_16_ssr1_i16_c16_t16.cpp:53->fft_16_ssr1_i16_c16_t16.cpp:178) [21]  (2.190 ns)

 <State 22>: 2.190ns
The critical path consists of the following:
	bus request operation ('empty_44', fft_16_ssr1_i16_c16_t16.cpp:53->fft_16_ssr1_i16_c16_t16.cpp:178) on port 'gmem1' (fft_16_ssr1_i16_c16_t16.cpp:53->fft_16_ssr1_i16_c16_t16.cpp:178) [21]  (2.190 ns)

 <State 23>: 2.190ns
The critical path consists of the following:
	bus request operation ('empty_44', fft_16_ssr1_i16_c16_t16.cpp:53->fft_16_ssr1_i16_c16_t16.cpp:178) on port 'gmem1' (fft_16_ssr1_i16_c16_t16.cpp:53->fft_16_ssr1_i16_c16_t16.cpp:178) [21]  (2.190 ns)

 <State 24>: 2.190ns
The critical path consists of the following:
	bus request operation ('empty_44', fft_16_ssr1_i16_c16_t16.cpp:53->fft_16_ssr1_i16_c16_t16.cpp:178) on port 'gmem1' (fft_16_ssr1_i16_c16_t16.cpp:53->fft_16_ssr1_i16_c16_t16.cpp:178) [21]  (2.190 ns)

 <State 25>: 2.190ns
The critical path consists of the following:
	bus request operation ('empty_44', fft_16_ssr1_i16_c16_t16.cpp:53->fft_16_ssr1_i16_c16_t16.cpp:178) on port 'gmem1' (fft_16_ssr1_i16_c16_t16.cpp:53->fft_16_ssr1_i16_c16_t16.cpp:178) [21]  (2.190 ns)

 <State 26>: 2.190ns
The critical path consists of the following:
	bus request operation ('empty_44', fft_16_ssr1_i16_c16_t16.cpp:53->fft_16_ssr1_i16_c16_t16.cpp:178) on port 'gmem1' (fft_16_ssr1_i16_c16_t16.cpp:53->fft_16_ssr1_i16_c16_t16.cpp:178) [21]  (2.190 ns)

 <State 27>: 2.190ns
The critical path consists of the following:
	bus request operation ('empty_44', fft_16_ssr1_i16_c16_t16.cpp:53->fft_16_ssr1_i16_c16_t16.cpp:178) on port 'gmem1' (fft_16_ssr1_i16_c16_t16.cpp:53->fft_16_ssr1_i16_c16_t16.cpp:178) [21]  (2.190 ns)

 <State 28>: 2.190ns
The critical path consists of the following:
	bus request operation ('empty_44', fft_16_ssr1_i16_c16_t16.cpp:53->fft_16_ssr1_i16_c16_t16.cpp:178) on port 'gmem1' (fft_16_ssr1_i16_c16_t16.cpp:53->fft_16_ssr1_i16_c16_t16.cpp:178) [21]  (2.190 ns)

 <State 29>: 2.190ns
The critical path consists of the following:
	bus request operation ('empty_44', fft_16_ssr1_i16_c16_t16.cpp:53->fft_16_ssr1_i16_c16_t16.cpp:178) on port 'gmem1' (fft_16_ssr1_i16_c16_t16.cpp:53->fft_16_ssr1_i16_c16_t16.cpp:178) [21]  (2.190 ns)

 <State 30>: 2.190ns
The critical path consists of the following:
	bus request operation ('empty_44', fft_16_ssr1_i16_c16_t16.cpp:53->fft_16_ssr1_i16_c16_t16.cpp:178) on port 'gmem1' (fft_16_ssr1_i16_c16_t16.cpp:53->fft_16_ssr1_i16_c16_t16.cpp:178) [21]  (2.190 ns)

 <State 31>: 2.190ns
The critical path consists of the following:
	bus request operation ('empty_44', fft_16_ssr1_i16_c16_t16.cpp:53->fft_16_ssr1_i16_c16_t16.cpp:178) on port 'gmem1' (fft_16_ssr1_i16_c16_t16.cpp:53->fft_16_ssr1_i16_c16_t16.cpp:178) [21]  (2.190 ns)

 <State 32>: 2.190ns
The critical path consists of the following:
	bus request operation ('empty_44', fft_16_ssr1_i16_c16_t16.cpp:53->fft_16_ssr1_i16_c16_t16.cpp:178) on port 'gmem1' (fft_16_ssr1_i16_c16_t16.cpp:53->fft_16_ssr1_i16_c16_t16.cpp:178) [21]  (2.190 ns)

 <State 33>: 2.190ns
The critical path consists of the following:
	bus request operation ('empty_44', fft_16_ssr1_i16_c16_t16.cpp:53->fft_16_ssr1_i16_c16_t16.cpp:178) on port 'gmem1' (fft_16_ssr1_i16_c16_t16.cpp:53->fft_16_ssr1_i16_c16_t16.cpp:178) [21]  (2.190 ns)

 <State 34>: 2.190ns
The critical path consists of the following:
	bus request operation ('empty_44', fft_16_ssr1_i16_c16_t16.cpp:53->fft_16_ssr1_i16_c16_t16.cpp:178) on port 'gmem1' (fft_16_ssr1_i16_c16_t16.cpp:53->fft_16_ssr1_i16_c16_t16.cpp:178) [21]  (2.190 ns)

 <State 35>: 2.190ns
The critical path consists of the following:
	bus request operation ('empty_44', fft_16_ssr1_i16_c16_t16.cpp:53->fft_16_ssr1_i16_c16_t16.cpp:178) on port 'gmem1' (fft_16_ssr1_i16_c16_t16.cpp:53->fft_16_ssr1_i16_c16_t16.cpp:178) [21]  (2.190 ns)

 <State 36>: 2.190ns
The critical path consists of the following:
	bus request operation ('empty_44', fft_16_ssr1_i16_c16_t16.cpp:53->fft_16_ssr1_i16_c16_t16.cpp:178) on port 'gmem1' (fft_16_ssr1_i16_c16_t16.cpp:53->fft_16_ssr1_i16_c16_t16.cpp:178) [21]  (2.190 ns)

 <State 37>: 2.190ns
The critical path consists of the following:
	bus request operation ('empty_44', fft_16_ssr1_i16_c16_t16.cpp:53->fft_16_ssr1_i16_c16_t16.cpp:178) on port 'gmem1' (fft_16_ssr1_i16_c16_t16.cpp:53->fft_16_ssr1_i16_c16_t16.cpp:178) [21]  (2.190 ns)

 <State 38>: 2.190ns
The critical path consists of the following:
	bus request operation ('empty_44', fft_16_ssr1_i16_c16_t16.cpp:53->fft_16_ssr1_i16_c16_t16.cpp:178) on port 'gmem1' (fft_16_ssr1_i16_c16_t16.cpp:53->fft_16_ssr1_i16_c16_t16.cpp:178) [21]  (2.190 ns)

 <State 39>: 2.190ns
The critical path consists of the following:
	bus request operation ('empty_44', fft_16_ssr1_i16_c16_t16.cpp:53->fft_16_ssr1_i16_c16_t16.cpp:178) on port 'gmem1' (fft_16_ssr1_i16_c16_t16.cpp:53->fft_16_ssr1_i16_c16_t16.cpp:178) [21]  (2.190 ns)

 <State 40>: 2.190ns
The critical path consists of the following:
	bus request operation ('empty_44', fft_16_ssr1_i16_c16_t16.cpp:53->fft_16_ssr1_i16_c16_t16.cpp:178) on port 'gmem1' (fft_16_ssr1_i16_c16_t16.cpp:53->fft_16_ssr1_i16_c16_t16.cpp:178) [21]  (2.190 ns)

 <State 41>: 2.190ns
The critical path consists of the following:
	bus request operation ('empty_44', fft_16_ssr1_i16_c16_t16.cpp:53->fft_16_ssr1_i16_c16_t16.cpp:178) on port 'gmem1' (fft_16_ssr1_i16_c16_t16.cpp:53->fft_16_ssr1_i16_c16_t16.cpp:178) [21]  (2.190 ns)

 <State 42>: 2.190ns
The critical path consists of the following:
	bus request operation ('empty_44', fft_16_ssr1_i16_c16_t16.cpp:53->fft_16_ssr1_i16_c16_t16.cpp:178) on port 'gmem1' (fft_16_ssr1_i16_c16_t16.cpp:53->fft_16_ssr1_i16_c16_t16.cpp:178) [21]  (2.190 ns)

 <State 43>: 2.190ns
The critical path consists of the following:
	bus request operation ('empty_44', fft_16_ssr1_i16_c16_t16.cpp:53->fft_16_ssr1_i16_c16_t16.cpp:178) on port 'gmem1' (fft_16_ssr1_i16_c16_t16.cpp:53->fft_16_ssr1_i16_c16_t16.cpp:178) [21]  (2.190 ns)

 <State 44>: 2.190ns
The critical path consists of the following:
	bus request operation ('empty_44', fft_16_ssr1_i16_c16_t16.cpp:53->fft_16_ssr1_i16_c16_t16.cpp:178) on port 'gmem1' (fft_16_ssr1_i16_c16_t16.cpp:53->fft_16_ssr1_i16_c16_t16.cpp:178) [21]  (2.190 ns)

 <State 45>: 2.190ns
The critical path consists of the following:
	bus request operation ('empty_44', fft_16_ssr1_i16_c16_t16.cpp:53->fft_16_ssr1_i16_c16_t16.cpp:178) on port 'gmem1' (fft_16_ssr1_i16_c16_t16.cpp:53->fft_16_ssr1_i16_c16_t16.cpp:178) [21]  (2.190 ns)

 <State 46>: 2.190ns
The critical path consists of the following:
	bus request operation ('empty_44', fft_16_ssr1_i16_c16_t16.cpp:53->fft_16_ssr1_i16_c16_t16.cpp:178) on port 'gmem1' (fft_16_ssr1_i16_c16_t16.cpp:53->fft_16_ssr1_i16_c16_t16.cpp:178) [21]  (2.190 ns)

 <State 47>: 2.190ns
The critical path consists of the following:
	bus request operation ('empty_44', fft_16_ssr1_i16_c16_t16.cpp:53->fft_16_ssr1_i16_c16_t16.cpp:178) on port 'gmem1' (fft_16_ssr1_i16_c16_t16.cpp:53->fft_16_ssr1_i16_c16_t16.cpp:178) [21]  (2.190 ns)

 <State 48>: 2.190ns
The critical path consists of the following:
	bus request operation ('empty_44', fft_16_ssr1_i16_c16_t16.cpp:53->fft_16_ssr1_i16_c16_t16.cpp:178) on port 'gmem1' (fft_16_ssr1_i16_c16_t16.cpp:53->fft_16_ssr1_i16_c16_t16.cpp:178) [21]  (2.190 ns)

 <State 49>: 2.190ns
The critical path consists of the following:
	bus request operation ('empty_44', fft_16_ssr1_i16_c16_t16.cpp:53->fft_16_ssr1_i16_c16_t16.cpp:178) on port 'gmem1' (fft_16_ssr1_i16_c16_t16.cpp:53->fft_16_ssr1_i16_c16_t16.cpp:178) [21]  (2.190 ns)

 <State 50>: 2.190ns
The critical path consists of the following:
	bus request operation ('empty_44', fft_16_ssr1_i16_c16_t16.cpp:53->fft_16_ssr1_i16_c16_t16.cpp:178) on port 'gmem1' (fft_16_ssr1_i16_c16_t16.cpp:53->fft_16_ssr1_i16_c16_t16.cpp:178) [21]  (2.190 ns)

 <State 51>: 2.190ns
The critical path consists of the following:
	bus request operation ('empty_44', fft_16_ssr1_i16_c16_t16.cpp:53->fft_16_ssr1_i16_c16_t16.cpp:178) on port 'gmem1' (fft_16_ssr1_i16_c16_t16.cpp:53->fft_16_ssr1_i16_c16_t16.cpp:178) [21]  (2.190 ns)

 <State 52>: 2.190ns
The critical path consists of the following:
	bus request operation ('empty_44', fft_16_ssr1_i16_c16_t16.cpp:53->fft_16_ssr1_i16_c16_t16.cpp:178) on port 'gmem1' (fft_16_ssr1_i16_c16_t16.cpp:53->fft_16_ssr1_i16_c16_t16.cpp:178) [21]  (2.190 ns)

 <State 53>: 2.190ns
The critical path consists of the following:
	bus request operation ('empty_44', fft_16_ssr1_i16_c16_t16.cpp:53->fft_16_ssr1_i16_c16_t16.cpp:178) on port 'gmem1' (fft_16_ssr1_i16_c16_t16.cpp:53->fft_16_ssr1_i16_c16_t16.cpp:178) [21]  (2.190 ns)

 <State 54>: 2.190ns
The critical path consists of the following:
	bus request operation ('empty_44', fft_16_ssr1_i16_c16_t16.cpp:53->fft_16_ssr1_i16_c16_t16.cpp:178) on port 'gmem1' (fft_16_ssr1_i16_c16_t16.cpp:53->fft_16_ssr1_i16_c16_t16.cpp:178) [21]  (2.190 ns)

 <State 55>: 2.190ns
The critical path consists of the following:
	bus request operation ('empty_44', fft_16_ssr1_i16_c16_t16.cpp:53->fft_16_ssr1_i16_c16_t16.cpp:178) on port 'gmem1' (fft_16_ssr1_i16_c16_t16.cpp:53->fft_16_ssr1_i16_c16_t16.cpp:178) [21]  (2.190 ns)

 <State 56>: 2.190ns
The critical path consists of the following:
	bus request operation ('empty_44', fft_16_ssr1_i16_c16_t16.cpp:53->fft_16_ssr1_i16_c16_t16.cpp:178) on port 'gmem1' (fft_16_ssr1_i16_c16_t16.cpp:53->fft_16_ssr1_i16_c16_t16.cpp:178) [21]  (2.190 ns)

 <State 57>: 2.190ns
The critical path consists of the following:
	bus request operation ('empty_44', fft_16_ssr1_i16_c16_t16.cpp:53->fft_16_ssr1_i16_c16_t16.cpp:178) on port 'gmem1' (fft_16_ssr1_i16_c16_t16.cpp:53->fft_16_ssr1_i16_c16_t16.cpp:178) [21]  (2.190 ns)

 <State 58>: 2.190ns
The critical path consists of the following:
	bus request operation ('empty_44', fft_16_ssr1_i16_c16_t16.cpp:53->fft_16_ssr1_i16_c16_t16.cpp:178) on port 'gmem1' (fft_16_ssr1_i16_c16_t16.cpp:53->fft_16_ssr1_i16_c16_t16.cpp:178) [21]  (2.190 ns)

 <State 59>: 2.190ns
The critical path consists of the following:
	bus request operation ('empty_44', fft_16_ssr1_i16_c16_t16.cpp:53->fft_16_ssr1_i16_c16_t16.cpp:178) on port 'gmem1' (fft_16_ssr1_i16_c16_t16.cpp:53->fft_16_ssr1_i16_c16_t16.cpp:178) [21]  (2.190 ns)

 <State 60>: 2.190ns
The critical path consists of the following:
	bus request operation ('empty_44', fft_16_ssr1_i16_c16_t16.cpp:53->fft_16_ssr1_i16_c16_t16.cpp:178) on port 'gmem1' (fft_16_ssr1_i16_c16_t16.cpp:53->fft_16_ssr1_i16_c16_t16.cpp:178) [21]  (2.190 ns)

 <State 61>: 2.190ns
The critical path consists of the following:
	bus request operation ('empty_44', fft_16_ssr1_i16_c16_t16.cpp:53->fft_16_ssr1_i16_c16_t16.cpp:178) on port 'gmem1' (fft_16_ssr1_i16_c16_t16.cpp:53->fft_16_ssr1_i16_c16_t16.cpp:178) [21]  (2.190 ns)

 <State 62>: 2.190ns
The critical path consists of the following:
	bus request operation ('empty_44', fft_16_ssr1_i16_c16_t16.cpp:53->fft_16_ssr1_i16_c16_t16.cpp:178) on port 'gmem1' (fft_16_ssr1_i16_c16_t16.cpp:53->fft_16_ssr1_i16_c16_t16.cpp:178) [21]  (2.190 ns)

 <State 63>: 2.190ns
The critical path consists of the following:
	bus request operation ('empty_44', fft_16_ssr1_i16_c16_t16.cpp:53->fft_16_ssr1_i16_c16_t16.cpp:178) on port 'gmem1' (fft_16_ssr1_i16_c16_t16.cpp:53->fft_16_ssr1_i16_c16_t16.cpp:178) [21]  (2.190 ns)

 <State 64>: 2.190ns
The critical path consists of the following:
	bus request operation ('empty_44', fft_16_ssr1_i16_c16_t16.cpp:53->fft_16_ssr1_i16_c16_t16.cpp:178) on port 'gmem1' (fft_16_ssr1_i16_c16_t16.cpp:53->fft_16_ssr1_i16_c16_t16.cpp:178) [21]  (2.190 ns)

 <State 65>: 2.190ns
The critical path consists of the following:
	bus request operation ('empty_44', fft_16_ssr1_i16_c16_t16.cpp:53->fft_16_ssr1_i16_c16_t16.cpp:178) on port 'gmem1' (fft_16_ssr1_i16_c16_t16.cpp:53->fft_16_ssr1_i16_c16_t16.cpp:178) [21]  (2.190 ns)

 <State 66>: 2.190ns
The critical path consists of the following:
	bus request operation ('empty_44', fft_16_ssr1_i16_c16_t16.cpp:53->fft_16_ssr1_i16_c16_t16.cpp:178) on port 'gmem1' (fft_16_ssr1_i16_c16_t16.cpp:53->fft_16_ssr1_i16_c16_t16.cpp:178) [21]  (2.190 ns)

 <State 67>: 2.190ns
The critical path consists of the following:
	bus request operation ('empty_44', fft_16_ssr1_i16_c16_t16.cpp:53->fft_16_ssr1_i16_c16_t16.cpp:178) on port 'gmem1' (fft_16_ssr1_i16_c16_t16.cpp:53->fft_16_ssr1_i16_c16_t16.cpp:178) [21]  (2.190 ns)

 <State 68>: 2.190ns
The critical path consists of the following:
	bus request operation ('empty_44', fft_16_ssr1_i16_c16_t16.cpp:53->fft_16_ssr1_i16_c16_t16.cpp:178) on port 'gmem1' (fft_16_ssr1_i16_c16_t16.cpp:53->fft_16_ssr1_i16_c16_t16.cpp:178) [21]  (2.190 ns)

 <State 69>: 2.190ns
The critical path consists of the following:
	bus request operation ('empty_44', fft_16_ssr1_i16_c16_t16.cpp:53->fft_16_ssr1_i16_c16_t16.cpp:178) on port 'gmem1' (fft_16_ssr1_i16_c16_t16.cpp:53->fft_16_ssr1_i16_c16_t16.cpp:178) [21]  (2.190 ns)

 <State 70>: 2.190ns
The critical path consists of the following:
	bus request operation ('empty_44', fft_16_ssr1_i16_c16_t16.cpp:53->fft_16_ssr1_i16_c16_t16.cpp:178) on port 'gmem1' (fft_16_ssr1_i16_c16_t16.cpp:53->fft_16_ssr1_i16_c16_t16.cpp:178) [21]  (2.190 ns)

 <State 71>: 2.190ns
The critical path consists of the following:
	bus request operation ('empty_44', fft_16_ssr1_i16_c16_t16.cpp:53->fft_16_ssr1_i16_c16_t16.cpp:178) on port 'gmem1' (fft_16_ssr1_i16_c16_t16.cpp:53->fft_16_ssr1_i16_c16_t16.cpp:178) [21]  (2.190 ns)

 <State 72>: 2.190ns
The critical path consists of the following:
	bus request operation ('empty_44', fft_16_ssr1_i16_c16_t16.cpp:53->fft_16_ssr1_i16_c16_t16.cpp:178) on port 'gmem1' (fft_16_ssr1_i16_c16_t16.cpp:53->fft_16_ssr1_i16_c16_t16.cpp:178) [21]  (2.190 ns)

 <State 73>: 1.443ns
The critical path consists of the following:
	'shl' operation 32 bit ('empty_42', fft_16_ssr1_i16_c16_t16.cpp:47->fft_16_ssr1_i16_c16_t16.cpp:178) [14]  (0.000 ns)
	'call' operation 0 bit ('call_ln47', fft_16_ssr1_i16_c16_t16.cpp:47->fft_16_ssr1_i16_c16_t16.cpp:178) to 'dma_in_Pipeline_VITIS_LOOP_53_1' [23]  (1.443 ns)

 <State 74>: 0.000ns
The critical path consists of the following:


============================================================
+ Verbose Summary: Binding
============================================================
N/A
* FSMD analyzer results:
  - Output states:
 - Input state : 
  - Chain level:
	State 1
	State 2
	State 3
	State 4
	State 5
	State 6
	State 7
	State 8
	State 9
	State 10
	State 11
	State 12
	State 13
	State 14
	State 15
	State 16
	State 17
	State 18
	State 19
	State 20
	State 21
	State 22
	State 23
	State 24
	State 25
	State 26
	State 27
	State 28
	State 29
	State 30
	State 31
	State 32
	State 33
	State 34
	State 35
	State 36
	State 37
	State 38
	State 39
	State 40
	State 41
	State 42
	State 43
	State 44
	State 45
	State 46
	State 47
	State 48
	State 49
	State 50
	State 51
	State 52
	State 53
	State 54
	State 55
	State 56
	State 57
	State 58
	State 59
	State 60
	State 61
	State 62
	State 63
	State 64
	State 65
	State 66
	State 67
	State 68
	State 69
	State 70
	State 71
	State 72
	State 73
	State 74


============================================================
+ Verbose Summary: Datapath Resource usage 
============================================================
N/A
