

================================================================
== Vitis HLS Report for 'dma_in_Pipeline_VITIS_LOOP_53_1'
================================================================
* Date:           Tue Mar  3 20:53:53 2026

* Version:        2023.2 (Build 4023990 on Oct 11 2023)
* Project:        hls_project
* Solution:       solution1 (Vivado IP Flow Target)
* Product family: zynquplus
* Target device:  xck26-sfvc784-2LV-c


================================================================
== Performance Estimates
================================================================
+ Timing: 
    * Summary: 
    +--------+---------+----------+------------+
    |  Clock |  Target | Estimated| Uncertainty|
    +--------+---------+----------+------------+
    |ap_clk  |  3.00 ns|  2.190 ns|     0.81 ns|
    +--------+---------+----------+------------+

+ Latency: 
    * Summary: 
    +---------+---------+----------+----------+-----+-----+---------+
    |  Latency (cycles) |  Latency (absolute) |  Interval | Pipeline|
    |   min   |   max   |    min   |    max   | min | max |   Type  |
    +---------+---------+----------+----------+-----+-----+---------+
    |        2|      515|  6.000 ns|  1.545 us|    2|  515|       no|
    +---------+---------+----------+----------+-----+-----+---------+

    + Detail: 
        * Instance: 
        N/A

        * Loop: 
        +-------------------+---------+---------+----------+-----------+-----------+---------+----------+
        |                   |  Latency (cycles) | Iteration|  Initiation Interval  |   Trip  |          |
        |     Loop Name     |   min   |   max   |  Latency |  achieved |   target  |  Count  | Pipelined|
        +-------------------+---------+---------+----------+-----------+-----------+---------+----------+
        |- VITIS_LOOP_53_1  |        0|      513|         3|          1|          1|  0 ~ 512|       yes|
        +-------------------+---------+---------+----------+-----------+-----------+---------+----------+

============================================================
+ Verbose Summary: Synthesis Manager
============================================================
InlineROM: 1
ExposeGlobal: 0
============================================================
+ Verbose Summary: CDFG Model
============================================================
IsTopModel: 0
ResetActiveHigh: 1
IsCombinational: 0
IsDatapathOnly: 0
HasWiredReturn: 1
HasMFsm: 2
HasVarLatency: 1
IsPipeline: 0
IsRtlPipelined: 0
IsInstanceOverlapped: 0
IsDontTouch: 0
HasImplIP: 0
IsGatedGlobalClock: 0

+ Individual pipeline summary: 
  * Pipeline-0: initiation interval (II) = 1, depth = 3


============================================================
+ Verbose Summary: Schedule
============================================================
* Number of FSM states : 3
* Pipeline : 1
  Pipeline-0 : II = 1, D = 3, States = { 1 2 3 }
* Dataflow Pipeline: 0

* FSM state transitions: 
1 --> 2 
2 --> 3 
3 --> 

* FSM state operations: 

State 1 <SV = 0> <Delay = 1.87>
ST_1 : Operation 6 [1/1] (0.00ns)   --->   "%shiftreg_i = alloca i32 1"   --->   Operation 6 'alloca' 'shiftreg_i' <Predicate = true> <Delay = 0.00>
ST_1 : Operation 7 [1/1] (0.00ns)   --->   "%i = alloca i32 1" [fft_16_ssr1_i16_c16_t16.cpp:53->fft_16_ssr1_i16_c16_t16.cpp:178]   --->   Operation 7 'alloca' 'i' <Predicate = true> <Delay = 0.00>
ST_1 : Operation 8 [1/1] (0.00ns)   --->   "%sext_ln53_read = read i58 @_ssdm_op_Read.ap_auto.i58, i58 %sext_ln53"   --->   Operation 8 'read' 'sext_ln53_read' <Predicate = true> <Delay = 0.00>
ST_1 : Operation 9 [1/1] (0.00ns)   --->   "%tmp = read i32 @_ssdm_op_Read.ap_auto.i32, i32 %empty"   --->   Operation 9 'read' 'tmp' <Predicate = true> <Delay = 0.00>
ST_1 : Operation 10 [1/1] (0.00ns)   --->   "%sext_ln53_cast = sext i58 %sext_ln53_read"   --->   Operation 10 'sext' 'sext_ln53_cast' <Predicate = true> <Delay = 0.00>
ST_1 : Operation 11 [1/1] (0.00ns)   --->   "%specinterface_ln0 = specinterface void @_ssdm_op_SpecInterface, i512 %gmem1, void @empty_3, i32 0, i32 0, void @empty_4, i32 64, i32 32, void @empty_5, void @empty_6, void @empty_4, i32 16, i32 16, i32 16, i32 16, void @empty_4, void @empty_4, i32 4294967295, i32 0"   --->   Operation 11 'specinterface' 'specinterface_ln0' <Predicate = true> <Delay = 0.00>
ST_1 : Operation 12 [1/1] (0.00ns)   --->   "%specinterface_ln0 = specinterface void @_ssdm_op_SpecInterface, i32 %input_stream, void @empty_16, i32 0, i32 0, void @empty_4, i32 0, i32 0, void @empty_4, void @empty_4, void @empty_4, i32 0, i32 0, i32 0, i32 0, void @empty_4, void @empty_4, i32 4294967295, i32 0"   --->   Operation 12 'specinterface' 'specinterface_ln0' <Predicate = true> <Delay = 0.00>
ST_1 : Operation 13 [1/1] (0.42ns)   --->   "%store_ln53 = store i31 0, i31 %i" [fft_16_ssr1_i16_c16_t16.cpp:53->fft_16_ssr1_i16_c16_t16.cpp:178]   --->   Operation 13 'store' 'store_ln53' <Predicate = true> <Delay = 0.42>
ST_1 : Operation 14 [1/1] (0.42ns)   --->   "%store_ln0 = store i480 0, i480 %shiftreg_i"   --->   Operation 14 'store' 'store_ln0' <Predicate = true> <Delay = 0.42>
ST_1 : Operation 15 [1/1] (0.00ns)   --->   "%br_ln0 = br void %for.inc.i"   --->   Operation 15 'br' 'br_ln0' <Predicate = true> <Delay = 0.00>
ST_1 : Operation 16 [1/1] (0.00ns)   --->   "%i_4 = load i31 %i" [fft_16_ssr1_i16_c16_t16.cpp:53->fft_16_ssr1_i16_c16_t16.cpp:178]   --->   Operation 16 'load' 'i_4' <Predicate = true> <Delay = 0.00>
ST_1 : Operation 17 [1/1] (0.00ns)   --->   "%zext_ln53 = zext i31 %i_4" [fft_16_ssr1_i16_c16_t16.cpp:53->fft_16_ssr1_i16_c16_t16.cpp:178]   --->   Operation 17 'zext' 'zext_ln53' <Predicate = true> <Delay = 0.00>
ST_1 : Operation 18 [1/1] (1.01ns)   --->   "%icmp_ln53 = icmp_slt  i32 %zext_ln53, i32 %tmp" [fft_16_ssr1_i16_c16_t16.cpp:53->fft_16_ssr1_i16_c16_t16.cpp:178]   --->   Operation 18 'icmp' 'icmp_ln53' <Predicate = true> <Delay = 1.01> <CoreInst = "Cmp">   --->   Core 9 'Cmp' <Latency = 0> <II = 1> <Delay = 1.01> <FuncUnit> <Opcode : 'icmp'> <InPorts = 2> <OutPorts = 1>
ST_1 : Operation 19 [1/1] (1.00ns)   --->   "%add_ln53 = add i31 %i_4, i31 1" [fft_16_ssr1_i16_c16_t16.cpp:53->fft_16_ssr1_i16_c16_t16.cpp:178]   --->   Operation 19 'add' 'add_ln53' <Predicate = true> <Delay = 1.00> <CoreInst = "Adder">   --->   Core 1 'Adder' <Latency = 0> <II = 1> <Delay = 1.00> <FuncUnit> <Opcode : 'add' 'sub'> <InPorts = 2> <OutPorts = 1>
ST_1 : Operation 20 [1/1] (0.00ns)   --->   "%br_ln53 = br i1 %icmp_ln53, void %dma_in.exit.exitStub, void %for.inc.split.i" [fft_16_ssr1_i16_c16_t16.cpp:53->fft_16_ssr1_i16_c16_t16.cpp:178]   --->   Operation 20 'br' 'br_ln53' <Predicate = true> <Delay = 0.00>
ST_1 : Operation 21 [1/1] (0.00ns)   --->   "%trunc_ln53 = trunc i31 %i_4" [fft_16_ssr1_i16_c16_t16.cpp:53->fft_16_ssr1_i16_c16_t16.cpp:178]   --->   Operation 21 'trunc' 'trunc_ln53' <Predicate = (icmp_ln53)> <Delay = 0.00>
ST_1 : Operation 22 [1/1] (0.79ns)   --->   "%icmp_ln58 = icmp_eq  i4 %trunc_ln53, i4 0" [fft_16_ssr1_i16_c16_t16.cpp:58->fft_16_ssr1_i16_c16_t16.cpp:178]   --->   Operation 22 'icmp' 'icmp_ln58' <Predicate = (icmp_ln53)> <Delay = 0.79> <CoreInst = "Cmp">   --->   Core 9 'Cmp' <Latency = 0> <II = 1> <Delay = 0.79> <FuncUnit> <Opcode : 'icmp'> <InPorts = 2> <OutPorts = 1>
ST_1 : Operation 23 [1/1] (0.42ns)   --->   "%store_ln53 = store i31 %add_ln53, i31 %i" [fft_16_ssr1_i16_c16_t16.cpp:53->fft_16_ssr1_i16_c16_t16.cpp:178]   --->   Operation 23 'store' 'store_ln53' <Predicate = (icmp_ln53)> <Delay = 0.42>

State 2 <SV = 1> <Delay = 2.19>
ST_2 : Operation 24 [1/1] (0.00ns)   --->   "%gmem1_addr = getelementptr i512 %gmem1, i64 %sext_ln53_cast" [fft_16_ssr1_i16_c16_t16.cpp:53->fft_16_ssr1_i16_c16_t16.cpp:178]   --->   Operation 24 'getelementptr' 'gmem1_addr' <Predicate = (icmp_ln53)> <Delay = 0.00>
ST_2 : Operation 25 [1/1] (2.19ns)   --->   "%gmem1_addr_read = read i512 @_ssdm_op_Read.m_axi.p1i512, i512 %gmem1_addr" [fft_16_ssr1_i16_c16_t16.cpp:58->fft_16_ssr1_i16_c16_t16.cpp:178]   --->   Operation 25 'read' 'gmem1_addr_read' <Predicate = (icmp_ln53 & icmp_ln58)> <Delay = 2.19> <CoreInst = "m_axi">   --->   Core 121 'm_axi' <Latency = 0> <II = 1> <Delay = 1.00> <Adapter> <Opcode : 'read' 'write' 'readreq' 'writereq' 'writeresp'>
ST_2 : Operation 39 [1/1] (0.00ns)   --->   "%ret_ln0 = ret"   --->   Operation 39 'ret' 'ret_ln0' <Predicate = (!icmp_ln53)> <Delay = 0.00>

State 3 <SV = 2> <Delay = 1.52>
ST_3 : Operation 26 [1/1] (0.00ns)   --->   "%shiftreg_i_load = load i480 %shiftreg_i" [fft_16_ssr1_i16_c16_t16.cpp:53->fft_16_ssr1_i16_c16_t16.cpp:178]   --->   Operation 26 'load' 'shiftreg_i_load' <Predicate = (icmp_ln53)> <Delay = 0.00>
ST_3 : Operation 27 [1/1] (0.00ns)   --->   "%zext_ln53_1 = zext i480 %shiftreg_i_load" [fft_16_ssr1_i16_c16_t16.cpp:53->fft_16_ssr1_i16_c16_t16.cpp:178]   --->   Operation 27 'zext' 'zext_ln53_1' <Predicate = (icmp_ln53)> <Delay = 0.00>
ST_3 : Operation 28 [1/1] (0.00ns)   --->   "%specpipeline_ln53 = specpipeline void @_ssdm_op_SpecPipeline, i32 4294967295, i32 0, i32 0, i32 0, void @empty_4" [fft_16_ssr1_i16_c16_t16.cpp:53->fft_16_ssr1_i16_c16_t16.cpp:178]   --->   Operation 28 'specpipeline' 'specpipeline_ln53' <Predicate = (icmp_ln53)> <Delay = 0.00>
ST_3 : Operation 29 [1/1] (0.00ns)   --->   "%speclooptripcount_ln55 = speclooptripcount void @_ssdm_op_SpecLoopTripCount, i64 0, i64 512, i64 256" [fft_16_ssr1_i16_c16_t16.cpp:55->fft_16_ssr1_i16_c16_t16.cpp:178]   --->   Operation 29 'speclooptripcount' 'speclooptripcount_ln55' <Predicate = (icmp_ln53)> <Delay = 0.00>
ST_3 : Operation 30 [1/1] (0.00ns)   --->   "%specloopname_ln53 = specloopname void @_ssdm_op_SpecLoopName, void @empty_11" [fft_16_ssr1_i16_c16_t16.cpp:53->fft_16_ssr1_i16_c16_t16.cpp:178]   --->   Operation 30 'specloopname' 'specloopname_ln53' <Predicate = (icmp_ln53)> <Delay = 0.00>
ST_3 : Operation 31 [1/1] (0.42ns)   --->   "%br_ln58 = br i1 %icmp_ln58, void %for.inc.split._crit_edge.i, void" [fft_16_ssr1_i16_c16_t16.cpp:58->fft_16_ssr1_i16_c16_t16.cpp:178]   --->   Operation 31 'br' 'br_ln58' <Predicate = (icmp_ln53)> <Delay = 0.42>
ST_3 : Operation 32 [1/1] (0.42ns)   --->   "%br_ln58 = br void %for.inc.split._crit_edge.i" [fft_16_ssr1_i16_c16_t16.cpp:58->fft_16_ssr1_i16_c16_t16.cpp:178]   --->   Operation 32 'br' 'br_ln58' <Predicate = (icmp_ln53 & icmp_ln58)> <Delay = 0.42>
ST_3 : Operation 33 [1/1] (0.00ns)   --->   "%empty_41 = phi i512 %gmem1_addr_read, void, i512 %zext_ln53_1, void %for.inc.split.i" [fft_16_ssr1_i16_c16_t16.cpp:58->fft_16_ssr1_i16_c16_t16.cpp:178]   --->   Operation 33 'phi' 'empty_41' <Predicate = true> <Delay = 0.00>
ST_3 : Operation 34 [1/1] (0.00ns)   --->   "%trunc_ln1 = partselect i480 @_ssdm_op_PartSelect.i480.i512.i32.i32, i512 %empty_41, i32 32, i32 511" [fft_16_ssr1_i16_c16_t16.cpp:68->fft_16_ssr1_i16_c16_t16.cpp:178]   --->   Operation 34 'partselect' 'trunc_ln1' <Predicate = true> <Delay = 0.00>
ST_3 : Operation 35 [1/1] (0.00ns)   --->   "%trunc_ln68 = trunc i512 %empty_41" [fft_16_ssr1_i16_c16_t16.cpp:68->fft_16_ssr1_i16_c16_t16.cpp:178]   --->   Operation 35 'trunc' 'trunc_ln68' <Predicate = true> <Delay = 0.00>
ST_3 : Operation 36 [1/1] (1.09ns)   --->   "%write_ln68 = write void @_ssdm_op_Write.ap_fifo.volatile.i32P0A, i32 %input_stream, i32 %trunc_ln68" [fft_16_ssr1_i16_c16_t16.cpp:68->fft_16_ssr1_i16_c16_t16.cpp:178]   --->   Operation 36 'write' 'write_ln68' <Predicate = true> <Delay = 1.09> <CoreInst = "FIFO_SRL">   --->   Core 81 'FIFO_SRL' <Latency = 0> <II = 1> <Delay = 1.83> <Storage> <Opcode : 'read' 'write' 'nbread' 'nbwrite'> <Ports = 0> <Width = 32> <Depth = 2> <FIFO>
ST_3 : Operation 37 [1/1] (0.42ns)   --->   "%store_ln68 = store i480 %trunc_ln1, i480 %shiftreg_i" [fft_16_ssr1_i16_c16_t16.cpp:68->fft_16_ssr1_i16_c16_t16.cpp:178]   --->   Operation 37 'store' 'store_ln68' <Predicate = true> <Delay = 0.42>
ST_3 : Operation 38 [1/1] (0.00ns)   --->   "%br_ln53 = br void %for.inc.i" [fft_16_ssr1_i16_c16_t16.cpp:53->fft_16_ssr1_i16_c16_t16.cpp:178]   --->   Operation 38 'br' 'br_ln53' <Predicate = true> <Delay = 0.00>


============================================================
+ Verbose Summary: Timing violations
============================================================
Target clock period: 3.000ns, clock uncertainty: 0.810ns.

 <State 1>: 1.870ns
The critical path consists of the following:
	'store' operation 0 bit ('store_ln53', fft_16_ssr1_i16_c16_t16.cpp:53->fft_16_ssr1_i16_c16_t16.cpp:178) of constant 0 on local variable 'i', fft_16_ssr1_i16_c16_t16.cpp:53->fft_16_ssr1_i16_c16_t16.cpp:178 [12]  (0.427 ns)
	'load' operation 31 bit ('i', fft_16_ssr1_i16_c16_t16.cpp:53->fft_16_ssr1_i16_c16_t16.cpp:178) on local variable 'i', fft_16_ssr1_i16_c16_t16.cpp:53->fft_16_ssr1_i16_c16_t16.cpp:178 [16]  (0.000 ns)
	'icmp' operation 1 bit ('icmp_ln53', fft_16_ssr1_i16_c16_t16.cpp:53->fft_16_ssr1_i16_c16_t16.cpp:178) [18]  (1.016 ns)
	'store' operation 0 bit ('store_ln53', fft_16_ssr1_i16_c16_t16.cpp:53->fft_16_ssr1_i16_c16_t16.cpp:178) of variable 'add_ln53', fft_16_ssr1_i16_c16_t16.cpp:53->fft_16_ssr1_i16_c16_t16.cpp:178 on local variable 'i', fft_16_ssr1_i16_c16_t16.cpp:53->fft_16_ssr1_i16_c16_t16.cpp:178 [39]  (0.427 ns)

 <State 2>: 2.190ns
The critical path consists of the following:
	'getelementptr' operation 512 bit ('gmem1_addr', fft_16_ssr1_i16_c16_t16.cpp:53->fft_16_ssr1_i16_c16_t16.cpp:178) [23]  (0.000 ns)
	bus read operation ('gmem1_addr_read', fft_16_ssr1_i16_c16_t16.cpp:58->fft_16_ssr1_i16_c16_t16.cpp:178) on port 'gmem1' (fft_16_ssr1_i16_c16_t16.cpp:58->fft_16_ssr1_i16_c16_t16.cpp:178) [32]  (2.190 ns)

 <State 3>: 1.522ns
The critical path consists of the following:
	'load' operation 480 bit ('shiftreg_i_load', fft_16_ssr1_i16_c16_t16.cpp:53->fft_16_ssr1_i16_c16_t16.cpp:178) on local variable 'shiftreg_i' [22]  (0.000 ns)
	multiplexor before 'phi' operation 512 bit ('empty_41', fft_16_ssr1_i16_c16_t16.cpp:58->fft_16_ssr1_i16_c16_t16.cpp:178) with incoming values : ('zext_ln53_1', fft_16_ssr1_i16_c16_t16.cpp:53->fft_16_ssr1_i16_c16_t16.cpp:178) ('gmem1_addr_read', fft_16_ssr1_i16_c16_t16.cpp:58->fft_16_ssr1_i16_c16_t16.cpp:178) [35]  (0.427 ns)
	'phi' operation 512 bit ('empty_41', fft_16_ssr1_i16_c16_t16.cpp:58->fft_16_ssr1_i16_c16_t16.cpp:178) with incoming values : ('zext_ln53_1', fft_16_ssr1_i16_c16_t16.cpp:53->fft_16_ssr1_i16_c16_t16.cpp:178) ('gmem1_addr_read', fft_16_ssr1_i16_c16_t16.cpp:58->fft_16_ssr1_i16_c16_t16.cpp:178) [35]  (0.000 ns)
	fifo write operation ('write_ln68', fft_16_ssr1_i16_c16_t16.cpp:68->fft_16_ssr1_i16_c16_t16.cpp:178) on port 'input_stream' (fft_16_ssr1_i16_c16_t16.cpp:68->fft_16_ssr1_i16_c16_t16.cpp:178) [38]  (1.095 ns)


============================================================
+ Verbose Summary: Binding
============================================================
N/A
* FSMD analyzer results:
  - Output states:
 - Input state : 
  - Chain level:
	State 1
	State 2
	State 3


============================================================
+ Verbose Summary: Datapath Resource usage 
============================================================
N/A
