

================================================================
== Vitis HLS Report for 'dma_in_Pipeline_VITIS_LOOP_53_1'
================================================================
* Date:           Tue Mar  3 20:53:54 2026

* Version:        2023.2 (Build 4023990 on Oct 11 2023)
* Project:        hls_project
* Solution:       solution1 (Vivado IP Flow Target)
* Product family: zynquplus
* Target device:  xck26-sfvc784-2LV-c


================================================================
== Performance Estimates
================================================================
+ Timing: 
    * Summary: 
    +--------+---------+----------+------------+
    |  Clock |  Target | Estimated| Uncertainty|
    +--------+---------+----------+------------+
    |ap_clk  |  3.00 ns|  2.190 ns|     0.81 ns|
    +--------+---------+----------+------------+

+ Latency: 
    * Summary: 
    +---------+---------+----------+----------+-----+-----+---------+
    |  Latency (cycles) |  Latency (absolute) |  Interval | Pipeline|
    |   min   |   max   |    min   |    max   | min | max |   Type  |
    +---------+---------+----------+----------+-----+-----+---------+
    |        2|      515|  6.000 ns|  1.545 us|    2|  515|       no|
    +---------+---------+----------+----------+-----+-----+---------+

    + Detail: 
        * Instance: 
        N/A

        * Loop: 
        +-------------------+---------+---------+----------+-----------+-----------+---------+----------+
        |                   |  Latency (cycles) | Iteration|  Initiation Interval  |   Trip  |          |
        |     Loop Name     |   min   |   max   |  Latency |  achieved |   target  |  Count  | Pipelined|
        +-------------------+---------+---------+----------+-----------+-----------+---------+----------+
        |- VITIS_LOOP_53_1  |        0|      513|         3|          1|          1|  0 ~ 512|       yes|
        +-------------------+---------+---------+----------+-----------+-----------+---------+----------+



================================================================
== Utilization Estimates
================================================================
* Summary: 
+-----------------+---------+------+--------+--------+-----+
|       Name      | BRAM_18K|  DSP |   FF   |   LUT  | URAM|
+-----------------+---------+------+--------+--------+-----+
|DSP              |        -|     -|       -|       -|    -|
|Expression       |        -|     -|       0|      97|    -|
|FIFO             |        -|     -|       -|       -|    -|
|Instance         |        -|     -|       -|       -|    -|
|Memory           |        -|     -|       -|       -|    -|
|Multiplexer      |        -|     -|       -|      77|    -|
|Register         |        -|     -|    1032|       -|    -|
+-----------------+---------+------+--------+--------+-----+
|Total            |        0|     0|    1032|     174|    0|
+-----------------+---------+------+--------+--------+-----+
|Available        |      288|  1248|  234240|  117120|   64|
+-----------------+---------+------+--------+--------+-----+
|Utilization (%)  |        0|     0|      ~0|      ~0|    0|
+-----------------+---------+------+--------+--------+-----+

+ Detail: 
    * Instance: 
    N/A

    * DSP: 
    N/A

    * Memory: 
    N/A

    * FIFO: 
    N/A

    * Expression: 
    +----------------------------------+----------+----+---+----+------------+------------+
    |           Variable Name          | Operation| DSP| FF| LUT| Bitwidth P0| Bitwidth P1|
    +----------------------------------+----------+----+---+----+------------+------------+
    |add_ln53_fu_134_p2                |         +|   0|  0|  38|          31|           1|
    |ap_block_state2_pp0_stage0_iter1  |       and|   0|  0|   2|           1|           1|
    |ap_predicate_op25_read_state2     |       and|   0|  0|   2|           1|           1|
    |icmp_ln53_fu_128_p2               |      icmp|   0|  0|  39|          32|          32|
    |icmp_ln58_fu_144_p2               |      icmp|   0|  0|  12|           4|           1|
    |ap_block_pp0_stage0_01001         |        or|   0|  0|   2|           1|           1|
    |ap_enable_pp0                     |       xor|   0|  0|   2|           1|           2|
    +----------------------------------+----------+----+---+----+------------+------------+
    |Total                             |          |   0|  0|  97|          71|          39|
    +----------------------------------+----------+----+---+----+------------+------------+

    * Multiplexer: 
    +-----------------------------------+----+-----------+-----+-----------+
    |                Name               | LUT| Input Size| Bits| Total Bits|
    +-----------------------------------+----+-----------+-----+-----------+
    |ap_done_int                        |   9|          2|    1|          2|
    |ap_enable_reg_pp0_iter1            |   9|          2|    1|          2|
    |ap_phi_mux_empty_41_phi_fu_101_p4  |  14|          3|  512|       1536|
    |ap_sig_allocacmp_i_4               |   9|          2|   31|         62|
    |gmem1_blk_n_R                      |   9|          2|    1|          2|
    |i_fu_70                            |   9|          2|   31|         62|
    |input_stream_blk_n                 |   9|          2|    1|          2|
    |shiftreg_i_fu_66                   |   9|          2|  480|        960|
    +-----------------------------------+----+-----------+-----+-----------+
    |Total                              |  77|         17| 1058|       2628|
    +-----------------------------------+----+-----------+-----+-----------+

    * Register: 
    +----------------------------------+-----+----+-----+-----------+
    |               Name               |  FF | LUT| Bits| Const Bits|
    +----------------------------------+-----+----+-----+-----------+
    |ap_CS_fsm                         |    1|   0|    1|          0|
    |ap_done_reg                       |    1|   0|    1|          0|
    |ap_enable_reg_pp0_iter1           |    1|   0|    1|          0|
    |ap_enable_reg_pp0_iter2           |    1|   0|    1|          0|
    |ap_loop_exit_ready_pp0_iter1_reg  |    1|   0|    1|          0|
    |gmem1_addr_read_reg_216           |  512|   0|  512|          0|
    |i_fu_70                           |   31|   0|   31|          0|
    |icmp_ln53_reg_208                 |    1|   0|    1|          0|
    |icmp_ln53_reg_208_pp0_iter1_reg   |    1|   0|    1|          0|
    |icmp_ln58_reg_212                 |    1|   0|    1|          0|
    |icmp_ln58_reg_212_pp0_iter1_reg   |    1|   0|    1|          0|
    |shiftreg_i_fu_66                  |  480|   0|  480|          0|
    +----------------------------------+-----+----+-----+-----------+
    |Total                             | 1032|   0| 1032|          0|
    +----------------------------------+-----+----+-----+-----------+



================================================================
== Interface
================================================================
* Summary: 
+-----------------------------+-----+-----+------------+---------------------------------+--------------+
|          RTL Ports          | Dir | Bits|  Protocol  |          Source Object          |    C Type    |
+-----------------------------+-----+-----+------------+---------------------------------+--------------+
|ap_clk                       |   in|    1|  ap_ctrl_hs|  dma_in_Pipeline_VITIS_LOOP_53_1|  return value|
|ap_rst                       |   in|    1|  ap_ctrl_hs|  dma_in_Pipeline_VITIS_LOOP_53_1|  return value|
|ap_start                     |   in|    1|  ap_ctrl_hs|  dma_in_Pipeline_VITIS_LOOP_53_1|  return value|
|ap_done                      |  out|    1|  ap_ctrl_hs|  dma_in_Pipeline_VITIS_LOOP_53_1|  return value|
|ap_idle                      |  out|    1|  ap_ctrl_hs|  dma_in_Pipeline_VITIS_LOOP_53_1|  return value|
|ap_ready                     |  out|    1|  ap_ctrl_hs|  dma_in_Pipeline_VITIS_LOOP_53_1|  return value|
|m_axi_gmem1_AWVALID          |  out|    1|       m_axi|                            gmem1|       pointer|
|m_axi_gmem1_AWREADY          |   in|    1|       m_axi|                            gmem1|       pointer|
|m_axi_gmem1_AWADDR           |  out|   64|       m_axi|                            gmem1|       pointer|
|m_axi_gmem1_AWID             |  out|    1|       m_axi|                            gmem1|       pointer|
|m_axi_gmem1_AWLEN            |  out|   32|       m_axi|                            gmem1|       pointer|
|m_axi_gmem1_AWSIZE           |  out|    3|       m_axi|                            gmem1|       pointer|
|m_axi_gmem1_AWBURST          |  out|    2|       m_axi|                            gmem1|       pointer|
|m_axi_gmem1_AWLOCK           |  out|    2|       m_axi|                            gmem1|       pointer|
|m_axi_gmem1_AWCACHE          |  out|    4|       m_axi|                            gmem1|       pointer|
|m_axi_gmem1_AWPROT           |  out|    3|       m_axi|                            gmem1|       pointer|
|m_axi_gmem1_AWQOS            |  out|    4|       m_axi|                            gmem1|       pointer|
|m_axi_gmem1_AWREGION         |  out|    4|       m_axi|                            gmem1|       pointer|
|m_axi_gmem1_AWUSER           |  out|    1|       m_axi|                            gmem1|       pointer|
|m_axi_gmem1_WVALID           |  out|    1|       m_axi|                            gmem1|       pointer|
|m_axi_gmem1_WREADY           |   in|    1|       m_axi|                            gmem1|       pointer|
|m_axi_gmem1_WDATA            |  out|  512|       m_axi|                            gmem1|       pointer|
|m_axi_gmem1_WSTRB            |  out|   64|       m_axi|                            gmem1|       pointer|
|m_axi_gmem1_WLAST            |  out|    1|       m_axi|                            gmem1|       pointer|
|m_axi_gmem1_WID              |  out|    1|       m_axi|                            gmem1|       pointer|
|m_axi_gmem1_WUSER            |  out|    1|       m_axi|                            gmem1|       pointer|
|m_axi_gmem1_ARVALID          |  out|    1|       m_axi|                            gmem1|       pointer|
|m_axi_gmem1_ARREADY          |   in|    1|       m_axi|                            gmem1|       pointer|
|m_axi_gmem1_ARADDR           |  out|   64|       m_axi|                            gmem1|       pointer|
|m_axi_gmem1_ARID             |  out|    1|       m_axi|                            gmem1|       pointer|
|m_axi_gmem1_ARLEN            |  out|   32|       m_axi|                            gmem1|       pointer|
|m_axi_gmem1_ARSIZE           |  out|    3|       m_axi|                            gmem1|       pointer|
|m_axi_gmem1_ARBURST          |  out|    2|       m_axi|                            gmem1|       pointer|
|m_axi_gmem1_ARLOCK           |  out|    2|       m_axi|                            gmem1|       pointer|
|m_axi_gmem1_ARCACHE          |  out|    4|       m_axi|                            gmem1|       pointer|
|m_axi_gmem1_ARPROT           |  out|    3|       m_axi|                            gmem1|       pointer|
|m_axi_gmem1_ARQOS            |  out|    4|       m_axi|                            gmem1|       pointer|
|m_axi_gmem1_ARREGION         |  out|    4|       m_axi|                            gmem1|       pointer|
|m_axi_gmem1_ARUSER           |  out|    1|       m_axi|                            gmem1|       pointer|
|m_axi_gmem1_RVALID           |   in|    1|       m_axi|                            gmem1|       pointer|
|m_axi_gmem1_RREADY           |  out|    1|       m_axi|                            gmem1|       pointer|
|m_axi_gmem1_RDATA            |   in|  512|       m_axi|                            gmem1|       pointer|
|m_axi_gmem1_RLAST            |   in|    1|       m_axi|                            gmem1|       pointer|
|m_axi_gmem1_RID              |   in|    1|       m_axi|                            gmem1|       pointer|
|m_axi_gmem1_RFIFONUM         |   in|    9|       m_axi|                            gmem1|       pointer|
|m_axi_gmem1_RUSER            |   in|    1|       m_axi|                            gmem1|       pointer|
|m_axi_gmem1_RRESP            |   in|    2|       m_axi|                            gmem1|       pointer|
|m_axi_gmem1_BVALID           |   in|    1|       m_axi|                            gmem1|       pointer|
|m_axi_gmem1_BREADY           |  out|    1|       m_axi|                            gmem1|       pointer|
|m_axi_gmem1_BRESP            |   in|    2|       m_axi|                            gmem1|       pointer|
|m_axi_gmem1_BID              |   in|    1|       m_axi|                            gmem1|       pointer|
|m_axi_gmem1_BUSER            |   in|    1|       m_axi|                            gmem1|       pointer|
|input_stream_din             |  out|   32|     ap_fifo|                     input_stream|       pointer|
|input_stream_num_data_valid  |   in|    3|     ap_fifo|                     input_stream|       pointer|
|input_stream_fifo_cap        |   in|    3|     ap_fifo|                     input_stream|       pointer|
|input_stream_full_n          |   in|    1|     ap_fifo|                     input_stream|       pointer|
|input_stream_write           |  out|    1|     ap_fifo|                     input_stream|       pointer|
|empty                        |   in|   32|     ap_none|                            empty|        scalar|
|sext_ln53                    |   in|   58|     ap_none|                        sext_ln53|        scalar|
+-----------------------------+-----+-----+------------+---------------------------------+--------------+

============================================================
+ Verbose Summary: Synthesis Manager
============================================================
InlineROM: 1
ExposeGlobal: 0
============================================================
+ Verbose Summary: CDFG Model
============================================================
IsTopModel: 0
ResetActiveHigh: 1
IsCombinational: 2
IsDatapathOnly: 2
HasWiredReturn: 1
HasMFsm: 2
HasVarLatency: 1
IsPipeline: 0
IsRtlPipelined: 0
IsInstanceOverlapped: 0
IsDontTouch: 0
HasImplIP: 0
IsGatedGlobalClock: 0

+ Individual pipeline summary: 
  * Pipeline-0: initiation interval (II) = 1, depth = 3


============================================================
+ Verbose Summary: Schedule
============================================================
* Number of FSM states : 3
* Pipeline : 1
  Pipeline-0 : II = 1, D = 3, States = { 1 2 3 }
* Dataflow Pipeline: 0

* FSM state transitions: 
1 --> 2 
2 --> 3 
3 --> 

* FSM state operations: 

State 1 <SV = 0> <Delay = 1.87>
ST_1 : Operation 6 [1/1] (0.00ns)   --->   "%shiftreg_i = alloca i32 1"   --->   Operation 6 'alloca' 'shiftreg_i' <Predicate = true> <Delay = 0.00>
ST_1 : Operation 7 [1/1] (0.00ns)   --->   "%i = alloca i32 1" [fft_16_ssr1_i16_c16_t16.cpp:53->fft_16_ssr1_i16_c16_t16.cpp:178]   --->   Operation 7 'alloca' 'i' <Predicate = true> <Delay = 0.00>
ST_1 : Operation 8 [1/1] (0.00ns)   --->   "%sext_ln53_read = read i58 @_ssdm_op_Read.ap_auto.i58, i58 %sext_ln53"   --->   Operation 8 'read' 'sext_ln53_read' <Predicate = true> <Delay = 0.00>
ST_1 : Operation 9 [1/1] (0.00ns)   --->   "%tmp = read i32 @_ssdm_op_Read.ap_auto.i32, i32 %empty"   --->   Operation 9 'read' 'tmp' <Predicate = true> <Delay = 0.00>
ST_1 : Operation 10 [1/1] (0.00ns)   --->   "%sext_ln53_cast = sext i58 %sext_ln53_read"   --->   Operation 10 'sext' 'sext_ln53_cast' <Predicate = true> <Delay = 0.00>
ST_1 : Operation 11 [1/1] (0.00ns)   --->   "%specinterface_ln0 = specinterface void @_ssdm_op_SpecInterface, i512 %gmem1, void @empty_3, i32 0, i32 0, void @empty_4, i32 64, i32 32, void @empty_5, void @empty_6, void @empty_4, i32 16, i32 16, i32 16, i32 16, void @empty_4, void @empty_4, i32 4294967295, i32 0"   --->   Operation 11 'specinterface' 'specinterface_ln0' <Predicate = true> <Delay = 0.00>
ST_1 : Operation 12 [1/1] (0.00ns)   --->   "%specinterface_ln0 = specinterface void @_ssdm_op_SpecInterface, i32 %input_stream, void @empty_16, i32 0, i32 0, void @empty_4, i32 0, i32 0, void @empty_4, void @empty_4, void @empty_4, i32 0, i32 0, i32 0, i32 0, void @empty_4, void @empty_4, i32 4294967295, i32 0"   --->   Operation 12 'specinterface' 'specinterface_ln0' <Predicate = true> <Delay = 0.00>
ST_1 : Operation 13 [1/1] (0.42ns)   --->   "%store_ln53 = store i31 0, i31 %i" [fft_16_ssr1_i16_c16_t16.cpp:53->fft_16_ssr1_i16_c16_t16.cpp:178]   --->   Operation 13 'store' 'store_ln53' <Predicate = true> <Delay = 0.42>
ST_1 : Operation 14 [1/1] (0.42ns)   --->   "%store_ln0 = store i480 0, i480 %shiftreg_i"   --->   Operation 14 'store' 'store_ln0' <Predicate = true> <Delay = 0.42>
ST_1 : Operation 15 [1/1] (0.00ns)   --->   "%br_ln0 = br void %for.inc.i"   --->   Operation 15 'br' 'br_ln0' <Predicate = true> <Delay = 0.00>
ST_1 : Operation 16 [1/1] (0.00ns)   --->   "%i_4 = load i31 %i" [fft_16_ssr1_i16_c16_t16.cpp:53->fft_16_ssr1_i16_c16_t16.cpp:178]   --->   Operation 16 'load' 'i_4' <Predicate = true> <Delay = 0.00>
ST_1 : Operation 17 [1/1] (0.00ns)   --->   "%zext_ln53 = zext i31 %i_4" [fft_16_ssr1_i16_c16_t16.cpp:53->fft_16_ssr1_i16_c16_t16.cpp:178]   --->   Operation 17 'zext' 'zext_ln53' <Predicate = true> <Delay = 0.00>
ST_1 : Operation 18 [1/1] (1.01ns)   --->   "%icmp_ln53 = icmp_slt  i32 %zext_ln53, i32 %tmp" [fft_16_ssr1_i16_c16_t16.cpp:53->fft_16_ssr1_i16_c16_t16.cpp:178]   --->   Operation 18 'icmp' 'icmp_ln53' <Predicate = true> <Delay = 1.01> <CoreInst = "Cmp">   --->   Core 9 'Cmp' <Latency = 0> <II = 1> <Delay = 1.01> <FuncUnit> <Opcode : 'icmp'> <InPorts = 2> <OutPorts = 1>
ST_1 : Operation 19 [1/1] (1.00ns)   --->   "%add_ln53 = add i31 %i_4, i31 1" [fft_16_ssr1_i16_c16_t16.cpp:53->fft_16_ssr1_i16_c16_t16.cpp:178]   --->   Operation 19 'add' 'add_ln53' <Predicate = true> <Delay = 1.00> <CoreInst = "Adder">   --->   Core 1 'Adder' <Latency = 0> <II = 1> <Delay = 1.00> <FuncUnit> <Opcode : 'add' 'sub'> <InPorts = 2> <OutPorts = 1>
ST_1 : Operation 20 [1/1] (0.00ns)   --->   "%br_ln53 = br i1 %icmp_ln53, void %dma_in.exit.exitStub, void %for.inc.split.i" [fft_16_ssr1_i16_c16_t16.cpp:53->fft_16_ssr1_i16_c16_t16.cpp:178]   --->   Operation 20 'br' 'br_ln53' <Predicate = true> <Delay = 0.00>
ST_1 : Operation 21 [1/1] (0.00ns)   --->   "%trunc_ln53 = trunc i31 %i_4" [fft_16_ssr1_i16_c16_t16.cpp:53->fft_16_ssr1_i16_c16_t16.cpp:178]   --->   Operation 21 'trunc' 'trunc_ln53' <Predicate = (icmp_ln53)> <Delay = 0.00>
ST_1 : Operation 22 [1/1] (0.79ns)   --->   "%icmp_ln58 = icmp_eq  i4 %trunc_ln53, i4 0" [fft_16_ssr1_i16_c16_t16.cpp:58->fft_16_ssr1_i16_c16_t16.cpp:178]   --->   Operation 22 'icmp' 'icmp_ln58' <Predicate = (icmp_ln53)> <Delay = 0.79> <CoreInst = "Cmp">   --->   Core 9 'Cmp' <Latency = 0> <II = 1> <Delay = 0.79> <FuncUnit> <Opcode : 'icmp'> <InPorts = 2> <OutPorts = 1>
ST_1 : Operation 23 [1/1] (0.42ns)   --->   "%store_ln53 = store i31 %add_ln53, i31 %i" [fft_16_ssr1_i16_c16_t16.cpp:53->fft_16_ssr1_i16_c16_t16.cpp:178]   --->   Operation 23 'store' 'store_ln53' <Predicate = (icmp_ln53)> <Delay = 0.42>

State 2 <SV = 1> <Delay = 2.19>
ST_2 : Operation 24 [1/1] (0.00ns)   --->   "%gmem1_addr = getelementptr i512 %gmem1, i64 %sext_ln53_cast" [fft_16_ssr1_i16_c16_t16.cpp:53->fft_16_ssr1_i16_c16_t16.cpp:178]   --->   Operation 24 'getelementptr' 'gmem1_addr' <Predicate = (icmp_ln53)> <Delay = 0.00>
ST_2 : Operation 25 [1/1] (2.19ns)   --->   "%gmem1_addr_read = read i512 @_ssdm_op_Read.m_axi.p1i512, i64 %gmem1_addr" [fft_16_ssr1_i16_c16_t16.cpp:58->fft_16_ssr1_i16_c16_t16.cpp:178]   --->   Operation 25 'read' 'gmem1_addr_read' <Predicate = (icmp_ln53 & icmp_ln58)> <Delay = 2.19> <CoreInst = "m_axi">   --->   Core 121 'm_axi' <Latency = 0> <II = 1> <Delay = 1.00> <Adapter> <Opcode : 'read' 'write' 'readreq' 'writereq' 'writeresp'>
ST_2 : Operation 39 [1/1] (0.00ns)   --->   "%ret_ln0 = ret"   --->   Operation 39 'ret' 'ret_ln0' <Predicate = (!icmp_ln53)> <Delay = 0.00>

State 3 <SV = 2> <Delay = 1.52>
ST_3 : Operation 26 [1/1] (0.00ns)   --->   "%shiftreg_i_load = load i480 %shiftreg_i" [fft_16_ssr1_i16_c16_t16.cpp:53->fft_16_ssr1_i16_c16_t16.cpp:178]   --->   Operation 26 'load' 'shiftreg_i_load' <Predicate = (icmp_ln53)> <Delay = 0.00>
ST_3 : Operation 27 [1/1] (0.00ns)   --->   "%zext_ln53_1 = zext i480 %shiftreg_i_load" [fft_16_ssr1_i16_c16_t16.cpp:53->fft_16_ssr1_i16_c16_t16.cpp:178]   --->   Operation 27 'zext' 'zext_ln53_1' <Predicate = (icmp_ln53)> <Delay = 0.00>
ST_3 : Operation 28 [1/1] (0.00ns)   --->   "%specpipeline_ln53 = specpipeline void @_ssdm_op_SpecPipeline, i32 4294967295, i32 0, i32 0, i32 0, void @empty_4" [fft_16_ssr1_i16_c16_t16.cpp:53->fft_16_ssr1_i16_c16_t16.cpp:178]   --->   Operation 28 'specpipeline' 'specpipeline_ln53' <Predicate = (icmp_ln53)> <Delay = 0.00>
ST_3 : Operation 29 [1/1] (0.00ns)   --->   "%speclooptripcount_ln55 = speclooptripcount void @_ssdm_op_SpecLoopTripCount, i64 0, i64 512, i64 256" [fft_16_ssr1_i16_c16_t16.cpp:55->fft_16_ssr1_i16_c16_t16.cpp:178]   --->   Operation 29 'speclooptripcount' 'speclooptripcount_ln55' <Predicate = (icmp_ln53)> <Delay = 0.00>
ST_3 : Operation 30 [1/1] (0.00ns)   --->   "%specloopname_ln53 = specloopname void @_ssdm_op_SpecLoopName, void @empty_11" [fft_16_ssr1_i16_c16_t16.cpp:53->fft_16_ssr1_i16_c16_t16.cpp:178]   --->   Operation 30 'specloopname' 'specloopname_ln53' <Predicate = (icmp_ln53)> <Delay = 0.00>
ST_3 : Operation 31 [1/1] (0.42ns)   --->   "%br_ln58 = br i1 %icmp_ln58, void %for.inc.split._crit_edge.i, void" [fft_16_ssr1_i16_c16_t16.cpp:58->fft_16_ssr1_i16_c16_t16.cpp:178]   --->   Operation 31 'br' 'br_ln58' <Predicate = (icmp_ln53)> <Delay = 0.42>
ST_3 : Operation 32 [1/1] (0.42ns)   --->   "%br_ln58 = br void %for.inc.split._crit_edge.i" [fft_16_ssr1_i16_c16_t16.cpp:58->fft_16_ssr1_i16_c16_t16.cpp:178]   --->   Operation 32 'br' 'br_ln58' <Predicate = (icmp_ln53 & icmp_ln58)> <Delay = 0.42>
ST_3 : Operation 33 [1/1] (0.00ns)   --->   "%empty_41 = phi i512 %gmem1_addr_read, void, i512 %zext_ln53_1, void %for.inc.split.i" [fft_16_ssr1_i16_c16_t16.cpp:58->fft_16_ssr1_i16_c16_t16.cpp:178]   --->   Operation 33 'phi' 'empty_41' <Predicate = true> <Delay = 0.00>
ST_3 : Operation 34 [1/1] (0.00ns)   --->   "%trunc_ln1 = partselect i480 @_ssdm_op_PartSelect.i480.i512.i32.i32, i512 %empty_41, i32 32, i32 511" [fft_16_ssr1_i16_c16_t16.cpp:68->fft_16_ssr1_i16_c16_t16.cpp:178]   --->   Operation 34 'partselect' 'trunc_ln1' <Predicate = true> <Delay = 0.00>
ST_3 : Operation 35 [1/1] (0.00ns)   --->   "%trunc_ln68 = trunc i512 %empty_41" [fft_16_ssr1_i16_c16_t16.cpp:68->fft_16_ssr1_i16_c16_t16.cpp:178]   --->   Operation 35 'trunc' 'trunc_ln68' <Predicate = true> <Delay = 0.00>
ST_3 : Operation 36 [1/1] (1.09ns)   --->   "%write_ln68 = write void @_ssdm_op_Write.ap_fifo.volatile.i32P0A, i32 %input_stream, i32 %trunc_ln68" [fft_16_ssr1_i16_c16_t16.cpp:68->fft_16_ssr1_i16_c16_t16.cpp:178]   --->   Operation 36 'write' 'write_ln68' <Predicate = true> <Delay = 1.09> <CoreInst = "FIFO_SRL">   --->   Core 81 'FIFO_SRL' <Latency = 0> <II = 1> <Delay = 1.83> <Storage> <Opcode : 'read' 'write' 'nbread' 'nbwrite'> <Ports = 0> <Width = 32> <Depth = 2> <FIFO>
ST_3 : Operation 37 [1/1] (0.42ns)   --->   "%store_ln68 = store i480 %trunc_ln1, i480 %shiftreg_i" [fft_16_ssr1_i16_c16_t16.cpp:68->fft_16_ssr1_i16_c16_t16.cpp:178]   --->   Operation 37 'store' 'store_ln68' <Predicate = true> <Delay = 0.42>
ST_3 : Operation 38 [1/1] (0.00ns)   --->   "%br_ln53 = br void %for.inc.i" [fft_16_ssr1_i16_c16_t16.cpp:53->fft_16_ssr1_i16_c16_t16.cpp:178]   --->   Operation 38 'br' 'br_ln53' <Predicate = true> <Delay = 0.00>


============================================================
+ Verbose Summary: Binding
============================================================
STG Binding: 
---------------- STG Properties BEGIN ----------------
- Is combinational: 0
- Is one-state seq: 0
- Is datapath-only: 0
- Is pipelined: 0
- Is top level: 0
Port [ Return ] is wired: 1; IO mode=ap_ctrl_hs:ce=0
Port [ empty]:  wired=1; compound=0; hidden=0; nouse=0; global=0; static=0; extern=0; dir=0; type=0; pingpong=0; private_global=0; IO mode=ap_none:ce=0
Port [ input_stream]:  wired=1; compound=1; hidden=0; nouse=0; global=0; static=0; extern=0; dir=1; type=3; pingpong=0; private_global=0; IO mode=ap_fifo:ce=0
Port [ gmem1]:  wired=1; compound=1; hidden=0; nouse=0; global=0; static=0; extern=0; dir=0; type=4; pingpong=0; private_global=0; IO mode=m_axi:ce=0
Port [ sext_ln53]:  wired=1; compound=0; hidden=0; nouse=0; global=0; static=0; extern=0; dir=0; type=0; pingpong=0; private_global=0; IO mode=ap_none:ce=0
---------------- STG Properties END ------------------

---------------- Datapath Model BEGIN ----------------

<LifeTime>
<method=bitvector/>
shiftreg_i             (alloca           ) [ 0111]
i                      (alloca           ) [ 0100]
sext_ln53_read         (read             ) [ 0000]
tmp                    (read             ) [ 0000]
sext_ln53_cast         (sext             ) [ 0110]
specinterface_ln0      (specinterface    ) [ 0000]
specinterface_ln0      (specinterface    ) [ 0000]
store_ln53             (store            ) [ 0000]
store_ln0              (store            ) [ 0000]
br_ln0                 (br               ) [ 0000]
i_4                    (load             ) [ 0000]
zext_ln53              (zext             ) [ 0000]
icmp_ln53              (icmp             ) [ 0111]
add_ln53               (add              ) [ 0000]
br_ln53                (br               ) [ 0000]
trunc_ln53             (trunc            ) [ 0000]
icmp_ln58              (icmp             ) [ 0111]
store_ln53             (store            ) [ 0000]
gmem1_addr             (getelementptr    ) [ 0000]
gmem1_addr_read        (read             ) [ 0101]
shiftreg_i_load        (load             ) [ 0000]
zext_ln53_1            (zext             ) [ 0000]
specpipeline_ln53      (specpipeline     ) [ 0000]
speclooptripcount_ln55 (speclooptripcount) [ 0000]
specloopname_ln53      (specloopname     ) [ 0000]
br_ln58                (br               ) [ 0000]
br_ln58                (br               ) [ 0000]
empty_41               (phi              ) [ 0101]
trunc_ln1              (partselect       ) [ 0000]
trunc_ln68             (trunc            ) [ 0000]
write_ln68             (write            ) [ 0000]
store_ln68             (store            ) [ 0000]
br_ln53                (br               ) [ 0000]
ret_ln0                (ret              ) [ 0000]
</LifeTime>

<model>

<comp_list>
<comp id="0" class="1000" name="empty">
<pin_list>
<pin id="1" dir="1" index="0" bw="1" slack="0"/>
</pin_list>
<bind>
<StgValue><ssdm name="empty"/></StgValue>
</bind>
</comp>

<comp id="2" class="1000" name="input_stream">
<pin_list>
<pin id="3" dir="1" index="0" bw="1" slack="0"/>
</pin_list>
<bind>
<StgValue><ssdm name="input_stream"/></StgValue>
</bind>
</comp>

<comp id="4" class="1000" name="gmem1">
<pin_list>
<pin id="5" dir="1" index="0" bw="1" slack="0"/>
</pin_list>
<bind>
<StgValue><ssdm name="gmem1"/></StgValue>
</bind>
</comp>

<comp id="6" class="1000" name="sext_ln53">
<pin_list>
<pin id="7" dir="1" index="0" bw="1" slack="0"/>
</pin_list>
<bind>
<StgValue><ssdm name="sext_ln53"/></StgValue>
</bind>
</comp>

<comp id="8" class="1001" name="const_8">
<pin_list>
<pin id="9" dir="1" index="0" bw="1" slack="0"/>
</pin_list>
<bind>
<StgValue><ssdm name=""/></StgValue>
</bind>
</comp>

<comp id="10" class="1001" name="const_10">
<pin_list>
<pin id="11" dir="1" index="0" bw="1" slack="0"/>
</pin_list>
<bind>
<StgValue><ssdm name="_ssdm_op_Read.ap_auto.i58"/></StgValue>
</bind>
</comp>

<comp id="12" class="1001" name="const_12">
<pin_list>
<pin id="13" dir="1" index="0" bw="1" slack="0"/>
</pin_list>
<bind>
<StgValue><ssdm name="_ssdm_op_Read.ap_auto.i32"/></StgValue>
</bind>
</comp>

<comp id="14" class="1001" name="const_14">
<pin_list>
<pin id="15" dir="1" index="0" bw="1" slack="2147483647"/>
</pin_list>
<bind>
<StgValue><ssdm name="_ssdm_op_SpecInterface"/></StgValue>
</bind>
</comp>

<comp id="16" class="1001" name="const_16">
<pin_list>
<pin id="17" dir="1" index="0" bw="1" slack="2147483647"/>
</pin_list>
<bind>
<StgValue><ssdm name="empty_3"/></StgValue>
</bind>
</comp>

<comp id="18" class="1001" name="const_18">
<pin_list>
<pin id="19" dir="1" index="0" bw="1" slack="2147483647"/>
</pin_list>
<bind>
<StgValue><ssdm name=""/></StgValue>
</bind>
</comp>

<comp id="20" class="1001" name="const_20">
<pin_list>
<pin id="21" dir="1" index="0" bw="1" slack="2147483647"/>
</pin_list>
<bind>
<StgValue><ssdm name="empty_4"/></StgValue>
</bind>
</comp>

<comp id="22" class="1001" name="const_22">
<pin_list>
<pin id="23" dir="1" index="0" bw="1" slack="2147483647"/>
</pin_list>
<bind>
<StgValue><ssdm name=""/></StgValue>
</bind>
</comp>

<comp id="24" class="1001" name="const_24">
<pin_list>
<pin id="25" dir="1" index="0" bw="1" slack="0"/>
</pin_list>
<bind>
<StgValue><ssdm name=""/></StgValue>
</bind>
</comp>

<comp id="26" class="1001" name="const_26">
<pin_list>
<pin id="27" dir="1" index="0" bw="1" slack="2147483647"/>
</pin_list>
<bind>
<StgValue><ssdm name="empty_5"/></StgValue>
</bind>
</comp>

<comp id="28" class="1001" name="const_28">
<pin_list>
<pin id="29" dir="1" index="0" bw="1" slack="2147483647"/>
</pin_list>
<bind>
<StgValue><ssdm name="empty_6"/></StgValue>
</bind>
</comp>

<comp id="30" class="1001" name="const_30">
<pin_list>
<pin id="31" dir="1" index="0" bw="1" slack="2147483647"/>
</pin_list>
<bind>
<StgValue><ssdm name=""/></StgValue>
</bind>
</comp>

<comp id="32" class="1001" name="const_32">
<pin_list>
<pin id="33" dir="1" index="0" bw="1" slack="2147483647"/>
</pin_list>
<bind>
<StgValue><ssdm name=""/></StgValue>
</bind>
</comp>

<comp id="34" class="1001" name="const_34">
<pin_list>
<pin id="35" dir="1" index="0" bw="1" slack="2147483647"/>
</pin_list>
<bind>
<StgValue><ssdm name="empty_16"/></StgValue>
</bind>
</comp>

<comp id="36" class="1001" name="const_36">
<pin_list>
<pin id="37" dir="1" index="0" bw="1" slack="0"/>
</pin_list>
<bind>
<StgValue><ssdm name=""/></StgValue>
</bind>
</comp>

<comp id="38" class="1001" name="const_38">
<pin_list>
<pin id="39" dir="1" index="0" bw="1" slack="0"/>
</pin_list>
<bind>
<StgValue><ssdm name=""/></StgValue>
</bind>
</comp>

<comp id="40" class="1001" name="const_40">
<pin_list>
<pin id="41" dir="1" index="0" bw="1" slack="0"/>
</pin_list>
<bind>
<StgValue><ssdm name=""/></StgValue>
</bind>
</comp>

<comp id="42" class="1001" name="const_42">
<pin_list>
<pin id="43" dir="1" index="0" bw="1" slack="0"/>
</pin_list>
<bind>
<StgValue><ssdm name=""/></StgValue>
</bind>
</comp>

<comp id="44" class="1001" name="const_44">
<pin_list>
<pin id="45" dir="1" index="0" bw="1" slack="0"/>
</pin_list>
<bind>
<StgValue><ssdm name="_ssdm_op_Read.m_axi.p1i512"/></StgValue>
</bind>
</comp>

<comp id="46" class="1001" name="const_46">
<pin_list>
<pin id="47" dir="1" index="0" bw="1" slack="2147483647"/>
</pin_list>
<bind>
<StgValue><ssdm name="_ssdm_op_SpecPipeline"/></StgValue>
</bind>
</comp>

<comp id="48" class="1001" name="const_48">
<pin_list>
<pin id="49" dir="1" index="0" bw="1" slack="2147483647"/>
</pin_list>
<bind>
<StgValue><ssdm name="_ssdm_op_SpecLoopTripCount"/></StgValue>
</bind>
</comp>

<comp id="50" class="1001" name="const_50">
<pin_list>
<pin id="51" dir="1" index="0" bw="1" slack="2147483647"/>
</pin_list>
<bind>
<StgValue><ssdm name=""/></StgValue>
</bind>
</comp>

<comp id="52" class="1001" name="const_52">
<pin_list>
<pin id="53" dir="1" index="0" bw="1" slack="2147483647"/>
</pin_list>
<bind>
<StgValue><ssdm name=""/></StgValue>
</bind>
</comp>

<comp id="54" class="1001" name="const_54">
<pin_list>
<pin id="55" dir="1" index="0" bw="1" slack="2147483647"/>
</pin_list>
<bind>
<StgValue><ssdm name=""/></StgValue>
</bind>
</comp>

<comp id="56" class="1001" name="const_56">
<pin_list>
<pin id="57" dir="1" index="0" bw="1" slack="2147483647"/>
</pin_list>
<bind>
<StgValue><ssdm name="_ssdm_op_SpecLoopName"/></StgValue>
</bind>
</comp>

<comp id="58" class="1001" name="const_58">
<pin_list>
<pin id="59" dir="1" index="0" bw="1" slack="2147483647"/>
</pin_list>
<bind>
<StgValue><ssdm name="empty_11"/></StgValue>
</bind>
</comp>

<comp id="60" class="1001" name="const_60">
<pin_list>
<pin id="61" dir="1" index="0" bw="1" slack="0"/>
</pin_list>
<bind>
<StgValue><ssdm name="_ssdm_op_PartSelect.i480.i512.i32.i32"/></StgValue>
</bind>
</comp>

<comp id="62" class="1001" name="const_62">
<pin_list>
<pin id="63" dir="1" index="0" bw="1" slack="0"/>
</pin_list>
<bind>
<StgValue><ssdm name=""/></StgValue>
</bind>
</comp>

<comp id="64" class="1001" name="const_64">
<pin_list>
<pin id="65" dir="1" index="0" bw="1" slack="0"/>
</pin_list>
<bind>
<StgValue><ssdm name="_ssdm_op_Write.ap_fifo.volatile.i32P0A"/></StgValue>
</bind>
</comp>

<comp id="66" class="1004" name="shiftreg_i_fu_66">
<pin_list>
<pin id="67" dir="0" index="0" bw="1" slack="0"/>
<pin id="68" dir="1" index="1" bw="480" slack="0"/>
</pin_list>
<bind>
<opcode="alloca(26) " fcode="alloca"/>
<opset="shiftreg_i/1 "/>
</bind>
</comp>

<comp id="70" class="1004" name="i_fu_70">
<pin_list>
<pin id="71" dir="0" index="0" bw="1" slack="0"/>
<pin id="72" dir="1" index="1" bw="31" slack="0"/>
</pin_list>
<bind>
<opcode="alloca(26) " fcode="alloca"/>
<opset="i/1 "/>
</bind>
</comp>

<comp id="74" class="1004" name="sext_ln53_read_read_fu_74">
<pin_list>
<pin id="75" dir="0" index="0" bw="58" slack="0"/>
<pin id="76" dir="0" index="1" bw="58" slack="0"/>
<pin id="77" dir="1" index="2" bw="58" slack="0"/>
</pin_list>
<bind>
<opcode="read(1150) " fcode="read"/>
<opset="sext_ln53_read/1 "/>
</bind>
</comp>

<comp id="80" class="1004" name="tmp_read_fu_80">
<pin_list>
<pin id="81" dir="0" index="0" bw="32" slack="0"/>
<pin id="82" dir="0" index="1" bw="32" slack="0"/>
<pin id="83" dir="1" index="2" bw="32" slack="0"/>
</pin_list>
<bind>
<opcode="read(1150) " fcode="read"/>
<opset="tmp/1 "/>
</bind>
</comp>

<comp id="86" class="1004" name="gmem1_addr_read_read_fu_86">
<pin_list>
<pin id="87" dir="0" index="0" bw="512" slack="0"/>
<pin id="88" dir="0" index="1" bw="512" slack="0"/>
<pin id="89" dir="1" index="2" bw="512" slack="1"/>
</pin_list>
<bind>
<opcode="read(1150) " fcode="read"/>
<opset="gmem1_addr_read/2 "/>
</bind>
</comp>

<comp id="91" class="1004" name="write_ln68_write_fu_91">
<pin_list>
<pin id="92" dir="0" index="0" bw="0" slack="0"/>
<pin id="93" dir="0" index="1" bw="32" slack="0"/>
<pin id="94" dir="0" index="2" bw="32" slack="0"/>
<pin id="95" dir="1" index="3" bw="0" slack="2147483647"/>
</pin_list>
<bind>
<opcode="write(1151) " fcode="write"/>
<opset="write_ln68/3 "/>
</bind>
</comp>

<comp id="98" class="1005" name="empty_41_reg_98">
<pin_list>
<pin id="99" dir="0" index="0" bw="512" slack="2147483647"/>
<pin id="100" dir="1" index="1" bw="512" slack="2147483647"/>
</pin_list>
<bind>
<opset="empty_41 (phireg) "/>
</bind>
</comp>

<comp id="101" class="1004" name="empty_41_phi_fu_101">
<pin_list>
<pin id="102" dir="0" index="0" bw="512" slack="1"/>
<pin id="103" dir="0" index="1" bw="0" slack="2147483647"/>
<pin id="104" dir="0" index="2" bw="480" slack="0"/>
<pin id="105" dir="0" index="3" bw="0" slack="2147483647"/>
<pin id="106" dir="1" index="4" bw="512" slack="0"/>
</pin_list>
<bind>
<opcode="phi(47) " fcode="phi"/>
<opset="empty_41/3 "/>
</bind>
</comp>

<comp id="107" class="1004" name="sext_ln53_cast_fu_107">
<pin_list>
<pin id="108" dir="0" index="0" bw="58" slack="0"/>
<pin id="109" dir="1" index="1" bw="64" slack="1"/>
</pin_list>
<bind>
<opcode="sext(35) " fcode="sext"/>
<opset="sext_ln53_cast/1 "/>
</bind>
</comp>

<comp id="111" class="1004" name="store_ln53_store_fu_111">
<pin_list>
<pin id="112" dir="0" index="0" bw="1" slack="0"/>
<pin id="113" dir="0" index="1" bw="31" slack="0"/>
<pin id="114" dir="1" index="2" bw="0" slack="2147483647"/>
</pin_list>
<bind>
<opcode="store(28) " fcode="store"/>
<opset="store_ln53/1 "/>
</bind>
</comp>

<comp id="116" class="1004" name="store_ln0_store_fu_116">
<pin_list>
<pin id="117" dir="0" index="0" bw="1" slack="0"/>
<pin id="118" dir="0" index="1" bw="480" slack="0"/>
<pin id="119" dir="1" index="2" bw="0" slack="2147483647"/>
</pin_list>
<bind>
<opcode="store(28) " fcode="store"/>
<opset="store_ln0/1 "/>
</bind>
</comp>

<comp id="121" class="1004" name="i_4_load_fu_121">
<pin_list>
<pin id="122" dir="0" index="0" bw="31" slack="0"/>
<pin id="123" dir="1" index="1" bw="31" slack="0"/>
</pin_list>
<bind>
<opcode="load(27) " fcode="load"/>
<opset="i_4/1 "/>
</bind>
</comp>

<comp id="124" class="1004" name="zext_ln53_fu_124">
<pin_list>
<pin id="125" dir="0" index="0" bw="31" slack="0"/>
<pin id="126" dir="1" index="1" bw="32" slack="0"/>
</pin_list>
<bind>
<opcode="zext(34) " fcode="zext"/>
<opset="zext_ln53/1 "/>
</bind>
</comp>

<comp id="128" class="1004" name="icmp_ln53_fu_128">
<pin_list>
<pin id="129" dir="0" index="0" bw="32" slack="0"/>
<pin id="130" dir="0" index="1" bw="32" slack="0"/>
<pin id="131" dir="1" index="2" bw="1" slack="1"/>
</pin_list>
<bind>
<opcode="icmp(45) " fcode="icmp"/>
<opset="icmp_ln53/1 "/>
</bind>
</comp>

<comp id="134" class="1004" name="add_ln53_fu_134">
<pin_list>
<pin id="135" dir="0" index="0" bw="31" slack="0"/>
<pin id="136" dir="0" index="1" bw="1" slack="0"/>
<pin id="137" dir="1" index="2" bw="31" slack="0"/>
</pin_list>
<bind>
<opcode="add(8) " fcode="add"/>
<opset="add_ln53/1 "/>
</bind>
</comp>

<comp id="140" class="1004" name="trunc_ln53_fu_140">
<pin_list>
<pin id="141" dir="0" index="0" bw="31" slack="0"/>
<pin id="142" dir="1" index="1" bw="4" slack="0"/>
</pin_list>
<bind>
<opcode="trunc(33) " fcode="trunc"/>
<opset="trunc_ln53/1 "/>
</bind>
</comp>

<comp id="144" class="1004" name="icmp_ln58_fu_144">
<pin_list>
<pin id="145" dir="0" index="0" bw="4" slack="0"/>
<pin id="146" dir="0" index="1" bw="4" slack="0"/>
<pin id="147" dir="1" index="2" bw="1" slack="1"/>
</pin_list>
<bind>
<opcode="icmp(45) " fcode="icmp"/>
<opset="icmp_ln58/1 "/>
</bind>
</comp>

<comp id="150" class="1004" name="store_ln53_store_fu_150">
<pin_list>
<pin id="151" dir="0" index="0" bw="31" slack="0"/>
<pin id="152" dir="0" index="1" bw="31" slack="0"/>
<pin id="153" dir="1" index="2" bw="0" slack="2147483647"/>
</pin_list>
<bind>
<opcode="store(28) " fcode="store"/>
<opset="store_ln53/1 "/>
</bind>
</comp>

<comp id="155" class="1004" name="gmem1_addr_fu_155">
<pin_list>
<pin id="156" dir="0" index="0" bw="64" slack="0"/>
<pin id="157" dir="0" index="1" bw="64" slack="1"/>
<pin id="158" dir="1" index="2" bw="64" slack="0"/>
</pin_list>
<bind>
<opcode="getelementptr(29) " fcode="getelementptr"/>
<opset="gmem1_addr/2 "/>
</bind>
</comp>

<comp id="161" class="1004" name="shiftreg_i_load_load_fu_161">
<pin_list>
<pin id="162" dir="0" index="0" bw="480" slack="2"/>
<pin id="163" dir="1" index="1" bw="480" slack="0"/>
</pin_list>
<bind>
<opcode="load(27) " fcode="load"/>
<opset="shiftreg_i_load/3 "/>
</bind>
</comp>

<comp id="164" class="1004" name="zext_ln53_1_fu_164">
<pin_list>
<pin id="165" dir="0" index="0" bw="480" slack="0"/>
<pin id="166" dir="1" index="1" bw="512" slack="0"/>
</pin_list>
<bind>
<opcode="zext(34) " fcode="zext"/>
<opset="zext_ln53_1/3 "/>
</bind>
</comp>

<comp id="169" class="1004" name="trunc_ln1_fu_169">
<pin_list>
<pin id="170" dir="0" index="0" bw="480" slack="0"/>
<pin id="171" dir="0" index="1" bw="512" slack="0"/>
<pin id="172" dir="0" index="2" bw="7" slack="0"/>
<pin id="173" dir="0" index="3" bw="10" slack="0"/>
<pin id="174" dir="1" index="4" bw="480" slack="0"/>
</pin_list>
<bind>
<opcode="partselect(1002) " fcode="partselect"/>
<opset="trunc_ln1/3 "/>
</bind>
</comp>

<comp id="179" class="1004" name="trunc_ln68_fu_179">
<pin_list>
<pin id="180" dir="0" index="0" bw="512" slack="0"/>
<pin id="181" dir="1" index="1" bw="32" slack="0"/>
</pin_list>
<bind>
<opcode="trunc(33) " fcode="trunc"/>
<opset="trunc_ln68/3 "/>
</bind>
</comp>

<comp id="184" class="1004" name="store_ln68_store_fu_184">
<pin_list>
<pin id="185" dir="0" index="0" bw="480" slack="0"/>
<pin id="186" dir="0" index="1" bw="480" slack="2"/>
<pin id="187" dir="1" index="2" bw="0" slack="2147483647"/>
</pin_list>
<bind>
<opcode="store(28) " fcode="store"/>
<opset="store_ln68/3 "/>
</bind>
</comp>

<comp id="189" class="1005" name="shiftreg_i_reg_189">
<pin_list>
<pin id="190" dir="0" index="0" bw="480" slack="0"/>
<pin id="191" dir="1" index="1" bw="480" slack="0"/>
</pin_list>
<bind>
<opset="shiftreg_i "/>
</bind>
</comp>

<comp id="196" class="1005" name="i_reg_196">
<pin_list>
<pin id="197" dir="0" index="0" bw="31" slack="0"/>
<pin id="198" dir="1" index="1" bw="31" slack="0"/>
</pin_list>
<bind>
<opset="i "/>
</bind>
</comp>

<comp id="203" class="1005" name="sext_ln53_cast_reg_203">
<pin_list>
<pin id="204" dir="0" index="0" bw="64" slack="1"/>
<pin id="205" dir="1" index="1" bw="64" slack="1"/>
</pin_list>
<bind>
<opset="sext_ln53_cast "/>
</bind>
</comp>

<comp id="208" class="1005" name="icmp_ln53_reg_208">
<pin_list>
<pin id="209" dir="0" index="0" bw="1" slack="1"/>
<pin id="210" dir="1" index="1" bw="1" slack="2147483647"/>
</pin_list>
<bind>
<opset="icmp_ln53 "/>
</bind>
</comp>

<comp id="212" class="1005" name="icmp_ln58_reg_212">
<pin_list>
<pin id="213" dir="0" index="0" bw="1" slack="1"/>
<pin id="214" dir="1" index="1" bw="1" slack="2147483647"/>
</pin_list>
<bind>
<opset="icmp_ln58 "/>
</bind>
</comp>

<comp id="216" class="1005" name="gmem1_addr_read_reg_216">
<pin_list>
<pin id="217" dir="0" index="0" bw="512" slack="1"/>
<pin id="218" dir="1" index="1" bw="512" slack="1"/>
</pin_list>
<bind>
<opset="gmem1_addr_read "/>
</bind>
</comp>

</comp_list>

<net_list>
<net id="69"><net_src comp="8" pin="0"/><net_sink comp="66" pin=0"/></net>

<net id="73"><net_src comp="8" pin="0"/><net_sink comp="70" pin=0"/></net>

<net id="78"><net_src comp="10" pin="0"/><net_sink comp="74" pin=0"/></net>

<net id="79"><net_src comp="6" pin="0"/><net_sink comp="74" pin=1"/></net>

<net id="84"><net_src comp="12" pin="0"/><net_sink comp="80" pin=0"/></net>

<net id="85"><net_src comp="0" pin="0"/><net_sink comp="80" pin=1"/></net>

<net id="90"><net_src comp="44" pin="0"/><net_sink comp="86" pin=0"/></net>

<net id="96"><net_src comp="64" pin="0"/><net_sink comp="91" pin=0"/></net>

<net id="97"><net_src comp="2" pin="0"/><net_sink comp="91" pin=1"/></net>

<net id="110"><net_src comp="74" pin="2"/><net_sink comp="107" pin=0"/></net>

<net id="115"><net_src comp="36" pin="0"/><net_sink comp="111" pin=0"/></net>

<net id="120"><net_src comp="38" pin="0"/><net_sink comp="116" pin=0"/></net>

<net id="127"><net_src comp="121" pin="1"/><net_sink comp="124" pin=0"/></net>

<net id="132"><net_src comp="124" pin="1"/><net_sink comp="128" pin=0"/></net>

<net id="133"><net_src comp="80" pin="2"/><net_sink comp="128" pin=1"/></net>

<net id="138"><net_src comp="121" pin="1"/><net_sink comp="134" pin=0"/></net>

<net id="139"><net_src comp="40" pin="0"/><net_sink comp="134" pin=1"/></net>

<net id="143"><net_src comp="121" pin="1"/><net_sink comp="140" pin=0"/></net>

<net id="148"><net_src comp="140" pin="1"/><net_sink comp="144" pin=0"/></net>

<net id="149"><net_src comp="42" pin="0"/><net_sink comp="144" pin=1"/></net>

<net id="154"><net_src comp="134" pin="2"/><net_sink comp="150" pin=0"/></net>

<net id="159"><net_src comp="4" pin="0"/><net_sink comp="155" pin=0"/></net>

<net id="160"><net_src comp="155" pin="2"/><net_sink comp="86" pin=1"/></net>

<net id="167"><net_src comp="161" pin="1"/><net_sink comp="164" pin=0"/></net>

<net id="168"><net_src comp="164" pin="1"/><net_sink comp="101" pin=2"/></net>

<net id="175"><net_src comp="60" pin="0"/><net_sink comp="169" pin=0"/></net>

<net id="176"><net_src comp="101" pin="4"/><net_sink comp="169" pin=1"/></net>

<net id="177"><net_src comp="24" pin="0"/><net_sink comp="169" pin=2"/></net>

<net id="178"><net_src comp="62" pin="0"/><net_sink comp="169" pin=3"/></net>

<net id="182"><net_src comp="101" pin="4"/><net_sink comp="179" pin=0"/></net>

<net id="183"><net_src comp="179" pin="1"/><net_sink comp="91" pin=2"/></net>

<net id="188"><net_src comp="169" pin="4"/><net_sink comp="184" pin=0"/></net>

<net id="192"><net_src comp="66" pin="1"/><net_sink comp="189" pin=0"/></net>

<net id="193"><net_src comp="189" pin="1"/><net_sink comp="116" pin=1"/></net>

<net id="194"><net_src comp="189" pin="1"/><net_sink comp="161" pin=0"/></net>

<net id="195"><net_src comp="189" pin="1"/><net_sink comp="184" pin=1"/></net>

<net id="199"><net_src comp="70" pin="1"/><net_sink comp="196" pin=0"/></net>

<net id="200"><net_src comp="196" pin="1"/><net_sink comp="111" pin=1"/></net>

<net id="201"><net_src comp="196" pin="1"/><net_sink comp="121" pin=0"/></net>

<net id="202"><net_src comp="196" pin="1"/><net_sink comp="150" pin=1"/></net>

<net id="206"><net_src comp="107" pin="1"/><net_sink comp="203" pin=0"/></net>

<net id="207"><net_src comp="203" pin="1"/><net_sink comp="155" pin=1"/></net>

<net id="211"><net_src comp="128" pin="2"/><net_sink comp="208" pin=0"/></net>

<net id="215"><net_src comp="144" pin="2"/><net_sink comp="212" pin=0"/></net>

<net id="219"><net_src comp="86" pin="2"/><net_sink comp="216" pin=0"/></net>

<net id="220"><net_src comp="216" pin="1"/><net_sink comp="101" pin=0"/></net>

</net_list>

</model> 
---------------- Datapath Model END ------------------

* FSMD analyzer results:
  - Output states:
	Port: input_stream | {3 }
	Port: gmem1 | {}
 - Input state : 
	Port: dma_in_Pipeline_VITIS_LOOP_53_1 : empty | {1 }
	Port: dma_in_Pipeline_VITIS_LOOP_53_1 : input_stream | {}
	Port: dma_in_Pipeline_VITIS_LOOP_53_1 : gmem1 | {2 }
	Port: dma_in_Pipeline_VITIS_LOOP_53_1 : sext_ln53 | {1 }
  - Chain level:
	State 1
		store_ln53 : 1
		store_ln0 : 1
		i_4 : 1
		zext_ln53 : 2
		icmp_ln53 : 3
		add_ln53 : 2
		br_ln53 : 4
		trunc_ln53 : 2
		icmp_ln58 : 3
		store_ln53 : 3
	State 2
		gmem1_addr_read : 1
	State 3
		zext_ln53_1 : 1
		empty_41 : 2
		trunc_ln1 : 3
		trunc_ln68 : 3
		write_ln68 : 4
		store_ln68 : 4


============================================================
+ Verbose Summary: Datapath Resource usage 
============================================================

* Functional unit list:
|----------|----------------------------|---------|---------|
| Operation|       Functional Unit      |    FF   |   LUT   |
|----------|----------------------------|---------|---------|
|   icmp   |      icmp_ln53_fu_128      |    0    |    39   |
|          |      icmp_ln58_fu_144      |    0    |    12   |
|----------|----------------------------|---------|---------|
|    add   |       add_ln53_fu_134      |    0    |    38   |
|----------|----------------------------|---------|---------|
|          |  sext_ln53_read_read_fu_74 |    0    |    0    |
|   read   |       tmp_read_fu_80       |    0    |    0    |
|          | gmem1_addr_read_read_fu_86 |    0    |    0    |
|----------|----------------------------|---------|---------|
|   write  |   write_ln68_write_fu_91   |    0    |    0    |
|----------|----------------------------|---------|---------|
|   sext   |    sext_ln53_cast_fu_107   |    0    |    0    |
|----------|----------------------------|---------|---------|
|   zext   |      zext_ln53_fu_124      |    0    |    0    |
|          |     zext_ln53_1_fu_164     |    0    |    0    |
|----------|----------------------------|---------|---------|
|   trunc  |      trunc_ln53_fu_140     |    0    |    0    |
|          |      trunc_ln68_fu_179     |    0    |    0    |
|----------|----------------------------|---------|---------|
|partselect|      trunc_ln1_fu_169      |    0    |    0    |
|----------|----------------------------|---------|---------|
|   Total  |                            |    0    |    89   |
|----------|----------------------------|---------|---------|

Memories:
N/A

* Register list:
+-----------------------+--------+
|                       |   FF   |
+-----------------------+--------+
|    empty_41_reg_98    |   512  |
|gmem1_addr_read_reg_216|   512  |
|       i_reg_196       |   31   |
|   icmp_ln53_reg_208   |    1   |
|   icmp_ln58_reg_212   |    1   |
| sext_ln53_cast_reg_203|   64   |
|   shiftreg_i_reg_189  |   480  |
+-----------------------+--------+
|         Total         |  1601  |
+-----------------------+--------+

* Multiplexer (MUX) list: 
|--------|------|------|------|--------|
|  Comp  |  Pin | Size |  BW  | S x BW |
|--------|------|------|------|--------|
|  Total |      |      |      |    0   |
|--------|------|------|------|--------|



* Summary:
+-----------+--------+--------+
|           |   FF   |   LUT  |
+-----------+--------+--------+
|  Function |    0   |   89   |
|   Memory  |    -   |    -   |
|Multiplexer|    -   |    -   |
|  Register |  1601  |    -   |
+-----------+--------+--------+
|   Total   |  1601  |   89   |
+-----------+--------+--------+
