

================================================================
== Vitis HLS Report for 'fft_16_ssr1_i16_c16_t16_top'
================================================================
* Date:           Tue Mar  3 20:53:53 2026

* Version:        2023.2 (Build 4023990 on Oct 11 2023)
* Project:        hls_project
* Solution:       solution1 (Vivado IP Flow Target)
* Product family: zynquplus
* Target device:  xck26-sfvc784-2LV-c


================================================================
== Performance Estimates
================================================================
+ Timing: 
    * Summary: 
    +--------+---------+----------+------------+
    |  Clock |  Target | Estimated| Uncertainty|
    +--------+---------+----------+------------+
    |ap_clk  |  3.00 ns|  2.190 ns|     0.81 ns|
    +--------+---------+----------+------------+

+ Latency: 
    * Summary: 
    +---------+---------+----------+-----------+-----+------+---------+
    |  Latency (cycles) |  Latency (absolute)  |  Interval  | Pipeline|
    |   min   |   max   |    min   |    max    | min |  max |   Type  |
    +---------+---------+----------+-----------+-----+------+---------+
    |      148|     3406|  0.444 us|  10.218 us|  149|  3407|       no|
    +---------+---------+----------+-----------+-----+------+---------+

    + Detail: 
        * Instance: 
        +--------------------+----------+---------+---------+----------+-----------+-----+------+----------+
        |                    |          |  Latency (cycles) |  Latency (absolute)  |  Interval  | Pipeline |
        |      Instance      |  Module  |   min   |   max   |    min   |    max    | min |  max |   Type   |
        +--------------------+----------+---------+---------+----------+-----------+-----+------+----------+
        |grp_fft_core_fu_76  |fft_core  |      146|     3404|  0.438 us|  10.212 us|   76|  3332|  dataflow|
        +--------------------+----------+---------+---------+----------+-----------+-----+------+----------+

        * Loop: 
        N/A

============================================================
+ Verbose Summary: Synthesis Manager
============================================================
InlineROM: 1
ExposeGlobal: 0
============================================================
+ Verbose Summary: CDFG Model
============================================================
IsTopModel: 1
ResetActiveHigh: 1
IsCombinational: 0
IsDatapathOnly: 0
HasWiredReturn: 1
HasMFsm: 0
HasVarLatency: 1
IsPipeline: 0
IsRtlPipelined: 0
IsInstanceOverlapped: 0
IsDontTouch: 0
HasImplIP: 0
IsGatedGlobalClock: 0


============================================================
+ Verbose Summary: Schedule
============================================================
* Number of FSM states : 3
* Pipeline : 0
* Dataflow Pipeline: 0

* FSM state transitions: 
1 --> 2 
2 --> 3 
3 --> 

* FSM state operations: 

State 1 <SV = 0> <Delay = 1.00>
ST_1 : Operation 4 [1/1] (1.00ns)   --->   "%iter_read = read i32 @_ssdm_op_Read.s_axilite.i32, i32 %iter" [fft_16_ssr1_i16_c16_t16.cpp:195]   --->   Operation 4 'read' 'iter_read' <Predicate = true> <Delay = 1.00> <CoreInst = "s_axilite">   --->   Core 122 's_axilite' <Latency = 0> <II = 1> <Delay = 1.00> <Adapter> <Opcode : 'read' 'write'>
ST_1 : Operation 5 [1/1] (1.00ns)   --->   "%dout_read = read i64 @_ssdm_op_Read.s_axilite.i64, i64 %dout" [fft_16_ssr1_i16_c16_t16.cpp:195]   --->   Operation 5 'read' 'dout_read' <Predicate = true> <Delay = 1.00> <CoreInst = "s_axilite">   --->   Core 122 's_axilite' <Latency = 0> <II = 1> <Delay = 1.00> <Adapter> <Opcode : 'read' 'write'>
ST_1 : Operation 6 [1/1] (1.00ns)   --->   "%din_read = read i64 @_ssdm_op_Read.s_axilite.i64, i64 %din" [fft_16_ssr1_i16_c16_t16.cpp:195]   --->   Operation 6 'read' 'din_read' <Predicate = true> <Delay = 1.00> <CoreInst = "s_axilite">   --->   Core 122 's_axilite' <Latency = 0> <II = 1> <Delay = 1.00> <Adapter> <Opcode : 'read' 'write'>

State 2 <SV = 1> <Delay = 2.19>
ST_2 : Operation 7 [2/2] (2.19ns)   --->   "%call_ln205 = call void @fft_core, i512 %gmem1, i64 %din_read, i512 %gmem2, i64 %dout_read, i32 %iter_read" [fft_16_ssr1_i16_c16_t16.cpp:205]   --->   Operation 7 'call' 'call_ln205' <Predicate = true> <Delay = 2.19> <CoreType = "Generic">   --->   Core 0 '' <Latency = 0> <II = 1> <Delay = 1.00> <Generic> <Opcode : >

State 3 <SV = 2> <Delay = 0.00>
ST_3 : Operation 8 [1/1] (0.00ns)   --->   "%spectopmodule_ln195 = spectopmodule void @_ssdm_op_SpecTopModule, void @empty_10" [fft_16_ssr1_i16_c16_t16.cpp:195]   --->   Operation 8 'spectopmodule' 'spectopmodule_ln195' <Predicate = true> <Delay = 0.00>
ST_3 : Operation 9 [1/1] (0.00ns)   --->   "%specinterface_ln0 = specinterface void @_ssdm_op_SpecInterface, i512 %gmem1, void @empty_3, i32 0, i32 0, void @empty_4, i32 64, i32 32, void @empty_5, void @empty_6, void @empty_4, i32 16, i32 16, i32 16, i32 16, void @empty_4, void @empty_4, i32 4294967295, i32 0"   --->   Operation 9 'specinterface' 'specinterface_ln0' <Predicate = true> <Delay = 0.00>
ST_3 : Operation 10 [1/1] (0.00ns)   --->   "%specbitsmap_ln0 = specbitsmap void @_ssdm_op_SpecBitsMap, i512 %gmem1"   --->   Operation 10 'specbitsmap' 'specbitsmap_ln0' <Predicate = true> <Delay = 0.00>
ST_3 : Operation 11 [1/1] (0.00ns)   --->   "%specinterface_ln0 = specinterface void @_ssdm_op_SpecInterface, i512 %gmem2, void @empty_3, i32 0, i32 0, void @empty_4, i32 64, i32 32, void @empty_7, void @empty_6, void @empty_4, i32 16, i32 16, i32 16, i32 16, void @empty_4, void @empty_4, i32 4294967295, i32 0"   --->   Operation 11 'specinterface' 'specinterface_ln0' <Predicate = true> <Delay = 0.00>
ST_3 : Operation 12 [1/1] (0.00ns)   --->   "%specbitsmap_ln0 = specbitsmap void @_ssdm_op_SpecBitsMap, i512 %gmem2"   --->   Operation 12 'specbitsmap' 'specbitsmap_ln0' <Predicate = true> <Delay = 0.00>
ST_3 : Operation 13 [1/1] (0.00ns)   --->   "%specinterface_ln0 = specinterface void @_ssdm_op_SpecInterface, i64 %din, void @empty, i32 0, i32 0, void @empty_4, i32 0, i32 0, void @empty_0, void @empty_1, void @empty_4, i32 0, i32 0, i32 0, i32 0, void @empty_4, void @empty_2, i32 4294967295, i32 0"   --->   Operation 13 'specinterface' 'specinterface_ln0' <Predicate = true> <Delay = 0.00>
ST_3 : Operation 14 [1/1] (0.00ns)   --->   "%specinterface_ln0 = specinterface void @_ssdm_op_SpecInterface, i64 %din, void @empty_17, i32 0, i32 0, void @empty_4, i32 0, i32 0, void @empty_4, void @empty_4, void @empty_4, i32 0, i32 0, i32 0, i32 0, void @empty_4, void @empty_2, i32 4294967295, i32 0"   --->   Operation 14 'specinterface' 'specinterface_ln0' <Predicate = true> <Delay = 0.00>
ST_3 : Operation 15 [1/1] (0.00ns)   --->   "%specinterface_ln0 = specinterface void @_ssdm_op_SpecInterface, i64 %dout, void @empty, i32 0, i32 0, void @empty_4, i32 0, i32 0, void @empty_0, void @empty_14, void @empty_4, i32 0, i32 0, i32 0, i32 0, void @empty_4, void @empty_2, i32 4294967295, i32 0"   --->   Operation 15 'specinterface' 'specinterface_ln0' <Predicate = true> <Delay = 0.00>
ST_3 : Operation 16 [1/1] (0.00ns)   --->   "%specinterface_ln0 = specinterface void @_ssdm_op_SpecInterface, i64 %dout, void @empty_17, i32 0, i32 0, void @empty_4, i32 0, i32 0, void @empty_4, void @empty_4, void @empty_4, i32 0, i32 0, i32 0, i32 0, void @empty_4, void @empty_2, i32 4294967295, i32 0"   --->   Operation 16 'specinterface' 'specinterface_ln0' <Predicate = true> <Delay = 0.00>
ST_3 : Operation 17 [1/1] (0.00ns)   --->   "%specbitsmap_ln0 = specbitsmap void @_ssdm_op_SpecBitsMap, i32 %iter"   --->   Operation 17 'specbitsmap' 'specbitsmap_ln0' <Predicate = true> <Delay = 0.00>
ST_3 : Operation 18 [1/1] (0.00ns)   --->   "%specinterface_ln0 = specinterface void @_ssdm_op_SpecInterface, i32 %iter, void @empty, i32 0, i32 0, void @empty_4, i32 0, i32 0, void @empty_0, void @empty_15, void @empty_4, i32 0, i32 0, i32 0, i32 0, void @empty_4, void @empty_4, i32 4294967295, i32 0"   --->   Operation 18 'specinterface' 'specinterface_ln0' <Predicate = true> <Delay = 0.00>
ST_3 : Operation 19 [1/1] (0.00ns)   --->   "%specinterface_ln0 = specinterface void @_ssdm_op_SpecInterface, i32 %iter, void @empty_17, i32 0, i32 0, void @empty_4, i32 0, i32 0, void @empty_4, void @empty_4, void @empty_4, i32 0, i32 0, i32 0, i32 0, void @empty_4, void @empty_4, i32 4294967295, i32 0"   --->   Operation 19 'specinterface' 'specinterface_ln0' <Predicate = true> <Delay = 0.00>
ST_3 : Operation 20 [1/1] (0.00ns)   --->   "%specinterface_ln0 = specinterface void @_ssdm_op_SpecInterface, i32 0, void @empty, i32 0, i32 0, void @empty_4, i32 0, i32 0, void @empty_0, void @empty_4, void @empty_4, i32 0, i32 0, i32 0, i32 0, void @empty_4, void @empty_4, i32 4294967295, i32 0"   --->   Operation 20 'specinterface' 'specinterface_ln0' <Predicate = true> <Delay = 0.00>
ST_3 : Operation 21 [1/2] (0.00ns)   --->   "%call_ln205 = call void @fft_core, i512 %gmem1, i64 %din_read, i512 %gmem2, i64 %dout_read, i32 %iter_read" [fft_16_ssr1_i16_c16_t16.cpp:205]   --->   Operation 21 'call' 'call_ln205' <Predicate = true> <Delay = 0.00> <CoreType = "Generic">   --->   Core 0 '' <Latency = 0> <II = 1> <Delay = 1.00> <Generic> <Opcode : >
ST_3 : Operation 22 [1/1] (0.00ns)   --->   "%ret_ln206 = ret" [fft_16_ssr1_i16_c16_t16.cpp:206]   --->   Operation 22 'ret' 'ret_ln206' <Predicate = true> <Delay = 0.00>


============================================================
+ Verbose Summary: Binding
============================================================
STG Binding: 
---------------- STG Properties BEGIN ----------------
- Is combinational: 0
- Is one-state seq: 0
- Is datapath-only: 0
- Is pipelined: 0
- Is top level: 1
Port [ Return ] is wired: 1; IO mode=ap_ctrl_hs:ce=0
Port [ gmem1]:  wired=1; compound=1; hidden=0; nouse=0; global=0; static=0; extern=0; dir=0; type=4; pingpong=0; private_global=0; IO mode=m_axi:ce=0
Port [ gmem2]:  wired=1; compound=1; hidden=0; nouse=0; global=0; static=0; extern=0; dir=1; type=4; pingpong=0; private_global=0; IO mode=m_axi:ce=0
Port [ din]:  wired=1; compound=0; hidden=0; nouse=0; global=0; static=0; extern=0; dir=0; type=0; pingpong=0; private_global=0; IO mode=ap_none:ce=0
Port [ dout]:  wired=1; compound=0; hidden=0; nouse=0; global=0; static=0; extern=0; dir=0; type=0; pingpong=0; private_global=0; IO mode=ap_none:ce=0
Port [ iter]:  wired=1; compound=0; hidden=0; nouse=0; global=0; static=0; extern=0; dir=0; type=0; pingpong=0; private_global=0; IO mode=ap_none:ce=0
---------------- STG Properties END ------------------

---------------- Datapath Model BEGIN ----------------

<LifeTime>
<method=bitvector/>
iter_read           (read         ) [ 0011]
dout_read           (read         ) [ 0011]
din_read            (read         ) [ 0011]
spectopmodule_ln195 (spectopmodule) [ 0000]
specinterface_ln0   (specinterface) [ 0000]
specbitsmap_ln0     (specbitsmap  ) [ 0000]
specinterface_ln0   (specinterface) [ 0000]
specbitsmap_ln0     (specbitsmap  ) [ 0000]
specinterface_ln0   (specinterface) [ 0000]
specinterface_ln0   (specinterface) [ 0000]
specinterface_ln0   (specinterface) [ 0000]
specinterface_ln0   (specinterface) [ 0000]
specbitsmap_ln0     (specbitsmap  ) [ 0000]
specinterface_ln0   (specinterface) [ 0000]
specinterface_ln0   (specinterface) [ 0000]
specinterface_ln0   (specinterface) [ 0000]
call_ln205          (call         ) [ 0000]
ret_ln206           (ret          ) [ 0000]
</LifeTime>

<model>

<comp_list>
<comp id="0" class="1000" name="gmem1">
<pin_list>
<pin id="1" dir="1" index="0" bw="1" slack="0"/>
</pin_list>
<bind>
<StgValue><ssdm name="gmem1"/></StgValue>
</bind>
</comp>

<comp id="2" class="1000" name="gmem2">
<pin_list>
<pin id="3" dir="1" index="0" bw="1" slack="0"/>
</pin_list>
<bind>
<StgValue><ssdm name="gmem2"/></StgValue>
</bind>
</comp>

<comp id="4" class="1000" name="din">
<pin_list>
<pin id="5" dir="1" index="0" bw="1" slack="0"/>
</pin_list>
<bind>
<StgValue><ssdm name="din"/></StgValue>
</bind>
</comp>

<comp id="6" class="1000" name="dout">
<pin_list>
<pin id="7" dir="1" index="0" bw="1" slack="0"/>
</pin_list>
<bind>
<StgValue><ssdm name="dout"/></StgValue>
</bind>
</comp>

<comp id="8" class="1000" name="iter">
<pin_list>
<pin id="9" dir="1" index="0" bw="1" slack="0"/>
</pin_list>
<bind>
<StgValue><ssdm name="iter"/></StgValue>
</bind>
</comp>

<comp id="10" class="1001" name="const_10">
<pin_list>
<pin id="11" dir="1" index="0" bw="1" slack="0"/>
</pin_list>
<bind>
<StgValue><ssdm name="_ssdm_op_Read.s_axilite.i32"/></StgValue>
</bind>
</comp>

<comp id="12" class="1001" name="const_12">
<pin_list>
<pin id="13" dir="1" index="0" bw="1" slack="0"/>
</pin_list>
<bind>
<StgValue><ssdm name="_ssdm_op_Read.s_axilite.i64"/></StgValue>
</bind>
</comp>

<comp id="14" class="1001" name="const_14">
<pin_list>
<pin id="15" dir="1" index="0" bw="1" slack="0"/>
</pin_list>
<bind>
<StgValue><ssdm name="fft_core"/></StgValue>
</bind>
</comp>

<comp id="16" class="1001" name="const_16">
<pin_list>
<pin id="17" dir="1" index="0" bw="1" slack="2147483647"/>
</pin_list>
<bind>
<StgValue><ssdm name="_ssdm_op_SpecTopModule"/></StgValue>
</bind>
</comp>

<comp id="18" class="1001" name="const_18">
<pin_list>
<pin id="19" dir="1" index="0" bw="1" slack="2147483647"/>
</pin_list>
<bind>
<StgValue><ssdm name="empty_10"/></StgValue>
</bind>
</comp>

<comp id="20" class="1001" name="const_20">
<pin_list>
<pin id="21" dir="1" index="0" bw="1" slack="2147483647"/>
</pin_list>
<bind>
<StgValue><ssdm name="_ssdm_op_SpecInterface"/></StgValue>
</bind>
</comp>

<comp id="22" class="1001" name="const_22">
<pin_list>
<pin id="23" dir="1" index="0" bw="1" slack="2147483647"/>
</pin_list>
<bind>
<StgValue><ssdm name="empty_3"/></StgValue>
</bind>
</comp>

<comp id="24" class="1001" name="const_24">
<pin_list>
<pin id="25" dir="1" index="0" bw="1" slack="2147483647"/>
</pin_list>
<bind>
<StgValue><ssdm name=""/></StgValue>
</bind>
</comp>

<comp id="26" class="1001" name="const_26">
<pin_list>
<pin id="27" dir="1" index="0" bw="1" slack="2147483647"/>
</pin_list>
<bind>
<StgValue><ssdm name="empty_4"/></StgValue>
</bind>
</comp>

<comp id="28" class="1001" name="const_28">
<pin_list>
<pin id="29" dir="1" index="0" bw="1" slack="2147483647"/>
</pin_list>
<bind>
<StgValue><ssdm name=""/></StgValue>
</bind>
</comp>

<comp id="30" class="1001" name="const_30">
<pin_list>
<pin id="31" dir="1" index="0" bw="1" slack="2147483647"/>
</pin_list>
<bind>
<StgValue><ssdm name=""/></StgValue>
</bind>
</comp>

<comp id="32" class="1001" name="const_32">
<pin_list>
<pin id="33" dir="1" index="0" bw="1" slack="2147483647"/>
</pin_list>
<bind>
<StgValue><ssdm name="empty_5"/></StgValue>
</bind>
</comp>

<comp id="34" class="1001" name="const_34">
<pin_list>
<pin id="35" dir="1" index="0" bw="1" slack="2147483647"/>
</pin_list>
<bind>
<StgValue><ssdm name="empty_6"/></StgValue>
</bind>
</comp>

<comp id="36" class="1001" name="const_36">
<pin_list>
<pin id="37" dir="1" index="0" bw="1" slack="2147483647"/>
</pin_list>
<bind>
<StgValue><ssdm name=""/></StgValue>
</bind>
</comp>

<comp id="38" class="1001" name="const_38">
<pin_list>
<pin id="39" dir="1" index="0" bw="1" slack="2147483647"/>
</pin_list>
<bind>
<StgValue><ssdm name=""/></StgValue>
</bind>
</comp>

<comp id="40" class="1001" name="const_40">
<pin_list>
<pin id="41" dir="1" index="0" bw="1" slack="2147483647"/>
</pin_list>
<bind>
<StgValue><ssdm name="_ssdm_op_SpecBitsMap"/></StgValue>
</bind>
</comp>

<comp id="42" class="1001" name="const_42">
<pin_list>
<pin id="43" dir="1" index="0" bw="1" slack="2147483647"/>
</pin_list>
<bind>
<StgValue><ssdm name="empty_7"/></StgValue>
</bind>
</comp>

<comp id="44" class="1001" name="const_44">
<pin_list>
<pin id="45" dir="1" index="0" bw="1" slack="2147483647"/>
</pin_list>
<bind>
<StgValue><ssdm name="empty"/></StgValue>
</bind>
</comp>

<comp id="46" class="1001" name="const_46">
<pin_list>
<pin id="47" dir="1" index="0" bw="1" slack="2147483647"/>
</pin_list>
<bind>
<StgValue><ssdm name="empty_0"/></StgValue>
</bind>
</comp>

<comp id="48" class="1001" name="const_48">
<pin_list>
<pin id="49" dir="1" index="0" bw="1" slack="2147483647"/>
</pin_list>
<bind>
<StgValue><ssdm name="empty_1"/></StgValue>
</bind>
</comp>

<comp id="50" class="1001" name="const_50">
<pin_list>
<pin id="51" dir="1" index="0" bw="1" slack="2147483647"/>
</pin_list>
<bind>
<StgValue><ssdm name="empty_2"/></StgValue>
</bind>
</comp>

<comp id="52" class="1001" name="const_52">
<pin_list>
<pin id="53" dir="1" index="0" bw="1" slack="2147483647"/>
</pin_list>
<bind>
<StgValue><ssdm name="empty_17"/></StgValue>
</bind>
</comp>

<comp id="54" class="1001" name="const_54">
<pin_list>
<pin id="55" dir="1" index="0" bw="1" slack="2147483647"/>
</pin_list>
<bind>
<StgValue><ssdm name="empty_14"/></StgValue>
</bind>
</comp>

<comp id="56" class="1001" name="const_56">
<pin_list>
<pin id="57" dir="1" index="0" bw="1" slack="2147483647"/>
</pin_list>
<bind>
<StgValue><ssdm name="empty_15"/></StgValue>
</bind>
</comp>

<comp id="58" class="1004" name="iter_read_read_fu_58">
<pin_list>
<pin id="59" dir="0" index="0" bw="32" slack="0"/>
<pin id="60" dir="0" index="1" bw="32" slack="0"/>
<pin id="61" dir="1" index="2" bw="32" slack="1"/>
</pin_list>
<bind>
<opcode="read(1150) " fcode="read"/>
<opset="iter_read/1 "/>
</bind>
</comp>

<comp id="64" class="1004" name="dout_read_read_fu_64">
<pin_list>
<pin id="65" dir="0" index="0" bw="64" slack="0"/>
<pin id="66" dir="0" index="1" bw="64" slack="0"/>
<pin id="67" dir="1" index="2" bw="64" slack="1"/>
</pin_list>
<bind>
<opcode="read(1150) " fcode="read"/>
<opset="dout_read/1 "/>
</bind>
</comp>

<comp id="70" class="1004" name="din_read_read_fu_70">
<pin_list>
<pin id="71" dir="0" index="0" bw="64" slack="0"/>
<pin id="72" dir="0" index="1" bw="64" slack="0"/>
<pin id="73" dir="1" index="2" bw="64" slack="1"/>
</pin_list>
<bind>
<opcode="read(1150) " fcode="read"/>
<opset="din_read/1 "/>
</bind>
</comp>

<comp id="76" class="1004" name="grp_fft_core_fu_76">
<pin_list>
<pin id="77" dir="0" index="0" bw="0" slack="0"/>
<pin id="78" dir="0" index="1" bw="512" slack="0"/>
<pin id="79" dir="0" index="2" bw="64" slack="1"/>
<pin id="80" dir="0" index="3" bw="512" slack="0"/>
<pin id="81" dir="0" index="4" bw="64" slack="1"/>
<pin id="82" dir="0" index="5" bw="32" slack="1"/>
<pin id="83" dir="1" index="6" bw="0" slack="2147483647"/>
</pin_list>
<bind>
<opcode="call(48) " fcode="call"/>
<opset="call_ln205/2 "/>
</bind>
</comp>

<comp id="87" class="1005" name="iter_read_reg_87">
<pin_list>
<pin id="88" dir="0" index="0" bw="32" slack="1"/>
<pin id="89" dir="1" index="1" bw="32" slack="1"/>
</pin_list>
<bind>
<opset="iter_read "/>
</bind>
</comp>

<comp id="92" class="1005" name="dout_read_reg_92">
<pin_list>
<pin id="93" dir="0" index="0" bw="64" slack="1"/>
<pin id="94" dir="1" index="1" bw="64" slack="1"/>
</pin_list>
<bind>
<opset="dout_read "/>
</bind>
</comp>

<comp id="97" class="1005" name="din_read_reg_97">
<pin_list>
<pin id="98" dir="0" index="0" bw="64" slack="1"/>
<pin id="99" dir="1" index="1" bw="64" slack="1"/>
</pin_list>
<bind>
<opset="din_read "/>
</bind>
</comp>

</comp_list>

<net_list>
<net id="62"><net_src comp="10" pin="0"/><net_sink comp="58" pin=0"/></net>

<net id="63"><net_src comp="8" pin="0"/><net_sink comp="58" pin=1"/></net>

<net id="68"><net_src comp="12" pin="0"/><net_sink comp="64" pin=0"/></net>

<net id="69"><net_src comp="6" pin="0"/><net_sink comp="64" pin=1"/></net>

<net id="74"><net_src comp="12" pin="0"/><net_sink comp="70" pin=0"/></net>

<net id="75"><net_src comp="4" pin="0"/><net_sink comp="70" pin=1"/></net>

<net id="84"><net_src comp="14" pin="0"/><net_sink comp="76" pin=0"/></net>

<net id="85"><net_src comp="0" pin="0"/><net_sink comp="76" pin=1"/></net>

<net id="86"><net_src comp="2" pin="0"/><net_sink comp="76" pin=3"/></net>

<net id="90"><net_src comp="58" pin="2"/><net_sink comp="87" pin=0"/></net>

<net id="91"><net_src comp="87" pin="1"/><net_sink comp="76" pin=5"/></net>

<net id="95"><net_src comp="64" pin="2"/><net_sink comp="92" pin=0"/></net>

<net id="96"><net_src comp="92" pin="1"/><net_sink comp="76" pin=4"/></net>

<net id="100"><net_src comp="70" pin="2"/><net_sink comp="97" pin=0"/></net>

<net id="101"><net_src comp="97" pin="1"/><net_sink comp="76" pin=2"/></net>

</net_list>

</model> 
---------------- Datapath Model END ------------------

* FSMD analyzer results:
  - Output states:
	Port: gmem2 | {2 3 }
 - Input state : 
	Port: fft_16_ssr1_i16_c16_t16_top : gmem1 | {2 3 }
	Port: fft_16_ssr1_i16_c16_t16_top : din | {1 }
	Port: fft_16_ssr1_i16_c16_t16_top : dout | {1 }
	Port: fft_16_ssr1_i16_c16_t16_top : iter | {1 }
  - Chain level:
	State 1
	State 2
	State 3


============================================================
+ Verbose Summary: Datapath Resource usage 
============================================================

* Functional unit list:
|----------|----------------------|---------|---------|---------|---------|---------|
| Operation|    Functional Unit   |   BRAM  |   DSP   |  Delay  |    FF   |   LUT   |
|----------|----------------------|---------|---------|---------|---------|---------|
|   call   |  grp_fft_core_fu_76  |    1    |    0    |  3.416  |   7115  |   3220  |
|----------|----------------------|---------|---------|---------|---------|---------|
|          | iter_read_read_fu_58 |    0    |    0    |    0    |    0    |    0    |
|   read   | dout_read_read_fu_64 |    0    |    0    |    0    |    0    |    0    |
|          |  din_read_read_fu_70 |    0    |    0    |    0    |    0    |    0    |
|----------|----------------------|---------|---------|---------|---------|---------|
|   Total  |                      |    1    |    0    |  3.416  |   7115  |   3220  |
|----------|----------------------|---------|---------|---------|---------|---------|

Memories:
N/A

* Register list:
+----------------+--------+
|                |   FF   |
+----------------+--------+
| din_read_reg_97|   64   |
|dout_read_reg_92|   64   |
|iter_read_reg_87|   32   |
+----------------+--------+
|      Total     |   160  |
+----------------+--------+

* Multiplexer (MUX) list: 
|--------|------|------|------|--------|
|  Comp  |  Pin | Size |  BW  | S x BW |
|--------|------|------|------|--------|
|  Total |      |      |      |    0   |
|--------|------|------|------|--------|



* Summary:
+-----------+--------+--------+--------+--------+--------+
|           |  BRAM  |   DSP  |  Delay |   FF   |   LUT  |
+-----------+--------+--------+--------+--------+--------+
|  Function |    1   |    0   |    3   |  7115  |  3220  |
|   Memory  |    -   |    -   |    -   |    -   |    -   |
|Multiplexer|    -   |    -   |    -   |    -   |    -   |
|  Register |    -   |    -   |    -   |   160  |    -   |
+-----------+--------+--------+--------+--------+--------+
|   Total   |    1   |    0   |    3   |  7275  |  3220  |
+-----------+--------+--------+--------+--------+--------+
