

================================================================
== Vitis HLS Report for 'fft_core'
================================================================
* Date:           Tue Mar  3 20:53:53 2026

* Version:        2023.2 (Build 4023990 on Oct 11 2023)
* Project:        hls_project
* Solution:       solution1 (Vivado IP Flow Target)
* Product family: zynquplus
* Target device:  xck26-sfvc784-2LV-c


================================================================
== Performance Estimates
================================================================
+ Timing: 
    * Summary: 
    +--------+---------+----------+------------+
    |  Clock |  Target | Estimated| Uncertainty|
    +--------+---------+----------+------------+
    |ap_clk  |  3.00 ns|  2.190 ns|     0.81 ns|
    +--------+---------+----------+------------+

+ Latency: 
    * Summary: 
    +---------+---------+----------+-----------+-----+------+----------+
    |  Latency (cycles) |  Latency (absolute)  |  Interval  | Pipeline |
    |   min   |   max   |    min   |    max    | min |  max |   Type   |
    +---------+---------+----------+-----------+-----+------+----------+
    |      146|     3404|  0.438 us|  10.212 us|   76|  3332|  dataflow|
    +---------+---------+----------+-----------+-----+------+----------+

    + Detail: 
        * Instance: 
        N/A

        * Loop: 
        N/A

============================================================
+ Verbose Summary: Synthesis Manager
============================================================
InlineROM: 1
ExposeGlobal: 0
============================================================
+ Verbose Summary: CDFG Model
============================================================
IsTopModel: 0
ResetActiveHigh: 1
IsCombinational: 2
IsDatapathOnly: 0
HasWiredReturn: 1
HasMFsm: 0
HasVarLatency: 1
IsPipeline: 0
IsRtlPipelined: 0
IsInstanceOverlapped: 0
IsDontTouch: 0
HasImplIP: 0
IsGatedGlobalClock: 0


============================================================
+ Verbose Summary: Schedule
============================================================
* Number of FSM states : 6
* Pipeline : 0
* Dataflow Pipeline: 1
  DF-Pipeline-0: Size = 6, States = { 1 2 3 4 5 6 }

* FSM state transitions: 
1 --> 2 
2 --> 3 
3 --> 4 
4 --> 5 
5 --> 6 
6 --> 

* FSM state operations: 

State 1 <SV = 0> <Delay = 2.19>
ST_1 : Operation 7 [1/1] (0.00ns)   --->   "%iter_read = read i32 @_ssdm_op_Read.ap_auto.i32, i32 %iter" [fft_16_ssr1_i16_c16_t16.cpp:173]   --->   Operation 7 'read' 'iter_read' <Predicate = true> <Delay = 0.00>
ST_1 : Operation 8 [1/1] (0.00ns)   --->   "%din_read = read i64 @_ssdm_op_Read.ap_auto.i64, i64 %din" [fft_16_ssr1_i16_c16_t16.cpp:173]   --->   Operation 8 'read' 'din_read' <Predicate = true> <Delay = 0.00>
ST_1 : Operation 9 [1/1] (0.00ns)   --->   "%iter_c10 = alloca i64 1" [fft_16_ssr1_i16_c16_t16.cpp:173]   --->   Operation 9 'alloca' 'iter_c10' <Predicate = true> <Delay = 0.00> <CoreInst = "FIFO_SRL">   --->   Core 81 'FIFO_SRL' <Latency = 0> <II = 1> <Delay = 1.83> <Storage> <Opcode : 'read' 'write' 'nbread' 'nbwrite'> <Ports = 0> <Width = 32> <Depth = 2> <FIFO>
ST_1 : Operation 10 [1/1] (0.00ns)   --->   "%iter_c = alloca i64 1" [fft_16_ssr1_i16_c16_t16.cpp:173]   --->   Operation 10 'alloca' 'iter_c' <Predicate = true> <Delay = 0.00> <CoreInst = "FIFO_SRL">   --->   Core 81 'FIFO_SRL' <Latency = 0> <II = 1> <Delay = 1.83> <Storage> <Opcode : 'read' 'write' 'nbread' 'nbwrite'> <Ports = 0> <Width = 28> <Depth = 2> <FIFO>
ST_1 : Operation 11 [1/1] (0.00ns)   --->   "%dout_c = alloca i64 1" [fft_16_ssr1_i16_c16_t16.cpp:173]   --->   Operation 11 'alloca' 'dout_c' <Predicate = true> <Delay = 0.00> <CoreInst = "FIFO_SRL">   --->   Core 81 'FIFO_SRL' <Latency = 0> <II = 1> <Delay = 1.83> <Storage> <Opcode : 'read' 'write' 'nbread' 'nbwrite'> <Ports = 0> <Width = 64> <Depth = 4> <FIFO>
ST_1 : Operation 12 [1/1] (0.00ns)   --->   "%input_stream = alloca i64 1"   --->   Operation 12 'alloca' 'input_stream' <Predicate = true> <Delay = 0.00> <CoreInst = "FIFO_SRL">   --->   Core 81 'FIFO_SRL' <Latency = 0> <II = 1> <Delay = 1.83> <Storage> <Opcode : 'read' 'write' 'nbread' 'nbwrite'> <Ports = 0> <Width = 32> <Depth = 2> <FIFO>
ST_1 : Operation 13 [1/1] (0.00ns)   --->   "%fft_out = alloca i64 1"   --->   Operation 13 'alloca' 'fft_out' <Predicate = true> <Delay = 0.00> <CoreInst = "FIFO_SRL">   --->   Core 81 'FIFO_SRL' <Latency = 0> <II = 1> <Delay = 1.83> <Storage> <Opcode : 'read' 'write' 'nbread' 'nbwrite'> <Ports = 0> <Width = 32> <Depth = 2> <FIFO>
ST_1 : Operation 14 [2/2] (2.19ns)   --->   "%call_ln178 = call void @dma_in, i512 %gmem1, i64 %din_read, i32 %input_stream, i32 %iter_read, i32 %iter_c10" [fft_16_ssr1_i16_c16_t16.cpp:178]   --->   Operation 14 'call' 'call_ln178' <Predicate = true> <Delay = 2.19> <CoreType = "Generic">   --->   Core 0 '' <Latency = 0> <II = 1> <Delay = 1.00> <Generic> <Opcode : >

State 2 <SV = 1> <Delay = 0.00>
ST_2 : Operation 15 [1/2] (0.00ns)   --->   "%call_ln178 = call void @dma_in, i512 %gmem1, i64 %din_read, i32 %input_stream, i32 %iter_read, i32 %iter_c10" [fft_16_ssr1_i16_c16_t16.cpp:178]   --->   Operation 15 'call' 'call_ln178' <Predicate = true> <Delay = 0.00> <CoreType = "Generic">   --->   Core 0 '' <Latency = 0> <II = 1> <Delay = 1.00> <Generic> <Opcode : >

State 3 <SV = 2> <Delay = 0.00>
ST_3 : Operation 16 [2/2] (0.00ns)   --->   "%call_ln186 = call void @fft_serial_kernel.wrapper, i32 %input_stream, i32 %fft_out, i32 %iter_c10, i28 %iter_c" [fft_16_ssr1_i16_c16_t16.cpp:186]   --->   Operation 16 'call' 'call_ln186' <Predicate = true> <Delay = 0.00> <CoreType = "Generic">   --->   Core 0 '' <Latency = 0> <II = 1> <Delay = 1.00> <Generic> <Opcode : >

State 4 <SV = 3> <Delay = 1.09>
ST_4 : Operation 17 [1/1] (0.00ns)   --->   "%dout_read = read i64 @_ssdm_op_Read.ap_auto.i64, i64 %dout" [fft_16_ssr1_i16_c16_t16.cpp:173]   --->   Operation 17 'read' 'dout_read' <Predicate = true> <Delay = 0.00>
ST_4 : Operation 18 [1/1] (1.09ns)   --->   "%call_ln173 = call void @entry_proc, i64 %dout_read, i64 %dout_c" [fft_16_ssr1_i16_c16_t16.cpp:173]   --->   Operation 18 'call' 'call_ln173' <Predicate = true> <Delay = 1.09> <CoreType = "Generic">   --->   Core 0 '' <Latency = 0> <II = 1> <Delay = 1.00> <Generic> <Opcode : >
ST_4 : Operation 19 [1/2] (0.00ns)   --->   "%call_ln186 = call void @fft_serial_kernel.wrapper, i32 %input_stream, i32 %fft_out, i32 %iter_c10, i28 %iter_c" [fft_16_ssr1_i16_c16_t16.cpp:186]   --->   Operation 19 'call' 'call_ln186' <Predicate = true> <Delay = 0.00> <CoreType = "Generic">   --->   Core 0 '' <Latency = 0> <II = 1> <Delay = 1.00> <Generic> <Opcode : >

State 5 <SV = 4> <Delay = 0.00>
ST_5 : Operation 20 [2/2] (0.00ns)   --->   "%call_ln189 = call void @dma_out, i32 %fft_out, i512 %gmem2, i64 %dout_c, i28 %iter_c" [fft_16_ssr1_i16_c16_t16.cpp:189]   --->   Operation 20 'call' 'call_ln189' <Predicate = true> <Delay = 0.00> <CoreType = "Generic">   --->   Core 0 '' <Latency = 0> <II = 1> <Delay = 1.00> <Generic> <Opcode : >

State 6 <SV = 5> <Delay = 0.00>
ST_6 : Operation 21 [1/1] (0.00ns)   --->   "%empty = specchannel i32 @_ssdm_op_SpecChannel, void @iter_c10_str, i32 1, void @p_str55, void @p_str55, i32 2, i32 0, i32 %iter_c10, i32 %iter_c10" [fft_16_ssr1_i16_c16_t16.cpp:173]   --->   Operation 21 'specchannel' 'empty' <Predicate = true> <Delay = 0.00>
ST_6 : Operation 22 [1/1] (0.00ns)   --->   "%specinterface_ln173 = specinterface void @_ssdm_op_SpecInterface, i32 %iter_c10, void @ap_fifo_str, i32 0, i32 0, void @p_str56, i32 0, i32 0, void @p_str57, void @p_str58, void @p_str59, i32 2, i32 2, i32 16, i32 16, void @p_str60, void @p_str61, i32 4294967295, i32 0" [fft_16_ssr1_i16_c16_t16.cpp:173]   --->   Operation 22 'specinterface' 'specinterface_ln173' <Predicate = true> <Delay = 0.00>
ST_6 : Operation 23 [1/1] (0.00ns)   --->   "%empty_33 = specchannel i32 @_ssdm_op_SpecChannel, void @iter_c_str, i32 1, void @p_str28, void @p_str28, i32 2, i32 0, i28 %iter_c, i28 %iter_c" [fft_16_ssr1_i16_c16_t16.cpp:173]   --->   Operation 23 'specchannel' 'empty_33' <Predicate = true> <Delay = 0.00>
ST_6 : Operation 24 [1/1] (0.00ns)   --->   "%specinterface_ln173 = specinterface void @_ssdm_op_SpecInterface, i28 %iter_c, void @ap_fifo_str, i32 0, i32 0, void @p_str29, i32 0, i32 0, void @p_str30, void @p_str31, void @p_str32, i32 2, i32 2, i32 16, i32 16, void @p_str33, void @p_str34, i32 4294967295, i32 0" [fft_16_ssr1_i16_c16_t16.cpp:173]   --->   Operation 24 'specinterface' 'specinterface_ln173' <Predicate = true> <Delay = 0.00>
ST_6 : Operation 25 [1/1] (0.00ns)   --->   "%empty_34 = specchannel i32 @_ssdm_op_SpecChannel, void @dout_c_str, i32 1, void @p_str9, void @p_str9, i32 4, i32 0, i64 %dout_c, i64 %dout_c" [fft_16_ssr1_i16_c16_t16.cpp:173]   --->   Operation 25 'specchannel' 'empty_34' <Predicate = true> <Delay = 0.00>
ST_6 : Operation 26 [1/1] (0.00ns)   --->   "%specinterface_ln173 = specinterface void @_ssdm_op_SpecInterface, i64 %dout_c, void @ap_fifo_str, i32 0, i32 0, void @p_str10, i32 0, i32 0, void @p_str11, void @p_str12, void @p_str13, i32 2, i32 2, i32 16, i32 16, void @p_str14, void @p_str15, i32 4294967295, i32 0" [fft_16_ssr1_i16_c16_t16.cpp:173]   --->   Operation 26 'specinterface' 'specinterface_ln173' <Predicate = true> <Delay = 0.00>
ST_6 : Operation 27 [1/1] (0.00ns)   --->   "%specdataflowpipeline_ln173 = specdataflowpipeline void @_ssdm_op_SpecDataflowPipeline, i32 4294967295, i32 0, void @empty_4" [fft_16_ssr1_i16_c16_t16.cpp:173]   --->   Operation 27 'specdataflowpipeline' 'specdataflowpipeline_ln173' <Predicate = true> <Delay = 0.00>
ST_6 : Operation 28 [1/1] (0.00ns)   --->   "%specinterface_ln0 = specinterface void @_ssdm_op_SpecInterface, i512 %gmem2, void @empty_3, i32 0, i32 0, void @empty_4, i32 64, i32 32, void @empty_7, void @empty_6, void @empty_4, i32 16, i32 16, i32 16, i32 16, void @empty_4, void @empty_4, i32 4294967295, i32 0"   --->   Operation 28 'specinterface' 'specinterface_ln0' <Predicate = true> <Delay = 0.00>
ST_6 : Operation 29 [1/1] (0.00ns)   --->   "%specinterface_ln0 = specinterface void @_ssdm_op_SpecInterface, i512 %gmem1, void @empty_3, i32 0, i32 0, void @empty_4, i32 64, i32 32, void @empty_5, void @empty_6, void @empty_4, i32 16, i32 16, i32 16, i32 16, void @empty_4, void @empty_4, i32 4294967295, i32 0"   --->   Operation 29 'specinterface' 'specinterface_ln0' <Predicate = true> <Delay = 0.00>
ST_6 : Operation 30 [1/1] (0.00ns)   --->   "%empty_35 = specchannel i32 @_ssdm_op_SpecChannel, void @input_stream_str, i32 1, void @p_str1, void @p_str1, i32 2, i32 2, i32 %input_stream, i32 %input_stream"   --->   Operation 30 'specchannel' 'empty_35' <Predicate = true> <Delay = 0.00>
ST_6 : Operation 31 [1/1] (0.00ns)   --->   "%specinterface_ln0 = specinterface void @_ssdm_op_SpecInterface, i32 %input_stream, void @empty_16, i32 0, i32 0, void @empty_4, i32 0, i32 0, void @empty_4, void @empty_4, void @empty_4, i32 0, i32 0, i32 0, i32 0, void @empty_4, void @empty_4, i32 4294967295, i32 0"   --->   Operation 31 'specinterface' 'specinterface_ln0' <Predicate = true> <Delay = 0.00>
ST_6 : Operation 32 [1/1] (0.00ns)   --->   "%empty_36 = specchannel i32 @_ssdm_op_SpecChannel, void @fft_out_str, i32 1, void @p_str2, void @p_str2, i32 2, i32 2, i32 %fft_out, i32 %fft_out"   --->   Operation 32 'specchannel' 'empty_36' <Predicate = true> <Delay = 0.00>
ST_6 : Operation 33 [1/1] (0.00ns)   --->   "%specinterface_ln0 = specinterface void @_ssdm_op_SpecInterface, i32 %fft_out, void @empty_16, i32 0, i32 0, void @empty_4, i32 0, i32 0, void @empty_4, void @empty_4, void @empty_4, i32 0, i32 0, i32 0, i32 0, void @empty_4, void @empty_4, i32 4294967295, i32 0"   --->   Operation 33 'specinterface' 'specinterface_ln0' <Predicate = true> <Delay = 0.00>
ST_6 : Operation 34 [1/2] (0.00ns)   --->   "%call_ln189 = call void @dma_out, i32 %fft_out, i512 %gmem2, i64 %dout_c, i28 %iter_c" [fft_16_ssr1_i16_c16_t16.cpp:189]   --->   Operation 34 'call' 'call_ln189' <Predicate = true> <Delay = 0.00> <CoreType = "Generic">   --->   Core 0 '' <Latency = 0> <II = 1> <Delay = 1.00> <Generic> <Opcode : >
ST_6 : Operation 35 [1/1] (0.00ns)   --->   "%ret_ln190 = ret" [fft_16_ssr1_i16_c16_t16.cpp:190]   --->   Operation 35 'ret' 'ret_ln190' <Predicate = true> <Delay = 0.00>


============================================================
+ Verbose Summary: Timing violations
============================================================
Target clock period: 3.000ns, clock uncertainty: 0.810ns.

 <State 1>: 2.190ns
The critical path consists of the following:
	wire read operation ('iter_read', fft_16_ssr1_i16_c16_t16.cpp:173) on port 'iter' (fft_16_ssr1_i16_c16_t16.cpp:173) [6]  (0.000 ns)
	'call' operation 0 bit ('call_ln178', fft_16_ssr1_i16_c16_t16.cpp:178) to 'dma_in' [28]  (2.190 ns)

 <State 2>: 0.000ns
The critical path consists of the following:

 <State 3>: 0.000ns
The critical path consists of the following:

 <State 4>: 1.095ns
The critical path consists of the following:
	wire read operation ('dout_read', fft_16_ssr1_i16_c16_t16.cpp:173) on port 'dout' (fft_16_ssr1_i16_c16_t16.cpp:173) [7]  (0.000 ns)
	'call' operation 0 bit ('call_ln173', fft_16_ssr1_i16_c16_t16.cpp:173) to 'entry_proc' [27]  (1.095 ns)

 <State 5>: 0.000ns
The critical path consists of the following:

 <State 6>: 0.000ns
The critical path consists of the following:


============================================================
+ Verbose Summary: Binding
============================================================
N/A
* FSMD analyzer results:
  - Output states:
 - Input state : 
  - Chain level:
	State 1
	State 2
	State 3
	State 4
	State 5
	State 6


============================================================
+ Verbose Summary: Datapath Resource usage 
============================================================
N/A
