

================================================================
== Vitis HLS Report for 'dma_out'
================================================================
* Date:           Tue Mar  3 21:26:53 2026

* Version:        2023.2 (Build 4023990 on Oct 11 2023)
* Project:        hls_project
* Solution:       solution1 (Vivado IP Flow Target)
* Product family: zynquplus
* Target device:  xck26-sfvc784-2LV-c


================================================================
== Performance Estimates
================================================================
+ Timing: 
    * Summary: 
    +--------+----------+----------+------------+
    |  Clock |  Target  | Estimated| Uncertainty|
    +--------+----------+----------+------------+
    |ap_clk  |  10.00 ns|  7.300 ns|     2.70 ns|
    +--------+----------+----------+------------+

+ Latency: 
    * Summary: 
    +---------+---------+----------+-----------+-----+------+---------+
    |  Latency (cycles) |  Latency (absolute)  |  Interval  | Pipeline|
    |   min   |   max   |    min   |    max    | min |  max |   Type  |
    +---------+---------+----------+-----------+-----+------+---------+
    |       73|     8266|  0.730 us|  82.660 us|   73|  8266|       no|
    +---------+---------+----------+-----------+-----+------+---------+

    + Detail: 
        * Instance: 
        +---------------------------------------------+----------------------------------+---------+---------+-----------+-----------+-----+------+---------+
        |                                             |                                  |  Latency (cycles) |   Latency (absolute)  |  Interval  | Pipeline|
        |                   Instance                  |              Module              |   min   |   max   |    min    |    max    | min |  max |   Type  |
        +---------------------------------------------+----------------------------------+---------+---------+-----------+-----------+-----+------+---------+
        |grp_dma_out_Pipeline_VITIS_LOOP_90_1_fu_103  |dma_out_Pipeline_VITIS_LOOP_90_1  |        2|     8195|  20.000 ns|  81.950 us|    2|  8195|       no|
        +---------------------------------------------+----------------------------------+---------+---------+-----------+-----------+-----+------+---------+

        * Loop: 
        N/A



================================================================
== Utilization Estimates
================================================================
* Summary: 
+-----------------+---------+------+--------+--------+-----+
|       Name      | BRAM_18K|  DSP |   FF   |   LUT  | URAM|
+-----------------+---------+------+--------+--------+-----+
|DSP              |        -|     -|       -|       -|    -|
|Expression       |        -|     -|       0|      57|    -|
|FIFO             |        -|     -|       -|       -|    -|
|Instance         |        -|     -|      99|     135|    -|
|Memory           |        -|     -|       -|       -|    -|
|Multiplexer      |        -|     -|       -|     577|    -|
|Register         |        -|     -|     188|       -|    -|
+-----------------+---------+------+--------+--------+-----+
|Total            |        0|     0|     287|     769|    0|
+-----------------+---------+------+--------+--------+-----+
|Available        |      288|  1248|  234240|  117120|   64|
+-----------------+---------+------+--------+--------+-----+
|Utilization (%)  |        0|     0|      ~0|      ~0|    0|
+-----------------+---------+------+--------+--------+-----+

+ Detail: 
    * Instance: 
    +---------------------------------------------+----------------------------------+---------+----+----+-----+-----+
    |                   Instance                  |              Module              | BRAM_18K| DSP| FF | LUT | URAM|
    +---------------------------------------------+----------------------------------+---------+----+----+-----+-----+
    |grp_dma_out_Pipeline_VITIS_LOOP_90_1_fu_103  |dma_out_Pipeline_VITIS_LOOP_90_1  |        0|   0|  99|  135|    0|
    +---------------------------------------------+----------------------------------+---------+----+----+-----+-----+
    |Total                                        |                                  |        0|   0|  99|  135|    0|
    +---------------------------------------------+----------------------------------+---------+----+----+-----+-----+

    * DSP: 
    N/A

    * Memory: 
    N/A

    * FIFO: 
    N/A

    * Expression: 
    +---------------------+----------+----+---+----+------------+------------+
    |    Variable Name    | Operation| DSP| FF| LUT| Bitwidth P0| Bitwidth P1|
    +---------------------+----------+----+---+----+------------+------------+
    |icmp_ln90_fu_125_p2  |      icmp|   0|  0|  25|          18|           1|
    |ap_block_state1      |        or|   0|  0|   2|           1|           1|
    |empty_fu_141_p3      |    select|   0|  0|  30|           1|          30|
    +---------------------+----------+----+---+----+------------+------------+
    |Total                |          |   0|  0|  57|          20|          32|
    +---------------------+----------+----+---+----+------------+------------+

    * Multiplexer: 
    +----------------------+-----+-----------+-----+-----------+
    |         Name         | LUT | Input Size| Bits| Total Bits|
    +----------------------+-----+-----------+-----+-----------+
    |ap_NS_fsm             |  377|         73|    1|         73|
    |ap_done               |    9|          2|    1|          2|
    |dout_blk_n            |    9|          2|    1|          2|
    |gmem2_blk_n_AW        |    9|          2|    1|          2|
    |gmem2_blk_n_B         |    9|          2|    1|          2|
    |iter_blk_n            |    9|          2|    1|          2|
    |joiner_out_read       |    9|          2|    1|          2|
    |m_axi_gmem2_AWADDR    |   14|          3|   64|        192|
    |m_axi_gmem2_AWBURST   |    9|          2|    2|          4|
    |m_axi_gmem2_AWCACHE   |    9|          2|    4|          8|
    |m_axi_gmem2_AWID      |    9|          2|    1|          2|
    |m_axi_gmem2_AWLEN     |   14|          3|   32|         96|
    |m_axi_gmem2_AWLOCK    |    9|          2|    2|          4|
    |m_axi_gmem2_AWPROT    |    9|          2|    3|          6|
    |m_axi_gmem2_AWQOS     |    9|          2|    4|          8|
    |m_axi_gmem2_AWREGION  |    9|          2|    4|          8|
    |m_axi_gmem2_AWSIZE    |    9|          2|    3|          6|
    |m_axi_gmem2_AWUSER    |    9|          2|    1|          2|
    |m_axi_gmem2_AWVALID   |   14|          3|    1|          3|
    |m_axi_gmem2_BREADY    |   14|          3|    1|          3|
    |m_axi_gmem2_WVALID    |    9|          2|    1|          2|
    +----------------------+-----+-----------+-----+-----------+
    |Total                 |  577|        117|  130|        429|
    +----------------------+-----+-----------+-----+-----------+

    * Register: 
    +----------------------------------------------------------+----+----+-----+-----------+
    |                           Name                           | FF | LUT| Bits| Const Bits|
    +----------------------------------------------------------+----+----+-----+-----------+
    |ap_CS_fsm                                                 |  72|   0|   72|          0|
    |ap_done_reg                                               |   1|   0|    1|          0|
    |empty_reg_182                                             |  17|   0|   30|         13|
    |grp_dma_out_Pipeline_VITIS_LOOP_90_1_fu_103_ap_start_reg  |   1|   0|    1|          0|
    |iter_5_reg_171                                            |  18|   0|   18|          0|
    |tmp_reg_192                                               |  18|   0|   31|         13|
    |trunc_ln90_1_reg_176                                      |  61|   0|   61|          0|
    +----------------------------------------------------------+----+----+-----+-----------+
    |Total                                                     | 188|   0|  214|         26|
    +----------------------------------------------------------+----+----+-----+-----------+



================================================================
== Interface
================================================================
* Summary: 
+---------------------------+-----+-----+------------+--------------+--------------+
|         RTL Ports         | Dir | Bits|  Protocol  | Source Object|    C Type    |
+---------------------------+-----+-----+------------+--------------+--------------+
|ap_clk                     |   in|    1|  ap_ctrl_hs|       dma_out|  return value|
|ap_rst                     |   in|    1|  ap_ctrl_hs|       dma_out|  return value|
|ap_start                   |   in|    1|  ap_ctrl_hs|       dma_out|  return value|
|ap_done                    |  out|    1|  ap_ctrl_hs|       dma_out|  return value|
|ap_continue                |   in|    1|  ap_ctrl_hs|       dma_out|  return value|
|ap_idle                    |  out|    1|  ap_ctrl_hs|       dma_out|  return value|
|ap_ready                   |  out|    1|  ap_ctrl_hs|       dma_out|  return value|
|joiner_out_dout            |   in|   64|     ap_fifo|    joiner_out|       pointer|
|joiner_out_num_data_valid  |   in|    3|     ap_fifo|    joiner_out|       pointer|
|joiner_out_fifo_cap        |   in|    3|     ap_fifo|    joiner_out|       pointer|
|joiner_out_empty_n         |   in|    1|     ap_fifo|    joiner_out|       pointer|
|joiner_out_read            |  out|    1|     ap_fifo|    joiner_out|       pointer|
|m_axi_gmem2_AWVALID        |  out|    1|       m_axi|         gmem2|       pointer|
|m_axi_gmem2_AWREADY        |   in|    1|       m_axi|         gmem2|       pointer|
|m_axi_gmem2_AWADDR         |  out|   64|       m_axi|         gmem2|       pointer|
|m_axi_gmem2_AWID           |  out|    1|       m_axi|         gmem2|       pointer|
|m_axi_gmem2_AWLEN          |  out|   32|       m_axi|         gmem2|       pointer|
|m_axi_gmem2_AWSIZE         |  out|    3|       m_axi|         gmem2|       pointer|
|m_axi_gmem2_AWBURST        |  out|    2|       m_axi|         gmem2|       pointer|
|m_axi_gmem2_AWLOCK         |  out|    2|       m_axi|         gmem2|       pointer|
|m_axi_gmem2_AWCACHE        |  out|    4|       m_axi|         gmem2|       pointer|
|m_axi_gmem2_AWPROT         |  out|    3|       m_axi|         gmem2|       pointer|
|m_axi_gmem2_AWQOS          |  out|    4|       m_axi|         gmem2|       pointer|
|m_axi_gmem2_AWREGION       |  out|    4|       m_axi|         gmem2|       pointer|
|m_axi_gmem2_AWUSER         |  out|    1|       m_axi|         gmem2|       pointer|
|m_axi_gmem2_WVALID         |  out|    1|       m_axi|         gmem2|       pointer|
|m_axi_gmem2_WREADY         |   in|    1|       m_axi|         gmem2|       pointer|
|m_axi_gmem2_WDATA          |  out|   64|       m_axi|         gmem2|       pointer|
|m_axi_gmem2_WSTRB          |  out|    8|       m_axi|         gmem2|       pointer|
|m_axi_gmem2_WLAST          |  out|    1|       m_axi|         gmem2|       pointer|
|m_axi_gmem2_WID            |  out|    1|       m_axi|         gmem2|       pointer|
|m_axi_gmem2_WUSER          |  out|    1|       m_axi|         gmem2|       pointer|
|m_axi_gmem2_ARVALID        |  out|    1|       m_axi|         gmem2|       pointer|
|m_axi_gmem2_ARREADY        |   in|    1|       m_axi|         gmem2|       pointer|
|m_axi_gmem2_ARADDR         |  out|   64|       m_axi|         gmem2|       pointer|
|m_axi_gmem2_ARID           |  out|    1|       m_axi|         gmem2|       pointer|
|m_axi_gmem2_ARLEN          |  out|   32|       m_axi|         gmem2|       pointer|
|m_axi_gmem2_ARSIZE         |  out|    3|       m_axi|         gmem2|       pointer|
|m_axi_gmem2_ARBURST        |  out|    2|       m_axi|         gmem2|       pointer|
|m_axi_gmem2_ARLOCK         |  out|    2|       m_axi|         gmem2|       pointer|
|m_axi_gmem2_ARCACHE        |  out|    4|       m_axi|         gmem2|       pointer|
|m_axi_gmem2_ARPROT         |  out|    3|       m_axi|         gmem2|       pointer|
|m_axi_gmem2_ARQOS          |  out|    4|       m_axi|         gmem2|       pointer|
|m_axi_gmem2_ARREGION       |  out|    4|       m_axi|         gmem2|       pointer|
|m_axi_gmem2_ARUSER         |  out|    1|       m_axi|         gmem2|       pointer|
|m_axi_gmem2_RVALID         |   in|    1|       m_axi|         gmem2|       pointer|
|m_axi_gmem2_RREADY         |  out|    1|       m_axi|         gmem2|       pointer|
|m_axi_gmem2_RDATA          |   in|   64|       m_axi|         gmem2|       pointer|
|m_axi_gmem2_RLAST          |   in|    1|       m_axi|         gmem2|       pointer|
|m_axi_gmem2_RID            |   in|    1|       m_axi|         gmem2|       pointer|
|m_axi_gmem2_RFIFONUM       |   in|    9|       m_axi|         gmem2|       pointer|
|m_axi_gmem2_RUSER          |   in|    1|       m_axi|         gmem2|       pointer|
|m_axi_gmem2_RRESP          |   in|    2|       m_axi|         gmem2|       pointer|
|m_axi_gmem2_BVALID         |   in|    1|       m_axi|         gmem2|       pointer|
|m_axi_gmem2_BREADY         |  out|    1|       m_axi|         gmem2|       pointer|
|m_axi_gmem2_BRESP          |   in|    2|       m_axi|         gmem2|       pointer|
|m_axi_gmem2_BID            |   in|    1|       m_axi|         gmem2|       pointer|
|m_axi_gmem2_BUSER          |   in|    1|       m_axi|         gmem2|       pointer|
|dout_dout                  |   in|   64|     ap_fifo|          dout|       pointer|
|dout_num_data_valid        |   in|    4|     ap_fifo|          dout|       pointer|
|dout_fifo_cap              |   in|    4|     ap_fifo|          dout|       pointer|
|dout_empty_n               |   in|    1|     ap_fifo|          dout|       pointer|
|dout_read                  |  out|    1|     ap_fifo|          dout|       pointer|
|iter_dout                  |   in|   18|     ap_fifo|          iter|       pointer|
|iter_num_data_valid        |   in|    3|     ap_fifo|          iter|       pointer|
|iter_fifo_cap              |   in|    3|     ap_fifo|          iter|       pointer|
|iter_empty_n               |   in|    1|     ap_fifo|          iter|       pointer|
|iter_read                  |  out|    1|     ap_fifo|          iter|       pointer|
+---------------------------+-----+-----+------------+--------------+--------------+

