

================================================================
== Vitis HLS Report for 'entry_proc74'
================================================================
* Date:           Tue Mar  3 21:26:52 2026

* Version:        2023.2 (Build 4023990 on Oct 11 2023)
* Project:        hls_project
* Solution:       solution1 (Vivado IP Flow Target)
* Product family: zynquplus
* Target device:  xck26-sfvc784-2LV-c


================================================================
== Performance Estimates
================================================================
+ Timing: 
    * Summary: 
    +--------+----------+----------+------------+
    |  Clock |  Target  | Estimated| Uncertainty|
    +--------+----------+----------+------------+
    |ap_clk  |  10.00 ns|  3.676 ns|     2.70 ns|
    +--------+----------+----------+------------+

+ Latency: 
    * Summary: 
    +---------+---------+----------+----------+-----+-----+---------+
    |  Latency (cycles) |  Latency (absolute) |  Interval | Pipeline|
    |   min   |   max   |    min   |    max   | min | max |   Type  |
    +---------+---------+----------+----------+-----+-----+---------+
    |        0|        0|      0 ns|      0 ns|    0|    0|       no|
    +---------+---------+----------+----------+-----+-----+---------+

    + Detail: 
        * Instance: 
        N/A

        * Loop: 
        N/A



================================================================
== Utilization Estimates
================================================================
* Summary: 
+-----------------+---------+------+--------+--------+-----+
|       Name      | BRAM_18K|  DSP |   FF   |   LUT  | URAM|
+-----------------+---------+------+--------+--------+-----+
|DSP              |        -|     -|       -|       -|    -|
|Expression       |        -|     -|       0|       2|    -|
|FIFO             |        -|     -|       -|       -|    -|
|Instance         |        -|     -|       -|       -|    -|
|Memory           |        -|     -|       -|       -|    -|
|Multiplexer      |        -|     -|       -|      36|    -|
|Register         |        -|     -|      34|       -|    -|
+-----------------+---------+------+--------+--------+-----+
|Total            |        0|     0|      34|      38|    0|
+-----------------+---------+------+--------+--------+-----+
|Available        |      288|  1248|  234240|  117120|   64|
+-----------------+---------+------+--------+--------+-----+
|Utilization (%)  |        0|     0|      ~0|      ~0|    0|
+-----------------+---------+------+--------+--------+-----+

+ Detail: 
    * Instance: 
    N/A

    * DSP: 
    N/A

    * Memory: 
    N/A

    * FIFO: 
    N/A

    * Expression: 
    +-----------------+----------+----+---+----+------------+------------+
    |  Variable Name  | Operation| DSP| FF| LUT| Bitwidth P0| Bitwidth P1|
    +-----------------+----------+----+---+----+------------+------------+
    |ap_block_state1  |        or|   0|  0|   2|           1|           1|
    +-----------------+----------+----+---+----+------------+------------+
    |Total            |          |   0|  0|   2|           1|           1|
    +-----------------+----------+----+---+----+------------+------------+

    * Multiplexer: 
    +----------------+----+-----------+-----+-----------+
    |      Name      | LUT| Input Size| Bits| Total Bits|
    +----------------+----+-----------+-----+-----------+
    |ap_done         |   9|          2|    1|          2|
    |iter_blk_n      |   9|          2|    1|          2|
    |iter_c20_blk_n  |   9|          2|    1|          2|
    |return_r        |   9|          2|   32|         64|
    +----------------+----+-----------+-----+-----------+
    |Total           |  36|          8|   35|         70|
    +----------------+----+-----------+-----+-----------+

    * Register: 
    +---------------+----+----+-----+-----------+
    |      Name     | FF | LUT| Bits| Const Bits|
    +---------------+----+----+-----+-----------+
    |ap_CS_fsm      |   1|   0|    1|          0|
    |ap_done_reg    |   1|   0|    1|          0|
    |return_r_preg  |  32|   0|   32|          0|
    +---------------+----+----+-----+-----------+
    |Total          |  34|   0|   34|          0|
    +---------------+----+----+-----+-----------+



================================================================
== Interface
================================================================
* Summary: 
+-------------------------+-----+-----+------------+--------------+--------------+
|        RTL Ports        | Dir | Bits|  Protocol  | Source Object|    C Type    |
+-------------------------+-----+-----+------------+--------------+--------------+
|ap_clk                   |   in|    1|  ap_ctrl_hs|  entry_proc74|  return value|
|ap_rst                   |   in|    1|  ap_ctrl_hs|  entry_proc74|  return value|
|ap_start                 |   in|    1|  ap_ctrl_hs|  entry_proc74|  return value|
|ap_done                  |  out|    1|  ap_ctrl_hs|  entry_proc74|  return value|
|ap_continue              |   in|    1|  ap_ctrl_hs|  entry_proc74|  return value|
|ap_idle                  |  out|    1|  ap_ctrl_hs|  entry_proc74|  return value|
|ap_ready                 |  out|    1|  ap_ctrl_hs|  entry_proc74|  return value|
|return_r                 |  out|   32|     ap_none|      return_r|       pointer|
|iter_dout                |   in|   32|     ap_fifo|          iter|       pointer|
|iter_num_data_valid      |   in|    3|     ap_fifo|          iter|       pointer|
|iter_fifo_cap            |   in|    3|     ap_fifo|          iter|       pointer|
|iter_empty_n             |   in|    1|     ap_fifo|          iter|       pointer|
|iter_read                |  out|    1|     ap_fifo|          iter|       pointer|
|iter_c20_din             |  out|   32|     ap_fifo|      iter_c20|       pointer|
|iter_c20_num_data_valid  |   in|    3|     ap_fifo|      iter_c20|       pointer|
|iter_c20_fifo_cap        |   in|    3|     ap_fifo|      iter_c20|       pointer|
|iter_c20_full_n          |   in|    1|     ap_fifo|      iter_c20|       pointer|
|iter_c20_write           |  out|    1|     ap_fifo|      iter_c20|       pointer|
+-------------------------+-----+-----+------------+--------------+--------------+

