

================================================================
== Vitis HLS Report for 'fft_fft_params_s'
================================================================
* Date:           Tue Mar  3 21:26:53 2026

* Version:        2023.2 (Build 4023990 on Oct 11 2023)
* Project:        hls_project
* Solution:       solution1 (Vivado IP Flow Target)
* Product family: zynquplus
* Target device:  xck26-sfvc784-2LV-c


================================================================
== Performance Estimates
================================================================
+ Timing: 
    * Summary: 
    +--------+----------+----------+------------+
    |  Clock |  Target  | Estimated| Uncertainty|
    +--------+----------+----------+------------+
    |ap_clk  |  10.00 ns|  7.300 ns|     2.70 ns|
    +--------+----------+----------+------------+

+ Latency: 
    * Summary: 
    +---------+---------+----------+----------+-------+-------+----------+
    |  Latency (cycles) |  Latency (absolute) |    Interval   | Pipeline |
    |   min   |   max   |    min   |    max   |  min  |  max  |   Type   |
    +---------+---------+----------+----------+-------+-------+----------+
    |    24727|    24727|  0.247 ms|  0.247 ms|  24728|  24728|  dataflow|
    +---------+---------+----------+----------+-------+-------+----------+

    + Detail: 
        * Instance: 
        +-------------------------+----------------------+---------+---------+----------+----------+-------+-------+---------+
        |                         |                      |  Latency (cycles) |  Latency (absolute) |    Interval   | Pipeline|
        |         Instance        |        Module        |   min   |   max   |    min   |    max   |  min  |  max  |   Type  |
        +-------------------------+----------------------+---------+---------+----------+----------+-------+-------+---------+
        |fft_syn_fft_params_3_U0  |fft_syn_fft_params_3  |    24727|    24727|  0.247 ms|  0.247 ms|  24727|  24727|       no|
        +-------------------------+----------------------+---------+---------+----------+----------+-------+-------+---------+

        * Loop: 
        N/A



================================================================
== Utilization Estimates
================================================================
* Summary: 
+-----------------+---------+------+--------+--------+-----+
|       Name      | BRAM_18K|  DSP |   FF   |   LUT  | URAM|
+-----------------+---------+------+--------+--------+-----+
|DSP              |        -|     -|       -|       -|    -|
|Expression       |        -|     -|       -|       -|    -|
|FIFO             |        -|     -|       -|       -|    -|
|Instance         |       33|     0|   13222|   10829|    -|
|Memory           |        -|     -|       -|       -|    -|
|Multiplexer      |        -|     -|       -|       -|    -|
|Register         |        -|     -|       -|       -|    -|
+-----------------+---------+------+--------+--------+-----+
|Total            |       33|     0|   13222|   10829|    0|
+-----------------+---------+------+--------+--------+-----+
|Available        |      288|  1248|  234240|  117120|   64|
+-----------------+---------+------+--------+--------+-----+
|Utilization (%)  |       11|     0|       5|       9|    0|
+-----------------+---------+------+--------+--------+-----+

+ Detail: 
    * Instance: 
    +-------------------------+----------------------+---------+----+-------+-------+-----+
    |         Instance        |        Module        | BRAM_18K| DSP|   FF  |  LUT  | URAM|
    +-------------------------+----------------------+---------+----+-------+-------+-----+
    |fft_syn_fft_params_3_U0  |fft_syn_fft_params_3  |       33|   0|  13222|  10829|    0|
    +-------------------------+----------------------+---------+----+-------+-------+-----+
    |Total                    |                      |       33|   0|  13222|  10829|    0|
    +-------------------------+----------------------+---------+----+-------+-------+-----+

    * DSP: 
    N/A

    * Memory: 
    N/A

    * FIFO: 
    N/A

    * Expression: 
    N/A

    * Multiplexer: 
    N/A

    * Register: 
    N/A



================================================================
== Interface
================================================================
* Summary: 
+----------------------+-----+-----+--------------+-----------------+--------------+
|       RTL Ports      | Dir | Bits|   Protocol   |  Source Object  |    C Type    |
+----------------------+-----+-----+--------------+-----------------+--------------+
|twiddle_out1_dout     |   in|   32|       ap_fifo|     twiddle_out1|       pointer|
|twiddle_out1_empty_n  |   in|    1|       ap_fifo|     twiddle_out1|       pointer|
|twiddle_out1_read     |  out|    1|       ap_fifo|     twiddle_out1|       pointer|
|fft2_out1_din         |  out|   32|       ap_fifo|        fft2_out1|       pointer|
|fft2_out1_full_n      |   in|    1|       ap_fifo|        fft2_out1|       pointer|
|fft2_out1_write       |  out|    1|       ap_fifo|        fft2_out1|       pointer|
|fft_status_din        |  out|    8|       ap_fifo|       fft_status|       pointer|
|fft_status_full_n     |   in|    1|       ap_fifo|       fft_status|       pointer|
|fft_status_write      |  out|    1|       ap_fifo|       fft_status|       pointer|
|fft_config_dout       |   in|   16|       ap_fifo|       fft_config|       pointer|
|fft_config_empty_n    |   in|    1|       ap_fifo|       fft_config|       pointer|
|fft_config_read       |  out|    1|       ap_fifo|       fft_config|       pointer|
|ap_clk                |   in|    1|  ap_ctrl_none|  fft<fft_params>|  return value|
|ap_rst                |   in|    1|  ap_ctrl_none|  fft<fft_params>|  return value|
|ap_ready              |  out|    1|  ap_ctrl_none|  fft<fft_params>|  return value|
+----------------------+-----+-----+--------------+-----------------+--------------+

