

================================================================
== Vitis HLS Report for 'get_phase_factor'
================================================================
* Date:           Tue Mar  3 21:26:52 2026

* Version:        2023.2 (Build 4023990 on Oct 11 2023)
* Project:        hls_project
* Solution:       solution1 (Vivado IP Flow Target)
* Product family: zynquplus
* Target device:  xck26-sfvc784-2LV-c


================================================================
== Performance Estimates
================================================================
+ Timing: 
    * Summary: 
    +--------+----------+----------+------------+
    |  Clock |  Target  | Estimated| Uncertainty|
    +--------+----------+----------+------------+
    |ap_clk  |  10.00 ns|  1.237 ns|     2.70 ns|
    +--------+----------+----------+------------+

+ Latency: 
    * Summary: 
    +---------+---------+-----------+-----------+-----+-----+---------+
    |  Latency (cycles) |   Latency (absolute)  |  Interval | Pipeline|
    |   min   |   max   |    min    |    max    | min | max |   Type  |
    +---------+---------+-----------+-----------+-----+-----+---------+
    |        1|        1|  10.000 ns|  10.000 ns|    1|    1|      yes|
    +---------+---------+-----------+-----------+-----+-----+---------+

    + Detail: 
        * Instance: 
        N/A

        * Loop: 
        N/A



================================================================
== Utilization Estimates
================================================================
* Summary: 
+-----------------+---------+------+--------+--------+-----+
|       Name      | BRAM_18K|  DSP |   FF   |   LUT  | URAM|
+-----------------+---------+------+--------+--------+-----+
|DSP              |        -|     -|       -|       -|    -|
|Expression       |        -|     -|       0|       2|    -|
|FIFO             |        -|     -|       -|       -|    -|
|Instance         |        -|     -|       -|       -|    -|
|Memory           |       16|     -|       0|       0|    -|
|Multiplexer      |        -|     -|       -|       -|    -|
|Register         |        -|     -|       2|       -|    -|
+-----------------+---------+------+--------+--------+-----+
|Total            |       16|     0|       2|       2|    0|
+-----------------+---------+------+--------+--------+-----+
|Available        |      288|  1248|  234240|  117120|   64|
+-----------------+---------+------+--------+--------+-----+
|Utilization (%)  |        5|     0|      ~0|      ~0|    0|
+-----------------+---------+------+--------+--------+-----+

+ Detail: 
    * Instance: 
    N/A

    * DSP: 
    N/A

    * Memory: 
    +---------+------------------------------------+---------+---+----+-----+------+-----+------+-------------+
    |  Memory |               Module               | BRAM_18K| FF| LUT| URAM| Words| Bits| Banks| W*Bits*Banks|
    +---------+------------------------------------+---------+---+----+-----+------+-----+------+-------------+
    |w_lut_U  |get_phase_factor_w_lut_ROM_AUTO_1R  |       16|  0|   0|    0|  8192|   35|     1|       286720|
    +---------+------------------------------------+---------+---+----+-----+------+-----+------+-------------+
    |Total    |                                    |       16|  0|   0|    0|  8192|   35|     1|       286720|
    +---------+------------------------------------+---------+---+----+-----+------+-----+------+-------------+

    * FIFO: 
    N/A

    * Expression: 
    +---------------+----------+----+---+----+------------+------------+
    | Variable Name | Operation| DSP| FF| LUT| Bitwidth P0| Bitwidth P1|
    +---------------+----------+----+---+----+------------+------------+
    |ap_enable_pp0  |       xor|   0|  0|   2|           1|           2|
    +---------------+----------+----+---+----+------------+------------+
    |Total          |          |   0|  0|   2|           1|           2|
    +---------------+----------+----+---+----+------------+------------+

    * Multiplexer: 
    N/A

    * Register: 
    +-------------------------+---+----+-----+-----------+
    |           Name          | FF| LUT| Bits| Const Bits|
    +-------------------------+---+----+-----+-----------+
    |ap_CS_fsm                |  1|   0|    1|          0|
    |ap_enable_reg_pp0_iter1  |  1|   0|    1|          0|
    +-------------------------+---+----+-----+-----------+
    |Total                    |  2|   0|    2|          0|
    +-------------------------+---+----+-----+-----------+



================================================================
== Interface
================================================================
* Summary: 
+-------------+-----+-----+------------+------------------+--------------+
|  RTL Ports  | Dir | Bits|  Protocol  |   Source Object  |    C Type    |
+-------------+-----+-----+------------+------------------+--------------+
|ap_clk       |   in|    1|  ap_ctrl_hs|  get_phase_factor|  return value|
|ap_rst       |   in|    1|  ap_ctrl_hs|  get_phase_factor|  return value|
|ap_start     |   in|    1|  ap_ctrl_hs|  get_phase_factor|  return value|
|ap_done      |  out|    1|  ap_ctrl_hs|  get_phase_factor|  return value|
|ap_idle      |  out|    1|  ap_ctrl_hs|  get_phase_factor|  return value|
|ap_ready     |  out|    1|  ap_ctrl_hs|  get_phase_factor|  return value|
|ap_ce        |   in|    1|  ap_ctrl_hs|  get_phase_factor|  return value|
|ap_return_0  |  out|   18|  ap_ctrl_hs|  get_phase_factor|  return value|
|ap_return_1  |  out|   18|  ap_ctrl_hs|  get_phase_factor|  return value|
|i            |   in|   13|     ap_none|                 i|        scalar|
+-------------+-----+-----+------------+------------------+--------------+

