

================================================================
== Vitis HLS Report for 'joiner'
================================================================
* Date:           Tue Mar  3 21:26:53 2026

* Version:        2023.2 (Build 4023990 on Oct 11 2023)
* Project:        hls_project
* Solution:       solution1 (Vivado IP Flow Target)
* Product family: zynquplus
* Target device:  xck26-sfvc784-2LV-c


================================================================
== Performance Estimates
================================================================
+ Timing: 
    * Summary: 
    +--------+----------+----------+------------+
    |  Clock |  Target  | Estimated| Uncertainty|
    +--------+----------+----------+------------+
    |ap_clk  |  10.00 ns|  3.676 ns|     2.70 ns|
    +--------+----------+----------+------------+

+ Latency: 
    * Summary: 
    +---------+---------+-----------+-----------+-----+------+---------+
    |  Latency (cycles) |   Latency (absolute)  |  Interval  | Pipeline|
    |   min   |   max   |    min    |    max    | min |  max |   Type  |
    +---------+---------+-----------+-----------+-----+------+---------+
    |        4|     8196|  40.000 ns|  81.960 us|    4|  8196|       no|
    +---------+---------+-----------+-----------+-----+------+---------+

    + Detail: 
        * Instance: 
        +-------------------------------------------------------------+---------------------------------------------------+---------+---------+-----------+-----------+-----+------+---------+
        |                                                             |                                                   |  Latency (cycles) |   Latency (absolute)  |  Interval  | Pipeline|
        |                           Instance                          |                       Module                      |   min   |   max   |    min    |    max    | min |  max |   Type  |
        +-------------------------------------------------------------+---------------------------------------------------+---------+---------+-----------+-----------+-----+------+---------+
        |grp_joiner_Pipeline_VITIS_LOOP_285_1_VITIS_LOOP_288_2_fu_73  |joiner_Pipeline_VITIS_LOOP_285_1_VITIS_LOOP_288_2  |        2|     8194|  20.000 ns|  81.940 us|    2|  8194|       no|
        +-------------------------------------------------------------+---------------------------------------------------+---------+---------+-----------+-----------+-----+------+---------+

        * Loop: 
        N/A



================================================================
== Utilization Estimates
================================================================
* Summary: 
+-----------------+---------+------+--------+--------+-----+
|       Name      | BRAM_18K|  DSP |   FF   |   LUT  | URAM|
+-----------------+---------+------+--------+--------+-----+
|DSP              |        -|     -|       -|       -|    -|
|Expression       |        -|     -|       0|       2|    -|
|FIFO             |        -|     -|       -|       -|    -|
|Instance         |        -|     -|      49|     173|    -|
|Memory           |        -|     -|       -|       -|    -|
|Multiplexer      |        -|     -|       -|      74|    -|
|Register         |        -|     -|      69|       -|    -|
+-----------------+---------+------+--------+--------+-----+
|Total            |        0|     0|     118|     249|    0|
+-----------------+---------+------+--------+--------+-----+
|Available        |      288|  1248|  234240|  117120|   64|
+-----------------+---------+------+--------+--------+-----+
|Utilization (%)  |        0|     0|      ~0|      ~0|    0|
+-----------------+---------+------+--------+--------+-----+

+ Detail: 
    * Instance: 
    +-------------------------------------------------------------+---------------------------------------------------+---------+----+----+-----+-----+
    |                           Instance                          |                       Module                      | BRAM_18K| DSP| FF | LUT | URAM|
    +-------------------------------------------------------------+---------------------------------------------------+---------+----+----+-----+-----+
    |grp_joiner_Pipeline_VITIS_LOOP_285_1_VITIS_LOOP_288_2_fu_73  |joiner_Pipeline_VITIS_LOOP_285_1_VITIS_LOOP_288_2  |        0|   0|  49|  173|    0|
    +-------------------------------------------------------------+---------------------------------------------------+---------+----+----+-----+-----+
    |Total                                                        |                                                   |        0|   0|  49|  173|    0|
    +-------------------------------------------------------------+---------------------------------------------------+---------+----+----+-----+-----+

    * DSP: 
    N/A

    * Memory: 
    N/A

    * FIFO: 
    N/A

    * Expression: 
    +-----------------+----------+----+---+----+------------+------------+
    |  Variable Name  | Operation| DSP| FF| LUT| Bitwidth P0| Bitwidth P1|
    +-----------------+----------+----+---+----+------------+------------+
    |ap_block_state1  |        or|   0|  0|   2|           1|           1|
    +-----------------+----------+----+---+----+------------+------------+
    |Total            |          |   0|  0|   2|           1|           1|
    +-----------------+----------+----+---+----+------------+------------+

    * Multiplexer: 
    +------------------+----+-----------+-----+-----------+
    |       Name       | LUT| Input Size| Bits| Total Bits|
    +------------------+----+-----------+-----+-----------+
    |ap_NS_fsm         |  20|          4|    1|          4|
    |ap_done           |   9|          2|    1|          2|
    |fft2_out0_read    |   9|          2|    1|          2|
    |fft2_out1_read    |   9|          2|    1|          2|
    |iter_blk_n        |   9|          2|    1|          2|
    |iter_c_blk_n      |   9|          2|    1|          2|
    |joiner_out_write  |   9|          2|    1|          2|
    +------------------+----+-----------+-----+-----------+
    |Total             |  74|         16|    7|         16|
    +------------------+----+-----------+-----+-----------+

    * Register: 
    +--------------------------------------------------------------------------+----+----+-----+-----------+
    |                                   Name                                   | FF | LUT| Bits| Const Bits|
    +--------------------------------------------------------------------------+----+----+-----+-----------+
    |ap_CS_fsm                                                                 |   3|   0|    3|          0|
    |ap_done_reg                                                               |   1|   0|    1|          0|
    |grp_joiner_Pipeline_VITIS_LOOP_285_1_VITIS_LOOP_288_2_fu_73_ap_start_reg  |   1|   0|    1|          0|
    |iter_4_reg_97                                                             |  32|   0|   32|          0|
    |tmp_reg_102                                                               |  32|   0|   45|         13|
    +--------------------------------------------------------------------------+----+----+-----+-----------+
    |Total                                                                     |  69|   0|   82|         13|
    +--------------------------------------------------------------------------+----+----+-----+-----------+



================================================================
== Interface
================================================================
* Summary: 
+---------------------------+-----+-----+------------+--------------+--------------+
|         RTL Ports         | Dir | Bits|  Protocol  | Source Object|    C Type    |
+---------------------------+-----+-----+------------+--------------+--------------+
|ap_clk                     |   in|    1|  ap_ctrl_hs|        joiner|  return value|
|ap_rst                     |   in|    1|  ap_ctrl_hs|        joiner|  return value|
|ap_start                   |   in|    1|  ap_ctrl_hs|        joiner|  return value|
|ap_done                    |  out|    1|  ap_ctrl_hs|        joiner|  return value|
|ap_continue                |   in|    1|  ap_ctrl_hs|        joiner|  return value|
|ap_idle                    |  out|    1|  ap_ctrl_hs|        joiner|  return value|
|ap_ready                   |  out|    1|  ap_ctrl_hs|        joiner|  return value|
|fft2_out0_dout             |   in|   32|     ap_fifo|     fft2_out0|       pointer|
|fft2_out0_num_data_valid   |   in|    3|     ap_fifo|     fft2_out0|       pointer|
|fft2_out0_fifo_cap         |   in|    3|     ap_fifo|     fft2_out0|       pointer|
|fft2_out0_empty_n          |   in|    1|     ap_fifo|     fft2_out0|       pointer|
|fft2_out0_read             |  out|    1|     ap_fifo|     fft2_out0|       pointer|
|fft2_out1_dout             |   in|   32|     ap_fifo|     fft2_out1|       pointer|
|fft2_out1_num_data_valid   |   in|    3|     ap_fifo|     fft2_out1|       pointer|
|fft2_out1_fifo_cap         |   in|    3|     ap_fifo|     fft2_out1|       pointer|
|fft2_out1_empty_n          |   in|    1|     ap_fifo|     fft2_out1|       pointer|
|fft2_out1_read             |  out|    1|     ap_fifo|     fft2_out1|       pointer|
|joiner_out_din             |  out|   64|     ap_fifo|    joiner_out|       pointer|
|joiner_out_num_data_valid  |   in|    3|     ap_fifo|    joiner_out|       pointer|
|joiner_out_fifo_cap        |   in|    3|     ap_fifo|    joiner_out|       pointer|
|joiner_out_full_n          |   in|    1|     ap_fifo|    joiner_out|       pointer|
|joiner_out_write           |  out|    1|     ap_fifo|    joiner_out|       pointer|
|iter_dout                  |   in|   32|     ap_fifo|          iter|       pointer|
|iter_num_data_valid        |   in|    3|     ap_fifo|          iter|       pointer|
|iter_fifo_cap              |   in|    3|     ap_fifo|          iter|       pointer|
|iter_empty_n               |   in|    1|     ap_fifo|          iter|       pointer|
|iter_read                  |  out|    1|     ap_fifo|          iter|       pointer|
|iter_c_din                 |  out|   18|     ap_fifo|        iter_c|       pointer|
|iter_c_num_data_valid      |   in|    3|     ap_fifo|        iter_c|       pointer|
|iter_c_fifo_cap            |   in|    3|     ap_fifo|        iter_c|       pointer|
|iter_c_full_n              |   in|    1|     ap_fifo|        iter_c|       pointer|
|iter_c_write               |  out|    1|     ap_fifo|        iter_c|       pointer|
+---------------------------+-----+-----+------------+--------------+--------------+

