

================================================================
== Vitis HLS Report for 'radix2p_Pipeline_VITIS_LOOP_172_1_VITIS_LOOP_175_2'
================================================================
* Date:           Tue Mar  3 21:26:51 2026

* Version:        2023.2 (Build 4023990 on Oct 11 2023)
* Project:        hls_project
* Solution:       solution1 (Vivado IP Flow Target)
* Product family: zynquplus
* Target device:  xck26-sfvc784-2LV-c


================================================================
== Performance Estimates
================================================================
+ Timing: 
    * Summary: 
    +--------+----------+----------+------------+
    |  Clock |  Target  | Estimated| Uncertainty|
    +--------+----------+----------+------------+
    |ap_clk  |  10.00 ns|  4.529 ns|     2.70 ns|
    +--------+----------+----------+------------+

+ Latency: 
    * Summary: 
    +---------+---------+-----------+-----------+-----+------+---------+
    |  Latency (cycles) |   Latency (absolute)  |  Interval  | Pipeline|
    |   min   |   max   |    min    |    max    | min |  max |   Type  |
    +---------+---------+-----------+-----------+-----+------+---------+
    |        2|     8194|  20.000 ns|  81.940 us|    2|  8194|       no|
    +---------+---------+-----------+-----------+-----+------+---------+

    + Detail: 
        * Instance: 
        N/A

        * Loop: 
        +-------------------------------------+---------+---------+----------+-----------+-----------+----------+----------+
        |                                     |  Latency (cycles) | Iteration|  Initiation Interval  |   Trip   |          |
        |              Loop Name              |   min   |   max   |  Latency |  achieved |   target  |   Count  | Pipelined|
        +-------------------------------------+---------+---------+----------+-----------+-----------+----------+----------+
        |- VITIS_LOOP_172_1_VITIS_LOOP_175_2  |        0|     8192|         2|          1|          1|  0 ~ 8192|       yes|
        +-------------------------------------+---------+---------+----------+-----------+-----------+----------+----------+



================================================================
== Utilization Estimates
================================================================
* Summary: 
+-----------------+---------+------+--------+--------+-----+
|       Name      | BRAM_18K|  DSP |   FF   |   LUT  | URAM|
+-----------------+---------+------+--------+--------+-----+
|DSP              |        -|     -|       -|       -|    -|
|Expression       |        -|     -|       0|     206|    -|
|FIFO             |        -|     -|       -|       -|    -|
|Instance         |        -|     -|       -|       -|    -|
|Memory           |        -|     -|       -|       -|    -|
|Multiplexer      |        -|     -|       -|      54|    -|
|Register         |        -|     -|      49|       -|    -|
+-----------------+---------+------+--------+--------+-----+
|Total            |        0|     0|      49|     260|    0|
+-----------------+---------+------+--------+--------+-----+
|Available        |      288|  1248|  234240|  117120|   64|
+-----------------+---------+------+--------+--------+-----+
|Utilization (%)  |        0|     0|      ~0|      ~0|    0|
+-----------------+---------+------+--------+--------+-----+

+ Detail: 
    * Instance: 
    N/A

    * DSP: 
    N/A

    * Memory: 
    N/A

    * FIFO: 
    N/A

    * Expression: 
    +----------------------------------+----------+----+---+----+------------+------------+
    |           Variable Name          | Operation| DSP| FF| LUT| Bitwidth P0| Bitwidth P1|
    +----------------------------------+----------+----+---+----+------------+------------+
    |a_fu_147_p2                       |         +|   0|  0|  24|          17|          17|
    |add_ln172_fu_94_p2                |         +|   0|  0|  52|          45|           1|
    |b_fu_161_p2                       |         +|   0|  0|  24|          17|          17|
    |c_fu_167_p2                       |         -|   0|  0|  24|          17|          17|
    |d_fu_173_p2                       |         -|   0|  0|  24|          17|          17|
    |ap_block_pp0_stage0_01001         |       and|   0|  0|   2|           1|           1|
    |icmp_ln172_fu_89_p2               |      icmp|   0|  0|  52|          45|          45|
    |ap_block_state3_pp0_stage0_iter2  |        or|   0|  0|   2|           1|           1|
    |ap_enable_pp0                     |       xor|   0|  0|   2|           1|           2|
    +----------------------------------+----------+----+---+----+------------+------------+
    |Total                             |          |   0|  0| 206|         161|         118|
    +----------------------------------+----------+----+---+----+------------+------------+

    * Multiplexer: 
    +-------------------------+----+-----------+-----+-----------+
    |           Name          | LUT| Input Size| Bits| Total Bits|
    +-------------------------+----+-----------+-----+-----------+
    |ap_done_int              |   9|          2|    1|          2|
    |ap_enable_reg_pp0_iter1  |   9|          2|    1|          2|
    |ap_enable_reg_pp0_iter2  |   9|          2|    1|          2|
    |fft1_out_blk_n           |   9|          2|    1|          2|
    |indvar_flatten_fu_58     |   9|          2|   45|         90|
    |reorder_out_blk_n        |   9|          2|    1|          2|
    +-------------------------+----+-----------+-----+-----------+
    |Total                    |  54|         12|   50|        100|
    +-------------------------+----+-----------+-----+-----------+

    * Register: 
    +-------------------------+----+----+-----+-----------+
    |           Name          | FF | LUT| Bits| Const Bits|
    +-------------------------+----+----+-----+-----------+
    |ap_CS_fsm                |   1|   0|    1|          0|
    |ap_done_reg              |   1|   0|    1|          0|
    |ap_enable_reg_pp0_iter1  |   1|   0|    1|          0|
    |ap_enable_reg_pp0_iter2  |   1|   0|    1|          0|
    |indvar_flatten_fu_58     |  45|   0|   45|          0|
    +-------------------------+----+----+-----+-----------+
    |Total                    |  49|   0|   49|          0|
    +-------------------------+----+----+-----+-----------+



================================================================
== Interface
================================================================
* Summary: 
+----------------------------+-----+-----+------------+----------------------------------------------------+--------------+
|          RTL Ports         | Dir | Bits|  Protocol  |                    Source Object                   |    C Type    |
+----------------------------+-----+-----+------------+----------------------------------------------------+--------------+
|ap_clk                      |   in|    1|  ap_ctrl_hs|  radix2p_Pipeline_VITIS_LOOP_172_1_VITIS_LOOP_175_2|  return value|
|ap_rst                      |   in|    1|  ap_ctrl_hs|  radix2p_Pipeline_VITIS_LOOP_172_1_VITIS_LOOP_175_2|  return value|
|ap_start                    |   in|    1|  ap_ctrl_hs|  radix2p_Pipeline_VITIS_LOOP_172_1_VITIS_LOOP_175_2|  return value|
|ap_done                     |  out|    1|  ap_ctrl_hs|  radix2p_Pipeline_VITIS_LOOP_172_1_VITIS_LOOP_175_2|  return value|
|ap_idle                     |  out|    1|  ap_ctrl_hs|  radix2p_Pipeline_VITIS_LOOP_172_1_VITIS_LOOP_175_2|  return value|
|ap_ready                    |  out|    1|  ap_ctrl_hs|  radix2p_Pipeline_VITIS_LOOP_172_1_VITIS_LOOP_175_2|  return value|
|reorder_out_dout            |   in|   64|     ap_fifo|                                         reorder_out|       pointer|
|reorder_out_num_data_valid  |   in|    3|     ap_fifo|                                         reorder_out|       pointer|
|reorder_out_fifo_cap        |   in|    3|     ap_fifo|                                         reorder_out|       pointer|
|reorder_out_empty_n         |   in|    1|     ap_fifo|                                         reorder_out|       pointer|
|reorder_out_read            |  out|    1|     ap_fifo|                                         reorder_out|       pointer|
|fft1_out_din                |  out|   64|     ap_fifo|                                            fft1_out|       pointer|
|fft1_out_num_data_valid     |   in|    3|     ap_fifo|                                            fft1_out|       pointer|
|fft1_out_fifo_cap           |   in|    3|     ap_fifo|                                            fft1_out|       pointer|
|fft1_out_full_n             |   in|    1|     ap_fifo|                                            fft1_out|       pointer|
|fft1_out_write              |  out|    1|     ap_fifo|                                            fft1_out|       pointer|
|bound                       |   in|   45|     ap_none|                                               bound|        scalar|
+----------------------------+-----+-----+------------+----------------------------------------------------+--------------+

