

================================================================
== Vitis HLS Report for 'reorder'
================================================================
* Date:           Tue Mar  3 21:26:51 2026

* Version:        2023.2 (Build 4023990 on Oct 11 2023)
* Project:        hls_project
* Solution:       solution1 (Vivado IP Flow Target)
* Product family: zynquplus
* Target device:  xck26-sfvc784-2LV-c


================================================================
== Performance Estimates
================================================================
+ Timing: 
    * Summary: 
    +--------+----------+----------+------------+
    |  Clock |  Target  | Estimated| Uncertainty|
    +--------+----------+----------+------------+
    |ap_clk  |  10.00 ns|  3.676 ns|     2.70 ns|
    +--------+----------+----------+------------+

+ Latency: 
    * Summary: 
    +---------+---------+-----------+----------+------+-------+---------+
    |  Latency (cycles) |  Latency (absolute)  |   Interval   | Pipeline|
    |   min   |   max   |    min    |    max   |  min |  max  |   Type  |
    +---------+---------+-----------+----------+------+-------+---------+
    |     8200|    16392|  82.000 us|  0.164 ms|  8200|  16392|       no|
    +---------+---------+-----------+----------+------+-------+---------+

    + Detail: 
        * Instance: 
        +-------------------------------------------------+--------------------------------------+---------+---------+-----------+-----------+------+------+---------+
        |                                                 |                                      |  Latency (cycles) |   Latency (absolute)  |   Interval  | Pipeline|
        |                     Instance                    |                Module                |   min   |   max   |    min    |    max    |  min |  max |   Type  |
        +-------------------------------------------------+--------------------------------------+---------+---------+-----------+-----------+------+------+---------+
        |grp_reorder_Pipeline_pipeup_l1_pipeup_l2_fu_390  |reorder_Pipeline_pipeup_l1_pipeup_l2  |     8194|     8194|  81.940 us|  81.940 us|  8194|  8194|       no|
        +-------------------------------------------------+--------------------------------------+---------+---------+-----------+-----------+------+------+---------+

        * Loop: 
        +------------------------+---------+---------+----------+-----------+-----------+----------+----------+
        |                        |  Latency (cycles) | Iteration|  Initiation Interval  |   Trip   |          |
        |        Loop Name       |   min   |   max   |  Latency |  achieved |   target  |   Count  | Pipelined|
        +------------------------+---------+---------+----------+-----------+-----------+----------+----------+
        |- iter_loop_inner_loop  |        1|     8193|         3|          1|          1|  0 ~ 8192|       yes|
        +------------------------+---------+---------+----------+-----------+-----------+----------+----------+



================================================================
== Utilization Estimates
================================================================
* Summary: 
+-----------------+---------+------+--------+--------+-----+
|       Name      | BRAM_18K|  DSP |   FF   |   LUT  | URAM|
+-----------------+---------+------+--------+--------+-----+
|DSP              |        -|     -|       -|       -|    -|
|Expression       |        -|     -|       0|     700|    -|
|FIFO             |        -|     -|       -|       -|    -|
|Instance         |        -|     -|      33|     156|    -|
|Memory           |       64|     -|       0|       0|    0|
|Multiplexer      |        -|     -|       -|     536|    -|
|Register         |        -|     -|     381|       -|    -|
+-----------------+---------+------+--------+--------+-----+
|Total            |       64|     0|     414|    1392|    0|
+-----------------+---------+------+--------+--------+-----+
|Available        |      288|  1248|  234240|  117120|   64|
+-----------------+---------+------+--------+--------+-----+
|Utilization (%)  |       22|     0|      ~0|       1|    0|
+-----------------+---------+------+--------+--------+-----+

+ Detail: 
    * Instance: 
    +-------------------------------------------------+--------------------------------------+---------+----+----+-----+-----+
    |                     Instance                    |                Module                | BRAM_18K| DSP| FF | LUT | URAM|
    +-------------------------------------------------+--------------------------------------+---------+----+----+-----+-----+
    |grp_reorder_Pipeline_pipeup_l1_pipeup_l2_fu_390  |reorder_Pipeline_pipeup_l1_pipeup_l2  |        0|   0|  33|  156|    0|
    +-------------------------------------------------+--------------------------------------+---------+----+----+-----+-----+
    |Total                                            |                                      |        0|   0|  33|  156|    0|
    +-------------------------------------------------+--------------------------------------+---------+----+----+-----+-----+

    * DSP: 
    N/A

    * Memory: 
    +------------+--------------------------------+---------+---+----+-----+------+-----+------+-------------+
    |   Memory   |             Module             | BRAM_18K| FF| LUT| URAM| Words| Bits| Banks| W*Bits*Banks|
    +------------+--------------------------------+---------+---+----+-----+------+-----+------+-------------+
    |buff_0_0_U  |reorder_buff_0_0_RAM_AUTO_1R1W  |       16|  0|   0|    0|  8192|   32|     1|       262144|
    |buff_0_1_U  |reorder_buff_0_0_RAM_AUTO_1R1W  |       16|  0|   0|    0|  8192|   32|     1|       262144|
    |buff_1_0_U  |reorder_buff_0_0_RAM_AUTO_1R1W  |       16|  0|   0|    0|  8192|   32|     1|       262144|
    |buff_1_1_U  |reorder_buff_0_0_RAM_AUTO_1R1W  |       16|  0|   0|    0|  8192|   32|     1|       262144|
    +------------+--------------------------------+---------+---+----+-----+------+-----+------+-------------+
    |Total       |                                |       64|  0|   0|    0| 32768|  128|     4|      1048576|
    +------------+--------------------------------+---------+---+----+-----+------+-----+------+-------------+

    * FIFO: 
    N/A

    * Expression: 
    +----------------------------------+----------+----+---+----+------------+------------+
    |           Variable Name          | Operation| DSP| FF| LUT| Bitwidth P0| Bitwidth P1|
    +----------------------------------+----------+----+---+----+------------+------------+
    |add_ln129_fu_417_p2               |         +|   0|  0|  52|          45|           1|
    |add_ln133_fu_532_p2               |         +|   0|  0|  21|          14|           1|
    |add_ln135_fu_474_p2               |         +|   0|  0|  21|          14|           1|
    |add_ln141_fu_567_p2               |         +|   0|  0|  20|          13|          13|
    |add_ln142_fu_591_p2               |         +|   0|  0|  20|          13|          13|
    |c_1_fu_639_p2                     |         +|   0|  0|  39|          32|           2|
    |j_2_fu_423_p2                     |         +|   0|  0|  38|          31|           1|
    |r_1_fu_633_p2                     |         +|   0|  0|  39|          32|           1|
    |sub_fu_400_p2                     |         +|   0|  0|  39|          32|           2|
    |ap_block_state6_pp0_stage0_iter1  |       and|   0|  0|   2|           1|           1|
    |ap_block_state7_pp0_stage0_iter2  |       and|   0|  0|   2|           1|           1|
    |ap_condition_184                  |       and|   0|  0|   2|           1|           1|
    |ap_predicate_op75_read_state6     |       and|   0|  0|   2|           1|           1|
    |cmp25_fu_455_p2                   |      icmp|   0|  0|  39|          32|          32|
    |icmp_ln129_fu_412_p2              |      icmp|   0|  0|  52|          45|          45|
    |icmp_ln135_fu_429_p2              |      icmp|   0|  0|  22|          14|          15|
    |icmp_ln144_fu_627_p2              |      icmp|   0|  0|  39|          32|          13|
    |ap_block_pp0_stage0_01001         |        or|   0|  0|   2|           1|           1|
    |ap_block_state1                   |        or|   0|  0|   2|           1|           1|
    |c_3_fu_654_p3                     |    select|   0|  0|  32|           1|           1|
    |r_3_fu_645_p3                     |    select|   0|  0|  32|           1|          32|
    |select_ln129_1_fu_486_p3          |    select|   0|  0|  32|           1|           1|
    |select_ln129_2_fu_494_p3          |    select|   0|  0|  32|           1|           1|
    |select_ln129_3_fu_443_p3          |    select|   0|  0|  31|           1|          31|
    |select_ln129_4_fu_502_p3          |    select|   0|  0|   2|           1|           1|
    |select_ln129_5_fu_509_p3          |    select|   0|  0|   2|           1|           1|
    |select_ln129_fu_435_p3            |    select|   0|  0|  14|           1|           1|
    |select_ln155_fu_692_p3            |    select|   0|  0|  32|           1|          32|
    |select_ln156_fu_685_p3            |    select|   0|  0|  32|           1|          32|
    |ap_enable_pp0                     |       xor|   0|  0|   2|           1|           2|
    |rd_3_fu_669_p2                    |       xor|   0|  0|   2|           1|           2|
    |wr_3_fu_663_p2                    |       xor|   0|  0|   2|           1|           2|
    +----------------------------------+----------+----+---+----+------------+------------+
    |Total                             |          |   0|  0| 700|         368|         285|
    +----------------------------------+----------+----+---+----+------------+------------+

    * Multiplexer: 
    +-----------------------------+----+-----------+-----+-----------+
    |             Name            | LUT| Input Size| Bits| Total Bits|
    +-----------------------------+----+-----------+-----+-----------+
    |ap_NS_fsm                    |  37|          7|    1|          7|
    |ap_done                      |   9|          2|    1|          2|
    |ap_enable_reg_pp0_iter1      |   9|          2|    1|          2|
    |ap_enable_reg_pp0_iter2      |  14|          3|    1|          3|
    |ap_phi_mux_c_phi_fu_350_p4   |   9|          2|   32|         64|
    |ap_phi_mux_j_phi_fu_306_p4   |   9|          2|   31|         62|
    |ap_phi_mux_r_phi_fu_361_p4   |   9|          2|   32|         64|
    |ap_phi_mux_rd_phi_fu_339_p4  |   9|          2|    1|          2|
    |ap_phi_mux_wr_phi_fu_328_p4  |   9|          2|    1|          2|
    |buff_0_0_address0            |  20|          4|   13|         52|
    |buff_0_0_ce0                 |  14|          3|    1|          3|
    |buff_0_0_d0                  |  20|          4|   32|        128|
    |buff_0_0_we0                 |  14|          3|    1|          3|
    |buff_0_1_address0            |  20|          4|   13|         52|
    |buff_0_1_ce0                 |  14|          3|    1|          3|
    |buff_0_1_d0                  |  20|          4|   32|        128|
    |buff_0_1_we0                 |  14|          3|    1|          3|
    |buff_1_0_address0            |  20|          4|   13|         52|
    |buff_1_0_ce0                 |  14|          3|    1|          3|
    |buff_1_0_d0                  |  20|          4|   32|        128|
    |buff_1_0_we0                 |  14|          3|    1|          3|
    |buff_1_1_address0            |  20|          4|   13|         52|
    |buff_1_1_ce0                 |  14|          3|    1|          3|
    |buff_1_1_d0                  |  20|          4|   32|        128|
    |buff_1_1_we0                 |  14|          3|    1|          3|
    |c_2_reg_379                  |  14|          3|   32|         96|
    |c_reg_346                    |   9|          2|   32|         64|
    |indvar_flatten8_reg_291      |   9|          2|   45|         90|
    |input_stream_blk_n           |   9|          2|    1|          2|
    |input_stream_read            |  14|          3|    1|          3|
    |iter_blk_n                   |   9|          2|    1|          2|
    |iter_c24_blk_n               |   9|          2|    1|          2|
    |j_reg_302                    |   9|          2|   31|         62|
    |k_reg_313                    |   9|          2|   14|         28|
    |r_2_reg_368                  |  14|          3|   32|         96|
    |r_reg_357                    |   9|          2|   32|         64|
    |rd_reg_335                   |   9|          2|    1|          2|
    |real_start                   |   9|          2|    1|          2|
    |reorder_out_blk_n            |   9|          2|    1|          2|
    |wr_reg_324                   |   9|          2|    1|          2|
    +-----------------------------+----+-----------+-----+-----------+
    |Total                        | 536|        113|  515|       1469|
    +-----------------------------+----+-----------+-----+-----------+

    * Register: 
    +--------------------------------------------------------------+----+----+-----+-----------+
    |                             Name                             | FF | LUT| Bits| Const Bits|
    +--------------------------------------------------------------+----+----+-----+-----------+
    |ap_CS_fsm                                                     |   6|   0|    6|          0|
    |ap_done_reg                                                   |   1|   0|    1|          0|
    |ap_enable_reg_pp0_iter0                                       |   1|   0|    1|          0|
    |ap_enable_reg_pp0_iter1                                       |   1|   0|    1|          0|
    |ap_enable_reg_pp0_iter2                                       |   1|   0|    1|          0|
    |c_2_reg_379                                                   |  32|   0|   32|          0|
    |c_reg_346                                                     |  32|   0|   32|          0|
    |cmp25_reg_758                                                 |   1|   0|    1|          0|
    |grp_reorder_Pipeline_pipeup_l1_pipeup_l2_fu_390_ap_start_reg  |   1|   0|    1|          0|
    |icmp_ln129_reg_736                                            |   1|   0|    1|          0|
    |icmp_ln129_reg_736_pp0_iter1_reg                              |   1|   0|    1|          0|
    |icmp_ln135_reg_745                                            |   1|   0|    1|          0|
    |indvar_flatten8_reg_291                                       |  45|   0|   45|          0|
    |iter_2_reg_720                                                |  32|   0|   32|          0|
    |j_reg_302                                                     |  31|   0|   31|          0|
    |k_reg_313                                                     |  14|   0|   14|          0|
    |lshr_ln1_reg_768                                              |  12|   0|   12|          0|
    |r_2_reg_368                                                   |  32|   0|   32|          0|
    |r_reg_357                                                     |  32|   0|   32|          0|
    |rd_2_fu_120                                                   |   1|   0|    1|          0|
    |rd_reg_335                                                    |   1|   0|    1|          0|
    |select_ln129_3_reg_753                                        |  31|   0|   31|          0|
    |select_ln129_4_reg_778                                        |   1|   0|    1|          0|
    |select_ln129_5_reg_783                                        |   1|   0|    1|          0|
    |start_once_reg                                                |   1|   0|    1|          0|
    |sub_reg_726                                                   |  32|   0|   32|          0|
    |tmp_reg_731                                                   |  32|   0|   45|         13|
    |trunc_ln135_1_reg_762                                         |   1|   0|    1|          0|
    |trunc_ln135_1_reg_762_pp0_iter1_reg                           |   1|   0|    1|          0|
    |wr_2_fu_124                                                   |   1|   0|    1|          0|
    |wr_reg_324                                                    |   1|   0|    1|          0|
    +--------------------------------------------------------------+----+----+-----+-----------+
    |Total                                                         | 381|   0|  394|         13|
    +--------------------------------------------------------------+----+----+-----+-----------+



================================================================
== Interface
================================================================
* Summary: 
+-----------------------------+-----+-----+------------+--------------+--------------+
|          RTL Ports          | Dir | Bits|  Protocol  | Source Object|    C Type    |
+-----------------------------+-----+-----+------------+--------------+--------------+
|ap_clk                       |   in|    1|  ap_ctrl_hs|       reorder|  return value|
|ap_rst                       |   in|    1|  ap_ctrl_hs|       reorder|  return value|
|ap_start                     |   in|    1|  ap_ctrl_hs|       reorder|  return value|
|start_full_n                 |   in|    1|  ap_ctrl_hs|       reorder|  return value|
|ap_done                      |  out|    1|  ap_ctrl_hs|       reorder|  return value|
|ap_continue                  |   in|    1|  ap_ctrl_hs|       reorder|  return value|
|ap_idle                      |  out|    1|  ap_ctrl_hs|       reorder|  return value|
|ap_ready                     |  out|    1|  ap_ctrl_hs|       reorder|  return value|
|start_out                    |  out|    1|  ap_ctrl_hs|       reorder|  return value|
|start_write                  |  out|    1|  ap_ctrl_hs|       reorder|  return value|
|input_stream_dout            |   in|   64|     ap_fifo|  input_stream|       pointer|
|input_stream_num_data_valid  |   in|    3|     ap_fifo|  input_stream|       pointer|
|input_stream_fifo_cap        |   in|    3|     ap_fifo|  input_stream|       pointer|
|input_stream_empty_n         |   in|    1|     ap_fifo|  input_stream|       pointer|
|input_stream_read            |  out|    1|     ap_fifo|  input_stream|       pointer|
|reorder_out_din              |  out|   64|     ap_fifo|   reorder_out|       pointer|
|reorder_out_num_data_valid   |   in|    3|     ap_fifo|   reorder_out|       pointer|
|reorder_out_fifo_cap         |   in|    3|     ap_fifo|   reorder_out|       pointer|
|reorder_out_full_n           |   in|    1|     ap_fifo|   reorder_out|       pointer|
|reorder_out_write            |  out|    1|     ap_fifo|   reorder_out|       pointer|
|iter_dout                    |   in|   32|     ap_fifo|          iter|       pointer|
|iter_num_data_valid          |   in|    3|     ap_fifo|          iter|       pointer|
|iter_fifo_cap                |   in|    3|     ap_fifo|          iter|       pointer|
|iter_empty_n                 |   in|    1|     ap_fifo|          iter|       pointer|
|iter_read                    |  out|    1|     ap_fifo|          iter|       pointer|
|iter_c24_din                 |  out|   32|     ap_fifo|      iter_c24|       pointer|
|iter_c24_num_data_valid      |   in|    3|     ap_fifo|      iter_c24|       pointer|
|iter_c24_fifo_cap            |   in|    3|     ap_fifo|      iter_c24|       pointer|
|iter_c24_full_n              |   in|    1|     ap_fifo|      iter_c24|       pointer|
|iter_c24_write               |  out|    1|     ap_fifo|      iter_c24|       pointer|
+-----------------------------+-----+-----+------------+--------------+--------------+

