

================================================================
== Vitis HLS Report for 'twiddle'
================================================================
* Date:           Tue Mar  3 21:26:52 2026

* Version:        2023.2 (Build 4023990 on Oct 11 2023)
* Project:        hls_project
* Solution:       solution1 (Vivado IP Flow Target)
* Product family: zynquplus
* Target device:  xck26-sfvc784-2LV-c


================================================================
== Performance Estimates
================================================================
+ Timing: 
    * Summary: 
    +--------+----------+----------+------------+
    |  Clock |  Target  | Estimated| Uncertainty|
    +--------+----------+----------+------------+
    |ap_clk  |  10.00 ns|  4.291 ns|     2.70 ns|
    +--------+----------+----------+------------+

+ Latency: 
    * Summary: 
    +---------+---------+-----------+-----------+-----+------+---------+
    |  Latency (cycles) |   Latency (absolute)  |  Interval  | Pipeline|
    |   min   |   max   |    min    |    max    | min |  max |   Type  |
    +---------+---------+-----------+-----------+-----+------+---------+
    |        4|     8200|  40.000 ns|  82.000 us|    4|  8200|       no|
    +---------+---------+-----------+-----------+-----+------+---------+

    + Detail: 
        * Instance: 
        +--------------------------------------------------------------+----------------------------------------------------+---------+---------+-----------+-----------+-----+------+---------+
        |                                                              |                                                    |  Latency (cycles) |   Latency (absolute)  |  Interval  | Pipeline|
        |                           Instance                           |                       Module                       |   min   |   max   |    min    |    max    | min |  max |   Type  |
        +--------------------------------------------------------------+----------------------------------------------------+---------+---------+-----------+-----------+-----+------+---------+
        |grp_twiddle_Pipeline_VITIS_LOOP_264_1_VITIS_LOOP_267_2_fu_96  |twiddle_Pipeline_VITIS_LOOP_264_1_VITIS_LOOP_267_2  |        2|     8198|  20.000 ns|  81.980 us|    2|  8198|       no|
        +--------------------------------------------------------------+----------------------------------------------------+---------+---------+-----------+-----------+-----+------+---------+

        * Loop: 
        N/A



================================================================
== Utilization Estimates
================================================================
* Summary: 
+-----------------+---------+------+--------+--------+-----+
|       Name      | BRAM_18K|  DSP |   FF   |   LUT  | URAM|
+-----------------+---------+------+--------+--------+-----+
|DSP              |        -|     -|       -|       -|    -|
|Expression       |        -|     -|       0|       2|    -|
|FIFO             |        -|     -|       -|       -|    -|
|Instance         |       16|     4|     299|     285|    -|
|Memory           |        -|     -|       -|       -|    -|
|Multiplexer      |        -|     -|       -|      92|    -|
|Register         |        -|     -|      70|       -|    -|
+-----------------+---------+------+--------+--------+-----+
|Total            |       16|     4|     369|     379|    0|
+-----------------+---------+------+--------+--------+-----+
|Available        |      288|  1248|  234240|  117120|   64|
+-----------------+---------+------+--------+--------+-----+
|Utilization (%)  |        5|    ~0|      ~0|      ~0|    0|
+-----------------+---------+------+--------+--------+-----+

+ Detail: 
    * Instance: 
    +--------------------------------------------------------------+----------------------------------------------------+---------+----+-----+-----+-----+
    |                           Instance                           |                       Module                       | BRAM_18K| DSP|  FF | LUT | URAM|
    +--------------------------------------------------------------+----------------------------------------------------+---------+----+-----+-----+-----+
    |grp_twiddle_Pipeline_VITIS_LOOP_264_1_VITIS_LOOP_267_2_fu_96  |twiddle_Pipeline_VITIS_LOOP_264_1_VITIS_LOOP_267_2  |       16|   4|  299|  285|    0|
    +--------------------------------------------------------------+----------------------------------------------------+---------+----+-----+-----+-----+
    |Total                                                         |                                                    |       16|   4|  299|  285|    0|
    +--------------------------------------------------------------+----------------------------------------------------+---------+----+-----+-----+-----+

    * DSP: 
    N/A

    * Memory: 
    N/A

    * FIFO: 
    N/A

    * Expression: 
    +-----------------+----------+----+---+----+------------+------------+
    |  Variable Name  | Operation| DSP| FF| LUT| Bitwidth P0| Bitwidth P1|
    +-----------------+----------+----+---+----+------------+------------+
    |ap_block_state1  |        or|   0|  0|   2|           1|           1|
    +-----------------+----------+----+---+----+------------+------------+
    |Total            |          |   0|  0|   2|           1|           1|
    +-----------------+----------+----+---+----+------------+------------+

    * Multiplexer: 
    +--------------------+----+-----------+-----+-----------+
    |        Name        | LUT| Input Size| Bits| Total Bits|
    +--------------------+----+-----------+-----+-----------+
    |ap_NS_fsm           |  20|          4|    1|          4|
    |ap_done             |   9|          2|    1|          2|
    |fft1_out_read       |   9|          2|    1|          2|
    |iter_blk_n          |   9|          2|    1|          2|
    |iter_c21_blk_n      |   9|          2|    1|          2|
    |iter_c22_blk_n      |   9|          2|    1|          2|
    |real_start          |   9|          2|    1|          2|
    |twiddle_out0_write  |   9|          2|    1|          2|
    |twiddle_out1_write  |   9|          2|    1|          2|
    +--------------------+----+-----------+-----+-----------+
    |Total               |  92|         20|    9|         20|
    +--------------------+----+-----------+-----+-----------+

    * Register: 
    +---------------------------------------------------------------------------+----+----+-----+-----------+
    |                                    Name                                   | FF | LUT| Bits| Const Bits|
    +---------------------------------------------------------------------------+----+----+-----+-----------+
    |ap_CS_fsm                                                                  |   3|   0|    3|          0|
    |ap_done_reg                                                                |   1|   0|    1|          0|
    |grp_twiddle_Pipeline_VITIS_LOOP_264_1_VITIS_LOOP_267_2_fu_96_ap_start_reg  |   1|   0|    1|          0|
    |iter_1_reg_117                                                             |  32|   0|   32|          0|
    |start_once_reg                                                             |   1|   0|    1|          0|
    |tmp_reg_122                                                                |  32|   0|   45|         13|
    +---------------------------------------------------------------------------+----+----+-----+-----------+
    |Total                                                                      |  70|   0|   83|         13|
    +---------------------------------------------------------------------------+----+----+-----+-----------+



================================================================
== Interface
================================================================
* Summary: 
+-----------------------------+-----+-----+------------+--------------+--------------+
|          RTL Ports          | Dir | Bits|  Protocol  | Source Object|    C Type    |
+-----------------------------+-----+-----+------------+--------------+--------------+
|ap_clk                       |   in|    1|  ap_ctrl_hs|       twiddle|  return value|
|ap_rst                       |   in|    1|  ap_ctrl_hs|       twiddle|  return value|
|ap_start                     |   in|    1|  ap_ctrl_hs|       twiddle|  return value|
|start_full_n                 |   in|    1|  ap_ctrl_hs|       twiddle|  return value|
|ap_done                      |  out|    1|  ap_ctrl_hs|       twiddle|  return value|
|ap_continue                  |   in|    1|  ap_ctrl_hs|       twiddle|  return value|
|ap_idle                      |  out|    1|  ap_ctrl_hs|       twiddle|  return value|
|ap_ready                     |  out|    1|  ap_ctrl_hs|       twiddle|  return value|
|start_out                    |  out|    1|  ap_ctrl_hs|       twiddle|  return value|
|start_write                  |  out|    1|  ap_ctrl_hs|       twiddle|  return value|
|fft1_out_dout                |   in|   64|     ap_fifo|      fft1_out|       pointer|
|fft1_out_num_data_valid      |   in|    3|     ap_fifo|      fft1_out|       pointer|
|fft1_out_fifo_cap            |   in|    3|     ap_fifo|      fft1_out|       pointer|
|fft1_out_empty_n             |   in|    1|     ap_fifo|      fft1_out|       pointer|
|fft1_out_read                |  out|    1|     ap_fifo|      fft1_out|       pointer|
|twiddle_out0_din             |  out|   32|     ap_fifo|  twiddle_out0|       pointer|
|twiddle_out0_num_data_valid  |   in|    3|     ap_fifo|  twiddle_out0|       pointer|
|twiddle_out0_fifo_cap        |   in|    3|     ap_fifo|  twiddle_out0|       pointer|
|twiddle_out0_full_n          |   in|    1|     ap_fifo|  twiddle_out0|       pointer|
|twiddle_out0_write           |  out|    1|     ap_fifo|  twiddle_out0|       pointer|
|twiddle_out1_din             |  out|   32|     ap_fifo|  twiddle_out1|       pointer|
|twiddle_out1_num_data_valid  |   in|    3|     ap_fifo|  twiddle_out1|       pointer|
|twiddle_out1_fifo_cap        |   in|    3|     ap_fifo|  twiddle_out1|       pointer|
|twiddle_out1_full_n          |   in|    1|     ap_fifo|  twiddle_out1|       pointer|
|twiddle_out1_write           |  out|    1|     ap_fifo|  twiddle_out1|       pointer|
|iter_dout                    |   in|   32|     ap_fifo|          iter|       pointer|
|iter_num_data_valid          |   in|    3|     ap_fifo|          iter|       pointer|
|iter_fifo_cap                |   in|    3|     ap_fifo|          iter|       pointer|
|iter_empty_n                 |   in|    1|     ap_fifo|          iter|       pointer|
|iter_read                    |  out|    1|     ap_fifo|          iter|       pointer|
|iter_c21_din                 |  out|   32|     ap_fifo|      iter_c21|       pointer|
|iter_c21_num_data_valid      |   in|    3|     ap_fifo|      iter_c21|       pointer|
|iter_c21_fifo_cap            |   in|    3|     ap_fifo|      iter_c21|       pointer|
|iter_c21_full_n              |   in|    1|     ap_fifo|      iter_c21|       pointer|
|iter_c21_write               |  out|    1|     ap_fifo|      iter_c21|       pointer|
|iter_c22_din                 |  out|   32|     ap_fifo|      iter_c22|       pointer|
|iter_c22_num_data_valid      |   in|    3|     ap_fifo|      iter_c22|       pointer|
|iter_c22_fifo_cap            |   in|    3|     ap_fifo|      iter_c22|       pointer|
|iter_c22_full_n              |   in|    1|     ap_fifo|      iter_c22|       pointer|
|iter_c22_write               |  out|    1|     ap_fifo|      iter_c22|       pointer|
+-----------------------------+-----+-----+------------+--------------+--------------+

