INFO: [SIM 2] *************** CSIM start ***************
INFO: [SIM 4] CSIM will launch GCC as the compiler.
   Compiling ../../../../testbench.cpp in debug mode
   Compiling ../../../../fft_4k_ssr2_i16_c16_t16.cpp in debug mode
   Generating csim.exe
Generating test data

=== PRINT GENERATED DATA ===
model_in[0] = (16384, 0)
model_in[1] = (16383, 0)
model_in[2] = (16383, 0)
model_in[3] = (16383, 0)
model_in[4] = (16383, 0)
model_in[5] = (16383, 0)
model_in[6] = (16383, 0)
model_in[7] = (16383, 0)
Generating truth data
Loading the HLS input buffer

=== PRINT PACKED INPUT ===
data_in[0] = 70364449226752
data_in[1] = 70364449226751
data_in[2] = 70364449226751
data_in[3] = 70364449226751
Running the HLS component

=== FULL FFT OUTPUT ===

=== RAW DATA_OUT ===
data_out[0] = -281479271800833
data_out[1] = -1
data_out[2] = -281474976710657
data_out[3] = -281474976710658
data_out[4] = -1
data_out[5] = -1
data_out[6] = -1
data_out[7] = -1
data_out[8] = -1
data_out[9] = -1
data_out[10] = -1
data_out[11] = -1
data_out[12] = -1
data_out[13] = -1
data_out[14] = -1
data_out[15] = -1
data_out[16] = -65536
data_out[17] = -281474976645121
data_out[18] = 281470681743360
data_out[19] = -2
data_out[20] = -1
data_out[21] = -1
data_out[22] = -1
data_out[23] = -1
data_out[24] = -1
data_out[25] = -1
data_out[26] = -1
data_out[27] = -1
data_out[28] = -1
data_out[29] = -1
data_out[30] = -1
data_out[31] = -1
data_out[32] = -1
data_out[33] = -1
data_out[34] = -1
data_out[35] = -1
data_out[36] = -1
data_out[37] = -4294901761
data_out[38] = -1
data_out[39] = -1
data_out[40] = -1
data_out[41] = -1
data_out[42] = -1
data_out[43] = -1
data_out[44] = -1
data_out[45] = -1
data_out[46] = -1
data_out[47] = -1
data_out[48] = -1
data_out[49] = 281474976710655
data_out[50] = -1
data_out[51] = -1
data_out[52] = -1
data_out[53] = -1
data_out[54] = -1
data_out[55] = -1
data_out[56] = 281474976710655
data_out[57] = -1
data_out[58] = -1
data_out[59] = -1
data_out[60] = -1
data_out[61] = -1
data_out[62] = -1
data_out[63] = -1
data_out[64] = -1
data_out[65] = 0
data_out[66] = 0
data_out[67] = -4294967296
data_out[68] = 281474976710655
data_out[69] = -4294901761
data_out[70] = -4294967296
data_out[71] = -1
data_out[72] = 4294967295
data_out[73] = -1
data_out[74] = -4294967296
data_out[75] = -4294901761
data_out[76] = -4294901761
data_out[77] = 0
data_out[78] = 281470681743360
data_out[79] = 281474976710655
data_out[80] = -65536
data_out[81] = -4294901761
data_out[82] = -4294967296
data_out[83] = 4294967295
data_out[84] = -1
data_out[85] = -1
data_out[86] = -1
data_out[87] = -1
data_out[88] = 281474976710655
data_out[89] = 281470681808895
data_out[90] = -1
data_out[91] = -1
data_out[92] = -4294901761
data_out[93] = -281470681743361
data_out[94] = 281474976645120
data_out[95] = -1
data_out[96] = -1
data_out[97] = -1
data_out[98] = -1
data_out[99] = 281470681808895
data_out[100] = -1
data_out[101] = -1
data_out[102] = -1
data_out[103] = -1
data_out[104] = -1
data_out[105] = -1
data_out[106] = -1
data_out[107] = -1
data_out[108] = -281470681743361
data_out[109] = 0
data_out[110] = -4294901761
data_out[111] = -1
data_out[112] = -1
data_out[113] = 281474976710655
data_out[114] = -1
data_out[115] = -1
data_out[116] = -1
data_out[117] = -1
data_out[118] = -1
data_out[119] = -1
data_out[120] = -4294967296
data_out[121] = -4294901761
data_out[122] = -1
data_out[123] = -1
data_out[124] = -1
data_out[125] = -4294901761
data_out[126] = -4294901761
data_out[127] = -1
data_out[128] = -1
data_out[129] = 0
data_out[130] = 281470681743360
data_out[131] = -1
data_out[132] = 281470681808895
data_out[133] = -281474976645121
data_out[134] = 281474976645120
data_out[135] = -1
data_out[136] = 0
data_out[137] = -65536
data_out[138] = -4294967296
data_out[139] = 281474976710655
data_out[140] = -281470681743361
data_out[141] = 0
data_out[142] = -4294967296
data_out[143] = -1
data_out[144] = -65536
data_out[145] = 281474976645120
data_out[146] = -4294967296
data_out[147] = 4294967295
data_out[148] = -1
data_out[149] = -4294901761
data_out[150] = -4294967296
data_out[151] = -65536
data_out[152] = -281470681743361
data_out[153] = -4294967296
data_out[154] = -4294901761
data_out[155] = -281470681743361
data_out[156] = -1
data_out[157] = -1
data_out[158] = -4294901761
data_out[159] = -1
data_out[160] = -65536
data_out[161] = -1
data_out[162] = -1
data_out[163] = -1
data_out[164] = -1
data_out[165] = -1
data_out[166] = -1
data_out[167] = 281474976710655
data_out[168] = -4294901761
data_out[169] = -1
data_out[170] = -1
data_out[171] = -1
data_out[172] = -1
data_out[173] = -4294901761
data_out[174] = -4294967296
data_out[175] = -1
data_out[176] = -1
data_out[177] = 4294901760
data_out[178] = -281470681808896
data_out[179] = -1
data_out[180] = -1
data_out[181] = -1
data_out[182] = -1
data_out[183] = -281470681743361
data_out[184] = -1
data_out[185] = -1
data_out[186] = -1
data_out[187] = -1
data_out[188] = -1
data_out[189] = -1
data_out[190] = -4294901761
data_out[191] = -1
data_out[192] = -65536
data_out[193] = 0
data_out[194] = -4294967296
data_out[195] = -4294967296
data_out[196] = -1
data_out[197] = -4294901761
data_out[198] = 4294901760
data_out[199] = -1
data_out[200] = 4294967295
data_out[201] = -1
data_out[202] = -4294967296
data_out[203] = -281470681743361
data_out[204] = 4294967295
data_out[205] = 0
data_out[206] = -4294967296
data_out[207] = -1
data_out[208] = -65536
data_out[209] = -1
data_out[210] = -4294967296
data_out[211] = 281474976710655
data_out[212] = -1
data_out[213] = -281470681743361
data_out[214] = -1
data_out[215] = -1
data_out[216] = -1
data_out[217] = -1
data_out[218] = -1
data_out[219] = -1
data_out[220] = -1
data_out[221] = -1
data_out[222] = -1
data_out[223] = -1
data_out[224] = -65536
data_out[225] = -1
data_out[226] = -1
data_out[227] = 0
data_out[228] = -1
data_out[229] = -281470681743361
data_out[230] = -1
data_out[231] = -1
data_out[232] = -1
data_out[233] = -1
data_out[234] = -1
data_out[235] = -1
data_out[236] = -1
data_out[237] = -1
data_out[238] = -1
data_out[239] = -1
data_out[240] = -1
data_out[241] = -281470681743361
data_out[242] = -1
data_out[243] = -1
data_out[244] = -1
data_out[245] = -1
data_out[246] = 281474976710655
data_out[247] = -1
data_out[248] = -65536
data_out[249] = -1
data_out[250] = -1
data_out[251] = -1
data_out[252] = -1
data_out[253] = -4294901761
data_out[254] = -1
data_out[255] = -1
data_out[256] = -281470681808896
data_out[257] = 0
data_out[258] = -281474976710656
data_out[259] = -1
data_out[260] = 0
data_out[261] = 0
data_out[262] = 0
data_out[263] = 0
data_out[264] = 0
data_out[265] = 0
data_out[266] = 0
data_out[267] = 0
data_out[268] = 0
data_out[269] = 0
data_out[270] = 0
data_out[271] = 0
data_out[272] = 0
data_out[273] = 4294967295
data_out[274] = 0
data_out[275] = 4294967295
data_out[276] = 0
data_out[277] = 0
data_out[278] = 4294967295
data_out[279] = 0
data_out[280] = 4294901760
data_out[281] = -281474976710656
data_out[282] = 0
data_out[283] = 0
data_out[284] = 0
data_out[285] = 0
data_out[286] = 0
data_out[287] = -4294967296
data_out[288] = 281474976645120
data_out[289] = 4294901760
data_out[290] = -281474976710656
data_out[291] = -4294967296
data_out[292] = -281474976710656
data_out[293] = 281474976645120
data_out[294] = 65535
data_out[295] = 4294901760
data_out[296] = 65535
data_out[297] = -281474976710656
data_out[298] = 4294901760
data_out[299] = 65535
data_out[300] = 65535
data_out[301] = 0
data_out[302] = 0
data_out[303] = 0
data_out[304] = 4294901760
data_out[305] = -281470681743361
data_out[306] = -281470681808896
data_out[307] = 0
data_out[308] = 281470681743360
data_out[309] = 0
data_out[310] = 65535
data_out[311] = -281474976710656
data_out[312] = 65535
data_out[313] = 0
data_out[314] = 4294901760
data_out[315] = 281470681743360
data_out[316] = 281470681743360
data_out[317] = 4294901760
data_out[318] = 0
data_out[319] = 281470681743360
data_out[320] = -65536
data_out[321] = 0
data_out[322] = 0
data_out[323] = 281470681743360
data_out[324] = -281474976645121
data_out[325] = -1
data_out[326] = -4294967296
data_out[327] = 4294901760
data_out[328] = 4294901760
data_out[329] = 281474976645120
data_out[330] = 281470681743360
data_out[331] = 4294967295
data_out[332] = -281474976645121
data_out[333] = 0
data_out[334] = 0
data_out[335] = 65535
data_out[336] = 0
data_out[337] = 4294967295
data_out[338] = 281470681743360
data_out[339] = 0
data_out[340] = -1
data_out[341] = 281470681743360
data_out[342] = 281474976710655
data_out[343] = -4294901761
data_out[344] = -1
data_out[345] = 281470681743360
data_out[346] = 4294967295
data_out[347] = 4294967295
data_out[348] = 281474976645120
data_out[349] = 281470681808895
data_out[350] = 281470681743360
data_out[351] = -65536
data_out[352] = -65536
data_out[353] = -281470681743361
data_out[354] = -4294967296
data_out[355] = 0
data_out[356] = -281474976645121
data_out[357] = -281470681808896
data_out[358] = 65535
data_out[359] = 281474976645120
data_out[360] = 4294967295
data_out[361] = -1
data_out[362] = -4294901761
data_out[363] = 281470681743360
data_out[364] = 281474976645120
data_out[365] = 0
data_out[366] = 0
data_out[367] = 281474976710655
data_out[368] = 4294901760
data_out[369] = -281470681743361
data_out[370] = -281470681808896
data_out[371] = 4294901760
data_out[372] = 281474976645120
data_out[373] = -4294901761
data_out[374] = 4294967295
data_out[375] = 281470681743360
data_out[376] = 281470681743360
data_out[377] = -281470681743361
data_out[378] = -4294901761
data_out[379] = -281470681743361
data_out[380] = 281474976645120
data_out[381] = -281470681808896
data_out[382] = -281470681808896
data_out[383] = -4294967296
data_out[384] = -1
data_out[385] = 0
data_out[386] = -4294967296
data_out[387] = 281474976645120
data_out[388] = -1
data_out[389] = -281470681743361
data_out[390] = 0
data_out[391] = 281470681743360
data_out[392] = 0
data_out[393] = -281474976710656
data_out[394] = 0
data_out[395] = 65535
data_out[396] = -281470681808896
data_out[397] = 0
data_out[398] = 281470681743360
data_out[399] = -281474976645121
data_out[400] = -4294967296
data_out[401] = -281474976645121
data_out[402] = 0
data_out[403] = 4294901760
data_out[404] = -1
data_out[405] = 281470681808895
data_out[406] = 281470681743360
data_out[407] = -281474976645121
data_out[408] = 0
data_out[409] = -281474976710656
data_out[410] = 0
data_out[411] = 4294967295
data_out[412] = -65536
data_out[413] = 281474976645120
data_out[414] = -281470681808896
data_out[415] = -281470681808896
data_out[416] = -4294967296
data_out[417] = -281470681743361
data_out[418] = 0
data_out[419] = 281470681743360
data_out[420] = -65536
data_out[421] = 281474976645120
data_out[422] = 65535
data_out[423] = -4294967296
data_out[424] = -281470681743361
data_out[425] = 281470681808895
data_out[426] = 4294901760
data_out[427] = 4294901760
data_out[428] = 4294967295
data_out[429] = -281474976645121
data_out[430] = -4294967296
data_out[431] = 4294967295
data_out[432] = -281470681808896
data_out[433] = 65535
data_out[434] = -4294967296
data_out[435] = -65536
data_out[436] = 281470681743360
data_out[437] = -4294967296
data_out[438] = -281470681743361
data_out[439] = 65535
data_out[440] = 0
data_out[441] = 281474976645120
data_out[442] = -281474976710656
data_out[443] = 65535
data_out[444] = 65535
data_out[445] = 281474976645120
data_out[446] = -4294967296
data_out[447] = 281470681808895
data_out[448] = 281470681743360
data_out[449] = 0
data_out[450] = -281474976710656
data_out[451] = 281470681743360
data_out[452] = -281474976645121
data_out[453] = -1
data_out[454] = 0
data_out[455] = 0
data_out[456] = 4294901760
data_out[457] = 4294967295
data_out[458] = -4294967296
data_out[459] = 4294967295
data_out[460] = 4294901760
data_out[461] = 0
data_out[462] = 281470681743360
data_out[463] = 281474976645120
data_out[464] = 0
data_out[465] = 4294901760
data_out[466] = 0
data_out[467] = -281474976710656
data_out[468] = 4294967295
data_out[469] = 281474976710655
data_out[470] = 4294901760
data_out[471] = -4294967296
data_out[472] = 4294967295
data_out[473] = 4294901760
data_out[474] = 4294901760
data_out[475] = -4294967296
data_out[476] = 4294967295
data_out[477] = -65536
data_out[478] = -281470681743361
data_out[479] = -4294967296
data_out[480] = -65536
data_out[481] = 65535
data_out[482] = -4294901761
data_out[483] = 0
data_out[484] = -4294967296
data_out[485] = 281474976645120
data_out[486] = 281470681808895
data_out[487] = -281470681808896
data_out[488] = 281470681808895
data_out[489] = 4294901760
data_out[490] = -281470681743361
data_out[491] = 281470681808895
data_out[492] = 65535
data_out[493] = 0
data_out[494] = 65535
data_out[495] = 0
data_out[496] = -65536
data_out[497] = 65535
data_out[498] = -4294901761
data_out[499] = -281470681808896
data_out[500] = 281470681743360
data_out[501] = -4294967296
data_out[502] = -1
data_out[503] = 281470681743360
data_out[504] = 281470681808895
data_out[505] = 65535
data_out[506] = 4294967295
data_out[507] = 4294901760
data_out[508] = 0
data_out[509] = -281474976710656
data_out[510] = -4294967296
data_out[511] = -281474976710656
data_out[512] = 0
data_out[513] = 0
data_out[514] = 0
data_out[515] = 281474976645120
data_out[516] = 0
data_out[517] = 0
data_out[518] = 0
data_out[519] = 0
data_out[520] = 0
data_out[521] = 0
data_out[522] = 0
data_out[523] = 0
data_out[524] = 0
data_out[525] = 0
data_out[526] = 0
data_out[527] = 0
data_out[528] = 281470681743360
data_out[529] = 4294901760
data_out[530] = 0
data_out[531] = 4294901760
data_out[532] = 0
data_out[533] = 0
data_out[534] = 4294901760
data_out[535] = 0
data_out[536] = 0
data_out[537] = 0
data_out[538] = 0
data_out[539] = 0
data_out[540] = -4294967296
data_out[541] = -281474976710656
data_out[542] = 65535
data_out[543] = -4294967296
data_out[544] = -1
data_out[545] = 4294901760
data_out[546] = 281470681743360
data_out[547] = 281470681743360
data_out[548] = 0
data_out[549] = -281474976710656
data_out[550] = 0
data_out[551] = 4294901760
data_out[552] = 0
data_out[553] = 281470681743360
data_out[554] = 65535
data_out[555] = 0
data_out[556] = 0
data_out[557] = 0
data_out[558] = 0
data_out[559] = 0
data_out[560] = 4294967295
data_out[561] = 4294901760
data_out[562] = -1
data_out[563] = 0
data_out[564] = 0
data_out[565] = 0
data_out[566] = 4294967295
data_out[567] = -281474976710656
data_out[568] = 0
data_out[569] = 0
data_out[570] = -281474976645121
data_out[571] = -281474976710656
data_out[572] = -281474976710656
data_out[573] = -4294901761
data_out[574] = 0
data_out[575] = -4294967296
data_out[576] = 281474976710655
data_out[577] = 0
data_out[578] = 0
data_out[579] = 281470681743360
data_out[580] = 4294901760
data_out[581] = 4294901760
data_out[582] = 281470681743360
data_out[583] = -281474976645121
data_out[584] = 4294901760
data_out[585] = -281474976710656
data_out[586] = -281474976710656
data_out[587] = 4294901760
data_out[588] = -281474976710656
data_out[589] = 0
data_out[590] = 0
data_out[591] = 4294967295
data_out[592] = 281470681743360
data_out[593] = 281474976645120
data_out[594] = -281474976710656
data_out[595] = 65535
data_out[596] = -65536
data_out[597] = 0
data_out[598] = 4294901760
data_out[599] = -281474976710656
data_out[600] = -4294967296
data_out[601] = 281474976710655
data_out[602] = 281474976645120
data_out[603] = 281474976645120
data_out[604] = 0
data_out[605] = -281474976710656
data_out[606] = 4294901760
data_out[607] = 0
data_out[608] = -281470681743361
data_out[609] = 65535
data_out[610] = 281474976710655
data_out[611] = 281470681743360
data_out[612] = -281470681743361
data_out[613] = -281474976710656
data_out[614] = 281470681743360
data_out[615] = 0
data_out[616] = 4294901760
data_out[617] = 4294967295
data_out[618] = 65535
data_out[619] = 281474976645120
data_out[620] = -281474976645121
data_out[621] = 0
data_out[622] = 281474976710655
data_out[623] = -281474976710656
data_out[624] = 4294967295
data_out[625] = 4294967295
data_out[626] = -4294967296
data_out[627] = -281470681808896
data_out[628] = 0
data_out[629] = -281474976710656
data_out[630] = 281470681743360
data_out[631] = 281474976710655
data_out[632] = 281470681743360
data_out[633] = 4294901760
data_out[634] = 281474976645120
data_out[635] = 281470681743360
data_out[636] = -281470681808896
data_out[637] = 65535
data_out[638] = 281474976645120
data_out[639] = -281474976645121
data_out[640] = 281474976645120
data_out[641] = 0
data_out[642] = -281474976710656
data_out[643] = 281474976645120
data_out[644] = 281474976710655
data_out[645] = 4294901760
data_out[646] = 65535
data_out[647] = 65535
data_out[648] = 0
data_out[649] = -4294901761
data_out[650] = -4294967296
data_out[651] = 4294901760
data_out[652] = 4294901760
data_out[653] = 0
data_out[654] = -281474976710656
data_out[655] = 0
data_out[656] = 0
data_out[657] = 0
data_out[658] = 0
data_out[659] = 4294901760
data_out[660] = 0
data_out[661] = 281470681743360
data_out[662] = 0
data_out[663] = -4294967296
data_out[664] = 281470681743360
data_out[665] = -281474976710656
data_out[666] = 0
data_out[667] = 4294967295
data_out[668] = -281470681808896
data_out[669] = 65535
data_out[670] = 0
data_out[671] = 4294901760
data_out[672] = -4294967296
data_out[673] = 4294901760
data_out[674] = 0
data_out[675] = 281474976645120
data_out[676] = -281474976710656
data_out[677] = 0
data_out[678] = 281470681743360
data_out[679] = -281470681808896
data_out[680] = 281470681743360
data_out[681] = 281474976710655
data_out[682] = 0
data_out[683] = 281470681808895
data_out[684] = -281474976710656
data_out[685] = 281470681808895
data_out[686] = -281474976710656
data_out[687] = 65535
data_out[688] = -1
data_out[689] = 0
data_out[690] = 281474976645120
data_out[691] = -281470681743361
data_out[692] = 4294967295
data_out[693] = -281474976710656
data_out[694] = 4294901760
data_out[695] = 0
data_out[696] = 281474976710655
data_out[697] = 281474976710655
data_out[698] = -281470681808896
data_out[699] = 281470681743360
data_out[700] = -281470681743361
data_out[701] = -281474976645121
data_out[702] = 281470681743360
data_out[703] = 4294901760
data_out[704] = -281474976710656
data_out[705] = 0
data_out[706] = -281474976710656
data_out[707] = 281470681743360
data_out[708] = -1
data_out[709] = 4294901760
data_out[710] = 4294967295
data_out[711] = -281470681743361
data_out[712] = 4294901760
data_out[713] = 0
data_out[714] = -281474976710656
data_out[715] = -281470681808896
data_out[716] = 4294967295
data_out[717] = 0
data_out[718] = -281474976710656
data_out[719] = 281474976710655
data_out[720] = 281470681743360
data_out[721] = 0
data_out[722] = 0
data_out[723] = 4294967295
data_out[724] = 281470681743360
data_out[725] = 4294967295
data_out[726] = 281470681808895
data_out[727] = -281474976710656
data_out[728] = 0
data_out[729] = -1
data_out[730] = 0
data_out[731] = -281474976710656
data_out[732] = 4294901760
data_out[733] = -4294967296
data_out[734] = 281470681808895
data_out[735] = 281470681743360
data_out[736] = -281474976710656
data_out[737] = -281474976645121
data_out[738] = -4294901761
data_out[739] = 0
data_out[740] = -281474976645121
data_out[741] = -281470681808896
data_out[742] = 0
data_out[743] = 281474976645120
data_out[744] = -4294901761
data_out[745] = -1
data_out[746] = 65535
data_out[747] = 0
data_out[748] = -281470681743361
data_out[749] = 0
data_out[750] = -4294967296
data_out[751] = 0
data_out[752] = -1
data_out[753] = 4294901760
data_out[754] = -4294967296
data_out[755] = -281470681743361
data_out[756] = 4294901760
data_out[757] = 4294967295
data_out[758] = 4294901760
data_out[759] = 65535
data_out[760] = -65536
data_out[761] = -281470681808896
data_out[762] = 0
data_out[763] = 4294967295
data_out[764] = 4294967295
data_out[765] = -281474976645121
data_out[766] = 281470681743360
data_out[767] = -281474976645121
data_out[768] = -1
data_out[769] = 0
data_out[770] = 0
data_out[771] = 281474976645120
data_out[772] = 0
data_out[773] = 0
data_out[774] = 0
data_out[775] = 0
data_out[776] = 0
data_out[777] = 0
data_out[778] = 0
data_out[779] = 0
data_out[780] = 0
data_out[781] = 0
data_out[782] = 0
data_out[783] = 0
data_out[784] = 65535
data_out[785] = -281470681808896
data_out[786] = 0
data_out[787] = 4294901760
data_out[788] = 0
data_out[789] = 0
data_out[790] = -1
data_out[791] = 0
data_out[792] = 4294901760
data_out[793] = -281474976710656
data_out[794] = 0
data_out[795] = 0
data_out[796] = 281470681743360
data_out[797] = -281474976710656
data_out[798] = 0
data_out[799] = -4294967296
data_out[800] = -1
data_out[801] = -1
data_out[802] = 281470681743360
data_out[803] = -4294901761
data_out[804] = -4294901761
data_out[805] = 281474976645120
data_out[806] = 281470681743360
data_out[807] = 65535
data_out[808] = 4294967295
data_out[809] = 0
data_out[810] = 0
data_out[811] = 0
data_out[812] = 65535
data_out[813] = 0
data_out[814] = 0
data_out[815] = 0
data_out[816] = 65535
data_out[817] = -1
data_out[818] = -281470681743361
data_out[819] = 0
data_out[820] = 0
data_out[821] = 0
data_out[822] = 65535
data_out[823] = 281470681743360
data_out[824] = 4294967295
data_out[825] = 0
data_out[826] = 281470681743360
data_out[827] = 0
data_out[828] = 0
data_out[829] = 4294967295
data_out[830] = 281470681743360
data_out[831] = 281470681743360
data_out[832] = -281474976645121
data_out[833] = 0
data_out[834] = 0
data_out[835] = 0
data_out[836] = -1
data_out[837] = -65536
data_out[838] = -4294967296
data_out[839] = -4294901761
data_out[840] = 4294901760
data_out[841] = 4294967295
data_out[842] = 281470681743360
data_out[843] = 4294901760
data_out[844] = 281470681808895
data_out[845] = 0
data_out[846] = -281474976710656
data_out[847] = 281474976710655
data_out[848] = -281474976645121
data_out[849] = -65536
data_out[850] = -281474976710656
data_out[851] = 4294901760
data_out[852] = 4294901760
data_out[853] = -1
data_out[854] = 4294901760
data_out[855] = -1
data_out[856] = -65536
data_out[857] = 281474976710655
data_out[858] = -1
data_out[859] = -281470681743361
data_out[860] = -4294901761
data_out[861] = 4294967295
data_out[862] = 281470681743360
data_out[863] = -1
data_out[864] = -281474976645121
data_out[865] = 281470681808895
data_out[866] = 281470681808895
data_out[867] = 0
data_out[868] = -281474976645121
data_out[869] = 4294967295
data_out[870] = 281474976645120
data_out[871] = -4294901761
data_out[872] = 281474976645120
data_out[873] = -281470681808896
data_out[874] = -4294967296
data_out[875] = -4294901761
data_out[876] = -1
data_out[877] = 0
data_out[878] = 65535
data_out[879] = -1
data_out[880] = -4294901761
data_out[881] = -4294901761
data_out[882] = 65535
data_out[883] = 281470681808895
data_out[884] = -281474976645121
data_out[885] = 281470681743360
data_out[886] = 281474976710655
data_out[887] = -281474976710656
data_out[888] = -4294967296
data_out[889] = -281470681808896
data_out[890] = 281474976710655
data_out[891] = -4294901761
data_out[892] = 281474976645120
data_out[893] = -1
data_out[894] = 281474976710655
data_out[895] = -65536
data_out[896] = -281470681743361
data_out[897] = 0
data_out[898] = -281474976710656
data_out[899] = 65535
data_out[900] = -1
data_out[901] = -281470681808896
data_out[902] = -281470681808896
data_out[903] = 281470681808895
data_out[904] = 0
data_out[905] = -65536
data_out[906] = -4294967296
data_out[907] = -281474976645121
data_out[908] = 281474976710655
data_out[909] = 0
data_out[910] = -4294967296
data_out[911] = -1
data_out[912] = -4294901761
data_out[913] = -4294967296
data_out[914] = -4294967296
data_out[915] = 0
data_out[916] = 281470681743360
data_out[917] = -4294967296
data_out[918] = -4294967296
data_out[919] = -281474976645121
data_out[920] = -65536
data_out[921] = -281474976710656
data_out[922] = 4294901760
data_out[923] = 281474976710655
data_out[924] = -4294901761
data_out[925] = -1
data_out[926] = -281470681808896
data_out[927] = -1
data_out[928] = 281470681808895
data_out[929] = -65536
data_out[930] = -1
data_out[931] = 4294901760
data_out[932] = -4294901761
data_out[933] = 4294967295
data_out[934] = -281470681808896
data_out[935] = -281470681808896
data_out[936] = -281470681743361
data_out[937] = 281474976710655
data_out[938] = -281474976710656
data_out[939] = -1
data_out[940] = -1
data_out[941] = -4294901761
data_out[942] = -281474976710656
data_out[943] = -281470681808896
data_out[944] = -281474976645121
data_out[945] = 4294967295
data_out[946] = 281474976645120
data_out[947] = -1
data_out[948] = -1
data_out[949] = -4294901761
data_out[950] = -65536
data_out[951] = -281470681743361
data_out[952] = -4294901761
data_out[953] = -1
data_out[954] = -1
data_out[955] = -1
data_out[956] = -4294967296
data_out[957] = -4294901761
data_out[958] = 281470681808895
data_out[959] = 281474976710655
data_out[960] = -4294901761
data_out[961] = 0
data_out[962] = 0
data_out[963] = 0
data_out[964] = -281470681743361
data_out[965] = -65536
data_out[966] = 4294901760
data_out[967] = 281474976710655
data_out[968] = 4294967295
data_out[969] = 4294967295
data_out[970] = -281474976710656
data_out[971] = 65535
data_out[972] = 4294967295
data_out[973] = 0
data_out[974] = 281470681743360
data_out[975] = -1
data_out[976] = -4294901761
data_out[977] = -65536
data_out[978] = -4294967296
data_out[979] = 4294967295
data_out[980] = -1
data_out[981] = -1
data_out[982] = -281470681808896
data_out[983] = -4294901761
data_out[984] = 281474976710655
data_out[985] = -281474976645121
data_out[986] = -281474976645121
data_out[987] = -1
data_out[988] = -4294901761
data_out[989] = 4294967295
data_out[990] = -281474976645121
data_out[991] = 281470681808895
data_out[992] = -281470681743361
data_out[993] = 281470681743360
data_out[994] = 65535
data_out[995] = 0
data_out[996] = -4294967296
data_out[997] = -1
data_out[998] = 281474976645120
data_out[999] = -281470681808896
data_out[1000] = -65536
data_out[1001] = 4294901760
data_out[1002] = -1
data_out[1003] = 281474976710655
data_out[1004] = -1
data_out[1005] = -281474976645121
data_out[1006] = 281474976710655
data_out[1007] = 281474976645120
data_out[1008] = -4294901761
data_out[1009] = 281474976710655
data_out[1010] = -281470681808896
data_out[1011] = -281474976710656
data_out[1012] = 0
data_out[1013] = 281474976710655
data_out[1014] = 0
data_out[1015] = -1
data_out[1016] = -1
data_out[1017] = -281470681743361
data_out[1018] = -1
data_out[1019] = -281470681808896
data_out[1020] = 281470681743360
data_out[1021] = -281474976710656
data_out[1022] = 281474976710655
data_out[1023] = 281470681808895
data_out[1024] = 0
data_out[1025] = 0
data_out[1026] = 0
data_out[1027] = 0
data_out[1028] = 0
data_out[1029] = 0
data_out[1030] = 0
data_out[1031] = 0
data_out[1032] = 0
data_out[1033] = 0
data_out[1034] = 0
data_out[1035] = 0
data_out[1036] = 0
data_out[1037] = 0
data_out[1038] = 0
data_out[1039] = 0
data_out[1040] = 4294901760
data_out[1041] = 0
data_out[1042] = 0
data_out[1043] = 0
data_out[1044] = 0
data_out[1045] = 0
data_out[1046] = 0
data_out[1047] = 0
data_out[1048] = 0
data_out[1049] = 0
data_out[1050] = 0
data_out[1051] = 0
data_out[1052] = 0
data_out[1053] = 0
data_out[1054] = 0
data_out[1055] = 0
data_out[1056] = 0
data_out[1057] = 0
data_out[1058] = 0
data_out[1059] = 0
data_out[1060] = 0
data_out[1061] = 0
data_out[1062] = 4294901760
data_out[1063] = 0
data_out[1064] = 0
data_out[1065] = 0
data_out[1066] = 0
data_out[1067] = 0
data_out[1068] = 0
data_out[1069] = 0
data_out[1070] = 0
data_out[1071] = 0
data_out[1072] = 0
data_out[1073] = 0
data_out[1074] = 0
data_out[1075] = 0
data_out[1076] = 0
data_out[1077] = 0
data_out[1078] = 0
data_out[1079] = 0
data_out[1080] = 65535
data_out[1081] = 0
data_out[1082] = 0
data_out[1083] = 0
data_out[1084] = 0
data_out[1085] = 0
data_out[1086] = 0
data_out[1087] = 0
data_out[1088] = 0
data_out[1089] = 0
data_out[1090] = 0
data_out[1091] = 0
data_out[1092] = 0
data_out[1093] = 0
data_out[1094] = 281470681743360
data_out[1095] = -281474976710656
data_out[1096] = 0
data_out[1097] = 0
data_out[1098] = 0
data_out[1099] = -4294967296
data_out[1100] = 0
data_out[1101] = 0
data_out[1102] = 281470681743360
data_out[1103] = 0
data_out[1104] = 4294901760
data_out[1105] = 0
data_out[1106] = 0
data_out[1107] = 0
data_out[1108] = 4294901760
data_out[1109] = 4294967295
data_out[1110] = -281474976710656
data_out[1111] = 0
data_out[1112] = 0
data_out[1113] = 281470681743360
data_out[1114] = 0
data_out[1115] = 4294901760
data_out[1116] = 0
data_out[1117] = 0
data_out[1118] = 4294901760
data_out[1119] = -281474976710656
data_out[1120] = 0
data_out[1121] = -281474976645121
data_out[1122] = 0
data_out[1123] = 281470681743360
data_out[1124] = -281474976710656
data_out[1125] = 0
data_out[1126] = 4294967295
data_out[1127] = 4294901760
data_out[1128] = 0
data_out[1129] = 0
data_out[1130] = 4294901760
data_out[1131] = 4294901760
data_out[1132] = 0
data_out[1133] = 0
data_out[1134] = 281470681743360
data_out[1135] = 4294901760
data_out[1136] = 0
data_out[1137] = 65535
data_out[1138] = 281470681743360
data_out[1139] = 0
data_out[1140] = -281474976710656
data_out[1141] = 4294901760
data_out[1142] = 0
data_out[1143] = 0
data_out[1144] = 0
data_out[1145] = 0
data_out[1146] = 0
data_out[1147] = 0
data_out[1148] = 0
data_out[1149] = 0
data_out[1150] = 0
data_out[1151] = -281474976710656
data_out[1152] = 281474976645120
data_out[1153] = 0
data_out[1154] = 0
data_out[1155] = 0
data_out[1156] = 0
data_out[1157] = 0
data_out[1158] = 281470681743360
data_out[1159] = 0
data_out[1160] = 0
data_out[1161] = -281474976710656
data_out[1162] = 0
data_out[1163] = 281474976645120
data_out[1164] = 0
data_out[1165] = 0
data_out[1166] = -281474976710656
data_out[1167] = 0
data_out[1168] = 4294901760
data_out[1169] = 4294901760
data_out[1170] = 0
data_out[1171] = 0
data_out[1172] = 0
data_out[1173] = 0
data_out[1174] = 0
data_out[1175] = 0
data_out[1176] = 0
data_out[1177] = 0
data_out[1178] = 0
data_out[1179] = -281474976710656
data_out[1180] = 0
data_out[1181] = -281474976710656
data_out[1182] = 0
data_out[1183] = -281474976710656
data_out[1184] = 4294901760
data_out[1185] = 0
data_out[1186] = 65535
data_out[1187] = 0
data_out[1188] = 0
data_out[1189] = 0
data_out[1190] = 281474976710655
data_out[1191] = 0
data_out[1192] = 0
data_out[1193] = 281470681743360
data_out[1194] = 281470681743360
data_out[1195] = 0
data_out[1196] = 0
data_out[1197] = 65535
data_out[1198] = 0
data_out[1199] = 281470681743360
data_out[1200] = 0
data_out[1201] = 0
data_out[1202] = 0
data_out[1203] = 0
data_out[1204] = 281470681743360
data_out[1205] = 0
data_out[1206] = 0
data_out[1207] = 0
data_out[1208] = 0
data_out[1209] = 0
data_out[1210] = 0
data_out[1211] = 0
data_out[1212] = 0
data_out[1213] = 0
data_out[1214] = 0
data_out[1215] = 0
data_out[1216] = 4294901760
data_out[1217] = 0
data_out[1218] = 0
data_out[1219] = 0
data_out[1220] = 0
data_out[1221] = -281474976710656
data_out[1222] = 0
data_out[1223] = 0
data_out[1224] = 0
data_out[1225] = 0
data_out[1226] = 0
data_out[1227] = -281470681808896
data_out[1228] = 4294901760
data_out[1229] = 0
data_out[1230] = -281474976710656
data_out[1231] = 0
data_out[1232] = 4294901760
data_out[1233] = 65535
data_out[1234] = 0
data_out[1235] = 281470681743360
data_out[1236] = 0
data_out[1237] = 0
data_out[1238] = 0
data_out[1239] = 0
data_out[1240] = 0
data_out[1241] = 0
data_out[1242] = 0
data_out[1243] = 0
data_out[1244] = 0
data_out[1245] = 0
data_out[1246] = 0
data_out[1247] = 0
data_out[1248] = 0
data_out[1249] = 4294901760
data_out[1250] = 0
data_out[1251] = 0
data_out[1252] = 0
data_out[1253] = 0
data_out[1254] = 4294967295
data_out[1255] = 0
data_out[1256] = 65535
data_out[1257] = 4294901760
data_out[1258] = 0
data_out[1259] = 0
data_out[1260] = 0
data_out[1261] = 0
data_out[1262] = 0
data_out[1263] = 0
data_out[1264] = 0
data_out[1265] = -281474976710656
data_out[1266] = 0
data_out[1267] = 0
data_out[1268] = 0
data_out[1269] = 0
data_out[1270] = 0
data_out[1271] = -281474976710656
data_out[1272] = 0
data_out[1273] = 0
data_out[1274] = 0
data_out[1275] = 281470681743360
data_out[1276] = 281474976645120
data_out[1277] = 65535
data_out[1278] = 0
data_out[1279] = 0
data_out[1280] = -281474976710656
data_out[1281] = 0
data_out[1282] = 0
data_out[1283] = 0
data_out[1284] = 0
data_out[1285] = 0
data_out[1286] = 0
data_out[1287] = 0
data_out[1288] = 0
data_out[1289] = 0
data_out[1290] = 0
data_out[1291] = 0
data_out[1292] = 0
data_out[1293] = 0
data_out[1294] = 0
data_out[1295] = 0
data_out[1296] = 0
data_out[1297] = 0
data_out[1298] = 0
data_out[1299] = 0
data_out[1300] = 0
data_out[1301] = 0
data_out[1302] = 4294901760
data_out[1303] = 0
data_out[1304] = 0
data_out[1305] = -281474976710656
data_out[1306] = 0
data_out[1307] = 0
data_out[1308] = 0
data_out[1309] = 0
data_out[1310] = 0
data_out[1311] = -281474976710656
data_out[1312] = 281470681743360
data_out[1313] = 0
data_out[1314] = 0
data_out[1315] = 0
data_out[1316] = 0
data_out[1317] = 281470681743360
data_out[1318] = 65535
data_out[1319] = 0
data_out[1320] = 0
data_out[1321] = 0
data_out[1322] = 0
data_out[1323] = 65535
data_out[1324] = 65535
data_out[1325] = 0
data_out[1326] = 0
data_out[1327] = 0
data_out[1328] = 0
data_out[1329] = 0
data_out[1330] = 0
data_out[1331] = 0
data_out[1332] = 281470681743360
data_out[1333] = 0
data_out[1334] = 0
data_out[1335] = -281474976710656
data_out[1336] = 0
data_out[1337] = 0
data_out[1338] = 0
data_out[1339] = 281470681743360
data_out[1340] = 0
data_out[1341] = 0
data_out[1342] = 0
data_out[1343] = 0
data_out[1344] = 0
data_out[1345] = 0
data_out[1346] = 0
data_out[1347] = 0
data_out[1348] = 0
data_out[1349] = 281470681743360
data_out[1350] = 0
data_out[1351] = 0
data_out[1352] = 0
data_out[1353] = 4294901760
data_out[1354] = 0
data_out[1355] = 0
data_out[1356] = 65535
data_out[1357] = 0
data_out[1358] = 0
data_out[1359] = 0
data_out[1360] = 0
data_out[1361] = 0
data_out[1362] = 0
data_out[1363] = 0
data_out[1364] = 0
data_out[1365] = 281470681743360
data_out[1366] = 281470681743360
data_out[1367] = 0
data_out[1368] = 0
data_out[1369] = 281470681743360
data_out[1370] = 4294901760
data_out[1371] = 0
data_out[1372] = 4294901760
data_out[1373] = 281470681808895
data_out[1374] = 281470681743360
data_out[1375] = -281470681808896
data_out[1376] = 0
data_out[1377] = -281474976710656
data_out[1378] = 0
data_out[1379] = 0
data_out[1380] = -281474976645121
data_out[1381] = 0
data_out[1382] = 65535
data_out[1383] = 4294901760
data_out[1384] = 0
data_out[1385] = 0
data_out[1386] = 0
data_out[1387] = 0
data_out[1388] = 0
data_out[1389] = 0
data_out[1390] = 0
data_out[1391] = 281470681808895
data_out[1392] = 0
data_out[1393] = 0
data_out[1394] = 4294901760
data_out[1395] = 0
data_out[1396] = 0
data_out[1397] = 65535
data_out[1398] = 0
data_out[1399] = 281470681743360
data_out[1400] = 281470681743360
data_out[1401] = -281474976710656
data_out[1402] = 0
data_out[1403] = 0
data_out[1404] = 0
data_out[1405] = -281474976710656
data_out[1406] = 0
data_out[1407] = 0
data_out[1408] = 281470681743360
data_out[1409] = 0
data_out[1410] = 0
data_out[1411] = 0
data_out[1412] = 281470681743360
data_out[1413] = -281474976710656
data_out[1414] = 0
data_out[1415] = 0
data_out[1416] = 0
data_out[1417] = 0
data_out[1418] = 0
data_out[1419] = 0
data_out[1420] = 4294901760
data_out[1421] = 0
data_out[1422] = 281470681743360
data_out[1423] = -281474976710656
data_out[1424] = 0
data_out[1425] = 65535
data_out[1426] = 0
data_out[1427] = 0
data_out[1428] = 0
data_out[1429] = 0
data_out[1430] = 0
data_out[1431] = 0
data_out[1432] = 0
data_out[1433] = 0
data_out[1434] = 0
data_out[1435] = 0
data_out[1436] = 4294901760
data_out[1437] = 0
data_out[1438] = 0
data_out[1439] = 4294901760
data_out[1440] = 281470681743360
data_out[1441] = -281470681808896
data_out[1442] = 0
data_out[1443] = 0
data_out[1444] = -4294967296
data_out[1445] = 0
data_out[1446] = 65535
data_out[1447] = 0
data_out[1448] = -281474976645121
data_out[1449] = 0
data_out[1450] = 0
data_out[1451] = 4294901760
data_out[1452] = 4294901760
data_out[1453] = 65535
data_out[1454] = 0
data_out[1455] = 0
data_out[1456] = 0
data_out[1457] = 0
data_out[1458] = 0
data_out[1459] = 281470681743360
data_out[1460] = 0
data_out[1461] = 0
data_out[1462] = 4294901760
data_out[1463] = 0
data_out[1464] = 0
data_out[1465] = 0
data_out[1466] = 0
data_out[1467] = 0
data_out[1468] = 0
data_out[1469] = 0
data_out[1470] = 281470681743360
data_out[1471] = 65535
data_out[1472] = 281470681743360
data_out[1473] = 0
data_out[1474] = 0
data_out[1475] = 0
data_out[1476] = -281474976645121
data_out[1477] = 281470681743360
data_out[1478] = 0
data_out[1479] = 0
data_out[1480] = 0
data_out[1481] = 65535
data_out[1482] = 0
data_out[1483] = 4294901760
data_out[1484] = 4294901760
data_out[1485] = 0
data_out[1486] = 281470681743360
data_out[1487] = 281474976645120
data_out[1488] = 0
data_out[1489] = 0
data_out[1490] = 0
data_out[1491] = -281474976710656
data_out[1492] = 65535
data_out[1493] = 0
data_out[1494] = 0
data_out[1495] = 0
data_out[1496] = 0
data_out[1497] = 0
data_out[1498] = 4294901760
data_out[1499] = 0
data_out[1500] = 4294901760
data_out[1501] = 0
data_out[1502] = 0
data_out[1503] = 0
data_out[1504] = 0
data_out[1505] = 65535
data_out[1506] = 0
data_out[1507] = 0
data_out[1508] = -4294967296
data_out[1509] = 0
data_out[1510] = 65535
data_out[1511] = -281470681808896
data_out[1512] = 65535
data_out[1513] = 4294901760
data_out[1514] = 0
data_out[1515] = 65535
data_out[1516] = 0
data_out[1517] = 0
data_out[1518] = 0
data_out[1519] = 0
data_out[1520] = 0
data_out[1521] = 65535
data_out[1522] = 0
data_out[1523] = 0
data_out[1524] = 281470681743360
data_out[1525] = 0
data_out[1526] = -281474976645121
data_out[1527] = 281470681743360
data_out[1528] = 281470681743360
data_out[1529] = 0
data_out[1530] = 4294901760
data_out[1531] = 4294901760
data_out[1532] = 0
data_out[1533] = 0
data_out[1534] = 0
data_out[1535] = 0
data_out[1536] = 0
data_out[1537] = 0
data_out[1538] = 0
data_out[1539] = 0
data_out[1540] = 0
data_out[1541] = 0
data_out[1542] = 0
data_out[1543] = 0
data_out[1544] = 0
data_out[1545] = 0
data_out[1546] = 0
data_out[1547] = 0
data_out[1548] = 0
data_out[1549] = 0
data_out[1550] = 0
data_out[1551] = 0
data_out[1552] = 0
data_out[1553] = 0
data_out[1554] = 0
data_out[1555] = 0
data_out[1556] = 0
data_out[1557] = 0
data_out[1558] = 4294901760
data_out[1559] = 0
data_out[1560] = 0
data_out[1561] = 0
data_out[1562] = 0
data_out[1563] = 0
data_out[1564] = 0
data_out[1565] = -281474976710656
data_out[1566] = 0
data_out[1567] = -281474976710656
data_out[1568] = 281470681808895
data_out[1569] = 0
data_out[1570] = 0
data_out[1571] = 0
data_out[1572] = 0
data_out[1573] = 0
data_out[1574] = 0
data_out[1575] = 0
data_out[1576] = 0
data_out[1577] = 0
data_out[1578] = 0
data_out[1579] = 0
data_out[1580] = 0
data_out[1581] = 0
data_out[1582] = 0
data_out[1583] = 0
data_out[1584] = 65535
data_out[1585] = 0
data_out[1586] = -4294901761
data_out[1587] = 0
data_out[1588] = 0
data_out[1589] = 0
data_out[1590] = 65535
data_out[1591] = 0
data_out[1592] = 0
data_out[1593] = 0
data_out[1594] = -281474976710656
data_out[1595] = -281474976710656
data_out[1596] = 0
data_out[1597] = 281470681808895
data_out[1598] = 0
data_out[1599] = 0
data_out[1600] = 281470681808895
data_out[1601] = 0
data_out[1602] = 0
data_out[1603] = 0
data_out[1604] = 0
data_out[1605] = 0
data_out[1606] = 0
data_out[1607] = 0
data_out[1608] = 0
data_out[1609] = 0
data_out[1610] = -281474976710656
data_out[1611] = 0
data_out[1612] = 0
data_out[1613] = 0
data_out[1614] = 0
data_out[1615] = 4294901760
data_out[1616] = 0
data_out[1617] = 0
data_out[1618] = 0
data_out[1619] = 65535
data_out[1620] = 0
data_out[1621] = 0
data_out[1622] = 0
data_out[1623] = 0
data_out[1624] = 281470681743360
data_out[1625] = 281470681808895
data_out[1626] = 4294901760
data_out[1627] = 0
data_out[1628] = 0
data_out[1629] = -281474976710656
data_out[1630] = 4294901760
data_out[1631] = 0
data_out[1632] = 65535
data_out[1633] = 0
data_out[1634] = 0
data_out[1635] = 281470681743360
data_out[1636] = 65535
data_out[1637] = 0
data_out[1638] = 0
data_out[1639] = 0
data_out[1640] = 0
data_out[1641] = 4294967295
data_out[1642] = 65535
data_out[1643] = 0
data_out[1644] = -281474976710656
data_out[1645] = 0
data_out[1646] = 281470681808895
data_out[1647] = 0
data_out[1648] = 65535
data_out[1649] = 4294901760
data_out[1650] = -4294967296
data_out[1651] = 0
data_out[1652] = 0
data_out[1653] = 0
data_out[1654] = 0
data_out[1655] = 4294967295
data_out[1656] = 0
data_out[1657] = 0
data_out[1658] = 4294901760
data_out[1659] = 0
data_out[1660] = 4294901760
data_out[1661] = 65535
data_out[1662] = 281470681743360
data_out[1663] = 0
data_out[1664] = 281470681743360
data_out[1665] = 0
data_out[1666] = 0
data_out[1667] = 0
data_out[1668] = 281470681808895
data_out[1669] = 0
data_out[1670] = 0
data_out[1671] = 65535
data_out[1672] = 0
data_out[1673] = -4294967296
data_out[1674] = -4294967296
data_out[1675] = 0
data_out[1676] = 0
data_out[1677] = 0
data_out[1678] = 0
data_out[1679] = 0
data_out[1680] = 0
data_out[1681] = 0
data_out[1682] = 0
data_out[1683] = 0
data_out[1684] = 0
data_out[1685] = 0
data_out[1686] = 0
data_out[1687] = 0
data_out[1688] = 0
data_out[1689] = -281474976710656
data_out[1690] = 0
data_out[1691] = 65535
data_out[1692] = 0
data_out[1693] = 65535
data_out[1694] = 0
data_out[1695] = 0
data_out[1696] = 281470681743360
data_out[1697] = 0
data_out[1698] = 0
data_out[1699] = 0
data_out[1700] = 0
data_out[1701] = 0
data_out[1702] = 281470681743360
data_out[1703] = 0
data_out[1704] = 0
data_out[1705] = 281474976645120
data_out[1706] = 0
data_out[1707] = 0
data_out[1708] = 0
data_out[1709] = 65535
data_out[1710] = 0
data_out[1711] = 0
data_out[1712] = -4294901761
data_out[1713] = 0
data_out[1714] = 4294901760
data_out[1715] = -281474976710656
data_out[1716] = 0
data_out[1717] = 0
data_out[1718] = 0
data_out[1719] = 0
data_out[1720] = 65535
data_out[1721] = 4294967295
data_out[1722] = 0
data_out[1723] = 0
data_out[1724] = 0
data_out[1725] = 65535
data_out[1726] = 281470681743360
data_out[1727] = 0
data_out[1728] = 0
data_out[1729] = 0
data_out[1730] = 0
data_out[1731] = 0
data_out[1732] = -281474976710656
data_out[1733] = 0
data_out[1734] = 4294901760
data_out[1735] = 4294901760
data_out[1736] = 0
data_out[1737] = 0
data_out[1738] = -281474976710656
data_out[1739] = -281474976710656
data_out[1740] = 4294967295
data_out[1741] = 0
data_out[1742] = 0
data_out[1743] = 4294967295
data_out[1744] = 0
data_out[1745] = 0
data_out[1746] = 0
data_out[1747] = 0
data_out[1748] = 0
data_out[1749] = 0
data_out[1750] = 65535
data_out[1751] = -281474976710656
data_out[1752] = 0
data_out[1753] = -4294967296
data_out[1754] = 0
data_out[1755] = 0
data_out[1756] = 0
data_out[1757] = 0
data_out[1758] = 0
data_out[1759] = 0
data_out[1760] = 0
data_out[1761] = 65535
data_out[1762] = -281474976645121
data_out[1763] = 0
data_out[1764] = 65535
data_out[1765] = -281474976710656
data_out[1766] = 0
data_out[1767] = 4294901760
data_out[1768] = 281470681743360
data_out[1769] = 281474976710655
data_out[1770] = 0
data_out[1771] = 0
data_out[1772] = 4294901760
data_out[1773] = 0
data_out[1774] = 281470681743360
data_out[1775] = 0
data_out[1776] = 281470681808895
data_out[1777] = 0
data_out[1778] = -281474976710656
data_out[1779] = 0
data_out[1780] = 4294901760
data_out[1781] = 4294901760
data_out[1782] = 0
data_out[1783] = 0
data_out[1784] = -281470681808896
data_out[1785] = -281474976710656
data_out[1786] = 0
data_out[1787] = 0
data_out[1788] = 65535
data_out[1789] = -281474976645121
data_out[1790] = 281470681743360
data_out[1791] = 65535
data_out[1792] = -281470681743361
data_out[1793] = 0
data_out[1794] = 0
data_out[1795] = 0
data_out[1796] = 0
data_out[1797] = 0
data_out[1798] = 0
data_out[1799] = 0
data_out[1800] = 0
data_out[1801] = 0
data_out[1802] = 0
data_out[1803] = 0
data_out[1804] = 0
data_out[1805] = 0
data_out[1806] = 0
data_out[1807] = 0
data_out[1808] = 65535
data_out[1809] = 0
data_out[1810] = 0
data_out[1811] = 0
data_out[1812] = 0
data_out[1813] = 0
data_out[1814] = -281470681808896
data_out[1815] = 0
data_out[1816] = 0
data_out[1817] = -281474976710656
data_out[1818] = 0
data_out[1819] = 0
data_out[1820] = 281470681743360
data_out[1821] = 0
data_out[1822] = 0
data_out[1823] = 281470681743360
data_out[1824] = 4294967295
data_out[1825] = 4294901760
data_out[1826] = 281470681743360
data_out[1827] = 0
data_out[1828] = 65535
data_out[1829] = 0
data_out[1830] = 0
data_out[1831] = 0
data_out[1832] = 4294967295
data_out[1833] = 0
data_out[1834] = 0
data_out[1835] = 0
data_out[1836] = 65535
data_out[1837] = 0
data_out[1838] = 0
data_out[1839] = 0
data_out[1840] = 65535
data_out[1841] = 4294967295
data_out[1842] = 0
data_out[1843] = 0
data_out[1844] = 0
data_out[1845] = 0
data_out[1846] = 65535
data_out[1847] = 0
data_out[1848] = 0
data_out[1849] = 0
data_out[1850] = 281470681743360
data_out[1851] = 0
data_out[1852] = 0
data_out[1853] = 65535
data_out[1854] = 0
data_out[1855] = 281470681743360
data_out[1856] = -281474976645121
data_out[1857] = 0
data_out[1858] = 0
data_out[1859] = 0
data_out[1860] = 4294901760
data_out[1861] = 281470681743360
data_out[1862] = -281474976710656
data_out[1863] = -281474976710656
data_out[1864] = 4294901760
data_out[1865] = 4294901760
data_out[1866] = 281470681743360
data_out[1867] = 0
data_out[1868] = 281470681743360
data_out[1869] = 0
data_out[1870] = -281474976710656
data_out[1871] = 0
data_out[1872] = 65535
data_out[1873] = 0
data_out[1874] = 0
data_out[1875] = 0
data_out[1876] = 0
data_out[1877] = 4294967295
data_out[1878] = 0
data_out[1879] = 4294901760
data_out[1880] = 281470681743360
data_out[1881] = 281474976645120
data_out[1882] = 281474976645120
data_out[1883] = 65535
data_out[1884] = 0
data_out[1885] = 4294901760
data_out[1886] = 281470681743360
data_out[1887] = -4294967296
data_out[1888] = 65535
data_out[1889] = 0
data_out[1890] = 0
data_out[1891] = 0
data_out[1892] = -281474976645121
data_out[1893] = 65535
data_out[1894] = 4294901760
data_out[1895] = -4294967296
data_out[1896] = 0
data_out[1897] = -281470681808896
data_out[1898] = 0
data_out[1899] = 0
data_out[1900] = 0
data_out[1901] = 0
data_out[1902] = 0
data_out[1903] = 0
data_out[1904] = 281470681808895
data_out[1905] = 0
data_out[1906] = 0
data_out[1907] = 65535
data_out[1908] = -281474976710656
data_out[1909] = 281470681743360
data_out[1910] = 4294967295
data_out[1911] = 0
data_out[1912] = -4294967296
data_out[1913] = -281474976710656
data_out[1914] = 4294901760
data_out[1915] = 281470681808895
data_out[1916] = 0
data_out[1917] = 0
data_out[1918] = 281470681743360
data_out[1919] = 281474976645120
data_out[1920] = -281474976645121
data_out[1921] = 0
data_out[1922] = 0
data_out[1923] = 65535
data_out[1924] = 65535
data_out[1925] = -281474976710656
data_out[1926] = -281474976710656
data_out[1927] = 0
data_out[1928] = 0
data_out[1929] = 0
data_out[1930] = 0
data_out[1931] = -281474976645121
data_out[1932] = 281470681743360
data_out[1933] = 0
data_out[1934] = -281474976710656
data_out[1935] = -281474976645121
data_out[1936] = 65535
data_out[1937] = 0
data_out[1938] = 0
data_out[1939] = 0
data_out[1940] = 281470681743360
data_out[1941] = 0
data_out[1942] = -281474976710656
data_out[1943] = -281474976710656
data_out[1944] = 281474976645120
data_out[1945] = 0
data_out[1946] = 4294901760
data_out[1947] = 281474976645120
data_out[1948] = 281470681808895
data_out[1949] = -1
data_out[1950] = 0
data_out[1951] = 65535
data_out[1952] = 281470681808895
data_out[1953] = 0
data_out[1954] = -4294901761
data_out[1955] = 4294901760
data_out[1956] = 0
data_out[1957] = 65535
data_out[1958] = 4294901760
data_out[1959] = 4294901760
data_out[1960] = 65535
data_out[1961] = 4294901760
data_out[1962] = 0
data_out[1963] = -281474976710656
data_out[1964] = -281470681808896
data_out[1965] = 281470681808895
data_out[1966] = -281474976710656
data_out[1967] = -281470681808896
data_out[1968] = 65535
data_out[1969] = 0
data_out[1970] = 0
data_out[1971] = 281474976710655
data_out[1972] = -281474976710656
data_out[1973] = -4294901761
data_out[1974] = -281474976710656
data_out[1975] = 4294901760
data_out[1976] = 0
data_out[1977] = -281470681808896
data_out[1978] = 281470681808895
data_out[1979] = -281470681808896
data_out[1980] = 0
data_out[1981] = 281470681808895
data_out[1982] = 0
data_out[1983] = 0
data_out[1984] = -281474976645121
data_out[1985] = 0
data_out[1986] = 0
data_out[1987] = 0
data_out[1988] = 4294901760
data_out[1989] = 0
data_out[1990] = 0
data_out[1991] = 0
data_out[1992] = 65535
data_out[1993] = 4294901760
data_out[1994] = -281474976710656
data_out[1995] = 65535
data_out[1996] = 4294901760
data_out[1997] = 0
data_out[1998] = 0
data_out[1999] = 0
data_out[2000] = -281474976645121
data_out[2001] = 4294901760
data_out[2002] = 0
data_out[2003] = 4294901760
data_out[2004] = -281470681808896
data_out[2005] = 65535
data_out[2006] = -281474976710656
data_out[2007] = 0
data_out[2008] = 4294967295
data_out[2009] = -281474976710656
data_out[2010] = 0
data_out[2011] = -4294901761
data_out[2012] = 281470681743360
data_out[2013] = 4294901760
data_out[2014] = -281474976645121
data_out[2015] = 281470681743360
data_out[2016] = 4294967295
data_out[2017] = 0
data_out[2018] = 65535
data_out[2019] = 0
data_out[2020] = 0
data_out[2021] = 65535
data_out[2022] = 4294901760
data_out[2023] = 4294901760
data_out[2024] = 4294901760
data_out[2025] = 4294901760
data_out[2026] = 281470681743360
data_out[2027] = 4294901760
data_out[2028] = -281470681808896
data_out[2029] = 0
data_out[2030] = 281470681808895
data_out[2031] = 281470681743360
data_out[2032] = 281470681808895
data_out[2033] = 281474976710655
data_out[2034] = 0
data_out[2035] = 0
data_out[2036] = 0
data_out[2037] = 281470681743360
data_out[2038] = 0
data_out[2039] = -281470681743361
data_out[2040] = 281470681743360
data_out[2041] = -281474976645121
data_out[2042] = 4294901760
data_out[2043] = 0
data_out[2044] = 281470681743360
data_out[2045] = 0
data_out[2046] = 281474976710655
data_out[2047] = 65535
Checking results
The mean square error is 6.10498e-10
The maximum absolute error is 6.10352e-05
INFO [HLS SIM]: The maximum depth reached by any hls::stream() instance in the design is 2048
INFO: [SIM 1] CSim done with 0 errors.
INFO: [SIM 3] *************** CSIM finish ***************
