

================================================================
== Vitis HLS Report for 'Block_newFuncRoot_proc_proc17'
================================================================
* Date:           Mon Mar  9 10:32:00 2026

* Version:        2023.2 (Build 4023990 on Oct 11 2023)
* Project:        hls_project
* Solution:       solution1 (Vivado IP Flow Target)
* Product family: zynquplus
* Target device:  xck26-sfvc784-2LV-c


================================================================
== Performance Estimates
================================================================
+ Timing: 
    * Summary: 
    +--------+---------+----------+------------+
    |  Clock |  Target | Estimated| Uncertainty|
    +--------+---------+----------+------------+
    |ap_clk  |  0.20 us|  1.838 ns|    54.00 ns|
    +--------+---------+----------+------------+

+ Latency: 
    * Summary: 
    +---------+---------+----------+----------+-----+-----+---------+
    |  Latency (cycles) |  Latency (absolute) |  Interval | Pipeline|
    |   min   |   max   |    min   |    max   | min | max |   Type  |
    +---------+---------+----------+----------+-----+-----+---------+
    |        0|        0|      0 ns|      0 ns|    0|    0|       no|
    +---------+---------+----------+----------+-----+-----+---------+

    + Detail: 
        * Instance: 
        N/A

        * Loop: 
        N/A



================================================================
== Utilization Estimates
================================================================
* Summary: 
+-----------------+---------+------+--------+--------+-----+
|       Name      | BRAM_18K|  DSP |   FF   |   LUT  | URAM|
+-----------------+---------+------+--------+--------+-----+
|DSP              |        -|     -|       -|       -|    -|
|Expression       |        -|     -|       0|       2|    -|
|FIFO             |        -|     -|       -|       -|    -|
|Instance         |        -|     -|       -|       -|    -|
|Memory           |        -|     -|       -|       -|    -|
|Multiplexer      |        -|     -|       -|      18|    -|
|Register         |        -|     -|      10|       -|    -|
+-----------------+---------+------+--------+--------+-----+
|Total            |        0|     0|      10|      20|    0|
+-----------------+---------+------+--------+--------+-----+
|Available        |      288|  1248|  234240|  117120|   64|
+-----------------+---------+------+--------+--------+-----+
|Utilization (%)  |        0|     0|      ~0|      ~0|    0|
+-----------------+---------+------+--------+--------+-----+

+ Detail: 
    * Instance: 
    N/A

    * DSP: 
    N/A

    * Memory: 
    N/A

    * FIFO: 
    N/A

    * Expression: 
    +-----------------+----------+----+---+----+------------+------------+
    |  Variable Name  | Operation| DSP| FF| LUT| Bitwidth P0| Bitwidth P1|
    +-----------------+----------+----+---+----+------------+------------+
    |ap_block_state1  |        or|   0|  0|   2|           1|           1|
    +-----------------+----------+----+---+----+------------+------------+
    |Total            |          |   0|  0|   2|           1|           1|
    +-----------------+----------+----+---+----+------------+------------+

    * Multiplexer: 
    +---------+----+-----------+-----+-----------+
    |   Name  | LUT| Input Size| Bits| Total Bits|
    +---------+----+-----------+-----+-----------+
    |ap_done  |   9|          2|    1|          2|
    |empty    |   9|          2|    8|         16|
    +---------+----+-----------+-----+-----------+
    |Total    |  18|          4|    9|         18|
    +---------+----+-----------+-----+-----------+

    * Register: 
    +-------------+---+----+-----+-----------+
    |     Name    | FF| LUT| Bits| Const Bits|
    +-------------+---+----+-----+-----------+
    |ap_CS_fsm    |  1|   0|    1|          0|
    |ap_done_reg  |  1|   0|    1|          0|
    |empty_preg   |  8|   0|   16|          8|
    +-------------+---+----+-----+-----------+
    |Total        | 10|   0|   18|          8|
    +-------------+---+----+-----+-----------+



================================================================
== Interface
================================================================
* Summary: 
+-------------+-----+-----+------------+-------------------------------+--------------+
|  RTL Ports  | Dir | Bits|  Protocol  |         Source Object         |    C Type    |
+-------------+-----+-----+------------+-------------------------------+--------------+
|ap_clk       |   in|    1|  ap_ctrl_hs|  Block_newFuncRoot_proc_proc17|  return value|
|ap_rst       |   in|    1|  ap_ctrl_hs|  Block_newFuncRoot_proc_proc17|  return value|
|ap_start     |   in|    1|  ap_ctrl_hs|  Block_newFuncRoot_proc_proc17|  return value|
|ap_done      |  out|    1|  ap_ctrl_hs|  Block_newFuncRoot_proc_proc17|  return value|
|ap_continue  |   in|    1|  ap_ctrl_hs|  Block_newFuncRoot_proc_proc17|  return value|
|ap_idle      |  out|    1|  ap_ctrl_hs|  Block_newFuncRoot_proc_proc17|  return value|
|ap_ready     |  out|    1|  ap_ctrl_hs|  Block_newFuncRoot_proc_proc17|  return value|
|empty        |  out|   16|     ap_none|                          empty|       pointer|
+-------------+-----+-----+------------+-------------------------------+--------------+

