

================================================================
== Vitis HLS Report for 'dma_in_Pipeline_VITIS_LOOP_61_1'
================================================================
* Date:           Mon Mar  9 10:31:59 2026

* Version:        2023.2 (Build 4023990 on Oct 11 2023)
* Project:        hls_project
* Solution:       solution1 (Vivado IP Flow Target)
* Product family: zynquplus
* Target device:  xck26-sfvc784-2LV-c


================================================================
== Performance Estimates
================================================================
+ Timing: 
    * Summary: 
    +--------+---------+----------+------------+
    |  Clock |  Target | Estimated| Uncertainty|
    +--------+---------+----------+------------+
    |ap_clk  |  0.20 us|  0.146 us|    54.00 ns|
    +--------+---------+----------+------------+

+ Latency: 
    * Summary: 
    +---------+---------+----------+----------+-----+------+---------+
    |  Latency (cycles) |  Latency (absolute) |  Interval  | Pipeline|
    |   min   |   max   |    min   |    max   | min |  max |   Type  |
    +---------+---------+----------+----------+-----+------+---------+
    |        2|     4099|  0.400 us|  0.820 ms|    2|  4099|       no|
    +---------+---------+----------+----------+-----+------+---------+

    + Detail: 
        * Instance: 
        N/A

        * Loop: 
        +-------------------+---------+---------+----------+-----------+-----------+----------+----------+
        |                   |  Latency (cycles) | Iteration|  Initiation Interval  |   Trip   |          |
        |     Loop Name     |   min   |   max   |  Latency |  achieved |   target  |   Count  | Pipelined|
        +-------------------+---------+---------+----------+-----------+-----------+----------+----------+
        |- VITIS_LOOP_61_1  |        0|     4097|         3|          1|          1|  0 ~ 4096|       yes|
        +-------------------+---------+---------+----------+-----------+-----------+----------+----------+



================================================================
== Utilization Estimates
================================================================
* Summary: 
+-----------------+---------+------+--------+--------+-----+
|       Name      | BRAM_18K|  DSP |   FF   |   LUT  | URAM|
+-----------------+---------+------+--------+--------+-----+
|DSP              |        -|     -|       -|       -|    -|
|Expression       |        -|     -|       0|      79|    -|
|FIFO             |        -|     -|       -|       -|    -|
|Instance         |        -|     -|       -|       -|    -|
|Memory           |        -|     -|       -|       -|    -|
|Multiplexer      |        -|     -|       -|      54|    -|
|Register         |        -|     -|      99|       -|    -|
+-----------------+---------+------+--------+--------+-----+
|Total            |        0|     0|      99|     133|    0|
+-----------------+---------+------+--------+--------+-----+
|Available        |      288|  1248|  234240|  117120|   64|
+-----------------+---------+------+--------+--------+-----+
|Utilization (%)  |        0|     0|      ~0|      ~0|    0|
+-----------------+---------+------+--------+--------+-----+

+ Detail: 
    * Instance: 
    N/A

    * DSP: 
    N/A

    * Memory: 
    N/A

    * FIFO: 
    N/A

    * Expression: 
    +---------------------------+----------+----+---+----+------------+------------+
    |       Variable Name       | Operation| DSP| FF| LUT| Bitwidth P0| Bitwidth P1|
    +---------------------------+----------+----+---+----+------------+------------+
    |add_ln61_fu_108_p2         |         +|   0|  0|  37|          30|           1|
    |icmp_ln61_fu_102_p2        |      icmp|   0|  0|  38|          31|          31|
    |ap_block_pp0_stage0_01001  |        or|   0|  0|   2|           1|           1|
    |ap_enable_pp0              |       xor|   0|  0|   2|           1|           2|
    +---------------------------+----------+----+---+----+------------+------------+
    |Total                      |          |   0|  0|  79|          63|          35|
    +---------------------------+----------+----+---+----+------------+------------+

    * Multiplexer: 
    +-------------------------+----+-----------+-----+-----------+
    |           Name          | LUT| Input Size| Bits| Total Bits|
    +-------------------------+----+-----------+-----+-----------+
    |ap_done_int              |   9|          2|    1|          2|
    |ap_enable_reg_pp0_iter1  |   9|          2|    1|          2|
    |ap_sig_allocacmp_i_load  |   9|          2|   30|         60|
    |gmem1_blk_n_R            |   9|          2|    1|          2|
    |i_fu_58                  |   9|          2|   30|         60|
    |input_stream_blk_n       |   9|          2|    1|          2|
    +-------------------------+----+-----------+-----+-----------+
    |Total                    |  54|         12|   64|        128|
    +-------------------------+----+-----------+-----+-----------+

    * Register: 
    +----------------------------------+----+----+-----+-----------+
    |               Name               | FF | LUT| Bits| Const Bits|
    +----------------------------------+----+----+-----+-----------+
    |ap_CS_fsm                         |   1|   0|    1|          0|
    |ap_done_reg                       |   1|   0|    1|          0|
    |ap_enable_reg_pp0_iter1           |   1|   0|    1|          0|
    |ap_enable_reg_pp0_iter2           |   1|   0|    1|          0|
    |ap_loop_exit_ready_pp0_iter1_reg  |   1|   0|    1|          0|
    |i_fu_58                           |  30|   0|   30|          0|
    |temp_in_reg_141                   |  64|   0|   64|          0|
    +----------------------------------+----+----+-----+-----------+
    |Total                             |  99|   0|   99|          0|
    +----------------------------------+----+----+-----+-----------+



================================================================
== Interface
================================================================
* Summary: 
+-----------------------------+-----+-----+------------+---------------------------------+--------------+
|          RTL Ports          | Dir | Bits|  Protocol  |          Source Object          |    C Type    |
+-----------------------------+-----+-----+------------+---------------------------------+--------------+
|ap_clk                       |   in|    1|  ap_ctrl_hs|  dma_in_Pipeline_VITIS_LOOP_61_1|  return value|
|ap_rst                       |   in|    1|  ap_ctrl_hs|  dma_in_Pipeline_VITIS_LOOP_61_1|  return value|
|ap_start                     |   in|    1|  ap_ctrl_hs|  dma_in_Pipeline_VITIS_LOOP_61_1|  return value|
|ap_done                      |  out|    1|  ap_ctrl_hs|  dma_in_Pipeline_VITIS_LOOP_61_1|  return value|
|ap_idle                      |  out|    1|  ap_ctrl_hs|  dma_in_Pipeline_VITIS_LOOP_61_1|  return value|
|ap_ready                     |  out|    1|  ap_ctrl_hs|  dma_in_Pipeline_VITIS_LOOP_61_1|  return value|
|m_axi_gmem1_AWVALID          |  out|    1|       m_axi|                            gmem1|       pointer|
|m_axi_gmem1_AWREADY          |   in|    1|       m_axi|                            gmem1|       pointer|
|m_axi_gmem1_AWADDR           |  out|   64|       m_axi|                            gmem1|       pointer|
|m_axi_gmem1_AWID             |  out|    1|       m_axi|                            gmem1|       pointer|
|m_axi_gmem1_AWLEN            |  out|   32|       m_axi|                            gmem1|       pointer|
|m_axi_gmem1_AWSIZE           |  out|    3|       m_axi|                            gmem1|       pointer|
|m_axi_gmem1_AWBURST          |  out|    2|       m_axi|                            gmem1|       pointer|
|m_axi_gmem1_AWLOCK           |  out|    2|       m_axi|                            gmem1|       pointer|
|m_axi_gmem1_AWCACHE          |  out|    4|       m_axi|                            gmem1|       pointer|
|m_axi_gmem1_AWPROT           |  out|    3|       m_axi|                            gmem1|       pointer|
|m_axi_gmem1_AWQOS            |  out|    4|       m_axi|                            gmem1|       pointer|
|m_axi_gmem1_AWREGION         |  out|    4|       m_axi|                            gmem1|       pointer|
|m_axi_gmem1_AWUSER           |  out|    1|       m_axi|                            gmem1|       pointer|
|m_axi_gmem1_WVALID           |  out|    1|       m_axi|                            gmem1|       pointer|
|m_axi_gmem1_WREADY           |   in|    1|       m_axi|                            gmem1|       pointer|
|m_axi_gmem1_WDATA            |  out|   64|       m_axi|                            gmem1|       pointer|
|m_axi_gmem1_WSTRB            |  out|    8|       m_axi|                            gmem1|       pointer|
|m_axi_gmem1_WLAST            |  out|    1|       m_axi|                            gmem1|       pointer|
|m_axi_gmem1_WID              |  out|    1|       m_axi|                            gmem1|       pointer|
|m_axi_gmem1_WUSER            |  out|    1|       m_axi|                            gmem1|       pointer|
|m_axi_gmem1_ARVALID          |  out|    1|       m_axi|                            gmem1|       pointer|
|m_axi_gmem1_ARREADY          |   in|    1|       m_axi|                            gmem1|       pointer|
|m_axi_gmem1_ARADDR           |  out|   64|       m_axi|                            gmem1|       pointer|
|m_axi_gmem1_ARID             |  out|    1|       m_axi|                            gmem1|       pointer|
|m_axi_gmem1_ARLEN            |  out|   32|       m_axi|                            gmem1|       pointer|
|m_axi_gmem1_ARSIZE           |  out|    3|       m_axi|                            gmem1|       pointer|
|m_axi_gmem1_ARBURST          |  out|    2|       m_axi|                            gmem1|       pointer|
|m_axi_gmem1_ARLOCK           |  out|    2|       m_axi|                            gmem1|       pointer|
|m_axi_gmem1_ARCACHE          |  out|    4|       m_axi|                            gmem1|       pointer|
|m_axi_gmem1_ARPROT           |  out|    3|       m_axi|                            gmem1|       pointer|
|m_axi_gmem1_ARQOS            |  out|    4|       m_axi|                            gmem1|       pointer|
|m_axi_gmem1_ARREGION         |  out|    4|       m_axi|                            gmem1|       pointer|
|m_axi_gmem1_ARUSER           |  out|    1|       m_axi|                            gmem1|       pointer|
|m_axi_gmem1_RVALID           |   in|    1|       m_axi|                            gmem1|       pointer|
|m_axi_gmem1_RREADY           |  out|    1|       m_axi|                            gmem1|       pointer|
|m_axi_gmem1_RDATA            |   in|   64|       m_axi|                            gmem1|       pointer|
|m_axi_gmem1_RLAST            |   in|    1|       m_axi|                            gmem1|       pointer|
|m_axi_gmem1_RID              |   in|    1|       m_axi|                            gmem1|       pointer|
|m_axi_gmem1_RFIFONUM         |   in|    9|       m_axi|                            gmem1|       pointer|
|m_axi_gmem1_RUSER            |   in|    1|       m_axi|                            gmem1|       pointer|
|m_axi_gmem1_RRESP            |   in|    2|       m_axi|                            gmem1|       pointer|
|m_axi_gmem1_BVALID           |   in|    1|       m_axi|                            gmem1|       pointer|
|m_axi_gmem1_BREADY           |  out|    1|       m_axi|                            gmem1|       pointer|
|m_axi_gmem1_BRESP            |   in|    2|       m_axi|                            gmem1|       pointer|
|m_axi_gmem1_BID              |   in|    1|       m_axi|                            gmem1|       pointer|
|m_axi_gmem1_BUSER            |   in|    1|       m_axi|                            gmem1|       pointer|
|input_stream_din             |  out|   64|     ap_fifo|                     input_stream|       pointer|
|input_stream_num_data_valid  |   in|    3|     ap_fifo|                     input_stream|       pointer|
|input_stream_fifo_cap        |   in|    3|     ap_fifo|                     input_stream|       pointer|
|input_stream_full_n          |   in|    1|     ap_fifo|                     input_stream|       pointer|
|input_stream_write           |  out|    1|     ap_fifo|                     input_stream|       pointer|
|tmp_4                        |   in|   31|     ap_none|                            tmp_4|        scalar|
|sext_ln61                    |   in|   61|     ap_none|                        sext_ln61|        scalar|
+-----------------------------+-----+-----+------------+---------------------------------+--------------+

