

================================================================
== Vitis HLS Report for 'fft_core'
================================================================
* Date:           Mon Mar  9 10:32:01 2026

* Version:        2023.2 (Build 4023990 on Oct 11 2023)
* Project:        hls_project
* Solution:       solution1 (Vivado IP Flow Target)
* Product family: zynquplus
* Target device:  xck26-sfvc784-2LV-c


================================================================
== Performance Estimates
================================================================
+ Timing: 
    * Summary: 
    +--------+---------+----------+------------+
    |  Clock |  Target | Estimated| Uncertainty|
    +--------+---------+----------+------------+
    |ap_clk  |  0.20 us|  0.146 us|    54.00 ns|
    +--------+---------+----------+------------+

+ Latency: 
    * Summary: 
    +---------+---------+----------+----------+------+-------+----------+
    |  Latency (cycles) |  Latency (absolute) |   Interval   | Pipeline |
    |   min   |   max   |    min   |    max   |  min |  max  |   Type   |
    +---------+---------+----------+----------+------+-------+----------+
    |     2129|    12643|  0.426 ms|  2.529 ms|  2057|  12562|  dataflow|
    +---------+---------+----------+----------+------+-------+----------+

    + Detail: 
        * Instance: 
        +--------------------------------+-----------------------------+---------+---------+-----------+----------+------+-------+----------+
        |                                |                             |  Latency (cycles) |  Latency (absolute)  |   Interval   | Pipeline |
        |            Instance            |            Module           |   min   |   max   |    min    |    max   |  min |  max  |   Type   |
        +--------------------------------+-----------------------------+---------+---------+-----------+----------+------+-------+----------+
        |dma_in_U0                       |dma_in                       |       75|     4172|  15.000 us|  0.834 ms|    75|   4172|        no|
        |reorder_U0                      |reorder                      |     2056|     6152|   0.411 ms|  1.230 ms|  2056|   6152|        no|
        |radix2p_U0                      |radix2p                      |        4|     4100|   0.800 us|  0.820 ms|     4|   4100|        no|
        |twiddle_U0                      |twiddle                      |        4|     4104|   0.800 us|  0.821 ms|     4|   4104|        no|
        |fft_serial_kernel_1_wrapper_U0  |fft_serial_kernel_1_wrapper  |        4|    12562|   0.800 us|  2.512 ms|     4|  12562|  dataflow|
        |fft_serial_kernel_wrapper_U0    |fft_serial_kernel_wrapper    |        4|    12562|   0.800 us|  2.512 ms|     4|  12562|  dataflow|
        |joiner_U0                       |joiner                       |        4|     4100|   0.800 us|  0.820 ms|     4|   4100|        no|
        |entry_proc_U0                   |entry_proc                   |        0|        0|       0 ns|      0 ns|     0|      0|        no|
        |dma_out_U0                      |dma_out                      |       73|     4170|  14.600 us|  0.834 ms|    73|   4170|        no|
        +--------------------------------+-----------------------------+---------+---------+-----------+----------+------+-------+----------+

        * Loop: 
        N/A



================================================================
== Utilization Estimates
================================================================
* Summary: 
+-----------------+---------+------+--------+--------+-----+
|       Name      | BRAM_18K|  DSP |   FF   |   LUT  | URAM|
+-----------------+---------+------+--------+--------+-----+
|DSP              |        -|     -|       -|       -|    -|
|Expression       |        -|     -|       0|      14|    -|
|FIFO             |        -|     -|    1584|    1071|    -|
|Instance         |       36|     4|   25485|   22545|    0|
|Memory           |        -|     -|       -|       -|    -|
|Multiplexer      |        -|     -|       -|      18|    -|
|Register         |        -|     -|       2|       -|    -|
+-----------------+---------+------+--------+--------+-----+
|Total            |       36|     4|   27071|   23648|    0|
+-----------------+---------+------+--------+--------+-----+
|Available        |      288|  1248|  234240|  117120|   64|
+-----------------+---------+------+--------+--------+-----+
|Utilization (%)  |       12|    ~0|      11|      20|    0|
+-----------------+---------+------+--------+--------+-----+

+ Detail: 
    * Instance: 
    +--------------------------------+-----------------------------+---------+----+-------+------+-----+
    |            Instance            |            Module           | BRAM_18K| DSP|   FF  |  LUT | URAM|
    +--------------------------------+-----------------------------+---------+----+-------+------+-----+
    |dma_in_U0                       |dma_in                       |        0|   0|    296|   770|    0|
    |dma_out_U0                      |dma_out                      |        0|   0|    293|   771|    0|
    |entry_proc_U0                   |entry_proc                   |        0|   0|      3|    29|    0|
    |fft_serial_kernel_1_wrapper_U0  |fft_serial_kernel_1_wrapper  |        8|   0|  11950|  9341|    0|
    |fft_serial_kernel_wrapper_U0    |fft_serial_kernel_wrapper    |        8|   0|  11949|  9323|    0|
    |joiner_U0                       |joiner                       |        0|   0|    116|   245|    0|
    |radix2p_U0                      |radix2p                      |        0|   0|    117|   332|    0|
    |reorder_U0                      |reorder                      |       16|   0|    404|  1366|    0|
    |twiddle_U0                      |twiddle                      |        4|   4|    357|   368|    0|
    +--------------------------------+-----------------------------+---------+----+-------+------+-----+
    |Total                           |                             |       36|   4|  25485| 22545|    0|
    +--------------------------------+-----------------------------+---------+----+-------+------+-----+

    * DSP: 
    N/A

    * Memory: 
    N/A

    * FIFO: 
    +----------------+---------+----+----+-----+------+-----+---------+
    |      Name      | BRAM_18K| FF | LUT| URAM| Depth| Bits| Size:D*B|
    +----------------+---------+----+----+-----+------+-----+---------+
    |dout_c_U        |        0|  99|   0|    -|     8|   64|      512|
    |fft1_out_U      |        0|  99|   0|    -|     2|   64|      128|
    |fft2_out0_U     |        0|  99|   0|    -|     2|   32|       64|
    |fft2_out1_U     |        0|  99|   0|    -|     2|   32|       64|
    |input_stream_U  |        0|  99|   0|    -|     2|   64|      128|
    |iter_c20_U      |        0|  99|   0|    -|     2|   32|       64|
    |iter_c21_U      |        0|  99|   0|    -|     2|   32|       64|
    |iter_c22_U      |        0|  99|   0|    -|     2|   32|       64|
    |iter_c23_U      |        0|  99|   0|    -|     2|   32|       64|
    |iter_c24_U      |        0|  99|   0|    -|     2|   32|       64|
    |iter_c25_U      |        0|  99|   0|    -|     2|   32|       64|
    |iter_c_U        |        0|  99|   0|    -|     2|   20|       40|
    |joiner_out_U    |        0|  99|   0|    -|     2|   64|      128|
    |reorder_out_U   |        0|  99|   0|    -|     2|   64|      128|
    |twiddle_out0_U  |        0|  99|   0|    -|     2|   32|       64|
    |twiddle_out1_U  |        0|  99|   0|    -|     2|   32|       64|
    +----------------+---------+----+----+-----+------+-----+---------+
    |Total           |        0|1584|   0|    0|    38|  660|     1704|
    +----------------+---------+----+----+-----+------+-----+---------+

    * Expression: 
    +--------------------------------+----------+----+---+----+------------+------------+
    |          Variable Name         | Operation| DSP| FF| LUT| Bitwidth P0| Bitwidth P1|
    +--------------------------------+----------+----+---+----+------------+------------+
    |ap_idle                         |       and|   0|  0|   2|           1|           1|
    |ap_sync_ready                   |       and|   0|  0|   2|           1|           1|
    |dma_in_U0_ap_start              |       and|   0|  0|   2|           1|           1|
    |entry_proc_U0_ap_start          |       and|   0|  0|   2|           1|           1|
    |twiddle_U0_start_full_n         |       and|   0|  0|   2|           1|           1|
    |ap_sync_dma_in_U0_ap_ready      |        or|   0|  0|   2|           1|           1|
    |ap_sync_entry_proc_U0_ap_ready  |        or|   0|  0|   2|           1|           1|
    +--------------------------------+----------+----+---+----+------------+------------+
    |Total                           |          |   0|  0|  14|           7|           7|
    +--------------------------------+----------+----+---+----+------------+------------+

    * Multiplexer: 
    +------------------------------------+----+-----------+-----+-----------+
    |                Name                | LUT| Input Size| Bits| Total Bits|
    +------------------------------------+----+-----------+-----+-----------+
    |ap_sync_reg_dma_in_U0_ap_ready      |   9|          2|    1|          2|
    |ap_sync_reg_entry_proc_U0_ap_ready  |   9|          2|    1|          2|
    +------------------------------------+----+-----------+-----+-----------+
    |Total                               |  18|          4|    2|          4|
    +------------------------------------+----+-----------+-----+-----------+

    * Register: 
    +------------------------------------+---+----+-----+-----------+
    |                Name                | FF| LUT| Bits| Const Bits|
    +------------------------------------+---+----+-----+-----------+
    |ap_sync_reg_dma_in_U0_ap_ready      |  1|   0|    1|          0|
    |ap_sync_reg_entry_proc_U0_ap_ready  |  1|   0|    1|          0|
    +------------------------------------+---+----+-----+-----------+
    |Total                               |  2|   0|    2|          0|
    +------------------------------------+---+----+-----+-----------+



================================================================
== Interface
================================================================
* Summary: 
+----------------------+-----+-----+------------+--------------+--------------+
|       RTL Ports      | Dir | Bits|  Protocol  | Source Object|    C Type    |
+----------------------+-----+-----+------------+--------------+--------------+
|m_axi_gmem1_AWVALID   |  out|    1|       m_axi|         gmem1|       pointer|
|m_axi_gmem1_AWREADY   |   in|    1|       m_axi|         gmem1|       pointer|
|m_axi_gmem1_AWADDR    |  out|   64|       m_axi|         gmem1|       pointer|
|m_axi_gmem1_AWID      |  out|    1|       m_axi|         gmem1|       pointer|
|m_axi_gmem1_AWLEN     |  out|   32|       m_axi|         gmem1|       pointer|
|m_axi_gmem1_AWSIZE    |  out|    3|       m_axi|         gmem1|       pointer|
|m_axi_gmem1_AWBURST   |  out|    2|       m_axi|         gmem1|       pointer|
|m_axi_gmem1_AWLOCK    |  out|    2|       m_axi|         gmem1|       pointer|
|m_axi_gmem1_AWCACHE   |  out|    4|       m_axi|         gmem1|       pointer|
|m_axi_gmem1_AWPROT    |  out|    3|       m_axi|         gmem1|       pointer|
|m_axi_gmem1_AWQOS     |  out|    4|       m_axi|         gmem1|       pointer|
|m_axi_gmem1_AWREGION  |  out|    4|       m_axi|         gmem1|       pointer|
|m_axi_gmem1_AWUSER    |  out|    1|       m_axi|         gmem1|       pointer|
|m_axi_gmem1_WVALID    |  out|    1|       m_axi|         gmem1|       pointer|
|m_axi_gmem1_WREADY    |   in|    1|       m_axi|         gmem1|       pointer|
|m_axi_gmem1_WDATA     |  out|   64|       m_axi|         gmem1|       pointer|
|m_axi_gmem1_WSTRB     |  out|    8|       m_axi|         gmem1|       pointer|
|m_axi_gmem1_WLAST     |  out|    1|       m_axi|         gmem1|       pointer|
|m_axi_gmem1_WID       |  out|    1|       m_axi|         gmem1|       pointer|
|m_axi_gmem1_WUSER     |  out|    1|       m_axi|         gmem1|       pointer|
|m_axi_gmem1_ARVALID   |  out|    1|       m_axi|         gmem1|       pointer|
|m_axi_gmem1_ARREADY   |   in|    1|       m_axi|         gmem1|       pointer|
|m_axi_gmem1_ARADDR    |  out|   64|       m_axi|         gmem1|       pointer|
|m_axi_gmem1_ARID      |  out|    1|       m_axi|         gmem1|       pointer|
|m_axi_gmem1_ARLEN     |  out|   32|       m_axi|         gmem1|       pointer|
|m_axi_gmem1_ARSIZE    |  out|    3|       m_axi|         gmem1|       pointer|
|m_axi_gmem1_ARBURST   |  out|    2|       m_axi|         gmem1|       pointer|
|m_axi_gmem1_ARLOCK    |  out|    2|       m_axi|         gmem1|       pointer|
|m_axi_gmem1_ARCACHE   |  out|    4|       m_axi|         gmem1|       pointer|
|m_axi_gmem1_ARPROT    |  out|    3|       m_axi|         gmem1|       pointer|
|m_axi_gmem1_ARQOS     |  out|    4|       m_axi|         gmem1|       pointer|
|m_axi_gmem1_ARREGION  |  out|    4|       m_axi|         gmem1|       pointer|
|m_axi_gmem1_ARUSER    |  out|    1|       m_axi|         gmem1|       pointer|
|m_axi_gmem1_RVALID    |   in|    1|       m_axi|         gmem1|       pointer|
|m_axi_gmem1_RREADY    |  out|    1|       m_axi|         gmem1|       pointer|
|m_axi_gmem1_RDATA     |   in|   64|       m_axi|         gmem1|       pointer|
|m_axi_gmem1_RLAST     |   in|    1|       m_axi|         gmem1|       pointer|
|m_axi_gmem1_RID       |   in|    1|       m_axi|         gmem1|       pointer|
|m_axi_gmem1_RFIFONUM  |   in|    9|       m_axi|         gmem1|       pointer|
|m_axi_gmem1_RUSER     |   in|    1|       m_axi|         gmem1|       pointer|
|m_axi_gmem1_RRESP     |   in|    2|       m_axi|         gmem1|       pointer|
|m_axi_gmem1_BVALID    |   in|    1|       m_axi|         gmem1|       pointer|
|m_axi_gmem1_BREADY    |  out|    1|       m_axi|         gmem1|       pointer|
|m_axi_gmem1_BRESP     |   in|    2|       m_axi|         gmem1|       pointer|
|m_axi_gmem1_BID       |   in|    1|       m_axi|         gmem1|       pointer|
|m_axi_gmem1_BUSER     |   in|    1|       m_axi|         gmem1|       pointer|
|din                   |   in|   64|     ap_none|           din|        scalar|
|din_ap_vld            |   in|    1|     ap_none|           din|        scalar|
|m_axi_gmem2_AWVALID   |  out|    1|       m_axi|         gmem2|       pointer|
|m_axi_gmem2_AWREADY   |   in|    1|       m_axi|         gmem2|       pointer|
|m_axi_gmem2_AWADDR    |  out|   64|       m_axi|         gmem2|       pointer|
|m_axi_gmem2_AWID      |  out|    1|       m_axi|         gmem2|       pointer|
|m_axi_gmem2_AWLEN     |  out|   32|       m_axi|         gmem2|       pointer|
|m_axi_gmem2_AWSIZE    |  out|    3|       m_axi|         gmem2|       pointer|
|m_axi_gmem2_AWBURST   |  out|    2|       m_axi|         gmem2|       pointer|
|m_axi_gmem2_AWLOCK    |  out|    2|       m_axi|         gmem2|       pointer|
|m_axi_gmem2_AWCACHE   |  out|    4|       m_axi|         gmem2|       pointer|
|m_axi_gmem2_AWPROT    |  out|    3|       m_axi|         gmem2|       pointer|
|m_axi_gmem2_AWQOS     |  out|    4|       m_axi|         gmem2|       pointer|
|m_axi_gmem2_AWREGION  |  out|    4|       m_axi|         gmem2|       pointer|
|m_axi_gmem2_AWUSER    |  out|    1|       m_axi|         gmem2|       pointer|
|m_axi_gmem2_WVALID    |  out|    1|       m_axi|         gmem2|       pointer|
|m_axi_gmem2_WREADY    |   in|    1|       m_axi|         gmem2|       pointer|
|m_axi_gmem2_WDATA     |  out|   64|       m_axi|         gmem2|       pointer|
|m_axi_gmem2_WSTRB     |  out|    8|       m_axi|         gmem2|       pointer|
|m_axi_gmem2_WLAST     |  out|    1|       m_axi|         gmem2|       pointer|
|m_axi_gmem2_WID       |  out|    1|       m_axi|         gmem2|       pointer|
|m_axi_gmem2_WUSER     |  out|    1|       m_axi|         gmem2|       pointer|
|m_axi_gmem2_ARVALID   |  out|    1|       m_axi|         gmem2|       pointer|
|m_axi_gmem2_ARREADY   |   in|    1|       m_axi|         gmem2|       pointer|
|m_axi_gmem2_ARADDR    |  out|   64|       m_axi|         gmem2|       pointer|
|m_axi_gmem2_ARID      |  out|    1|       m_axi|         gmem2|       pointer|
|m_axi_gmem2_ARLEN     |  out|   32|       m_axi|         gmem2|       pointer|
|m_axi_gmem2_ARSIZE    |  out|    3|       m_axi|         gmem2|       pointer|
|m_axi_gmem2_ARBURST   |  out|    2|       m_axi|         gmem2|       pointer|
|m_axi_gmem2_ARLOCK    |  out|    2|       m_axi|         gmem2|       pointer|
|m_axi_gmem2_ARCACHE   |  out|    4|       m_axi|         gmem2|       pointer|
|m_axi_gmem2_ARPROT    |  out|    3|       m_axi|         gmem2|       pointer|
|m_axi_gmem2_ARQOS     |  out|    4|       m_axi|         gmem2|       pointer|
|m_axi_gmem2_ARREGION  |  out|    4|       m_axi|         gmem2|       pointer|
|m_axi_gmem2_ARUSER    |  out|    1|       m_axi|         gmem2|       pointer|
|m_axi_gmem2_RVALID    |   in|    1|       m_axi|         gmem2|       pointer|
|m_axi_gmem2_RREADY    |  out|    1|       m_axi|         gmem2|       pointer|
|m_axi_gmem2_RDATA     |   in|   64|       m_axi|         gmem2|       pointer|
|m_axi_gmem2_RLAST     |   in|    1|       m_axi|         gmem2|       pointer|
|m_axi_gmem2_RID       |   in|    1|       m_axi|         gmem2|       pointer|
|m_axi_gmem2_RFIFONUM  |   in|    9|       m_axi|         gmem2|       pointer|
|m_axi_gmem2_RUSER     |   in|    1|       m_axi|         gmem2|       pointer|
|m_axi_gmem2_RRESP     |   in|    2|       m_axi|         gmem2|       pointer|
|m_axi_gmem2_BVALID    |   in|    1|       m_axi|         gmem2|       pointer|
|m_axi_gmem2_BREADY    |  out|    1|       m_axi|         gmem2|       pointer|
|m_axi_gmem2_BRESP     |   in|    2|       m_axi|         gmem2|       pointer|
|m_axi_gmem2_BID       |   in|    1|       m_axi|         gmem2|       pointer|
|m_axi_gmem2_BUSER     |   in|    1|       m_axi|         gmem2|       pointer|
|dout                  |   in|   64|     ap_none|          dout|        scalar|
|dout_ap_vld           |   in|    1|     ap_none|          dout|        scalar|
|iter                  |   in|   32|     ap_none|          iter|        scalar|
|iter_ap_vld           |   in|    1|     ap_none|          iter|        scalar|
|ap_clk                |   in|    1|  ap_ctrl_hs|      fft_core|  return value|
|ap_rst                |   in|    1|  ap_ctrl_hs|      fft_core|  return value|
|ap_start              |   in|    1|  ap_ctrl_hs|      fft_core|  return value|
|ap_done               |  out|    1|  ap_ctrl_hs|      fft_core|  return value|
|ap_ready              |  out|    1|  ap_ctrl_hs|      fft_core|  return value|
|ap_idle               |  out|    1|  ap_ctrl_hs|      fft_core|  return value|
|ap_continue           |   in|    1|  ap_ctrl_hs|      fft_core|  return value|
+----------------------+-----+-----+------------+--------------+--------------+

