

================================================================
== Vitis HLS Report for 'fft_fft_params_2'
================================================================
* Date:           Mon Mar  9 10:32:00 2026

* Version:        2023.2 (Build 4023990 on Oct 11 2023)
* Project:        hls_project
* Solution:       solution1 (Vivado IP Flow Target)
* Product family: zynquplus
* Target device:  xck26-sfvc784-2LV-c


================================================================
== Performance Estimates
================================================================
+ Timing: 
    * Summary: 
    +--------+---------+----------+------------+
    |  Clock |  Target | Estimated| Uncertainty|
    +--------+---------+----------+------------+
    |ap_clk  |  0.20 us|  0.146 us|    54.00 ns|
    +--------+---------+----------+------------+

+ Latency: 
    * Summary: 
    +---------+---------+----------+----------+------+------+----------+
    |  Latency (cycles) |  Latency (absolute) |   Interval  | Pipeline |
    |   min   |   max   |    min   |    max   |  min |  max |   Type   |
    +---------+---------+----------+----------+------+------+----------+
    |     6278|     6278|  1.256 ms|  1.256 ms|  6279|  6279|  dataflow|
    +---------+---------+----------+----------+------+------+----------+

    + Detail: 
        * Instance: 
        +-----------------------+----------------------+---------+---------+----------+----------+------+------+---------+
        |                       |                      |  Latency (cycles) |  Latency (absolute) |   Interval  | Pipeline|
        |        Instance       |        Module        |   min   |   max   |    min   |    max   |  min |  max |   Type  |
        +-----------------------+----------------------+---------+---------+----------+----------+------+------+---------+
        |fft_syn_fft_params_U0  |fft_syn_fft_params_s  |     6278|     6278|  1.256 ms|  1.256 ms|  6278|  6278|       no|
        +-----------------------+----------------------+---------+---------+----------+----------+------+------+---------+

        * Loop: 
        N/A



================================================================
== Utilization Estimates
================================================================
* Summary: 
+-----------------+---------+------+--------+--------+-----+
|       Name      | BRAM_18K|  DSP |   FF   |   LUT  | URAM|
+-----------------+---------+------+--------+--------+-----+
|DSP              |        -|     -|       -|       -|    -|
|Expression       |        -|     -|       -|       -|    -|
|FIFO             |        -|     -|       -|       -|    -|
|Instance         |        8|     0|   10996|    8833|    -|
|Memory           |        -|     -|       -|       -|    -|
|Multiplexer      |        -|     -|       -|       -|    -|
|Register         |        -|     -|       -|       -|    -|
+-----------------+---------+------+--------+--------+-----+
|Total            |        8|     0|   10996|    8833|    0|
+-----------------+---------+------+--------+--------+-----+
|Available        |      288|  1248|  234240|  117120|   64|
+-----------------+---------+------+--------+--------+-----+
|Utilization (%)  |        2|     0|       4|       7|    0|
+-----------------+---------+------+--------+--------+-----+

+ Detail: 
    * Instance: 
    +-----------------------+----------------------+---------+----+-------+------+-----+
    |        Instance       |        Module        | BRAM_18K| DSP|   FF  |  LUT | URAM|
    +-----------------------+----------------------+---------+----+-------+------+-----+
    |fft_syn_fft_params_U0  |fft_syn_fft_params_s  |        8|   0|  10996|  8833|    0|
    +-----------------------+----------------------+---------+----+-------+------+-----+
    |Total                  |                      |        8|   0|  10996|  8833|    0|
    +-----------------------+----------------------+---------+----+-------+------+-----+

    * DSP: 
    N/A

    * Memory: 
    N/A

    * FIFO: 
    N/A

    * Expression: 
    N/A

    * Multiplexer: 
    N/A

    * Register: 
    N/A



================================================================
== Interface
================================================================
* Summary: 
+----------------------+-----+-----+--------------+-------------------+--------------+
|       RTL Ports      | Dir | Bits|   Protocol   |   Source Object   |    C Type    |
+----------------------+-----+-----+--------------+-------------------+--------------+
|twiddle_out0_dout     |   in|   32|       ap_fifo|       twiddle_out0|       pointer|
|twiddle_out0_empty_n  |   in|    1|       ap_fifo|       twiddle_out0|       pointer|
|twiddle_out0_read     |  out|    1|       ap_fifo|       twiddle_out0|       pointer|
|fft2_out0_din         |  out|   32|       ap_fifo|          fft2_out0|       pointer|
|fft2_out0_full_n      |   in|    1|       ap_fifo|          fft2_out0|       pointer|
|fft2_out0_write       |  out|    1|       ap_fifo|          fft2_out0|       pointer|
|fft_status_din        |  out|    8|       ap_fifo|         fft_status|       pointer|
|fft_status_full_n     |   in|    1|       ap_fifo|         fft_status|       pointer|
|fft_status_write      |  out|    1|       ap_fifo|         fft_status|       pointer|
|fft_config_dout       |   in|   16|       ap_fifo|         fft_config|       pointer|
|fft_config_empty_n    |   in|    1|       ap_fifo|         fft_config|       pointer|
|fft_config_read       |  out|    1|       ap_fifo|         fft_config|       pointer|
|ap_clk                |   in|    1|  ap_ctrl_none|  fft<fft_params>.2|  return value|
|ap_rst                |   in|    1|  ap_ctrl_none|  fft<fft_params>.2|  return value|
|ap_ready              |  out|    1|  ap_ctrl_none|  fft<fft_params>.2|  return value|
+----------------------+-----+-----+--------------+-------------------+--------------+

