

================================================================
== Vitis HLS Report for 'fft_serial_kernel_wrapper'
================================================================
* Date:           Mon Mar  9 10:32:01 2026

* Version:        2023.2 (Build 4023990 on Oct 11 2023)
* Project:        hls_project
* Solution:       solution1 (Vivado IP Flow Target)
* Product family: zynquplus
* Target device:  xck26-sfvc784-2LV-c


================================================================
== Performance Estimates
================================================================
+ Timing: 
    * Summary: 
    +--------+---------+----------+------------+
    |  Clock |  Target | Estimated| Uncertainty|
    +--------+---------+----------+------------+
    |ap_clk  |  0.20 us|  0.146 us|    54.00 ns|
    +--------+---------+----------+------------+

+ Latency: 
    * Summary: 
    +---------+---------+----------+----------+-----+-------+----------+
    |  Latency (cycles) |  Latency (absolute) |   Interval  | Pipeline |
    |   min   |   max   |    min   |    max   | min |  max  |   Type   |
    +---------+---------+----------+----------+-----+-------+----------+
    |        4|    12562|  0.800 us|  2.512 ms|    4|  12562|  dataflow|
    +---------+---------+----------+----------+-----+-------+----------+

    + Detail: 
        * Instance: 
        +----------------------+-------------------+---------+---------+----------+----------+-----+-------+---------+
        |                      |                   |  Latency (cycles) |  Latency (absolute) |   Interval  | Pipeline|
        |       Instance       |       Module      |   min   |   max   |    min   |    max   | min |  max  |   Type  |
        +----------------------+-------------------+---------+---------+----------+----------+-----+-------+---------+
        |entry_proc107_U0      |entry_proc107      |        0|        0|      0 ns|      0 ns|    0|      0|       no|
        |fft_serial_kernel_U0  |fft_serial_kernel  |        3|    12561|  0.600 us|  2.512 ms|    3|  12561|       no|
        +----------------------+-------------------+---------+---------+----------+----------+-----+-------+---------+

        * Loop: 
        N/A



================================================================
== Utilization Estimates
================================================================
* Summary: 
+-----------------+---------+------+--------+--------+-----+
|       Name      | BRAM_18K|  DSP |   FF   |   LUT  | URAM|
+-----------------+---------+------+--------+--------+-----+
|DSP              |        -|     -|       -|       -|    -|
|Expression       |        -|     -|       0|       2|    -|
|FIFO             |        -|     -|      99|      67|    -|
|Instance         |        8|     0|   11850|    9254|    -|
|Memory           |        -|     -|       -|       -|    -|
|Multiplexer      |        -|     -|       -|       -|    -|
|Register         |        -|     -|       -|       -|    -|
+-----------------+---------+------+--------+--------+-----+
|Total            |        8|     0|   11949|    9323|    0|
+-----------------+---------+------+--------+--------+-----+
|Available        |      288|  1248|  234240|  117120|   64|
+-----------------+---------+------+--------+--------+-----+
|Utilization (%)  |        2|     0|       5|       7|    0|
+-----------------+---------+------+--------+--------+-----+

+ Detail: 
    * Instance: 
    +----------------------+-------------------+---------+----+-------+------+-----+
    |       Instance       |       Module      | BRAM_18K| DSP|   FF  |  LUT | URAM|
    +----------------------+-------------------+---------+----+-------+------+-----+
    |entry_proc107_U0      |entry_proc107      |        0|   0|     34|    29|    0|
    |fft_serial_kernel_U0  |fft_serial_kernel  |        8|   0|  11816|  9225|    0|
    +----------------------+-------------------+---------+----+-------+------+-----+
    |Total                 |                   |        8|   0|  11850|  9254|    0|
    +----------------------+-------------------+---------+----+-------+------+-----+

    * DSP: 
    N/A

    * Memory: 
    N/A

    * FIFO: 
    +-------------+---------+----+----+-----+------+-----+---------+
    |     Name    | BRAM_18K| FF | LUT| URAM| Depth| Bits| Size:D*B|
    +-------------+---------+----+----+-----+------+-----+---------+
    |p_channel_U  |        0|  99|   0|    -|     2|   32|       64|
    +-------------+---------+----+----+-----+------+-----+---------+
    |Total        |        0|  99|   0|    0|     2|   32|       64|
    +-------------+---------+----+----+-----+------+-----+---------+

    * Expression: 
    +--------------+----------+----+---+----+------------+------------+
    | Variable Name| Operation| DSP| FF| LUT| Bitwidth P0| Bitwidth P1|
    +--------------+----------+----+---+----+------------+------------+
    |ap_idle       |       and|   0|  0|   2|           1|           1|
    +--------------+----------+----+---+----+------------+------------+
    |Total         |          |   0|  0|   2|           1|           1|
    +--------------+----------+----+---+----+------------+------------+

    * Multiplexer: 
    N/A

    * Register: 
    N/A



================================================================
== Interface
================================================================
* Summary: 
+----------------------+-----+-----+------------+---------------------------+--------------+
|       RTL Ports      | Dir | Bits|  Protocol  |       Source Object       |    C Type    |
+----------------------+-----+-----+------------+---------------------------+--------------+
|twiddle_out1_dout     |   in|   32|     ap_fifo|               twiddle_out1|       pointer|
|twiddle_out1_empty_n  |   in|    1|     ap_fifo|               twiddle_out1|       pointer|
|twiddle_out1_read     |  out|    1|     ap_fifo|               twiddle_out1|       pointer|
|fft2_out1_din         |  out|   32|     ap_fifo|                  fft2_out1|       pointer|
|fft2_out1_full_n      |   in|    1|     ap_fifo|                  fft2_out1|       pointer|
|fft2_out1_write       |  out|    1|     ap_fifo|                  fft2_out1|       pointer|
|iter_dout             |   in|   32|     ap_fifo|                       iter|       pointer|
|iter_empty_n          |   in|    1|     ap_fifo|                       iter|       pointer|
|iter_read             |  out|    1|     ap_fifo|                       iter|       pointer|
|ap_clk                |   in|    1|  ap_ctrl_hs|  fft_serial_kernel.wrapper|  return value|
|ap_rst                |   in|    1|  ap_ctrl_hs|  fft_serial_kernel.wrapper|  return value|
|ap_start              |   in|    1|  ap_ctrl_hs|  fft_serial_kernel.wrapper|  return value|
|ap_done               |  out|    1|  ap_ctrl_hs|  fft_serial_kernel.wrapper|  return value|
|ap_ready              |  out|    1|  ap_ctrl_hs|  fft_serial_kernel.wrapper|  return value|
|ap_idle               |  out|    1|  ap_ctrl_hs|  fft_serial_kernel.wrapper|  return value|
|ap_continue           |   in|    1|  ap_ctrl_hs|  fft_serial_kernel.wrapper|  return value|
+----------------------+-----+-----+------------+---------------------------+--------------+

