

================================================================
== Vitis HLS Report for 'joiner_Pipeline_VITIS_LOOP_285_1_VITIS_LOOP_288_2'
================================================================
* Date:           Mon Mar  9 10:32:01 2026

* Version:        2023.2 (Build 4023990 on Oct 11 2023)
* Project:        hls_project
* Solution:       solution1 (Vivado IP Flow Target)
* Product family: zynquplus
* Target device:  xck26-sfvc784-2LV-c


================================================================
== Performance Estimates
================================================================
+ Timing: 
    * Summary: 
    +--------+---------+----------+------------+
    |  Clock |  Target | Estimated| Uncertainty|
    +--------+---------+----------+------------+
    |ap_clk  |  0.20 us|  3.676 ns|    54.00 ns|
    +--------+---------+----------+------------+

+ Latency: 
    * Summary: 
    +---------+---------+----------+----------+-----+------+---------+
    |  Latency (cycles) |  Latency (absolute) |  Interval  | Pipeline|
    |   min   |   max   |    min   |    max   | min |  max |   Type  |
    +---------+---------+----------+----------+-----+------+---------+
    |        2|     4098|  0.400 us|  0.820 ms|    2|  4098|       no|
    +---------+---------+----------+----------+-----+------+---------+

    + Detail: 
        * Instance: 
        N/A

        * Loop: 
        +-------------------------------------+---------+---------+----------+-----------+-----------+----------+----------+
        |                                     |  Latency (cycles) | Iteration|  Initiation Interval  |   Trip   |          |
        |              Loop Name              |   min   |   max   |  Latency |  achieved |   target  |   Count  | Pipelined|
        +-------------------------------------+---------+---------+----------+-----------+-----------+----------+----------+
        |- VITIS_LOOP_285_1_VITIS_LOOP_288_2  |        0|     4096|         2|          1|          1|  0 ~ 4096|       yes|
        +-------------------------------------+---------+---------+----------+-----------+-----------+----------+----------+



================================================================
== Utilization Estimates
================================================================
* Summary: 
+-----------------+---------+------+--------+--------+-----+
|       Name      | BRAM_18K|  DSP |   FF   |   LUT  | URAM|
+-----------------+---------+------+--------+--------+-----+
|DSP              |        -|     -|       -|       -|    -|
|Expression       |        -|     -|       0|     106|    -|
|FIFO             |        -|     -|       -|       -|    -|
|Instance         |        -|     -|       -|       -|    -|
|Memory           |        -|     -|       -|       -|    -|
|Multiplexer      |        -|     -|       -|      63|    -|
|Register         |        -|     -|      47|       -|    -|
+-----------------+---------+------+--------+--------+-----+
|Total            |        0|     0|      47|     169|    0|
+-----------------+---------+------+--------+--------+-----+
|Available        |      288|  1248|  234240|  117120|   64|
+-----------------+---------+------+--------+--------+-----+
|Utilization (%)  |        0|     0|      ~0|      ~0|    0|
+-----------------+---------+------+--------+--------+-----+

+ Detail: 
    * Instance: 
    N/A

    * DSP: 
    N/A

    * Memory: 
    N/A

    * FIFO: 
    N/A

    * Expression: 
    +----------------------------------+----------+----+---+----+------------+------------+
    |           Variable Name          | Operation| DSP| FF| LUT| Bitwidth P0| Bitwidth P1|
    +----------------------------------+----------+----+---+----+------------+------------+
    |add_ln285_fu_88_p2                |         +|   0|  0|  50|          43|           1|
    |ap_block_pp0_stage0_01001         |       and|   0|  0|   2|           1|           1|
    |icmp_ln285_fu_83_p2               |      icmp|   0|  0|  50|          43|          43|
    |ap_block_state3_pp0_stage0_iter2  |        or|   0|  0|   2|           1|           1|
    |ap_enable_pp0                     |       xor|   0|  0|   2|           1|           2|
    +----------------------------------+----------+----+---+----+------------+------------+
    |Total                             |          |   0|  0| 106|          89|          48|
    +----------------------------------+----------+----+---+----+------------+------------+

    * Multiplexer: 
    +-------------------------+----+-----------+-----+-----------+
    |           Name          | LUT| Input Size| Bits| Total Bits|
    +-------------------------+----+-----------+-----+-----------+
    |ap_done_int              |   9|          2|    1|          2|
    |ap_enable_reg_pp0_iter1  |   9|          2|    1|          2|
    |ap_enable_reg_pp0_iter2  |   9|          2|    1|          2|
    |fft2_out0_blk_n          |   9|          2|    1|          2|
    |fft2_out1_blk_n          |   9|          2|    1|          2|
    |indvar_flatten_fu_46     |   9|          2|   43|         86|
    |joiner_out_blk_n         |   9|          2|    1|          2|
    +-------------------------+----+-----------+-----+-----------+
    |Total                    |  63|         14|   49|         98|
    +-------------------------+----+-----------+-----+-----------+

    * Register: 
    +-------------------------+----+----+-----+-----------+
    |           Name          | FF | LUT| Bits| Const Bits|
    +-------------------------+----+----+-----+-----------+
    |ap_CS_fsm                |   1|   0|    1|          0|
    |ap_done_reg              |   1|   0|    1|          0|
    |ap_enable_reg_pp0_iter1  |   1|   0|    1|          0|
    |ap_enable_reg_pp0_iter2  |   1|   0|    1|          0|
    |indvar_flatten_fu_46     |  43|   0|   43|          0|
    +-------------------------+----+----+-----+-----------+
    |Total                    |  47|   0|   47|          0|
    +-------------------------+----+----+-----+-----------+



================================================================
== Interface
================================================================
* Summary: 
+---------------------------+-----+-----+------------+---------------------------------------------------+--------------+
|         RTL Ports         | Dir | Bits|  Protocol  |                   Source Object                   |    C Type    |
+---------------------------+-----+-----+------------+---------------------------------------------------+--------------+
|ap_clk                     |   in|    1|  ap_ctrl_hs|  joiner_Pipeline_VITIS_LOOP_285_1_VITIS_LOOP_288_2|  return value|
|ap_rst                     |   in|    1|  ap_ctrl_hs|  joiner_Pipeline_VITIS_LOOP_285_1_VITIS_LOOP_288_2|  return value|
|ap_start                   |   in|    1|  ap_ctrl_hs|  joiner_Pipeline_VITIS_LOOP_285_1_VITIS_LOOP_288_2|  return value|
|ap_done                    |  out|    1|  ap_ctrl_hs|  joiner_Pipeline_VITIS_LOOP_285_1_VITIS_LOOP_288_2|  return value|
|ap_idle                    |  out|    1|  ap_ctrl_hs|  joiner_Pipeline_VITIS_LOOP_285_1_VITIS_LOOP_288_2|  return value|
|ap_ready                   |  out|    1|  ap_ctrl_hs|  joiner_Pipeline_VITIS_LOOP_285_1_VITIS_LOOP_288_2|  return value|
|fft2_out0_dout             |   in|   32|     ap_fifo|                                          fft2_out0|       pointer|
|fft2_out0_num_data_valid   |   in|    3|     ap_fifo|                                          fft2_out0|       pointer|
|fft2_out0_fifo_cap         |   in|    3|     ap_fifo|                                          fft2_out0|       pointer|
|fft2_out0_empty_n          |   in|    1|     ap_fifo|                                          fft2_out0|       pointer|
|fft2_out0_read             |  out|    1|     ap_fifo|                                          fft2_out0|       pointer|
|fft2_out1_dout             |   in|   32|     ap_fifo|                                          fft2_out1|       pointer|
|fft2_out1_num_data_valid   |   in|    3|     ap_fifo|                                          fft2_out1|       pointer|
|fft2_out1_fifo_cap         |   in|    3|     ap_fifo|                                          fft2_out1|       pointer|
|fft2_out1_empty_n          |   in|    1|     ap_fifo|                                          fft2_out1|       pointer|
|fft2_out1_read             |  out|    1|     ap_fifo|                                          fft2_out1|       pointer|
|joiner_out_din             |  out|   64|     ap_fifo|                                         joiner_out|       pointer|
|joiner_out_num_data_valid  |   in|    3|     ap_fifo|                                         joiner_out|       pointer|
|joiner_out_fifo_cap        |   in|    3|     ap_fifo|                                         joiner_out|       pointer|
|joiner_out_full_n          |   in|    1|     ap_fifo|                                         joiner_out|       pointer|
|joiner_out_write           |  out|    1|     ap_fifo|                                         joiner_out|       pointer|
|bound                      |   in|   43|     ap_none|                                              bound|        scalar|
+---------------------------+-----+-----+------------+---------------------------------------------------+--------------+

