

================================================================
== Vitis HLS Report for 'radix2p_Pipeline_VITIS_LOOP_172_1_VITIS_LOOP_175_2'
================================================================
* Date:           Mon Mar  9 10:31:59 2026

* Version:        2023.2 (Build 4023990 on Oct 11 2023)
* Project:        hls_project
* Solution:       solution1 (Vivado IP Flow Target)
* Product family: zynquplus
* Target device:  xck26-sfvc784-2LV-c


================================================================
== Performance Estimates
================================================================
+ Timing: 
    * Summary: 
    +--------+---------+----------+------------+
    |  Clock |  Target | Estimated| Uncertainty|
    +--------+---------+----------+------------+
    |ap_clk  |  0.20 us|  4.529 ns|    54.00 ns|
    +--------+---------+----------+------------+

+ Latency: 
    * Summary: 
    +---------+---------+----------+----------+-----+------+---------+
    |  Latency (cycles) |  Latency (absolute) |  Interval  | Pipeline|
    |   min   |   max   |    min   |    max   | min |  max |   Type  |
    +---------+---------+----------+----------+-----+------+---------+
    |        2|     4098|  0.400 us|  0.820 ms|    2|  4098|       no|
    +---------+---------+----------+----------+-----+------+---------+

    + Detail: 
        * Instance: 
        N/A

        * Loop: 
        +-------------------------------------+---------+---------+----------+-----------+-----------+----------+----------+
        |                                     |  Latency (cycles) | Iteration|  Initiation Interval  |   Trip   |          |
        |              Loop Name              |   min   |   max   |  Latency |  achieved |   target  |   Count  | Pipelined|
        +-------------------------------------+---------+---------+----------+-----------+-----------+----------+----------+
        |- VITIS_LOOP_172_1_VITIS_LOOP_175_2  |        0|     4096|         2|          1|          1|  0 ~ 4096|       yes|
        +-------------------------------------+---------+---------+----------+-----------+-----------+----------+----------+



================================================================
== Utilization Estimates
================================================================
* Summary: 
+-----------------+---------+------+--------+--------+-----+
|       Name      | BRAM_18K|  DSP |   FF   |   LUT  | URAM|
+-----------------+---------+------+--------+--------+-----+
|DSP              |        -|     -|       -|       -|    -|
|Expression       |        -|     -|       0|     202|    -|
|FIFO             |        -|     -|       -|       -|    -|
|Instance         |        -|     -|       -|       -|    -|
|Memory           |        -|     -|       -|       -|    -|
|Multiplexer      |        -|     -|       -|      54|    -|
|Register         |        -|     -|      47|       -|    -|
+-----------------+---------+------+--------+--------+-----+
|Total            |        0|     0|      47|     256|    0|
+-----------------+---------+------+--------+--------+-----+
|Available        |      288|  1248|  234240|  117120|   64|
+-----------------+---------+------+--------+--------+-----+
|Utilization (%)  |        0|     0|      ~0|      ~0|    0|
+-----------------+---------+------+--------+--------+-----+

+ Detail: 
    * Instance: 
    N/A

    * DSP: 
    N/A

    * Memory: 
    N/A

    * FIFO: 
    N/A

    * Expression: 
    +----------------------------------+----------+----+---+----+------------+------------+
    |           Variable Name          | Operation| DSP| FF| LUT| Bitwidth P0| Bitwidth P1|
    +----------------------------------+----------+----+---+----+------------+------------+
    |a_fu_149_p2                       |         +|   0|  0|  24|          17|          17|
    |add_ln172_fu_96_p2                |         +|   0|  0|  50|          43|           1|
    |b_fu_163_p2                       |         +|   0|  0|  24|          17|          17|
    |c_fu_169_p2                       |         -|   0|  0|  24|          17|          17|
    |d_fu_175_p2                       |         -|   0|  0|  24|          17|          17|
    |ap_block_pp0_stage0_01001         |       and|   0|  0|   2|           1|           1|
    |icmp_ln172_fu_91_p2               |      icmp|   0|  0|  50|          43|          43|
    |ap_block_state3_pp0_stage0_iter2  |        or|   0|  0|   2|           1|           1|
    |ap_enable_pp0                     |       xor|   0|  0|   2|           1|           2|
    +----------------------------------+----------+----+---+----+------------+------------+
    |Total                             |          |   0|  0| 202|         157|         116|
    +----------------------------------+----------+----+---+----+------------+------------+

    * Multiplexer: 
    +-------------------------+----+-----------+-----+-----------+
    |           Name          | LUT| Input Size| Bits| Total Bits|
    +-------------------------+----+-----------+-----+-----------+
    |ap_done_int              |   9|          2|    1|          2|
    |ap_enable_reg_pp0_iter1  |   9|          2|    1|          2|
    |ap_enable_reg_pp0_iter2  |   9|          2|    1|          2|
    |fft1_out_blk_n           |   9|          2|    1|          2|
    |indvar_flatten_fu_60     |   9|          2|   43|         86|
    |reorder_out_blk_n        |   9|          2|    1|          2|
    +-------------------------+----+-----------+-----+-----------+
    |Total                    |  54|         12|   48|         96|
    +-------------------------+----+-----------+-----+-----------+

    * Register: 
    +-------------------------+----+----+-----+-----------+
    |           Name          | FF | LUT| Bits| Const Bits|
    +-------------------------+----+----+-----+-----------+
    |ap_CS_fsm                |   1|   0|    1|          0|
    |ap_done_reg              |   1|   0|    1|          0|
    |ap_enable_reg_pp0_iter1  |   1|   0|    1|          0|
    |ap_enable_reg_pp0_iter2  |   1|   0|    1|          0|
    |indvar_flatten_fu_60     |  43|   0|   43|          0|
    +-------------------------+----+----+-----+-----------+
    |Total                    |  47|   0|   47|          0|
    +-------------------------+----+----+-----+-----------+



================================================================
== Interface
================================================================
* Summary: 
+----------------------------+-----+-----+------------+----------------------------------------------------+--------------+
|          RTL Ports         | Dir | Bits|  Protocol  |                    Source Object                   |    C Type    |
+----------------------------+-----+-----+------------+----------------------------------------------------+--------------+
|ap_clk                      |   in|    1|  ap_ctrl_hs|  radix2p_Pipeline_VITIS_LOOP_172_1_VITIS_LOOP_175_2|  return value|
|ap_rst                      |   in|    1|  ap_ctrl_hs|  radix2p_Pipeline_VITIS_LOOP_172_1_VITIS_LOOP_175_2|  return value|
|ap_start                    |   in|    1|  ap_ctrl_hs|  radix2p_Pipeline_VITIS_LOOP_172_1_VITIS_LOOP_175_2|  return value|
|ap_done                     |  out|    1|  ap_ctrl_hs|  radix2p_Pipeline_VITIS_LOOP_172_1_VITIS_LOOP_175_2|  return value|
|ap_idle                     |  out|    1|  ap_ctrl_hs|  radix2p_Pipeline_VITIS_LOOP_172_1_VITIS_LOOP_175_2|  return value|
|ap_ready                    |  out|    1|  ap_ctrl_hs|  radix2p_Pipeline_VITIS_LOOP_172_1_VITIS_LOOP_175_2|  return value|
|reorder_out_dout            |   in|   64|     ap_fifo|                                         reorder_out|       pointer|
|reorder_out_num_data_valid  |   in|    3|     ap_fifo|                                         reorder_out|       pointer|
|reorder_out_fifo_cap        |   in|    3|     ap_fifo|                                         reorder_out|       pointer|
|reorder_out_empty_n         |   in|    1|     ap_fifo|                                         reorder_out|       pointer|
|reorder_out_read            |  out|    1|     ap_fifo|                                         reorder_out|       pointer|
|fft1_out_din                |  out|   64|     ap_fifo|                                            fft1_out|       pointer|
|fft1_out_num_data_valid     |   in|    3|     ap_fifo|                                            fft1_out|       pointer|
|fft1_out_fifo_cap           |   in|    3|     ap_fifo|                                            fft1_out|       pointer|
|fft1_out_full_n             |   in|    1|     ap_fifo|                                            fft1_out|       pointer|
|fft1_out_write              |  out|    1|     ap_fifo|                                            fft1_out|       pointer|
|bound                       |   in|   43|     ap_none|                                               bound|        scalar|
+----------------------------+-----+-----+------------+----------------------------------------------------+--------------+

