INFO: [COSIM-47] Using XSIM for RTL simulation.
INFO: [COSIM-14] Instrumenting C test bench ...
   Build using "/home/phongtran/Downloads/VIVADO/Vitis_HLS/2023.2/tps/lnx64/gcc-8.3.0/bin/g++"
   Compiling apatb_fft_16_ssr1_i16_c16_t16_top.cpp
   Compiling fft_16_ssr1_i16_c16_t16.cpp_pre.cpp.tb.cpp
   Compiling fft_model.cpp_pre.cpp.tb.cpp
   Compiling testbench.cpp_pre.cpp.tb.cpp
   Compiling apatb_fft_16_ssr1_i16_c16_t16_top_ir.ll
   Generating cosim.tv.exe
INFO: [COSIM-302] Starting C TB testing ... 
INFO: [COSIM-333] Generating C post check test bench ...
INFO: [COSIM-12] Generating RTL test bench ...
INFO: [COSIM-1] *** C/RTL co-simulation file generation completed. ***
INFO: [COSIM-323] Starting verilog simulation. 
INFO: [COSIM-15] Starting XSIM ...
INFO: [COSIM-316] Starting C post checking ...
Generating test data
Generating truth data
Loading the HLS input buffer
Running the HLS component
Checking results
The mean square error is 9.45874e-11
The maximum absolute error is 4.31584e-05
INFO [HLS SIM]: The maximum depth reached by any hls::stream() instance in the design is 512
Vivado Simulator v2023.2
Copyright 1986-2022 Xilinx, Inc. All Rights Reserved.
Copyright 2022-2023 Advanced Micro Devices, Inc. All Rights Reserved.
Running: /home/phongtran/Downloads/VIVADO/Vivado/2023.2/bin/unwrapped/lnx64.o/xelab xil_defaultlib.apatb_fft_16_ssr1_i16_c16_t16_top_top glbl -Oenable_linking_all_libraries -prj fft_16_ssr1_i16_c16_t16_top.prj -L smartconnect_v1_0 -L axi_protocol_checker_v1_1_12 -L axi_protocol_checker_v1_1_13 -L axis_protocol_checker_v1_1_11 -L axis_protocol_checker_v1_1_12 -L xil_defaultlib -L unisims_ver -L xpm -L floating_point_v7_1_16 -L floating_point_v7_0_21 --lib ieee_proposed=./ieee_proposed -s fft_16_ssr1_i16_c16_t16_top -debug all 
Multi-threading is on. Using 10 slave threads.
Determining compilation order of HDL files.
WARNING: [XSIM 43-3431] One or more environment variables have been detected which affect the operation of the C compiler. These are typically not set in standard installations and are not tested by AMD, however they may be appropriate for your system, so the flow will attempt to continue.  If errors occur, try running xelab with the "-mt off -v 1" switches to see more information from the C compiler. The following environment variables have been detected:
    LIBRARY_PATH
INFO: [VRFC 10-2263] Analyzing SystemVerilog file "/home/phongtran/Downloads/ssr-fft-main/fft_16_ssr1_i16_c16_t16/hls_project/solution1/sim/verilog/glbl.v" into library work
INFO: [VRFC 10-311] analyzing module glbl
INFO: [VRFC 10-2263] Analyzing SystemVerilog file "/home/phongtran/Downloads/ssr-fft-main/fft_16_ssr1_i16_c16_t16/hls_project/solution1/sim/verilog/fft_16_ssr1_i16_c16_t16_top_dma_in.v" into library xil_defaultlib
INFO: [VRFC 10-311] analyzing module fft_16_ssr1_i16_c16_t16_top_dma_in
INFO: [VRFC 10-2263] Analyzing SystemVerilog file "/home/phongtran/Downloads/ssr-fft-main/fft_16_ssr1_i16_c16_t16/hls_project/solution1/sim/verilog/fft_16_ssr1_i16_c16_t16_top_dataflow_in_loop_VITIS_LOOP_158_1.v" into library xil_defaultlib
INFO: [VRFC 10-311] analyzing module fft_16_ssr1_i16_c16_t16_top_dataflow_in_loop_VITIS_LOOP_158_1
INFO: [VRFC 10-2263] Analyzing SystemVerilog file "/home/phongtran/Downloads/ssr-fft-main/fft_16_ssr1_i16_c16_t16/hls_project/solution1/sim/verilog/AESL_deadlock_detector.v" into library xil_defaultlib
INFO: [VRFC 10-311] analyzing module AESL_deadlock_detector
INFO: [VRFC 10-2263] Analyzing SystemVerilog file "/home/phongtran/Downloads/ssr-fft-main/fft_16_ssr1_i16_c16_t16/hls_project/solution1/sim/verilog/fft_16_ssr1_i16_c16_t16_top.v" into library xil_defaultlib
INFO: [VRFC 10-311] analyzing module fft_16_ssr1_i16_c16_t16_top
INFO: [VRFC 10-2263] Analyzing SystemVerilog file "/home/phongtran/Downloads/ssr-fft-main/fft_16_ssr1_i16_c16_t16/hls_project/solution1/sim/verilog/fft_16_ssr1_i16_c16_t16_top_dma_out_Pipeline_VITIS_LOOP_78_1.v" into library xil_defaultlib
INFO: [VRFC 10-311] analyzing module fft_16_ssr1_i16_c16_t16_top_dma_out_Pipeline_VITIS_LOOP_78_1
INFO: [VRFC 10-2263] Analyzing SystemVerilog file "/home/phongtran/Downloads/ssr-fft-main/fft_16_ssr1_i16_c16_t16/hls_project/solution1/sim/verilog/fft_16_ssr1_i16_c16_t16_top_start_for_Block_newFuncRoot_proc_proc6_U0.v" into library xil_defaultlib
INFO: [VRFC 10-311] analyzing module fft_16_ssr1_i16_c16_t16_top_start_for_Block_newFuncRoot_proc_proc6_U0
INFO: [VRFC 10-311] analyzing module fft_16_ssr1_i16_c16_t16_top_start_for_Block_newFuncRoot_proc_proc6_U0_ShiftReg
INFO: [VRFC 10-2263] Analyzing SystemVerilog file "/home/phongtran/Downloads/ssr-fft-main/fft_16_ssr1_i16_c16_t16/hls_project/solution1/sim/verilog/fft_16_ssr1_i16_c16_t16_top_gmem1_m_axi.v" into library xil_defaultlib
INFO: [VRFC 10-311] analyzing module fft_16_ssr1_i16_c16_t16_top_gmem1_m_axi
INFO: [VRFC 10-311] analyzing module fft_16_ssr1_i16_c16_t16_top_gmem1_m_axi_load
INFO: [VRFC 10-311] analyzing module fft_16_ssr1_i16_c16_t16_top_gmem1_m_axi_store
INFO: [VRFC 10-311] analyzing module fft_16_ssr1_i16_c16_t16_top_gmem1_m_axi_read
INFO: [VRFC 10-311] analyzing module fft_16_ssr1_i16_c16_t16_top_gmem1_m_axi_write
INFO: [VRFC 10-311] analyzing module fft_16_ssr1_i16_c16_t16_top_gmem1_m_axi_burst_converter
INFO: [VRFC 10-311] analyzing module fft_16_ssr1_i16_c16_t16_top_gmem1_m_axi_throttle
INFO: [VRFC 10-311] analyzing module fft_16_ssr1_i16_c16_t16_top_gmem1_m_axi_reg_slice
INFO: [VRFC 10-311] analyzing module fft_16_ssr1_i16_c16_t16_top_gmem1_m_axi_fifo
INFO: [VRFC 10-311] analyzing module fft_16_ssr1_i16_c16_t16_top_gmem1_m_axi_srl
INFO: [VRFC 10-311] analyzing module fft_16_ssr1_i16_c16_t16_top_gmem1_m_axi_mem
INFO: [VRFC 10-2263] Analyzing SystemVerilog file "/home/phongtran/Downloads/ssr-fft-main/fft_16_ssr1_i16_c16_t16/hls_project/solution1/sim/verilog/fft_16_ssr1_i16_c16_t16_top_control_s_axi.v" into library xil_defaultlib
INFO: [VRFC 10-311] analyzing module fft_16_ssr1_i16_c16_t16_top_control_s_axi
INFO: [VRFC 10-2263] Analyzing SystemVerilog file "/home/phongtran/Downloads/ssr-fft-main/fft_16_ssr1_i16_c16_t16/hls_project/solution1/sim/verilog/fft_16_ssr1_i16_c16_t16_top_fifo_w8_d2_S.v" into library xil_defaultlib
INFO: [VRFC 10-311] analyzing module fft_16_ssr1_i16_c16_t16_top_fifo_w8_d2_S
INFO: [VRFC 10-311] analyzing module fft_16_ssr1_i16_c16_t16_top_fifo_w8_d2_S_ShiftReg
INFO: [VRFC 10-2263] Analyzing SystemVerilog file "/home/phongtran/Downloads/ssr-fft-main/fft_16_ssr1_i16_c16_t16/hls_project/solution1/sim/verilog/fft_16_ssr1_i16_c16_t16_top_fft_core.v" into library xil_defaultlib
INFO: [VRFC 10-311] analyzing module fft_16_ssr1_i16_c16_t16_top_fft_core
INFO: [VRFC 10-2263] Analyzing SystemVerilog file "/home/phongtran/Downloads/ssr-fft-main/fft_16_ssr1_i16_c16_t16/hls_project/solution1/sim/verilog/fft_16_ssr1_i16_c16_t16_top_fifo_w28_d2_S.v" into library xil_defaultlib
INFO: [VRFC 10-311] analyzing module fft_16_ssr1_i16_c16_t16_top_fifo_w28_d2_S
INFO: [VRFC 10-311] analyzing module fft_16_ssr1_i16_c16_t16_top_fifo_w28_d2_S_ShiftReg
INFO: [VRFC 10-2263] Analyzing SystemVerilog file "/home/phongtran/Downloads/ssr-fft-main/fft_16_ssr1_i16_c16_t16/hls_project/solution1/sim/verilog/AESL_axi_master_gmem2.v" into library xil_defaultlib
INFO: [VRFC 10-311] analyzing module AESL_axi_master_gmem2
INFO: [VRFC 10-2263] Analyzing SystemVerilog file "/home/phongtran/Downloads/ssr-fft-main/fft_16_ssr1_i16_c16_t16/hls_project/solution1/sim/verilog/AESL_axi_slave_control.v" into library xil_defaultlib
INFO: [VRFC 10-311] analyzing module AESL_axi_slave_control
INFO: [VRFC 10-2263] Analyzing SystemVerilog file "/home/phongtran/Downloads/ssr-fft-main/fft_16_ssr1_i16_c16_t16/hls_project/solution1/sim/verilog/fft_16_ssr1_i16_c16_t16_top_dma_out.v" into library xil_defaultlib
INFO: [VRFC 10-311] analyzing module fft_16_ssr1_i16_c16_t16_top_dma_out
INFO: [VRFC 10-2263] Analyzing SystemVerilog file "/home/phongtran/Downloads/ssr-fft-main/fft_16_ssr1_i16_c16_t16/hls_project/solution1/sim/verilog/fft_16_ssr1_i16_c16_t16_top_Block_newFuncRoot_proc_proc6.v" into library xil_defaultlib
INFO: [VRFC 10-311] analyzing module fft_16_ssr1_i16_c16_t16_top_Block_newFuncRoot_proc_proc6
INFO: [VRFC 10-2263] Analyzing SystemVerilog file "/home/phongtran/Downloads/ssr-fft-main/fft_16_ssr1_i16_c16_t16/hls_project/solution1/sim/verilog/fft_16_ssr1_i16_c16_t16_top_fifo_w64_d4_S.v" into library xil_defaultlib
INFO: [VRFC 10-311] analyzing module fft_16_ssr1_i16_c16_t16_top_fifo_w64_d4_S
INFO: [VRFC 10-311] analyzing module fft_16_ssr1_i16_c16_t16_top_fifo_w64_d4_S_ShiftReg
INFO: [VRFC 10-2263] Analyzing SystemVerilog file "/home/phongtran/Downloads/ssr-fft-main/fft_16_ssr1_i16_c16_t16/hls_project/solution1/sim/verilog/fft_16_ssr1_i16_c16_t16_top_flow_control_loop_pipe_sequential_init.v" into library xil_defaultlib
INFO: [VRFC 10-311] analyzing module fft_16_ssr1_i16_c16_t16_top_flow_control_loop_pipe_sequential_init
INFO: [VRFC 10-2263] Analyzing SystemVerilog file "/home/phongtran/Downloads/ssr-fft-main/fft_16_ssr1_i16_c16_t16/hls_project/solution1/sim/verilog/fft_16_ssr1_i16_c16_t16_top_start_for_fft_serial_kernel_wrapper_U0.v" into library xil_defaultlib
INFO: [VRFC 10-311] analyzing module fft_16_ssr1_i16_c16_t16_top_start_for_fft_serial_kernel_wrapper_U0
INFO: [VRFC 10-311] analyzing module fft_16_ssr1_i16_c16_t16_top_start_for_fft_serial_kernel_wrapper_U0_ShiftReg
INFO: [VRFC 10-2263] Analyzing SystemVerilog file "/home/phongtran/Downloads/ssr-fft-main/fft_16_ssr1_i16_c16_t16/hls_project/solution1/sim/verilog/AESL_axi_master_gmem1.v" into library xil_defaultlib
INFO: [VRFC 10-311] analyzing module AESL_axi_master_gmem1
INFO: [VRFC 10-2263] Analyzing SystemVerilog file "/home/phongtran/Downloads/ssr-fft-main/fft_16_ssr1_i16_c16_t16/hls_project/solution1/sim/verilog/fft_16_ssr1_i16_c16_t16_top_fft_serial_kernel_wrapper.v" into library xil_defaultlib
INFO: [VRFC 10-311] analyzing module fft_16_ssr1_i16_c16_t16_top_fft_serial_kernel_wrapper
INFO: [VRFC 10-2263] Analyzing SystemVerilog file "/home/phongtran/Downloads/ssr-fft-main/fft_16_ssr1_i16_c16_t16/hls_project/solution1/sim/verilog/fft_16_ssr1_i16_c16_t16_top_fft_syn_fft_params_s.v" into library xil_defaultlib
INFO: [VRFC 10-311] analyzing module fft_16_ssr1_i16_c16_t16_top_fft_syn_fft_params_s
INFO: [VRFC 10-2263] Analyzing SystemVerilog file "/home/phongtran/Downloads/ssr-fft-main/fft_16_ssr1_i16_c16_t16/hls_project/solution1/sim/verilog/fft_16_ssr1_i16_c16_t16_top_Block_newFuncRoot_proc_proc5.v" into library xil_defaultlib
INFO: [VRFC 10-311] analyzing module fft_16_ssr1_i16_c16_t16_top_Block_newFuncRoot_proc_proc5
INFO: [VRFC 10-2263] Analyzing SystemVerilog file "/home/phongtran/Downloads/ssr-fft-main/fft_16_ssr1_i16_c16_t16/hls_project/solution1/sim/verilog/fft_16_ssr1_i16_c16_t16_top_fft_fft_params_s.v" into library xil_defaultlib
INFO: [VRFC 10-311] analyzing module fft_16_ssr1_i16_c16_t16_top_fft_fft_params_s
INFO: [VRFC 10-2263] Analyzing SystemVerilog file "/home/phongtran/Downloads/ssr-fft-main/fft_16_ssr1_i16_c16_t16/hls_project/solution1/sim/verilog/fft_16_ssr1_i16_c16_t16_top_fft_serial_kernel.v" into library xil_defaultlib
INFO: [VRFC 10-311] analyzing module fft_16_ssr1_i16_c16_t16_top_fft_serial_kernel
INFO: [VRFC 10-2263] Analyzing SystemVerilog file "/home/phongtran/Downloads/ssr-fft-main/fft_16_ssr1_i16_c16_t16/hls_project/solution1/sim/verilog/fft_16_ssr1_i16_c16_t16_top_start_for_dma_out_U0.v" into library xil_defaultlib
INFO: [VRFC 10-311] analyzing module fft_16_ssr1_i16_c16_t16_top_start_for_dma_out_U0
INFO: [VRFC 10-311] analyzing module fft_16_ssr1_i16_c16_t16_top_start_for_dma_out_U0_ShiftReg
INFO: [VRFC 10-2263] Analyzing SystemVerilog file "/home/phongtran/Downloads/ssr-fft-main/fft_16_ssr1_i16_c16_t16/hls_project/solution1/sim/verilog/fft_16_ssr1_i16_c16_t16_top_dma_in_Pipeline_VITIS_LOOP_53_1.v" into library xil_defaultlib
INFO: [VRFC 10-311] analyzing module fft_16_ssr1_i16_c16_t16_top_dma_in_Pipeline_VITIS_LOOP_53_1
INFO: [VRFC 10-2263] Analyzing SystemVerilog file "/home/phongtran/Downloads/ssr-fft-main/fft_16_ssr1_i16_c16_t16/hls_project/solution1/sim/verilog/AESL_deadlock_detection_unit.v" into library xil_defaultlib
INFO: [VRFC 10-311] analyzing module AESL_deadlock_detect_unit
INFO: [VRFC 10-2263] Analyzing SystemVerilog file "/home/phongtran/Downloads/ssr-fft-main/fft_16_ssr1_i16_c16_t16/hls_project/solution1/sim/verilog/AESL_deadlock_report_unit.v" into library xil_defaultlib
INFO: [VRFC 10-311] analyzing module AESL_deadlock_report_unit
INFO: [VRFC 10-2263] Analyzing SystemVerilog file "/home/phongtran/Downloads/ssr-fft-main/fft_16_ssr1_i16_c16_t16/hls_project/solution1/sim/verilog/fft_16_ssr1_i16_c16_t16_top_Block_newFuncRoot_proc_proc.v" into library xil_defaultlib
INFO: [VRFC 10-311] analyzing module fft_16_ssr1_i16_c16_t16_top_Block_newFuncRoot_proc_proc
INFO: [VRFC 10-2263] Analyzing SystemVerilog file "/home/phongtran/Downloads/ssr-fft-main/fft_16_ssr1_i16_c16_t16/hls_project/solution1/sim/verilog/fft_16_ssr1_i16_c16_t16_top_fifo_w32_d2_S_x.v" into library xil_defaultlib
INFO: [VRFC 10-311] analyzing module fft_16_ssr1_i16_c16_t16_top_fifo_w32_d2_S_x
INFO: [VRFC 10-311] analyzing module fft_16_ssr1_i16_c16_t16_top_fifo_w32_d2_S_x_ShiftReg
INFO: [VRFC 10-2263] Analyzing SystemVerilog file "/home/phongtran/Downloads/ssr-fft-main/fft_16_ssr1_i16_c16_t16/hls_project/solution1/sim/verilog/fft_16_ssr1_i16_c16_t16_top_entry_proc.v" into library xil_defaultlib
INFO: [VRFC 10-311] analyzing module fft_16_ssr1_i16_c16_t16_top_entry_proc
INFO: [VRFC 10-2263] Analyzing SystemVerilog file "/home/phongtran/Downloads/ssr-fft-main/fft_16_ssr1_i16_c16_t16/hls_project/solution1/sim/verilog/fft_16_ssr1_i16_c16_t16_top_entry_proc42.v" into library xil_defaultlib
INFO: [VRFC 10-311] analyzing module fft_16_ssr1_i16_c16_t16_top_entry_proc42
INFO: [VRFC 10-2263] Analyzing SystemVerilog file "/home/phongtran/Downloads/ssr-fft-main/fft_16_ssr1_i16_c16_t16/hls_project/solution1/sim/verilog/fft_16_ssr1_i16_c16_t16_top.autotb.v" into library xil_defaultlib
INFO: [VRFC 10-311] analyzing module apatb_fft_16_ssr1_i16_c16_t16_top_top
INFO: [VRFC 10-2263] Analyzing SystemVerilog file "/home/phongtran/Downloads/ssr-fft-main/fft_16_ssr1_i16_c16_t16/hls_project/solution1/sim/verilog/fft_16_ssr1_i16_c16_t16_top_gmem2_m_axi.v" into library xil_defaultlib
INFO: [VRFC 10-311] analyzing module fft_16_ssr1_i16_c16_t16_top_gmem2_m_axi
INFO: [VRFC 10-311] analyzing module fft_16_ssr1_i16_c16_t16_top_gmem2_m_axi_load
INFO: [VRFC 10-311] analyzing module fft_16_ssr1_i16_c16_t16_top_gmem2_m_axi_store
INFO: [VRFC 10-311] analyzing module fft_16_ssr1_i16_c16_t16_top_gmem2_m_axi_read
INFO: [VRFC 10-311] analyzing module fft_16_ssr1_i16_c16_t16_top_gmem2_m_axi_write
INFO: [VRFC 10-311] analyzing module fft_16_ssr1_i16_c16_t16_top_gmem2_m_axi_burst_converter
INFO: [VRFC 10-311] analyzing module fft_16_ssr1_i16_c16_t16_top_gmem2_m_axi_throttle
INFO: [VRFC 10-311] analyzing module fft_16_ssr1_i16_c16_t16_top_gmem2_m_axi_reg_slice
INFO: [VRFC 10-311] analyzing module fft_16_ssr1_i16_c16_t16_top_gmem2_m_axi_fifo
INFO: [VRFC 10-311] analyzing module fft_16_ssr1_i16_c16_t16_top_gmem2_m_axi_srl
INFO: [VRFC 10-311] analyzing module fft_16_ssr1_i16_c16_t16_top_gmem2_m_axi_mem
INFO: [VRFC 10-2263] Analyzing SystemVerilog file "/home/phongtran/Downloads/ssr-fft-main/fft_16_ssr1_i16_c16_t16/hls_project/solution1/sim/verilog/fft_16_ssr1_i16_c16_t16_top_fifo_w32_d2_S.v" into library xil_defaultlib
INFO: [VRFC 10-311] analyzing module fft_16_ssr1_i16_c16_t16_top_fifo_w32_d2_S
INFO: [VRFC 10-311] analyzing module fft_16_ssr1_i16_c16_t16_top_fifo_w32_d2_S_ShiftReg
INFO: [VRFC 10-2263] Analyzing SystemVerilog file "/home/phongtran/Downloads/ssr-fft-main/fft_16_ssr1_i16_c16_t16/hls_project/solution1/sim/verilog/dataflow_monitor.sv" into library xil_defaultlib
INFO: [VRFC 10-311] analyzing module dataflow_monitor
INFO: [VRFC 10-163] Analyzing VHDL file "/home/phongtran/Downloads/ssr-fft-main/fft_16_ssr1_i16_c16_t16/hls_project/solution1/sim/verilog/ip/xil_defaultlib/fft_16_ssr1_i16_c16_t16_top_fft_syn_fft_params_s_core_ip.vhd" into library xil_defaultlib
INFO: [VRFC 10-3107] analyzing entity 'fft_16_ssr1_i16_c16_t16_top_fft_syn_fft_params_s_core_ip'
Starting static elaboration
Pass Through NonSizing Optimizer
WARNING: [VRFC 10-9145] library name 'xfft_v9_1_10' of instantiated unit conflicts with the name of another visible identifier [/home/phongtran/Downloads/ssr-fft-main/fft_16_ssr1_i16_c16_t16/hls_project/solution1/sim/verilog/ip/xil_defaultlib/fft_16_ssr1_i16_c16_t16_top_fft_syn_fft_params_s_core_ip.vhd:199]
WARNING: [VRFC 10-5021] port 'reset' is not connected on this instance [/home/phongtran/Downloads/ssr-fft-main/fft_16_ssr1_i16_c16_t16/hls_project/solution1/sim/verilog/fft_16_ssr1_i16_c16_t16_top_fifo_w8_d2_S.v:49]
WARNING: [VRFC 10-5021] port 'reset' is not connected on this instance [/home/phongtran/Downloads/ssr-fft-main/fft_16_ssr1_i16_c16_t16/hls_project/solution1/sim/verilog/fft_16_ssr1_i16_c16_t16_top_start_for_Block_newFuncRoot_proc_proc6_U0.v:46]
WARNING: [VRFC 10-5021] port 'reset' is not connected on this instance [/home/phongtran/Downloads/ssr-fft-main/fft_16_ssr1_i16_c16_t16/hls_project/solution1/sim/verilog/fft_16_ssr1_i16_c16_t16_top_fifo_w32_d2_S.v:49]
WARNING: [VRFC 10-5021] port 'reset' is not connected on this instance [/home/phongtran/Downloads/ssr-fft-main/fft_16_ssr1_i16_c16_t16/hls_project/solution1/sim/verilog/fft_16_ssr1_i16_c16_t16_top_fifo_w64_d4_S.v:49]
WARNING: [VRFC 10-5021] port 'reset' is not connected on this instance [/home/phongtran/Downloads/ssr-fft-main/fft_16_ssr1_i16_c16_t16/hls_project/solution1/sim/verilog/fft_16_ssr1_i16_c16_t16_top_fifo_w32_d2_S_x.v:49]
WARNING: [VRFC 10-5021] port 'reset' is not connected on this instance [/home/phongtran/Downloads/ssr-fft-main/fft_16_ssr1_i16_c16_t16/hls_project/solution1/sim/verilog/fft_16_ssr1_i16_c16_t16_top_fifo_w28_d2_S.v:49]
WARNING: [VRFC 10-5021] port 'reset' is not connected on this instance [/home/phongtran/Downloads/ssr-fft-main/fft_16_ssr1_i16_c16_t16/hls_project/solution1/sim/verilog/fft_16_ssr1_i16_c16_t16_top_start_for_dma_out_U0.v:46]
WARNING: [VRFC 10-5021] port 'reset' is not connected on this instance [/home/phongtran/Downloads/ssr-fft-main/fft_16_ssr1_i16_c16_t16/hls_project/solution1/sim/verilog/fft_16_ssr1_i16_c16_t16_top_start_for_fft_serial_kernel_wrapper_U0.v:46]
Completed static elaboration
Starting simulation data flow analysis
Completed simulation data flow analysis
Time Resolution for simulation is 1ps
Compiling package std.standard
Compiling package std.textio
Compiling package ieee.std_logic_1164
Compiling package ieee.numeric_std
Compiling package xbip_utils_v3_0_11.xbip_utils_v3_0_11_pkg
Compiling package xfft_v9_1_10.xfft_v9_1_10_viv_comp
Compiling package ieee.std_logic_arith
Compiling package ieee.std_logic_unsigned
Compiling package ieee.math_real
Compiling package axi_utils_v2_0_7.axi_utils_v2_0_7_pkg
Compiling package mult_gen_v12_0_19.mult_gen_v12_0_19_pkg
Compiling package ieee.std_logic_signed
Compiling package cmpy_v6_0_22.cmpy_v6_0_22_pkg
Compiling package floating_point_v7_0_21.floating_point_v7_0_21_consts
Compiling package floating_point_v7_0_21.floating_point_v7_0_21_exp_table...
Compiling package floating_point_v7_0_21.floating_point_v7_0_21_pkg
Compiling package xfft_v9_1_10.pkg
Compiling package xfft_v9_1_10.xfft_v9_1_10_axi_pkg
Compiling package axi_utils_v2_0_7.global_util_pkg
Compiling package axi_utils_v2_0_7.axi_utils_comps
Compiling package unisim.vcomponents
Compiling package xbip_pipe_v3_0_7.xbip_pipe_v3_0_7_viv_comp
Compiling package xbip_addsub_v3_0_7.xbip_addsub_v3_0_7_viv_comp
Compiling package c_addsub_v12_0_16.c_addsub_v12_0_16_pkg
Compiling package c_addsub_v12_0_16.c_addsub_v12_0_16_pkg_legacy
Compiling package c_reg_fd_v12_0_7.c_reg_fd_v12_0_7_viv_comp
Compiling package ieee.vital_timing
Compiling package ieee.vital_primitives
Compiling package unisim.vpkg
Compiling package c_shift_ram_v12_0_15.c_shift_ram_v12_0_15_pkg
Compiling package c_mux_bit_v12_0_7.c_mux_bit_v12_0_7_viv_comp
Compiling package xfft_v9_1_10.quarter_sin_tw_table
Compiling package xfft_v9_1_10.quarter2_sin_tw_table
Compiling package mult_gen_v12_0_19.dsp_pkg
Compiling package xpm.vcomponents
Compiling package ieee.std_logic_textio
Compiling package xil_defaultlib.$unit_dataflow_monitor_sv
Compiling module xil_defaultlib.fft_16_ssr1_i16_c16_t16_top_entr...
Compiling module xil_defaultlib.fft_16_ssr1_i16_c16_t16_top_flow...
Compiling module xil_defaultlib.fft_16_ssr1_i16_c16_t16_top_dma_...
Compiling module xil_defaultlib.fft_16_ssr1_i16_c16_t16_top_dma_...
Compiling module xil_defaultlib.fft_16_ssr1_i16_c16_t16_top_entr...
Compiling module xil_defaultlib.fft_16_ssr1_i16_c16_t16_top_Bloc...
Compiling module xil_defaultlib.fft_16_ssr1_i16_c16_t16_top_Bloc...
Compiling architecture xilinx of entity axi_utils_v2_0_7.glb_srl_fifo [\glb_srl_fifo(width=1,has_uvprot...]
Compiling architecture xilinx of entity axi_utils_v2_0_7.glb_ifx_master [\glb_ifx_master(width=1,afull_th...]
Compiling architecture synth of entity xfft_v9_1_10.axi_wrapper_output_fifo [\axi_wrapper_output_fifo(c_fifo_...]
Compiling architecture xilinx of entity axi_utils_v2_0_7.glb_srl_fifo [\glb_srl_fifo(width=5,has_uvprot...]
Compiling architecture xilinx of entity axi_utils_v2_0_7.glb_ifx_slave [\glb_ifx_slave(width=5,has_uvpro...]
Compiling architecture synth of entity xfft_v9_1_10.axi_wrapper_input_fifo [\axi_wrapper_input_fifo(c_fifo_w...]
Compiling architecture xilinx of entity axi_utils_v2_0_7.glb_srl_fifo [\glb_srl_fifo(width=33,has_uvpro...]
Compiling architecture xilinx of entity axi_utils_v2_0_7.glb_ifx_slave [\glb_ifx_slave(width=33,has_uvpr...]
Compiling architecture synth of entity xfft_v9_1_10.axi_wrapper_input_fifo [\axi_wrapper_input_fifo(c_fifo_w...]
Compiling architecture xilinx of entity axi_utils_v2_0_7.glb_srl_fifo [\glb_srl_fifo(width=34,has_uvpro...]
Compiling architecture xilinx of entity axi_utils_v2_0_7.glb_ifx_master [\glb_ifx_master(width=34,afull_t...]
Compiling architecture synth of entity xfft_v9_1_10.axi_wrapper_output_fifo [\axi_wrapper_output_fifo(c_fifo_...]
Compiling architecture synth of entity xfft_v9_1_10.axi_wrapper [\axi_wrapper(c_nfft_max=4,c_arch...]
Compiling architecture xilinx of entity xfft_v9_1_10.cnt_tc_rtl_b [\cnt_tc_rtl_b(c_xdevicefamily="z...]
Compiling architecture struct of entity c_shift_ram_v12_0_15.c_shift_ram_v12_0_15_legacy [\c_shift_ram_v12_0_15_legacy(c_x...]
Compiling architecture synth of entity c_shift_ram_v12_0_15.c_shift_ram_v12_0_15_viv [\c_shift_ram_v12_0_15_viv(c_xdev...]
Compiling architecture xilinx of entity xfft_v9_1_10.shift_ram [\shift_ram(c_xdevicefamily="zynq...]
Compiling architecture xilinx of entity xfft_v9_1_10.equ_rtl [\equ_rtl(c_xdevicefamily="zynqup...]
Compiling architecture xilinx of entity xfft_v9_1_10.r22_cnt_ctrl [\r22_cnt_ctrl(c_xdevicefamily="z...]
Compiling architecture xilinx of entity xfft_v9_1_10.r22_cnt_ctrl [\r22_cnt_ctrl(c_xdevicefamily="z...]
Compiling architecture struct of entity c_shift_ram_v12_0_15.c_shift_ram_v12_0_15_legacy [\c_shift_ram_v12_0_15_legacy(c_x...]
Compiling architecture synth of entity c_shift_ram_v12_0_15.c_shift_ram_v12_0_15_viv [\c_shift_ram_v12_0_15_viv(c_xdev...]
Compiling architecture xilinx of entity xfft_v9_1_10.shift_ram [\shift_ram(c_xdevicefamily="zynq...]
Compiling architecture struct of entity c_shift_ram_v12_0_15.c_shift_ram_v12_0_15_legacy [\c_shift_ram_v12_0_15_legacy(c_x...]
Compiling architecture synth of entity c_shift_ram_v12_0_15.c_shift_ram_v12_0_15_viv [\c_shift_ram_v12_0_15_viv(c_xdev...]
Compiling architecture xilinx of entity xfft_v9_1_10.shift_ram [\shift_ram(c_xdevicefamily="zynq...]
Compiling architecture fd_v of entity unisim.FD [fd_default]
Compiling architecture struct of entity c_shift_ram_v12_0_15.c_shift_ram_v12_0_15_legacy [\c_shift_ram_v12_0_15_legacy(c_x...]
Compiling architecture synth of entity c_shift_ram_v12_0_15.c_shift_ram_v12_0_15_viv [\c_shift_ram_v12_0_15_viv(c_xdev...]
Compiling architecture xilinx of entity xfft_v9_1_10.shift_ram [\shift_ram(c_xdevicefamily="zynq...]
Compiling architecture struct of entity c_shift_ram_v12_0_15.c_shift_ram_v12_0_15_legacy [\c_shift_ram_v12_0_15_legacy(c_x...]
Compiling architecture synth of entity c_shift_ram_v12_0_15.c_shift_ram_v12_0_15_viv [\c_shift_ram_v12_0_15_viv(c_xdev...]
Compiling architecture xilinx of entity xfft_v9_1_10.shift_ram [\shift_ram(c_xdevicefamily="zynq...]
Compiling architecture fde_v of entity unisim.FDE [fde_default]
Compiling architecture struct of entity c_shift_ram_v12_0_15.c_shift_ram_v12_0_15_legacy [\c_shift_ram_v12_0_15_legacy(c_x...]
Compiling architecture synth of entity c_shift_ram_v12_0_15.c_shift_ram_v12_0_15_viv [\c_shift_ram_v12_0_15_viv(c_xdev...]
Compiling architecture xilinx of entity xfft_v9_1_10.shift_ram [\shift_ram(c_xdevicefamily="zynq...]
Compiling architecture struct of entity c_shift_ram_v12_0_15.c_shift_ram_v12_0_15_legacy [\c_shift_ram_v12_0_15_legacy(c_x...]
Compiling architecture synth of entity c_shift_ram_v12_0_15.c_shift_ram_v12_0_15_viv [\c_shift_ram_v12_0_15_viv(c_xdev...]
Compiling architecture xilinx of entity xfft_v9_1_10.shift_ram [\shift_ram(c_xdevicefamily="zynq...]
Compiling architecture struct of entity c_shift_ram_v12_0_15.c_shift_ram_v12_0_15_legacy [\c_shift_ram_v12_0_15_legacy(c_x...]
Compiling architecture synth of entity c_shift_ram_v12_0_15.c_shift_ram_v12_0_15_viv [\c_shift_ram_v12_0_15_viv(c_xdev...]
Compiling architecture xilinx of entity xfft_v9_1_10.shift_ram [\shift_ram(c_xdevicefamily="zynq...]
Compiling architecture struct of entity c_shift_ram_v12_0_15.c_shift_ram_v12_0_15_legacy [\c_shift_ram_v12_0_15_legacy(c_x...]
Compiling architecture synth of entity c_shift_ram_v12_0_15.c_shift_ram_v12_0_15_viv [\c_shift_ram_v12_0_15_viv(c_xdev...]
Compiling architecture xilinx of entity xfft_v9_1_10.shift_ram [\shift_ram(c_xdevicefamily="zynq...]
Compiling architecture xilinx of entity xfft_v9_1_10.shift_ram [\shift_ram(c_xdevicefamily="zynq...]
Compiling architecture structural of entity c_reg_fd_v12_0_7.c_reg_fd_v12_0_7_viv [\c_reg_fd_v12_0_7_viv(c_width=17...]
Compiling architecture rtl of entity c_addsub_v12_0_16.c_addsub_v12_0_16_lut6_legacy [\c_addsub_v12_0_16_lut6_legacy(c...]
Compiling architecture synth of entity c_addsub_v12_0_16.c_addsub_v12_0_16_fabric_legacy [\c_addsub_v12_0_16_fabric_legacy...]
Compiling architecture synth of entity c_addsub_v12_0_16.c_addsub_v12_0_16_legacy [\c_addsub_v12_0_16_legacy(c_fami...]
Compiling architecture synth of entity c_addsub_v12_0_16.c_addsub_v12_0_16_viv [\c_addsub_v12_0_16_viv(c_xdevice...]
Compiling architecture xilinx of entity xfft_v9_1_10.adder [\adder(c_xdevicefamily="zynquplu...]
Compiling architecture xilinx of entity xfft_v9_1_10.shift_ram [\shift_ram(c_xdevicefamily="zynq...]
Compiling architecture struct of entity c_shift_ram_v12_0_15.c_shift_ram_v12_0_15_legacy [\c_shift_ram_v12_0_15_legacy(c_x...]
Compiling architecture synth of entity c_shift_ram_v12_0_15.c_shift_ram_v12_0_15_viv [\c_shift_ram_v12_0_15_viv(c_xdev...]
Compiling architecture xilinx of entity xfft_v9_1_10.shift_ram [\shift_ram(c_xdevicefamily="zynq...]
Compiling architecture xilinx of entity xfft_v9_1_10.shift_ram [\shift_ram(c_xdevicefamily="zynq...]
Compiling architecture lut3_v of entity unisim.LUT3 [\LUT3(init="11001010")(0,7)\]
Compiling architecture xilinx of entity xfft_v9_1_10.mux_bus2 [\mux_bus2(c_xdevicefamily="zynqu...]
Compiling architecture xilinx of entity xfft_v9_1_10.shift_ram [\shift_ram(c_xdevicefamily="zynq...]
Compiling architecture xilinx of entity xfft_v9_1_10.mux_bus2 [\mux_bus2(c_xdevicefamily="zynqu...]
Compiling architecture xilinx of entity xfft_v9_1_10.r22_bf_sp [\r22_bf_sp(c_xdevicefamily="zynq...]
Compiling architecture synth of entity xfft_v9_1_10.r22_twos_comp_mux [\r22_twos_comp_mux(c_xdevicefami...]
Compiling architecture synth of entity xfft_v9_1_10.r22_twos_comp_mux [\r22_twos_comp_mux(c_xdevicefami...]
Compiling architecture structural of entity c_reg_fd_v12_0_7.c_reg_fd_v12_0_7_viv [\c_reg_fd_v12_0_7_viv(c_width=18...]
Compiling architecture rtl of entity c_addsub_v12_0_16.c_addsub_v12_0_16_lut6_legacy [\c_addsub_v12_0_16_lut6_legacy(c...]
Compiling architecture synth of entity c_addsub_v12_0_16.c_addsub_v12_0_16_fabric_legacy [\c_addsub_v12_0_16_fabric_legacy...]
Compiling architecture synth of entity c_addsub_v12_0_16.c_addsub_v12_0_16_legacy [\c_addsub_v12_0_16_legacy(c_fami...]
Compiling architecture synth of entity c_addsub_v12_0_16.c_addsub_v12_0_16_viv [\c_addsub_v12_0_16_viv(c_xdevice...]
Compiling architecture xilinx of entity xfft_v9_1_10.adder [\adder(c_xdevicefamily="zynquplu...]
Compiling architecture struct of entity c_shift_ram_v12_0_15.c_shift_ram_v12_0_15_legacy [\c_shift_ram_v12_0_15_legacy(c_x...]
Compiling architecture synth of entity c_shift_ram_v12_0_15.c_shift_ram_v12_0_15_viv [\c_shift_ram_v12_0_15_viv(c_xdev...]
Compiling architecture xilinx of entity xfft_v9_1_10.shift_ram [\shift_ram(c_xdevicefamily="zynq...]
Compiling architecture xilinx of entity xfft_v9_1_10.shift_ram [\shift_ram(c_xdevicefamily="zynq...]
Compiling architecture xilinx of entity xfft_v9_1_10.mux_bus2 [\mux_bus2(c_xdevicefamily="zynqu...]
Compiling architecture xilinx of entity xfft_v9_1_10.r22_bf_sp [\r22_bf_sp(c_xdevicefamily="zynq...]
Compiling architecture xilinx of entity xfft_v9_1_10.shift_ram [\shift_ram(c_xdevicefamily="zynq...]
Compiling architecture struct of entity c_shift_ram_v12_0_15.c_shift_ram_v12_0_15_legacy [\c_shift_ram_v12_0_15_legacy(c_x...]
Compiling architecture synth of entity c_shift_ram_v12_0_15.c_shift_ram_v12_0_15_viv [\c_shift_ram_v12_0_15_viv(c_xdev...]
Compiling architecture xilinx of entity xfft_v9_1_10.shift_ram [\shift_ram(c_xdevicefamily="zynq...]
Compiling architecture structural of entity c_reg_fd_v12_0_7.c_reg_fd_v12_0_7_viv [\c_reg_fd_v12_0_7_viv(c_width=4,...]
Compiling architecture rtl of entity c_addsub_v12_0_16.c_addsub_v12_0_16_lut6_legacy [\c_addsub_v12_0_16_lut6_legacy(c...]
Compiling architecture synth of entity c_addsub_v12_0_16.c_addsub_v12_0_16_fabric_legacy [\c_addsub_v12_0_16_fabric_legacy...]
Compiling architecture synth of entity c_addsub_v12_0_16.c_addsub_v12_0_16_legacy [\c_addsub_v12_0_16_legacy(c_fami...]
Compiling architecture synth of entity c_addsub_v12_0_16.c_addsub_v12_0_16_viv [\c_addsub_v12_0_16_viv(c_xdevice...]
Compiling architecture xilinx of entity xfft_v9_1_10.adder [\adder(c_xdevicefamily="zynquplu...]
Compiling architecture lut6_v of entity unisim.LUT6 [\LUT6(init="11111111000000001111...]
Compiling architecture xilinx of entity xfft_v9_1_10.mux_bus4 [\mux_bus4(c_xdevicefamily="zynqu...]
Compiling architecture xilinx of entity xfft_v9_1_10.shift_ram [\shift_ram(c_xdevicefamily="zynq...]
Compiling architecture xilinx of entity xfft_v9_1_10.twgen_distmem [\twgen_distmem(theta_width=3,pip...]
Compiling architecture xilinx of entity xfft_v9_1_10.twiddle_gen [\twiddle_gen(c_xdevicefamily="zy...]
Compiling architecture xilinx of entity xfft_v9_1_10.r22_tw_gen [\r22_tw_gen(c_xdevicefamily="zyn...]
Compiling architecture xilinx of entity cmpy_v6_0_22.delay_line [\delay_line(c_xdevicefamily="zyn...]
Compiling architecture xilinx of entity cmpy_v6_0_22.delay_line [\delay_line(c_xdevicefamily="zyn...]
Compiling architecture xilinx of entity mult_gen_v12_0_19.delay_line [\delay_line(c_xdevicefamily="zyn...]
Compiling architecture xilinx of entity mult_gen_v12_0_19.delay_line [\delay_line(c_xdevicefamily="zyn...]
Compiling architecture dsp48e2_v of entity unisim.DSP48E2 [\DSP48E2(acascreg=2,alumodereg=0...]
Compiling architecture xilinx of entity mult_gen_v12_0_19.delay_line [\delay_line(c_xdevicefamily="zyn...]
Compiling architecture xilinx of entity mult_gen_v12_0_19.op_resize [\op_resize(ai_width=18,bi_width=...]
Compiling architecture xilinx of entity mult_gen_v12_0_19.dsp [\dsp(c_xdevicefamily="zynquplus"...]
Compiling architecture xilinx of entity cmpy_v6_0_22.cmpy_3_dsp48_mult [\cmpy_3_dsp48_mult(c_xdevicefami...]
Compiling architecture xilinx of entity mult_gen_v12_0_19.delay_line [\delay_line(c_xdevicefamily="zyn...]
Compiling architecture xilinx of entity mult_gen_v12_0_19.delay_line [\delay_line(c_xdevicefamily="zyn...]
Compiling architecture dsp48e2_v of entity unisim.DSP48E2 [\DSP48E2(alumodereg=0,amultsel="...]
Compiling architecture xilinx of entity mult_gen_v12_0_19.op_resize [\op_resize(ai_width=19,bi_width=...]
Compiling architecture xilinx of entity mult_gen_v12_0_19.dsp [\dsp(c_xdevicefamily="zynquplus"...]
Compiling architecture xilinx of entity cmpy_v6_0_22.cmpy_3_dsp48_mult [\cmpy_3_dsp48_mult(c_xdevicefami...]
Compiling architecture xilinx of entity mult_gen_v12_0_19.dsp [\dsp(c_xdevicefamily="zynquplus"...]
Compiling architecture xilinx of entity cmpy_v6_0_22.cmpy_3_dsp48_mult [\cmpy_3_dsp48_mult(c_xdevicefami...]
Compiling architecture xilinx of entity cmpy_v6_0_22.input_negation [\input_negation(c_xdevicefamily=...]
Compiling architecture xilinx of entity cmpy_v6_0_22.delay_line [\delay_line(c_xdevicefamily="zyn...]
Compiling architecture xilinx of entity cmpy_v6_0_22.delay_line [\delay_line(c_xdevicefamily="zyn...]
Compiling architecture xilinx of entity cmpy_v6_0_22.cmpy_3_dsp48 [\cmpy_3_dsp48(c_xdevicefamily="z...]
Compiling architecture xilinx of entity cmpy_v6_0_22.cmpy_v6_0_22_synth [\cmpy_v6_0_22_synth(c_xdevicefam...]
Compiling architecture xilinx of entity xfft_v9_1_10.cmpy [\cmpy(c_xdevicefamily="zynquplus...]
Compiling architecture xilinx of entity xfft_v9_1_10.mux_bus4 [\mux_bus4(c_xdevicefamily="zynqu...]
Compiling architecture xilinx of entity xfft_v9_1_10.arith_shift3 [\arith_shift3(c_xdevicefamily="z...]
Compiling architecture rtl of entity c_addsub_v12_0_16.c_addsub_v12_0_16_lut6_legacy [\c_addsub_v12_0_16_lut6_legacy(c...]
Compiling architecture synth of entity c_addsub_v12_0_16.c_addsub_v12_0_16_fabric_legacy [\c_addsub_v12_0_16_fabric_legacy...]
Compiling architecture synth of entity c_addsub_v12_0_16.c_addsub_v12_0_16_legacy [\c_addsub_v12_0_16_legacy(c_fami...]
Compiling architecture synth of entity c_addsub_v12_0_16.c_addsub_v12_0_16_viv [\c_addsub_v12_0_16_viv(c_xdevice...]
Compiling architecture xilinx of entity xfft_v9_1_10.equ_rtl [\equ_rtl(c_xdevicefamily="zynqup...]
Compiling architecture xilinx of entity xfft_v9_1_10.cnt_tc_rtl [\cnt_tc_rtl(c_xdevicefamily="zyn...]
Compiling architecture xilinx of entity xfft_v9_1_10.shift_ram [\shift_ram(c_xdevicefamily="zynq...]
Compiling architecture xilinx of entity xfft_v9_1_10.r22_ovflo [\r22_ovflo(registered=0)\]
Compiling architecture xilinx of entity xfft_v9_1_10.shift_ram [\shift_ram(c_xdevicefamily="zynq...]
Compiling architecture xilinx of entity xfft_v9_1_10.shift_ram [\shift_ram(c_xdevicefamily="zynq...]
Compiling architecture xilinx of entity xfft_v9_1_10.shift_ram [\shift_ram(c_xdevicefamily="zynq...]
Compiling architecture xilinx of entity xfft_v9_1_10.r22_pe [\r22_pe(c_xdevicefamily="zynqupl...]
Compiling architecture synth of entity xfft_v9_1_10.srl_fifo [\srl_fifo(c_width=1)\]
Compiling architecture struct of entity c_shift_ram_v12_0_15.c_shift_ram_v12_0_15_legacy [\c_shift_ram_v12_0_15_legacy(c_x...]
Compiling architecture synth of entity c_shift_ram_v12_0_15.c_shift_ram_v12_0_15_viv [\c_shift_ram_v12_0_15_viv(c_xdev...]
Compiling architecture xilinx of entity xfft_v9_1_10.shift_ram [\shift_ram(c_xdevicefamily="zynq...]
Compiling architecture struct of entity c_shift_ram_v12_0_15.c_shift_ram_v12_0_15_legacy [\c_shift_ram_v12_0_15_legacy(c_x...]
Compiling architecture synth of entity c_shift_ram_v12_0_15.c_shift_ram_v12_0_15_viv [\c_shift_ram_v12_0_15_viv(c_xdev...]
Compiling architecture xilinx of entity xfft_v9_1_10.shift_ram [\shift_ram(c_xdevicefamily="zynq...]
Compiling architecture xilinx of entity xfft_v9_1_10.shift_ram [\shift_ram(c_xdevicefamily="zynq...]
Compiling architecture xilinx of entity xfft_v9_1_10.shift_ram [\shift_ram(c_xdevicefamily="zynq...]
Compiling architecture xilinx of entity xfft_v9_1_10.shift_ram [\shift_ram(c_xdevicefamily="zynq...]
Compiling architecture xilinx of entity xfft_v9_1_10.shift_ram [\shift_ram(c_xdevicefamily="zynq...]
Compiling architecture struct of entity c_shift_ram_v12_0_15.c_shift_ram_v12_0_15_legacy [\c_shift_ram_v12_0_15_legacy(c_x...]
Compiling architecture synth of entity c_shift_ram_v12_0_15.c_shift_ram_v12_0_15_viv [\c_shift_ram_v12_0_15_viv(c_xdev...]
Compiling architecture xilinx of entity xfft_v9_1_10.shift_ram [\shift_ram(c_xdevicefamily="zynq...]
Compiling architecture xilinx of entity xfft_v9_1_10.shift_ram [\shift_ram(c_xdevicefamily="zynq...]
Compiling architecture xilinx of entity xfft_v9_1_10.shift_ram [\shift_ram(c_xdevicefamily="zynq...]
Compiling architecture xilinx of entity xfft_v9_1_10.r22_bf_sp [\r22_bf_sp(c_xdevicefamily="zynq...]
Compiling architecture xilinx of entity xfft_v9_1_10.shift_ram [\shift_ram(c_xdevicefamily="zynq...]
Compiling architecture xilinx of entity xfft_v9_1_10.r22_bf_sp [\r22_bf_sp(c_xdevicefamily="zynq...]
Compiling architecture xilinx of entity xfft_v9_1_10.mux_bus4 [\mux_bus4(c_xdevicefamily="zynqu...]
Compiling architecture xilinx of entity xfft_v9_1_10.arith_shift3 [\arith_shift3(c_xdevicefamily="z...]
Compiling architecture xilinx of entity xfft_v9_1_10.shift_ram [\shift_ram(c_xdevicefamily="zynq...]
Compiling architecture xilinx of entity xfft_v9_1_10.shift_ram [\shift_ram(c_xdevicefamily="zynq...]
Compiling architecture xilinx of entity xfft_v9_1_10.shift_ram [\shift_ram(c_xdevicefamily="zynq...]
Compiling architecture xilinx of entity xfft_v9_1_10.shift_ram [\shift_ram(c_xdevicefamily="zynq...]
Compiling architecture xilinx of entity xfft_v9_1_10.r22_pe [\r22_pe(c_xdevicefamily="zynqupl...]
Compiling architecture xilinx of entity xfft_v9_1_10.shift_ram [\shift_ram(c_xdevicefamily="zynq...]
Compiling architecture xilinx of entity xfft_v9_1_10.shift_ram [\shift_ram(c_xdevicefamily="zynq...]
Compiling architecture xilinx of entity xfft_v9_1_10.shift_ram [\shift_ram(c_xdevicefamily="zynq...]
Compiling architecture xilinx of entity xfft_v9_1_10.shift_ram [\shift_ram(c_xdevicefamily="zynq...]
Compiling architecture rb18_internal_vhdl_v of entity unisim.RB18_INTERNAL_VHDL [\RB18_INTERNAL_VHDL(bram_size=18...]
Compiling architecture ramb18e1_v of entity unisim.RAMB18E1 [\RAMB18E1(doa_reg=1,dob_reg=1,ra...]
Compiling architecture xilinx of entity xfft_v9_1_10.dpm [\dpm(c_xdevicefamily="zynquplus"...]
Compiling architecture xilinx of entity xfft_v9_1_10.r22_memory [\r22_memory(c_xdevicefamily="zyn...]
Compiling architecture xilinx of entity xfft_v9_1_10.shift_ram [\shift_ram(c_xdevicefamily="zynq...]
Compiling architecture xilinx of entity xfft_v9_1_10.shift_ram [\shift_ram(c_xdevicefamily="zynq...]
Compiling architecture xilinx of entity xfft_v9_1_10.shift_ram [\shift_ram(c_xdevicefamily="zynq...]
Compiling architecture xilinx of entity xfft_v9_1_10.r22_busy [\r22_busy(c_xdevicefamily="zynqu...]
Compiling architecture xilinx of entity xfft_v9_1_10.shift_ram [\shift_ram(c_xdevicefamily="zynq...]
Compiling architecture fdre_v of entity unisim.FDRE [fdre_default]
Compiling architecture muxcy_v of entity unisim.MUXCY [muxcy_default]
Compiling architecture xorcy_v of entity unisim.XORCY [xorcy_default]
Compiling architecture rtl of entity c_addsub_v12_0_16.c_addsub_v12_0_16_lut6_legacy [\c_addsub_v12_0_16_lut6_legacy(c...]
Compiling architecture synth of entity c_addsub_v12_0_16.c_addsub_v12_0_16_fabric_legacy [\c_addsub_v12_0_16_fabric_legacy...]
Compiling architecture synth of entity c_addsub_v12_0_16.c_addsub_v12_0_16_legacy [\c_addsub_v12_0_16_legacy(c_fami...]
Compiling architecture synth of entity c_addsub_v12_0_16.c_addsub_v12_0_16_viv [\c_addsub_v12_0_16_viv(c_xdevice...]
Compiling architecture xilinx of entity xfft_v9_1_10.logic_gate [\logic_gate(c_xdevicefamily="zyn...]
Compiling architecture fdse_v of entity unisim.FDSE [fdse_default]
Compiling architecture xilinx of entity xfft_v9_1_10.cnt_sat [\cnt_sat(c_xdevicefamily="zynqup...]
Compiling architecture rtl of entity c_addsub_v12_0_16.c_addsub_v12_0_16_lut6_legacy [\c_addsub_v12_0_16_lut6_legacy(c...]
Compiling architecture synth of entity c_addsub_v12_0_16.c_addsub_v12_0_16_fabric_legacy [\c_addsub_v12_0_16_fabric_legacy...]
Compiling architecture synth of entity c_addsub_v12_0_16.c_addsub_v12_0_16_legacy [\c_addsub_v12_0_16_legacy(c_fami...]
Compiling architecture synth of entity c_addsub_v12_0_16.c_addsub_v12_0_16_viv [\c_addsub_v12_0_16_viv(c_xdevice...]
Compiling architecture xilinx of entity xfft_v9_1_10.logic_gate [\logic_gate(c_xdevicefamily="zyn...]
Compiling architecture xilinx of entity xfft_v9_1_10.cnt_sat [\cnt_sat(c_xdevicefamily="zynqup...]
Compiling architecture rtl of entity c_addsub_v12_0_16.c_addsub_v12_0_16_lut6_legacy [\c_addsub_v12_0_16_lut6_legacy(c...]
Compiling architecture synth of entity c_addsub_v12_0_16.c_addsub_v12_0_16_fabric_legacy [\c_addsub_v12_0_16_fabric_legacy...]
Compiling architecture synth of entity c_addsub_v12_0_16.c_addsub_v12_0_16_legacy [\c_addsub_v12_0_16_legacy(c_fami...]
Compiling architecture synth of entity c_addsub_v12_0_16.c_addsub_v12_0_16_viv [\c_addsub_v12_0_16_viv(c_xdevice...]
Compiling architecture xilinx of entity xfft_v9_1_10.logic_gate [\logic_gate(c_xdevicefamily="zyn...]
Compiling architecture xilinx of entity xfft_v9_1_10.cnt_sat [\cnt_sat(c_xdevicefamily="zynqup...]
Compiling architecture rtl of entity c_addsub_v12_0_16.c_addsub_v12_0_16_lut6_legacy [\c_addsub_v12_0_16_lut6_legacy(c...]
Compiling architecture synth of entity c_addsub_v12_0_16.c_addsub_v12_0_16_fabric_legacy [\c_addsub_v12_0_16_fabric_legacy...]
Compiling architecture synth of entity c_addsub_v12_0_16.c_addsub_v12_0_16_legacy [\c_addsub_v12_0_16_legacy(c_fami...]
Compiling architecture synth of entity c_addsub_v12_0_16.c_addsub_v12_0_16_viv [\c_addsub_v12_0_16_viv(c_xdevice...]
Compiling architecture xilinx of entity xfft_v9_1_10.logic_gate [\logic_gate(c_xdevicefamily="zyn...]
Compiling architecture xilinx of entity xfft_v9_1_10.cnt_sat [\cnt_sat(c_xdevicefamily="zynqup...]
Compiling architecture structural of entity c_reg_fd_v12_0_7.c_reg_fd_v12_0_7_viv [\c_reg_fd_v12_0_7_viv(c_width=4,...]
Compiling architecture rtl of entity c_addsub_v12_0_16.c_addsub_v12_0_16_lut6_legacy [\c_addsub_v12_0_16_lut6_legacy(c...]
Compiling architecture synth of entity c_addsub_v12_0_16.c_addsub_v12_0_16_fabric_legacy [\c_addsub_v12_0_16_fabric_legacy...]
Compiling architecture synth of entity c_addsub_v12_0_16.c_addsub_v12_0_16_legacy [\c_addsub_v12_0_16_legacy(c_fami...]
Compiling architecture synth of entity c_addsub_v12_0_16.c_addsub_v12_0_16_viv [\c_addsub_v12_0_16_viv(c_xdevice...]
Compiling architecture lut6_v of entity unisim.LUT6 [\LUT6(init="10010000000010010000...]
Compiling architecture xilinx of entity xfft_v9_1_10.equ_rtl [\equ_rtl(c_xdevicefamily="zynqup...]
Compiling architecture xilinx of entity xfft_v9_1_10.cnt_tc_rtl_a [\cnt_tc_rtl_a(c_xdevicefamily="z...]
Compiling architecture struct of entity c_shift_ram_v12_0_15.c_shift_ram_v12_0_15_legacy [\c_shift_ram_v12_0_15_legacy(c_x...]
Compiling architecture synth of entity c_shift_ram_v12_0_15.c_shift_ram_v12_0_15_viv [\c_shift_ram_v12_0_15_viv(c_xdev...]
Compiling architecture xilinx of entity xfft_v9_1_10.shift_ram [\shift_ram(c_xdevicefamily="zynq...]
Compiling architecture xilinx of entity xfft_v9_1_10.r22_flow_ctrl [\r22_flow_ctrl(c_xdevicefamily="...]
Compiling architecture lut3_v of entity unisim.LUT3 [\LUT3(init="10101110")(0,7)\]
Compiling architecture xilinx of entity xfft_v9_1_10.r22_cnt_ctrl [\r22_cnt_ctrl(c_xdevicefamily="z...]
Compiling architecture srl16e_v of entity unisim.SRL16E [\SRL16E(0,15)\]
Compiling architecture xilinx of entity xfft_v9_1_10.shift_ram [\shift_ram(c_xdevicefamily="zynq...]
Compiling architecture fdr_v of entity unisim.FDR [fdr_default]
Compiling architecture xilinx of entity xfft_v9_1_10.shift_ram [\shift_ram(c_xdevicefamily="zynq...]
Compiling architecture xilinx of entity xfft_v9_1_10.shift_ram [\shift_ram(c_xdevicefamily="zynq...]
Compiling architecture xilinx of entity xfft_v9_1_10.xfft_v9_1_10_d [\xfft_v9_1_10_d(c_xdevicefamily=...]
Compiling architecture synth of entity xfft_v9_1_10.xfft_v9_1_10_core [\xfft_v9_1_10_core(c_xdevicefami...]
Compiling architecture synth of entity xfft_v9_1_10.xfft_v9_1_10_viv [\xfft_v9_1_10_viv(c_xdevicefamil...]
Compiling architecture xilinx of entity xfft_v9_1_10.xfft_v9_1_10 [\xfft_v9_1_10(c_xdevicefamily="z...]
Compiling architecture fft_16_ssr1_i16_c16_t16_top_fft_syn_fft_params_s_core_ip_arch of entity xil_defaultlib.fft_16_ssr1_i16_c16_t16_top_fft_syn_fft_params_s_core_ip [fft_16_ssr1_i16_c16_t16_top_fft_...]
Compiling module xil_defaultlib.fft_16_ssr1_i16_c16_t16_top_fft_...
Compiling module xil_defaultlib.fft_16_ssr1_i16_c16_t16_top_fft_...
Compiling module xil_defaultlib.fft_16_ssr1_i16_c16_t16_top_Bloc...
Compiling module xil_defaultlib.fft_16_ssr1_i16_c16_t16_top_fifo...
Compiling module xil_defaultlib.fft_16_ssr1_i16_c16_t16_top_fifo...
Compiling module xil_defaultlib.fft_16_ssr1_i16_c16_t16_top_star...
Compiling module xil_defaultlib.fft_16_ssr1_i16_c16_t16_top_star...
Compiling module xil_defaultlib.fft_16_ssr1_i16_c16_t16_top_data...
Compiling module xil_defaultlib.fft_16_ssr1_i16_c16_t16_top_fft_...
Compiling module xil_defaultlib.fft_16_ssr1_i16_c16_t16_top_fifo...
Compiling module xil_defaultlib.fft_16_ssr1_i16_c16_t16_top_fifo...
Compiling module xil_defaultlib.fft_16_ssr1_i16_c16_t16_top_fft_...
Compiling module xil_defaultlib.fft_16_ssr1_i16_c16_t16_top_dma_...
Compiling module xil_defaultlib.fft_16_ssr1_i16_c16_t16_top_dma_...
Compiling module xil_defaultlib.fft_16_ssr1_i16_c16_t16_top_fifo...
Compiling module xil_defaultlib.fft_16_ssr1_i16_c16_t16_top_fifo...
Compiling module xil_defaultlib.fft_16_ssr1_i16_c16_t16_top_fifo...
Compiling module xil_defaultlib.fft_16_ssr1_i16_c16_t16_top_fifo...
Compiling module xil_defaultlib.fft_16_ssr1_i16_c16_t16_top_fifo...
Compiling module xil_defaultlib.fft_16_ssr1_i16_c16_t16_top_fifo...
Compiling module xil_defaultlib.fft_16_ssr1_i16_c16_t16_top_star...
Compiling module xil_defaultlib.fft_16_ssr1_i16_c16_t16_top_star...
Compiling module xil_defaultlib.fft_16_ssr1_i16_c16_t16_top_star...
Compiling module xil_defaultlib.fft_16_ssr1_i16_c16_t16_top_star...
Compiling module xil_defaultlib.fft_16_ssr1_i16_c16_t16_top_fft_...
Compiling module xil_defaultlib.fft_16_ssr1_i16_c16_t16_top_cont...
Compiling module xil_defaultlib.fft_16_ssr1_i16_c16_t16_top_gmem...
Compiling module xil_defaultlib.fft_16_ssr1_i16_c16_t16_top_gmem...
Compiling module xil_defaultlib.fft_16_ssr1_i16_c16_t16_top_gmem...
Compiling module xil_defaultlib.fft_16_ssr1_i16_c16_t16_top_gmem...
Compiling module xil_defaultlib.fft_16_ssr1_i16_c16_t16_top_gmem...
Compiling module xil_defaultlib.fft_16_ssr1_i16_c16_t16_top_gmem...
Compiling module xil_defaultlib.fft_16_ssr1_i16_c16_t16_top_gmem...
Compiling module xil_defaultlib.fft_16_ssr1_i16_c16_t16_top_gmem...
Compiling module xil_defaultlib.fft_16_ssr1_i16_c16_t16_top_gmem...
Compiling module xil_defaultlib.fft_16_ssr1_i16_c16_t16_top_gmem...
Compiling module xil_defaultlib.fft_16_ssr1_i16_c16_t16_top_gmem...
Compiling module xil_defaultlib.fft_16_ssr1_i16_c16_t16_top_gmem...
Compiling module xil_defaultlib.fft_16_ssr1_i16_c16_t16_top_gmem...
Compiling module xil_defaultlib.fft_16_ssr1_i16_c16_t16_top_gmem...
Compiling module xil_defaultlib.fft_16_ssr1_i16_c16_t16_top_gmem...
Compiling module xil_defaultlib.fft_16_ssr1_i16_c16_t16_top_gmem...
Compiling module xil_defaultlib.fft_16_ssr1_i16_c16_t16_top_gmem...
Compiling module xil_defaultlib.fft_16_ssr1_i16_c16_t16_top_gmem...
Compiling module xil_defaultlib.fft_16_ssr1_i16_c16_t16_top_gmem...
Compiling module xil_defaultlib.fft_16_ssr1_i16_c16_t16_top_gmem...
Compiling module xil_defaultlib.fft_16_ssr1_i16_c16_t16_top_gmem...
Compiling module xil_defaultlib.fft_16_ssr1_i16_c16_t16_top_gmem...
Compiling module xil_defaultlib.fft_16_ssr1_i16_c16_t16_top_gmem...
Compiling module xil_defaultlib.fft_16_ssr1_i16_c16_t16_top_gmem...
Compiling module xil_defaultlib.fft_16_ssr1_i16_c16_t16_top_gmem...
Compiling module xil_defaultlib.fft_16_ssr1_i16_c16_t16_top_gmem...
Compiling module xil_defaultlib.fft_16_ssr1_i16_c16_t16_top_gmem...
Compiling module xil_defaultlib.fft_16_ssr1_i16_c16_t16_top_gmem...
Compiling module xil_defaultlib.fft_16_ssr1_i16_c16_t16_top_gmem...
Compiling module xil_defaultlib.fft_16_ssr1_i16_c16_t16_top_gmem...
Compiling module xil_defaultlib.fft_16_ssr1_i16_c16_t16_top_gmem...
Compiling module xil_defaultlib.fft_16_ssr1_i16_c16_t16_top_gmem...
Compiling module xil_defaultlib.fft_16_ssr1_i16_c16_t16_top_gmem...
Compiling module xil_defaultlib.fft_16_ssr1_i16_c16_t16_top_gmem...
Compiling module xil_defaultlib.fft_16_ssr1_i16_c16_t16_top_gmem...
Compiling module xil_defaultlib.fft_16_ssr1_i16_c16_t16_top_gmem...
Compiling module xil_defaultlib.fft_16_ssr1_i16_c16_t16_top_gmem...
Compiling module xil_defaultlib.fft_16_ssr1_i16_c16_t16_top_gmem...
Compiling module xil_defaultlib.fft_16_ssr1_i16_c16_t16_top_gmem...
Compiling module xil_defaultlib.fft_16_ssr1_i16_c16_t16_top_gmem...
Compiling module xil_defaultlib.fft_16_ssr1_i16_c16_t16_top_gmem...
Compiling module xil_defaultlib.fft_16_ssr1_i16_c16_t16_top_gmem...
Compiling module xil_defaultlib.fft_16_ssr1_i16_c16_t16_top_gmem...
Compiling module xil_defaultlib.fft_16_ssr1_i16_c16_t16_top_gmem...
Compiling module xil_defaultlib.fft_16_ssr1_i16_c16_t16_top_gmem...
Compiling module xil_defaultlib.fft_16_ssr1_i16_c16_t16_top_gmem...
Compiling module xil_defaultlib.fft_16_ssr1_i16_c16_t16_top_gmem...
Compiling module xil_defaultlib.fft_16_ssr1_i16_c16_t16_top_gmem...
Compiling module xil_defaultlib.fft_16_ssr1_i16_c16_t16_top_gmem...
Compiling module xil_defaultlib.fft_16_ssr1_i16_c16_t16_top_gmem...
Compiling module xil_defaultlib.fft_16_ssr1_i16_c16_t16_top_gmem...
Compiling module xil_defaultlib.fft_16_ssr1_i16_c16_t16_top_gmem...
Compiling module xil_defaultlib.fft_16_ssr1_i16_c16_t16_top_gmem...
Compiling module xil_defaultlib.fft_16_ssr1_i16_c16_t16_top_gmem...
Compiling module xil_defaultlib.fft_16_ssr1_i16_c16_t16_top
Compiling module xil_defaultlib.AESL_axi_master_gmem1
Compiling module xil_defaultlib.AESL_axi_master_gmem2
Compiling module xil_defaultlib.AESL_axi_slave_control
Compiling module xil_defaultlib.AESL_deadlock_detect_unit(PROC_N...
Compiling module xil_defaultlib.AESL_deadlock_detect_unit(PROC_N...
Compiling module xil_defaultlib.AESL_deadlock_detect_unit(PROC_N...
Compiling module xil_defaultlib.AESL_deadlock_detect_unit(PROC_N...
Compiling module xil_defaultlib.AESL_deadlock_detect_unit(PROC_N...
Compiling module xil_defaultlib.AESL_deadlock_detect_unit(PROC_N...
Compiling module xil_defaultlib.AESL_deadlock_detect_unit(PROC_N...
Compiling module xil_defaultlib.AESL_deadlock_detect_unit(PROC_N...
Compiling module xil_defaultlib.AESL_deadlock_detect_unit(PROC_N...
Compiling module xil_defaultlib.AESL_deadlock_report_unit(PROC_N...
Compiling module xil_defaultlib.AESL_deadlock_detector_1
Compiling module xil_defaultlib.df_fifo_intf
Compiling module xil_defaultlib.df_process_intf
Compiling module xil_defaultlib.nodf_module_intf
Compiling module xil_defaultlib.df_loop_intf
Compiling module xil_defaultlib.upc_loop_intf(FSM_WIDTH=1)
Compiling module xil_defaultlib.dataflow_monitor_1
Compiling module xil_defaultlib.apatb_fft_16_ssr1_i16_c16_t16_to...
Compiling module work.glbl
Built simulation snapshot fft_16_ssr1_i16_c16_t16_top

****** xsim v2023.2 (64-bit)
  **** SW Build 4029153 on Fri Oct 13 20:13:54 MDT 2023
  **** IP Build 4028589 on Sat Oct 14 00:45:43 MDT 2023
  **** SharedData Build 4025554 on Tue Oct 10 17:18:54 MDT 2023
    ** Copyright 1986-2022 Xilinx, Inc. All Rights Reserved.
    ** Copyright 2022-2023 Advanced Micro Devices, Inc. All Rights Reserved.

source xsim.dir/fft_16_ssr1_i16_c16_t16_top/xsim_script.tcl
# xsim {fft_16_ssr1_i16_c16_t16_top} -view {{fft_16_ssr1_i16_c16_t16_top_dataflow_ana.wcfg}} -tclbatch {fft_16_ssr1_i16_c16_t16_top.tcl} -protoinst {fft_16_ssr1_i16_c16_t16_top.protoinst}
INFO: [Wavedata 42-565] Reading protoinst file fft_16_ssr1_i16_c16_t16_top.protoinst
INFO: [Wavedata 42-564]   Found protocol instance at /apatb_fft_16_ssr1_i16_c16_t16_top_top/AESL_inst_fft_16_ssr1_i16_c16_t16_top//AESL_inst_fft_16_ssr1_i16_c16_t16_top_activity
INFO: [Wavedata 42-564]   Found protocol instance at /apatb_fft_16_ssr1_i16_c16_t16_top_top/AESL_inst_fft_16_ssr1_i16_c16_t16_top/grp_fft_core_fu_76/dma_in_U0/dma_in_U0_activity
INFO: [Wavedata 42-564]   Found protocol instance at /apatb_fft_16_ssr1_i16_c16_t16_top_top/AESL_inst_fft_16_ssr1_i16_c16_t16_top/grp_fft_core_fu_76/dma_in_U0/grp_dma_in_Pipeline_VITIS_LOOP_53_1_fu_98/grp_dma_in_Pipeline_VITIS_LOOP_53_1_fu_98_activity
INFO: [Wavedata 42-564]   Found protocol instance at /apatb_fft_16_ssr1_i16_c16_t16_top_top/AESL_inst_fft_16_ssr1_i16_c16_t16_top/grp_fft_core_fu_76/dma_out_U0/dma_out_U0_activity
INFO: [Wavedata 42-564]   Found protocol instance at /apatb_fft_16_ssr1_i16_c16_t16_top_top/AESL_inst_fft_16_ssr1_i16_c16_t16_top/grp_fft_core_fu_76/dma_out_U0/grp_dma_out_Pipeline_VITIS_LOOP_78_1_fu_101/grp_dma_out_Pipeline_VITIS_LOOP_78_1_fu_101_activity
INFO: [Wavedata 42-564]   Found protocol instance at /apatb_fft_16_ssr1_i16_c16_t16_top_top/AESL_inst_fft_16_ssr1_i16_c16_t16_top/grp_fft_core_fu_76/entry_proc_U0/entry_proc_U0_activity
INFO: [Wavedata 42-564]   Found protocol instance at /apatb_fft_16_ssr1_i16_c16_t16_top_top/AESL_inst_fft_16_ssr1_i16_c16_t16_top/grp_fft_core_fu_76/fft_serial_kernel_wrapper_U0/entry_proc42_U0/entry_proc42_U0_activity
INFO: [Wavedata 42-564]   Found protocol instance at /apatb_fft_16_ssr1_i16_c16_t16_top_top/AESL_inst_fft_16_ssr1_i16_c16_t16_top/grp_fft_core_fu_76/fft_serial_kernel_wrapper_U0/fft_serial_kernel_U0/dataflow_in_loop_VITIS_LOOP_158_1_U0/Block_newFuncRoot_proc_proc5_U0/Block_newFuncRoot_proc_proc5_U0_activity
INFO: [Wavedata 42-564]   Found protocol instance at /apatb_fft_16_ssr1_i16_c16_t16_top_top/AESL_inst_fft_16_ssr1_i16_c16_t16_top/grp_fft_core_fu_76/fft_serial_kernel_wrapper_U0/fft_serial_kernel_U0/dataflow_in_loop_VITIS_LOOP_158_1_U0/Block_newFuncRoot_proc_proc6_U0/Block_newFuncRoot_proc_proc6_U0_activity
INFO: [Wavedata 42-564]   Found protocol instance at /apatb_fft_16_ssr1_i16_c16_t16_top_top/AESL_inst_fft_16_ssr1_i16_c16_t16_top/grp_fft_core_fu_76/fft_serial_kernel_wrapper_U0/fft_serial_kernel_U0/dataflow_in_loop_VITIS_LOOP_158_1_U0/Block_newFuncRoot_proc_proc_U0/Block_newFuncRoot_proc_proc_U0_activity
INFO: [Wavedata 42-564]   Found protocol instance at /apatb_fft_16_ssr1_i16_c16_t16_top_top/AESL_inst_fft_16_ssr1_i16_c16_t16_top/grp_fft_core_fu_76/fft_serial_kernel_wrapper_U0/fft_serial_kernel_U0/dataflow_in_loop_VITIS_LOOP_158_1_U0/dataflow_in_loop_VITIS_LOOP_158_1_U0_activity
INFO: [Wavedata 42-564]   Found protocol instance at /apatb_fft_16_ssr1_i16_c16_t16_top_top/AESL_inst_fft_16_ssr1_i16_c16_t16_top/grp_fft_core_fu_76/fft_serial_kernel_wrapper_U0/fft_serial_kernel_U0/dataflow_in_loop_VITIS_LOOP_158_1_U0/fft_fft_params_U0/fft_syn_fft_params_U0/fft_syn_fft_params_U0_activity
INFO: [Wavedata 42-564]   Found protocol instance at /apatb_fft_16_ssr1_i16_c16_t16_top_top/AESL_inst_fft_16_ssr1_i16_c16_t16_top/grp_fft_core_fu_76/fft_serial_kernel_wrapper_U0/fft_serial_kernel_U0/fft_serial_kernel_U0_activity
INFO: [Wavedata 42-564]   Found protocol instance at /apatb_fft_16_ssr1_i16_c16_t16_top_top/AESL_inst_fft_16_ssr1_i16_c16_t16_top/grp_fft_core_fu_76/fft_serial_kernel_wrapper_U0/fft_serial_kernel_wrapper_U0_activity
INFO: [Wavedata 42-564]   Found protocol instance at /apatb_fft_16_ssr1_i16_c16_t16_top_top/AESL_inst_fft_16_ssr1_i16_c16_t16_top/grp_fft_core_fu_76/grp_fft_core_fu_76_activity
Time resolution is 1 ps
open_wave_config fft_16_ssr1_i16_c16_t16_top_dataflow_ana.wcfg
source fft_16_ssr1_i16_c16_t16_top.tcl
## log_wave -r /
WARNING: [Simtcl 6-197] One or more HDL objects could not be logged because of object type or size limitations.  To see details please rerun the command with -verbose (-v).
## set designtopgroup [add_wave_group "Design Top Signals"]
## set cinoutgroup [add_wave_group "C InOuts" -into $designtopgroup]
## set din__dout__iter__return_group [add_wave_group din__dout__iter__return(axi_slave) -into $cinoutgroup]
## add_wave /apatb_fft_16_ssr1_i16_c16_t16_top_top/AESL_inst_fft_16_ssr1_i16_c16_t16_top/interrupt -into $din__dout__iter__return_group -color #ffff00 -radix hex
## add_wave /apatb_fft_16_ssr1_i16_c16_t16_top_top/AESL_inst_fft_16_ssr1_i16_c16_t16_top/s_axi_control_BRESP -into $din__dout__iter__return_group -radix hex
## add_wave /apatb_fft_16_ssr1_i16_c16_t16_top_top/AESL_inst_fft_16_ssr1_i16_c16_t16_top/s_axi_control_BREADY -into $din__dout__iter__return_group -color #ffff00 -radix hex
## add_wave /apatb_fft_16_ssr1_i16_c16_t16_top_top/AESL_inst_fft_16_ssr1_i16_c16_t16_top/s_axi_control_BVALID -into $din__dout__iter__return_group -color #ffff00 -radix hex
## add_wave /apatb_fft_16_ssr1_i16_c16_t16_top_top/AESL_inst_fft_16_ssr1_i16_c16_t16_top/s_axi_control_RRESP -into $din__dout__iter__return_group -radix hex
## add_wave /apatb_fft_16_ssr1_i16_c16_t16_top_top/AESL_inst_fft_16_ssr1_i16_c16_t16_top/s_axi_control_RDATA -into $din__dout__iter__return_group -radix hex
## add_wave /apatb_fft_16_ssr1_i16_c16_t16_top_top/AESL_inst_fft_16_ssr1_i16_c16_t16_top/s_axi_control_RREADY -into $din__dout__iter__return_group -color #ffff00 -radix hex
## add_wave /apatb_fft_16_ssr1_i16_c16_t16_top_top/AESL_inst_fft_16_ssr1_i16_c16_t16_top/s_axi_control_RVALID -into $din__dout__iter__return_group -color #ffff00 -radix hex
## add_wave /apatb_fft_16_ssr1_i16_c16_t16_top_top/AESL_inst_fft_16_ssr1_i16_c16_t16_top/s_axi_control_ARREADY -into $din__dout__iter__return_group -color #ffff00 -radix hex
## add_wave /apatb_fft_16_ssr1_i16_c16_t16_top_top/AESL_inst_fft_16_ssr1_i16_c16_t16_top/s_axi_control_ARVALID -into $din__dout__iter__return_group -color #ffff00 -radix hex
## add_wave /apatb_fft_16_ssr1_i16_c16_t16_top_top/AESL_inst_fft_16_ssr1_i16_c16_t16_top/s_axi_control_ARADDR -into $din__dout__iter__return_group -radix hex
## add_wave /apatb_fft_16_ssr1_i16_c16_t16_top_top/AESL_inst_fft_16_ssr1_i16_c16_t16_top/s_axi_control_WSTRB -into $din__dout__iter__return_group -radix hex
## add_wave /apatb_fft_16_ssr1_i16_c16_t16_top_top/AESL_inst_fft_16_ssr1_i16_c16_t16_top/s_axi_control_WDATA -into $din__dout__iter__return_group -radix hex
## add_wave /apatb_fft_16_ssr1_i16_c16_t16_top_top/AESL_inst_fft_16_ssr1_i16_c16_t16_top/s_axi_control_WREADY -into $din__dout__iter__return_group -color #ffff00 -radix hex
## add_wave /apatb_fft_16_ssr1_i16_c16_t16_top_top/AESL_inst_fft_16_ssr1_i16_c16_t16_top/s_axi_control_WVALID -into $din__dout__iter__return_group -color #ffff00 -radix hex
## add_wave /apatb_fft_16_ssr1_i16_c16_t16_top_top/AESL_inst_fft_16_ssr1_i16_c16_t16_top/s_axi_control_AWREADY -into $din__dout__iter__return_group -color #ffff00 -radix hex
## add_wave /apatb_fft_16_ssr1_i16_c16_t16_top_top/AESL_inst_fft_16_ssr1_i16_c16_t16_top/s_axi_control_AWVALID -into $din__dout__iter__return_group -color #ffff00 -radix hex
## add_wave /apatb_fft_16_ssr1_i16_c16_t16_top_top/AESL_inst_fft_16_ssr1_i16_c16_t16_top/s_axi_control_AWADDR -into $din__dout__iter__return_group -radix hex
## set coutputgroup [add_wave_group "C Outputs" -into $designtopgroup]
## set dout_group [add_wave_group dout(axi_master) -into $coutputgroup]
## set rdata_group [add_wave_group "Read Channel" -into $dout_group]
## set wdata_group [add_wave_group "Write Channel" -into $dout_group]
## set ctrl_group [add_wave_group "Handshakes" -into $dout_group]
## add_wave /apatb_fft_16_ssr1_i16_c16_t16_top_top/AESL_inst_fft_16_ssr1_i16_c16_t16_top/m_axi_gmem2_BUSER -into $wdata_group -radix hex
## add_wave /apatb_fft_16_ssr1_i16_c16_t16_top_top/AESL_inst_fft_16_ssr1_i16_c16_t16_top/m_axi_gmem2_BID -into $wdata_group -radix hex
## add_wave /apatb_fft_16_ssr1_i16_c16_t16_top_top/AESL_inst_fft_16_ssr1_i16_c16_t16_top/m_axi_gmem2_BRESP -into $wdata_group -radix hex
## add_wave /apatb_fft_16_ssr1_i16_c16_t16_top_top/AESL_inst_fft_16_ssr1_i16_c16_t16_top/m_axi_gmem2_BREADY -into $ctrl_group -color #ffff00 -radix hex
## add_wave /apatb_fft_16_ssr1_i16_c16_t16_top_top/AESL_inst_fft_16_ssr1_i16_c16_t16_top/m_axi_gmem2_BVALID -into $ctrl_group -color #ffff00 -radix hex
## add_wave /apatb_fft_16_ssr1_i16_c16_t16_top_top/AESL_inst_fft_16_ssr1_i16_c16_t16_top/m_axi_gmem2_RRESP -into $rdata_group -radix hex
## add_wave /apatb_fft_16_ssr1_i16_c16_t16_top_top/AESL_inst_fft_16_ssr1_i16_c16_t16_top/m_axi_gmem2_RUSER -into $rdata_group -radix hex
## add_wave /apatb_fft_16_ssr1_i16_c16_t16_top_top/AESL_inst_fft_16_ssr1_i16_c16_t16_top/m_axi_gmem2_RID -into $rdata_group -radix hex
## add_wave /apatb_fft_16_ssr1_i16_c16_t16_top_top/AESL_inst_fft_16_ssr1_i16_c16_t16_top/m_axi_gmem2_RLAST -into $ctrl_group -color #ffff00 -radix hex
## add_wave /apatb_fft_16_ssr1_i16_c16_t16_top_top/AESL_inst_fft_16_ssr1_i16_c16_t16_top/m_axi_gmem2_RDATA -into $rdata_group -radix hex
## add_wave /apatb_fft_16_ssr1_i16_c16_t16_top_top/AESL_inst_fft_16_ssr1_i16_c16_t16_top/m_axi_gmem2_RREADY -into $ctrl_group -color #ffff00 -radix hex
## add_wave /apatb_fft_16_ssr1_i16_c16_t16_top_top/AESL_inst_fft_16_ssr1_i16_c16_t16_top/m_axi_gmem2_RVALID -into $ctrl_group -color #ffff00 -radix hex
## add_wave /apatb_fft_16_ssr1_i16_c16_t16_top_top/AESL_inst_fft_16_ssr1_i16_c16_t16_top/m_axi_gmem2_ARUSER -into $rdata_group -radix hex
## add_wave /apatb_fft_16_ssr1_i16_c16_t16_top_top/AESL_inst_fft_16_ssr1_i16_c16_t16_top/m_axi_gmem2_ARREGION -into $rdata_group -radix hex
## add_wave /apatb_fft_16_ssr1_i16_c16_t16_top_top/AESL_inst_fft_16_ssr1_i16_c16_t16_top/m_axi_gmem2_ARQOS -into $rdata_group -radix hex
## add_wave /apatb_fft_16_ssr1_i16_c16_t16_top_top/AESL_inst_fft_16_ssr1_i16_c16_t16_top/m_axi_gmem2_ARPROT -into $rdata_group -radix hex
## add_wave /apatb_fft_16_ssr1_i16_c16_t16_top_top/AESL_inst_fft_16_ssr1_i16_c16_t16_top/m_axi_gmem2_ARCACHE -into $rdata_group -radix hex
## add_wave /apatb_fft_16_ssr1_i16_c16_t16_top_top/AESL_inst_fft_16_ssr1_i16_c16_t16_top/m_axi_gmem2_ARLOCK -into $rdata_group -radix hex
## add_wave /apatb_fft_16_ssr1_i16_c16_t16_top_top/AESL_inst_fft_16_ssr1_i16_c16_t16_top/m_axi_gmem2_ARBURST -into $rdata_group -radix hex
## add_wave /apatb_fft_16_ssr1_i16_c16_t16_top_top/AESL_inst_fft_16_ssr1_i16_c16_t16_top/m_axi_gmem2_ARSIZE -into $rdata_group -radix hex
## add_wave /apatb_fft_16_ssr1_i16_c16_t16_top_top/AESL_inst_fft_16_ssr1_i16_c16_t16_top/m_axi_gmem2_ARLEN -into $rdata_group -radix hex
## add_wave /apatb_fft_16_ssr1_i16_c16_t16_top_top/AESL_inst_fft_16_ssr1_i16_c16_t16_top/m_axi_gmem2_ARID -into $rdata_group -radix hex
## add_wave /apatb_fft_16_ssr1_i16_c16_t16_top_top/AESL_inst_fft_16_ssr1_i16_c16_t16_top/m_axi_gmem2_ARADDR -into $rdata_group -radix hex
## add_wave /apatb_fft_16_ssr1_i16_c16_t16_top_top/AESL_inst_fft_16_ssr1_i16_c16_t16_top/m_axi_gmem2_ARREADY -into $ctrl_group -color #ffff00 -radix hex
## add_wave /apatb_fft_16_ssr1_i16_c16_t16_top_top/AESL_inst_fft_16_ssr1_i16_c16_t16_top/m_axi_gmem2_ARVALID -into $ctrl_group -color #ffff00 -radix hex
## add_wave /apatb_fft_16_ssr1_i16_c16_t16_top_top/AESL_inst_fft_16_ssr1_i16_c16_t16_top/m_axi_gmem2_WUSER -into $wdata_group -radix hex
## add_wave /apatb_fft_16_ssr1_i16_c16_t16_top_top/AESL_inst_fft_16_ssr1_i16_c16_t16_top/m_axi_gmem2_WID -into $wdata_group -radix hex
## add_wave /apatb_fft_16_ssr1_i16_c16_t16_top_top/AESL_inst_fft_16_ssr1_i16_c16_t16_top/m_axi_gmem2_WLAST -into $ctrl_group -color #ffff00 -radix hex
## add_wave /apatb_fft_16_ssr1_i16_c16_t16_top_top/AESL_inst_fft_16_ssr1_i16_c16_t16_top/m_axi_gmem2_WSTRB -into $wdata_group -radix hex
## add_wave /apatb_fft_16_ssr1_i16_c16_t16_top_top/AESL_inst_fft_16_ssr1_i16_c16_t16_top/m_axi_gmem2_WDATA -into $wdata_group -radix hex
## add_wave /apatb_fft_16_ssr1_i16_c16_t16_top_top/AESL_inst_fft_16_ssr1_i16_c16_t16_top/m_axi_gmem2_WREADY -into $ctrl_group -color #ffff00 -radix hex
## add_wave /apatb_fft_16_ssr1_i16_c16_t16_top_top/AESL_inst_fft_16_ssr1_i16_c16_t16_top/m_axi_gmem2_WVALID -into $ctrl_group -color #ffff00 -radix hex
## add_wave /apatb_fft_16_ssr1_i16_c16_t16_top_top/AESL_inst_fft_16_ssr1_i16_c16_t16_top/m_axi_gmem2_AWUSER -into $wdata_group -radix hex
## add_wave /apatb_fft_16_ssr1_i16_c16_t16_top_top/AESL_inst_fft_16_ssr1_i16_c16_t16_top/m_axi_gmem2_AWREGION -into $wdata_group -radix hex
## add_wave /apatb_fft_16_ssr1_i16_c16_t16_top_top/AESL_inst_fft_16_ssr1_i16_c16_t16_top/m_axi_gmem2_AWQOS -into $wdata_group -radix hex
## add_wave /apatb_fft_16_ssr1_i16_c16_t16_top_top/AESL_inst_fft_16_ssr1_i16_c16_t16_top/m_axi_gmem2_AWPROT -into $wdata_group -radix hex
## add_wave /apatb_fft_16_ssr1_i16_c16_t16_top_top/AESL_inst_fft_16_ssr1_i16_c16_t16_top/m_axi_gmem2_AWCACHE -into $wdata_group -radix hex
## add_wave /apatb_fft_16_ssr1_i16_c16_t16_top_top/AESL_inst_fft_16_ssr1_i16_c16_t16_top/m_axi_gmem2_AWLOCK -into $wdata_group -radix hex
## add_wave /apatb_fft_16_ssr1_i16_c16_t16_top_top/AESL_inst_fft_16_ssr1_i16_c16_t16_top/m_axi_gmem2_AWBURST -into $wdata_group -radix hex
## add_wave /apatb_fft_16_ssr1_i16_c16_t16_top_top/AESL_inst_fft_16_ssr1_i16_c16_t16_top/m_axi_gmem2_AWSIZE -into $wdata_group -radix hex
## add_wave /apatb_fft_16_ssr1_i16_c16_t16_top_top/AESL_inst_fft_16_ssr1_i16_c16_t16_top/m_axi_gmem2_AWLEN -into $wdata_group -radix hex
## add_wave /apatb_fft_16_ssr1_i16_c16_t16_top_top/AESL_inst_fft_16_ssr1_i16_c16_t16_top/m_axi_gmem2_AWID -into $wdata_group -radix hex
## add_wave /apatb_fft_16_ssr1_i16_c16_t16_top_top/AESL_inst_fft_16_ssr1_i16_c16_t16_top/m_axi_gmem2_AWADDR -into $wdata_group -radix hex
## add_wave /apatb_fft_16_ssr1_i16_c16_t16_top_top/AESL_inst_fft_16_ssr1_i16_c16_t16_top/m_axi_gmem2_AWREADY -into $ctrl_group -color #ffff00 -radix hex
## add_wave /apatb_fft_16_ssr1_i16_c16_t16_top_top/AESL_inst_fft_16_ssr1_i16_c16_t16_top/m_axi_gmem2_AWVALID -into $ctrl_group -color #ffff00 -radix hex
## set cinputgroup [add_wave_group "C Inputs" -into $designtopgroup]
## set din_group [add_wave_group din(axi_master) -into $cinputgroup]
## set rdata_group [add_wave_group "Read Channel" -into $din_group]
## set wdata_group [add_wave_group "Write Channel" -into $din_group]
## set ctrl_group [add_wave_group "Handshakes" -into $din_group]
## add_wave /apatb_fft_16_ssr1_i16_c16_t16_top_top/AESL_inst_fft_16_ssr1_i16_c16_t16_top/m_axi_gmem1_BUSER -into $wdata_group -radix hex
## add_wave /apatb_fft_16_ssr1_i16_c16_t16_top_top/AESL_inst_fft_16_ssr1_i16_c16_t16_top/m_axi_gmem1_BID -into $wdata_group -radix hex
## add_wave /apatb_fft_16_ssr1_i16_c16_t16_top_top/AESL_inst_fft_16_ssr1_i16_c16_t16_top/m_axi_gmem1_BRESP -into $wdata_group -radix hex
## add_wave /apatb_fft_16_ssr1_i16_c16_t16_top_top/AESL_inst_fft_16_ssr1_i16_c16_t16_top/m_axi_gmem1_BREADY -into $ctrl_group -color #ffff00 -radix hex
## add_wave /apatb_fft_16_ssr1_i16_c16_t16_top_top/AESL_inst_fft_16_ssr1_i16_c16_t16_top/m_axi_gmem1_BVALID -into $ctrl_group -color #ffff00 -radix hex
## add_wave /apatb_fft_16_ssr1_i16_c16_t16_top_top/AESL_inst_fft_16_ssr1_i16_c16_t16_top/m_axi_gmem1_RRESP -into $rdata_group -radix hex
## add_wave /apatb_fft_16_ssr1_i16_c16_t16_top_top/AESL_inst_fft_16_ssr1_i16_c16_t16_top/m_axi_gmem1_RUSER -into $rdata_group -radix hex
## add_wave /apatb_fft_16_ssr1_i16_c16_t16_top_top/AESL_inst_fft_16_ssr1_i16_c16_t16_top/m_axi_gmem1_RID -into $rdata_group -radix hex
## add_wave /apatb_fft_16_ssr1_i16_c16_t16_top_top/AESL_inst_fft_16_ssr1_i16_c16_t16_top/m_axi_gmem1_RLAST -into $ctrl_group -color #ffff00 -radix hex
## add_wave /apatb_fft_16_ssr1_i16_c16_t16_top_top/AESL_inst_fft_16_ssr1_i16_c16_t16_top/m_axi_gmem1_RDATA -into $rdata_group -radix hex
## add_wave /apatb_fft_16_ssr1_i16_c16_t16_top_top/AESL_inst_fft_16_ssr1_i16_c16_t16_top/m_axi_gmem1_RREADY -into $ctrl_group -color #ffff00 -radix hex
## add_wave /apatb_fft_16_ssr1_i16_c16_t16_top_top/AESL_inst_fft_16_ssr1_i16_c16_t16_top/m_axi_gmem1_RVALID -into $ctrl_group -color #ffff00 -radix hex
## add_wave /apatb_fft_16_ssr1_i16_c16_t16_top_top/AESL_inst_fft_16_ssr1_i16_c16_t16_top/m_axi_gmem1_ARUSER -into $rdata_group -radix hex
## add_wave /apatb_fft_16_ssr1_i16_c16_t16_top_top/AESL_inst_fft_16_ssr1_i16_c16_t16_top/m_axi_gmem1_ARREGION -into $rdata_group -radix hex
## add_wave /apatb_fft_16_ssr1_i16_c16_t16_top_top/AESL_inst_fft_16_ssr1_i16_c16_t16_top/m_axi_gmem1_ARQOS -into $rdata_group -radix hex
## add_wave /apatb_fft_16_ssr1_i16_c16_t16_top_top/AESL_inst_fft_16_ssr1_i16_c16_t16_top/m_axi_gmem1_ARPROT -into $rdata_group -radix hex
## add_wave /apatb_fft_16_ssr1_i16_c16_t16_top_top/AESL_inst_fft_16_ssr1_i16_c16_t16_top/m_axi_gmem1_ARCACHE -into $rdata_group -radix hex
## add_wave /apatb_fft_16_ssr1_i16_c16_t16_top_top/AESL_inst_fft_16_ssr1_i16_c16_t16_top/m_axi_gmem1_ARLOCK -into $rdata_group -radix hex
## add_wave /apatb_fft_16_ssr1_i16_c16_t16_top_top/AESL_inst_fft_16_ssr1_i16_c16_t16_top/m_axi_gmem1_ARBURST -into $rdata_group -radix hex
## add_wave /apatb_fft_16_ssr1_i16_c16_t16_top_top/AESL_inst_fft_16_ssr1_i16_c16_t16_top/m_axi_gmem1_ARSIZE -into $rdata_group -radix hex
## add_wave /apatb_fft_16_ssr1_i16_c16_t16_top_top/AESL_inst_fft_16_ssr1_i16_c16_t16_top/m_axi_gmem1_ARLEN -into $rdata_group -radix hex
## add_wave /apatb_fft_16_ssr1_i16_c16_t16_top_top/AESL_inst_fft_16_ssr1_i16_c16_t16_top/m_axi_gmem1_ARID -into $rdata_group -radix hex
## add_wave /apatb_fft_16_ssr1_i16_c16_t16_top_top/AESL_inst_fft_16_ssr1_i16_c16_t16_top/m_axi_gmem1_ARADDR -into $rdata_group -radix hex
## add_wave /apatb_fft_16_ssr1_i16_c16_t16_top_top/AESL_inst_fft_16_ssr1_i16_c16_t16_top/m_axi_gmem1_ARREADY -into $ctrl_group -color #ffff00 -radix hex
## add_wave /apatb_fft_16_ssr1_i16_c16_t16_top_top/AESL_inst_fft_16_ssr1_i16_c16_t16_top/m_axi_gmem1_ARVALID -into $ctrl_group -color #ffff00 -radix hex
## add_wave /apatb_fft_16_ssr1_i16_c16_t16_top_top/AESL_inst_fft_16_ssr1_i16_c16_t16_top/m_axi_gmem1_WUSER -into $wdata_group -radix hex
## add_wave /apatb_fft_16_ssr1_i16_c16_t16_top_top/AESL_inst_fft_16_ssr1_i16_c16_t16_top/m_axi_gmem1_WID -into $wdata_group -radix hex
## add_wave /apatb_fft_16_ssr1_i16_c16_t16_top_top/AESL_inst_fft_16_ssr1_i16_c16_t16_top/m_axi_gmem1_WLAST -into $ctrl_group -color #ffff00 -radix hex
## add_wave /apatb_fft_16_ssr1_i16_c16_t16_top_top/AESL_inst_fft_16_ssr1_i16_c16_t16_top/m_axi_gmem1_WSTRB -into $wdata_group -radix hex
## add_wave /apatb_fft_16_ssr1_i16_c16_t16_top_top/AESL_inst_fft_16_ssr1_i16_c16_t16_top/m_axi_gmem1_WDATA -into $wdata_group -radix hex
## add_wave /apatb_fft_16_ssr1_i16_c16_t16_top_top/AESL_inst_fft_16_ssr1_i16_c16_t16_top/m_axi_gmem1_WREADY -into $ctrl_group -color #ffff00 -radix hex
## add_wave /apatb_fft_16_ssr1_i16_c16_t16_top_top/AESL_inst_fft_16_ssr1_i16_c16_t16_top/m_axi_gmem1_WVALID -into $ctrl_group -color #ffff00 -radix hex
## add_wave /apatb_fft_16_ssr1_i16_c16_t16_top_top/AESL_inst_fft_16_ssr1_i16_c16_t16_top/m_axi_gmem1_AWUSER -into $wdata_group -radix hex
## add_wave /apatb_fft_16_ssr1_i16_c16_t16_top_top/AESL_inst_fft_16_ssr1_i16_c16_t16_top/m_axi_gmem1_AWREGION -into $wdata_group -radix hex
## add_wave /apatb_fft_16_ssr1_i16_c16_t16_top_top/AESL_inst_fft_16_ssr1_i16_c16_t16_top/m_axi_gmem1_AWQOS -into $wdata_group -radix hex
## add_wave /apatb_fft_16_ssr1_i16_c16_t16_top_top/AESL_inst_fft_16_ssr1_i16_c16_t16_top/m_axi_gmem1_AWPROT -into $wdata_group -radix hex
## add_wave /apatb_fft_16_ssr1_i16_c16_t16_top_top/AESL_inst_fft_16_ssr1_i16_c16_t16_top/m_axi_gmem1_AWCACHE -into $wdata_group -radix hex
## add_wave /apatb_fft_16_ssr1_i16_c16_t16_top_top/AESL_inst_fft_16_ssr1_i16_c16_t16_top/m_axi_gmem1_AWLOCK -into $wdata_group -radix hex
## add_wave /apatb_fft_16_ssr1_i16_c16_t16_top_top/AESL_inst_fft_16_ssr1_i16_c16_t16_top/m_axi_gmem1_AWBURST -into $wdata_group -radix hex
## add_wave /apatb_fft_16_ssr1_i16_c16_t16_top_top/AESL_inst_fft_16_ssr1_i16_c16_t16_top/m_axi_gmem1_AWSIZE -into $wdata_group -radix hex
## add_wave /apatb_fft_16_ssr1_i16_c16_t16_top_top/AESL_inst_fft_16_ssr1_i16_c16_t16_top/m_axi_gmem1_AWLEN -into $wdata_group -radix hex
## add_wave /apatb_fft_16_ssr1_i16_c16_t16_top_top/AESL_inst_fft_16_ssr1_i16_c16_t16_top/m_axi_gmem1_AWID -into $wdata_group -radix hex
## add_wave /apatb_fft_16_ssr1_i16_c16_t16_top_top/AESL_inst_fft_16_ssr1_i16_c16_t16_top/m_axi_gmem1_AWADDR -into $wdata_group -radix hex
## add_wave /apatb_fft_16_ssr1_i16_c16_t16_top_top/AESL_inst_fft_16_ssr1_i16_c16_t16_top/m_axi_gmem1_AWREADY -into $ctrl_group -color #ffff00 -radix hex
## add_wave /apatb_fft_16_ssr1_i16_c16_t16_top_top/AESL_inst_fft_16_ssr1_i16_c16_t16_top/m_axi_gmem1_AWVALID -into $ctrl_group -color #ffff00 -radix hex
## set blocksiggroup [add_wave_group "Block-level IO Handshake(internal)" -into $designtopgroup]
## add_wave /apatb_fft_16_ssr1_i16_c16_t16_top_top/AESL_inst_fft_16_ssr1_i16_c16_t16_top/ap_done -into $blocksiggroup
## add_wave /apatb_fft_16_ssr1_i16_c16_t16_top_top/AESL_inst_fft_16_ssr1_i16_c16_t16_top/ap_idle -into $blocksiggroup
## add_wave /apatb_fft_16_ssr1_i16_c16_t16_top_top/AESL_inst_fft_16_ssr1_i16_c16_t16_top/ap_ready -into $blocksiggroup
## add_wave /apatb_fft_16_ssr1_i16_c16_t16_top_top/AESL_inst_fft_16_ssr1_i16_c16_t16_top/ap_start -into $blocksiggroup
## set resetgroup [add_wave_group "Reset" -into $designtopgroup]
## add_wave /apatb_fft_16_ssr1_i16_c16_t16_top_top/AESL_inst_fft_16_ssr1_i16_c16_t16_top/ap_rst_n -into $resetgroup
## set clockgroup [add_wave_group "Clock" -into $designtopgroup]
## add_wave /apatb_fft_16_ssr1_i16_c16_t16_top_top/AESL_inst_fft_16_ssr1_i16_c16_t16_top/ap_clk -into $clockgroup
## set testbenchgroup [add_wave_group "Test Bench Signals"]
## set tbinternalsiggroup [add_wave_group "Internal Signals" -into $testbenchgroup]
## set tb_simstatus_group [add_wave_group "Simulation Status" -into $tbinternalsiggroup]
## set tb_portdepth_group [add_wave_group "Port Depth" -into $tbinternalsiggroup]
## add_wave /apatb_fft_16_ssr1_i16_c16_t16_top_top/AUTOTB_TRANSACTION_NUM -into $tb_simstatus_group -radix hex
## add_wave /apatb_fft_16_ssr1_i16_c16_t16_top_top/ready_cnt -into $tb_simstatus_group -radix hex
## add_wave /apatb_fft_16_ssr1_i16_c16_t16_top_top/done_cnt -into $tb_simstatus_group -radix hex
## add_wave /apatb_fft_16_ssr1_i16_c16_t16_top_top/LENGTH_din -into $tb_portdepth_group -radix hex
## add_wave /apatb_fft_16_ssr1_i16_c16_t16_top_top/LENGTH_dout -into $tb_portdepth_group -radix hex
## add_wave /apatb_fft_16_ssr1_i16_c16_t16_top_top/LENGTH_gmem1 -into $tb_portdepth_group -radix hex
## add_wave /apatb_fft_16_ssr1_i16_c16_t16_top_top/LENGTH_gmem2 -into $tb_portdepth_group -radix hex
## add_wave /apatb_fft_16_ssr1_i16_c16_t16_top_top/LENGTH_iter -into $tb_portdepth_group -radix hex
## set tbcinoutgroup [add_wave_group "C InOuts" -into $testbenchgroup]
## set tb_din__dout__iter__return_group [add_wave_group din__dout__iter__return(axi_slave) -into $tbcinoutgroup]
## add_wave /apatb_fft_16_ssr1_i16_c16_t16_top_top/control_INTERRUPT -into $tb_din__dout__iter__return_group -color #ffff00 -radix hex
## add_wave /apatb_fft_16_ssr1_i16_c16_t16_top_top/control_BRESP -into $tb_din__dout__iter__return_group -radix hex
## add_wave /apatb_fft_16_ssr1_i16_c16_t16_top_top/control_BREADY -into $tb_din__dout__iter__return_group -color #ffff00 -radix hex
## add_wave /apatb_fft_16_ssr1_i16_c16_t16_top_top/control_BVALID -into $tb_din__dout__iter__return_group -color #ffff00 -radix hex
## add_wave /apatb_fft_16_ssr1_i16_c16_t16_top_top/control_RRESP -into $tb_din__dout__iter__return_group -radix hex
## add_wave /apatb_fft_16_ssr1_i16_c16_t16_top_top/control_RDATA -into $tb_din__dout__iter__return_group -radix hex
## add_wave /apatb_fft_16_ssr1_i16_c16_t16_top_top/control_RREADY -into $tb_din__dout__iter__return_group -color #ffff00 -radix hex
## add_wave /apatb_fft_16_ssr1_i16_c16_t16_top_top/control_RVALID -into $tb_din__dout__iter__return_group -color #ffff00 -radix hex
## add_wave /apatb_fft_16_ssr1_i16_c16_t16_top_top/control_ARREADY -into $tb_din__dout__iter__return_group -color #ffff00 -radix hex
## add_wave /apatb_fft_16_ssr1_i16_c16_t16_top_top/control_ARVALID -into $tb_din__dout__iter__return_group -color #ffff00 -radix hex
## add_wave /apatb_fft_16_ssr1_i16_c16_t16_top_top/control_ARADDR -into $tb_din__dout__iter__return_group -radix hex
## add_wave /apatb_fft_16_ssr1_i16_c16_t16_top_top/control_WSTRB -into $tb_din__dout__iter__return_group -radix hex
## add_wave /apatb_fft_16_ssr1_i16_c16_t16_top_top/control_WDATA -into $tb_din__dout__iter__return_group -radix hex
## add_wave /apatb_fft_16_ssr1_i16_c16_t16_top_top/control_WREADY -into $tb_din__dout__iter__return_group -color #ffff00 -radix hex
## add_wave /apatb_fft_16_ssr1_i16_c16_t16_top_top/control_WVALID -into $tb_din__dout__iter__return_group -color #ffff00 -radix hex
## add_wave /apatb_fft_16_ssr1_i16_c16_t16_top_top/control_AWREADY -into $tb_din__dout__iter__return_group -color #ffff00 -radix hex
## add_wave /apatb_fft_16_ssr1_i16_c16_t16_top_top/control_AWVALID -into $tb_din__dout__iter__return_group -color #ffff00 -radix hex
## add_wave /apatb_fft_16_ssr1_i16_c16_t16_top_top/control_AWADDR -into $tb_din__dout__iter__return_group -radix hex
## set tbcoutputgroup [add_wave_group "C Outputs" -into $testbenchgroup]
## set tb_dout_group [add_wave_group dout(axi_master) -into $tbcoutputgroup]
## set rdata_group [add_wave_group "Read Channel" -into $tb_dout_group]
## set wdata_group [add_wave_group "Write Channel" -into $tb_dout_group]
## set ctrl_group [add_wave_group "Handshakes" -into $tb_dout_group]
## add_wave /apatb_fft_16_ssr1_i16_c16_t16_top_top/gmem2_BUSER -into $wdata_group -radix hex
## add_wave /apatb_fft_16_ssr1_i16_c16_t16_top_top/gmem2_BID -into $wdata_group -radix hex
## add_wave /apatb_fft_16_ssr1_i16_c16_t16_top_top/gmem2_BRESP -into $wdata_group -radix hex
## add_wave /apatb_fft_16_ssr1_i16_c16_t16_top_top/gmem2_BREADY -into $ctrl_group -color #ffff00 -radix hex
## add_wave /apatb_fft_16_ssr1_i16_c16_t16_top_top/gmem2_BVALID -into $ctrl_group -color #ffff00 -radix hex
## add_wave /apatb_fft_16_ssr1_i16_c16_t16_top_top/gmem2_RRESP -into $rdata_group -radix hex
## add_wave /apatb_fft_16_ssr1_i16_c16_t16_top_top/gmem2_RUSER -into $rdata_group -radix hex
## add_wave /apatb_fft_16_ssr1_i16_c16_t16_top_top/gmem2_RID -into $rdata_group -radix hex
## add_wave /apatb_fft_16_ssr1_i16_c16_t16_top_top/gmem2_RLAST -into $ctrl_group -color #ffff00 -radix hex
## add_wave /apatb_fft_16_ssr1_i16_c16_t16_top_top/gmem2_RDATA -into $rdata_group -radix hex
## add_wave /apatb_fft_16_ssr1_i16_c16_t16_top_top/gmem2_RREADY -into $ctrl_group -color #ffff00 -radix hex
## add_wave /apatb_fft_16_ssr1_i16_c16_t16_top_top/gmem2_RVALID -into $ctrl_group -color #ffff00 -radix hex
## add_wave /apatb_fft_16_ssr1_i16_c16_t16_top_top/gmem2_ARUSER -into $rdata_group -radix hex
## add_wave /apatb_fft_16_ssr1_i16_c16_t16_top_top/gmem2_ARREGION -into $rdata_group -radix hex
## add_wave /apatb_fft_16_ssr1_i16_c16_t16_top_top/gmem2_ARQOS -into $rdata_group -radix hex
## add_wave /apatb_fft_16_ssr1_i16_c16_t16_top_top/gmem2_ARPROT -into $rdata_group -radix hex
## add_wave /apatb_fft_16_ssr1_i16_c16_t16_top_top/gmem2_ARCACHE -into $rdata_group -radix hex
## add_wave /apatb_fft_16_ssr1_i16_c16_t16_top_top/gmem2_ARLOCK -into $rdata_group -radix hex
## add_wave /apatb_fft_16_ssr1_i16_c16_t16_top_top/gmem2_ARBURST -into $rdata_group -radix hex
## add_wave /apatb_fft_16_ssr1_i16_c16_t16_top_top/gmem2_ARSIZE -into $rdata_group -radix hex
## add_wave /apatb_fft_16_ssr1_i16_c16_t16_top_top/gmem2_ARLEN -into $rdata_group -radix hex
## add_wave /apatb_fft_16_ssr1_i16_c16_t16_top_top/gmem2_ARID -into $rdata_group -radix hex
## add_wave /apatb_fft_16_ssr1_i16_c16_t16_top_top/gmem2_ARADDR -into $rdata_group -radix hex
## add_wave /apatb_fft_16_ssr1_i16_c16_t16_top_top/gmem2_ARREADY -into $ctrl_group -color #ffff00 -radix hex
## add_wave /apatb_fft_16_ssr1_i16_c16_t16_top_top/gmem2_ARVALID -into $ctrl_group -color #ffff00 -radix hex
## add_wave /apatb_fft_16_ssr1_i16_c16_t16_top_top/gmem2_WUSER -into $wdata_group -radix hex
## add_wave /apatb_fft_16_ssr1_i16_c16_t16_top_top/gmem2_WID -into $wdata_group -radix hex
## add_wave /apatb_fft_16_ssr1_i16_c16_t16_top_top/gmem2_WLAST -into $ctrl_group -color #ffff00 -radix hex
## add_wave /apatb_fft_16_ssr1_i16_c16_t16_top_top/gmem2_WSTRB -into $wdata_group -radix hex
## add_wave /apatb_fft_16_ssr1_i16_c16_t16_top_top/gmem2_WDATA -into $wdata_group -radix hex
## add_wave /apatb_fft_16_ssr1_i16_c16_t16_top_top/gmem2_WREADY -into $ctrl_group -color #ffff00 -radix hex
## add_wave /apatb_fft_16_ssr1_i16_c16_t16_top_top/gmem2_WVALID -into $ctrl_group -color #ffff00 -radix hex
## add_wave /apatb_fft_16_ssr1_i16_c16_t16_top_top/gmem2_AWUSER -into $wdata_group -radix hex
## add_wave /apatb_fft_16_ssr1_i16_c16_t16_top_top/gmem2_AWREGION -into $wdata_group -radix hex
## add_wave /apatb_fft_16_ssr1_i16_c16_t16_top_top/gmem2_AWQOS -into $wdata_group -radix hex
## add_wave /apatb_fft_16_ssr1_i16_c16_t16_top_top/gmem2_AWPROT -into $wdata_group -radix hex
## add_wave /apatb_fft_16_ssr1_i16_c16_t16_top_top/gmem2_AWCACHE -into $wdata_group -radix hex
## add_wave /apatb_fft_16_ssr1_i16_c16_t16_top_top/gmem2_AWLOCK -into $wdata_group -radix hex
## add_wave /apatb_fft_16_ssr1_i16_c16_t16_top_top/gmem2_AWBURST -into $wdata_group -radix hex
## add_wave /apatb_fft_16_ssr1_i16_c16_t16_top_top/gmem2_AWSIZE -into $wdata_group -radix hex
## add_wave /apatb_fft_16_ssr1_i16_c16_t16_top_top/gmem2_AWLEN -into $wdata_group -radix hex
## add_wave /apatb_fft_16_ssr1_i16_c16_t16_top_top/gmem2_AWID -into $wdata_group -radix hex
## add_wave /apatb_fft_16_ssr1_i16_c16_t16_top_top/gmem2_AWADDR -into $wdata_group -radix hex
## add_wave /apatb_fft_16_ssr1_i16_c16_t16_top_top/gmem2_AWREADY -into $ctrl_group -color #ffff00 -radix hex
## add_wave /apatb_fft_16_ssr1_i16_c16_t16_top_top/gmem2_AWVALID -into $ctrl_group -color #ffff00 -radix hex
## set tbcinputgroup [add_wave_group "C Inputs" -into $testbenchgroup]
## set tb_din_group [add_wave_group din(axi_master) -into $tbcinputgroup]
## set rdata_group [add_wave_group "Read Channel" -into $tb_din_group]
## set wdata_group [add_wave_group "Write Channel" -into $tb_din_group]
## set ctrl_group [add_wave_group "Handshakes" -into $tb_din_group]
## add_wave /apatb_fft_16_ssr1_i16_c16_t16_top_top/gmem1_BUSER -into $wdata_group -radix hex
## add_wave /apatb_fft_16_ssr1_i16_c16_t16_top_top/gmem1_BID -into $wdata_group -radix hex
## add_wave /apatb_fft_16_ssr1_i16_c16_t16_top_top/gmem1_BRESP -into $wdata_group -radix hex
## add_wave /apatb_fft_16_ssr1_i16_c16_t16_top_top/gmem1_BREADY -into $ctrl_group -color #ffff00 -radix hex
## add_wave /apatb_fft_16_ssr1_i16_c16_t16_top_top/gmem1_BVALID -into $ctrl_group -color #ffff00 -radix hex
## add_wave /apatb_fft_16_ssr1_i16_c16_t16_top_top/gmem1_RRESP -into $rdata_group -radix hex
## add_wave /apatb_fft_16_ssr1_i16_c16_t16_top_top/gmem1_RUSER -into $rdata_group -radix hex
## add_wave /apatb_fft_16_ssr1_i16_c16_t16_top_top/gmem1_RID -into $rdata_group -radix hex
## add_wave /apatb_fft_16_ssr1_i16_c16_t16_top_top/gmem1_RLAST -into $ctrl_group -color #ffff00 -radix hex
## add_wave /apatb_fft_16_ssr1_i16_c16_t16_top_top/gmem1_RDATA -into $rdata_group -radix hex
## add_wave /apatb_fft_16_ssr1_i16_c16_t16_top_top/gmem1_RREADY -into $ctrl_group -color #ffff00 -radix hex
## add_wave /apatb_fft_16_ssr1_i16_c16_t16_top_top/gmem1_RVALID -into $ctrl_group -color #ffff00 -radix hex
## add_wave /apatb_fft_16_ssr1_i16_c16_t16_top_top/gmem1_ARUSER -into $rdata_group -radix hex
## add_wave /apatb_fft_16_ssr1_i16_c16_t16_top_top/gmem1_ARREGION -into $rdata_group -radix hex
## add_wave /apatb_fft_16_ssr1_i16_c16_t16_top_top/gmem1_ARQOS -into $rdata_group -radix hex
## add_wave /apatb_fft_16_ssr1_i16_c16_t16_top_top/gmem1_ARPROT -into $rdata_group -radix hex
## add_wave /apatb_fft_16_ssr1_i16_c16_t16_top_top/gmem1_ARCACHE -into $rdata_group -radix hex
## add_wave /apatb_fft_16_ssr1_i16_c16_t16_top_top/gmem1_ARLOCK -into $rdata_group -radix hex
## add_wave /apatb_fft_16_ssr1_i16_c16_t16_top_top/gmem1_ARBURST -into $rdata_group -radix hex
## add_wave /apatb_fft_16_ssr1_i16_c16_t16_top_top/gmem1_ARSIZE -into $rdata_group -radix hex
## add_wave /apatb_fft_16_ssr1_i16_c16_t16_top_top/gmem1_ARLEN -into $rdata_group -radix hex
## add_wave /apatb_fft_16_ssr1_i16_c16_t16_top_top/gmem1_ARID -into $rdata_group -radix hex
## add_wave /apatb_fft_16_ssr1_i16_c16_t16_top_top/gmem1_ARADDR -into $rdata_group -radix hex
## add_wave /apatb_fft_16_ssr1_i16_c16_t16_top_top/gmem1_ARREADY -into $ctrl_group -color #ffff00 -radix hex
## add_wave /apatb_fft_16_ssr1_i16_c16_t16_top_top/gmem1_ARVALID -into $ctrl_group -color #ffff00 -radix hex
## add_wave /apatb_fft_16_ssr1_i16_c16_t16_top_top/gmem1_WUSER -into $wdata_group -radix hex
## add_wave /apatb_fft_16_ssr1_i16_c16_t16_top_top/gmem1_WID -into $wdata_group -radix hex
## add_wave /apatb_fft_16_ssr1_i16_c16_t16_top_top/gmem1_WLAST -into $ctrl_group -color #ffff00 -radix hex
## add_wave /apatb_fft_16_ssr1_i16_c16_t16_top_top/gmem1_WSTRB -into $wdata_group -radix hex
## add_wave /apatb_fft_16_ssr1_i16_c16_t16_top_top/gmem1_WDATA -into $wdata_group -radix hex
## add_wave /apatb_fft_16_ssr1_i16_c16_t16_top_top/gmem1_WREADY -into $ctrl_group -color #ffff00 -radix hex
## add_wave /apatb_fft_16_ssr1_i16_c16_t16_top_top/gmem1_WVALID -into $ctrl_group -color #ffff00 -radix hex
## add_wave /apatb_fft_16_ssr1_i16_c16_t16_top_top/gmem1_AWUSER -into $wdata_group -radix hex
## add_wave /apatb_fft_16_ssr1_i16_c16_t16_top_top/gmem1_AWREGION -into $wdata_group -radix hex
## add_wave /apatb_fft_16_ssr1_i16_c16_t16_top_top/gmem1_AWQOS -into $wdata_group -radix hex
## add_wave /apatb_fft_16_ssr1_i16_c16_t16_top_top/gmem1_AWPROT -into $wdata_group -radix hex
## add_wave /apatb_fft_16_ssr1_i16_c16_t16_top_top/gmem1_AWCACHE -into $wdata_group -radix hex
## add_wave /apatb_fft_16_ssr1_i16_c16_t16_top_top/gmem1_AWLOCK -into $wdata_group -radix hex
## add_wave /apatb_fft_16_ssr1_i16_c16_t16_top_top/gmem1_AWBURST -into $wdata_group -radix hex
## add_wave /apatb_fft_16_ssr1_i16_c16_t16_top_top/gmem1_AWSIZE -into $wdata_group -radix hex
## add_wave /apatb_fft_16_ssr1_i16_c16_t16_top_top/gmem1_AWLEN -into $wdata_group -radix hex
## add_wave /apatb_fft_16_ssr1_i16_c16_t16_top_top/gmem1_AWID -into $wdata_group -radix hex
## add_wave /apatb_fft_16_ssr1_i16_c16_t16_top_top/gmem1_AWADDR -into $wdata_group -radix hex
## add_wave /apatb_fft_16_ssr1_i16_c16_t16_top_top/gmem1_AWREADY -into $ctrl_group -color #ffff00 -radix hex
## add_wave /apatb_fft_16_ssr1_i16_c16_t16_top_top/gmem1_AWVALID -into $ctrl_group -color #ffff00 -radix hex
## save_wave_config fft_16_ssr1_i16_c16_t16_top.wcfg
## run all
////////////////////////////////////////////////////////////////////////////////////
// Inter-Transaction Progress: Completed Transaction / Total Transaction
// Intra-Transaction Progress: Measured Latency / Latency Estimation * 100%
//
// RTL Simulation : "Inter-Transaction Progress" ["Intra-Transaction Progress"] @ "Simulation Time"
////////////////////////////////////////////////////////////////////////////////////
// RTL Simulation : 0 / 1 [0.00%] @ "116000"
// RTL Simulation : 1 / 1 [100.00%] @ "2576000"
////////////////////////////////////////////////////////////////////////////////////
$finish called at time : 2593500 ps : File "/home/phongtran/Downloads/ssr-fft-main/fft_16_ssr1_i16_c16_t16/hls_project/solution1/sim/verilog/fft_16_ssr1_i16_c16_t16_top.autotb.v" Line 583
## quit
INFO: [Common 17-206] Exiting xsim at Tue Mar  3 20:56:34 2026...
Generating test data
Generating truth data
Loading the HLS input buffer
Running the HLS component
Checking results
The mean square error is 9.45874e-11
The maximum absolute error is 4.31584e-05
INFO: [COSIM-1000] *** C/RTL co-simulation finished: PASS ***
INFO: [COSIM-211] II is measurable only when transaction number is greater than 1 in RTL simulation. Otherwise, they will be marked as all NA. If user wants to calculate them, please make sure there are at least 2 transactions in RTL simulation.
