INFO: [HLS 200-10] Running '/home/phongtran/Downloads/VIVADO/Vitis_HLS/2023.2/bin/unwrapped/lnx64.o/vitis_hls'
INFO: [HLS 200-10] For user 'phongtran' on host 'phongtran-Thin-GF63-12UCX' (Linux_x86_64 version 6.8.0-101-generic) on Tue Mar 03 21:08:56 +07 2026
INFO: [HLS 200-10] On os Ubuntu 22.04.5 LTS
INFO: [HLS 200-10] In directory '/home/phongtran/Downloads/ssr-fft-main/fft_16_ssr1_i16_c16_t16'
INFO: [HLS 200-2053] The vitis_hls executable is being deprecated. Consider using vitis-run --mode hls --tcl
Sourcing Tcl script '/home/phongtran/Downloads/ssr-fft-main/fft_16_ssr1_i16_c16_t16/hls_project/solution1/csim.tcl'
INFO: [HLS 200-1510] Running: source /home/phongtran/Downloads/ssr-fft-main/fft_16_ssr1_i16_c16_t16/hls_project/solution1/csim.tcl
INFO: [HLS 200-1510] Running: open_project hls_project 
INFO: [HLS 200-10] Opening project '/home/phongtran/Downloads/ssr-fft-main/fft_16_ssr1_i16_c16_t16/hls_project'.
INFO: [HLS 200-1510] Running: set_top fft_16_ssr1_i16_c16_t16_top 
INFO: [HLS 200-1510] Running: add_files fft_16_ssr1_i16_c16_t16.cpp 
INFO: [HLS 200-10] Adding design file 'fft_16_ssr1_i16_c16_t16.cpp' to the project
INFO: [HLS 200-1510] Running: add_files -tb testbench.cpp -cflags -Wno-unknown-pragmas 
INFO: [HLS 200-10] Adding test bench file 'testbench.cpp' to the project
INFO: [HLS 200-1510] Running: add_files -tb fft_model.cpp -cflags -Wno-unknown-pragmas 
INFO: [HLS 200-10] Adding test bench file 'fft_model.cpp' to the project
INFO: [HLS 200-1510] Running: open_solution solution1 -flow_target vivado 
INFO: [HLS 200-10] Opening solution '/home/phongtran/Downloads/ssr-fft-main/fft_16_ssr1_i16_c16_t16/hls_project/solution1'.
INFO: [SYN 201-201] Setting up clock 'default' with a period of 3ns.
INFO: [HLS 200-1611] Setting target device to 'xck26-sfvc784-2LV-c'
INFO: [HLS 200-1505] Using flow_target 'vivado'
Resolution: For help on HLS 200-1505 see docs.xilinx.com/access/sources/dita/topic?Doc_Version=2023.2%20English&url=ug1448-hls-guidance&resourceid=200-1505.html
INFO: [HLS 200-435] Setting 'open_solution -flow_target vivado' configuration: config_interface -m_axi_latency=0
INFO: [HLS 200-435] Setting 'open_solution -flow_target vivado' configuration: config_interface -m_axi_alignment_byte_size=1
INFO: [HLS 200-435] Setting 'open_solution -flow_target vivado' configuration: config_interface -m_axi_max_widen_bitwidth=0
INFO: [HLS 200-435] Setting 'open_solution -flow_target vivado' configuration: config_rtl -register_reset_num=0
INFO: [HLS 200-1464] Running solution command: config_interface -default_interface=kernel
INFO: [HLS 200-1464] Running solution command: config_interface -m_axi_alignment_byte_size=64
INFO: [HLS 200-1464] Running solution command: config_interface -m_axi_latency=64
INFO: [HLS 200-1464] Running solution command: config_interface -m_axi_max_widen_bitwidth=512
INFO: [HLS 200-1464] Running solution command: config_rtl -register_reset_num=3
INFO: [HLS 200-1464] Running solution command: config_export -format=ip_catalog
INFO: [HLS 200-1464] Running solution command: config_export -rtl=verilog
INFO: [HLS 200-1464] Running solution command: config_cosim -tool=xsim
INFO: [HLS 200-1464] Running solution command: config_cosim -trace_level=all
INFO: [HLS 200-1510] Running: set_part xck26-sfvc784-2LV-c 
INFO: [HLS 200-1510] Running: create_clock -period 3 -name default 
INFO: [HLS 200-1510] Running: config_interface -m_axi_alignment_byte_size 64 -m_axi_latency 64 -m_axi_max_widen_bitwidth 512 
INFO: [HLS 200-1510] Running: config_rtl -register_reset_num 3 
INFO: [HLS 200-1510] Running: config_export -format ip_catalog -rtl verilog 
INFO: [HLS 200-1510] Running: config_cosim -tool xsim -trace_level all 
INFO: [HLS 200-1510] Running: source ./hls_project/solution1/directives.tcl
INFO: [HLS 200-1510] Running: set_directive_top -name fft_16_ssr1_i16_c16_t16_top fft_16_ssr1_i16_c16_t16_top 
INFO: [HLS 200-1510] Running: csim_design -quiet 
INFO: [SIM 211-2] *************** CSIM start ***************
INFO: [SIM 211-4] CSIM will launch GCC as the compiler.
INFO: [HLS 200-2036] Building debug C Simulation binaries
   Compiling ../../../../testbench.cpp in debug mode
   Compiling ../../../../fft_16_ssr1_i16_c16_t16.cpp in debug mode
   Generating csim.exe
Generating test data
Generating truth data
Loading the HLS input buffer
Running the HLS component
ERROR: Hi(12)out of bound(8) in range()
@E Simulation failed.
ERROR: [SIM 211-100] CSim failed with errors.
INFO: [SIM 211-3] *************** CSIM finish ***************
INFO: [HLS 200-111] Finished Command csim_design CPU user time: 26.25 seconds. CPU system time: 0.5 seconds. Elapsed time: 26.87 seconds; current allocated memory: 0.000 MB.
4
    while executing
"source /home/phongtran/Downloads/ssr-fft-main/fft_16_ssr1_i16_c16_t16/hls_project/solution1/csim.tcl"
    invoked from within
"hls::main /home/phongtran/Downloads/ssr-fft-main/fft_16_ssr1_i16_c16_t16/hls_project/solution1/csim.tcl"
    ("uplevel" body line 1)
    invoked from within
"uplevel 1 hls::main {*}$newargs"
    (procedure "hls_proc" line 16)
    invoked from within
"hls_proc [info nameofexecutable] $argv"
INFO: [HLS 200-112] Total CPU user time: 27.21 seconds. Total CPU system time: 0.64 seconds. Total elapsed time: 27.83 seconds; peak allocated memory: 266.996 MB.
